2025-06-07 14:57:53.557 [info] Reading sessions from keychain...
2025-06-07 14:57:53.557 [info] Getting sessions for all scopes...
2025-06-07 14:57:53.557 [info] Getting sessions for all scopes...
2025-06-07 14:57:53.557 [info] Getting sessions for all scopes...
2025-06-07 14:57:53.557 [info] Getting sessions for all scopes...
2025-06-07 14:57:53.557 [info] Getting sessions for all scopes...
2025-06-07 14:57:53.557 [info] Getting sessions for all scopes...
2025-06-07 14:57:53.557 [info] Getting sessions for all scopes...
2025-06-07 14:57:53.591 [info] Got stored sessions!
2025-06-07 14:57:53.592 [info] Got 1 verified sessions.
2025-06-07 14:57:53.592 [info] Got 1 sessions for ...
2025-06-07 14:57:53.592 [info] Got 1 sessions for ...
2025-06-07 14:57:53.592 [info] Got 1 sessions for ...
2025-06-07 14:57:53.592 [info] Got 1 sessions for ...
2025-06-07 14:57:53.592 [info] Got 1 sessions for ...
2025-06-07 14:57:53.592 [info] Got 1 sessions for ...
2025-06-07 14:57:53.592 [info] Got 1 sessions for ...
2025-06-07 14:57:53.654 [info] Getting sessions for all scopes...
2025-06-07 14:57:53.654 [info] Got 1 sessions for ...
2025-06-07 14:57:53.654 [info] Getting sessions for all scopes...
2025-06-07 14:57:53.654 [info] Got 1 sessions for ...
2025-06-07 14:57:53.654 [info] Getting sessions for all scopes...
2025-06-07 14:57:53.654 [info] Got 1 sessions for ...
2025-06-07 14:57:53.654 [info] Getting sessions for all scopes...
2025-06-07 14:57:53.654 [info] Got 1 sessions for ...
2025-06-07 14:57:53.654 [info] Getting sessions for all scopes...
2025-06-07 14:57:53.654 [info] Got 1 sessions for ...
2025-06-07 14:57:53.654 [info] Getting sessions for all scopes...
2025-06-07 14:57:53.654 [info] Got 1 sessions for ...
2025-06-07 14:57:53.765 [info] Getting sessions for all scopes...
2025-06-07 14:57:53.765 [info] Got 1 sessions for ...
2025-06-07 14:57:54.351 [info] Getting sessions for all scopes...
2025-06-07 14:57:54.351 [info] Got 1 sessions for ...
2025-06-07 14:57:54.727 [info] Getting sessions for read:user,repo,user:email,workflow...
2025-06-07 14:57:54.727 [info] Got 1 sessions for read:user,repo,user:email,workflow...
2025-06-07 14:57:54.987 [info] Getting sessions for all scopes...
2025-06-07 14:57:54.987 [info] Got 1 sessions for ...
2025-06-07 14:57:55.546 [info] Getting sessions for read:user,repo,user:email,workflow...
2025-06-07 14:57:55.547 [info] Got 1 sessions for read:user,repo,user:email,workflow...
2025-06-07 15:19:12.592 [info] Getting sessions for read:user,repo,user:email,workflow...
2025-06-07 15:19:12.592 [info] Got 1 sessions for read:user,repo,user:email,workflow...
2025-06-07 15:19:13.248 [info] Getting sessions for read:user,repo,user:email,workflow...
2025-06-07 15:19:13.248 [info] Got 1 sessions for read:user,repo,user:email,workflow...
2025-06-08 00:39:21.743 [info] Getting sessions for read:user,repo,user:email,workflow...
2025-06-08 00:39:21.743 [info] Got 1 sessions for read:user,repo,user:email,workflow...
