2025-06-15 20:44:08.257 [info] Reading sessions from keychain...
2025-06-15 20:44:08.257 [info] Getting sessions for all scopes...
2025-06-15 20:44:08.257 [info] Getting sessions for all scopes...
2025-06-15 20:44:08.257 [info] Getting sessions for all scopes...
2025-06-15 20:44:08.257 [info] Getting sessions for all scopes...
2025-06-15 20:44:08.257 [info] Getting sessions for all scopes...
2025-06-15 20:44:08.257 [info] Getting sessions for all scopes...
2025-06-15 20:44:08.257 [info] Getting sessions for all scopes...
2025-06-15 20:44:08.387 [info] Got stored sessions!
2025-06-15 20:44:08.387 [info] Got 1 verified sessions.
2025-06-15 20:44:08.387 [info] Got 1 sessions for ...
2025-06-15 20:44:08.387 [info] Got 1 sessions for ...
2025-06-15 20:44:08.387 [info] Got 1 sessions for ...
2025-06-15 20:44:08.387 [info] Got 1 sessions for ...
2025-06-15 20:44:08.387 [info] Got 1 sessions for ...
2025-06-15 20:44:08.387 [info] Got 1 sessions for ...
2025-06-15 20:44:08.387 [info] Got 1 sessions for ...
2025-06-15 20:44:08.448 [info] Getting sessions for all scopes...
2025-06-15 20:44:08.448 [info] Got 1 sessions for ...
2025-06-15 20:44:08.448 [info] Getting sessions for all scopes...
2025-06-15 20:44:08.448 [info] Got 1 sessions for ...
2025-06-15 20:44:08.448 [info] Getting sessions for all scopes...
2025-06-15 20:44:08.448 [info] Got 1 sessions for ...
2025-06-15 20:44:08.449 [info] Getting sessions for all scopes...
2025-06-15 20:44:08.449 [info] Got 1 sessions for ...
2025-06-15 20:44:08.449 [info] Getting sessions for all scopes...
2025-06-15 20:44:08.449 [info] Got 1 sessions for ...
2025-06-15 20:44:08.449 [info] Getting sessions for all scopes...
2025-06-15 20:44:08.449 [info] Got 1 sessions for ...
2025-06-15 20:44:08.581 [info] Getting sessions for all scopes...
2025-06-15 20:44:08.581 [info] Got 1 sessions for ...
2025-06-15 20:44:09.115 [info] Getting sessions for all scopes...
2025-06-15 20:44:09.115 [info] Got 1 sessions for ...
2025-06-15 20:44:09.542 [info] Getting sessions for all scopes...
2025-06-15 20:44:09.542 [info] Got 1 sessions for ...
2025-06-15 20:44:09.605 [info] Getting sessions for read:user,repo,user:email,workflow...
2025-06-15 20:44:09.605 [info] Got 1 sessions for read:user,repo,user:email,workflow...
