2025-06-25 18:39:24.227 [info] [main] Log level: Info
2025-06-25 18:39:24.227 [info] [main] Validating found git in: "git"
2025-06-25 18:39:24.227 [info] [main] Using git "2.43.0" from "git"
2025-06-25 18:39:24.227 [info] [Model][doInitialScan] Initial repository scan started
2025-06-25 18:39:24.227 [info] > git rev-parse --show-toplevel [21ms]
2025-06-25 18:39:24.228 [info] > git rev-parse --git-dir --git-common-dir [3ms]
2025-06-25 18:39:24.228 [info] [Model][openRepository] Opened repository (path): /home/sammy/Desktop/temp/hello-world
2025-06-25 18:39:24.228 [info] [Model][openRepository] Opened repository (real path): /home/sammy/Desktop/temp/hello-world
2025-06-25 18:39:24.228 [info] > git rev-parse --show-toplevel [167ms]
2025-06-25 18:39:24.228 [info] > git config --get commit.template [172ms]
2025-06-25 18:39:24.253 [info] > git for-each-ref --format=%(refname)%00%(upstream:short)%00%(objectname)%00%(upstream:track)%00%(upstream:remotename)%00%(upstream:remoteref) refs/heads/b1 refs/remotes/b1 [26ms]
2025-06-25 18:39:24.267 [info] > git rev-parse --show-toplevel [46ms]
2025-06-25 18:39:24.333 [info] > git status -z -uall [73ms]
2025-06-25 18:39:24.334 [info] > git for-each-ref --sort -committerdate --format %(refname)%00%(objectname)%00%(*objectname) [67ms]
2025-06-25 18:39:24.383 [info] > git for-each-ref --format=%(refname)%00%(upstream:short)%00%(objectname)%00%(upstream:track)%00%(upstream:remotename)%00%(upstream:remoteref) refs/heads/b1 refs/remotes/b1 [33ms]
2025-06-25 18:39:24.388 [info] > git rev-parse --show-toplevel [63ms]
2025-06-25 18:39:24.409 [info] > git config --get --local branch.b1.vscode-merge-base [21ms]
2025-06-25 18:39:24.419 [info] > git config --get commit.template [39ms]
2025-06-25 18:39:24.424 [info] > git for-each-ref --format=%(refname)%00%(upstream:short)%00%(objectname)%00%(upstream:track)%00%(upstream:remotename)%00%(upstream:remoteref) refs/heads/origin/main refs/remotes/origin/main [5ms]
2025-06-25 18:39:24.426 [info] > git rev-parse --show-toplevel [22ms]
2025-06-25 18:39:24.448 [info] > git for-each-ref --format=%(refname)%00%(upstream:short)%00%(objectname)%00%(upstream:track)%00%(upstream:remotename)%00%(upstream:remoteref) refs/heads/b1 refs/remotes/b1 [11ms]
2025-06-25 18:39:24.474 [info] > git status -z -uall [20ms]
2025-06-25 18:39:24.475 [info] > git rev-parse --show-toplevel [31ms]
2025-06-25 18:39:24.487 [info] > git for-each-ref --sort -committerdate --format %(refname)%00%(objectname)%00%(*objectname) [25ms]
2025-06-25 18:39:24.490 [info] > git rev-parse --show-toplevel [4ms]
2025-06-25 18:39:24.506 [info] > git rev-parse --show-toplevel [4ms]
2025-06-25 18:39:24.518 [info] > git rev-parse --show-toplevel [1ms]
2025-06-25 18:39:24.521 [info] [Model][doInitialScan] Initial repository scan completed - repositories (1), closed repositories (0), parent repositories (0), unsafe repositories (0)
2025-06-25 18:39:24.548 [info] > git show --textconv :Stacks-Queues/deQueue-LL.cpp [19ms]
2025-06-25 18:39:24.548 [info] > git check-ignore -v -z --stdin [4ms]
2025-06-25 18:39:24.556 [info] > git ls-files --stage -- Stacks-Queues/deQueue-LL.cpp [20ms]
2025-06-25 18:39:24.572 [info] > git cat-file -s 33b53fb2828f3ba80029328e2dfa987e2cf5d117 [8ms]
2025-06-25 18:39:24.622 [info] > git blame --root --incremental ef8faf0e2057e2aa6c4c9059a8466caeddb0f11f -- Stacks-Queues/deQueue-LL.cpp [3ms]
2025-06-25 18:39:30.124 [info] > git check-ignore -v -z --stdin [2ms]
2025-06-25 18:39:30.282 [info] > git config --get commit.template [13ms]
2025-06-25 18:39:30.283 [info] > git for-each-ref --format=%(refname)%00%(upstream:short)%00%(objectname)%00%(upstream:track)%00%(upstream:remotename)%00%(upstream:remoteref) refs/heads/b1 refs/remotes/b1 [2ms]
2025-06-25 18:39:30.298 [info] > git status -z -uall [8ms]
2025-06-25 18:39:30.299 [info] > git for-each-ref --sort -committerdate --format %(refname)%00%(objectname)%00%(*objectname) [1ms]
2025-06-25 18:39:46.974 [info] > git config --get commit.template [14ms]
2025-06-25 18:39:46.975 [info] > git for-each-ref --format=%(refname)%00%(upstream:short)%00%(objectname)%00%(upstream:track)%00%(upstream:remotename)%00%(upstream:remoteref) refs/heads/b1 refs/remotes/b1 [2ms]
2025-06-25 18:39:46.992 [info] > git status -z -uall [8ms]
2025-06-25 18:39:46.993 [info] > git for-each-ref --sort -committerdate --format %(refname)%00%(objectname)%00%(*objectname) [1ms]
2025-06-25 18:39:53.288 [info] > git config --get commit.template [12ms]
2025-06-25 18:39:53.289 [info] > git for-each-ref --format=%(refname)%00%(upstream:short)%00%(objectname)%00%(upstream:track)%00%(upstream:remotename)%00%(upstream:remoteref) refs/heads/b1 refs/remotes/b1 [2ms]
2025-06-25 18:39:53.312 [info] > git status -z -uall [15ms]
2025-06-25 18:39:53.312 [info] > git check-ignore -v -z --stdin [1ms]
2025-06-25 18:39:53.312 [info] > git for-each-ref --sort -committerdate --format %(refname)%00%(objectname)%00%(*objectname) [7ms]
2025-06-25 18:39:58.507 [info] > git check-ignore -v -z --stdin [1ms]
2025-06-25 18:40:04.615 [info] > git check-ignore -v -z --stdin [1ms]
2025-06-25 18:40:05.602 [info] > git check-ignore -v -z --stdin [2ms]
2025-06-25 18:40:25.717 [info] > git config --get commit.template [13ms]
2025-06-25 18:40:25.717 [info] > git for-each-ref --format=%(refname)%00%(upstream:short)%00%(objectname)%00%(upstream:track)%00%(upstream:remotename)%00%(upstream:remoteref) refs/heads/b1 refs/remotes/b1 [1ms]
2025-06-25 18:40:25.740 [info] > git status -z -uall [16ms]
2025-06-25 18:40:25.740 [info] > git check-ignore -v -z --stdin [1ms]
2025-06-25 18:40:25.741 [info] > git for-each-ref --sort -committerdate --format %(refname)%00%(objectname)%00%(*objectname) [7ms]
2025-06-25 18:54:07.350 [info] > git config --get commit.template [14ms]
2025-06-25 18:54:07.351 [info] > git for-each-ref --format=%(refname)%00%(upstream:short)%00%(objectname)%00%(upstream:track)%00%(upstream:remotename)%00%(upstream:remoteref) refs/heads/b1 refs/remotes/b1 [2ms]
2025-06-25 18:54:07.367 [info] > git status -z -uall [8ms]
2025-06-25 18:54:07.368 [info] > git for-each-ref --sort -committerdate --format %(refname)%00%(objectname)%00%(*objectname) [1ms]
2025-06-25 18:54:13.408 [info] > git config --get commit.template [2ms]
2025-06-25 18:54:13.417 [info] > git for-each-ref --format=%(refname)%00%(upstream:short)%00%(objectname)%00%(upstream:track)%00%(upstream:remotename)%00%(upstream:remoteref) refs/heads/b1 refs/remotes/b1 [1ms]
2025-06-25 18:54:13.434 [info] > git status -z -uall [10ms]
2025-06-25 18:54:13.435 [info] > git for-each-ref --sort -committerdate --format %(refname)%00%(objectname)%00%(*objectname) [3ms]
2025-06-25 18:58:21.120 [info] > git check-ignore -v -z --stdin [2ms]
2025-06-25 18:58:33.917 [info] > git config --get commit.template [13ms]
2025-06-25 18:58:33.917 [info] > git for-each-ref --format=%(refname)%00%(upstream:short)%00%(objectname)%00%(upstream:track)%00%(upstream:remotename)%00%(upstream:remoteref) refs/heads/b1 refs/remotes/b1 [2ms]
2025-06-25 18:58:33.935 [info] > git status -z -uall [7ms]
2025-06-25 18:58:33.935 [info] > git for-each-ref --sort -committerdate --format %(refname)%00%(objectname)%00%(*objectname) [2ms]
2025-06-25 18:58:38.951 [info] > git config --get commit.template [2ms]
2025-06-25 18:58:38.959 [info] > git for-each-ref --format=%(refname)%00%(upstream:short)%00%(objectname)%00%(upstream:track)%00%(upstream:remotename)%00%(upstream:remoteref) refs/heads/b1 refs/remotes/b1 [2ms]
2025-06-25 18:58:38.971 [info] > git status -z -uall [6ms]
2025-06-25 18:58:38.971 [info] > git for-each-ref --sort -committerdate --format %(refname)%00%(objectname)%00%(*objectname) [1ms]
2025-06-25 18:58:39.295 [info] > git show --textconv :Heaps/MinHeap.cpp [9ms]
2025-06-25 18:58:39.296 [info] > git ls-files --stage -- Heaps/MinHeap.cpp [1ms]
2025-06-25 18:58:39.303 [info] > git cat-file -s 07c9075b3fb01681cb4ae471f66804a754842a45 [1ms]
2025-06-25 18:58:39.322 [info] > git blame --root --incremental 65664f0a7261949aa4a91a485ac075ad68c7174c -- Heaps/MinHeap.cpp [1ms]
2025-06-25 18:58:46.961 [info] > git show --textconv :shallow-deep.cpp [9ms]
2025-06-25 18:58:46.961 [info] > git ls-files --stage -- shallow-deep.cpp [1ms]
2025-06-25 18:58:46.968 [info] > git cat-file -s d7e0ac5b82cd03ee57b7f8a1929f67b82c530dbf [1ms]
2025-06-25 18:59:32.851 [info] > git config --get commit.template [12ms]
2025-06-25 18:59:32.851 [info] > git for-each-ref --format=%(refname)%00%(upstream:short)%00%(objectname)%00%(upstream:track)%00%(upstream:remotename)%00%(upstream:remoteref) refs/heads/b1 refs/remotes/b1 [2ms]
2025-06-25 18:59:32.866 [info] > git status -z -uall [7ms]
2025-06-25 18:59:32.866 [info] > git for-each-ref --sort -committerdate --format %(refname)%00%(objectname)%00%(*objectname) [1ms]
2025-06-25 18:59:34.049 [info] > git check-ignore -v -z --stdin [2ms]
2025-06-25 19:01:01.964 [info] > git config --get commit.template [13ms]
2025-06-25 19:01:01.965 [info] > git for-each-ref --format=%(refname)%00%(upstream:short)%00%(objectname)%00%(upstream:track)%00%(upstream:remotename)%00%(upstream:remoteref) refs/heads/b1 refs/remotes/b1 [2ms]
2025-06-25 19:01:01.981 [info] > git status -z -uall [8ms]
2025-06-25 19:01:01.982 [info] > git for-each-ref --sort -committerdate --format %(refname)%00%(objectname)%00%(*objectname) [1ms]
2025-06-25 19:01:32.136 [info] > git config --get commit.template [11ms]
2025-06-25 19:01:32.137 [info] > git for-each-ref --format=%(refname)%00%(upstream:short)%00%(objectname)%00%(upstream:track)%00%(upstream:remotename)%00%(upstream:remoteref) refs/heads/b1 refs/remotes/b1 [1ms]
2025-06-25 19:01:32.154 [info] > git status -z -uall [6ms]
2025-06-25 19:01:32.154 [info] > git for-each-ref --sort -committerdate --format %(refname)%00%(objectname)%00%(*objectname) [1ms]
2025-06-25 19:01:36.284 [info] > git show --textconv :README.md [10ms]
2025-06-25 19:01:36.284 [info] > git ls-files --stage -- README.md [1ms]
2025-06-25 19:01:36.293 [info] > git cat-file -s 3aaf088134b1927edd5070e78267422a6243b90a [1ms]
2025-06-25 19:01:36.381 [info] > git blame --root --incremental 65664f0a7261949aa4a91a485ac075ad68c7174c -- README.md [73ms]
2025-06-25 19:01:41.714 [info] > git check-ignore -v -z --stdin [2ms]
2025-06-25 19:01:48.531 [info] > git config --get commit.template [10ms]
2025-06-25 19:01:48.532 [info] > git for-each-ref --format=%(refname)%00%(upstream:short)%00%(objectname)%00%(upstream:track)%00%(upstream:remotename)%00%(upstream:remoteref) refs/heads/b1 refs/remotes/b1 [2ms]
2025-06-25 19:01:48.550 [info] > git status -z -uall [8ms]
2025-06-25 19:01:48.551 [info] > git for-each-ref --sort -committerdate --format %(refname)%00%(objectname)%00%(*objectname) [1ms]
2025-06-25 19:01:48.564 [info] > git blame --root --incremental 8142070fbf57e1813280808843f9acd22a77531e -- README.md [5ms]
2025-06-25 19:01:48.622 [info] > git ls-files --stage -- README.md [1ms]
2025-06-25 19:01:48.632 [info] > git cat-file -s 3aaf088134b1927edd5070e78267422a6243b90a [2ms]
2025-06-25 19:01:48.645 [info] > git show --textconv :README.md [2ms]
2025-06-25 19:01:54.197 [info] > git show --textconv :Misc/sorting.cpp [12ms]
2025-06-25 19:01:54.198 [info] > git ls-files --stage -- Misc/sorting.cpp [2ms]
2025-06-25 19:01:54.208 [info] > git cat-file -s 6411483d835b44c9cc02b921c027f9da4246ebf1 [2ms]
2025-06-25 19:01:55.143 [info] > git blame --root --incremental 8142070fbf57e1813280808843f9acd22a77531e -- Misc/sorting.cpp [8ms]
2025-06-25 19:10:16.169 [info] > git config --get commit.template [9ms]
2025-06-25 19:10:16.169 [info] > git for-each-ref --format=%(refname)%00%(upstream:short)%00%(objectname)%00%(upstream:track)%00%(upstream:remotename)%00%(upstream:remoteref) refs/heads/b1 refs/remotes/b1 [1ms]
2025-06-25 19:10:16.181 [info] > git status -z -uall [6ms]
2025-06-25 19:10:16.182 [info] > git for-each-ref --sort -committerdate --format %(refname)%00%(objectname)%00%(*objectname) [2ms]
2025-06-25 19:10:41.148 [info] > git config --get commit.template [14ms]
2025-06-25 19:10:41.149 [info] > git for-each-ref --format=%(refname)%00%(upstream:short)%00%(objectname)%00%(upstream:track)%00%(upstream:remotename)%00%(upstream:remoteref) refs/heads/b1 refs/remotes/b1 [2ms]
2025-06-25 19:10:41.165 [info] > git status -z -uall [7ms]
2025-06-25 19:10:41.166 [info] > git for-each-ref --sort -committerdate --format %(refname)%00%(objectname)%00%(*objectname) [1ms]
2025-06-25 19:10:43.818 [info] > git ls-files --stage -- Misc/sorting.cpp [2ms]
2025-06-25 19:10:43.831 [info] > git cat-file -s 3c5165bdc3bd6c8a951f9c108fb4c1d5add528eb [2ms]
2025-06-25 19:10:43.843 [info] > git show --textconv :Misc/sorting.cpp [2ms]
2025-06-25 19:10:46.193 [info] > git config --get commit.template [13ms]
2025-06-25 19:10:46.193 [info] > git for-each-ref --format=%(refname)%00%(upstream:short)%00%(objectname)%00%(upstream:track)%00%(upstream:remotename)%00%(upstream:remoteref) refs/heads/b1 refs/remotes/b1 [1ms]
2025-06-25 19:10:46.209 [info] > git status -z -uall [10ms]
2025-06-25 19:10:46.210 [info] > git for-each-ref --sort -committerdate --format %(refname)%00%(objectname)%00%(*objectname) [2ms]
2025-06-25 19:10:46.225 [info] > git blame --root --incremental 29dd5e1f9ded78a10c722f37712a497138d41841 -- Misc/sorting.cpp [5ms]
2025-06-25 19:11:20.310 [info] > git config --get commit.template [12ms]
2025-06-25 19:11:20.311 [info] > git for-each-ref --format=%(refname)%00%(upstream:short)%00%(objectname)%00%(upstream:track)%00%(upstream:remotename)%00%(upstream:remoteref) refs/heads/b1 refs/remotes/b1 [2ms]
2025-06-25 19:11:20.333 [info] > git status -z -uall [10ms]
2025-06-25 19:11:20.335 [info] > git for-each-ref --sort -committerdate --format %(refname)%00%(objectname)%00%(*objectname) [2ms]
2025-06-25 19:11:22.821 [info] > git check-ignore -v -z --stdin [2ms]
2025-06-25 19:12:01.314 [info] > git log --format=%H%n%aN%n%aE%n%at%n%ct%n%P%n%D%n%B -z --shortstat --diff-merges=first-parent -n50 --skip=0 --topo-order --decorate=full --stdin [48ms]
2025-06-25 19:12:07.103 [info] > git config --get commit.template [8ms]
2025-06-25 19:12:07.104 [info] > git for-each-ref --format=%(refname)%00%(upstream:short)%00%(objectname)%00%(upstream:track)%00%(upstream:remotename)%00%(upstream:remoteref) refs/heads/b1 refs/remotes/b1 [3ms]
2025-06-25 19:12:07.118 [info] > git status -z -uall [8ms]
2025-06-25 19:12:07.119 [info] > git for-each-ref --sort -committerdate --format %(refname)%00%(objectname)%00%(*objectname) [3ms]
2025-06-25 19:12:20.989 [info] > git config --get commit.template [11ms]
2025-06-25 19:12:20.990 [info] > git for-each-ref --format=%(refname)%00%(upstream:short)%00%(objectname)%00%(upstream:track)%00%(upstream:remotename)%00%(upstream:remoteref) refs/heads/b1 refs/remotes/b1 [2ms]
2025-06-25 19:12:21.006 [info] > git status -z -uall [7ms]
2025-06-25 19:12:21.007 [info] > git for-each-ref --sort -committerdate --format %(refname)%00%(objectname)%00%(*objectname) [1ms]
2025-06-25 19:12:26.321 [info] > git config --get commit.template [12ms]
2025-06-25 19:12:26.322 [info] > git for-each-ref --format=%(refname)%00%(upstream:short)%00%(objectname)%00%(upstream:track)%00%(upstream:remotename)%00%(upstream:remoteref) refs/heads/b1 refs/remotes/b1 [2ms]
2025-06-25 19:12:26.341 [info] > git status -z -uall [9ms]
2025-06-25 19:12:26.342 [info] > git for-each-ref --sort -committerdate --format %(refname)%00%(objectname)%00%(*objectname) [1ms]
2025-06-25 19:12:26.672 [info] > git show --textconv :Heaps/HeapSort.cpp [11ms]
2025-06-25 19:12:26.673 [info] > git ls-files --stage -- Heaps/HeapSort.cpp [2ms]
2025-06-25 19:12:26.682 [info] > git cat-file -s 303f6883fd38735cae62dcb16993ec501612b40c [1ms]
2025-06-25 19:12:49.544 [info] > git config --get commit.template [12ms]
2025-06-25 19:12:49.545 [info] > git for-each-ref --format=%(refname)%00%(upstream:short)%00%(objectname)%00%(upstream:track)%00%(upstream:remotename)%00%(upstream:remoteref) refs/heads/b1 refs/remotes/b1 [2ms]
2025-06-25 19:12:49.562 [info] > git status -z -uall [7ms]
2025-06-25 19:12:49.562 [info] > git for-each-ref --sort -committerdate --format %(refname)%00%(objectname)%00%(*objectname) [1ms]
2025-06-25 19:12:53.082 [info] > git log --format=%H%n%aN%n%aE%n%at%n%ct%n%P%n%D%n%B -z --shortstat --diff-merges=first-parent -n50 --skip=0 --topo-order --decorate=full --stdin [9ms]
2025-06-25 19:12:53.602 [info] > git check-ignore -v -z --stdin [2ms]
2025-06-25 19:12:58.979 [info] > git blame --root --incremental 62d855cc27cd73aeadef4b807c8c1993bdd8a746 -- Heaps/HeapSort.cpp [1ms]
2025-06-25 19:15:03.426 [info] > git config --get commit.template [13ms]
2025-06-25 19:15:03.426 [info] > git for-each-ref --format=%(refname)%00%(upstream:short)%00%(objectname)%00%(upstream:track)%00%(upstream:remotename)%00%(upstream:remoteref) refs/heads/b1 refs/remotes/b1 [1ms]
2025-06-25 19:15:03.440 [info] > git status -z -uall [6ms]
2025-06-25 19:15:03.441 [info] > git for-each-ref --sort -committerdate --format %(refname)%00%(objectname)%00%(*objectname) [1ms]
2025-06-25 19:15:11.908 [info] > git config --get commit.template [13ms]
2025-06-25 19:15:11.908 [info] > git for-each-ref --format=%(refname)%00%(upstream:short)%00%(objectname)%00%(upstream:track)%00%(upstream:remotename)%00%(upstream:remoteref) refs/heads/b1 refs/remotes/b1 [1ms]
2025-06-25 19:15:11.925 [info] > git status -z -uall [7ms]
2025-06-25 19:15:11.926 [info] > git for-each-ref --sort -committerdate --format %(refname)%00%(objectname)%00%(*objectname) [2ms]
2025-06-25 19:16:50.629 [info] > git config --get commit.template [15ms]
2025-06-25 19:16:50.630 [info] > git for-each-ref --format=%(refname)%00%(upstream:short)%00%(objectname)%00%(upstream:track)%00%(upstream:remotename)%00%(upstream:remoteref) refs/heads/b1 refs/remotes/b1 [2ms]
2025-06-25 19:16:50.651 [info] > git status -z -uall [10ms]
2025-06-25 19:16:50.651 [info] > git for-each-ref --sort -committerdate --format %(refname)%00%(objectname)%00%(*objectname) [1ms]
2025-06-25 19:16:55.674 [info] > git config --get commit.template [12ms]
2025-06-25 19:16:55.674 [info] > git for-each-ref --format=%(refname)%00%(upstream:short)%00%(objectname)%00%(upstream:track)%00%(upstream:remotename)%00%(upstream:remoteref) refs/heads/b1 refs/remotes/b1 [1ms]
2025-06-25 19:16:55.689 [info] > git status -z -uall [8ms]
2025-06-25 19:16:55.689 [info] > git for-each-ref --sort -committerdate --format %(refname)%00%(objectname)%00%(*objectname) [1ms]
2025-06-25 19:16:56.022 [info] > git show --textconv :Heaps/buildHeap.cpp [12ms]
2025-06-25 19:16:56.024 [info] > git ls-files --stage -- Heaps/buildHeap.cpp [2ms]
2025-06-25 19:16:56.034 [info] > git cat-file -s f095d8805a2a1bf77e37644f67718d9b2bf431bb [2ms]
2025-06-25 19:16:56.058 [info] > git blame --root --incremental e77bac69762cc29b62031df3239726a8661cccd5 -- Heaps/buildHeap.cpp [2ms]
2025-06-25 19:17:01.711 [info] > git show --textconv :Heaps/HeapSort.cpp [6ms]
2025-06-25 19:17:01.712 [info] > git ls-files --stage -- Heaps/HeapSort.cpp [1ms]
2025-06-25 19:17:01.721 [info] > git cat-file -s 303f6883fd38735cae62dcb16993ec501612b40c [1ms]
2025-06-25 19:17:01.732 [info] > git blame --root --incremental e77bac69762cc29b62031df3239726a8661cccd5 -- Heaps/HeapSort.cpp [2ms]
2025-06-25 19:17:02.390 [info] > git show --textconv :Heaps/MinHeap.cpp [6ms]
2025-06-25 19:17:02.391 [info] > git ls-files --stage -- Heaps/MinHeap.cpp [1ms]
2025-06-25 19:17:02.400 [info] > git cat-file -s 07c9075b3fb01681cb4ae471f66804a754842a45 [1ms]
2025-06-25 19:17:02.410 [info] > git blame --root --incremental e77bac69762cc29b62031df3239726a8661cccd5 -- Heaps/MinHeap.cpp [1ms]
2025-06-25 19:17:03.688 [info] > git show --textconv :Heaps/HeapSort.cpp [8ms]
2025-06-25 19:17:03.688 [info] > git ls-files --stage -- Heaps/HeapSort.cpp [1ms]
2025-06-25 19:17:03.694 [info] > git cat-file -s 303f6883fd38735cae62dcb16993ec501612b40c [1ms]
2025-06-25 19:17:05.495 [info] > git show --textconv :Heaps/buildHeap.cpp [7ms]
2025-06-25 19:17:05.496 [info] > git ls-files --stage -- Heaps/buildHeap.cpp [1ms]
2025-06-25 19:17:05.504 [info] > git cat-file -s f095d8805a2a1bf77e37644f67718d9b2bf431bb [1ms]
2025-06-25 19:18:45.556 [info] > git show --textconv :Heaps/MinHeap.cpp [12ms]
2025-06-25 19:18:45.557 [info] > git ls-files --stage -- Heaps/MinHeap.cpp [2ms]
2025-06-25 19:18:45.565 [info] > git cat-file -s 07c9075b3fb01681cb4ae471f66804a754842a45 [1ms]
2025-06-25 19:59:23.446 [info] > git config --get commit.template [12ms]
2025-06-25 19:59:23.459 [info] > git for-each-ref --format=%(refname)%00%(upstream:short)%00%(objectname)%00%(upstream:track)%00%(upstream:remotename)%00%(upstream:remoteref) refs/heads/b1 refs/remotes/b1 [14ms]
2025-06-25 19:59:23.476 [info] > git check-ignore -v -z --stdin [18ms]
2025-06-25 19:59:23.477 [info] > git status -z -uall [8ms]
2025-06-25 19:59:23.477 [info] > git for-each-ref --sort -committerdate --format %(refname)%00%(objectname)%00%(*objectname) [1ms]
2025-06-25 20:05:36.228 [info] > git show --textconv :Heaps/HeapSort.cpp [12ms]
2025-06-25 20:05:36.229 [info] > git ls-files --stage -- Heaps/HeapSort.cpp [2ms]
2025-06-25 20:05:36.235 [info] > git cat-file -s 303f6883fd38735cae62dcb16993ec501612b40c [1ms]
2025-06-25 20:07:27.175 [info] > git config --get commit.template [7ms]
2025-06-25 20:07:27.175 [info] > git for-each-ref --format=%(refname)%00%(upstream:short)%00%(objectname)%00%(upstream:track)%00%(upstream:remotename)%00%(upstream:remoteref) refs/heads/b1 refs/remotes/b1 [1ms]
2025-06-25 20:07:27.189 [info] > git status -z -uall [7ms]
2025-06-25 20:07:27.189 [info] > git for-each-ref --sort -committerdate --format %(refname)%00%(objectname)%00%(*objectname) [1ms]
2025-06-25 20:07:33.220 [info] > git config --get commit.template [11ms]
2025-06-25 20:07:33.222 [info] > git for-each-ref --format=%(refname)%00%(upstream:short)%00%(objectname)%00%(upstream:track)%00%(upstream:remotename)%00%(upstream:remoteref) refs/heads/b1 refs/remotes/b1 [1ms]
2025-06-25 20:07:33.237 [info] > git status -z -uall [6ms]
2025-06-25 20:07:33.238 [info] > git for-each-ref --sort -committerdate --format %(refname)%00%(objectname)%00%(*objectname) [1ms]
2025-06-25 21:20:55.402 [info] > git log --format=%H%n%aN%n%aE%n%at%n%ct%n%P%n%D%n%B -z --shortstat --diff-merges=first-parent -n50 --skip=0 --topo-order --decorate=full --stdin [9ms]
2025-06-25 21:20:55.921 [info] > git check-ignore -v -z --stdin [2ms]
2025-06-25 21:21:08.784 [info] > git config --get commit.template [2ms]
2025-06-25 21:21:08.799 [info] > git for-each-ref --format=%(refname)%00%(upstream:short)%00%(objectname)%00%(upstream:track)%00%(upstream:remotename)%00%(upstream:remoteref) refs/heads/b1 refs/remotes/b1 [2ms]
2025-06-25 21:21:08.817 [info] > git status -z -uall [8ms]
2025-06-25 21:21:08.818 [info] > git for-each-ref --sort -committerdate --format %(refname)%00%(objectname)%00%(*objectname) [1ms]
2025-06-25 21:21:13.843 [info] > git config --get commit.template [12ms]
2025-06-25 21:21:13.844 [info] > git for-each-ref --format=%(refname)%00%(upstream:short)%00%(objectname)%00%(upstream:track)%00%(upstream:remotename)%00%(upstream:remoteref) refs/heads/b1 refs/remotes/b1 [1ms]
2025-06-25 21:21:13.863 [info] > git status -z -uall [10ms]
2025-06-25 21:21:13.864 [info] > git for-each-ref --sort -committerdate --format %(refname)%00%(objectname)%00%(*objectname) [2ms]
2025-06-25 21:21:14.188 [info] > git show --textconv :Heaps/kGreatest.cpp [7ms]
2025-06-25 21:21:14.188 [info] > git ls-files --stage -- Heaps/kGreatest.cpp [1ms]
2025-06-25 21:21:14.195 [info] > git cat-file -s 4f285127e58014e1381429f321ce229ac776a13f [0ms]
2025-06-25 21:21:14.208 [info] > git blame --root --incremental 02d283303d2c83ccbf38e51301df6c3823c7bd9e -- Heaps/kGreatest.cpp [1ms]
2025-06-25 21:21:51.916 [info] > git show --textconv :Heaps/HeapSort.cpp [10ms]
2025-06-25 21:21:51.916 [info] > git ls-files --stage -- Heaps/HeapSort.cpp [2ms]
2025-06-25 21:21:51.923 [info] > git cat-file -s 303f6883fd38735cae62dcb16993ec501612b40c [1ms]
2025-06-25 21:21:51.937 [info] > git blame --root --incremental 02d283303d2c83ccbf38e51301df6c3823c7bd9e -- Heaps/HeapSort.cpp [1ms]
2025-06-25 21:21:56.072 [info] > git show --textconv :Heaps/buildHeap.cpp [13ms]
2025-06-25 21:21:56.072 [info] > git ls-files --stage -- Heaps/buildHeap.cpp [1ms]
2025-06-25 21:21:56.081 [info] > git cat-file -s f095d8805a2a1bf77e37644f67718d9b2bf431bb [1ms]
2025-06-25 21:22:04.635 [info] > git blame --root --incremental 02d283303d2c83ccbf38e51301df6c3823c7bd9e -- Heaps/buildHeap.cpp [1ms]
2025-06-25 21:22:43.626 [info] > git show --textconv :Heaps/HeapSort.cpp [8ms]
2025-06-25 21:22:43.627 [info] > git ls-files --stage -- Heaps/HeapSort.cpp [1ms]
2025-06-25 21:22:43.634 [info] > git cat-file -s 303f6883fd38735cae62dcb16993ec501612b40c [1ms]
2025-06-25 21:23:31.734 [info] > git config --get commit.template [7ms]
2025-06-25 21:23:31.734 [info] > git for-each-ref --format=%(refname)%00%(upstream:short)%00%(objectname)%00%(upstream:track)%00%(upstream:remotename)%00%(upstream:remoteref) refs/heads/main refs/remotes/main [1ms]
2025-06-25 21:23:31.751 [info] > git status -z -uall [8ms]
2025-06-25 21:23:31.751 [info] > git for-each-ref --sort -committerdate --format %(refname)%00%(objectname)%00%(*objectname) [1ms]
2025-06-25 21:23:31.763 [info] > git for-each-ref --format=%(refname)%00%(upstream:short)%00%(objectname)%00%(upstream:track)%00%(upstream:remotename)%00%(upstream:remoteref) refs/heads/main refs/remotes/main [1ms]
2025-06-25 21:23:31.770 [info] > git config --get --local branch.main.vscode-merge-base [1ms]
2025-06-25 21:23:31.781 [info] > git for-each-ref --format=%(refname)%00%(upstream:short)%00%(objectname)%00%(upstream:track)%00%(upstream:remotename)%00%(upstream:remoteref) refs/heads/origin/main refs/remotes/origin/main [3ms]
2025-06-25 21:23:31.790 [info] > git merge-base refs/heads/main refs/remotes/origin/main [1ms]
2025-06-25 21:23:31.797 [info] > git diff --name-status -z --diff-filter=ADMR ada85b7003d5bb6eea6f2ce1fe384ab8d6695ac0...refs/remotes/origin/main [1ms]
2025-06-25 21:23:32.812 [info] > git config --get commit.template [15ms]
2025-06-25 21:23:32.813 [info] > git for-each-ref --format=%(refname)%00%(upstream:short)%00%(objectname)%00%(upstream:track)%00%(upstream:remotename)%00%(upstream:remoteref) refs/heads/main refs/remotes/main [1ms]
2025-06-25 21:23:32.832 [info] > git status -z -uall [9ms]
2025-06-25 21:23:32.833 [info] > git for-each-ref --sort -committerdate --format %(refname)%00%(objectname)%00%(*objectname) [2ms]
2025-06-25 21:23:32.894 [info] > git ls-files --stage -- Heaps/HeapSort.cpp [1ms]
2025-06-25 21:23:32.904 [info] > git hash-object -t tree /dev/null [1ms]
2025-06-25 21:23:32.905 [warning] [GitFileSystemProvider][stat] File not found - git:/home/sammy/Desktop/temp/hello-world/Heaps/HeapSort.cpp.git?%7B%22path%22%3A%22%2Fhome%2Fsammy%2FDesktop%2Ftemp%2Fhello-world%2FHeaps%2FHeapSort.cpp%22%2C%22ref%22%3A%22%22%7D
2025-06-25 21:23:42.566 [info] > git config --get commit.template [7ms]
2025-06-25 21:23:42.567 [info] > git for-each-ref --format=%(refname)%00%(upstream:short)%00%(objectname)%00%(upstream:track)%00%(upstream:remotename)%00%(upstream:remoteref) refs/heads/main refs/remotes/main [1ms]
2025-06-25 21:23:42.582 [info] > git status -z -uall [6ms]
2025-06-25 21:23:42.583 [info] > git for-each-ref --sort -committerdate --format %(refname)%00%(objectname)%00%(*objectname) [1ms]
2025-06-25 21:23:42.594 [info] > git merge-base refs/heads/main refs/remotes/origin/main [1ms]
2025-06-25 21:23:42.603 [info] > git diff --name-status -z --diff-filter=ADMR ada85b7003d5bb6eea6f2ce1fe384ab8d6695ac0...refs/remotes/origin/main [1ms]
2025-06-25 21:23:43.691 [info] > git config --get commit.template [1ms]
2025-06-25 21:23:43.705 [info] > git for-each-ref --format=%(refname)%00%(upstream:short)%00%(objectname)%00%(upstream:track)%00%(upstream:remotename)%00%(upstream:remoteref) refs/heads/main refs/remotes/main [3ms]
2025-06-25 21:23:43.726 [info] > git status -z -uall [10ms]
2025-06-25 21:23:43.726 [info] > git for-each-ref --sort -committerdate --format %(refname)%00%(objectname)%00%(*objectname) [1ms]
2025-06-25 21:23:43.791 [info] > git ls-files --stage -- Heaps/HeapSort.cpp [2ms]
2025-06-25 21:23:43.820 [info] > git cat-file -s 303f6883fd38735cae62dcb16993ec501612b40c [16ms]
2025-06-25 21:23:43.827 [info] > git show --textconv :Heaps/HeapSort.cpp [1ms]
2025-06-25 21:23:57.619 [info] > git config --get commit.template [12ms]
2025-06-25 21:23:57.620 [info] > git for-each-ref --format=%(refname)%00%(upstream:short)%00%(objectname)%00%(upstream:track)%00%(upstream:remotename)%00%(upstream:remoteref) refs/heads/main refs/remotes/main [1ms]
2025-06-25 21:23:57.635 [info] > git status -z -uall [8ms]
2025-06-25 21:23:57.636 [info] > git for-each-ref --sort -committerdate --format %(refname)%00%(objectname)%00%(*objectname) [2ms]
2025-06-25 21:23:57.645 [info] > git merge-base refs/heads/main refs/remotes/origin/main [2ms]
2025-06-25 21:23:57.652 [info] > git diff --name-status -z --diff-filter=ADMR 536be726c57e2590076742ec020eaabdae700297...refs/remotes/origin/main [2ms]
2025-06-25 21:23:57.713 [info] > git ls-files --stage -- Heaps/HeapSort.cpp [2ms]
2025-06-25 21:23:57.727 [info] > git cat-file -s 303f6883fd38735cae62dcb16993ec501612b40c [2ms]
2025-06-25 21:23:57.741 [info] > git show --textconv :Heaps/HeapSort.cpp [2ms]
2025-06-25 21:24:20.865 [info] > git config --get commit.template [2ms]
2025-06-25 21:24:20.879 [info] > git for-each-ref --format=%(refname)%00%(upstream:short)%00%(objectname)%00%(upstream:track)%00%(upstream:remotename)%00%(upstream:remoteref) refs/heads/b1 refs/remotes/b1 [2ms]
2025-06-25 21:24:20.898 [info] > git status -z -uall [9ms]
2025-06-25 21:24:20.899 [info] > git for-each-ref --sort -committerdate --format %(refname)%00%(objectname)%00%(*objectname) [2ms]
2025-06-25 21:24:20.912 [info] > git for-each-ref --format=%(refname)%00%(upstream:short)%00%(objectname)%00%(upstream:track)%00%(upstream:remotename)%00%(upstream:remoteref) refs/heads/b1 refs/remotes/b1 [1ms]
2025-06-25 21:24:20.920 [info] > git config --get --local branch.b1.vscode-merge-base [2ms]
2025-06-25 21:24:20.927 [info] > git for-each-ref --format=%(refname)%00%(upstream:short)%00%(objectname)%00%(upstream:track)%00%(upstream:remotename)%00%(upstream:remoteref) refs/heads/origin/main refs/remotes/origin/main [0ms]
2025-06-25 21:24:20.968 [info] > git ls-files --stage -- Heaps/HeapSort.cpp [2ms]
2025-06-25 21:24:20.981 [info] > git cat-file -s 303f6883fd38735cae62dcb16993ec501612b40c [2ms]
2025-06-25 21:24:20.994 [info] > git show --textconv :Heaps/HeapSort.cpp [2ms]
2025-06-25 21:46:47.932 [info] > git config --get commit.template [2ms]
2025-06-25 21:46:47.944 [info] > git for-each-ref --format=%(refname)%00%(upstream:short)%00%(objectname)%00%(upstream:track)%00%(upstream:remotename)%00%(upstream:remoteref) refs/heads/b1 refs/remotes/b1 [1ms]
2025-06-25 21:46:47.959 [info] > git status -z -uall [7ms]
2025-06-25 21:46:47.960 [info] > git for-each-ref --sort -committerdate --format %(refname)%00%(objectname)%00%(*objectname) [1ms]
2025-06-25 21:46:50.856 [info] > git check-ignore -v -z --stdin [2ms]
2025-06-25 21:46:53.009 [info] > git show --textconv :Heaps/MinHeap.cpp [11ms]
2025-06-25 21:46:53.010 [info] > git ls-files --stage -- Heaps/MinHeap.cpp [1ms]
2025-06-25 21:46:53.018 [info] > git cat-file -s 07c9075b3fb01681cb4ae471f66804a754842a45 [2ms]
2025-06-25 21:46:54.169 [info] > git blame --root --incremental 02d283303d2c83ccbf38e51301df6c3823c7bd9e -- Heaps/MinHeap.cpp [1ms]
2025-06-25 21:46:56.624 [info] > git show --textconv :Heaps/HeapSort.cpp [9ms]
2025-06-25 21:46:56.625 [info] > git ls-files --stage -- Heaps/HeapSort.cpp [1ms]
2025-06-25 21:46:56.633 [info] > git cat-file -s 303f6883fd38735cae62dcb16993ec501612b40c [1ms]
2025-06-25 21:47:09.733 [info] > git show --textconv :Heaps/kGreatest.cpp [11ms]
2025-06-25 21:47:09.734 [info] > git ls-files --stage -- Heaps/kGreatest.cpp [1ms]
2025-06-25 21:47:09.741 [info] > git cat-file -s 4f285127e58014e1381429f321ce229ac776a13f [1ms]
2025-06-25 21:47:24.124 [info] > git show --textconv :Heaps/kGreatest.cpp [12ms]
2025-06-25 21:47:24.125 [info] > git ls-files --stage -- Heaps/kGreatest.cpp [1ms]
2025-06-25 21:47:24.135 [info] > git cat-file -s 4f285127e58014e1381429f321ce229ac776a13f [1ms]
2025-06-25 22:01:47.374 [info] > git config --get commit.template [8ms]
2025-06-25 22:01:47.374 [info] > git for-each-ref --format=%(refname)%00%(upstream:short)%00%(objectname)%00%(upstream:track)%00%(upstream:remotename)%00%(upstream:remoteref) refs/heads/b1 refs/remotes/b1 [1ms]
2025-06-25 22:01:47.396 [info] > git status -z -uall [12ms]
2025-06-25 22:01:47.397 [info] > git for-each-ref --sort -committerdate --format %(refname)%00%(objectname)%00%(*objectname) [5ms]
2025-06-25 22:02:31.777 [info] > git config --get commit.template [4ms]
2025-06-25 22:02:31.790 [info] > git for-each-ref --format=%(refname)%00%(upstream:short)%00%(objectname)%00%(upstream:track)%00%(upstream:remotename)%00%(upstream:remoteref) refs/heads/b1 refs/remotes/b1 [2ms]
2025-06-25 22:02:31.812 [info] > git status -z -uall [13ms]
2025-06-25 22:02:31.813 [info] > git for-each-ref --sort -committerdate --format %(refname)%00%(objectname)%00%(*objectname) [1ms]
2025-06-25 22:04:12.781 [info] > git config --get commit.template [10ms]
2025-06-25 22:04:12.781 [info] > git for-each-ref --format=%(refname)%00%(upstream:short)%00%(objectname)%00%(upstream:track)%00%(upstream:remotename)%00%(upstream:remoteref) refs/heads/b1 refs/remotes/b1 [1ms]
2025-06-25 22:04:12.799 [info] > git status -z -uall [10ms]
2025-06-25 22:04:12.799 [info] > git for-each-ref --sort -committerdate --format %(refname)%00%(objectname)%00%(*objectname) [1ms]
2025-06-25 22:04:17.808 [info] > git config --get commit.template [1ms]
2025-06-25 22:04:17.815 [info] > git for-each-ref --format=%(refname)%00%(upstream:short)%00%(objectname)%00%(upstream:track)%00%(upstream:remotename)%00%(upstream:remoteref) refs/heads/b1 refs/remotes/b1 [1ms]
2025-06-25 22:04:17.827 [info] > git status -z -uall [6ms]
2025-06-25 22:04:17.828 [info] > git for-each-ref --sort -committerdate --format %(refname)%00%(objectname)%00%(*objectname) [1ms]
2025-06-25 22:04:18.145 [info] > git show --textconv :Heaps/kFrequent.cpp [7ms]
2025-06-25 22:04:18.145 [info] > git ls-files --stage -- Heaps/kFrequent.cpp [1ms]
2025-06-25 22:04:18.153 [info] > git cat-file -s 82398c1a26f92d9a4ead24ab0caa6e5d9a78cfd9 [1ms]
2025-06-25 22:04:18.166 [info] > git blame --root --incremental 6afbe1894af8301969195765aaa6ae83d0aac6cc -- Heaps/kFrequent.cpp [1ms]
2025-06-25 22:04:25.797 [info] > git show --textconv :Stacks-Queues/firstNonRptChar.cpp [11ms]
2025-06-25 22:04:25.798 [info] > git ls-files --stage -- Stacks-Queues/firstNonRptChar.cpp [1ms]
2025-06-25 22:04:25.810 [info] > git cat-file -s 5a4b834696156feaaa14f8790be1e9bfec2c8a21 [2ms]
2025-06-25 22:04:31.127 [info] > git show --textconv :Heaps/kFrequent.cpp [12ms]
2025-06-25 22:04:31.129 [info] > git ls-files --stage -- Heaps/kFrequent.cpp [3ms]
2025-06-25 22:04:31.136 [info] > git cat-file -s 82398c1a26f92d9a4ead24ab0caa6e5d9a78cfd9 [1ms]
2025-06-25 22:04:41.914 [info] > git show --textconv :Heaps/kFrequent.cpp [11ms]
2025-06-25 22:04:41.915 [info] > git ls-files --stage -- Heaps/kFrequent.cpp [2ms]
2025-06-25 22:04:41.928 [info] > git cat-file -s 82398c1a26f92d9a4ead24ab0caa6e5d9a78cfd9 [2ms]
2025-06-25 22:08:01.700 [info] > git for-each-ref --format=%(refname)%00%(upstream:short)%00%(objectname)%00%(upstream:track)%00%(upstream:remotename)%00%(upstream:remoteref) refs/heads/b1 refs/remotes/b1 [11ms]
2025-06-25 22:08:01.700 [info] > git config --get commit.template [20ms]
2025-06-25 22:08:01.721 [info] > git check-ignore -v -z --stdin [22ms]
2025-06-25 22:08:01.721 [info] > git status -z -uall [12ms]
2025-06-25 22:08:01.721 [info] > git for-each-ref --sort -committerdate --format %(refname)%00%(objectname)%00%(*objectname) [2ms]
2025-06-25 22:08:05.929 [info] > git show --textconv :Heaps/kGreatest.cpp [11ms]
2025-06-25 22:08:05.932 [info] > git ls-files --stage -- Heaps/kGreatest.cpp [4ms]
2025-06-25 22:08:05.940 [info] > git cat-file -s 4f285127e58014e1381429f321ce229ac776a13f [1ms]
2025-06-25 22:08:05.959 [info] > git blame --root --incremental 6afbe1894af8301969195765aaa6ae83d0aac6cc -- Heaps/kGreatest.cpp [3ms]
2025-06-25 22:10:19.692 [info] > git config --get commit.template [11ms]
2025-06-25 22:10:19.693 [info] > git for-each-ref --format=%(refname)%00%(upstream:short)%00%(objectname)%00%(upstream:track)%00%(upstream:remotename)%00%(upstream:remoteref) refs/heads/b1 refs/remotes/b1 [2ms]
2025-06-25 22:10:19.710 [info] > git status -z -uall [8ms]
2025-06-25 22:10:19.711 [info] > git for-each-ref --sort -committerdate --format %(refname)%00%(objectname)%00%(*objectname) [1ms]
2025-06-25 22:10:27.373 [info] > git config --get commit.template [2ms]
2025-06-25 22:10:27.390 [info] > git for-each-ref --format=%(refname)%00%(upstream:short)%00%(objectname)%00%(upstream:track)%00%(upstream:remotename)%00%(upstream:remoteref) refs/heads/b1 refs/remotes/b1 [2ms]
2025-06-25 22:10:27.415 [info] > git status -z -uall [12ms]
2025-06-25 22:10:27.416 [info] > git for-each-ref --sort -committerdate --format %(refname)%00%(objectname)%00%(*objectname) [2ms]
2025-06-25 22:11:11.725 [info] > git config --get commit.template [12ms]
2025-06-25 22:11:11.725 [info] > git for-each-ref --format=%(refname)%00%(upstream:short)%00%(objectname)%00%(upstream:track)%00%(upstream:remotename)%00%(upstream:remoteref) refs/heads/b1 refs/remotes/b1 [1ms]
2025-06-25 22:11:11.742 [info] > git status -z -uall [11ms]
2025-06-25 22:11:11.743 [info] > git for-each-ref --sort -committerdate --format %(refname)%00%(objectname)%00%(*objectname) [1ms]
2025-06-25 22:11:16.766 [info] > git for-each-ref --format=%(refname)%00%(upstream:short)%00%(objectname)%00%(upstream:track)%00%(upstream:remotename)%00%(upstream:remoteref) refs/heads/b1 refs/remotes/b1 [1ms]
2025-06-25 22:11:16.766 [info] > git config --get commit.template [8ms]
2025-06-25 22:11:16.786 [info] > git status -z -uall [9ms]
2025-06-25 22:11:16.788 [info] > git for-each-ref --sort -committerdate --format %(refname)%00%(objectname)%00%(*objectname) [3ms]
2025-06-25 22:11:17.105 [info] > git show --textconv :Heaps/kthLargest.cpp [8ms]
2025-06-25 22:11:17.105 [info] > git ls-files --stage -- Heaps/kthLargest.cpp [1ms]
2025-06-25 22:11:17.112 [info] > git cat-file -s cedec3c9d0d18b99dc5ef9eedf402b562a772420 [1ms]
2025-06-25 22:11:17.123 [info] > git blame --root --incremental d0c35c551078981ecbdcf115c98fda04268dc315 -- Heaps/kthLargest.cpp [1ms]
2025-06-26 01:09:00.548 [info] > git config --get commit.template [6ms]
2025-06-26 01:09:00.549 [info] > git for-each-ref --format=%(refname)%00%(upstream:short)%00%(objectname)%00%(upstream:track)%00%(upstream:remotename)%00%(upstream:remoteref) refs/heads/main refs/remotes/main [0ms]
2025-06-26 01:09:00.566 [info] > git status -z -uall [10ms]
2025-06-26 01:09:00.566 [info] > git for-each-ref --sort -committerdate --format %(refname)%00%(objectname)%00%(*objectname) [1ms]
2025-06-26 01:09:00.577 [info] > git for-each-ref --format=%(refname)%00%(upstream:short)%00%(objectname)%00%(upstream:track)%00%(upstream:remotename)%00%(upstream:remoteref) refs/heads/main refs/remotes/main [2ms]
2025-06-26 01:09:00.586 [info] > git config --get --local branch.main.vscode-merge-base [1ms]
2025-06-26 01:09:00.594 [info] > git for-each-ref --format=%(refname)%00%(upstream:short)%00%(objectname)%00%(upstream:track)%00%(upstream:remotename)%00%(upstream:remoteref) refs/heads/origin/main refs/remotes/origin/main [1ms]
2025-06-26 01:09:00.602 [info] > git merge-base refs/heads/main refs/remotes/origin/main [1ms]
2025-06-26 01:09:00.610 [info] > git diff --name-status -z --diff-filter=ADMR 536be726c57e2590076742ec020eaabdae700297...refs/remotes/origin/main [1ms]
2025-06-26 01:09:01.639 [info] > git config --get commit.template [14ms]
2025-06-26 01:09:01.640 [info] > git for-each-ref --format=%(refname)%00%(upstream:short)%00%(objectname)%00%(upstream:track)%00%(upstream:remotename)%00%(upstream:remoteref) refs/heads/main refs/remotes/main [2ms]
2025-06-26 01:09:01.658 [info] > git status -z -uall [7ms]
2025-06-26 01:09:01.659 [info] > git for-each-ref --sort -committerdate --format %(refname)%00%(objectname)%00%(*objectname) [1ms]
2025-06-26 01:09:01.728 [info] > git ls-files --stage -- Heaps/kthLargest.cpp [3ms]
2025-06-26 01:09:01.729 [warning] [GitFileSystemProvider][stat] File not found - git:/home/sammy/Desktop/temp/hello-world/Heaps/kthLargest.cpp.git?%7B%22path%22%3A%22%2Fhome%2Fsammy%2FDesktop%2Ftemp%2Fhello-world%2FHeaps%2FkthLargest.cpp%22%2C%22ref%22%3A%22%22%7D
2025-06-26 01:09:11.558 [info] > git for-each-ref --format=%(refname)%00%(upstream:short)%00%(objectname)%00%(upstream:track)%00%(upstream:remotename)%00%(upstream:remoteref) refs/heads/main refs/remotes/main [2ms]
2025-06-26 01:09:11.582 [info] > git status -z -uall [11ms]
2025-06-26 01:09:11.583 [info] > git for-each-ref --sort -committerdate --format %(refname)%00%(objectname)%00%(*objectname) [1ms]
2025-06-26 01:09:11.666 [info] > git ls-files --stage -- Heaps/kthLargest.cpp [1ms]
2025-06-26 01:09:11.672 [info] > git cat-file -s cedec3c9d0d18b99dc5ef9eedf402b562a772420 [0ms]
2025-06-26 01:09:11.682 [info] > git show --textconv :Heaps/kthLargest.cpp [0ms]
2025-06-26 01:09:11.916 [info] > git show --textconv HEAD:Heaps/kthLargest.cpp [13ms]
2025-06-26 01:09:11.917 [warning] [GitFileSystemProvider][readFile] File not found - git:/home/sammy/Desktop/temp/hello-world/Heaps/kthLargest.cpp.git?%7B%22path%22%3A%22%2Fhome%2Fsammy%2FDesktop%2Ftemp%2Fhello-world%2FHeaps%2FkthLargest.cpp%22%2C%22ref%22%3A%22HEAD%22%7D
2025-06-26 01:09:11.917 [info] > git ls-tree -l HEAD -- Heaps/kthLargest.cpp [2ms]
2025-06-26 01:09:11.918 [warning] [GitFileSystemProvider][stat] File not found - git:/home/sammy/Desktop/temp/hello-world/Heaps/kthLargest.cpp.git?%7B%22path%22%3A%22%2Fhome%2Fsammy%2FDesktop%2Ftemp%2Fhello-world%2FHeaps%2FkthLargest.cpp%22%2C%22ref%22%3A%22HEAD%22%7D
2025-06-26 01:09:12.166 [info] > git config --get commit.template [8ms]
2025-06-26 01:09:12.166 [info] > git for-each-ref --format=%(refname)%00%(upstream:short)%00%(objectname)%00%(upstream:track)%00%(upstream:remotename)%00%(upstream:remoteref) refs/heads/main refs/remotes/main [1ms]
2025-06-26 01:09:12.182 [info] > git status -z -uall [9ms]
2025-06-26 01:09:12.183 [info] > git for-each-ref --sort -committerdate --format %(refname)%00%(objectname)%00%(*objectname) [2ms]
2025-06-26 01:09:12.193 [info] > git merge-base refs/heads/main refs/remotes/origin/main [2ms]
2025-06-26 01:09:12.203 [info] > git diff --name-status -z --diff-filter=ADMR 536be726c57e2590076742ec020eaabdae700297...refs/remotes/origin/main [2ms]
2025-06-26 01:09:13.317 [info] > git ls-files --stage -- Heaps/kthLargest.cpp [1ms]
2025-06-26 01:09:13.332 [info] > git cat-file -s cedec3c9d0d18b99dc5ef9eedf402b562a772420 [1ms]
2025-06-26 01:09:13.340 [info] > git show --textconv :Heaps/kthLargest.cpp [1ms]
2025-06-26 01:09:16.611 [info] > git config --get commit.template [11ms]
2025-06-26 01:09:16.612 [info] > git for-each-ref --format=%(refname)%00%(upstream:short)%00%(objectname)%00%(upstream:track)%00%(upstream:remotename)%00%(upstream:remoteref) refs/heads/main refs/remotes/main [1ms]
2025-06-26 01:09:16.631 [info] > git status -z -uall [10ms]
2025-06-26 01:09:16.632 [info] > git for-each-ref --sort -committerdate --format %(refname)%00%(objectname)%00%(*objectname) [1ms]
2025-06-26 01:09:17.945 [info] > git ls-files --stage -- Heaps/kthLargest.cpp [2ms]
2025-06-26 01:09:17.959 [info] > git cat-file -s cedec3c9d0d18b99dc5ef9eedf402b562a772420 [2ms]
2025-06-26 01:09:17.975 [info] > git show --textconv :Heaps/kthLargest.cpp [2ms]
2025-06-26 01:09:21.647 [info] > git config --get commit.template [1ms]
2025-06-26 01:09:21.658 [info] > git for-each-ref --format=%(refname)%00%(upstream:short)%00%(objectname)%00%(upstream:track)%00%(upstream:remotename)%00%(upstream:remoteref) refs/heads/main refs/remotes/main [2ms]
2025-06-26 01:09:21.679 [info] > git status -z -uall [10ms]
2025-06-26 01:09:21.680 [info] > git for-each-ref --sort -committerdate --format %(refname)%00%(objectname)%00%(*objectname) [2ms]
2025-06-26 01:09:21.689 [info] > git merge-base refs/heads/main refs/remotes/origin/main [1ms]
2025-06-26 01:09:21.698 [info] > git diff --name-status -z --diff-filter=ADMR d78e26582a00782a192f4a55a8fe5d1aebb3d81e...refs/remotes/origin/main [1ms]
2025-06-26 01:09:36.049 [info] > git for-each-ref --format=%(refname)%00%(upstream:short)%00%(objectname)%00%(upstream:track)%00%(upstream:remotename)%00%(upstream:remoteref) refs/heads/b1 refs/remotes/b1 [1ms]
2025-06-26 01:09:36.049 [info] > git config --get commit.template [10ms]
2025-06-26 01:09:36.065 [info] > git status -z -uall [9ms]
2025-06-26 01:09:36.065 [info] > git for-each-ref --sort -committerdate --format %(refname)%00%(objectname)%00%(*objectname) [0ms]
2025-06-26 01:09:36.075 [info] > git for-each-ref --format=%(refname)%00%(upstream:short)%00%(objectname)%00%(upstream:track)%00%(upstream:remotename)%00%(upstream:remoteref) refs/heads/b1 refs/remotes/b1 [0ms]
2025-06-26 01:09:36.084 [info] > git config --get --local branch.b1.vscode-merge-base [0ms]
2025-06-26 01:09:36.092 [info] > git for-each-ref --format=%(refname)%00%(upstream:short)%00%(objectname)%00%(upstream:track)%00%(upstream:remotename)%00%(upstream:remoteref) refs/heads/origin/main refs/remotes/origin/main [1ms]
2025-06-26 01:09:37.117 [info] > git config --get commit.template [13ms]
2025-06-26 01:09:37.117 [info] > git for-each-ref --format=%(refname)%00%(upstream:short)%00%(objectname)%00%(upstream:track)%00%(upstream:remotename)%00%(upstream:remoteref) refs/heads/b1 refs/remotes/b1 [0ms]
2025-06-26 01:09:37.136 [info] > git status -z -uall [11ms]
2025-06-26 01:09:37.136 [info] > git for-each-ref --sort -committerdate --format %(refname)%00%(objectname)%00%(*objectname) [1ms]
2025-06-26 01:09:37.210 [info] > git ls-files --stage -- Heaps/kthLargest.cpp [2ms]
2025-06-26 01:09:37.224 [info] > git cat-file -s cedec3c9d0d18b99dc5ef9eedf402b562a772420 [2ms]
2025-06-26 01:09:37.239 [info] > git show --textconv :Heaps/kthLargest.cpp [2ms]
2025-06-26 01:09:41.353 [info] > git check-ignore -v -z --stdin [2ms]
