2025-06-09 22:22:34.082 [info] Reading sessions from keychain...
2025-06-09 22:22:34.082 [info] Getting sessions for all scopes...
2025-06-09 22:22:34.082 [info] Getting sessions for all scopes...
2025-06-09 22:22:34.082 [info] Getting sessions for all scopes...
2025-06-09 22:22:34.082 [info] Getting sessions for all scopes...
2025-06-09 22:22:34.082 [info] Getting sessions for all scopes...
2025-06-09 22:22:34.082 [info] Getting sessions for all scopes...
2025-06-09 22:22:34.082 [info] Getting sessions for all scopes...
2025-06-09 22:22:34.188 [info] Got stored sessions!
2025-06-09 22:22:34.188 [info] Got 1 verified sessions.
2025-06-09 22:22:34.188 [info] Got 1 sessions for ...
2025-06-09 22:22:34.188 [info] Got 1 sessions for ...
2025-06-09 22:22:34.188 [info] Got 1 sessions for ...
2025-06-09 22:22:34.188 [info] Got 1 sessions for ...
2025-06-09 22:22:34.188 [info] Got 1 sessions for ...
2025-06-09 22:22:34.188 [info] Got 1 sessions for ...
2025-06-09 22:22:34.188 [info] Got 1 sessions for ...
2025-06-09 22:22:34.204 [info] Getting sessions for all scopes...
2025-06-09 22:22:34.205 [info] Got 1 sessions for ...
2025-06-09 22:22:34.205 [info] Getting sessions for all scopes...
2025-06-09 22:22:34.206 [info] Got 1 sessions for ...
2025-06-09 22:22:34.206 [info] Getting sessions for all scopes...
2025-06-09 22:22:34.206 [info] Got 1 sessions for ...
2025-06-09 22:22:34.206 [info] Getting sessions for all scopes...
2025-06-09 22:22:34.206 [info] Got 1 sessions for ...
2025-06-09 22:22:34.206 [info] Getting sessions for all scopes...
2025-06-09 22:22:34.206 [info] Got 1 sessions for ...
2025-06-09 22:22:34.206 [info] Getting sessions for all scopes...
2025-06-09 22:22:34.206 [info] Got 1 sessions for ...
2025-06-09 22:22:34.345 [info] Getting sessions for all scopes...
2025-06-09 22:22:34.345 [info] Got 1 sessions for ...
2025-06-09 22:22:34.891 [info] Getting sessions for all scopes...
2025-06-09 22:22:34.891 [info] Got 1 sessions for ...
2025-06-09 22:22:35.200 [info] Getting sessions for read:user,repo,user:email,workflow...
2025-06-09 22:22:35.200 [info] Got 1 sessions for read:user,repo,user:email,workflow...
2025-06-09 22:22:35.520 [info] Getting sessions for all scopes...
2025-06-09 22:22:35.520 [info] Got 1 sessions for ...
2025-06-09 22:22:35.904 [info] Getting sessions for read:user,repo,user:email,workflow...
2025-06-09 22:22:35.904 [info] Got 1 sessions for read:user,repo,user:email,workflow...
