2025-06-09 14:18:17.656 [info] [main] Log level: Info
2025-06-09 14:18:17.656 [info] [main] Validating found git in: "git"
2025-06-09 14:18:17.656 [info] [main] Using git "2.43.0" from "git"
2025-06-09 14:18:17.656 [info] [Model][doInitialScan] Initial repository scan started
2025-06-09 14:18:17.656 [info] > git rev-parse --show-toplevel [162ms]
2025-06-09 14:18:17.656 [info] > git rev-parse --git-dir --git-common-dir [6ms]
2025-06-09 14:18:17.656 [info] [Model][openRepository] Opened repository (path): /home/sammy/Desktop/temp/hello-world
2025-06-09 14:18:17.656 [info] [Model][openRepository] Opened repository (real path): /home/sammy/Desktop/temp/hello-world
2025-06-09 14:18:17.658 [info] > git rev-parse --show-toplevel [31ms]
2025-06-09 14:18:17.659 [info] > git config --get commit.template [35ms]
2025-06-09 14:18:17.675 [info] > git rev-parse --show-toplevel [10ms]
2025-06-09 14:18:17.686 [info] > git for-each-ref --format=%(refname)%00%(upstream:short)%00%(objectname)%00%(upstream:track)%00%(upstream:remotename)%00%(upstream:remoteref) refs/heads/b1 refs/remotes/b1 [15ms]
2025-06-09 14:18:17.702 [info] > git status -z -uall [8ms]
2025-06-09 14:18:17.703 [info] > git rev-parse --show-toplevel [21ms]
2025-06-09 14:18:17.711 [info] > git for-each-ref --sort -committerdate --format %(refname)%00%(objectname)%00%(*objectname) [11ms]
2025-06-09 14:18:17.748 [info] > git for-each-ref --format=%(refname)%00%(upstream:short)%00%(objectname)%00%(upstream:track)%00%(upstream:remotename)%00%(upstream:remoteref) refs/heads/b1 refs/remotes/b1 [18ms]
2025-06-09 14:18:17.760 [info] > git rev-parse --show-toplevel [50ms]
2025-06-09 14:18:17.775 [info] > git config --get --local branch.b1.vscode-merge-base [16ms]
2025-06-09 14:18:17.786 [info] > git config --get commit.template [41ms]
2025-06-09 14:18:17.788 [info] > git for-each-ref --format=%(refname)%00%(upstream:short)%00%(objectname)%00%(upstream:track)%00%(upstream:remotename)%00%(upstream:remoteref) refs/heads/origin/main refs/remotes/origin/main [2ms]
2025-06-09 14:18:17.790 [info] > git rev-parse --show-toplevel [16ms]
2025-06-09 14:18:17.793 [info] [Model][doInitialScan] Initial repository scan completed - repositories (1), closed repositories (0), parent repositories (0), unsafe repositories (0)
2025-06-09 14:18:17.864 [info] > git for-each-ref --format=%(refname)%00%(upstream:short)%00%(objectname)%00%(upstream:track)%00%(upstream:remotename)%00%(upstream:remoteref) refs/heads/b1 refs/remotes/b1 [24ms]
2025-06-09 14:18:17.884 [info] > git status -z -uall [11ms]
2025-06-09 14:18:17.894 [info] > git for-each-ref --sort -committerdate --format %(refname)%00%(objectname)%00%(*objectname) [12ms]
2025-06-09 14:18:17.996 [info] > git show --textconv :arrayProblems/maxOne.cpp [23ms]
2025-06-09 14:18:17.997 [info] > git ls-files --stage -- arrayProblems/maxOne.cpp [16ms]
2025-06-09 14:18:18.005 [info] > git cat-file -s dd8d6fe5607e9df11413a29e8566599719e900da [4ms]
2025-06-09 14:18:18.349 [info] > git check-ignore -v -z --stdin [8ms]
2025-06-09 14:18:34.428 [info] > git show --textconv :arrayProblems/remDupSorted.cpp [12ms]
2025-06-09 14:18:34.429 [info] > git ls-files --stage -- arrayProblems/remDupSorted.cpp [1ms]
2025-06-09 14:18:34.436 [info] > git cat-file -s 3ae933c95880f954f8ccd9f85c8838a1dbce6738 [1ms]
2025-06-09 14:19:18.856 [info] > git show --textconv :sorting.cpp [6ms]
2025-06-09 14:19:18.857 [info] > git ls-files --stage -- sorting.cpp [1ms]
2025-06-09 14:19:18.863 [info] > git cat-file -s 6411483d835b44c9cc02b921c027f9da4246ebf1 [1ms]
2025-06-09 14:19:18.888 [info] > git blame --root --incremental eaba605f4afb5788bf10146273dc1e5718774586 -- sorting.cpp [12ms]
2025-06-09 14:31:20.624 [info] > git check-ignore -v -z --stdin [2ms]
2025-06-09 14:41:17.348 [info] > git config --get commit.template [12ms]
2025-06-09 14:41:17.349 [info] > git for-each-ref --format=%(refname)%00%(upstream:short)%00%(objectname)%00%(upstream:track)%00%(upstream:remotename)%00%(upstream:remoteref) refs/heads/b1 refs/remotes/b1 [3ms]
2025-06-09 14:41:17.372 [info] > git status -z -uall [15ms]
2025-06-09 14:41:17.372 [info] > git check-ignore -v -z --stdin [1ms]
2025-06-09 14:41:17.373 [info] > git for-each-ref --sort -committerdate --format %(refname)%00%(objectname)%00%(*objectname) [10ms]
2025-06-09 15:01:59.312 [info] > git config --get commit.template [1ms]
2025-06-09 15:01:59.321 [info] > git for-each-ref --format=%(refname)%00%(upstream:short)%00%(objectname)%00%(upstream:track)%00%(upstream:remotename)%00%(upstream:remoteref) refs/heads/b1 refs/remotes/b1 [3ms]
2025-06-09 15:01:59.332 [info] > git status -z -uall [6ms]
2025-06-09 15:01:59.333 [info] > git for-each-ref --sort -committerdate --format %(refname)%00%(objectname)%00%(*objectname) [2ms]
2025-06-09 15:02:11.538 [info] > git config --get commit.template [10ms]
2025-06-09 15:02:11.539 [info] > git for-each-ref --format=%(refname)%00%(upstream:short)%00%(objectname)%00%(upstream:track)%00%(upstream:remotename)%00%(upstream:remoteref) refs/heads/b1 refs/remotes/b1 [2ms]
2025-06-09 15:02:11.554 [info] > git status -z -uall [9ms]
2025-06-09 15:02:11.554 [info] > git for-each-ref --sort -committerdate --format %(refname)%00%(objectname)%00%(*objectname) [1ms]
2025-06-09 15:02:34.175 [info] > git config --get commit.template [12ms]
2025-06-09 15:02:34.176 [info] > git for-each-ref --format=%(refname)%00%(upstream:short)%00%(objectname)%00%(upstream:track)%00%(upstream:remotename)%00%(upstream:remoteref) refs/heads/b1 refs/remotes/b1 [2ms]
2025-06-09 15:02:34.192 [info] > git status -z -uall [6ms]
2025-06-09 15:02:34.192 [info] > git for-each-ref --sort -committerdate --format %(refname)%00%(objectname)%00%(*objectname) [1ms]
2025-06-09 15:02:41.314 [info] > git config --get commit.template [2ms]
2025-06-09 15:02:41.327 [info] > git for-each-ref --format=%(refname)%00%(upstream:short)%00%(objectname)%00%(upstream:track)%00%(upstream:remotename)%00%(upstream:remoteref) refs/heads/b1 refs/remotes/b1 [2ms]
2025-06-09 15:02:41.346 [info] > git status -z -uall [9ms]
2025-06-09 15:02:41.348 [info] > git for-each-ref --sort -committerdate --format %(refname)%00%(objectname)%00%(*objectname) [2ms]
2025-06-09 15:02:46.367 [info] > git config --get commit.template [9ms]
2025-06-09 15:02:46.367 [info] > git for-each-ref --format=%(refname)%00%(upstream:short)%00%(objectname)%00%(upstream:track)%00%(upstream:remotename)%00%(upstream:remoteref) refs/heads/b1 refs/remotes/b1 [1ms]
2025-06-09 15:02:46.382 [info] > git status -z -uall [9ms]
2025-06-09 15:02:46.383 [info] > git for-each-ref --sort -committerdate --format %(refname)%00%(objectname)%00%(*objectname) [2ms]
2025-06-09 15:02:51.406 [info] > git config --get commit.template [8ms]
2025-06-09 15:02:51.407 [info] > git for-each-ref --format=%(refname)%00%(upstream:short)%00%(objectname)%00%(upstream:track)%00%(upstream:remotename)%00%(upstream:remoteref) refs/heads/b1 refs/remotes/b1 [1ms]
2025-06-09 15:02:51.421 [info] > git status -z -uall [6ms]
2025-06-09 15:02:51.422 [info] > git for-each-ref --sort -committerdate --format %(refname)%00%(objectname)%00%(*objectname) [1ms]
2025-06-09 15:03:17.266 [info] > git config --get commit.template [2ms]
2025-06-09 15:03:17.278 [info] > git for-each-ref --format=%(refname)%00%(upstream:short)%00%(objectname)%00%(upstream:track)%00%(upstream:remotename)%00%(upstream:remoteref) refs/heads/b1 refs/remotes/b1 [1ms]
2025-06-09 15:03:17.293 [info] > git status -z -uall [8ms]
2025-06-09 15:03:17.294 [info] > git for-each-ref --sort -committerdate --format %(refname)%00%(objectname)%00%(*objectname) [1ms]
2025-06-09 15:03:25.922 [info] > git config --get commit.template [8ms]
2025-06-09 15:03:25.922 [info] > git for-each-ref --format=%(refname)%00%(upstream:short)%00%(objectname)%00%(upstream:track)%00%(upstream:remotename)%00%(upstream:remoteref) refs/heads/b1 refs/remotes/b1 [1ms]
2025-06-09 15:03:25.941 [info] > git status -z -uall [9ms]
2025-06-09 15:03:25.942 [info] > git for-each-ref --sort -committerdate --format %(refname)%00%(objectname)%00%(*objectname) [1ms]
2025-06-09 15:04:53.406 [info] > git config --get commit.template [8ms]
2025-06-09 15:04:53.407 [info] > git for-each-ref --format=%(refname)%00%(upstream:short)%00%(objectname)%00%(upstream:track)%00%(upstream:remotename)%00%(upstream:remoteref) refs/heads/b1 refs/remotes/b1 [1ms]
2025-06-09 15:04:53.421 [info] > git status -z -uall [6ms]
2025-06-09 15:04:53.422 [info] > git for-each-ref --sort -committerdate --format %(refname)%00%(objectname)%00%(*objectname) [1ms]
2025-06-09 15:04:58.442 [info] > git config --get commit.template [7ms]
2025-06-09 15:04:58.443 [info] > git for-each-ref --format=%(refname)%00%(upstream:short)%00%(objectname)%00%(upstream:track)%00%(upstream:remotename)%00%(upstream:remoteref) refs/heads/b1 refs/remotes/b1 [2ms]
2025-06-09 15:04:58.460 [info] > git status -z -uall [8ms]
2025-06-09 15:04:58.461 [info] > git for-each-ref --sort -committerdate --format %(refname)%00%(objectname)%00%(*objectname) [2ms]
2025-06-09 15:08:57.266 [info] > git config --get commit.template [13ms]
2025-06-09 15:08:57.267 [info] > git for-each-ref --format=%(refname)%00%(upstream:short)%00%(objectname)%00%(upstream:track)%00%(upstream:remotename)%00%(upstream:remoteref) refs/heads/b1 refs/remotes/b1 [2ms]
2025-06-09 15:08:57.283 [info] > git status -z -uall [7ms]
2025-06-09 15:08:57.284 [info] > git for-each-ref --sort -committerdate --format %(refname)%00%(objectname)%00%(*objectname) [1ms]
2025-06-09 15:09:02.295 [info] > git config --get commit.template [1ms]
2025-06-09 15:09:02.306 [info] > git for-each-ref --format=%(refname)%00%(upstream:short)%00%(objectname)%00%(upstream:track)%00%(upstream:remotename)%00%(upstream:remoteref) refs/heads/b1 refs/remotes/b1 [1ms]
2025-06-09 15:09:02.324 [info] > git status -z -uall [10ms]
2025-06-09 15:09:02.325 [info] > git for-each-ref --sort -committerdate --format %(refname)%00%(objectname)%00%(*objectname) [2ms]
2025-06-09 15:11:20.376 [info] > git config --get commit.template [8ms]
2025-06-09 15:11:20.376 [info] > git for-each-ref --format=%(refname)%00%(upstream:short)%00%(objectname)%00%(upstream:track)%00%(upstream:remotename)%00%(upstream:remoteref) refs/heads/b1 refs/remotes/b1 [1ms]
2025-06-09 15:11:20.387 [info] > git status -z -uall [6ms]
2025-06-09 15:11:20.389 [info] > git for-each-ref --sort -committerdate --format %(refname)%00%(objectname)%00%(*objectname) [3ms]
2025-06-09 15:11:25.412 [info] > git config --get commit.template [11ms]
2025-06-09 15:11:25.412 [info] > git for-each-ref --format=%(refname)%00%(upstream:short)%00%(objectname)%00%(upstream:track)%00%(upstream:remotename)%00%(upstream:remoteref) refs/heads/b1 refs/remotes/b1 [1ms]
2025-06-09 15:11:25.428 [info] > git status -z -uall [8ms]
2025-06-09 15:11:25.429 [info] > git for-each-ref --sort -committerdate --format %(refname)%00%(objectname)%00%(*objectname) [2ms]
2025-06-09 15:14:00.469 [info] > git config --get commit.template [12ms]
2025-06-09 15:14:00.469 [info] > git for-each-ref --format=%(refname)%00%(upstream:short)%00%(objectname)%00%(upstream:track)%00%(upstream:remotename)%00%(upstream:remoteref) refs/heads/b1 refs/remotes/b1 [1ms]
2025-06-09 15:14:00.485 [info] > git status -z -uall [10ms]
2025-06-09 15:14:00.485 [info] > git for-each-ref --sort -committerdate --format %(refname)%00%(objectname)%00%(*objectname) [1ms]
2025-06-09 15:14:05.504 [info] > git config --get commit.template [9ms]
2025-06-09 15:14:05.504 [info] > git for-each-ref --format=%(refname)%00%(upstream:short)%00%(objectname)%00%(upstream:track)%00%(upstream:remotename)%00%(upstream:remoteref) refs/heads/b1 refs/remotes/b1 [1ms]
2025-06-09 15:14:05.516 [info] > git status -z -uall [7ms]
2025-06-09 15:14:05.516 [info] > git for-each-ref --sort -committerdate --format %(refname)%00%(objectname)%00%(*objectname) [1ms]
2025-06-09 15:15:44.448 [info] > git config --get commit.template [9ms]
2025-06-09 15:15:44.448 [info] > git for-each-ref --format=%(refname)%00%(upstream:short)%00%(objectname)%00%(upstream:track)%00%(upstream:remotename)%00%(upstream:remoteref) refs/heads/b1 refs/remotes/b1 [1ms]
2025-06-09 15:15:44.461 [info] > git status -z -uall [8ms]
2025-06-09 15:15:44.462 [info] > git for-each-ref --sort -committerdate --format %(refname)%00%(objectname)%00%(*objectname) [2ms]
2025-06-09 15:15:49.477 [info] > git config --get commit.template [6ms]
2025-06-09 15:15:49.478 [info] > git for-each-ref --format=%(refname)%00%(upstream:short)%00%(objectname)%00%(upstream:track)%00%(upstream:remotename)%00%(upstream:remoteref) refs/heads/b1 refs/remotes/b1 [1ms]
2025-06-09 15:15:49.489 [info] > git status -z -uall [6ms]
2025-06-09 15:15:49.489 [info] > git for-each-ref --sort -committerdate --format %(refname)%00%(objectname)%00%(*objectname) [1ms]
2025-06-09 15:27:16.421 [info] > git config --get commit.template [8ms]
2025-06-09 15:27:16.422 [info] > git for-each-ref --format=%(refname)%00%(upstream:short)%00%(objectname)%00%(upstream:track)%00%(upstream:remotename)%00%(upstream:remoteref) refs/heads/b1 refs/remotes/b1 [1ms]
2025-06-09 15:27:16.440 [info] > git status -z -uall [11ms]
2025-06-09 15:27:16.441 [info] > git for-each-ref --sort -committerdate --format %(refname)%00%(objectname)%00%(*objectname) [2ms]
2025-06-09 15:27:23.044 [info] > git config --get commit.template [8ms]
2025-06-09 15:27:23.044 [info] > git for-each-ref --format=%(refname)%00%(upstream:short)%00%(objectname)%00%(upstream:track)%00%(upstream:remotename)%00%(upstream:remoteref) refs/heads/b1 refs/remotes/b1 [1ms]
2025-06-09 15:27:23.058 [info] > git status -z -uall [6ms]
2025-06-09 15:27:23.060 [info] > git for-each-ref --sort -committerdate --format %(refname)%00%(objectname)%00%(*objectname) [2ms]
2025-06-09 15:27:28.076 [info] > git config --get commit.template [7ms]
2025-06-09 15:27:28.076 [info] > git for-each-ref --format=%(refname)%00%(upstream:short)%00%(objectname)%00%(upstream:track)%00%(upstream:remotename)%00%(upstream:remoteref) refs/heads/b1 refs/remotes/b1 [1ms]
2025-06-09 15:27:28.088 [info] > git status -z -uall [6ms]
2025-06-09 15:27:28.088 [info] > git for-each-ref --sort -committerdate --format %(refname)%00%(objectname)%00%(*objectname) [1ms]
2025-06-09 15:28:01.710 [info] > git config --get commit.template [9ms]
2025-06-09 15:28:01.710 [info] > git for-each-ref --format=%(refname)%00%(upstream:short)%00%(objectname)%00%(upstream:track)%00%(upstream:remotename)%00%(upstream:remoteref) refs/heads/b1 refs/remotes/b1 [1ms]
2025-06-09 15:28:01.724 [info] > git status -z -uall [7ms]
2025-06-09 15:28:01.726 [info] > git for-each-ref --sort -committerdate --format %(refname)%00%(objectname)%00%(*objectname) [2ms]
2025-06-09 15:28:06.742 [info] > git config --get commit.template [7ms]
2025-06-09 15:28:06.743 [info] > git for-each-ref --format=%(refname)%00%(upstream:short)%00%(objectname)%00%(upstream:track)%00%(upstream:remotename)%00%(upstream:remoteref) refs/heads/b1 refs/remotes/b1 [1ms]
2025-06-09 15:28:06.753 [info] > git status -z -uall [5ms]
2025-06-09 15:28:06.754 [info] > git for-each-ref --sort -committerdate --format %(refname)%00%(objectname)%00%(*objectname) [1ms]
2025-06-09 15:28:07.071 [info] > git show --textconv :arrayProblems/subarSumK.cpp [8ms]
2025-06-09 15:28:07.072 [info] > git ls-files --stage -- arrayProblems/subarSumK.cpp [2ms]
2025-06-09 15:28:07.079 [info] > git cat-file -s 32575be3b146806796c64b513ec7d8f4e0a7d4b2 [1ms]
2025-06-09 15:28:07.093 [info] > git blame --root --incremental 48583dc211ec6d78c2eb5633288ae6ca4fd239f9 -- arrayProblems/subarSumK.cpp [2ms]
2025-06-09 15:35:24.199 [info] > git show --textconv :sorting.cpp [12ms]
2025-06-09 15:35:24.200 [info] > git ls-files --stage -- sorting.cpp [2ms]
2025-06-09 15:35:24.212 [info] > git cat-file -s 6411483d835b44c9cc02b921c027f9da4246ebf1 [1ms]
2025-06-09 15:35:24.232 [info] > git blame --root --incremental 48583dc211ec6d78c2eb5633288ae6ca4fd239f9 -- sorting.cpp [3ms]
2025-06-09 15:37:45.197 [info] > git show --textconv :arrayProblems/maxOne.cpp [10ms]
2025-06-09 15:37:45.198 [info] > git ls-files --stage -- arrayProblems/maxOne.cpp [1ms]
2025-06-09 15:37:45.210 [info] > git cat-file -s dd8d6fe5607e9df11413a29e8566599719e900da [4ms]
2025-06-09 15:37:47.212 [info] > git show --textconv :arrayProblems/missingNo.cpp [12ms]
2025-06-09 15:37:47.213 [info] > git ls-files --stage -- arrayProblems/missingNo.cpp [1ms]
2025-06-09 15:37:47.223 [info] > git cat-file -s 78ee841b4678529b3aca90061802c686ba3a545b [3ms]
2025-06-09 16:27:47.574 [info] > git blame --root --incremental 48583dc211ec6d78c2eb5633288ae6ca4fd239f9 -- arrayProblems/missingNo.cpp [9ms]
2025-06-09 16:27:58.957 [info] > git show --textconv :arrayProblems/subarSumK.cpp [10ms]
2025-06-09 16:27:58.957 [info] > git ls-files --stage -- arrayProblems/subarSumK.cpp [1ms]
2025-06-09 16:27:58.967 [info] > git cat-file -s 32575be3b146806796c64b513ec7d8f4e0a7d4b2 [2ms]
2025-06-09 16:35:39.876 [info] > git config --get commit.template [12ms]
2025-06-09 16:35:39.876 [info] > git for-each-ref --format=%(refname)%00%(upstream:short)%00%(objectname)%00%(upstream:track)%00%(upstream:remotename)%00%(upstream:remoteref) refs/heads/b1 refs/remotes/b1 [1ms]
2025-06-09 16:35:39.894 [info] > git status -z -uall [11ms]
2025-06-09 16:35:39.894 [info] > git for-each-ref --sort -committerdate --format %(refname)%00%(objectname)%00%(*objectname) [2ms]
2025-06-09 16:35:47.376 [info] > git config --get commit.template [13ms]
2025-06-09 16:35:47.376 [info] > git for-each-ref --format=%(refname)%00%(upstream:short)%00%(objectname)%00%(upstream:track)%00%(upstream:remotename)%00%(upstream:remoteref) refs/heads/b1 refs/remotes/b1 [1ms]
2025-06-09 16:35:47.392 [info] > git status -z -uall [11ms]
2025-06-09 16:35:47.392 [info] > git for-each-ref --sort -committerdate --format %(refname)%00%(objectname)%00%(*objectname) [1ms]
2025-06-09 16:36:09.940 [info] > git config --get commit.template [9ms]
2025-06-09 16:36:09.941 [info] > git for-each-ref --format=%(refname)%00%(upstream:short)%00%(objectname)%00%(upstream:track)%00%(upstream:remotename)%00%(upstream:remoteref) refs/heads/b1 refs/remotes/b1 [0ms]
2025-06-09 16:36:09.956 [info] > git status -z -uall [9ms]
2025-06-09 16:36:09.956 [info] > git for-each-ref --sort -committerdate --format %(refname)%00%(objectname)%00%(*objectname) [1ms]
2025-06-09 16:36:18.473 [info] > git config --get commit.template [11ms]
2025-06-09 16:36:18.473 [info] > git for-each-ref --format=%(refname)%00%(upstream:short)%00%(objectname)%00%(upstream:track)%00%(upstream:remotename)%00%(upstream:remoteref) refs/heads/b1 refs/remotes/b1 [1ms]
2025-06-09 16:36:18.490 [info] > git status -z -uall [11ms]
2025-06-09 16:36:18.490 [info] > git for-each-ref --sort -committerdate --format %(refname)%00%(objectname)%00%(*objectname) [1ms]
2025-06-09 16:36:23.505 [info] > git config --get commit.template [7ms]
2025-06-09 16:36:23.505 [info] > git for-each-ref --format=%(refname)%00%(upstream:short)%00%(objectname)%00%(upstream:track)%00%(upstream:remotename)%00%(upstream:remoteref) refs/heads/b1 refs/remotes/b1 [0ms]
2025-06-09 16:36:23.518 [info] > git status -z -uall [7ms]
2025-06-09 16:36:23.518 [info] > git for-each-ref --sort -committerdate --format %(refname)%00%(objectname)%00%(*objectname) [1ms]
2025-06-09 16:37:11.452 [info] > git config --get commit.template [7ms]
2025-06-09 16:37:11.452 [info] > git for-each-ref --format=%(refname)%00%(upstream:short)%00%(objectname)%00%(upstream:track)%00%(upstream:remotename)%00%(upstream:remoteref) refs/heads/b1 refs/remotes/b1 [1ms]
2025-06-09 16:37:11.470 [info] > git status -z -uall [8ms]
2025-06-09 16:37:11.471 [info] > git for-each-ref --sort -committerdate --format %(refname)%00%(objectname)%00%(*objectname) [1ms]
2025-06-09 16:37:16.488 [info] > git config --get commit.template [7ms]
2025-06-09 16:37:16.489 [info] > git for-each-ref --format=%(refname)%00%(upstream:short)%00%(objectname)%00%(upstream:track)%00%(upstream:remotename)%00%(upstream:remoteref) refs/heads/b1 refs/remotes/b1 [2ms]
2025-06-09 16:37:16.506 [info] > git status -z -uall [8ms]
2025-06-09 16:37:16.507 [info] > git for-each-ref --sort -committerdate --format %(refname)%00%(objectname)%00%(*objectname) [1ms]
2025-06-09 16:37:21.523 [info] > git config --get commit.template [7ms]
2025-06-09 16:37:21.524 [info] > git for-each-ref --format=%(refname)%00%(upstream:short)%00%(objectname)%00%(upstream:track)%00%(upstream:remotename)%00%(upstream:remoteref) refs/heads/b1 refs/remotes/b1 [1ms]
2025-06-09 16:37:21.541 [info] > git status -z -uall [8ms]
2025-06-09 16:37:21.543 [info] > git for-each-ref --sort -committerdate --format %(refname)%00%(objectname)%00%(*objectname) [3ms]
2025-06-09 17:21:46.752 [info] > git config --get commit.template [2ms]
2025-06-09 17:21:46.759 [info] > git for-each-ref --format=%(refname)%00%(upstream:short)%00%(objectname)%00%(upstream:track)%00%(upstream:remotename)%00%(upstream:remoteref) refs/heads/b1 refs/remotes/b1 [0ms]
2025-06-09 17:21:46.776 [info] > git status -z -uall [7ms]
2025-06-09 17:21:46.776 [info] > git for-each-ref --sort -committerdate --format %(refname)%00%(objectname)%00%(*objectname) [1ms]
2025-06-09 17:21:48.572 [info] > git ls-files --stage -- arrayProblems/subarSumK.cpp [1ms]
2025-06-09 17:21:48.578 [info] > git cat-file -s 1bf392ccfd6ec180e875ebcabea2d23d62c3f1ce [1ms]
2025-06-09 17:21:48.586 [info] > git show --textconv :arrayProblems/subarSumK.cpp [1ms]
2025-06-09 17:21:51.791 [info] > git config --get commit.template [7ms]
2025-06-09 17:21:51.791 [info] > git for-each-ref --format=%(refname)%00%(upstream:short)%00%(objectname)%00%(upstream:track)%00%(upstream:remotename)%00%(upstream:remoteref) refs/heads/b1 refs/remotes/b1 [1ms]
2025-06-09 17:21:51.804 [info] > git status -z -uall [7ms]
2025-06-09 17:21:51.805 [info] > git for-each-ref --sort -committerdate --format %(refname)%00%(objectname)%00%(*objectname) [1ms]
2025-06-09 17:21:51.819 [info] > git blame --root --incremental 55f232e9c062b3e467e9fafb6ee9353c282e63f4 -- arrayProblems/subarSumK.cpp [2ms]
2025-06-09 17:22:58.558 [info] > git for-each-ref --format=%(refname)%00%(upstream:short)%00%(objectname)%00%(upstream:track)%00%(upstream:remotename)%00%(upstream:remoteref) refs/heads/b1 refs/remotes/b1 [10ms]
2025-06-09 17:22:58.558 [info] > git config --get commit.template [16ms]
2025-06-09 17:22:58.575 [info] > git check-ignore -v -z --stdin [17ms]
2025-06-09 17:22:58.575 [info] > git status -z -uall [9ms]
2025-06-09 17:22:58.576 [info] > git for-each-ref --sort -committerdate --format %(refname)%00%(objectname)%00%(*objectname) [2ms]
2025-06-09 17:32:13.014 [info] > git config --get commit.template [5ms]
2025-06-09 17:32:13.033 [info] > git for-each-ref --format=%(refname)%00%(upstream:short)%00%(objectname)%00%(upstream:track)%00%(upstream:remotename)%00%(upstream:remoteref) refs/heads/b1 refs/remotes/b1 [1ms]
2025-06-09 17:32:13.063 [info] > git status -z -uall [14ms]
2025-06-09 17:32:13.065 [info] > git for-each-ref --sort -committerdate --format %(refname)%00%(objectname)%00%(*objectname) [3ms]
2025-06-09 17:32:42.881 [info] > git config --get commit.template [1ms]
2025-06-09 17:32:42.893 [info] > git for-each-ref --format=%(refname)%00%(upstream:short)%00%(objectname)%00%(upstream:track)%00%(upstream:remotename)%00%(upstream:remoteref) refs/heads/b1 refs/remotes/b1 [1ms]
2025-06-09 17:32:42.911 [info] > git status -z -uall [11ms]
2025-06-09 17:32:42.912 [info] > git for-each-ref --sort -committerdate --format %(refname)%00%(objectname)%00%(*objectname) [1ms]
2025-06-09 17:32:47.927 [info] > git config --get commit.template [7ms]
2025-06-09 17:32:47.927 [info] > git for-each-ref --format=%(refname)%00%(upstream:short)%00%(objectname)%00%(upstream:track)%00%(upstream:remotename)%00%(upstream:remoteref) refs/heads/b1 refs/remotes/b1 [1ms]
2025-06-09 17:32:47.939 [info] > git status -z -uall [7ms]
2025-06-09 17:32:47.940 [info] > git for-each-ref --sort -committerdate --format %(refname)%00%(objectname)%00%(*objectname) [1ms]
2025-06-09 17:32:53.841 [info] > git config --get commit.template [12ms]
2025-06-09 17:32:53.841 [info] > git for-each-ref --format=%(refname)%00%(upstream:short)%00%(objectname)%00%(upstream:track)%00%(upstream:remotename)%00%(upstream:remoteref) refs/heads/b1 refs/remotes/b1 [1ms]
2025-06-09 17:32:53.857 [info] > git status -z -uall [10ms]
2025-06-09 17:32:53.858 [info] > git for-each-ref --sort -committerdate --format %(refname)%00%(objectname)%00%(*objectname) [2ms]
2025-06-09 17:33:04.221 [info] > git config --get commit.template [11ms]
2025-06-09 17:33:04.221 [info] > git for-each-ref --format=%(refname)%00%(upstream:short)%00%(objectname)%00%(upstream:track)%00%(upstream:remotename)%00%(upstream:remoteref) refs/heads/b1 refs/remotes/b1 [1ms]
2025-06-09 17:33:04.240 [info] > git status -z -uall [13ms]
2025-06-09 17:33:04.241 [info] > git for-each-ref --sort -committerdate --format %(refname)%00%(objectname)%00%(*objectname) [1ms]
2025-06-09 17:33:09.257 [info] > git config --get commit.template [8ms]
2025-06-09 17:33:09.258 [info] > git for-each-ref --format=%(refname)%00%(upstream:short)%00%(objectname)%00%(upstream:track)%00%(upstream:remotename)%00%(upstream:remoteref) refs/heads/b1 refs/remotes/b1 [1ms]
2025-06-09 17:33:09.271 [info] > git status -z -uall [8ms]
2025-06-09 17:33:09.271 [info] > git for-each-ref --sort -committerdate --format %(refname)%00%(objectname)%00%(*objectname) [1ms]
2025-06-09 17:34:23.863 [info] > git config --get commit.template [1ms]
2025-06-09 17:34:23.876 [info] > git for-each-ref --format=%(refname)%00%(upstream:short)%00%(objectname)%00%(upstream:track)%00%(upstream:remotename)%00%(upstream:remoteref) refs/heads/b1 refs/remotes/b1 [1ms]
2025-06-09 17:34:23.893 [info] > git status -z -uall [11ms]
2025-06-09 17:34:23.894 [info] > git for-each-ref --sort -committerdate --format %(refname)%00%(objectname)%00%(*objectname) [2ms]
2025-06-09 17:34:28.904 [info] > git config --get commit.template [1ms]
2025-06-09 17:34:28.911 [info] > git for-each-ref --format=%(refname)%00%(upstream:short)%00%(objectname)%00%(upstream:track)%00%(upstream:remotename)%00%(upstream:remoteref) refs/heads/b1 refs/remotes/b1 [1ms]
2025-06-09 17:34:28.922 [info] > git status -z -uall [6ms]
2025-06-09 17:34:28.923 [info] > git for-each-ref --sort -committerdate --format %(refname)%00%(objectname)%00%(*objectname) [2ms]
2025-06-09 17:39:28.646 [info] > git config --get commit.template [10ms]
2025-06-09 17:39:28.647 [info] > git for-each-ref --format=%(refname)%00%(upstream:short)%00%(objectname)%00%(upstream:track)%00%(upstream:remotename)%00%(upstream:remoteref) refs/heads/b1 refs/remotes/b1 [2ms]
2025-06-09 17:39:28.660 [info] > git status -z -uall [7ms]
2025-06-09 17:39:28.662 [info] > git for-each-ref --sort -committerdate --format %(refname)%00%(objectname)%00%(*objectname) [3ms]
2025-06-09 17:39:33.678 [info] > git config --get commit.template [6ms]
2025-06-09 17:39:33.679 [info] > git for-each-ref --format=%(refname)%00%(upstream:short)%00%(objectname)%00%(upstream:track)%00%(upstream:remotename)%00%(upstream:remoteref) refs/heads/b1 refs/remotes/b1 [1ms]
2025-06-09 17:39:33.692 [info] > git status -z -uall [7ms]
2025-06-09 17:39:33.692 [info] > git for-each-ref --sort -committerdate --format %(refname)%00%(objectname)%00%(*objectname) [1ms]
2025-06-09 17:39:58.552 [info] > git config --get commit.template [7ms]
2025-06-09 17:39:58.552 [info] > git for-each-ref --format=%(refname)%00%(upstream:short)%00%(objectname)%00%(upstream:track)%00%(upstream:remotename)%00%(upstream:remoteref) refs/heads/b1 refs/remotes/b1 [1ms]
2025-06-09 17:39:58.570 [info] > git status -z -uall [8ms]
2025-06-09 17:39:58.571 [info] > git for-each-ref --sort -committerdate --format %(refname)%00%(objectname)%00%(*objectname) [2ms]
2025-06-09 17:46:27.023 [info] > git for-each-ref --format=%(refname)%00%(upstream:short)%00%(objectname)%00%(upstream:track)%00%(upstream:remotename)%00%(upstream:remoteref) refs/heads/b1 refs/remotes/b1 [3ms]
2025-06-09 17:46:27.023 [info] > git config --get commit.template [12ms]
2025-06-09 17:46:27.041 [info] > git status -z -uall [12ms]
2025-06-09 17:46:27.042 [info] > git for-each-ref --sort -committerdate --format %(refname)%00%(objectname)%00%(*objectname) [1ms]
2025-06-09 17:46:52.323 [info] > git config --get commit.template [11ms]
2025-06-09 17:46:52.323 [info] > git for-each-ref --format=%(refname)%00%(upstream:short)%00%(objectname)%00%(upstream:track)%00%(upstream:remotename)%00%(upstream:remoteref) refs/heads/b1 refs/remotes/b1 [0ms]
2025-06-09 17:46:52.341 [info] > git status -z -uall [11ms]
2025-06-09 17:46:52.342 [info] > git for-each-ref --sort -committerdate --format %(refname)%00%(objectname)%00%(*objectname) [1ms]
2025-06-09 17:50:30.815 [info] > git config --get commit.template [6ms]
2025-06-09 17:50:30.815 [info] > git for-each-ref --format=%(refname)%00%(upstream:short)%00%(objectname)%00%(upstream:track)%00%(upstream:remotename)%00%(upstream:remoteref) refs/heads/b1 refs/remotes/b1 [0ms]
2025-06-09 17:50:30.834 [info] > git status -z -uall [8ms]
2025-06-09 17:50:30.836 [info] > git for-each-ref --sort -committerdate --format %(refname)%00%(objectname)%00%(*objectname) [2ms]
2025-06-09 17:50:35.851 [info] > git config --get commit.template [6ms]
2025-06-09 17:50:35.852 [info] > git for-each-ref --format=%(refname)%00%(upstream:short)%00%(objectname)%00%(upstream:track)%00%(upstream:remotename)%00%(upstream:remoteref) refs/heads/b1 refs/remotes/b1 [2ms]
2025-06-09 17:50:35.865 [info] > git status -z -uall [8ms]
2025-06-09 17:50:35.866 [info] > git for-each-ref --sort -committerdate --format %(refname)%00%(objectname)%00%(*objectname) [1ms]
2025-06-09 17:51:37.510 [info] > git config --get commit.template [7ms]
2025-06-09 17:51:37.510 [info] > git for-each-ref --format=%(refname)%00%(upstream:short)%00%(objectname)%00%(upstream:track)%00%(upstream:remotename)%00%(upstream:remoteref) refs/heads/b1 refs/remotes/b1 [1ms]
2025-06-09 17:51:37.526 [info] > git status -z -uall [8ms]
2025-06-09 17:51:37.527 [info] > git for-each-ref --sort -committerdate --format %(refname)%00%(objectname)%00%(*objectname) [1ms]
2025-06-09 17:51:42.547 [info] > git config --get commit.template [10ms]
2025-06-09 17:51:42.547 [info] > git for-each-ref --format=%(refname)%00%(upstream:short)%00%(objectname)%00%(upstream:track)%00%(upstream:remotename)%00%(upstream:remoteref) refs/heads/b1 refs/remotes/b1 [1ms]
2025-06-09 17:51:42.565 [info] > git status -z -uall [11ms]
2025-06-09 17:51:42.565 [info] > git for-each-ref --sort -committerdate --format %(refname)%00%(objectname)%00%(*objectname) [1ms]
2025-06-09 17:52:12.406 [info] > git config --get commit.template [10ms]
2025-06-09 17:52:12.407 [info] > git for-each-ref --format=%(refname)%00%(upstream:short)%00%(objectname)%00%(upstream:track)%00%(upstream:remotename)%00%(upstream:remoteref) refs/heads/b1 refs/remotes/b1 [2ms]
2025-06-09 17:52:12.424 [info] > git status -z -uall [9ms]
2025-06-09 17:52:12.426 [info] > git for-each-ref --sort -committerdate --format %(refname)%00%(objectname)%00%(*objectname) [3ms]
2025-06-09 17:52:17.441 [info] > git config --get commit.template [6ms]
2025-06-09 17:52:17.441 [info] > git for-each-ref --format=%(refname)%00%(upstream:short)%00%(objectname)%00%(upstream:track)%00%(upstream:remotename)%00%(upstream:remoteref) refs/heads/b1 refs/remotes/b1 [1ms]
2025-06-09 17:52:17.453 [info] > git status -z -uall [6ms]
2025-06-09 17:52:17.454 [info] > git for-each-ref --sort -committerdate --format %(refname)%00%(objectname)%00%(*objectname) [1ms]
2025-06-09 18:00:34.200 [info] > git check-ignore -v -z --stdin [0ms]
2025-06-09 18:00:36.621 [info] > git show --textconv :arrayProblems/subarSumK.cpp [7ms]
2025-06-09 18:00:36.622 [info] > git ls-files --stage -- arrayProblems/subarSumK.cpp [1ms]
2025-06-09 18:00:36.630 [info] > git cat-file -s 1bf392ccfd6ec180e875ebcabea2d23d62c3f1ce [1ms]
2025-06-09 18:02:23.728 [info] > git config --get commit.template [8ms]
2025-06-09 18:02:23.729 [info] > git for-each-ref --format=%(refname)%00%(upstream:short)%00%(objectname)%00%(upstream:track)%00%(upstream:remotename)%00%(upstream:remoteref) refs/heads/b1 refs/remotes/b1 [1ms]
2025-06-09 18:02:23.741 [info] > git status -z -uall [7ms]
2025-06-09 18:02:23.742 [info] > git for-each-ref --sort -committerdate --format %(refname)%00%(objectname)%00%(*objectname) [2ms]
2025-06-09 18:02:28.767 [info] > git config --get commit.template [12ms]
2025-06-09 18:02:28.768 [info] > git for-each-ref --format=%(refname)%00%(upstream:short)%00%(objectname)%00%(upstream:track)%00%(upstream:remotename)%00%(upstream:remoteref) refs/heads/b1 refs/remotes/b1 [2ms]
2025-06-09 18:02:28.791 [info] > git status -z -uall [12ms]
2025-06-09 18:02:28.792 [info] > git for-each-ref --sort -committerdate --format %(refname)%00%(objectname)%00%(*objectname) [2ms]
2025-06-09 18:09:09.167 [info] > git config --get commit.template [14ms]
2025-06-09 18:09:09.168 [info] > git for-each-ref --format=%(refname)%00%(upstream:short)%00%(objectname)%00%(upstream:track)%00%(upstream:remotename)%00%(upstream:remoteref) refs/heads/b1 refs/remotes/b1 [2ms]
2025-06-09 18:09:09.187 [info] > git status -z -uall [10ms]
2025-06-09 18:09:09.188 [info] > git for-each-ref --sort -committerdate --format %(refname)%00%(objectname)%00%(*objectname) [2ms]
2025-06-09 18:09:14.211 [info] > git config --get commit.template [11ms]
2025-06-09 18:09:14.211 [info] > git for-each-ref --format=%(refname)%00%(upstream:short)%00%(objectname)%00%(upstream:track)%00%(upstream:remotename)%00%(upstream:remoteref) refs/heads/b1 refs/remotes/b1 [1ms]
2025-06-09 18:09:14.229 [info] > git status -z -uall [9ms]
2025-06-09 18:09:14.230 [info] > git for-each-ref --sort -committerdate --format %(refname)%00%(objectname)%00%(*objectname) [1ms]
2025-06-09 18:10:49.741 [info] > git config --get commit.template [10ms]
2025-06-09 18:10:49.741 [info] > git for-each-ref --format=%(refname)%00%(upstream:short)%00%(objectname)%00%(upstream:track)%00%(upstream:remotename)%00%(upstream:remoteref) refs/heads/b1 refs/remotes/b1 [1ms]
2025-06-09 18:10:49.754 [info] > git status -z -uall [7ms]
2025-06-09 18:10:49.755 [info] > git for-each-ref --sort -committerdate --format %(refname)%00%(objectname)%00%(*objectname) [2ms]
2025-06-09 18:10:54.776 [info] > git config --get commit.template [8ms]
2025-06-09 18:10:54.777 [info] > git for-each-ref --format=%(refname)%00%(upstream:short)%00%(objectname)%00%(upstream:track)%00%(upstream:remotename)%00%(upstream:remoteref) refs/heads/b1 refs/remotes/b1 [2ms]
2025-06-09 18:10:54.794 [info] > git status -z -uall [9ms]
2025-06-09 18:10:54.795 [info] > git for-each-ref --sort -committerdate --format %(refname)%00%(objectname)%00%(*objectname) [2ms]
2025-06-09 18:11:15.561 [info] > git config --get commit.template [13ms]
2025-06-09 18:11:15.561 [info] > git for-each-ref --format=%(refname)%00%(upstream:short)%00%(objectname)%00%(upstream:track)%00%(upstream:remotename)%00%(upstream:remoteref) refs/heads/b1 refs/remotes/b1 [1ms]
2025-06-09 18:11:15.575 [info] > git status -z -uall [9ms]
2025-06-09 18:11:15.576 [info] > git for-each-ref --sort -committerdate --format %(refname)%00%(objectname)%00%(*objectname) [1ms]
2025-06-09 18:11:20.599 [info] > git config --get commit.template [11ms]
2025-06-09 18:11:20.599 [info] > git for-each-ref --format=%(refname)%00%(upstream:short)%00%(objectname)%00%(upstream:track)%00%(upstream:remotename)%00%(upstream:remoteref) refs/heads/b1 refs/remotes/b1 [1ms]
2025-06-09 18:11:20.614 [info] > git status -z -uall [8ms]
2025-06-09 18:11:20.615 [info] > git for-each-ref --sort -committerdate --format %(refname)%00%(objectname)%00%(*objectname) [2ms]
2025-06-09 18:11:38.497 [info] > git config --get commit.template [13ms]
2025-06-09 18:11:38.497 [info] > git for-each-ref --format=%(refname)%00%(upstream:short)%00%(objectname)%00%(upstream:track)%00%(upstream:remotename)%00%(upstream:remoteref) refs/heads/b1 refs/remotes/b1 [1ms]
2025-06-09 18:11:38.513 [info] > git status -z -uall [9ms]
2025-06-09 18:11:38.513 [info] > git for-each-ref --sort -committerdate --format %(refname)%00%(objectname)%00%(*objectname) [1ms]
2025-06-09 18:11:43.536 [info] > git for-each-ref --format=%(refname)%00%(upstream:short)%00%(objectname)%00%(upstream:track)%00%(upstream:remotename)%00%(upstream:remoteref) refs/heads/b1 refs/remotes/b1 [1ms]
2025-06-09 18:11:43.536 [info] > git config --get commit.template [13ms]
2025-06-09 18:11:43.551 [info] > git status -z -uall [8ms]
2025-06-09 18:11:43.552 [info] > git for-each-ref --sort -committerdate --format %(refname)%00%(objectname)%00%(*objectname) [2ms]
2025-06-09 18:11:58.639 [info] > git config --get commit.template [13ms]
2025-06-09 18:11:58.640 [info] > git for-each-ref --format=%(refname)%00%(upstream:short)%00%(objectname)%00%(upstream:track)%00%(upstream:remotename)%00%(upstream:remoteref) refs/heads/b1 refs/remotes/b1 [2ms]
2025-06-09 18:11:58.656 [info] > git status -z -uall [7ms]
2025-06-09 18:11:58.657 [info] > git for-each-ref --sort -committerdate --format %(refname)%00%(objectname)%00%(*objectname) [2ms]
2025-06-09 18:12:03.679 [info] > git config --get commit.template [12ms]
2025-06-09 18:12:03.680 [info] > git for-each-ref --format=%(refname)%00%(upstream:short)%00%(objectname)%00%(upstream:track)%00%(upstream:remotename)%00%(upstream:remoteref) refs/heads/b1 refs/remotes/b1 [2ms]
2025-06-09 18:12:03.697 [info] > git status -z -uall [10ms]
2025-06-09 18:12:03.698 [info] > git for-each-ref --sort -committerdate --format %(refname)%00%(objectname)%00%(*objectname) [2ms]
2025-06-09 18:20:13.633 [info] > git config --get commit.template [15ms]
2025-06-09 18:20:13.634 [info] > git for-each-ref --format=%(refname)%00%(upstream:short)%00%(objectname)%00%(upstream:track)%00%(upstream:remotename)%00%(upstream:remoteref) refs/heads/b1 refs/remotes/b1 [2ms]
2025-06-09 18:20:13.651 [info] > git status -z -uall [9ms]
2025-06-09 18:20:13.652 [info] > git for-each-ref --sort -committerdate --format %(refname)%00%(objectname)%00%(*objectname) [1ms]
2025-06-09 18:20:18.677 [info] > git config --get commit.template [11ms]
2025-06-09 18:20:18.678 [info] > git for-each-ref --format=%(refname)%00%(upstream:short)%00%(objectname)%00%(upstream:track)%00%(upstream:remotename)%00%(upstream:remoteref) refs/heads/b1 refs/remotes/b1 [2ms]
2025-06-09 18:20:18.695 [info] > git status -z -uall [8ms]
2025-06-09 18:20:18.696 [info] > git for-each-ref --sort -committerdate --format %(refname)%00%(objectname)%00%(*objectname) [1ms]
2025-06-09 18:20:38.451 [info] > git config --get commit.template [14ms]
2025-06-09 18:20:38.452 [info] > git for-each-ref --format=%(refname)%00%(upstream:short)%00%(objectname)%00%(upstream:track)%00%(upstream:remotename)%00%(upstream:remoteref) refs/heads/b1 refs/remotes/b1 [2ms]
2025-06-09 18:20:38.473 [info] > git status -z -uall [9ms]
2025-06-09 18:20:38.475 [info] > git for-each-ref --sort -committerdate --format %(refname)%00%(objectname)%00%(*objectname) [2ms]
2025-06-09 18:20:43.498 [info] > git config --get commit.template [12ms]
2025-06-09 18:20:43.498 [info] > git for-each-ref --format=%(refname)%00%(upstream:short)%00%(objectname)%00%(upstream:track)%00%(upstream:remotename)%00%(upstream:remoteref) refs/heads/b1 refs/remotes/b1 [1ms]
2025-06-09 18:20:43.511 [info] > git status -z -uall [6ms]
2025-06-09 18:20:43.512 [info] > git for-each-ref --sort -committerdate --format %(refname)%00%(objectname)%00%(*objectname) [1ms]
2025-06-09 18:35:13.339 [info] > git config --get commit.template [13ms]
2025-06-09 18:35:13.340 [info] > git for-each-ref --format=%(refname)%00%(upstream:short)%00%(objectname)%00%(upstream:track)%00%(upstream:remotename)%00%(upstream:remoteref) refs/heads/b1 refs/remotes/b1 [2ms]
2025-06-09 18:35:13.356 [info] > git status -z -uall [8ms]
2025-06-09 18:35:13.358 [info] > git for-each-ref --sort -committerdate --format %(refname)%00%(objectname)%00%(*objectname) [2ms]
2025-06-09 18:35:18.385 [info] > git config --get commit.template [13ms]
2025-06-09 18:35:18.386 [info] > git for-each-ref --format=%(refname)%00%(upstream:short)%00%(objectname)%00%(upstream:track)%00%(upstream:remotename)%00%(upstream:remoteref) refs/heads/b1 refs/remotes/b1 [2ms]
2025-06-09 18:35:18.405 [info] > git status -z -uall [9ms]
2025-06-09 18:35:18.406 [info] > git for-each-ref --sort -committerdate --format %(refname)%00%(objectname)%00%(*objectname) [2ms]
2025-06-09 18:36:33.235 [info] > git config --get commit.template [12ms]
2025-06-09 18:36:33.237 [info] > git for-each-ref --format=%(refname)%00%(upstream:short)%00%(objectname)%00%(upstream:track)%00%(upstream:remotename)%00%(upstream:remoteref) refs/heads/b1 refs/remotes/b1 [2ms]
2025-06-09 18:36:33.255 [info] > git status -z -uall [8ms]
2025-06-09 18:36:33.256 [info] > git for-each-ref --sort -committerdate --format %(refname)%00%(objectname)%00%(*objectname) [1ms]
2025-06-09 18:36:41.106 [info] > git config --get commit.template [11ms]
2025-06-09 18:36:41.107 [info] > git for-each-ref --format=%(refname)%00%(upstream:short)%00%(objectname)%00%(upstream:track)%00%(upstream:remotename)%00%(upstream:remoteref) refs/heads/b1 refs/remotes/b1 [2ms]
2025-06-09 18:36:41.127 [info] > git status -z -uall [10ms]
2025-06-09 18:36:41.128 [info] > git for-each-ref --sort -committerdate --format %(refname)%00%(objectname)%00%(*objectname) [2ms]
2025-06-09 18:38:00.761 [info] > git config --get commit.template [12ms]
2025-06-09 18:38:00.762 [info] > git for-each-ref --format=%(refname)%00%(upstream:short)%00%(objectname)%00%(upstream:track)%00%(upstream:remotename)%00%(upstream:remoteref) refs/heads/b1 refs/remotes/b1 [2ms]
2025-06-09 18:38:00.779 [info] > git status -z -uall [8ms]
2025-06-09 18:38:00.780 [info] > git for-each-ref --sort -committerdate --format %(refname)%00%(objectname)%00%(*objectname) [2ms]
2025-06-09 18:38:05.796 [info] > git config --get commit.template [1ms]
2025-06-09 18:38:05.805 [info] > git for-each-ref --format=%(refname)%00%(upstream:short)%00%(objectname)%00%(upstream:track)%00%(upstream:remotename)%00%(upstream:remoteref) refs/heads/b1 refs/remotes/b1 [1ms]
2025-06-09 18:38:05.821 [info] > git status -z -uall [9ms]
2025-06-09 18:38:05.822 [info] > git for-each-ref --sort -committerdate --format %(refname)%00%(objectname)%00%(*objectname) [2ms]
2025-06-09 18:38:21.525 [info] > git config --get commit.template [13ms]
2025-06-09 18:38:21.526 [info] > git for-each-ref --format=%(refname)%00%(upstream:short)%00%(objectname)%00%(upstream:track)%00%(upstream:remotename)%00%(upstream:remoteref) refs/heads/b1 refs/remotes/b1 [2ms]
2025-06-09 18:38:21.548 [info] > git status -z -uall [12ms]
2025-06-09 18:38:21.549 [info] > git for-each-ref --sort -committerdate --format %(refname)%00%(objectname)%00%(*objectname) [2ms]
2025-06-09 18:38:26.576 [info] > git config --get commit.template [11ms]
2025-06-09 18:38:26.577 [info] > git for-each-ref --format=%(refname)%00%(upstream:short)%00%(objectname)%00%(upstream:track)%00%(upstream:remotename)%00%(upstream:remoteref) refs/heads/b1 refs/remotes/b1 [2ms]
2025-06-09 18:38:26.592 [info] > git status -z -uall [8ms]
2025-06-09 18:38:26.593 [info] > git for-each-ref --sort -committerdate --format %(refname)%00%(objectname)%00%(*objectname) [2ms]
2025-06-09 18:38:26.919 [info] > git show --textconv :arrayProblems/2Sum.cpp [12ms]
2025-06-09 18:38:26.921 [info] > git ls-files --stage -- arrayProblems/2Sum.cpp [1ms]
2025-06-09 18:38:26.931 [info] > git cat-file -s 9342b033633943aa0afbabd8f663f48c59791a51 [1ms]
2025-06-09 18:38:28.674 [info] > git show --textconv :arrayProblems/subarSumK.cpp [12ms]
2025-06-09 18:38:28.674 [info] > git ls-files --stage -- arrayProblems/subarSumK.cpp [1ms]
2025-06-09 18:38:28.684 [info] > git cat-file -s 1bf392ccfd6ec180e875ebcabea2d23d62c3f1ce [1ms]
2025-06-09 18:38:28.695 [info] > git blame --root --incremental ef51f8f203bbf7220b527f1034d7de14e3558dfe -- arrayProblems/subarSumK.cpp [2ms]
2025-06-09 18:44:36.711 [info] > git config --get commit.template [13ms]
2025-06-09 18:44:36.713 [info] > git for-each-ref --format=%(refname)%00%(upstream:short)%00%(objectname)%00%(upstream:track)%00%(upstream:remotename)%00%(upstream:remoteref) refs/heads/b1 refs/remotes/b1 [3ms]
2025-06-09 18:44:36.730 [info] > git status -z -uall [10ms]
2025-06-09 18:44:36.731 [info] > git for-each-ref --sort -committerdate --format %(refname)%00%(objectname)%00%(*objectname) [2ms]
2025-06-09 18:44:39.278 [info] > git check-ignore -v -z --stdin [2ms]
2025-06-09 18:49:19.143 [info] > git config --get commit.template [13ms]
2025-06-09 18:49:19.144 [info] > git for-each-ref --format=%(refname)%00%(upstream:short)%00%(objectname)%00%(upstream:track)%00%(upstream:remotename)%00%(upstream:remoteref) refs/heads/b1 refs/remotes/b1 [1ms]
2025-06-09 18:49:19.158 [info] > git status -z -uall [8ms]
2025-06-09 18:49:19.159 [info] > git for-each-ref --sort -committerdate --format %(refname)%00%(objectname)%00%(*objectname) [1ms]
2025-06-09 18:49:24.184 [info] > git config --get commit.template [11ms]
2025-06-09 18:49:24.185 [info] > git for-each-ref --format=%(refname)%00%(upstream:short)%00%(objectname)%00%(upstream:track)%00%(upstream:remotename)%00%(upstream:remoteref) refs/heads/b1 refs/remotes/b1 [2ms]
2025-06-09 18:49:24.200 [info] > git status -z -uall [7ms]
2025-06-09 18:49:24.200 [info] > git for-each-ref --sort -committerdate --format %(refname)%00%(objectname)%00%(*objectname) [1ms]
2025-06-09 18:49:31.968 [info] > git config --get commit.template [7ms]
2025-06-09 18:49:31.968 [info] > git for-each-ref --format=%(refname)%00%(upstream:short)%00%(objectname)%00%(upstream:track)%00%(upstream:remotename)%00%(upstream:remoteref) refs/heads/b1 refs/remotes/b1 [1ms]
2025-06-09 18:49:31.982 [info] > git status -z -uall [6ms]
2025-06-09 18:49:31.983 [info] > git for-each-ref --sort -committerdate --format %(refname)%00%(objectname)%00%(*objectname) [1ms]
2025-06-09 18:49:37.260 [info] > git config --get commit.template [12ms]
2025-06-09 18:49:37.261 [info] > git for-each-ref --format=%(refname)%00%(upstream:short)%00%(objectname)%00%(upstream:track)%00%(upstream:remotename)%00%(upstream:remoteref) refs/heads/b1 refs/remotes/b1 [1ms]
2025-06-09 18:49:37.277 [info] > git status -z -uall [9ms]
2025-06-09 18:49:37.278 [info] > git for-each-ref --sort -committerdate --format %(refname)%00%(objectname)%00%(*objectname) [2ms]
2025-06-09 18:49:54.711 [info] > git config --get commit.template [9ms]
2025-06-09 18:49:54.711 [info] > git for-each-ref --format=%(refname)%00%(upstream:short)%00%(objectname)%00%(upstream:track)%00%(upstream:remotename)%00%(upstream:remoteref) refs/heads/b1 refs/remotes/b1 [1ms]
2025-06-09 18:49:54.725 [info] > git status -z -uall [8ms]
2025-06-09 18:49:54.726 [info] > git for-each-ref --sort -committerdate --format %(refname)%00%(objectname)%00%(*objectname) [1ms]
2025-06-09 18:51:13.577 [info] > git config --get commit.template [8ms]
2025-06-09 18:51:13.578 [info] > git for-each-ref --format=%(refname)%00%(upstream:short)%00%(objectname)%00%(upstream:track)%00%(upstream:remotename)%00%(upstream:remoteref) refs/heads/b1 refs/remotes/b1 [1ms]
2025-06-09 18:51:13.594 [info] > git status -z -uall [6ms]
2025-06-09 18:51:13.595 [info] > git for-each-ref --sort -committerdate --format %(refname)%00%(objectname)%00%(*objectname) [1ms]
2025-06-09 18:51:18.617 [info] > git config --get commit.template [10ms]
2025-06-09 18:51:18.617 [info] > git for-each-ref --format=%(refname)%00%(upstream:short)%00%(objectname)%00%(upstream:track)%00%(upstream:remotename)%00%(upstream:remoteref) refs/heads/b1 refs/remotes/b1 [1ms]
2025-06-09 18:51:18.631 [info] > git status -z -uall [8ms]
2025-06-09 18:51:18.631 [info] > git for-each-ref --sort -committerdate --format %(refname)%00%(objectname)%00%(*objectname) [1ms]
2025-06-09 18:54:30.719 [info] > git config --get commit.template [1ms]
2025-06-09 18:54:30.728 [info] > git for-each-ref --format=%(refname)%00%(upstream:short)%00%(objectname)%00%(upstream:track)%00%(upstream:remotename)%00%(upstream:remoteref) refs/heads/b1 refs/remotes/b1 [1ms]
2025-06-09 18:54:30.743 [info] > git status -z -uall [10ms]
2025-06-09 18:54:30.743 [info] > git for-each-ref --sort -committerdate --format %(refname)%00%(objectname)%00%(*objectname) [1ms]
2025-06-09 18:54:35.752 [info] > git config --get commit.template [1ms]
2025-06-09 18:54:35.759 [info] > git for-each-ref --format=%(refname)%00%(upstream:short)%00%(objectname)%00%(upstream:track)%00%(upstream:remotename)%00%(upstream:remoteref) refs/heads/b1 refs/remotes/b1 [1ms]
2025-06-09 18:54:35.772 [info] > git status -z -uall [7ms]
2025-06-09 18:54:35.773 [info] > git for-each-ref --sort -committerdate --format %(refname)%00%(objectname)%00%(*objectname) [2ms]
2025-06-09 18:54:40.788 [info] > git config --get commit.template [2ms]
2025-06-09 18:54:40.795 [info] > git for-each-ref --format=%(refname)%00%(upstream:short)%00%(objectname)%00%(upstream:track)%00%(upstream:remotename)%00%(upstream:remoteref) refs/heads/b1 refs/remotes/b1 [0ms]
2025-06-09 18:54:40.809 [info] > git status -z -uall [8ms]
2025-06-09 18:54:40.810 [info] > git for-each-ref --sort -committerdate --format %(refname)%00%(objectname)%00%(*objectname) [1ms]
2025-06-09 18:54:45.830 [info] > git config --get commit.template [8ms]
2025-06-09 18:54:45.831 [info] > git for-each-ref --format=%(refname)%00%(upstream:short)%00%(objectname)%00%(upstream:track)%00%(upstream:remotename)%00%(upstream:remoteref) refs/heads/b1 refs/remotes/b1 [1ms]
2025-06-09 18:54:45.847 [info] > git status -z -uall [7ms]
2025-06-09 18:54:45.848 [info] > git for-each-ref --sort -committerdate --format %(refname)%00%(objectname)%00%(*objectname) [1ms]
2025-06-09 18:54:50.873 [info] > git config --get commit.template [13ms]
2025-06-09 18:54:50.873 [info] > git for-each-ref --format=%(refname)%00%(upstream:short)%00%(objectname)%00%(upstream:track)%00%(upstream:remotename)%00%(upstream:remoteref) refs/heads/b1 refs/remotes/b1 [1ms]
2025-06-09 18:54:50.890 [info] > git status -z -uall [9ms]
2025-06-09 18:54:50.891 [info] > git for-each-ref --sort -committerdate --format %(refname)%00%(objectname)%00%(*objectname) [2ms]
2025-06-09 18:55:19.713 [info] > git config --get commit.template [9ms]
2025-06-09 18:55:19.714 [info] > git for-each-ref --format=%(refname)%00%(upstream:short)%00%(objectname)%00%(upstream:track)%00%(upstream:remotename)%00%(upstream:remoteref) refs/heads/b1 refs/remotes/b1 [2ms]
2025-06-09 18:55:19.730 [info] > git status -z -uall [7ms]
2025-06-09 18:55:19.731 [info] > git for-each-ref --sort -committerdate --format %(refname)%00%(objectname)%00%(*objectname) [2ms]
2025-06-09 18:55:24.744 [info] > git config --get commit.template [6ms]
2025-06-09 18:55:24.744 [info] > git for-each-ref --format=%(refname)%00%(upstream:short)%00%(objectname)%00%(upstream:track)%00%(upstream:remotename)%00%(upstream:remoteref) refs/heads/b1 refs/remotes/b1 [0ms]
2025-06-09 18:55:24.755 [info] > git status -z -uall [6ms]
2025-06-09 18:55:24.755 [info] > git for-each-ref --sort -committerdate --format %(refname)%00%(objectname)%00%(*objectname) [1ms]
2025-06-09 18:55:32.899 [info] > git config --get commit.template [10ms]
2025-06-09 18:55:32.900 [info] > git for-each-ref --format=%(refname)%00%(upstream:short)%00%(objectname)%00%(upstream:track)%00%(upstream:remotename)%00%(upstream:remoteref) refs/heads/b1 refs/remotes/b1 [1ms]
2025-06-09 18:55:32.916 [info] > git status -z -uall [8ms]
2025-06-09 18:55:32.916 [info] > git for-each-ref --sort -committerdate --format %(refname)%00%(objectname)%00%(*objectname) [1ms]
2025-06-09 18:55:37.940 [info] > git config --get commit.template [12ms]
2025-06-09 18:55:37.942 [info] > git for-each-ref --format=%(refname)%00%(upstream:short)%00%(objectname)%00%(upstream:track)%00%(upstream:remotename)%00%(upstream:remoteref) refs/heads/b1 refs/remotes/b1 [2ms]
2025-06-09 18:55:37.961 [info] > git status -z -uall [9ms]
2025-06-09 18:55:37.963 [info] > git for-each-ref --sort -committerdate --format %(refname)%00%(objectname)%00%(*objectname) [1ms]
2025-06-09 18:56:42.973 [info] > git config --get commit.template [6ms]
2025-06-09 18:56:42.974 [info] > git for-each-ref --format=%(refname)%00%(upstream:short)%00%(objectname)%00%(upstream:track)%00%(upstream:remotename)%00%(upstream:remoteref) refs/heads/b1 refs/remotes/b1 [1ms]
2025-06-09 18:56:42.988 [info] > git status -z -uall [8ms]
2025-06-09 18:56:42.989 [info] > git for-each-ref --sort -committerdate --format %(refname)%00%(objectname)%00%(*objectname) [1ms]
2025-06-09 18:56:48.019 [info] > git config --get commit.template [13ms]
2025-06-09 18:56:48.020 [info] > git for-each-ref --format=%(refname)%00%(upstream:short)%00%(objectname)%00%(upstream:track)%00%(upstream:remotename)%00%(upstream:remoteref) refs/heads/b1 refs/remotes/b1 [1ms]
2025-06-09 18:56:48.037 [info] > git status -z -uall [8ms]
2025-06-09 18:56:48.037 [info] > git for-each-ref --sort -committerdate --format %(refname)%00%(objectname)%00%(*objectname) [1ms]
2025-06-09 19:54:31.297 [info] > git config --get commit.template [11ms]
2025-06-09 19:54:31.299 [info] > git for-each-ref --format=%(refname)%00%(upstream:short)%00%(objectname)%00%(upstream:track)%00%(upstream:remotename)%00%(upstream:remoteref) refs/heads/b1 refs/remotes/b1 [2ms]
2025-06-09 19:54:31.316 [info] > git status -z -uall [8ms]
2025-06-09 19:54:31.316 [info] > git for-each-ref --sort -committerdate --format %(refname)%00%(objectname)%00%(*objectname) [1ms]
2025-06-09 19:59:55.527 [info] > git config --get commit.template [11ms]
2025-06-09 19:59:55.529 [info] > git for-each-ref --format=%(refname)%00%(upstream:short)%00%(objectname)%00%(upstream:track)%00%(upstream:remotename)%00%(upstream:remoteref) refs/heads/b1 refs/remotes/b1 [3ms]
2025-06-09 19:59:55.545 [info] > git status -z -uall [8ms]
2025-06-09 19:59:55.545 [info] > git for-each-ref --sort -committerdate --format %(refname)%00%(objectname)%00%(*objectname) [1ms]
2025-06-09 19:59:57.585 [info] > git log --format=%H%n%aN%n%aE%n%at%n%ct%n%P%n%D%n%B -z --shortstat --diff-merges=first-parent -n50 --skip=0 --topo-order --decorate=full --stdin [53ms]
2025-06-09 19:59:58.109 [info] > git check-ignore -v -z --stdin [2ms]
2025-06-09 20:00:16.079 [info] > git config --get commit.template [8ms]
2025-06-09 20:00:16.080 [info] > git for-each-ref --format=%(refname)%00%(upstream:short)%00%(objectname)%00%(upstream:track)%00%(upstream:remotename)%00%(upstream:remoteref) refs/heads/b1 refs/remotes/b1 [2ms]
2025-06-09 20:00:16.097 [info] > git status -z -uall [7ms]
2025-06-09 20:00:16.098 [info] > git for-each-ref --sort -committerdate --format %(refname)%00%(objectname)%00%(*objectname) [2ms]
2025-06-09 20:00:16.120 [info] > git log --format=%H%n%aN%n%aE%n%at%n%ct%n%P%n%D%n%B -z --shortstat --diff-merges=first-parent -n50 --skip=0 --topo-order --decorate=full --stdin [5ms]
2025-06-09 20:00:16.427 [info] > git show --textconv :arrayProblems/0s1s2s.cpp [12ms]
2025-06-09 20:00:16.428 [info] > git ls-files --stage -- arrayProblems/0s1s2s.cpp [2ms]
2025-06-09 20:00:16.439 [info] > git cat-file -s be69cc8fa1bff320e76a447cbca6c63d34526a0b [1ms]
2025-06-09 20:00:28.552 [info] > git show --textconv :arrayProblems/maxSubarSum.cpp [7ms]
2025-06-09 20:00:28.552 [info] > git ls-files --stage -- arrayProblems/maxSubarSum.cpp [1ms]
2025-06-09 20:00:28.561 [info] > git cat-file -s e69de29bb2d1d6434b8b29ae775ad8c2e48c5391 [1ms]
2025-06-09 20:00:46.689 [info] > git blame --root --incremental c11953796eb572e630bbacbee4505a947e8b6b8d -- arrayProblems/maxSubarSum.cpp [3ms]
2025-06-09 20:05:05.301 [info] > git show --textconv :arrayProblems/isSorted.cpp [9ms]
2025-06-09 20:05:05.301 [info] > git ls-files --stage -- arrayProblems/isSorted.cpp [1ms]
2025-06-09 20:05:05.308 [info] > git cat-file -s bb6f11ce693ab9c77db21eed2bcd80e76c40382c [1ms]
2025-06-09 20:05:06.397 [info] > git show --textconv :arrayProblems/largestElm.cpp [8ms]
2025-06-09 20:05:06.397 [info] > git ls-files --stage -- arrayProblems/largestElm.cpp [1ms]
2025-06-09 20:05:06.407 [info] > git cat-file -s ccf7843efd13cdd95daa41572e10407bad2bf2ed [1ms]
2025-06-09 20:05:07.297 [info] > git blame --root --incremental c11953796eb572e630bbacbee4505a947e8b6b8d -- arrayProblems/largestElm.cpp [4ms]
2025-06-09 20:05:26.883 [info] > git show --textconv :arrayProblems/isSorted.cpp [9ms]
2025-06-09 20:05:26.884 [info] > git ls-files --stage -- arrayProblems/isSorted.cpp [1ms]
2025-06-09 20:05:26.891 [info] > git cat-file -s bb6f11ce693ab9c77db21eed2bcd80e76c40382c [0ms]
2025-06-09 20:05:27.823 [info] > git show --textconv :arrayProblems/maxOne.cpp [10ms]
2025-06-09 20:05:27.824 [info] > git ls-files --stage -- arrayProblems/maxOne.cpp [1ms]
2025-06-09 20:05:27.833 [info] > git cat-file -s dd8d6fe5607e9df11413a29e8566599719e900da [2ms]
2025-06-09 20:05:29.026 [info] > git show --textconv :arrayProblems/missingNo.cpp [9ms]
2025-06-09 20:05:29.027 [info] > git ls-files --stage -- arrayProblems/missingNo.cpp [2ms]
2025-06-09 20:05:29.037 [info] > git cat-file -s 78ee841b4678529b3aca90061802c686ba3a545b [1ms]
2025-06-09 20:05:29.051 [info] > git blame --root --incremental c11953796eb572e630bbacbee4505a947e8b6b8d -- arrayProblems/missingNo.cpp [2ms]
2025-06-09 20:05:47.366 [info] > git show --textconv :arrayProblems/2Sum.cpp [10ms]
2025-06-09 20:05:47.367 [info] > git ls-files --stage -- arrayProblems/2Sum.cpp [2ms]
2025-06-09 20:05:47.374 [info] > git cat-file -s 9342b033633943aa0afbabd8f663f48c59791a51 [1ms]
2025-06-09 20:05:56.893 [info] > git show --textconv :arrayProblems/rotateRK.cpp [7ms]
2025-06-09 20:05:56.894 [info] > git ls-files --stage -- arrayProblems/rotateRK.cpp [1ms]
2025-06-09 20:05:56.902 [info] > git cat-file -s a3620092bdbc76004f5d5b2aa0d402059300913f [1ms]
2025-06-09 20:07:01.271 [info] > git show --textconv :arrayProblems/largestElm.cpp [9ms]
2025-06-09 20:07:01.272 [info] > git ls-files --stage -- arrayProblems/largestElm.cpp [1ms]
2025-06-09 20:07:01.281 [info] > git cat-file -s ccf7843efd13cdd95daa41572e10407bad2bf2ed [1ms]
2025-06-09 20:07:02.783 [info] > git show --textconv :arrayProblems/maxSubarSum.cpp [13ms]
2025-06-09 20:07:02.784 [info] > git ls-files --stage -- arrayProblems/maxSubarSum.cpp [2ms]
2025-06-09 20:07:02.791 [info] > git cat-file -s e69de29bb2d1d6434b8b29ae775ad8c2e48c5391 [1ms]
2025-06-09 20:07:10.868 [info] > git show --textconv :arrayProblems/remDupSorted.cpp [7ms]
2025-06-09 20:07:10.869 [info] > git ls-files --stage -- arrayProblems/remDupSorted.cpp [1ms]
2025-06-09 20:07:10.877 [info] > git cat-file -s 3ae933c95880f954f8ccd9f85c8838a1dbce6738 [1ms]
2025-06-09 20:07:12.770 [info] > git show --textconv :arrayProblems/subarSumK.cpp [8ms]
2025-06-09 20:07:12.771 [info] > git ls-files --stage -- arrayProblems/subarSumK.cpp [2ms]
2025-06-09 20:07:12.781 [info] > git cat-file -s 1bf392ccfd6ec180e875ebcabea2d23d62c3f1ce [1ms]
2025-06-09 20:07:17.360 [info] > git blame --root --incremental c11953796eb572e630bbacbee4505a947e8b6b8d -- arrayProblems/subarSumK.cpp [2ms]
2025-06-09 20:25:11.078 [info] > git show --textconv :arrayProblems/maxSubarSum.cpp [12ms]
2025-06-09 20:25:11.079 [info] > git ls-files --stage -- arrayProblems/maxSubarSum.cpp [2ms]
2025-06-09 20:25:11.088 [info] > git cat-file -s e69de29bb2d1d6434b8b29ae775ad8c2e48c5391 [2ms]
2025-06-09 20:25:17.859 [info] > git config --get commit.template [12ms]
2025-06-09 20:25:17.860 [info] > git for-each-ref --format=%(refname)%00%(upstream:short)%00%(objectname)%00%(upstream:track)%00%(upstream:remotename)%00%(upstream:remoteref) refs/heads/b1 refs/remotes/b1 [2ms]
2025-06-09 20:25:17.876 [info] > git status -z -uall [8ms]
2025-06-09 20:25:17.877 [info] > git for-each-ref --sort -committerdate --format %(refname)%00%(objectname)%00%(*objectname) [2ms]
