2025-06-08 14:44:14.176 [error] #2: https://main.vscode-cdn.net/extensions/chat.json - error GET Failed to fetch
2025-06-08 14:44:14.177 [error] #1: https://api.github.com/copilot_internal/user - error GET Failed to fetch
2025-06-08 14:44:17.243 [error] #5: https://marketplace.visualstudio.com/_apis/public/gallery/vscode/ms-vscode/cpptools-extension-pack/latest - error GET Failed to fetch
2025-06-08 14:44:17.247 [error] #4: https://marketplace.visualstudio.com/_apis/public/gallery/vscode/ms-vscode/cpptools/latest - error GET Failed to fetch
2025-06-08 14:44:17.251 [error] #3: https://marketplace.visualstudio.com/_apis/public/gallery/vscode/ms-vscode/cmake-tools/latest - error GET Failed to fetch
2025-06-08 14:44:17.252 [error] #6: https://marketplace.visualstudio.com/_apis/public/gallery/vscode/ms-vscode/cpptools-themes/latest - error GET Failed to fetch
2025-06-08 14:44:17.256 [error] #7: https://marketplace.visualstudio.com/_apis/public/gallery/vscode/oracle/oracle-java/latest - error GET Failed to fetch
2025-06-08 14:44:17.257 [error] #8: https://marketplace.visualstudio.com/_apis/public/gallery/vscode/redhat/java/latest - error GET Failed to fetch
2025-06-08 14:44:20.237 [error] #19: https://www.vscode-unpkg.net/_gallery/ms-vscode/cmake-tools/latest - error GET Failed to fetch
2025-06-08 14:44:20.238 [error] #20: https://www.vscode-unpkg.net/_gallery/ms-vscode/cpptools-themes/latest - error GET Failed to fetch
2025-06-08 14:44:20.239 [error] #21: https://www.vscode-unpkg.net/_gallery/oracle/oracle-java/latest - error GET Failed to fetch
2025-06-08 14:44:20.239 [error] #22: https://www.vscode-unpkg.net/_gallery/redhat/java/latest - error GET Failed to fetch
2025-06-08 14:44:20.240 [error] #9: https://marketplace.visualstudio.com/_apis/public/gallery/vscode/visualstudioexptteam/intellicode-api-usage-examples/latest - error GET Failed to fetch
2025-06-08 14:44:20.241 [error] #10: https://marketplace.visualstudio.com/_apis/public/gallery/vscode/visualstudioexptteam/vscodeintellicode/latest - error GET Failed to fetch
2025-06-08 14:44:20.243 [error] #11: https://marketplace.visualstudio.com/_apis/public/gallery/vscode/vscjava/vscode-gradle/latest - error GET Failed to fetch
2025-06-08 14:44:20.244 [error] #12: https://marketplace.visualstudio.com/_apis/public/gallery/vscode/vscjava/vscode-java-debug/latest - error GET Failed to fetch
2025-06-08 14:44:20.245 [error] #13: https://marketplace.visualstudio.com/_apis/public/gallery/vscode/vscjava/vscode-java-dependency/latest - error GET Failed to fetch
2025-06-08 14:44:20.245 [error] #14: https://marketplace.visualstudio.com/_apis/public/gallery/vscode/vscjava/vscode-java-pack/latest - error GET Failed to fetch
2025-06-08 14:44:20.246 [error] #17: https://www.vscode-unpkg.net/_gallery/ms-vscode/cpptools-extension-pack/latest - error GET Failed to fetch
2025-06-08 14:44:20.247 [error] #18: https://www.vscode-unpkg.net/_gallery/ms-vscode/cpptools/latest - error GET Failed to fetch
2025-06-08 14:44:23.320 [error] #23: https://www.vscode-unpkg.net/_gallery/visualstudioexptteam/intellicode-api-usage-examples/latest - error GET Failed to fetch
2025-06-08 14:44:23.321 [error] #24: https://www.vscode-unpkg.net/_gallery/visualstudioexptteam/vscodeintellicode/latest - error GET Failed to fetch
2025-06-08 14:44:23.322 [error] #25: https://www.vscode-unpkg.net/_gallery/vscjava/vscode-gradle/latest - error GET Failed to fetch
2025-06-08 14:44:23.323 [error] #26: https://www.vscode-unpkg.net/_gallery/vscjava/vscode-java-debug/latest - error GET Failed to fetch
2025-06-08 14:44:23.324 [error] #27: https://www.vscode-unpkg.net/_gallery/vscjava/vscode-java-dependency/latest - error GET Failed to fetch
2025-06-08 14:44:23.324 [error] #28: https://www.vscode-unpkg.net/_gallery/vscjava/vscode-java-pack/latest - error GET Failed to fetch
2025-06-08 14:44:23.324 [error] #15: https://marketplace.visualstudio.com/_apis/public/gallery/vscode/vscjava/vscode-java-test/latest - error GET Failed to fetch
2025-06-08 14:44:23.325 [error] #16: https://marketplace.visualstudio.com/_apis/public/gallery/vscode/vscjava/vscode-maven/latest - error GET Failed to fetch
2025-06-08 14:44:26.391 [error] #29: https://www.vscode-unpkg.net/_gallery/vscjava/vscode-java-test/latest - error GET Failed to fetch
2025-06-08 14:44:26.392 [error] #30: https://www.vscode-unpkg.net/_gallery/vscjava/vscode-maven/latest - error GET Failed to fetch
2025-06-08 14:44:29.463 [error] #31: https://marketplace.visualstudio.com/_apis/public/gallery/extensionquery - error POST Failed to fetch
2025-06-08 14:49:15.643 [error] #32: https://main.vscode-cdn.net/extensions/chat.json - error GET Failed to fetch
2025-06-08 14:54:16.597 [error] #33: https://main.vscode-cdn.net/extensions/chat.json - error GET Failed to fetch
2025-06-08 14:59:17.790 [error] #34: https://main.vscode-cdn.net/extensions/chat.json - error GET Failed to fetch
