2025-06-08 14:44:08.610 [info] Started local extension host with pid 3445.
2025-06-08 14:44:08.739 [info] ComputeTargetPlatform: linux-x64
2025-06-08 14:44:09.373 [info] [Oracle.oracle-java]: Command `workbench.action.debug.run` already registered by Java (Oracle.oracle-java)
2025-06-08 14:44:09.374 [info] [Oracle.oracle-java]: Command `workbench.action.debug.start` already registered by Java (Oracle.oracle-java)
2025-06-08 14:44:09.374 [info] [Oracle.oracle-java]: Command `jdk.select.editor.projects` already registered by Java (Oracle.oracle-java)
2025-06-08 14:44:10.593 [info] Settings Sync: Account status changed from uninitialized to unavailable
2025-06-08 14:44:14.176 [warning] Failed to fetch chat participant registry Failed to fetch
2025-06-08 14:44:14.178 [error] [chat entitlement] request: error TypeError: Failed to fetch
2025-06-08 14:44:14.726 [info] [perf] Render performance baseline is 52ms
2025-06-08 14:44:17.244 [error] Error while getting the latest version for the extension ms-vscode.cpptools-extension-pack from https://marketplace.visualstudio.com/_apis/public/gallery/vscode/{publisher}/{name}/latest. Trying the fallback https://www.vscode-unpkg.net/_gallery/{publisher}/{name}/latest Failed to fetch
2025-06-08 14:44:17.247 [error] Error while getting the latest version for the extension ms-vscode.cpptools from https://marketplace.visualstudio.com/_apis/public/gallery/vscode/{publisher}/{name}/latest. Trying the fallback https://www.vscode-unpkg.net/_gallery/{publisher}/{name}/latest Failed to fetch
2025-06-08 14:44:17.251 [error] Error while getting the latest version for the extension ms-vscode.cmake-tools from https://marketplace.visualstudio.com/_apis/public/gallery/vscode/{publisher}/{name}/latest. Trying the fallback https://www.vscode-unpkg.net/_gallery/{publisher}/{name}/latest Failed to fetch
2025-06-08 14:44:17.255 [error] Error while getting the latest version for the extension ms-vscode.cpptools-themes from https://marketplace.visualstudio.com/_apis/public/gallery/vscode/{publisher}/{name}/latest. Trying the fallback https://www.vscode-unpkg.net/_gallery/{publisher}/{name}/latest Failed to fetch
2025-06-08 14:44:17.256 [error] Error while getting the latest version for the extension oracle.oracle-java from https://marketplace.visualstudio.com/_apis/public/gallery/vscode/{publisher}/{name}/latest. Trying the fallback https://www.vscode-unpkg.net/_gallery/{publisher}/{name}/latest Failed to fetch
2025-06-08 14:44:17.257 [error] Error while getting the latest version for the extension redhat.java from https://marketplace.visualstudio.com/_apis/public/gallery/vscode/{publisher}/{name}/latest. Trying the fallback https://www.vscode-unpkg.net/_gallery/{publisher}/{name}/latest Failed to fetch
2025-06-08 14:44:20.238 [error] Error while getting the latest version for the extension ms-vscode.cmake-tools. Failed to fetch
2025-06-08 14:44:20.239 [error] Error while getting the latest version for the extension ms-vscode.cpptools-themes. Failed to fetch
2025-06-08 14:44:20.239 [error] Error while getting the latest version for the extension oracle.oracle-java. Failed to fetch
2025-06-08 14:44:20.240 [error] Error while getting the latest version for the extension redhat.java. Failed to fetch
2025-06-08 14:44:20.240 [error] Error while getting the latest version for the extension visualstudioexptteam.intellicode-api-usage-examples from https://marketplace.visualstudio.com/_apis/public/gallery/vscode/{publisher}/{name}/latest. Trying the fallback https://www.vscode-unpkg.net/_gallery/{publisher}/{name}/latest Failed to fetch
2025-06-08 14:44:20.242 [error] Error while getting the latest version for the extension visualstudioexptteam.vscodeintellicode from https://marketplace.visualstudio.com/_apis/public/gallery/vscode/{publisher}/{name}/latest. Trying the fallback https://www.vscode-unpkg.net/_gallery/{publisher}/{name}/latest Failed to fetch
2025-06-08 14:44:20.243 [error] Error while getting the latest version for the extension vscjava.vscode-gradle from https://marketplace.visualstudio.com/_apis/public/gallery/vscode/{publisher}/{name}/latest. Trying the fallback https://www.vscode-unpkg.net/_gallery/{publisher}/{name}/latest Failed to fetch
2025-06-08 14:44:20.244 [error] Error while getting the latest version for the extension vscjava.vscode-java-debug from https://marketplace.visualstudio.com/_apis/public/gallery/vscode/{publisher}/{name}/latest. Trying the fallback https://www.vscode-unpkg.net/_gallery/{publisher}/{name}/latest Failed to fetch
2025-06-08 14:44:20.245 [error] Error while getting the latest version for the extension vscjava.vscode-java-dependency from https://marketplace.visualstudio.com/_apis/public/gallery/vscode/{publisher}/{name}/latest. Trying the fallback https://www.vscode-unpkg.net/_gallery/{publisher}/{name}/latest Failed to fetch
2025-06-08 14:44:20.246 [error] Error while getting the latest version for the extension vscjava.vscode-java-pack from https://marketplace.visualstudio.com/_apis/public/gallery/vscode/{publisher}/{name}/latest. Trying the fallback https://www.vscode-unpkg.net/_gallery/{publisher}/{name}/latest Failed to fetch
2025-06-08 14:44:20.247 [error] Error while getting the latest version for the extension ms-vscode.cpptools-extension-pack. Failed to fetch
2025-06-08 14:44:20.247 [error] Error while getting the latest version for the extension ms-vscode.cpptools. Failed to fetch
2025-06-08 14:44:23.321 [error] Error while getting the latest version for the extension visualstudioexptteam.intellicode-api-usage-examples. Failed to fetch
2025-06-08 14:44:23.322 [error] Error while getting the latest version for the extension visualstudioexptteam.vscodeintellicode. Failed to fetch
2025-06-08 14:44:23.323 [error] Error while getting the latest version for the extension vscjava.vscode-gradle. Failed to fetch
2025-06-08 14:44:23.324 [error] Error while getting the latest version for the extension vscjava.vscode-java-debug. Failed to fetch
2025-06-08 14:44:23.324 [error] Error while getting the latest version for the extension vscjava.vscode-java-dependency. Failed to fetch
2025-06-08 14:44:23.324 [error] Error while getting the latest version for the extension vscjava.vscode-java-pack. Failed to fetch
2025-06-08 14:44:23.325 [error] Error while getting the latest version for the extension vscjava.vscode-java-test from https://marketplace.visualstudio.com/_apis/public/gallery/vscode/{publisher}/{name}/latest. Trying the fallback https://www.vscode-unpkg.net/_gallery/{publisher}/{name}/latest Failed to fetch
2025-06-08 14:44:23.325 [error] Error while getting the latest version for the extension vscjava.vscode-maven from https://marketplace.visualstudio.com/_apis/public/gallery/vscode/{publisher}/{name}/latest. Trying the fallback https://www.vscode-unpkg.net/_gallery/{publisher}/{name}/latest Failed to fetch
2025-06-08 14:44:26.391 [error] Error while getting the latest version for the extension vscjava.vscode-java-test. Failed to fetch
2025-06-08 14:44:26.392 [error] Error while getting the latest version for the extension vscjava.vscode-maven. Failed to fetch
2025-06-08 14:49:15.644 [warning] Failed to fetch chat participant registry Failed to fetch
2025-06-08 14:54:16.597 [warning] Failed to fetch chat participant registry Failed to fetch
2025-06-08 14:59:17.790 [warning] Failed to fetch chat participant registry Failed to fetch
2025-06-08 15:01:44.109 [error] Illegal value for lineNumber: Error: Illegal value for lineNumber
    at Jd.getLineLength (vscode-file://vscode-app/usr/share/code/resources/app/out/vs/workbench/workbench.desktop.main.js:266:4354)
    at gne.reportIfInvalid (vscode-file://vscode-app/usr/share/code/resources/app/out/vs/workbench/workbench.desktop.main.js:485:13488)
    at PLe.reportIfInvalid (vscode-file://vscode-app/usr/share/code/resources/app/out/vs/workbench/workbench.desktop.main.js:485:10836)
    at vki.set (vscode-file://vscode-app/usr/share/code/resources/app/out/vs/workbench/workbench.desktop.main.js:263:6852)
    at uae.setSemanticTokens (vscode-file://vscode-app/usr/share/code/resources/app/out/vs/workbench/workbench.desktop.main.js:263:11190)
    at LFe.u (vscode-file://vscode-app/usr/share/code/resources/app/out/vs/workbench/workbench.desktop.main.js:485:26529)
    at vscode-file://vscode-app/usr/share/code/resources/app/out/vs/workbench/workbench.desktop.main.js:485:24992
