2025-06-03 20:25:10.065 [info] [main] Log level: Info
2025-06-03 20:25:10.065 [info] [main] Validating found git in: "git"
2025-06-03 20:25:10.065 [info] [main] Using git "2.43.0" from "git"
2025-06-03 20:25:10.065 [info] [Model][doInitialScan] Initial repository scan started
2025-06-03 20:25:10.065 [info] [Model][doInitialScan] Initial repository scan completed - repositories (0), closed repositories (0), parent repositories (0), unsafe repositories (0)
2025-06-03 20:25:23.560 [info] [main] Log level: Info
2025-06-03 20:25:23.561 [info] [main] Validating found git in: "git"
2025-06-03 20:25:23.561 [info] [main] Using git "2.43.0" from "git"
2025-06-03 20:25:23.561 [info] [Model][doInitialScan] Initial repository scan started
2025-06-03 20:25:23.561 [info] > git rev-parse --show-toplevel [112ms]
2025-06-03 20:25:23.572 [info] > git rev-parse --git-dir --git-common-dir [3ms]
2025-06-03 20:25:23.581 [info] [Model][openRepository] Opened repository (path): /home/sammy/Desktop/temp/flappy-bird
2025-06-03 20:25:23.581 [info] [Model][openRepository] Opened repository (real path): /home/sammy/Desktop/temp/flappy-bird
2025-06-03 20:25:23.671 [info] > git rev-parse --show-toplevel [20ms]
2025-06-03 20:25:23.675 [info] [Model][doInitialScan] Initial repository scan completed - repositories (1), closed repositories (0), parent repositories (0), unsafe repositories (0)
2025-06-03 20:25:23.676 [info] > git config --get commit.template [29ms]
2025-06-03 20:25:23.685 [info] > git for-each-ref --format=%(refname)%00%(upstream:short)%00%(objectname)%00%(upstream:track)%00%(upstream:remotename)%00%(upstream:remoteref) refs/heads/b1 refs/remotes/b1 [1ms]
2025-06-03 20:25:23.699 [info] > git status -z -uall [8ms]
2025-06-03 20:25:23.700 [info] > git for-each-ref --sort -committerdate --format %(refname)%00%(objectname)%00%(*objectname) [2ms]
2025-06-03 20:25:23.723 [info] > git for-each-ref --format=%(refname)%00%(upstream:short)%00%(objectname)%00%(upstream:track)%00%(upstream:remotename)%00%(upstream:remoteref) refs/heads/b1 refs/remotes/b1 [8ms]
2025-06-03 20:25:23.733 [info] > git config --get --local branch.b1.vscode-merge-base [3ms]
2025-06-03 20:25:23.733 [warning] [Git][config] git config failed: Failed to execute git
2025-06-03 20:25:23.738 [info] > git config --get commit.template [17ms]
2025-06-03 20:25:23.755 [info] > git for-each-ref --format=%(refname)%00%(upstream:short)%00%(objectname)%00%(upstream:track)%00%(upstream:remotename)%00%(upstream:remoteref) refs/heads/b1 refs/remotes/b1 [10ms]
2025-06-03 20:25:23.766 [info] > git reflog b1 --grep-reflog=branch: Created from *. [28ms]
2025-06-03 20:25:23.770 [info] > git status -z -uall [9ms]
2025-06-03 20:25:23.770 [info] > git for-each-ref --sort -committerdate --format %(refname)%00%(objectname)%00%(*objectname) [4ms]
2025-06-03 20:25:23.796 [info] > git for-each-ref --format=%(refname)%00%(upstream:short)%00%(objectname)%00%(upstream:track)%00%(upstream:remotename)%00%(upstream:remoteref) refs/heads/b1 refs/remotes/b1 [18ms]
2025-06-03 20:25:23.801 [info] > git reflog HEAD --grep-reflog=checkout: moving from .* to b1 [30ms]
2025-06-03 20:25:23.807 [info] > git config --get --local branch.b1.vscode-merge-base [7ms]
2025-06-03 20:25:23.807 [warning] [Git][config] git config failed: Failed to execute git
2025-06-03 20:25:23.813 [info] > git for-each-ref --format=%(refname)%00%(upstream:short)%00%(objectname)%00%(upstream:track)%00%(upstream:remotename)%00%(upstream:remoteref) refs/heads/main refs/remotes/main [8ms]
2025-06-03 20:25:23.818 [info] > git reflog b1 --grep-reflog=branch: Created from *. [6ms]
2025-06-03 20:25:23.824 [info] > git symbolic-ref --short refs/remotes/origin/HEAD [7ms]
2025-06-03 20:25:23.824 [info] fatal: ref refs/remotes/origin/HEAD is not a symbolic ref
2025-06-03 20:25:23.824 [warning] [Repository][getDefaultBranch] Failed to get default branch details: Failed to execute git.
2025-06-03 20:25:23.833 [info] > git reflog HEAD --grep-reflog=checkout: moving from .* to b1 [10ms]
2025-06-03 20:25:23.841 [info] > git for-each-ref --format=%(refname)%00%(upstream:short)%00%(objectname)%00%(upstream:track)%00%(upstream:remotename)%00%(upstream:remoteref) refs/heads/main refs/remotes/main [4ms]
2025-06-03 20:25:23.850 [info] > git symbolic-ref --short refs/remotes/origin/HEAD [3ms]
2025-06-03 20:25:23.850 [info] fatal: ref refs/remotes/origin/HEAD is not a symbolic ref
2025-06-03 20:25:23.850 [warning] [Repository][getDefaultBranch] Failed to get default branch details: Failed to execute git.
2025-06-03 20:25:23.905 [info] > git show --textconv :README.md [8ms]
2025-06-03 20:25:23.906 [info] > git ls-files --stage -- README.md [2ms]
2025-06-03 20:25:23.916 [info] > git cat-file -s f9278fd38d3a52e7b355c0fa3863e74daf257888 [1ms]
2025-06-03 20:25:23.933 [info] > git blame --root --incremental a92cdccfa8efbba5ef47604492c5f323c10751bc -- README.md [2ms]
2025-06-03 20:25:24.169 [info] > git check-ignore -v -z --stdin [2ms]
2025-06-03 20:25:38.376 [info] > git config --get commit.template [11ms]
2025-06-03 20:25:38.377 [info] > git for-each-ref --format=%(refname)%00%(upstream:short)%00%(objectname)%00%(upstream:track)%00%(upstream:remotename)%00%(upstream:remoteref) refs/heads/b1 refs/remotes/b1 [2ms]
2025-06-03 20:25:38.395 [info] > git status -z -uall [9ms]
2025-06-03 20:25:38.397 [info] > git for-each-ref --sort -committerdate --format %(refname)%00%(objectname)%00%(*objectname) [2ms]
2025-06-03 20:25:38.470 [info] > git ls-files --stage -- README.md [2ms]
2025-06-03 20:25:38.481 [info] > git cat-file -s f9278fd38d3a52e7b355c0fa3863e74daf257888 [2ms]
2025-06-03 20:25:38.493 [info] > git show --textconv :README.md [2ms]
2025-06-03 20:25:43.989 [info] > git config --get commit.template [1ms]
2025-06-03 20:25:43.996 [info] > git for-each-ref --format=%(refname)%00%(upstream:short)%00%(objectname)%00%(upstream:track)%00%(upstream:remotename)%00%(upstream:remoteref) refs/heads/b1 refs/remotes/b1 [0ms]
2025-06-03 20:25:44.006 [info] > git status -z -uall [6ms]
2025-06-03 20:25:44.007 [info] > git for-each-ref --sort -committerdate --format %(refname)%00%(objectname)%00%(*objectname) [2ms]
2025-06-03 20:25:44.014 [info] > git blame --root --incremental bff04c80e5976bfc6a5779471b8ac71a66005b67 -- README.md [2ms]
2025-06-03 20:25:45.062 [info] > git config --get commit.template [10ms]
2025-06-03 20:25:45.063 [info] > git for-each-ref --format=%(refname)%00%(upstream:short)%00%(objectname)%00%(upstream:track)%00%(upstream:remotename)%00%(upstream:remoteref) refs/heads/b1 refs/remotes/b1 [2ms]
2025-06-03 20:25:45.079 [info] > git status -z -uall [8ms]
2025-06-03 20:25:45.081 [info] > git for-each-ref --sort -committerdate --format %(refname)%00%(objectname)%00%(*objectname) [2ms]
2025-06-03 20:25:45.155 [info] > git ls-files --stage -- README.md [2ms]
2025-06-03 20:25:45.165 [info] > git cat-file -s f9278fd38d3a52e7b355c0fa3863e74daf257888 [2ms]
2025-06-03 20:25:45.178 [info] > git show --textconv :README.md [3ms]
2025-06-03 20:27:38.091 [info] > git config --get commit.template [10ms]
2025-06-03 20:27:38.092 [info] > git for-each-ref --format=%(refname)%00%(upstream:short)%00%(objectname)%00%(upstream:track)%00%(upstream:remotename)%00%(upstream:remoteref) refs/heads/b1 refs/remotes/b1 [2ms]
2025-06-03 20:27:38.107 [info] > git status -z -uall [9ms]
2025-06-03 20:27:38.108 [info] > git for-each-ref --sort -committerdate --format %(refname)%00%(objectname)%00%(*objectname) [3ms]
2025-06-03 20:28:20.308 [info] > git config --get commit.template [6ms]
2025-06-03 20:28:20.309 [info] > git for-each-ref --format=%(refname)%00%(upstream:short)%00%(objectname)%00%(upstream:track)%00%(upstream:remotename)%00%(upstream:remoteref) refs/heads/b1 refs/remotes/b1 [2ms]
2025-06-03 20:28:20.319 [info] > git status -z -uall [7ms]
2025-06-03 20:28:20.320 [info] > git for-each-ref --sort -committerdate --format %(refname)%00%(objectname)%00%(*objectname) [1ms]
2025-06-03 20:28:20.328 [info] > git blame --root --incremental b112d75f41bf8f75c896a0c81b70be0ddec06ea2 -- README.md [3ms]
2025-06-03 20:28:21.373 [info] > git config --get commit.template [11ms]
2025-06-03 20:28:21.374 [info] > git for-each-ref --format=%(refname)%00%(upstream:short)%00%(objectname)%00%(upstream:track)%00%(upstream:remotename)%00%(upstream:remoteref) refs/heads/b1 refs/remotes/b1 [2ms]
2025-06-03 20:28:21.392 [info] > git status -z -uall [10ms]
2025-06-03 20:28:21.393 [info] > git for-each-ref --sort -committerdate --format %(refname)%00%(objectname)%00%(*objectname) [2ms]
2025-06-03 20:28:21.465 [info] > git ls-files --stage -- README.md [2ms]
2025-06-03 20:28:21.476 [info] > git cat-file -s f9278fd38d3a52e7b355c0fa3863e74daf257888 [2ms]
2025-06-03 20:28:21.488 [info] > git show --textconv :README.md [2ms]
2025-06-03 20:28:25.670 [info] > git config --get commit.template [2ms]
2025-06-03 20:28:25.676 [info] > git for-each-ref --format=%(refname)%00%(upstream:short)%00%(objectname)%00%(upstream:track)%00%(upstream:remotename)%00%(upstream:remoteref) refs/heads/main refs/remotes/main [1ms]
2025-06-03 20:28:25.687 [info] > git status -z -uall [6ms]
2025-06-03 20:28:25.687 [info] > git for-each-ref --sort -committerdate --format %(refname)%00%(objectname)%00%(*objectname) [1ms]
2025-06-03 20:28:25.700 [info] > git for-each-ref --format=%(refname)%00%(upstream:short)%00%(objectname)%00%(upstream:track)%00%(upstream:remotename)%00%(upstream:remoteref) refs/heads/main refs/remotes/main [2ms]
2025-06-03 20:28:25.705 [info] > git blame --root --incremental 17362e7e7c038bbcc7c67be179a8f200b853239d -- README.md [12ms]
2025-06-03 20:28:25.706 [info] > git config --get --local branch.main.vscode-merge-base [1ms]
2025-06-03 20:28:25.706 [warning] [Git][config] git config failed: Failed to execute git
2025-06-03 20:28:25.711 [info] > git reflog main --grep-reflog=branch: Created from *. [1ms]
2025-06-03 20:28:25.717 [info] > git symbolic-ref --short refs/remotes/origin/HEAD [1ms]
2025-06-03 20:28:25.717 [info] fatal: ref refs/remotes/origin/HEAD is not a symbolic ref
2025-06-03 20:28:25.717 [warning] [Repository][getDefaultBranch] Failed to get default branch details: Failed to execute git.
2025-06-03 20:28:26.732 [info] > git config --get commit.template [1ms]
2025-06-03 20:28:26.742 [info] > git for-each-ref --format=%(refname)%00%(upstream:short)%00%(objectname)%00%(upstream:track)%00%(upstream:remotename)%00%(upstream:remoteref) refs/heads/main refs/remotes/main [2ms]
2025-06-03 20:28:26.757 [info] > git status -z -uall [7ms]
2025-06-03 20:28:26.758 [info] > git for-each-ref --sort -committerdate --format %(refname)%00%(objectname)%00%(*objectname) [2ms]
2025-06-03 20:28:26.836 [info] > git ls-files --stage -- README.md [2ms]
2025-06-03 20:28:26.847 [info] > git cat-file -s f9278fd38d3a52e7b355c0fa3863e74daf257888 [2ms]
2025-06-03 20:28:26.860 [info] > git show --textconv :README.md [2ms]
2025-06-03 20:28:30.639 [info] > git config --get commit.template [1ms]
2025-06-03 20:28:30.643 [info] > git for-each-ref --format=%(refname)%00%(upstream:short)%00%(objectname)%00%(upstream:track)%00%(upstream:remotename)%00%(upstream:remoteref) refs/heads/main refs/remotes/main [1ms]
2025-06-03 20:28:30.655 [info] > git status -z -uall [7ms]
2025-06-03 20:28:30.655 [info] > git for-each-ref --sort -committerdate --format %(refname)%00%(objectname)%00%(*objectname) [1ms]
2025-06-03 20:28:31.775 [info] > git config --get commit.template [8ms]
2025-06-03 20:28:31.777 [info] > git for-each-ref --format=%(refname)%00%(upstream:short)%00%(objectname)%00%(upstream:track)%00%(upstream:remotename)%00%(upstream:remoteref) refs/heads/main refs/remotes/main [2ms]
2025-06-03 20:28:31.795 [info] > git status -z -uall [9ms]
2025-06-03 20:28:31.796 [info] > git for-each-ref --sort -committerdate --format %(refname)%00%(objectname)%00%(*objectname) [2ms]
2025-06-03 20:28:31.805 [info] > git ls-files --stage -- README.md [0ms]
2025-06-03 20:28:31.810 [info] > git cat-file -s f9278fd38d3a52e7b355c0fa3863e74daf257888 [1ms]
2025-06-03 20:28:31.817 [info] > git show --textconv :README.md [1ms]
2025-06-03 20:28:42.273 [info] > git config --get commit.template [6ms]
2025-06-03 20:28:42.273 [info] > git for-each-ref --format=%(refname)%00%(upstream:short)%00%(objectname)%00%(upstream:track)%00%(upstream:remotename)%00%(upstream:remoteref) refs/heads/main refs/remotes/main [1ms]
2025-06-03 20:28:42.287 [info] > git status -z -uall [8ms]
2025-06-03 20:28:42.288 [info] > git for-each-ref --sort -committerdate --format %(refname)%00%(objectname)%00%(*objectname) [2ms]
2025-06-03 20:29:18.524 [info] > git config --get commit.template [2ms]
2025-06-03 20:29:18.534 [info] > git for-each-ref --format=%(refname)%00%(upstream:short)%00%(objectname)%00%(upstream:track)%00%(upstream:remotename)%00%(upstream:remoteref) refs/heads/b1 refs/remotes/b1 [1ms]
2025-06-03 20:29:18.546 [info] > git status -z -uall [7ms]
2025-06-03 20:29:18.546 [info] > git for-each-ref --sort -committerdate --format %(refname)%00%(objectname)%00%(*objectname) [0ms]
2025-06-03 20:29:18.552 [info] > git for-each-ref --format=%(refname)%00%(upstream:short)%00%(objectname)%00%(upstream:track)%00%(upstream:remotename)%00%(upstream:remoteref) refs/heads/b1 refs/remotes/b1 [0ms]
2025-06-03 20:29:18.559 [info] > git config --get --local branch.b1.vscode-merge-base [2ms]
2025-06-03 20:29:18.559 [warning] [Git][config] git config failed: Failed to execute git
2025-06-03 20:29:18.565 [info] > git reflog b1 --grep-reflog=branch: Created from *. [2ms]
2025-06-03 20:29:18.570 [info] > git reflog HEAD --grep-reflog=checkout: moving from .* to b1 [1ms]
2025-06-03 20:29:18.577 [info] > git for-each-ref --format=%(refname)%00%(upstream:short)%00%(objectname)%00%(upstream:track)%00%(upstream:remotename)%00%(upstream:remoteref) refs/heads/main refs/remotes/main [2ms]
2025-06-03 20:29:18.582 [info] > git symbolic-ref --short refs/remotes/origin/HEAD [1ms]
2025-06-03 20:29:18.582 [info] fatal: ref refs/remotes/origin/HEAD is not a symbolic ref
2025-06-03 20:29:18.582 [warning] [Repository][getDefaultBranch] Failed to get default branch details: Failed to execute git.
2025-06-03 20:29:19.598 [info] > git config --get commit.template [10ms]
2025-06-03 20:29:19.599 [info] > git for-each-ref --format=%(refname)%00%(upstream:short)%00%(objectname)%00%(upstream:track)%00%(upstream:remotename)%00%(upstream:remoteref) refs/heads/b1 refs/remotes/b1 [2ms]
2025-06-03 20:29:19.615 [info] > git status -z -uall [7ms]
2025-06-03 20:29:19.616 [info] > git for-each-ref --sort -committerdate --format %(refname)%00%(objectname)%00%(*objectname) [2ms]
2025-06-03 20:29:19.690 [info] > git ls-files --stage -- README.md [1ms]
2025-06-03 20:29:19.701 [info] > git cat-file -s f9278fd38d3a52e7b355c0fa3863e74daf257888 [2ms]
2025-06-03 20:29:19.715 [info] > git show --textconv :README.md [2ms]
