2025-06-22 16:27:39.022 [warning] Via 'product.json#extensionEnabledApiProposals' extension 'ms-vsliveshare.vsliveshare' wants API proposal 'notebookCellExecutionState' but that proposal DOES NOT EXIST. Likely, the proposal has been finalized (check 'vscode.d.ts') or was abandoned.
2025-06-22 16:27:39.034 [warning] Via 'product.json#extensionEnabledApiProposals' extension 'ms-python.gather' wants API proposal 'notebookCellExecutionState' but that proposal DOES NOT EXIST. Likely, the proposal has been finalized (check 'vscode.d.ts') or was abandoned.
2025-06-22 16:27:39.034 [warning] Via 'product.json#extensionEnabledApiProposals' extension 'ms-python.vscode-pylance' wants API proposal 'mcpConfigurationProvider' but that proposal DOES NOT EXIST. Likely, the proposal has been finalized (check 'vscode.d.ts') or was abandoned.
2025-06-22 16:27:39.566 [info] Started local extension host with pid 3207.
2025-06-22 16:27:39.623 [info] ComputeTargetPlatform: linux-x64
2025-06-22 16:27:40.405 [info] [Oracle.oracle-java]: Command `workbench.action.debug.run` already registered by Java (Oracle.oracle-java)
2025-06-22 16:27:40.406 [info] [Oracle.oracle-java]: Command `workbench.action.debug.start` already registered by Java (Oracle.oracle-java)
2025-06-22 16:27:40.406 [info] [Oracle.oracle-java]: Command `jdk.select.editor.projects` already registered by Java (Oracle.oracle-java)
2025-06-22 16:27:41.237 [error] [Extension Host] (node:3207) [DEP0040] DeprecationWarning: The `punycode` module is deprecated. Please use a userland alternative instead.
(Use `exe --trace-deprecation ...` to show where the warning was created)
2025-06-22 16:27:42.286 [info] Settings Sync: Account status changed from uninitialized to unavailable
2025-06-22 16:27:43.528 [info] [perf] Render performance baseline is 44ms
2025-06-22 16:43:51.124 [error] Illegal value for lineNumber: Error: Illegal value for lineNumber
    at hf.getLineLength (vscode-file://vscode-app/usr/share/code/resources/app/out/vs/workbench/workbench.desktop.main.js:266:4354)
    at Sre.reportIfInvalid (vscode-file://vscode-app/usr/share/code/resources/app/out/vs/workbench/workbench.desktop.main.js:485:13488)
    at VMe.reportIfInvalid (vscode-file://vscode-app/usr/share/code/resources/app/out/vs/workbench/workbench.desktop.main.js:485:10836)
    at IDi.set (vscode-file://vscode-app/usr/share/code/resources/app/out/vs/workbench/workbench.desktop.main.js:263:14668)
    at ble.setSemanticTokens (vscode-file://vscode-app/usr/share/code/resources/app/out/vs/workbench/workbench.desktop.main.js:263:25461)
    at z5e.u (vscode-file://vscode-app/usr/share/code/resources/app/out/vs/workbench/workbench.desktop.main.js:485:26529)
    at vscode-file://vscode-app/usr/share/code/resources/app/out/vs/workbench/workbench.desktop.main.js:485:24992
2025-06-22 16:45:04.813 [error] Illegal value for lineNumber: Error: Illegal value for lineNumber
    at hf.getLineLength (vscode-file://vscode-app/usr/share/code/resources/app/out/vs/workbench/workbench.desktop.main.js:266:4354)
    at Sre.reportIfInvalid (vscode-file://vscode-app/usr/share/code/resources/app/out/vs/workbench/workbench.desktop.main.js:485:13488)
    at VMe.reportIfInvalid (vscode-file://vscode-app/usr/share/code/resources/app/out/vs/workbench/workbench.desktop.main.js:485:10836)
    at IDi.set (vscode-file://vscode-app/usr/share/code/resources/app/out/vs/workbench/workbench.desktop.main.js:263:14668)
    at ble.setSemanticTokens (vscode-file://vscode-app/usr/share/code/resources/app/out/vs/workbench/workbench.desktop.main.js:263:25461)
    at z5e.u (vscode-file://vscode-app/usr/share/code/resources/app/out/vs/workbench/workbench.desktop.main.js:485:26529)
    at vscode-file://vscode-app/usr/share/code/resources/app/out/vs/workbench/workbench.desktop.main.js:485:24992
2025-06-22 16:45:21.145 [error] Illegal value for lineNumber: Error: Illegal value for lineNumber
    at hf.getLineLength (vscode-file://vscode-app/usr/share/code/resources/app/out/vs/workbench/workbench.desktop.main.js:266:4354)
    at Sre.reportIfInvalid (vscode-file://vscode-app/usr/share/code/resources/app/out/vs/workbench/workbench.desktop.main.js:485:13488)
    at VMe.reportIfInvalid (vscode-file://vscode-app/usr/share/code/resources/app/out/vs/workbench/workbench.desktop.main.js:485:10836)
    at IDi.set (vscode-file://vscode-app/usr/share/code/resources/app/out/vs/workbench/workbench.desktop.main.js:263:14668)
    at ble.setSemanticTokens (vscode-file://vscode-app/usr/share/code/resources/app/out/vs/workbench/workbench.desktop.main.js:263:25461)
    at z5e.u (vscode-file://vscode-app/usr/share/code/resources/app/out/vs/workbench/workbench.desktop.main.js:485:26529)
    at vscode-file://vscode-app/usr/share/code/resources/app/out/vs/workbench/workbench.desktop.main.js:485:24992
