2025-06-08 17:28:18.807 [info] Extension host with pid 8002 started
2025-06-08 17:28:18.807 [info] Skipping acquiring lock for /home/sammy/.config/Code/User/workspaceStorage/dd918b45ff2846cfdfc8919a1dd5fea0.
2025-06-08 17:28:19.104 [info] ExtensionService#_doActivateExtension vscode.github-authentication, startup: false, activationEvent: 'onAuthenticationRequest:github'
2025-06-08 17:28:19.136 [info] ExtensionService#_doActivateExtension vscode.emmet, startup: false, activationEvent: 'onLanguage'
2025-06-08 17:28:19.163 [info] ExtensionService#_doActivateExtension ms-vscode.cpptools, startup: false, activationEvent: 'onLanguage:cpp'
2025-06-08 17:28:19.923 [info] ExtensionService#_doActivateExtension vscode.git-base, startup: true, activationEvent: '*', root cause: vscode.git
2025-06-08 17:28:20.002 [info] ExtensionService#_doActivateExtension vscode.git, startup: true, activationEvent: '*'
2025-06-08 17:28:20.096 [info] ExtensionService#_doActivateExtension vscode.github, startup: true, activationEvent: '*'
2025-06-08 17:28:20.441 [info] ExtensionService#_doActivateExtension vscode.configuration-editing, startup: false, activationEvent: 'onLanguage:jsonc'
2025-06-08 17:28:20.449 [info] ExtensionService#_doActivateExtension vscode.json-language-features, startup: false, activationEvent: 'onLanguage:jsonc'
2025-06-08 17:28:20.509 [info] ExtensionService#_doActivateExtension vscode.typescript-language-features, startup: false, activationEvent: 'onLanguage:jsonc'
2025-06-08 17:28:20.574 [info] ExtensionService#_doActivateExtension Oracle.oracle-java, startup: true, activationEvent: 'workspaceContains:**/*.java'
2025-06-08 17:28:20.889 [info] Eager extensions activated
2025-06-08 17:28:20.965 [info] ExtensionService#_doActivateExtension vscode.debug-auto-launch, startup: false, activationEvent: 'onStartupFinished'
2025-06-08 17:28:20.969 [info] ExtensionService#_doActivateExtension vscode.merge-conflict, startup: false, activationEvent: 'onStartupFinished'
2025-06-08 17:30:49.473 [info] ExtensionService#_doActivateExtension ms-vscode.js-debug, startup: false, activationEvent: 'onDebugDynamicConfigurations'
2025-06-08 17:31:46.480 [info] ExtensionService#_doActivateExtension vscode.debug-server-ready, startup: false, activationEvent: 'onDebugResolve'
2025-06-08 17:37:43.739 [warning] ms-vscode.cpptools - Code actions of kind 'quickfix' requested but returned code action is of kind 'refactor.extract.function'. Code action will be dropped. Please check 'CodeActionContext.only' to only return requested code actions.
2025-06-08 17:44:11.893 [warning] ms-vscode.cpptools - Code actions of kind 'quickfix' requested but returned code action is of kind 'refactor.extract.function'. Code action will be dropped. Please check 'CodeActionContext.only' to only return requested code actions.
2025-06-08 17:44:12.960 [warning] ms-vscode.cpptools - Code actions of kind 'quickfix' requested but returned code action is of kind 'refactor.extract.function'. Code action will be dropped. Please check 'CodeActionContext.only' to only return requested code actions.
2025-06-08 17:44:14.441 [warning] ms-vscode.cpptools - Code actions of kind 'quickfix' requested but returned code action is of kind 'refactor.extract.function'. Code action will be dropped. Please check 'CodeActionContext.only' to only return requested code actions.
2025-06-08 17:44:15.781 [warning] ms-vscode.cpptools - Code actions of kind 'quickfix' requested but returned code action is of kind 'refactor.extract.function'. Code action will be dropped. Please check 'CodeActionContext.only' to only return requested code actions.
2025-06-08 21:19:15.093 [warning] ms-vscode.cpptools - Code actions of kind 'quickfix' requested but returned code action is of kind 'refactor.extract.function'. Code action will be dropped. Please check 'CodeActionContext.only' to only return requested code actions.
2025-06-08 23:50:48.129 [info] Extension host terminating: renderer closed the MessagePort
2025-06-08 23:50:48.267 [error] Error: Channel has been closed
	at s (file:///usr/share/code/resources/app/out/vs/workbench/api/node/extensionHostProcess.js:125:2431)
	at Object.appendLine (file:///usr/share/code/resources/app/out/vs/workbench/api/node/extensionHostProcess.js:125:2570)
	at R.logOutputMessage (/usr/share/code/resources/app/extensions/json-language-features/client/dist/node/jsonClientMain.js:2:290791)
	at R.info (/usr/share/code/resources/app/extensions/json-language-features/client/dist/node/jsonClientMain.js:2:290524)
	at ChildProcess.<anonymous> (/usr/share/code/resources/app/extensions/json-language-features/client/dist/node/jsonClientMain.js:2:514797)
	at ChildProcess.emit (node:events:524:28)
	at ChildProcess._handle.onexit (node:internal/child_process:293:12)
2025-06-08 23:50:48.525 [error] Error: Pending response rejected since connection got disposed
	at Object.dispose (/home/sammy/.vscode/extensions/oracle.oracle-java-24.0.0/node_modules/vscode-jsonrpc/lib/common/connection.js:1167:27)
	at Object.dispose (/home/sammy/.vscode/extensions/oracle.oracle-java-24.0.0/node_modules/vscode-languageclient/lib/common/client.js:1586:35)
	at NbLanguageClient.handleConnectionClosed (/home/sammy/.vscode/extensions/oracle.oracle-java-24.0.0/node_modules/vscode-languageclient/lib/common/client.js:1155:34)
	at NbLanguageClient.handleConnectionClosed (/home/sammy/.vscode/extensions/oracle.oracle-java-24.0.0/node_modules/vscode-languageclient/lib/node/main.js:180:22)
	at closeHandler (/home/sammy/.vscode/extensions/oracle.oracle-java-24.0.0/node_modules/vscode-languageclient/lib/common/client.js:1142:18)
	at CallbackList.invoke (/home/sammy/.vscode/extensions/oracle.oracle-java-24.0.0/node_modules/vscode-jsonrpc/lib/common/events.js:55:39)
	at Emitter.fire (/home/sammy/.vscode/extensions/oracle.oracle-java-24.0.0/node_modules/vscode-jsonrpc/lib/common/events.js:117:36)
	at closeHandler (/home/sammy/.vscode/extensions/oracle.oracle-java-24.0.0/node_modules/vscode-jsonrpc/lib/common/connection.js:314:26)
	at CallbackList.invoke (/home/sammy/.vscode/extensions/oracle.oracle-java-24.0.0/node_modules/vscode-jsonrpc/lib/common/events.js:55:39)
	at Emitter.fire (/home/sammy/.vscode/extensions/oracle.oracle-java-24.0.0/node_modules/vscode-jsonrpc/lib/common/events.js:117:36)
	at StreamMessageWriter.fireClose (/home/sammy/.vscode/extensions/oracle.oracle-java-24.0.0/node_modules/vscode-jsonrpc/lib/common/messageWriter.js:42:27)
	at Socket.<anonymous> (/home/sammy/.vscode/extensions/oracle.oracle-java-24.0.0/node_modules/vscode-jsonrpc/lib/common/messageWriter.js:74:42)
	at Socket.emit (node:events:536:35)
	at TCP.<anonymous> (node:net:343:12)
2025-06-08 23:50:48.525 [info] Extension host with pid 8002 exiting with code 0
