2025-06-15 15:09:03.907 [info] [main] Log level: Info
2025-06-15 15:09:03.907 [info] [main] Validating found git in: "git"
2025-06-15 15:09:03.907 [info] [main] Using git "2.43.0" from "git"
2025-06-15 15:09:03.907 [info] [Model][doInitialScan] Initial repository scan started
2025-06-15 15:09:03.907 [info] > git rev-parse --show-toplevel [11ms]
2025-06-15 15:09:03.907 [info] > git rev-parse --git-dir --git-common-dir [8ms]
2025-06-15 15:09:03.907 [info] [Model][openRepository] Opened repository (path): /home/sammy/Desktop/temp/hello-world
2025-06-15 15:09:03.907 [info] [Model][openRepository] Opened repository (real path): /home/sammy/Desktop/temp/hello-world
2025-06-15 15:09:03.907 [info] > git config --get commit.template [6ms]
2025-06-15 15:09:03.907 [info] > git rev-parse --show-toplevel [286ms]
2025-06-15 15:09:03.907 [info] > git rev-parse --show-toplevel [71ms]
2025-06-15 15:09:03.907 [info] > git for-each-ref --format=%(refname)%00%(upstream:short)%00%(objectname)%00%(upstream:track)%00%(upstream:remotename)%00%(upstream:remoteref) refs/heads/b1 refs/remotes/b1 [79ms]
2025-06-15 15:09:03.923 [info] > git status -z -uall [54ms]
2025-06-15 15:09:03.923 [info] > git for-each-ref --sort -committerdate --format %(refname)%00%(objectname)%00%(*objectname) [46ms]
2025-06-15 15:09:03.992 [info] > git for-each-ref --format=%(refname)%00%(upstream:short)%00%(objectname)%00%(upstream:track)%00%(upstream:remotename)%00%(upstream:remoteref) refs/heads/b1 refs/remotes/b1 [50ms]
2025-06-15 15:09:04.000 [info] > git rev-parse --show-toplevel [84ms]
2025-06-15 15:09:04.059 [info] > git check-ignore -v -z --stdin [52ms]
2025-06-15 15:09:04.062 [info] > git config --get --local branch.b1.vscode-merge-base [62ms]
2025-06-15 15:09:04.070 [info] > git config --get commit.template [79ms]
2025-06-15 15:09:04.076 [info] > git for-each-ref --format=%(refname)%00%(upstream:short)%00%(objectname)%00%(upstream:track)%00%(upstream:remotename)%00%(upstream:remoteref) refs/heads/origin/main refs/remotes/origin/main [6ms]
2025-06-15 15:09:04.077 [info] > git rev-parse --show-toplevel [27ms]
2025-06-15 15:09:04.104 [info] > git rev-parse --show-toplevel [5ms]
2025-06-15 15:09:04.105 [info] > git for-each-ref --format=%(refname)%00%(upstream:short)%00%(objectname)%00%(upstream:track)%00%(upstream:remotename)%00%(upstream:remoteref) refs/heads/b1 refs/remotes/b1 [16ms]
2025-06-15 15:09:04.133 [info] > git status -z -uall [20ms]
2025-06-15 15:09:04.137 [info] > git rev-parse --show-toplevel [7ms]
2025-06-15 15:09:04.137 [info] > git for-each-ref --sort -committerdate --format %(refname)%00%(objectname)%00%(*objectname) [16ms]
2025-06-15 15:09:04.147 [info] > git rev-parse --show-toplevel [2ms]
2025-06-15 15:09:04.149 [info] [Model][doInitialScan] Initial repository scan completed - repositories (1), closed repositories (0), parent repositories (0), unsafe repositories (0)
2025-06-15 15:09:04.175 [info] > git show --textconv :LinkedLists/doublyLLL.cpp [14ms]
2025-06-15 15:09:04.175 [info] > git ls-files --stage -- LinkedLists/doublyLLL.cpp [3ms]
2025-06-15 15:09:04.185 [info] > git cat-file -s a9f481297bdcd1596873a7791baa5a711b1c2207 [3ms]
2025-06-15 15:09:13.845 [info] > git blame --root --incremental a9091676145d6bc7f985c67d2612e7d7fcdc7970 -- LinkedLists/doublyLLL.cpp [4ms]
2025-06-15 15:11:19.054 [info] > git show --textconv :LinkedLists/flattenDFS.cpp [8ms]
2025-06-15 15:11:19.054 [info] > git ls-files --stage -- LinkedLists/flattenDFS.cpp [1ms]
2025-06-15 15:11:19.063 [info] > git cat-file -s 01d14bff326bd5eddf971f7fa39a869e25b6c4ba [1ms]
2025-06-15 15:11:20.023 [info] > git blame --root --incremental a9091676145d6bc7f985c67d2612e7d7fcdc7970 -- LinkedLists/flattenDFS.cpp [10ms]
2025-06-15 15:12:00.276 [info] > git show --textconv :LinkedLists/mergeSortLL.cpp [8ms]
2025-06-15 15:12:00.277 [info] > git ls-files --stage -- LinkedLists/mergeSortLL.cpp [2ms]
2025-06-15 15:12:00.283 [info] > git cat-file -s a8c2f74a59fc993fc9668465e96a4e410a708985 [1ms]
2025-06-15 15:12:00.298 [info] > git blame --root --incremental a9091676145d6bc7f985c67d2612e7d7fcdc7970 -- LinkedLists/mergeSortLL.cpp [4ms]
2025-06-15 15:12:01.798 [info] > git show --textconv :LinkedLists/rcReverseLL.cpp [9ms]
2025-06-15 15:12:01.798 [info] > git ls-files --stage -- LinkedLists/rcReverseLL.cpp [1ms]
2025-06-15 15:12:01.804 [info] > git cat-file -s ff06db8e2d818fe6f7e57b02c3d5b7eb7ce87c90 [1ms]
2025-06-15 15:12:05.647 [info] > git check-ignore -v -z --stdin [2ms]
2025-06-15 15:12:11.348 [info] > git check-ignore -v -z --stdin [2ms]
2025-06-15 15:13:53.654 [info] > git config --get commit.template [14ms]
2025-06-15 15:13:53.654 [info] > git for-each-ref --format=%(refname)%00%(upstream:short)%00%(objectname)%00%(upstream:track)%00%(upstream:remotename)%00%(upstream:remoteref) refs/heads/b1 refs/remotes/b1 [2ms]
2025-06-15 15:13:53.678 [info] > git status -z -uall [15ms]
2025-06-15 15:13:53.678 [info] > git check-ignore -v -z --stdin [1ms]
2025-06-15 15:13:53.678 [info] > git for-each-ref --sort -committerdate --format %(refname)%00%(objectname)%00%(*objectname) [7ms]
2025-06-15 15:21:41.275 [info] > git config --get commit.template [12ms]
2025-06-15 15:21:41.276 [info] > git for-each-ref --format=%(refname)%00%(upstream:short)%00%(objectname)%00%(upstream:track)%00%(upstream:remotename)%00%(upstream:remoteref) refs/heads/b1 refs/remotes/b1 [2ms]
2025-06-15 15:21:41.292 [info] > git status -z -uall [7ms]
2025-06-15 15:21:41.293 [info] > git for-each-ref --sort -committerdate --format %(refname)%00%(objectname)%00%(*objectname) [2ms]
2025-06-15 15:21:55.258 [info] > git config --get commit.template [2ms]
2025-06-15 15:21:55.268 [info] > git for-each-ref --format=%(refname)%00%(upstream:short)%00%(objectname)%00%(upstream:track)%00%(upstream:remotename)%00%(upstream:remoteref) refs/heads/b1 refs/remotes/b1 [2ms]
2025-06-15 15:21:55.281 [info] > git status -z -uall [8ms]
2025-06-15 15:21:55.282 [info] > git for-each-ref --sort -committerdate --format %(refname)%00%(objectname)%00%(*objectname) [3ms]
2025-06-15 15:29:38.908 [info] > git config --get commit.template [13ms]
2025-06-15 15:29:38.909 [info] > git for-each-ref --format=%(refname)%00%(upstream:short)%00%(objectname)%00%(upstream:track)%00%(upstream:remotename)%00%(upstream:remoteref) refs/heads/b1 refs/remotes/b1 [4ms]
2025-06-15 15:29:38.933 [info] > git status -z -uall [13ms]
2025-06-15 15:29:38.934 [info] > git for-each-ref --sort -committerdate --format %(refname)%00%(objectname)%00%(*objectname) [3ms]
2025-06-15 15:51:36.230 [info] > git config --get commit.template [11ms]
2025-06-15 15:51:36.231 [info] > git for-each-ref --format=%(refname)%00%(upstream:short)%00%(objectname)%00%(upstream:track)%00%(upstream:remotename)%00%(upstream:remoteref) refs/heads/b1 refs/remotes/b1 [3ms]
2025-06-15 15:51:36.242 [info] > git status -z -uall [6ms]
2025-06-15 15:51:36.242 [info] > git for-each-ref --sort -committerdate --format %(refname)%00%(objectname)%00%(*objectname) [1ms]
2025-06-15 15:51:48.388 [info] > git config --get commit.template [13ms]
2025-06-15 15:51:48.389 [info] > git for-each-ref --format=%(refname)%00%(upstream:short)%00%(objectname)%00%(upstream:track)%00%(upstream:remotename)%00%(upstream:remoteref) refs/heads/b1 refs/remotes/b1 [2ms]
2025-06-15 15:51:48.409 [info] > git status -z -uall [9ms]
2025-06-15 15:51:48.410 [info] > git for-each-ref --sort -committerdate --format %(refname)%00%(objectname)%00%(*objectname) [2ms]
2025-06-15 15:51:49.102 [info] > git log --format=%H%n%aN%n%aE%n%at%n%ct%n%P%n%D%n%B -z --shortstat --diff-merges=first-parent -n50 --skip=0 --topo-order --decorate=full --stdin [57ms]
2025-06-15 15:51:49.632 [info] > git check-ignore -v -z --stdin [1ms]
2025-06-15 15:51:54.069 [info] > git config --get commit.template [10ms]
2025-06-15 15:51:54.069 [info] > git for-each-ref --format=%(refname)%00%(upstream:short)%00%(objectname)%00%(upstream:track)%00%(upstream:remotename)%00%(upstream:remoteref) refs/heads/b1 refs/remotes/b1 [1ms]
2025-06-15 15:51:54.080 [info] > git status -z -uall [6ms]
2025-06-15 15:51:54.080 [info] > git for-each-ref --sort -committerdate --format %(refname)%00%(objectname)%00%(*objectname) [1ms]
2025-06-15 16:03:47.253 [info] > git config --get commit.template [14ms]
2025-06-15 16:03:47.253 [info] > git for-each-ref --format=%(refname)%00%(upstream:short)%00%(objectname)%00%(upstream:track)%00%(upstream:remotename)%00%(upstream:remoteref) refs/heads/b1 refs/remotes/b1 [3ms]
2025-06-15 16:03:47.270 [info] > git status -z -uall [8ms]
2025-06-15 16:03:47.270 [info] > git for-each-ref --sort -committerdate --format %(refname)%00%(objectname)%00%(*objectname) [1ms]
2025-06-15 16:03:57.329 [info] > git config --get commit.template [14ms]
2025-06-15 16:03:57.330 [info] > git for-each-ref --format=%(refname)%00%(upstream:short)%00%(objectname)%00%(upstream:track)%00%(upstream:remotename)%00%(upstream:remoteref) refs/heads/b1 refs/remotes/b1 [2ms]
2025-06-15 16:03:57.349 [info] > git status -z -uall [10ms]
2025-06-15 16:03:57.350 [info] > git for-each-ref --sort -committerdate --format %(refname)%00%(objectname)%00%(*objectname) [1ms]
2025-06-15 16:20:23.654 [info] > git config --get commit.template [12ms]
2025-06-15 16:20:23.655 [info] > git for-each-ref --format=%(refname)%00%(upstream:short)%00%(objectname)%00%(upstream:track)%00%(upstream:remotename)%00%(upstream:remoteref) refs/heads/b1 refs/remotes/b1 [2ms]
2025-06-15 16:20:23.670 [info] > git status -z -uall [7ms]
2025-06-15 16:20:23.671 [info] > git for-each-ref --sort -committerdate --format %(refname)%00%(objectname)%00%(*objectname) [2ms]
2025-06-15 16:20:35.164 [info] > git config --get commit.template [12ms]
2025-06-15 16:20:35.165 [info] > git for-each-ref --format=%(refname)%00%(upstream:short)%00%(objectname)%00%(upstream:track)%00%(upstream:remotename)%00%(upstream:remoteref) refs/heads/b1 refs/remotes/b1 [1ms]
2025-06-15 16:20:35.182 [info] > git status -z -uall [9ms]
2025-06-15 16:20:35.184 [info] > git for-each-ref --sort -committerdate --format %(refname)%00%(objectname)%00%(*objectname) [2ms]
2025-06-15 16:21:02.460 [info] > git config --get commit.template [12ms]
2025-06-15 16:21:02.461 [info] > git for-each-ref --format=%(refname)%00%(upstream:short)%00%(objectname)%00%(upstream:track)%00%(upstream:remotename)%00%(upstream:remoteref) refs/heads/b1 refs/remotes/b1 [2ms]
2025-06-15 16:21:02.478 [info] > git status -z -uall [7ms]
2025-06-15 16:21:02.479 [info] > git for-each-ref --sort -committerdate --format %(refname)%00%(objectname)%00%(*objectname) [1ms]
2025-06-15 16:21:07.505 [info] > git config --get commit.template [10ms]
2025-06-15 16:21:07.505 [info] > git for-each-ref --format=%(refname)%00%(upstream:short)%00%(objectname)%00%(upstream:track)%00%(upstream:remotename)%00%(upstream:remoteref) refs/heads/b1 refs/remotes/b1 [3ms]
2025-06-15 16:21:07.521 [info] > git status -z -uall [8ms]
2025-06-15 16:21:07.522 [info] > git for-each-ref --sort -committerdate --format %(refname)%00%(objectname)%00%(*objectname) [2ms]
2025-06-15 16:23:14.473 [info] > git config --get commit.template [13ms]
2025-06-15 16:23:14.474 [info] > git for-each-ref --format=%(refname)%00%(upstream:short)%00%(objectname)%00%(upstream:track)%00%(upstream:remotename)%00%(upstream:remoteref) refs/heads/b1 refs/remotes/b1 [2ms]
2025-06-15 16:23:14.492 [info] > git status -z -uall [9ms]
2025-06-15 16:23:14.493 [info] > git for-each-ref --sort -committerdate --format %(refname)%00%(objectname)%00%(*objectname) [1ms]
2025-06-15 16:35:37.440 [info] > git config --get commit.template [11ms]
2025-06-15 16:35:37.441 [info] > git for-each-ref --format=%(refname)%00%(upstream:short)%00%(objectname)%00%(upstream:track)%00%(upstream:remotename)%00%(upstream:remoteref) refs/heads/b1 refs/remotes/b1 [2ms]
2025-06-15 16:35:37.458 [info] > git status -z -uall [10ms]
2025-06-15 16:35:37.459 [info] > git for-each-ref --sort -committerdate --format %(refname)%00%(objectname)%00%(*objectname) [3ms]
2025-06-15 16:36:19.091 [info] > git config --get commit.template [13ms]
2025-06-15 16:36:19.092 [info] > git for-each-ref --format=%(refname)%00%(upstream:short)%00%(objectname)%00%(upstream:track)%00%(upstream:remotename)%00%(upstream:remoteref) refs/heads/b1 refs/remotes/b1 [2ms]
2025-06-15 16:36:19.109 [info] > git status -z -uall [8ms]
2025-06-15 16:36:19.110 [info] > git for-each-ref --sort -committerdate --format %(refname)%00%(objectname)%00%(*objectname) [2ms]
2025-06-15 16:36:24.133 [info] > git config --get commit.template [12ms]
2025-06-15 16:36:24.134 [info] > git for-each-ref --format=%(refname)%00%(upstream:short)%00%(objectname)%00%(upstream:track)%00%(upstream:remotename)%00%(upstream:remoteref) refs/heads/b1 refs/remotes/b1 [1ms]
2025-06-15 16:36:24.147 [info] > git status -z -uall [8ms]
2025-06-15 16:36:24.149 [info] > git for-each-ref --sort -committerdate --format %(refname)%00%(objectname)%00%(*objectname) [2ms]
2025-06-15 16:57:56.796 [info] > git config --get commit.template [12ms]
2025-06-15 16:57:56.796 [info] > git for-each-ref --format=%(refname)%00%(upstream:short)%00%(objectname)%00%(upstream:track)%00%(upstream:remotename)%00%(upstream:remoteref) refs/heads/b1 refs/remotes/b1 [1ms]
2025-06-15 16:57:56.812 [info] > git status -z -uall [7ms]
2025-06-15 16:57:56.813 [info] > git for-each-ref --sort -committerdate --format %(refname)%00%(objectname)%00%(*objectname) [1ms]
2025-06-15 16:58:39.074 [info] > git config --get commit.template [13ms]
2025-06-15 16:58:39.075 [info] > git for-each-ref --format=%(refname)%00%(upstream:short)%00%(objectname)%00%(upstream:track)%00%(upstream:remotename)%00%(upstream:remoteref) refs/heads/b1 refs/remotes/b1 [2ms]
2025-06-15 16:58:39.092 [info] > git status -z -uall [8ms]
2025-06-15 16:58:39.093 [info] > git for-each-ref --sort -committerdate --format %(refname)%00%(objectname)%00%(*objectname) [2ms]
2025-06-15 16:58:57.018 [info] > git config --get commit.template [14ms]
2025-06-15 16:58:57.019 [info] > git for-each-ref --format=%(refname)%00%(upstream:short)%00%(objectname)%00%(upstream:track)%00%(upstream:remotename)%00%(upstream:remoteref) refs/heads/b1 refs/remotes/b1 [2ms]
2025-06-15 16:58:57.034 [info] > git status -z -uall [8ms]
2025-06-15 16:58:57.035 [info] > git for-each-ref --sort -committerdate --format %(refname)%00%(objectname)%00%(*objectname) [1ms]
2025-06-15 16:59:02.047 [info] > git config --get commit.template [1ms]
2025-06-15 16:59:02.053 [info] > git for-each-ref --format=%(refname)%00%(upstream:short)%00%(objectname)%00%(upstream:track)%00%(upstream:remotename)%00%(upstream:remoteref) refs/heads/b1 refs/remotes/b1 [1ms]
2025-06-15 16:59:02.067 [info] > git status -z -uall [8ms]
2025-06-15 16:59:02.067 [info] > git for-each-ref --sort -committerdate --format %(refname)%00%(objectname)%00%(*objectname) [1ms]
2025-06-15 17:03:31.238 [info] > git config --get commit.template [14ms]
2025-06-15 17:03:31.238 [info] > git for-each-ref --format=%(refname)%00%(upstream:short)%00%(objectname)%00%(upstream:track)%00%(upstream:remotename)%00%(upstream:remoteref) refs/heads/b1 refs/remotes/b1 [2ms]
2025-06-15 17:03:31.256 [info] > git status -z -uall [8ms]
2025-06-15 17:03:31.257 [info] > git for-each-ref --sort -committerdate --format %(refname)%00%(objectname)%00%(*objectname) [2ms]
2025-06-15 17:03:36.659 [info] > git config --get commit.template [6ms]
2025-06-15 17:03:36.660 [info] > git for-each-ref --format=%(refname)%00%(upstream:short)%00%(objectname)%00%(upstream:track)%00%(upstream:remotename)%00%(upstream:remoteref) refs/heads/b1 refs/remotes/b1 [1ms]
2025-06-15 17:03:36.672 [info] > git status -z -uall [6ms]
2025-06-15 17:03:36.673 [info] > git for-each-ref --sort -committerdate --format %(refname)%00%(objectname)%00%(*objectname) [2ms]
2025-06-15 17:04:56.142 [info] > git config --get commit.template [12ms]
2025-06-15 17:04:56.143 [info] > git for-each-ref --format=%(refname)%00%(upstream:short)%00%(objectname)%00%(upstream:track)%00%(upstream:remotename)%00%(upstream:remoteref) refs/heads/b1 refs/remotes/b1 [2ms]
2025-06-15 17:04:56.161 [info] > git status -z -uall [9ms]
2025-06-15 17:04:56.162 [info] > git for-each-ref --sort -committerdate --format %(refname)%00%(objectname)%00%(*objectname) [2ms]
2025-06-15 17:18:35.507 [info] > git config --get commit.template [9ms]
2025-06-15 17:18:35.507 [info] > git for-each-ref --format=%(refname)%00%(upstream:short)%00%(objectname)%00%(upstream:track)%00%(upstream:remotename)%00%(upstream:remoteref) refs/heads/b1 refs/remotes/b1 [1ms]
2025-06-15 17:18:35.520 [info] > git status -z -uall [8ms]
2025-06-15 17:18:35.521 [info] > git for-each-ref --sort -committerdate --format %(refname)%00%(objectname)%00%(*objectname) [2ms]
2025-06-15 17:18:40.535 [info] > git config --get commit.template [1ms]
2025-06-15 17:18:40.548 [info] > git for-each-ref --format=%(refname)%00%(upstream:short)%00%(objectname)%00%(upstream:track)%00%(upstream:remotename)%00%(upstream:remoteref) refs/heads/b1 refs/remotes/b1 [3ms]
2025-06-15 17:18:40.564 [info] > git status -z -uall [6ms]
2025-06-15 17:18:40.565 [info] > git for-each-ref --sort -committerdate --format %(refname)%00%(objectname)%00%(*objectname) [1ms]
2025-06-15 17:19:09.492 [info] > git config --get commit.template [11ms]
2025-06-15 17:19:09.493 [info] > git for-each-ref --format=%(refname)%00%(upstream:short)%00%(objectname)%00%(upstream:track)%00%(upstream:remotename)%00%(upstream:remoteref) refs/heads/b1 refs/remotes/b1 [2ms]
2025-06-15 17:19:09.511 [info] > git status -z -uall [8ms]
2025-06-15 17:19:09.512 [info] > git for-each-ref --sort -committerdate --format %(refname)%00%(objectname)%00%(*objectname) [2ms]
2025-06-15 17:19:27.953 [info] > git config --get commit.template [14ms]
2025-06-15 17:19:27.955 [info] > git for-each-ref --format=%(refname)%00%(upstream:short)%00%(objectname)%00%(upstream:track)%00%(upstream:remotename)%00%(upstream:remoteref) refs/heads/b1 refs/remotes/b1 [1ms]
2025-06-15 17:19:27.974 [info] > git status -z -uall [9ms]
2025-06-15 17:19:27.975 [info] > git for-each-ref --sort -committerdate --format %(refname)%00%(objectname)%00%(*objectname) [2ms]
2025-06-15 17:19:32.999 [info] > git config --get commit.template [10ms]
2025-06-15 17:19:33.000 [info] > git for-each-ref --format=%(refname)%00%(upstream:short)%00%(objectname)%00%(upstream:track)%00%(upstream:remotename)%00%(upstream:remoteref) refs/heads/b1 refs/remotes/b1 [2ms]
2025-06-15 17:19:33.016 [info] > git status -z -uall [7ms]
2025-06-15 17:19:33.017 [info] > git for-each-ref --sort -committerdate --format %(refname)%00%(objectname)%00%(*objectname) [1ms]
2025-06-15 17:19:33.349 [info] > git show --textconv :LinkedLists/circularLLL.cpp [12ms]
2025-06-15 17:19:33.350 [info] > git ls-files --stage -- LinkedLists/circularLLL.cpp [2ms]
2025-06-15 17:19:33.363 [info] > git cat-file -s 7272f5d7996d1b44a6a5f5cd7558705a45c5e90e [2ms]
2025-06-15 17:19:33.400 [info] > git blame --root --incremental 223d16e4dad18e28e85116ac72d0b610e8a75fd2 -- LinkedLists/circularLLL.cpp [1ms]
2025-06-15 18:00:07.875 [info] > git config --get commit.template [15ms]
2025-06-15 18:00:07.876 [info] > git for-each-ref --format=%(refname)%00%(upstream:short)%00%(objectname)%00%(upstream:track)%00%(upstream:remotename)%00%(upstream:remoteref) refs/heads/b1 refs/remotes/b1 [2ms]
2025-06-15 18:00:07.894 [info] > git status -z -uall [9ms]
2025-06-15 18:00:07.895 [info] > git for-each-ref --sort -committerdate --format %(refname)%00%(objectname)%00%(*objectname) [1ms]
2025-06-15 18:00:10.863 [info] > git check-ignore -v -z --stdin [2ms]
2025-06-15 18:00:13.127 [info] > git show --textconv :LinkedLists/flattenDFS.cpp [10ms]
2025-06-15 18:00:13.128 [info] > git ls-files --stage -- LinkedLists/flattenDFS.cpp [2ms]
2025-06-15 18:00:13.134 [info] > git cat-file -s 01d14bff326bd5eddf971f7fa39a869e25b6c4ba [1ms]
2025-06-15 18:00:13.148 [info] > git blame --root --incremental 223d16e4dad18e28e85116ac72d0b610e8a75fd2 -- LinkedLists/flattenDFS.cpp [1ms]
2025-06-15 18:00:13.786 [info] > git show --textconv :LinkedLists/circularLLL.cpp [8ms]
2025-06-15 18:00:13.787 [info] > git ls-files --stage -- LinkedLists/circularLLL.cpp [1ms]
2025-06-15 18:00:13.797 [info] > git cat-file -s 7272f5d7996d1b44a6a5f5cd7558705a45c5e90e [1ms]
2025-06-15 18:00:24.802 [info] > git show --textconv :LinkedLists/circularLLL.cpp [9ms]
2025-06-15 18:00:24.803 [info] > git ls-files --stage -- LinkedLists/circularLLL.cpp [2ms]
2025-06-15 18:00:24.811 [info] > git cat-file -s 7272f5d7996d1b44a6a5f5cd7558705a45c5e90e [1ms]
2025-06-15 18:00:54.556 [info] > git show --textconv :LinkedLists/circularLLL.cpp [9ms]
2025-06-15 18:00:54.557 [info] > git ls-files --stage -- LinkedLists/circularLLL.cpp [1ms]
2025-06-15 18:00:54.563 [info] > git cat-file -s 7272f5d7996d1b44a6a5f5cd7558705a45c5e90e [1ms]
2025-06-15 18:01:55.162 [info] > git show --textconv :LinkedLists/circularLLL.cpp [7ms]
2025-06-15 18:01:55.163 [info] > git ls-files --stage -- LinkedLists/circularLLL.cpp [2ms]
2025-06-15 18:01:55.170 [info] > git cat-file -s 7272f5d7996d1b44a6a5f5cd7558705a45c5e90e [1ms]
2025-06-15 18:07:31.132 [info] > git config --get commit.template [8ms]
2025-06-15 18:07:31.132 [info] > git for-each-ref --format=%(refname)%00%(upstream:short)%00%(objectname)%00%(upstream:track)%00%(upstream:remotename)%00%(upstream:remoteref) refs/heads/b1 refs/remotes/b1 [1ms]
2025-06-15 18:07:31.145 [info] > git status -z -uall [6ms]
2025-06-15 18:07:31.146 [info] > git for-each-ref --sort -committerdate --format %(refname)%00%(objectname)%00%(*objectname) [1ms]
2025-06-15 18:07:47.359 [info] > git config --get commit.template [8ms]
2025-06-15 18:07:47.359 [info] > git for-each-ref --format=%(refname)%00%(upstream:short)%00%(objectname)%00%(upstream:track)%00%(upstream:remotename)%00%(upstream:remoteref) refs/heads/b1 refs/remotes/b1 [1ms]
2025-06-15 18:07:47.372 [info] > git status -z -uall [6ms]
2025-06-15 18:07:47.373 [info] > git for-each-ref --sort -committerdate --format %(refname)%00%(objectname)%00%(*objectname) [1ms]
2025-06-15 18:07:52.388 [info] > git config --get commit.template [1ms]
2025-06-15 18:07:52.399 [info] > git for-each-ref --format=%(refname)%00%(upstream:short)%00%(objectname)%00%(upstream:track)%00%(upstream:remotename)%00%(upstream:remoteref) refs/heads/b1 refs/remotes/b1 [2ms]
2025-06-15 18:07:52.418 [info] > git status -z -uall [10ms]
2025-06-15 18:07:52.420 [info] > git for-each-ref --sort -committerdate --format %(refname)%00%(objectname)%00%(*objectname) [2ms]
2025-06-15 18:08:16.635 [info] > git config --get commit.template [15ms]
2025-06-15 18:08:16.636 [info] > git for-each-ref --format=%(refname)%00%(upstream:short)%00%(objectname)%00%(upstream:track)%00%(upstream:remotename)%00%(upstream:remoteref) refs/heads/b1 refs/remotes/b1 [2ms]
2025-06-15 18:08:16.653 [info] > git status -z -uall [9ms]
2025-06-15 18:08:16.654 [info] > git for-each-ref --sort -committerdate --format %(refname)%00%(objectname)%00%(*objectname) [2ms]
2025-06-15 18:08:29.020 [info] > git config --get commit.template [10ms]
2025-06-15 18:08:29.021 [info] > git for-each-ref --format=%(refname)%00%(upstream:short)%00%(objectname)%00%(upstream:track)%00%(upstream:remotename)%00%(upstream:remoteref) refs/heads/b1 refs/remotes/b1 [2ms]
2025-06-15 18:08:29.036 [info] > git status -z -uall [7ms]
2025-06-15 18:08:29.036 [info] > git for-each-ref --sort -committerdate --format %(refname)%00%(objectname)%00%(*objectname) [1ms]
2025-06-15 18:08:34.058 [info] > git config --get commit.template [11ms]
2025-06-15 18:08:34.059 [info] > git for-each-ref --format=%(refname)%00%(upstream:short)%00%(objectname)%00%(upstream:track)%00%(upstream:remotename)%00%(upstream:remoteref) refs/heads/b1 refs/remotes/b1 [1ms]
2025-06-15 18:08:34.072 [info] > git status -z -uall [6ms]
2025-06-15 18:08:34.074 [info] > git for-each-ref --sort -committerdate --format %(refname)%00%(objectname)%00%(*objectname) [2ms]
2025-06-15 18:10:22.222 [info] > git config --get commit.template [9ms]
2025-06-15 18:10:22.223 [info] > git for-each-ref --format=%(refname)%00%(upstream:short)%00%(objectname)%00%(upstream:track)%00%(upstream:remotename)%00%(upstream:remoteref) refs/heads/b1 refs/remotes/b1 [1ms]
2025-06-15 18:10:22.237 [info] > git status -z -uall [9ms]
2025-06-15 18:10:22.238 [info] > git for-each-ref --sort -committerdate --format %(refname)%00%(objectname)%00%(*objectname) [2ms]
2025-06-15 18:10:39.227 [info] > git config --get commit.template [13ms]
2025-06-15 18:10:39.228 [info] > git for-each-ref --format=%(refname)%00%(upstream:short)%00%(objectname)%00%(upstream:track)%00%(upstream:remotename)%00%(upstream:remoteref) refs/heads/b1 refs/remotes/b1 [2ms]
2025-06-15 18:10:39.245 [info] > git status -z -uall [7ms]
2025-06-15 18:10:39.247 [info] > git for-each-ref --sort -committerdate --format %(refname)%00%(objectname)%00%(*objectname) [2ms]
2025-06-15 18:10:44.271 [info] > git config --get commit.template [12ms]
2025-06-15 18:10:44.271 [info] > git for-each-ref --format=%(refname)%00%(upstream:short)%00%(objectname)%00%(upstream:track)%00%(upstream:remotename)%00%(upstream:remoteref) refs/heads/b1 refs/remotes/b1 [1ms]
2025-06-15 18:10:44.286 [info] > git status -z -uall [7ms]
2025-06-15 18:10:44.287 [info] > git for-each-ref --sort -committerdate --format %(refname)%00%(objectname)%00%(*objectname) [1ms]
2025-06-15 18:10:44.614 [info] > git show --textconv :LinkedLists/josephus.cpp [6ms]
2025-06-15 18:10:44.615 [info] > git ls-files --stage -- LinkedLists/josephus.cpp [2ms]
2025-06-15 18:10:44.624 [info] > git cat-file -s 5ec17e27907328cf96156364a5f25671605fcf7b [1ms]
2025-06-15 18:10:44.648 [info] > git blame --root --incremental bfdc58e39699842ea60bcfdd6b0fd6b0a4985b58 -- LinkedLists/josephus.cpp [3ms]
2025-06-15 18:12:16.980 [info] > git config --get commit.template [3ms]
2025-06-15 18:12:16.990 [info] > git for-each-ref --format=%(refname)%00%(upstream:short)%00%(objectname)%00%(upstream:track)%00%(upstream:remotename)%00%(upstream:remoteref) refs/heads/b1 refs/remotes/b1 [2ms]
2025-06-15 18:12:17.003 [info] > git status -z -uall [6ms]
2025-06-15 18:12:17.004 [info] > git for-each-ref --sort -committerdate --format %(refname)%00%(objectname)%00%(*objectname) [1ms]
2025-06-15 18:12:28.302 [info] > git config --get commit.template [13ms]
2025-06-15 18:12:28.302 [info] > git for-each-ref --format=%(refname)%00%(upstream:short)%00%(objectname)%00%(upstream:track)%00%(upstream:remotename)%00%(upstream:remoteref) refs/heads/b1 refs/remotes/b1 [2ms]
2025-06-15 18:12:28.321 [info] > git status -z -uall [8ms]
2025-06-15 18:12:28.322 [info] > git for-each-ref --sort -committerdate --format %(refname)%00%(objectname)%00%(*objectname) [2ms]
2025-06-15 18:12:33.333 [info] > git config --get commit.template [1ms]
2025-06-15 18:12:33.342 [info] > git for-each-ref --format=%(refname)%00%(upstream:short)%00%(objectname)%00%(upstream:track)%00%(upstream:remotename)%00%(upstream:remoteref) refs/heads/b1 refs/remotes/b1 [2ms]
2025-06-15 18:12:33.355 [info] > git status -z -uall [7ms]
2025-06-15 18:12:33.356 [info] > git for-each-ref --sort -committerdate --format %(refname)%00%(objectname)%00%(*objectname) [1ms]
2025-06-15 18:12:38.370 [info] > git config --get commit.template [1ms]
2025-06-15 18:12:38.382 [info] > git for-each-ref --format=%(refname)%00%(upstream:short)%00%(objectname)%00%(upstream:track)%00%(upstream:remotename)%00%(upstream:remoteref) refs/heads/b1 refs/remotes/b1 [1ms]
2025-06-15 18:12:38.398 [info] > git status -z -uall [9ms]
2025-06-15 18:12:38.400 [info] > git for-each-ref --sort -committerdate --format %(refname)%00%(objectname)%00%(*objectname) [2ms]
2025-06-15 18:12:43.422 [info] > git config --get commit.template [11ms]
2025-06-15 18:12:43.422 [info] > git for-each-ref --format=%(refname)%00%(upstream:short)%00%(objectname)%00%(upstream:track)%00%(upstream:remotename)%00%(upstream:remoteref) refs/heads/b1 refs/remotes/b1 [1ms]
2025-06-15 18:12:43.441 [info] > git status -z -uall [10ms]
2025-06-15 18:12:43.442 [info] > git for-each-ref --sort -committerdate --format %(refname)%00%(objectname)%00%(*objectname) [2ms]
2025-06-15 18:12:46.398 [info] > git ls-files --stage -- LinkedLists/josephus.cpp [1ms]
2025-06-15 18:12:46.406 [info] > git cat-file -s 3ff7e164e008320744cf206984136872f4d6a0b7 [1ms]
2025-06-15 18:12:46.415 [info] > git show --textconv :LinkedLists/josephus.cpp [1ms]
2025-06-15 18:12:48.470 [info] > git config --get commit.template [13ms]
2025-06-15 18:12:48.471 [info] > git for-each-ref --format=%(refname)%00%(upstream:short)%00%(objectname)%00%(upstream:track)%00%(upstream:remotename)%00%(upstream:remoteref) refs/heads/b1 refs/remotes/b1 [2ms]
2025-06-15 18:12:48.491 [info] > git status -z -uall [10ms]
2025-06-15 18:12:48.492 [info] > git for-each-ref --sort -committerdate --format %(refname)%00%(objectname)%00%(*objectname) [1ms]
2025-06-15 18:12:48.504 [info] > git blame --root --incremental 8e5c8ada87051fad61f26a1033c60574e8802e91 -- LinkedLists/josephus.cpp [2ms]
2025-06-15 18:12:49.037 [info] > git config --get commit.template [7ms]
2025-06-15 18:12:49.037 [info] > git for-each-ref --format=%(refname)%00%(upstream:short)%00%(objectname)%00%(upstream:track)%00%(upstream:remotename)%00%(upstream:remoteref) refs/heads/main refs/remotes/main [2ms]
2025-06-15 18:12:49.053 [info] > git status -z -uall [8ms]
2025-06-15 18:12:49.054 [info] > git for-each-ref --sort -committerdate --format %(refname)%00%(objectname)%00%(*objectname) [2ms]
2025-06-15 18:12:49.070 [info] > git blame --root --incremental a2337c7ab788e0ee02b09b89fb07a39fd76a5907 -- LinkedLists/josephus.cpp [8ms]
2025-06-15 18:12:49.070 [info] fatal: no such path LinkedLists/josephus.cpp in a2337c7ab788e0ee02b09b89fb07a39fd76a5907
2025-06-15 18:12:49.071 [info] > git for-each-ref --format=%(refname)%00%(upstream:short)%00%(objectname)%00%(upstream:track)%00%(upstream:remotename)%00%(upstream:remoteref) refs/heads/main refs/remotes/main [2ms]
2025-06-15 18:12:49.080 [info] > git config --get --local branch.main.vscode-merge-base [1ms]
2025-06-15 18:12:49.086 [info] > git for-each-ref --format=%(refname)%00%(upstream:short)%00%(objectname)%00%(upstream:track)%00%(upstream:remotename)%00%(upstream:remoteref) refs/heads/origin/main refs/remotes/origin/main [1ms]
2025-06-15 18:12:49.096 [info] > git merge-base refs/heads/main refs/remotes/origin/main [1ms]
2025-06-15 18:12:49.103 [info] > git diff --name-status -z --diff-filter=ADMR a2337c7ab788e0ee02b09b89fb07a39fd76a5907...refs/remotes/origin/main [1ms]
2025-06-15 18:12:50.211 [info] > git ls-files --stage -- LinkedLists/josephus.cpp [1ms]
2025-06-15 18:12:50.226 [info] > git hash-object -t tree /dev/null [2ms]
2025-06-15 18:12:50.227 [warning] [GitFileSystemProvider][stat] File not found - git:/home/sammy/Desktop/temp/hello-world/LinkedLists/josephus.cpp.git?%7B%22path%22%3A%22%2Fhome%2Fsammy%2FDesktop%2Ftemp%2Fhello-world%2FLinkedLists%2Fjosephus.cpp%22%2C%22ref%22%3A%22%22%7D
2025-06-15 18:12:53.529 [info] > git config --get commit.template [10ms]
2025-06-15 18:12:53.530 [info] > git for-each-ref --format=%(refname)%00%(upstream:short)%00%(objectname)%00%(upstream:track)%00%(upstream:remotename)%00%(upstream:remoteref) refs/heads/main refs/remotes/main [2ms]
2025-06-15 18:12:53.549 [info] > git status -z -uall [9ms]
2025-06-15 18:12:53.550 [info] > git for-each-ref --sort -committerdate --format %(refname)%00%(objectname)%00%(*objectname) [1ms]
2025-06-15 18:12:56.713 [info] > git ls-files --stage -- LinkedLists/josephus.cpp [2ms]
2025-06-15 18:12:56.726 [info] > git cat-file -s 3ff7e164e008320744cf206984136872f4d6a0b7 [1ms]
2025-06-15 18:12:56.735 [info] > git show --textconv :LinkedLists/josephus.cpp [2ms]
2025-06-15 18:12:57.714 [info] > git config --get commit.template [7ms]
2025-06-15 18:12:57.714 [info] > git for-each-ref --format=%(refname)%00%(upstream:short)%00%(objectname)%00%(upstream:track)%00%(upstream:remotename)%00%(upstream:remoteref) refs/heads/main refs/remotes/main [1ms]
2025-06-15 18:12:57.729 [info] > git status -z -uall [8ms]
2025-06-15 18:12:57.729 [info] > git for-each-ref --sort -committerdate --format %(refname)%00%(objectname)%00%(*objectname) [1ms]
2025-06-15 18:12:57.745 [info] > git blame --root --incremental 69b9dcc6dfe90b98e8bb035d9f0b8256f1c64bba -- LinkedLists/josephus.cpp [8ms]
2025-06-15 18:12:57.747 [info] > git merge-base refs/heads/main refs/remotes/origin/main [2ms]
2025-06-15 18:12:57.754 [info] > git diff --name-status -z --diff-filter=ADMR a2337c7ab788e0ee02b09b89fb07a39fd76a5907...refs/remotes/origin/main [1ms]
2025-06-15 18:12:58.574 [info] > git config --get commit.template [12ms]
2025-06-15 18:12:58.576 [info] > git for-each-ref --format=%(refname)%00%(upstream:short)%00%(objectname)%00%(upstream:track)%00%(upstream:remotename)%00%(upstream:remoteref) refs/heads/main refs/remotes/main [3ms]
2025-06-15 18:12:58.594 [info] > git status -z -uall [7ms]
2025-06-15 18:12:58.595 [info] > git for-each-ref --sort -committerdate --format %(refname)%00%(objectname)%00%(*objectname) [2ms]
2025-06-15 18:12:58.871 [info] > git ls-files --stage -- LinkedLists/josephus.cpp [1ms]
2025-06-15 18:12:58.879 [info] > git cat-file -s 3ff7e164e008320744cf206984136872f4d6a0b7 [1ms]
2025-06-15 18:12:58.886 [info] > git show --textconv :LinkedLists/josephus.cpp [1ms]
2025-06-15 18:13:03.620 [info] > git config --get commit.template [11ms]
2025-06-15 18:13:03.622 [info] > git for-each-ref --format=%(refname)%00%(upstream:short)%00%(objectname)%00%(upstream:track)%00%(upstream:remotename)%00%(upstream:remoteref) refs/heads/main refs/remotes/main [3ms]
2025-06-15 18:13:03.640 [info] > git status -z -uall [8ms]
2025-06-15 18:13:03.642 [info] > git for-each-ref --sort -committerdate --format %(refname)%00%(objectname)%00%(*objectname) [2ms]
2025-06-15 18:13:10.713 [info] > git config --get commit.template [9ms]
2025-06-15 18:13:10.714 [info] > git for-each-ref --format=%(refname)%00%(upstream:short)%00%(objectname)%00%(upstream:track)%00%(upstream:remotename)%00%(upstream:remoteref) refs/heads/main refs/remotes/main [1ms]
2025-06-15 18:13:10.732 [info] > git status -z -uall [9ms]
2025-06-15 18:13:10.733 [info] > git for-each-ref --sort -committerdate --format %(refname)%00%(objectname)%00%(*objectname) [2ms]
2025-06-15 18:13:10.742 [info] > git merge-base refs/heads/main refs/remotes/origin/main [2ms]
2025-06-15 18:13:10.748 [info] > git diff --name-status -z --diff-filter=ADMR 69b9dcc6dfe90b98e8bb035d9f0b8256f1c64bba...refs/remotes/origin/main [1ms]
2025-06-15 18:13:10.810 [info] > git ls-files --stage -- LinkedLists/josephus.cpp [3ms]
2025-06-15 18:13:10.819 [info] > git cat-file -s 3ff7e164e008320744cf206984136872f4d6a0b7 [1ms]
2025-06-15 18:13:10.826 [info] > git show --textconv :LinkedLists/josephus.cpp [1ms]
2025-06-15 18:13:25.601 [info] > git config --get commit.template [7ms]
2025-06-15 18:13:25.602 [info] > git for-each-ref --format=%(refname)%00%(upstream:short)%00%(objectname)%00%(upstream:track)%00%(upstream:remotename)%00%(upstream:remoteref) refs/heads/b1 refs/remotes/b1 [2ms]
2025-06-15 18:13:25.616 [info] > git status -z -uall [6ms]
2025-06-15 18:13:25.616 [info] > git for-each-ref --sort -committerdate --format %(refname)%00%(objectname)%00%(*objectname) [1ms]
2025-06-15 18:13:25.628 [info] > git for-each-ref --format=%(refname)%00%(upstream:short)%00%(objectname)%00%(upstream:track)%00%(upstream:remotename)%00%(upstream:remoteref) refs/heads/b1 refs/remotes/b1 [2ms]
2025-06-15 18:13:25.635 [info] > git config --get --local branch.b1.vscode-merge-base [1ms]
2025-06-15 18:13:25.643 [info] > git for-each-ref --format=%(refname)%00%(upstream:short)%00%(objectname)%00%(upstream:track)%00%(upstream:remotename)%00%(upstream:remoteref) refs/heads/origin/main refs/remotes/origin/main [1ms]
2025-06-15 18:13:26.662 [info] > git config --get commit.template [1ms]
2025-06-15 18:13:26.672 [info] > git for-each-ref --format=%(refname)%00%(upstream:short)%00%(objectname)%00%(upstream:track)%00%(upstream:remotename)%00%(upstream:remoteref) refs/heads/b1 refs/remotes/b1 [2ms]
2025-06-15 18:13:26.690 [info] > git status -z -uall [8ms]
2025-06-15 18:13:26.692 [info] > git for-each-ref --sort -committerdate --format %(refname)%00%(objectname)%00%(*objectname) [2ms]
2025-06-15 18:13:26.759 [info] > git ls-files --stage -- LinkedLists/josephus.cpp [1ms]
2025-06-15 18:13:26.772 [info] > git cat-file -s 3ff7e164e008320744cf206984136872f4d6a0b7 [2ms]
2025-06-15 18:13:26.786 [info] > git show --textconv :LinkedLists/josephus.cpp [2ms]
