2025-06-24 18:59:42.152 [info] Reading sessions from keychain...
2025-06-24 18:59:42.152 [info] Getting sessions for all scopes...
2025-06-24 18:59:42.152 [info] Getting sessions for all scopes...
2025-06-24 18:59:42.152 [info] Getting sessions for all scopes...
2025-06-24 18:59:42.152 [info] Getting sessions for all scopes...
2025-06-24 18:59:42.152 [info] Getting sessions for all scopes...
2025-06-24 18:59:42.152 [info] Getting sessions for all scopes...
2025-06-24 18:59:42.152 [info] Getting sessions for all scopes...
2025-06-24 18:59:42.152 [info] Getting sessions for all scopes...
2025-06-24 18:59:42.241 [info] Got stored sessions!
2025-06-24 18:59:42.241 [info] Got 1 verified sessions.
2025-06-24 18:59:42.241 [info] Got 1 sessions for ...
2025-06-24 18:59:42.241 [info] Got 1 sessions for ...
2025-06-24 18:59:42.241 [info] Got 1 sessions for ...
2025-06-24 18:59:42.241 [info] Got 1 sessions for ...
2025-06-24 18:59:42.241 [info] Got 1 sessions for ...
2025-06-24 18:59:42.241 [info] Got 1 sessions for ...
2025-06-24 18:59:42.241 [info] Got 1 sessions for ...
2025-06-24 18:59:42.241 [info] Got 1 sessions for ...
2025-06-24 18:59:42.250 [info] Getting sessions for all scopes...
2025-06-24 18:59:42.250 [info] Got 1 sessions for ...
2025-06-24 18:59:42.250 [info] Getting sessions for all scopes...
2025-06-24 18:59:42.250 [info] Got 1 sessions for ...
2025-06-24 18:59:42.250 [info] Getting sessions for all scopes...
2025-06-24 18:59:42.250 [info] Got 1 sessions for ...
2025-06-24 18:59:42.250 [info] Getting sessions for all scopes...
2025-06-24 18:59:42.250 [info] Got 1 sessions for ...
2025-06-24 18:59:42.250 [info] Getting sessions for all scopes...
2025-06-24 18:59:42.250 [info] Got 1 sessions for ...
2025-06-24 18:59:42.250 [info] Getting sessions for all scopes...
2025-06-24 18:59:42.250 [info] Got 1 sessions for ...
2025-06-24 18:59:42.331 [info] Getting sessions for all scopes...
2025-06-24 18:59:42.331 [info] Got 1 sessions for ...
2025-06-24 18:59:42.787 [info] Getting sessions for all scopes...
2025-06-24 18:59:42.787 [info] Got 1 sessions for ...
2025-06-24 18:59:43.464 [info] Getting sessions for read:user,repo,user:email,workflow...
2025-06-24 18:59:43.464 [info] Got 1 sessions for read:user,repo,user:email,workflow...
2025-06-24 18:59:43.512 [info] Getting sessions for all scopes...
2025-06-24 18:59:43.512 [info] Got 1 sessions for ...
