2025-06-02 20:51:45.079 [info] Reading sessions from keychain...
2025-06-02 20:51:45.079 [info] Getting sessions for all scopes...
2025-06-02 20:51:45.079 [info] Getting sessions for all scopes...
2025-06-02 20:51:45.079 [info] Getting sessions for all scopes...
2025-06-02 20:51:45.079 [info] Getting sessions for all scopes...
2025-06-02 20:51:45.079 [info] Getting sessions for all scopes...
2025-06-02 20:51:45.079 [info] Getting sessions for all scopes...
2025-06-02 20:51:45.079 [info] Getting sessions for all scopes...
2025-06-02 20:51:45.079 [info] Getting sessions for all scopes...
2025-06-02 20:51:45.079 [info] Got stored sessions!
2025-06-02 20:51:45.079 [info] Got 1 verified sessions.
2025-06-02 20:51:45.079 [info] Got 1 sessions for ...
2025-06-02 20:51:45.079 [info] Got 1 sessions for ...
2025-06-02 20:51:45.079 [info] Got 1 sessions for ...
2025-06-02 20:51:45.079 [info] Got 1 sessions for ...
2025-06-02 20:51:45.079 [info] Got 1 sessions for ...
2025-06-02 20:51:45.079 [info] Got 1 sessions for ...
2025-06-02 20:51:45.079 [info] Got 1 sessions for ...
2025-06-02 20:51:45.079 [info] Got 1 sessions for ...
2025-06-02 20:51:45.079 [info] Getting sessions for all scopes...
2025-06-02 20:51:45.079 [info] Got 1 sessions for ...
2025-06-02 20:51:45.079 [info] Getting sessions for all scopes...
2025-06-02 20:51:45.079 [info] Got 1 sessions for ...
2025-06-02 20:51:45.079 [info] Getting sessions for all scopes...
2025-06-02 20:51:45.079 [info] Got 1 sessions for ...
2025-06-02 20:51:45.079 [info] Getting sessions for all scopes...
2025-06-02 20:51:45.079 [info] Got 1 sessions for ...
2025-06-02 20:51:45.079 [info] Getting sessions for all scopes...
2025-06-02 20:51:45.079 [info] Got 1 sessions for ...
2025-06-02 20:51:45.079 [info] Getting sessions for all scopes...
2025-06-02 20:51:45.079 [info] Got 1 sessions for ...
2025-06-02 20:51:45.079 [info] Getting sessions for all scopes...
2025-06-02 20:51:45.079 [info] Got 1 sessions for ...
2025-06-02 20:51:45.112 [info] Getting sessions for all scopes...
2025-06-02 20:51:45.112 [info] Got 1 sessions for ...
2025-06-02 20:51:45.711 [info] Getting sessions for read:user,repo,user:email,workflow...
2025-06-02 20:51:45.711 [info] Got 1 sessions for read:user,repo,user:email,workflow...
2025-06-02 20:51:46.484 [info] Getting sessions for read:user,repo,user:email,workflow...
2025-06-02 20:51:46.484 [info] Got 1 sessions for read:user,repo,user:email,workflow...
