2025-06-04 17:13:44.599 [info] Extension host with pid 33043 started
2025-06-04 17:13:44.599 [info] Skipping acquiring lock for /home/sammy/.config/Code/User/workspaceStorage/dd918b45ff2846cfdfc8919a1dd5fea0.
2025-06-04 17:13:44.856 [info] ExtensionService#_doActivateExtension vscode.github-authentication, startup: false, activationEvent: 'onAuthenticationRequest:github'
2025-06-04 17:13:44.887 [info] ExtensionService#_doActivateExtension vscode.emmet, startup: false, activationEvent: 'onLanguage'
2025-06-04 17:13:44.912 [info] ExtensionService#_doActivateExtension Oracle.oracle-java, startup: false, activationEvent: 'onLanguage:java'
2025-06-04 17:13:44.999 [info] ExtensionService#_doActivateExtension redhat.java, startup: false, activationEvent: 'onLanguage:java'
2025-06-04 17:13:45.131 [info] ExtensionService#_doActivateExtension VisualStudioExptTeam.vscodeintellicode, startup: false, activationEvent: 'onLanguage:java'
2025-06-04 17:13:45.171 [info] ExtensionService#_doActivateExtension vscjava.vscode-java-debug, startup: false, activationEvent: 'onLanguage:java'
2025-06-04 17:13:45.222 [info] ExtensionService#_doActivateExtension vscjava.vscode-java-dependency, startup: false, activationEvent: 'onLanguage:java'
2025-06-04 17:13:45.289 [info] ExtensionService#_doActivateExtension vscjava.vscode-java-pack, startup: false, activationEvent: 'onLanguage:java'
2025-06-04 17:13:45.820 [info] ExtensionService#_doActivateExtension vscode.git-base, startup: true, activationEvent: '*', root cause: vscode.git
2025-06-04 17:13:45.835 [info] ExtensionService#_doActivateExtension vscode.configuration-editing, startup: false, activationEvent: 'onLanguage:jsonc'
2025-06-04 17:13:45.845 [info] ExtensionService#_doActivateExtension vscode.json-language-features, startup: false, activationEvent: 'onLanguage:jsonc'
2025-06-04 17:13:45.918 [info] ExtensionService#_doActivateExtension vscode.typescript-language-features, startup: false, activationEvent: 'onLanguage:jsonc'
2025-06-04 17:13:46.112 [info] ExtensionService#_doActivateExtension vscode.git, startup: true, activationEvent: '*'
2025-06-04 17:13:46.158 [info] ExtensionService#_doActivateExtension vscode.github, startup: true, activationEvent: '*'
2025-06-04 17:13:46.328 [warning] [redhat.java] Accessing a resource scoped configuration without providing a resource is not expected. To get the effective value for '[java]', provide the URI of a resource or 'null' for any resource.
2025-06-04 17:13:46.442 [info] Eager extensions activated
2025-06-04 17:13:46.456 [info] ExtensionService#_doActivateExtension vscjava.vscode-java-test, startup: false, activationEvent: 'onLanguage:java'
2025-06-04 17:13:46.565 [info] ExtensionService#_doActivateExtension vscode.debug-auto-launch, startup: false, activationEvent: 'onStartupFinished'
2025-06-04 17:13:46.569 [info] ExtensionService#_doActivateExtension vscode.merge-conflict, startup: false, activationEvent: 'onStartupFinished'
2025-06-04 17:13:47.047 [warning] [redhat.java] Accessing a resource scoped configuration without providing a resource is not expected. To get the effective value for '[java]', provide the URI of a resource or 'null' for any resource.
2025-06-04 17:14:59.125 [info] Extension host terminating: renderer closed the MessagePort
2025-06-04 17:14:59.196 [error] Error: Channel has been closed
	at s (file:///usr/share/code/resources/app/out/vs/workbench/api/node/extensionHostProcess.js:125:2431)
	at Object.appendLine (file:///usr/share/code/resources/app/out/vs/workbench/api/node/extensionHostProcess.js:125:2570)
	at R.logOutputMessage (/usr/share/code/resources/app/extensions/json-language-features/client/dist/node/jsonClientMain.js:2:290791)
	at R.info (/usr/share/code/resources/app/extensions/json-language-features/client/dist/node/jsonClientMain.js:2:290524)
	at ChildProcess.<anonymous> (/usr/share/code/resources/app/extensions/json-language-features/client/dist/node/jsonClientMain.js:2:514797)
	at ChildProcess.emit (node:events:524:28)
	at ChildProcess._handle.onexit (node:internal/child_process:293:12)
2025-06-04 17:14:59.496 [error] Error: Pending response rejected since connection got disposed
	at Object.dispose (/home/sammy/.vscode/extensions/oracle.oracle-java-24.0.0/node_modules/vscode-jsonrpc/lib/common/connection.js:1167:27)
	at Object.dispose (/home/sammy/.vscode/extensions/oracle.oracle-java-24.0.0/node_modules/vscode-languageclient/lib/common/client.js:1586:35)
	at NbLanguageClient.handleConnectionClosed (/home/sammy/.vscode/extensions/oracle.oracle-java-24.0.0/node_modules/vscode-languageclient/lib/common/client.js:1155:34)
	at NbLanguageClient.handleConnectionClosed (/home/sammy/.vscode/extensions/oracle.oracle-java-24.0.0/node_modules/vscode-languageclient/lib/node/main.js:180:22)
	at closeHandler (/home/sammy/.vscode/extensions/oracle.oracle-java-24.0.0/node_modules/vscode-languageclient/lib/common/client.js:1142:18)
	at CallbackList.invoke (/home/sammy/.vscode/extensions/oracle.oracle-java-24.0.0/node_modules/vscode-jsonrpc/lib/common/events.js:55:39)
	at Emitter.fire (/home/sammy/.vscode/extensions/oracle.oracle-java-24.0.0/node_modules/vscode-jsonrpc/lib/common/events.js:117:36)
	at closeHandler (/home/sammy/.vscode/extensions/oracle.oracle-java-24.0.0/node_modules/vscode-jsonrpc/lib/common/connection.js:314:26)
	at CallbackList.invoke (/home/sammy/.vscode/extensions/oracle.oracle-java-24.0.0/node_modules/vscode-jsonrpc/lib/common/events.js:55:39)
	at Emitter.fire (/home/sammy/.vscode/extensions/oracle.oracle-java-24.0.0/node_modules/vscode-jsonrpc/lib/common/events.js:117:36)
	at StreamMessageWriter.fireClose (/home/sammy/.vscode/extensions/oracle.oracle-java-24.0.0/node_modules/vscode-jsonrpc/lib/common/messageWriter.js:42:27)
	at Socket.<anonymous> (/home/sammy/.vscode/extensions/oracle.oracle-java-24.0.0/node_modules/vscode-jsonrpc/lib/common/messageWriter.js:74:42)
	at Socket.emit (node:events:536:35)
	at TCP.<anonymous> (node:net:343:12)
2025-06-04 17:14:59.496 [info] Extension host with pid 33043 exiting with code 0
2025-06-04 17:15:00.364 [info] Extension host with pid 33989 started
2025-06-04 17:15:00.364 [info] Skipping acquiring lock for /home/sammy/.config/Code/User/workspaceStorage/f0977eb9793bdba8cbd14f99ae931749.
2025-06-04 17:15:00.506 [info] ExtensionService#_doActivateExtension vscode.github-authentication, startup: false, activationEvent: 'onAuthenticationRequest:github'
2025-06-04 17:15:00.568 [info] ExtensionService#_doActivateExtension vscode.git-base, startup: true, activationEvent: '*', root cause: vscode.git
2025-06-04 17:15:00.673 [info] ExtensionService#_doActivateExtension vscode.git, startup: true, activationEvent: '*'
2025-06-04 17:15:00.714 [info] ExtensionService#_doActivateExtension vscode.github, startup: true, activationEvent: '*'
2025-06-04 17:15:00.809 [info] ExtensionService#_doActivateExtension Oracle.oracle-java, startup: true, activationEvent: 'workspaceContains:**/*.java'
2025-06-04 17:15:00.880 [info] ExtensionService#_doActivateExtension vscode.configuration-editing, startup: false, activationEvent: 'onLanguage:jsonc'
2025-06-04 17:15:00.888 [info] ExtensionService#_doActivateExtension vscode.json-language-features, startup: false, activationEvent: 'onLanguage:jsonc'
2025-06-04 17:15:00.933 [info] ExtensionService#_doActivateExtension vscode.typescript-language-features, startup: false, activationEvent: 'onLanguage:jsonc'
2025-06-04 17:15:00.981 [info] ExtensionService#_doActivateExtension vscode.emmet, startup: false, activationEvent: 'onLanguage'
2025-06-04 17:15:01.044 [info] Eager extensions activated
2025-06-04 17:15:01.117 [info] ExtensionService#_doActivateExtension vscode.debug-auto-launch, startup: false, activationEvent: 'onStartupFinished'
2025-06-04 17:15:01.121 [info] ExtensionService#_doActivateExtension vscode.merge-conflict, startup: false, activationEvent: 'onStartupFinished'
2025-06-04 17:15:02.860 [info] ExtensionService#_doActivateExtension redhat.java, startup: false, activationEvent: 'onLanguage:java'
2025-06-04 17:15:03.044 [info] ExtensionService#_doActivateExtension VisualStudioExptTeam.vscodeintellicode, startup: false, activationEvent: 'onLanguage:java'
2025-06-04 17:15:03.094 [info] ExtensionService#_doActivateExtension vscjava.vscode-java-debug, startup: false, activationEvent: 'onLanguage:java'
2025-06-04 17:15:03.156 [info] ExtensionService#_doActivateExtension vscjava.vscode-java-dependency, startup: false, activationEvent: 'onLanguage:java'
2025-06-04 17:15:03.274 [info] ExtensionService#_doActivateExtension vscjava.vscode-java-pack, startup: false, activationEvent: 'onLanguage:java'
2025-06-04 17:15:03.993 [warning] [redhat.java] Accessing a resource scoped configuration without providing a resource is not expected. To get the effective value for '[java]', provide the URI of a resource or 'null' for any resource.
2025-06-04 17:15:04.022 [info] ExtensionService#_doActivateExtension vscjava.vscode-java-test, startup: false, activationEvent: 'onLanguage:java'
2025-06-04 17:15:04.456 [warning] [redhat.java] Accessing a resource scoped configuration without providing a resource is not expected. To get the effective value for '[java]', provide the URI of a resource or 'null' for any resource.
2025-06-04 17:15:12.979 [error] [redhat.java] provider FAILED
2025-06-04 17:15:12.988 [error] Error: The request (id: 1, method: 'textDocument/documentSymbol') has been cancelled
	at /home/sammy/.vscode/extensions/redhat.java-1.42.0-linux-x64/dist/extension.js:2:1069434
	at re (/home/sammy/.vscode/extensions/redhat.java-1.42.0-linux-x64/dist/extension.js:2:1069728)
	at /home/sammy/.vscode/extensions/redhat.java-1.42.0-linux-x64/dist/extension.js:2:1064512
	at Immediate.<anonymous> (/home/sammy/.vscode/extensions/redhat.java-1.42.0-linux-x64/dist/extension.js:2:1064532)
	at process.processImmediate (node:internal/timers:483:21)
2025-06-04 17:15:12.990 [error] [redhat.java] provider FAILED
2025-06-04 17:15:12.990 [error] Error: The request (id: 2, method: 'textDocument/documentSymbol') has been cancelled
	at /home/sammy/.vscode/extensions/redhat.java-1.42.0-linux-x64/dist/extension.js:2:1069434
	at re (/home/sammy/.vscode/extensions/redhat.java-1.42.0-linux-x64/dist/extension.js:2:1069728)
	at /home/sammy/.vscode/extensions/redhat.java-1.42.0-linux-x64/dist/extension.js:2:1064512
	at Immediate.<anonymous> (/home/sammy/.vscode/extensions/redhat.java-1.42.0-linux-x64/dist/extension.js:2:1064532)
	at process.processImmediate (node:internal/timers:483:21)
2025-06-04 17:15:23.418 [error] [redhat.java] provider FAILED
2025-06-04 17:15:23.418 [error] Error: The request (id: 27, method: 'textDocument/documentSymbol') has been cancelled
	at /home/sammy/.vscode/extensions/redhat.java-1.42.0-linux-x64/dist/extension.js:2:1069434
	at re (/home/sammy/.vscode/extensions/redhat.java-1.42.0-linux-x64/dist/extension.js:2:1069728)
	at /home/sammy/.vscode/extensions/redhat.java-1.42.0-linux-x64/dist/extension.js:2:1064512
	at Immediate.<anonymous> (/home/sammy/.vscode/extensions/redhat.java-1.42.0-linux-x64/dist/extension.js:2:1064532)
	at process.processImmediate (node:internal/timers:483:21)
2025-06-04 17:15:31.849 [error] [redhat.java] provider FAILED
2025-06-04 17:15:31.849 [error] Error: The request (id: 123, method: 'textDocument/documentSymbol') has been cancelled
	at /home/sammy/.vscode/extensions/redhat.java-1.42.0-linux-x64/dist/extension.js:2:1069434
	at re (/home/sammy/.vscode/extensions/redhat.java-1.42.0-linux-x64/dist/extension.js:2:1069728)
	at /home/sammy/.vscode/extensions/redhat.java-1.42.0-linux-x64/dist/extension.js:2:1064512
	at Immediate.<anonymous> (/home/sammy/.vscode/extensions/redhat.java-1.42.0-linux-x64/dist/extension.js:2:1064532)
	at process.processImmediate (node:internal/timers:483:21)
2025-06-04 17:16:17.648 [error] [redhat.java] provider FAILED
2025-06-04 17:16:17.648 [error] Error: The request (id: 457, method: 'textDocument/documentSymbol') has been cancelled
	at /home/sammy/.vscode/extensions/redhat.java-1.42.0-linux-x64/dist/extension.js:2:1069434
	at re (/home/sammy/.vscode/extensions/redhat.java-1.42.0-linux-x64/dist/extension.js:2:1069728)
	at /home/sammy/.vscode/extensions/redhat.java-1.42.0-linux-x64/dist/extension.js:2:1064512
	at Immediate.<anonymous> (/home/sammy/.vscode/extensions/redhat.java-1.42.0-linux-x64/dist/extension.js:2:1064532)
	at process.processImmediate (node:internal/timers:483:21)
2025-06-04 17:18:00.390 [error] [redhat.java] provider FAILED
2025-06-04 17:18:00.390 [error] Error: The request (id: 825, method: 'textDocument/documentSymbol') has been cancelled
	at /home/sammy/.vscode/extensions/redhat.java-1.42.0-linux-x64/dist/extension.js:2:1069434
	at re (/home/sammy/.vscode/extensions/redhat.java-1.42.0-linux-x64/dist/extension.js:2:1069728)
	at /home/sammy/.vscode/extensions/redhat.java-1.42.0-linux-x64/dist/extension.js:2:1064512
	at Immediate.<anonymous> (/home/sammy/.vscode/extensions/redhat.java-1.42.0-linux-x64/dist/extension.js:2:1064532)
	at process.processImmediate (node:internal/timers:483:21)
2025-06-04 17:19:11.005 [error] [redhat.java] provider FAILED
2025-06-04 17:19:11.005 [error] Error: The request (id: 1314, method: 'textDocument/documentSymbol') has been cancelled
	at /home/sammy/.vscode/extensions/redhat.java-1.42.0-linux-x64/dist/extension.js:2:1069434
	at re (/home/sammy/.vscode/extensions/redhat.java-1.42.0-linux-x64/dist/extension.js:2:1069728)
	at /home/sammy/.vscode/extensions/redhat.java-1.42.0-linux-x64/dist/extension.js:2:1064512
	at Immediate.<anonymous> (/home/sammy/.vscode/extensions/redhat.java-1.42.0-linux-x64/dist/extension.js:2:1064532)
	at process.processImmediate (node:internal/timers:483:21)
2025-06-04 17:19:11.333 [error] [redhat.java] provider FAILED
2025-06-04 17:19:11.333 [error] Error: The request (id: 1320, method: 'textDocument/documentSymbol') has been cancelled
	at /home/sammy/.vscode/extensions/redhat.java-1.42.0-linux-x64/dist/extension.js:2:1069434
	at re (/home/sammy/.vscode/extensions/redhat.java-1.42.0-linux-x64/dist/extension.js:2:1069728)
	at /home/sammy/.vscode/extensions/redhat.java-1.42.0-linux-x64/dist/extension.js:2:1064512
	at Immediate.<anonymous> (/home/sammy/.vscode/extensions/redhat.java-1.42.0-linux-x64/dist/extension.js:2:1064532)
	at process.processImmediate (node:internal/timers:483:21)
2025-06-04 17:19:18.962 [error] [redhat.java] provider FAILED
2025-06-04 17:19:18.962 [error] Error: The request (id: 1389, method: 'textDocument/documentSymbol') has been cancelled
	at /home/sammy/.vscode/extensions/redhat.java-1.42.0-linux-x64/dist/extension.js:2:1069434
	at re (/home/sammy/.vscode/extensions/redhat.java-1.42.0-linux-x64/dist/extension.js:2:1069728)
	at /home/sammy/.vscode/extensions/redhat.java-1.42.0-linux-x64/dist/extension.js:2:1064512
	at Immediate.<anonymous> (/home/sammy/.vscode/extensions/redhat.java-1.42.0-linux-x64/dist/extension.js:2:1064532)
	at process.processImmediate (node:internal/timers:483:21)
2025-06-04 17:21:46.976 [error] [redhat.java] provider FAILED
2025-06-04 17:21:46.976 [error] Error: The request (id: 1845, method: 'textDocument/documentSymbol') has been cancelled
	at /home/sammy/.vscode/extensions/redhat.java-1.42.0-linux-x64/dist/extension.js:2:1069434
	at re (/home/sammy/.vscode/extensions/redhat.java-1.42.0-linux-x64/dist/extension.js:2:1069728)
	at /home/sammy/.vscode/extensions/redhat.java-1.42.0-linux-x64/dist/extension.js:2:1064512
	at Immediate.<anonymous> (/home/sammy/.vscode/extensions/redhat.java-1.42.0-linux-x64/dist/extension.js:2:1064532)
	at process.processImmediate (node:internal/timers:483:21)
2025-06-04 17:21:48.251 [error] [redhat.java] provider FAILED
2025-06-04 17:21:48.251 [error] Error: The request (id: 1869, method: 'textDocument/documentSymbol') has been cancelled
	at /home/sammy/.vscode/extensions/redhat.java-1.42.0-linux-x64/dist/extension.js:2:1069434
	at re (/home/sammy/.vscode/extensions/redhat.java-1.42.0-linux-x64/dist/extension.js:2:1069728)
	at /home/sammy/.vscode/extensions/redhat.java-1.42.0-linux-x64/dist/extension.js:2:1064512
	at Immediate.<anonymous> (/home/sammy/.vscode/extensions/redhat.java-1.42.0-linux-x64/dist/extension.js:2:1064532)
	at process.processImmediate (node:internal/timers:483:21)
2025-06-04 17:21:49.591 [error] [redhat.java] provider FAILED
2025-06-04 17:21:49.591 [error] Error: The request (id: 1887, method: 'textDocument/documentSymbol') has been cancelled
	at /home/sammy/.vscode/extensions/redhat.java-1.42.0-linux-x64/dist/extension.js:2:1069434
	at re (/home/sammy/.vscode/extensions/redhat.java-1.42.0-linux-x64/dist/extension.js:2:1069728)
	at /home/sammy/.vscode/extensions/redhat.java-1.42.0-linux-x64/dist/extension.js:2:1064512
	at Immediate.<anonymous> (/home/sammy/.vscode/extensions/redhat.java-1.42.0-linux-x64/dist/extension.js:2:1064532)
	at process.processImmediate (node:internal/timers:483:21)
2025-06-04 17:22:00.612 [error] [redhat.java] provider FAILED
2025-06-04 17:22:00.613 [error] Error: The request (id: 2041, method: 'textDocument/documentSymbol') has been cancelled
	at /home/sammy/.vscode/extensions/redhat.java-1.42.0-linux-x64/dist/extension.js:2:1069434
	at re (/home/sammy/.vscode/extensions/redhat.java-1.42.0-linux-x64/dist/extension.js:2:1069728)
	at /home/sammy/.vscode/extensions/redhat.java-1.42.0-linux-x64/dist/extension.js:2:1064512
	at Immediate.<anonymous> (/home/sammy/.vscode/extensions/redhat.java-1.42.0-linux-x64/dist/extension.js:2:1064532)
	at process.processImmediate (node:internal/timers:483:21)
2025-06-04 17:22:22.821 [error] [redhat.java] provider FAILED
2025-06-04 17:22:22.821 [error] Error: The request (id: 2213, method: 'textDocument/documentSymbol') has been cancelled
	at /home/sammy/.vscode/extensions/redhat.java-1.42.0-linux-x64/dist/extension.js:2:1069434
	at re (/home/sammy/.vscode/extensions/redhat.java-1.42.0-linux-x64/dist/extension.js:2:1069728)
	at /home/sammy/.vscode/extensions/redhat.java-1.42.0-linux-x64/dist/extension.js:2:1064512
	at Immediate.<anonymous> (/home/sammy/.vscode/extensions/redhat.java-1.42.0-linux-x64/dist/extension.js:2:1064532)
	at process.processImmediate (node:internal/timers:483:21)
2025-06-04 17:22:24.823 [error] [redhat.java] provider FAILED
2025-06-04 17:22:24.823 [error] Error: The request (id: 2241, method: 'textDocument/documentSymbol') has been cancelled
	at /home/sammy/.vscode/extensions/redhat.java-1.42.0-linux-x64/dist/extension.js:2:1069434
	at re (/home/sammy/.vscode/extensions/redhat.java-1.42.0-linux-x64/dist/extension.js:2:1069728)
	at /home/sammy/.vscode/extensions/redhat.java-1.42.0-linux-x64/dist/extension.js:2:1064512
	at Immediate.<anonymous> (/home/sammy/.vscode/extensions/redhat.java-1.42.0-linux-x64/dist/extension.js:2:1064532)
	at process.processImmediate (node:internal/timers:483:21)
2025-06-04 17:22:44.358 [error] [redhat.java] provider FAILED
2025-06-04 17:22:44.358 [error] Error: The request (id: 2434, method: 'textDocument/documentSymbol') has been cancelled
	at /home/sammy/.vscode/extensions/redhat.java-1.42.0-linux-x64/dist/extension.js:2:1069434
	at re (/home/sammy/.vscode/extensions/redhat.java-1.42.0-linux-x64/dist/extension.js:2:1069728)
	at /home/sammy/.vscode/extensions/redhat.java-1.42.0-linux-x64/dist/extension.js:2:1064512
	at Immediate.<anonymous> (/home/sammy/.vscode/extensions/redhat.java-1.42.0-linux-x64/dist/extension.js:2:1064532)
	at process.processImmediate (node:internal/timers:483:21)
2025-06-04 17:24:35.201 [error] [redhat.java] provider FAILED
2025-06-04 17:24:35.201 [error] Error: The request (id: 2759, method: 'textDocument/documentSymbol') has been cancelled
	at /home/sammy/.vscode/extensions/redhat.java-1.42.0-linux-x64/dist/extension.js:2:1069434
	at re (/home/sammy/.vscode/extensions/redhat.java-1.42.0-linux-x64/dist/extension.js:2:1069728)
	at /home/sammy/.vscode/extensions/redhat.java-1.42.0-linux-x64/dist/extension.js:2:1064512
	at Immediate.<anonymous> (/home/sammy/.vscode/extensions/redhat.java-1.42.0-linux-x64/dist/extension.js:2:1064532)
	at process.processImmediate (node:internal/timers:483:21)
2025-06-04 17:26:21.337 [error] [redhat.java] provider FAILED
2025-06-04 17:26:21.337 [error] Error: The request (id: 2981, method: 'textDocument/hover') has been cancelled
	at /home/sammy/.vscode/extensions/redhat.java-1.42.0-linux-x64/dist/extension.js:2:1069434
	at re (/home/sammy/.vscode/extensions/redhat.java-1.42.0-linux-x64/dist/extension.js:2:1069728)
	at /home/sammy/.vscode/extensions/redhat.java-1.42.0-linux-x64/dist/extension.js:2:1064512
	at Immediate.<anonymous> (/home/sammy/.vscode/extensions/redhat.java-1.42.0-linux-x64/dist/extension.js:2:1064532)
	at process.processImmediate (node:internal/timers:483:21)
2025-06-04 17:26:26.724 [error] [redhat.java] provider FAILED
2025-06-04 17:26:26.724 [error] Error: The request (id: 3006, method: 'textDocument/documentSymbol') has been cancelled
	at /home/sammy/.vscode/extensions/redhat.java-1.42.0-linux-x64/dist/extension.js:2:1069434
	at re (/home/sammy/.vscode/extensions/redhat.java-1.42.0-linux-x64/dist/extension.js:2:1069728)
	at /home/sammy/.vscode/extensions/redhat.java-1.42.0-linux-x64/dist/extension.js:2:1064512
	at Immediate.<anonymous> (/home/sammy/.vscode/extensions/redhat.java-1.42.0-linux-x64/dist/extension.js:2:1064532)
	at process.processImmediate (node:internal/timers:483:21)
2025-06-04 17:34:32.093 [error] [redhat.java] provider FAILED
2025-06-04 17:34:32.093 [error] Error: The request (id: 3613, method: 'textDocument/documentSymbol') has been cancelled
	at /home/sammy/.vscode/extensions/redhat.java-1.42.0-linux-x64/dist/extension.js:2:1069434
	at re (/home/sammy/.vscode/extensions/redhat.java-1.42.0-linux-x64/dist/extension.js:2:1069728)
	at /home/sammy/.vscode/extensions/redhat.java-1.42.0-linux-x64/dist/extension.js:2:1064512
	at Immediate.<anonymous> (/home/sammy/.vscode/extensions/redhat.java-1.42.0-linux-x64/dist/extension.js:2:1064532)
	at process.processImmediate (node:internal/timers:483:21)
2025-06-04 17:34:41.799 [error] [redhat.java] provider FAILED
2025-06-04 17:34:41.799 [error] Error: The request (id: 3693, method: 'textDocument/documentSymbol') has been cancelled
	at /home/sammy/.vscode/extensions/redhat.java-1.42.0-linux-x64/dist/extension.js:2:1069434
	at re (/home/sammy/.vscode/extensions/redhat.java-1.42.0-linux-x64/dist/extension.js:2:1069728)
	at /home/sammy/.vscode/extensions/redhat.java-1.42.0-linux-x64/dist/extension.js:2:1064512
	at Immediate.<anonymous> (/home/sammy/.vscode/extensions/redhat.java-1.42.0-linux-x64/dist/extension.js:2:1064532)
	at process.processImmediate (node:internal/timers:483:21)
2025-06-04 17:34:45.134 [error] [Oracle.oracle-java] provider FAILED
2025-06-04 17:34:45.134 [error] Error: DisposableStore is missing...
	at L2.l (file:///usr/share/code/resources/app/out/vs/workbench/api/node/extensionHostProcess.js:145:141736)
	at L2.resolveCompletionItem (file:///usr/share/code/resources/app/out/vs/workbench/api/node/extensionHostProcess.js:145:141229)
	at runNextTicks (node:internal/process/task_queues:60:5)
	at process.processImmediate (node:internal/timers:454:9)
2025-06-04 17:36:34.741 [error] [redhat.java] provider FAILED
2025-06-04 17:36:34.741 [error] Error: The request (id: 4124, method: 'textDocument/documentSymbol') has been cancelled
	at /home/sammy/.vscode/extensions/redhat.java-1.42.0-linux-x64/dist/extension.js:2:1069434
	at re (/home/sammy/.vscode/extensions/redhat.java-1.42.0-linux-x64/dist/extension.js:2:1069728)
	at /home/sammy/.vscode/extensions/redhat.java-1.42.0-linux-x64/dist/extension.js:2:1064512
	at Immediate.<anonymous> (/home/sammy/.vscode/extensions/redhat.java-1.42.0-linux-x64/dist/extension.js:2:1064532)
	at process.processImmediate (node:internal/timers:483:21)
2025-06-04 17:36:35.058 [error] [redhat.java] provider FAILED
2025-06-04 17:36:35.058 [error] Error: The request (id: 4130, method: 'textDocument/documentSymbol') has been cancelled
	at /home/sammy/.vscode/extensions/redhat.java-1.42.0-linux-x64/dist/extension.js:2:1069434
	at re (/home/sammy/.vscode/extensions/redhat.java-1.42.0-linux-x64/dist/extension.js:2:1069728)
	at /home/sammy/.vscode/extensions/redhat.java-1.42.0-linux-x64/dist/extension.js:2:1064512
	at Immediate.<anonymous> (/home/sammy/.vscode/extensions/redhat.java-1.42.0-linux-x64/dist/extension.js:2:1064532)
	at process.processImmediate (node:internal/timers:483:21)
2025-06-04 17:36:52.676 [info] ExtensionService#_doActivateExtension vscode.npm, startup: false, activationEvent: 'onTerminalQuickFixRequest:ms-vscode.npm-command'
2025-06-04 17:39:43.916 [error] [redhat.java] provider FAILED
2025-06-04 17:39:43.916 [error] Error: The request (id: 4515, method: 'textDocument/documentSymbol') has been cancelled
	at /home/sammy/.vscode/extensions/redhat.java-1.42.0-linux-x64/dist/extension.js:2:1069434
	at re (/home/sammy/.vscode/extensions/redhat.java-1.42.0-linux-x64/dist/extension.js:2:1069728)
	at /home/sammy/.vscode/extensions/redhat.java-1.42.0-linux-x64/dist/extension.js:2:1064512
	at Immediate.<anonymous> (/home/sammy/.vscode/extensions/redhat.java-1.42.0-linux-x64/dist/extension.js:2:1064532)
	at process.processImmediate (node:internal/timers:483:21)
2025-06-04 17:39:46.160 [error] [redhat.java] provider FAILED
2025-06-04 17:39:46.160 [error] Error: The request (id: 4546, method: 'textDocument/documentSymbol') has been cancelled
	at /home/sammy/.vscode/extensions/redhat.java-1.42.0-linux-x64/dist/extension.js:2:1069434
	at re (/home/sammy/.vscode/extensions/redhat.java-1.42.0-linux-x64/dist/extension.js:2:1069728)
	at /home/sammy/.vscode/extensions/redhat.java-1.42.0-linux-x64/dist/extension.js:2:1064512
	at Immediate.<anonymous> (/home/sammy/.vscode/extensions/redhat.java-1.42.0-linux-x64/dist/extension.js:2:1064532)
	at process.processImmediate (node:internal/timers:483:21)
2025-06-04 17:42:44.474 [error] [redhat.java] provider FAILED
2025-06-04 17:42:44.474 [error] Error: The request (id: 4693, method: 'textDocument/hover') has been cancelled
	at /home/sammy/.vscode/extensions/redhat.java-1.42.0-linux-x64/dist/extension.js:2:1069434
	at re (/home/sammy/.vscode/extensions/redhat.java-1.42.0-linux-x64/dist/extension.js:2:1069728)
	at /home/sammy/.vscode/extensions/redhat.java-1.42.0-linux-x64/dist/extension.js:2:1064512
	at Immediate.<anonymous> (/home/sammy/.vscode/extensions/redhat.java-1.42.0-linux-x64/dist/extension.js:2:1064532)
	at process.processImmediate (node:internal/timers:483:21)
2025-06-04 17:43:21.235 [error] [redhat.java] provider FAILED
2025-06-04 17:43:21.235 [error] Error: The request (id: 4922, method: 'textDocument/documentSymbol') has been cancelled
	at /home/sammy/.vscode/extensions/redhat.java-1.42.0-linux-x64/dist/extension.js:2:1069434
	at re (/home/sammy/.vscode/extensions/redhat.java-1.42.0-linux-x64/dist/extension.js:2:1069728)
	at /home/sammy/.vscode/extensions/redhat.java-1.42.0-linux-x64/dist/extension.js:2:1064512
	at Immediate.<anonymous> (/home/sammy/.vscode/extensions/redhat.java-1.42.0-linux-x64/dist/extension.js:2:1064532)
	at process.processImmediate (node:internal/timers:483:21)
2025-06-04 17:43:27.344 [error] [redhat.java] provider FAILED
2025-06-04 17:43:27.345 [error] Error: The request (id: 4974, method: 'textDocument/documentSymbol') has been cancelled
	at /home/sammy/.vscode/extensions/redhat.java-1.42.0-linux-x64/dist/extension.js:2:1069434
	at re (/home/sammy/.vscode/extensions/redhat.java-1.42.0-linux-x64/dist/extension.js:2:1069728)
	at /home/sammy/.vscode/extensions/redhat.java-1.42.0-linux-x64/dist/extension.js:2:1064512
	at Immediate.<anonymous> (/home/sammy/.vscode/extensions/redhat.java-1.42.0-linux-x64/dist/extension.js:2:1064532)
	at process.processImmediate (node:internal/timers:483:21)
2025-06-04 17:44:17.389 [error] [redhat.java] provider FAILED
2025-06-04 17:44:17.389 [error] Error: The request (id: 5411, method: 'textDocument/documentSymbol') has been cancelled
	at /home/sammy/.vscode/extensions/redhat.java-1.42.0-linux-x64/dist/extension.js:2:1069434
	at re (/home/sammy/.vscode/extensions/redhat.java-1.42.0-linux-x64/dist/extension.js:2:1069728)
	at /home/sammy/.vscode/extensions/redhat.java-1.42.0-linux-x64/dist/extension.js:2:1064512
	at Immediate.<anonymous> (/home/sammy/.vscode/extensions/redhat.java-1.42.0-linux-x64/dist/extension.js:2:1064532)
	at process.processImmediate (node:internal/timers:483:21)
2025-06-04 17:45:18.071 [error] [redhat.java] provider FAILED
2025-06-04 17:45:18.071 [error] Error: The request (id: 5612, method: 'textDocument/documentSymbol') has been cancelled
	at /home/sammy/.vscode/extensions/redhat.java-1.42.0-linux-x64/dist/extension.js:2:1069434
	at re (/home/sammy/.vscode/extensions/redhat.java-1.42.0-linux-x64/dist/extension.js:2:1069728)
	at /home/sammy/.vscode/extensions/redhat.java-1.42.0-linux-x64/dist/extension.js:2:1064512
	at Immediate.<anonymous> (/home/sammy/.vscode/extensions/redhat.java-1.42.0-linux-x64/dist/extension.js:2:1064532)
	at process.processImmediate (node:internal/timers:483:21)
2025-06-04 17:47:24.873 [error] [redhat.java] provider FAILED
2025-06-04 17:47:24.873 [error] Error: The request (id: 6095, method: 'textDocument/documentSymbol') has been cancelled
	at /home/sammy/.vscode/extensions/redhat.java-1.42.0-linux-x64/dist/extension.js:2:1069434
	at re (/home/sammy/.vscode/extensions/redhat.java-1.42.0-linux-x64/dist/extension.js:2:1069728)
	at /home/sammy/.vscode/extensions/redhat.java-1.42.0-linux-x64/dist/extension.js:2:1064512
	at Immediate.<anonymous> (/home/sammy/.vscode/extensions/redhat.java-1.42.0-linux-x64/dist/extension.js:2:1064532)
	at process.processImmediate (node:internal/timers:483:21)
2025-06-04 17:47:28.336 [error] [redhat.java] provider FAILED
2025-06-04 17:47:28.336 [error] Error: The request (id: 6127, method: 'textDocument/documentSymbol') has been cancelled
	at /home/sammy/.vscode/extensions/redhat.java-1.42.0-linux-x64/dist/extension.js:2:1069434
	at re (/home/sammy/.vscode/extensions/redhat.java-1.42.0-linux-x64/dist/extension.js:2:1069728)
	at /home/sammy/.vscode/extensions/redhat.java-1.42.0-linux-x64/dist/extension.js:2:1064512
	at Immediate.<anonymous> (/home/sammy/.vscode/extensions/redhat.java-1.42.0-linux-x64/dist/extension.js:2:1064532)
	at process.processImmediate (node:internal/timers:483:21)
2025-06-04 17:47:38.524 [error] [redhat.java] provider FAILED
2025-06-04 17:47:38.524 [error] Error: The request (id: 6202, method: 'textDocument/documentSymbol') has been cancelled
	at /home/sammy/.vscode/extensions/redhat.java-1.42.0-linux-x64/dist/extension.js:2:1069434
	at re (/home/sammy/.vscode/extensions/redhat.java-1.42.0-linux-x64/dist/extension.js:2:1069728)
	at /home/sammy/.vscode/extensions/redhat.java-1.42.0-linux-x64/dist/extension.js:2:1064512
	at Immediate.<anonymous> (/home/sammy/.vscode/extensions/redhat.java-1.42.0-linux-x64/dist/extension.js:2:1064532)
	at process.processImmediate (node:internal/timers:483:21)
2025-06-04 17:47:47.824 [error] [redhat.java] provider FAILED
2025-06-04 17:47:47.824 [error] Error: The request (id: 6250, method: 'textDocument/documentSymbol') has been cancelled
	at /home/sammy/.vscode/extensions/redhat.java-1.42.0-linux-x64/dist/extension.js:2:1069434
	at re (/home/sammy/.vscode/extensions/redhat.java-1.42.0-linux-x64/dist/extension.js:2:1069728)
	at /home/sammy/.vscode/extensions/redhat.java-1.42.0-linux-x64/dist/extension.js:2:1064512
	at Immediate.<anonymous> (/home/sammy/.vscode/extensions/redhat.java-1.42.0-linux-x64/dist/extension.js:2:1064532)
	at process.processImmediate (node:internal/timers:483:21)
2025-06-04 17:47:52.999 [error] [redhat.java] provider FAILED
2025-06-04 17:47:52.999 [error] Error: The request (id: 6294, method: 'textDocument/documentSymbol') has been cancelled
	at /home/sammy/.vscode/extensions/redhat.java-1.42.0-linux-x64/dist/extension.js:2:1069434
	at re (/home/sammy/.vscode/extensions/redhat.java-1.42.0-linux-x64/dist/extension.js:2:1069728)
	at /home/sammy/.vscode/extensions/redhat.java-1.42.0-linux-x64/dist/extension.js:2:1064512
	at Immediate.<anonymous> (/home/sammy/.vscode/extensions/redhat.java-1.42.0-linux-x64/dist/extension.js:2:1064532)
	at process.processImmediate (node:internal/timers:483:21)
2025-06-04 17:49:13.106 [info] ExtensionService#_doActivateExtension vscode.extension-editing, startup: false, activationEvent: 'onLanguage:markdown'
2025-06-04 17:49:13.121 [info] ExtensionService#_doActivateExtension vscode.markdown-language-features, startup: false, activationEvent: 'onLanguage:markdown'
2025-06-04 17:49:13.526 [info] ExtensionService#_doActivateExtension vscode.markdown-math, startup: false, activationEvent: 'api', root cause: vscode.markdown-language-features
2025-06-04 17:53:11.816 [error] Error: ENOENT: no such file or directory, lstat '/home/sammy/Desktop/temp/pong-game/GamePanel.java.git'
2025-06-04 17:53:11.817 [error] Error: ENOENT: no such file or directory, lstat '/home/sammy/Desktop/temp/pong-game/README.md.git'
2025-06-04 17:53:24.262 [error] Error: ENOENT: no such file or directory, lstat '/home/sammy/Desktop/temp/pong-game/GamePanel.java.git'
2025-06-04 17:53:24.262 [error] Error: ENOENT: no such file or directory, lstat '/home/sammy/Desktop/temp/pong-game/README.md.git'
2025-06-04 17:53:31.063 [error] Error: ENOENT: no such file or directory, lstat '/home/sammy/Desktop/temp/pong-game/GamePanel.java.git'
2025-06-04 17:53:31.064 [error] Error: ENOENT: no such file or directory, lstat '/home/sammy/Desktop/temp/pong-game/README.md.git'
2025-06-04 17:53:49.454 [error] Error: ENOENT: no such file or directory, lstat '/home/sammy/Desktop/temp/pong-game/GamePanel.java.git'
2025-06-04 17:53:49.455 [error] Error: ENOENT: no such file or directory, lstat '/home/sammy/Desktop/temp/pong-game/README.md.git'
2025-06-04 17:53:55.579 [error] Error: ENOENT: no such file or directory, lstat '/home/sammy/Desktop/temp/pong-game/GamePanel.java.git'
2025-06-04 17:53:55.580 [error] Error: ENOENT: no such file or directory, lstat '/home/sammy/Desktop/temp/pong-game/README.md.git'
2025-06-04 17:55:21.563 [error] Error: ENOENT: no such file or directory, lstat '/home/sammy/Desktop/temp/pong-game/GamePanel.java.git'
2025-06-04 17:55:21.564 [error] Error: ENOENT: no such file or directory, lstat '/home/sammy/Desktop/temp/pong-game/README.md.git'
2025-06-04 17:55:38.249 [error] Error: ENOENT: no such file or directory, lstat '/home/sammy/Desktop/temp/pong-game/GamePanel.java.git'
2025-06-04 17:55:38.249 [error] Error: ENOENT: no such file or directory, lstat '/home/sammy/Desktop/temp/pong-game/README.md.git'
2025-06-04 17:55:42.644 [error] Error: ENOENT: no such file or directory, lstat '/home/sammy/Desktop/temp/pong-game/GamePanel.java.git'
2025-06-04 17:55:42.645 [error] Error: ENOENT: no such file or directory, lstat '/home/sammy/Desktop/temp/pong-game/README.md.git'
2025-06-04 17:55:54.895 [error] Error: ENOENT: no such file or directory, lstat '/home/sammy/Desktop/temp/pong-game/GamePanel.java.git'
2025-06-04 17:55:54.896 [error] Error: ENOENT: no such file or directory, lstat '/home/sammy/Desktop/temp/pong-game/README.md.git'
2025-06-04 17:56:01.091 [error] Error: ENOENT: no such file or directory, lstat '/home/sammy/Desktop/temp/pong-game/GamePanel.java.git'
2025-06-04 17:56:01.091 [error] Error: ENOENT: no such file or directory, lstat '/home/sammy/Desktop/temp/pong-game/README.md.git'
2025-06-04 18:11:11.849 [error] Error: ENOENT: no such file or directory, lstat '/home/sammy/Desktop/temp/pong-game/GamePanel.java.git'
2025-06-04 18:11:11.849 [error] Error: ENOENT: no such file or directory, lstat '/home/sammy/Desktop/temp/pong-game/README.md.git'
2025-06-04 18:11:25.563 [error] Error: ENOENT: no such file or directory, lstat '/home/sammy/Desktop/temp/pong-game/GamePanel.java.git'
2025-06-04 18:11:25.563 [error] Error: ENOENT: no such file or directory, lstat '/home/sammy/Desktop/temp/pong-game/README.md.git'
2025-06-04 18:55:48.105 [info] Extension host terminating: renderer closed the MessagePort
2025-06-04 18:55:48.223 [error] Error: Channel has been closed
	at s (file:///usr/share/code/resources/app/out/vs/workbench/api/node/extensionHostProcess.js:125:2431)
	at Object.appendLine (file:///usr/share/code/resources/app/out/vs/workbench/api/node/extensionHostProcess.js:125:2570)
	at R.logOutputMessage (/usr/share/code/resources/app/extensions/json-language-features/client/dist/node/jsonClientMain.js:2:290791)
	at R.info (/usr/share/code/resources/app/extensions/json-language-features/client/dist/node/jsonClientMain.js:2:290524)
	at ChildProcess.<anonymous> (/usr/share/code/resources/app/extensions/json-language-features/client/dist/node/jsonClientMain.js:2:514797)
	at ChildProcess.emit (node:events:524:28)
	at ChildProcess._handle.onexit (node:internal/child_process:293:12)
2025-06-04 18:55:48.523 [error] Error: Pending response rejected since connection got disposed
	at Object.dispose (/home/sammy/.vscode/extensions/oracle.oracle-java-24.0.0/node_modules/vscode-jsonrpc/lib/common/connection.js:1167:27)
	at Object.dispose (/home/sammy/.vscode/extensions/oracle.oracle-java-24.0.0/node_modules/vscode-languageclient/lib/common/client.js:1586:35)
	at NbLanguageClient.handleConnectionClosed (/home/sammy/.vscode/extensions/oracle.oracle-java-24.0.0/node_modules/vscode-languageclient/lib/common/client.js:1155:34)
	at NbLanguageClient.handleConnectionClosed (/home/sammy/.vscode/extensions/oracle.oracle-java-24.0.0/node_modules/vscode-languageclient/lib/node/main.js:180:22)
	at closeHandler (/home/sammy/.vscode/extensions/oracle.oracle-java-24.0.0/node_modules/vscode-languageclient/lib/common/client.js:1142:18)
	at CallbackList.invoke (/home/sammy/.vscode/extensions/oracle.oracle-java-24.0.0/node_modules/vscode-jsonrpc/lib/common/events.js:55:39)
	at Emitter.fire (/home/sammy/.vscode/extensions/oracle.oracle-java-24.0.0/node_modules/vscode-jsonrpc/lib/common/events.js:117:36)
	at closeHandler (/home/sammy/.vscode/extensions/oracle.oracle-java-24.0.0/node_modules/vscode-jsonrpc/lib/common/connection.js:314:26)
	at CallbackList.invoke (/home/sammy/.vscode/extensions/oracle.oracle-java-24.0.0/node_modules/vscode-jsonrpc/lib/common/events.js:55:39)
	at Emitter.fire (/home/sammy/.vscode/extensions/oracle.oracle-java-24.0.0/node_modules/vscode-jsonrpc/lib/common/events.js:117:36)
	at StreamMessageWriter.fireClose (/home/sammy/.vscode/extensions/oracle.oracle-java-24.0.0/node_modules/vscode-jsonrpc/lib/common/messageWriter.js:42:27)
	at Socket.<anonymous> (/home/sammy/.vscode/extensions/oracle.oracle-java-24.0.0/node_modules/vscode-jsonrpc/lib/common/messageWriter.js:74:42)
	at Socket.emit (node:events:536:35)
	at TCP.<anonymous> (node:net:343:12)
2025-06-04 18:55:48.523 [info] Extension host with pid 33989 exiting with code 0
