2025-06-08 17:28:21.150 [info] [main] Log level: Info
2025-06-08 17:28:21.150 [info] [main] Validating found git in: "git"
2025-06-08 17:28:21.150 [info] [main] Using git "2.43.0" from "git"
2025-06-08 17:28:21.150 [info] [Model][doInitialScan] Initial repository scan started
2025-06-08 17:28:21.150 [info] > git rev-parse --show-toplevel [134ms]
2025-06-08 17:28:21.150 [info] > git rev-parse --git-dir --git-common-dir [91ms]
2025-06-08 17:28:21.150 [info] [Model][openRepository] Opened repository (path): /home/sammy/Desktop/temp/hello-world
2025-06-08 17:28:21.150 [info] [Model][openRepository] Opened repository (real path): /home/sammy/Desktop/temp/hello-world
2025-06-08 17:28:21.163 [info] > git rev-parse --show-toplevel [128ms]
2025-06-08 17:28:21.166 [info] > git config --get commit.template [140ms]
2025-06-08 17:28:21.246 [info] > git rev-parse --show-toplevel [29ms]
2025-06-08 17:28:21.260 [info] > git for-each-ref --format=%(refname)%00%(upstream:short)%00%(objectname)%00%(upstream:track)%00%(upstream:remotename)%00%(upstream:remoteref) refs/heads/b1 refs/remotes/b1 [18ms]
2025-06-08 17:28:21.293 [info] > git status -z -uall [21ms]
2025-06-08 17:28:21.294 [info] > git for-each-ref --sort -committerdate --format %(refname)%00%(objectname)%00%(*objectname) [10ms]
2025-06-08 17:28:21.330 [info] > git rev-parse --show-toplevel [71ms]
2025-06-08 17:28:21.354 [info] > git for-each-ref --format=%(refname)%00%(upstream:short)%00%(objectname)%00%(upstream:track)%00%(upstream:remotename)%00%(upstream:remoteref) refs/heads/b1 refs/remotes/b1 [28ms]
2025-06-08 17:28:21.368 [info] > git config --get --local branch.b1.vscode-merge-base [5ms]
2025-06-08 17:28:21.380 [info] > git rev-parse --show-toplevel [30ms]
2025-06-08 17:28:21.381 [info] > git config --get commit.template [39ms]
2025-06-08 17:28:21.396 [info] > git for-each-ref --format=%(refname)%00%(upstream:short)%00%(objectname)%00%(upstream:track)%00%(upstream:remotename)%00%(upstream:remoteref) refs/heads/origin/main refs/remotes/origin/main [16ms]
2025-06-08 17:28:21.413 [info] > git rev-parse --show-toplevel [18ms]
2025-06-08 17:28:21.416 [info] [Model][doInitialScan] Initial repository scan completed - repositories (1), closed repositories (0), parent repositories (0), unsafe repositories (0)
2025-06-08 17:28:21.419 [info] > git for-each-ref --format=%(refname)%00%(upstream:short)%00%(objectname)%00%(upstream:track)%00%(upstream:remotename)%00%(upstream:remoteref) refs/heads/b1 refs/remotes/b1 [7ms]
2025-06-08 17:28:21.437 [info] > git status -z -uall [7ms]
2025-06-08 17:28:21.439 [info] > git for-each-ref --sort -committerdate --format %(refname)%00%(objectname)%00%(*objectname) [3ms]
2025-06-08 17:28:21.634 [info] > git check-ignore -v -z --stdin [25ms]
2025-06-08 17:30:35.705 [info] > git config --get commit.template [2ms]
2025-06-08 17:30:35.714 [info] > git for-each-ref --format=%(refname)%00%(upstream:short)%00%(objectname)%00%(upstream:track)%00%(upstream:remotename)%00%(upstream:remoteref) refs/heads/b1 refs/remotes/b1 [1ms]
2025-06-08 17:30:35.732 [info] > git status -z -uall [10ms]
2025-06-08 17:30:35.734 [info] > git for-each-ref --sort -committerdate --format %(refname)%00%(objectname)%00%(*objectname) [3ms]
2025-06-08 17:30:55.368 [info] > git show --textconv :.vscode/launch.json [9ms]
2025-06-08 17:30:55.377 [info] > git ls-files --stage -- .vscode/launch.json [9ms]
2025-06-08 17:30:55.386 [info] > git hash-object -t tree /dev/null [10ms]
2025-06-08 17:30:55.387 [warning] [GitFileSystemProvider][readFile] File not found - git:/home/sammy/Desktop/temp/hello-world/.vscode/launch.json.git?%7B%22path%22%3A%22%2Fhome%2Fsammy%2FDesktop%2Ftemp%2Fhello-world%2F.vscode%2Flaunch.json%22%2C%22ref%22%3A%22%22%7D
2025-06-08 17:30:55.388 [info] > git hash-object -t tree /dev/null [2ms]
2025-06-08 17:30:55.388 [warning] [GitFileSystemProvider][stat] File not found - git:/home/sammy/Desktop/temp/hello-world/.vscode/launch.json.git?%7B%22path%22%3A%22%2Fhome%2Fsammy%2FDesktop%2Ftemp%2Fhello-world%2F.vscode%2Flaunch.json%22%2C%22ref%22%3A%22%22%7D
2025-06-08 17:30:55.405 [info] > git blame --root --incremental 14a914d5c4fd33cdf73a9305a2354c6bbf11708c -- .vscode/launch.json [1ms]
2025-06-08 17:30:55.405 [info] fatal: no such path .vscode/launch.json in 14a914d5c4fd33cdf73a9305a2354c6bbf11708c
2025-06-08 17:30:55.640 [info] > git check-ignore -v -z --stdin [2ms]
2025-06-08 17:31:48.273 [info] > git config --get commit.template [12ms]
2025-06-08 17:31:48.274 [info] > git for-each-ref --format=%(refname)%00%(upstream:short)%00%(objectname)%00%(upstream:track)%00%(upstream:remotename)%00%(upstream:remoteref) refs/heads/b1 refs/remotes/b1 [2ms]
2025-06-08 17:31:48.298 [info] > git status -z -uall [12ms]
2025-06-08 17:31:48.300 [info] > git for-each-ref --sort -committerdate --format %(refname)%00%(objectname)%00%(*objectname) [3ms]
2025-06-08 17:32:26.971 [info] > git config --get commit.template [12ms]
2025-06-08 17:32:26.971 [info] > git for-each-ref --format=%(refname)%00%(upstream:short)%00%(objectname)%00%(upstream:track)%00%(upstream:remotename)%00%(upstream:remoteref) refs/heads/b1 refs/remotes/b1 [1ms]
2025-06-08 17:32:26.989 [info] > git status -z -uall [11ms]
2025-06-08 17:32:26.989 [info] > git for-each-ref --sort -committerdate --format %(refname)%00%(objectname)%00%(*objectname) [1ms]
2025-06-08 17:32:32.010 [info] > git config --get commit.template [9ms]
2025-06-08 17:32:32.010 [info] > git for-each-ref --format=%(refname)%00%(upstream:short)%00%(objectname)%00%(upstream:track)%00%(upstream:remotename)%00%(upstream:remoteref) refs/heads/b1 refs/remotes/b1 [1ms]
2025-06-08 17:32:32.026 [info] > git status -z -uall [7ms]
2025-06-08 17:32:32.027 [info] > git for-each-ref --sort -committerdate --format %(refname)%00%(objectname)%00%(*objectname) [2ms]
2025-06-08 17:32:36.560 [info] > git log --format=%H%n%aN%n%aE%n%at%n%ct%n%P%n%D%n%B -z --shortstat --diff-merges=first-parent -n50 --skip=0 --topo-order --decorate=full --stdin [25ms]
2025-06-08 17:32:37.105 [info] > git check-ignore -v -z --stdin [1ms]
2025-06-08 17:32:59.041 [info] > git config --get commit.template [9ms]
2025-06-08 17:32:59.041 [info] > git for-each-ref --format=%(refname)%00%(upstream:short)%00%(objectname)%00%(upstream:track)%00%(upstream:remotename)%00%(upstream:remoteref) refs/heads/b1 refs/remotes/b1 [1ms]
2025-06-08 17:32:59.056 [info] > git status -z -uall [6ms]
2025-06-08 17:32:59.057 [info] > git for-each-ref --sort -committerdate --format %(refname)%00%(objectname)%00%(*objectname) [2ms]
2025-06-08 17:33:06.066 [info] > git config --get commit.template [10ms]
2025-06-08 17:33:06.066 [info] > git for-each-ref --format=%(refname)%00%(upstream:short)%00%(objectname)%00%(upstream:track)%00%(upstream:remotename)%00%(upstream:remoteref) refs/heads/b1 refs/remotes/b1 [0ms]
2025-06-08 17:33:06.079 [info] > git status -z -uall [8ms]
2025-06-08 17:33:06.080 [info] > git for-each-ref --sort -committerdate --format %(refname)%00%(objectname)%00%(*objectname) [1ms]
2025-06-08 17:33:06.405 [info] > git show --textconv :arrayProblems/largestElm.cpp [9ms]
2025-06-08 17:33:06.405 [info] > git ls-files --stage -- arrayProblems/largestElm.cpp [1ms]
2025-06-08 17:33:06.414 [info] > git cat-file -s ccf7843efd13cdd95daa41572e10407bad2bf2ed [2ms]
2025-06-08 17:33:06.429 [info] > git blame --root --incremental 923cdedfadd2e648a9454764355ff23d12b20951 -- arrayProblems/largestElm.cpp [2ms]
2025-06-08 17:33:46.092 [info] > git check-ignore -v -z --stdin [1ms]
2025-06-08 17:33:46.092 [info] > git for-each-ref --format=%(refname)%00%(upstream:short)%00%(objectname)%00%(upstream:track)%00%(upstream:remotename)%00%(upstream:remoteref) refs/heads/b1 refs/remotes/b1 [10ms]
2025-06-08 17:33:46.092 [info] > git config --get commit.template [19ms]
2025-06-08 17:33:46.108 [info] > git status -z -uall [9ms]
2025-06-08 17:33:46.109 [info] > git for-each-ref --sort -committerdate --format %(refname)%00%(objectname)%00%(*objectname) [2ms]
2025-06-08 17:34:23.818 [info] > git show --textconv :arrayProblems/largestElm.cpp [12ms]
2025-06-08 17:34:23.819 [info] > git ls-files --stage -- arrayProblems/largestElm.cpp [2ms]
2025-06-08 17:34:23.826 [info] > git cat-file -s ccf7843efd13cdd95daa41572e10407bad2bf2ed [1ms]
2025-06-08 17:34:31.903 [info] > git config --get commit.template [12ms]
2025-06-08 17:34:31.904 [info] > git for-each-ref --format=%(refname)%00%(upstream:short)%00%(objectname)%00%(upstream:track)%00%(upstream:remotename)%00%(upstream:remoteref) refs/heads/b1 refs/remotes/b1 [2ms]
2025-06-08 17:34:31.926 [info] > git status -z -uall [8ms]
2025-06-08 17:34:31.927 [info] > git for-each-ref --sort -committerdate --format %(refname)%00%(objectname)%00%(*objectname) [2ms]
2025-06-08 17:34:38.559 [info] > git show --textconv :arrayProblems/largestElm.cpp [16ms]
2025-06-08 17:34:38.561 [info] > git ls-files --stage -- arrayProblems/largestElm.cpp [3ms]
2025-06-08 17:34:38.575 [info] > git cat-file -s ccf7843efd13cdd95daa41572e10407bad2bf2ed [3ms]
2025-06-08 17:34:51.509 [info] > git show --textconv :arrayProblems/largestElm.cpp [10ms]
2025-06-08 17:34:51.511 [info] > git ls-files --stage -- arrayProblems/largestElm.cpp [4ms]
2025-06-08 17:34:51.519 [info] > git cat-file -s ccf7843efd13cdd95daa41572e10407bad2bf2ed [1ms]
2025-06-08 17:38:54.400 [info] > git config --get commit.template [1ms]
2025-06-08 17:38:54.411 [info] > git for-each-ref --format=%(refname)%00%(upstream:short)%00%(objectname)%00%(upstream:track)%00%(upstream:remotename)%00%(upstream:remoteref) refs/heads/b1 refs/remotes/b1 [1ms]
2025-06-08 17:38:54.431 [info] > git status -z -uall [11ms]
2025-06-08 17:38:54.432 [info] > git for-each-ref --sort -committerdate --format %(refname)%00%(objectname)%00%(*objectname) [2ms]
2025-06-08 17:39:00.959 [info] > git config --get commit.template [12ms]
2025-06-08 17:39:00.959 [info] > git for-each-ref --format=%(refname)%00%(upstream:short)%00%(objectname)%00%(upstream:track)%00%(upstream:remotename)%00%(upstream:remoteref) refs/heads/b1 refs/remotes/b1 [1ms]
2025-06-08 17:39:00.977 [info] > git status -z -uall [12ms]
2025-06-08 17:39:00.977 [info] > git for-each-ref --sort -committerdate --format %(refname)%00%(objectname)%00%(*objectname) [1ms]
2025-06-08 17:39:18.807 [info] > git config --get commit.template [1ms]
2025-06-08 17:39:18.817 [info] > git for-each-ref --format=%(refname)%00%(upstream:short)%00%(objectname)%00%(upstream:track)%00%(upstream:remotename)%00%(upstream:remoteref) refs/heads/b1 refs/remotes/b1 [2ms]
2025-06-08 17:39:18.836 [info] > git status -z -uall [10ms]
2025-06-08 17:39:18.837 [info] > git for-each-ref --sort -committerdate --format %(refname)%00%(objectname)%00%(*objectname) [2ms]
2025-06-08 17:39:23.859 [info] > git config --get commit.template [7ms]
2025-06-08 17:39:23.859 [info] > git for-each-ref --format=%(refname)%00%(upstream:short)%00%(objectname)%00%(upstream:track)%00%(upstream:remotename)%00%(upstream:remoteref) refs/heads/b1 refs/remotes/b1 [1ms]
2025-06-08 17:39:23.873 [info] > git status -z -uall [6ms]
2025-06-08 17:39:23.874 [info] > git for-each-ref --sort -committerdate --format %(refname)%00%(objectname)%00%(*objectname) [1ms]
2025-06-08 17:48:38.635 [info] > git config --get commit.template [7ms]
2025-06-08 17:48:38.636 [info] > git for-each-ref --format=%(refname)%00%(upstream:short)%00%(objectname)%00%(upstream:track)%00%(upstream:remotename)%00%(upstream:remoteref) refs/heads/b1 refs/remotes/b1 [2ms]
2025-06-08 17:48:38.652 [info] > git status -z -uall [7ms]
2025-06-08 17:48:38.653 [info] > git for-each-ref --sort -committerdate --format %(refname)%00%(objectname)%00%(*objectname) [2ms]
2025-06-08 17:48:46.684 [info] > git config --get commit.template [7ms]
2025-06-08 17:48:46.684 [info] > git for-each-ref --format=%(refname)%00%(upstream:short)%00%(objectname)%00%(upstream:track)%00%(upstream:remotename)%00%(upstream:remoteref) refs/heads/b1 refs/remotes/b1 [1ms]
2025-06-08 17:48:46.700 [info] > git status -z -uall [6ms]
2025-06-08 17:48:46.701 [info] > git for-each-ref --sort -committerdate --format %(refname)%00%(objectname)%00%(*objectname) [2ms]
2025-06-08 17:49:03.563 [info] > git config --get commit.template [8ms]
2025-06-08 17:49:03.563 [info] > git for-each-ref --format=%(refname)%00%(upstream:short)%00%(objectname)%00%(upstream:track)%00%(upstream:remotename)%00%(upstream:remoteref) refs/heads/b1 refs/remotes/b1 [0ms]
2025-06-08 17:49:03.578 [info] > git status -z -uall [7ms]
2025-06-08 17:49:03.578 [info] > git for-each-ref --sort -committerdate --format %(refname)%00%(objectname)%00%(*objectname) [1ms]
2025-06-08 17:49:08.598 [info] > git config --get commit.template [8ms]
2025-06-08 17:49:08.599 [info] > git for-each-ref --format=%(refname)%00%(upstream:short)%00%(objectname)%00%(upstream:track)%00%(upstream:remotename)%00%(upstream:remoteref) refs/heads/b1 refs/remotes/b1 [1ms]
2025-06-08 17:49:08.615 [info] > git status -z -uall [8ms]
2025-06-08 17:49:08.616 [info] > git for-each-ref --sort -committerdate --format %(refname)%00%(objectname)%00%(*objectname) [2ms]
2025-06-08 17:49:18.807 [info] > git config --get commit.template [10ms]
2025-06-08 17:49:18.807 [info] > git for-each-ref --format=%(refname)%00%(upstream:short)%00%(objectname)%00%(upstream:track)%00%(upstream:remotename)%00%(upstream:remoteref) refs/heads/b1 refs/remotes/b1 [1ms]
2025-06-08 17:49:18.823 [info] > git status -z -uall [9ms]
2025-06-08 17:49:18.823 [info] > git for-each-ref --sort -committerdate --format %(refname)%00%(objectname)%00%(*objectname) [1ms]
2025-06-08 17:49:24.350 [info] > git config --get commit.template [2ms]
2025-06-08 17:49:24.362 [info] > git for-each-ref --format=%(refname)%00%(upstream:short)%00%(objectname)%00%(upstream:track)%00%(upstream:remotename)%00%(upstream:remoteref) refs/heads/b1 refs/remotes/b1 [2ms]
2025-06-08 17:49:24.383 [info] > git status -z -uall [11ms]
2025-06-08 17:49:24.385 [info] > git for-each-ref --sort -committerdate --format %(refname)%00%(objectname)%00%(*objectname) [3ms]
2025-06-08 17:49:24.715 [info] > git show --textconv :arrayProblems/slargest.cpp [11ms]
2025-06-08 17:49:24.716 [info] > git ls-files --stage -- arrayProblems/slargest.cpp [1ms]
2025-06-08 17:49:24.725 [info] > git cat-file -s 53fdf3bc670d79aedd05ef16b4f63e5dec78594f [1ms]
2025-06-08 17:49:24.744 [info] > git blame --root --incremental 32ad15df6b385c80f8b974b4c35712fdb3577a95 -- arrayProblems/slargest.cpp [2ms]
2025-06-08 17:54:07.614 [info] > git show --textconv :arrayProblems/largestElm.cpp [10ms]
2025-06-08 17:54:07.615 [info] > git ls-files --stage -- arrayProblems/largestElm.cpp [2ms]
2025-06-08 17:54:07.624 [info] > git cat-file -s ccf7843efd13cdd95daa41572e10407bad2bf2ed [1ms]
2025-06-08 17:54:07.635 [info] > git blame --root --incremental 32ad15df6b385c80f8b974b4c35712fdb3577a95 -- arrayProblems/largestElm.cpp [1ms]
2025-06-08 17:54:09.651 [info] > git show --textconv :sorting.cpp [10ms]
2025-06-08 17:54:09.651 [info] > git ls-files --stage -- sorting.cpp [1ms]
2025-06-08 17:54:09.661 [info] > git cat-file -s 6411483d835b44c9cc02b921c027f9da4246ebf1 [3ms]
2025-06-08 17:54:09.678 [info] > git blame --root --incremental 32ad15df6b385c80f8b974b4c35712fdb3577a95 -- sorting.cpp [3ms]
2025-06-08 17:54:11.234 [info] > git show --textconv :quickSort.cpp [12ms]
2025-06-08 17:54:11.235 [info] > git ls-files --stage -- quickSort.cpp [2ms]
2025-06-08 17:54:11.244 [info] > git cat-file -s b0703b507c61782f931d89622b7e9b6ab98703ea [1ms]
2025-06-08 17:54:27.336 [info] > git show --textconv :binarySearch.cpp [12ms]
2025-06-08 17:54:27.336 [info] > git ls-files --stage -- binarySearch.cpp [1ms]
2025-06-08 17:54:27.346 [info] > git cat-file -s e2dccb9e9a3b36cd287a23edc95b294d2169415d [2ms]
2025-06-08 17:54:28.425 [info] > git show --textconv :hash-freq.cpp [7ms]
2025-06-08 17:54:28.425 [info] > git ls-files --stage -- hash-freq.cpp [1ms]
2025-06-08 17:54:28.436 [info] > git cat-file -s 7b4a572d994136a2aa902cba1e96468abaa92fdd [1ms]
2025-06-08 17:54:28.451 [info] > git blame --root --incremental 32ad15df6b385c80f8b974b4c35712fdb3577a95 -- hash-freq.cpp [2ms]
2025-06-08 17:54:40.731 [info] > git config --get commit.template [1ms]
2025-06-08 17:54:40.738 [info] > git for-each-ref --format=%(refname)%00%(upstream:short)%00%(objectname)%00%(upstream:track)%00%(upstream:remotename)%00%(upstream:remoteref) refs/heads/b1 refs/remotes/b1 [1ms]
2025-06-08 17:54:40.756 [info] > git status -z -uall [13ms]
2025-06-08 17:54:40.756 [info] > git check-ignore -v -z --stdin [1ms]
2025-06-08 17:54:40.756 [info] > git for-each-ref --sort -committerdate --format %(refname)%00%(objectname)%00%(*objectname) [7ms]
2025-06-08 20:14:03.385 [info] > git show --textconv :arrayProblems/largestElm.cpp [10ms]
2025-06-08 20:14:03.386 [info] > git ls-files --stage -- arrayProblems/largestElm.cpp [2ms]
2025-06-08 20:14:03.396 [info] > git cat-file -s ccf7843efd13cdd95daa41572e10407bad2bf2ed [1ms]
2025-06-08 20:14:15.406 [info] > git config --get commit.template [14ms]
2025-06-08 20:14:15.407 [info] > git for-each-ref --format=%(refname)%00%(upstream:short)%00%(objectname)%00%(upstream:track)%00%(upstream:remotename)%00%(upstream:remoteref) refs/heads/b1 refs/remotes/b1 [2ms]
2025-06-08 20:14:15.427 [info] > git status -z -uall [9ms]
2025-06-08 20:14:15.428 [info] > git for-each-ref --sort -committerdate --format %(refname)%00%(objectname)%00%(*objectname) [1ms]
2025-06-08 20:18:21.230 [info] > git config --get commit.template [8ms]
2025-06-08 20:18:21.230 [info] > git for-each-ref --format=%(refname)%00%(upstream:short)%00%(objectname)%00%(upstream:track)%00%(upstream:remotename)%00%(upstream:remoteref) refs/heads/b1 refs/remotes/b1 [1ms]
2025-06-08 20:18:21.247 [info] > git status -z -uall [6ms]
2025-06-08 20:18:21.248 [info] > git for-each-ref --sort -committerdate --format %(refname)%00%(objectname)%00%(*objectname) [1ms]
2025-06-08 20:18:55.231 [info] > git config --get commit.template [7ms]
2025-06-08 20:18:55.231 [info] > git for-each-ref --format=%(refname)%00%(upstream:short)%00%(objectname)%00%(upstream:track)%00%(upstream:remotename)%00%(upstream:remoteref) refs/heads/b1 refs/remotes/b1 [1ms]
2025-06-08 20:18:55.248 [info] > git status -z -uall [8ms]
2025-06-08 20:18:55.249 [info] > git for-each-ref --sort -committerdate --format %(refname)%00%(objectname)%00%(*objectname) [3ms]
2025-06-08 20:19:03.419 [info] > git log --format=%H%n%aN%n%aE%n%at%n%ct%n%P%n%D%n%B -z --shortstat --diff-merges=first-parent -n50 --skip=0 --topo-order --decorate=full --stdin [6ms]
2025-06-08 20:19:03.945 [info] > git check-ignore -v -z --stdin [1ms]
2025-06-08 20:19:20.105 [info] > git config --get commit.template [9ms]
2025-06-08 20:19:20.105 [info] > git for-each-ref --format=%(refname)%00%(upstream:short)%00%(objectname)%00%(upstream:track)%00%(upstream:remotename)%00%(upstream:remoteref) refs/heads/b1 refs/remotes/b1 [1ms]
2025-06-08 20:19:20.120 [info] > git status -z -uall [9ms]
2025-06-08 20:19:20.121 [info] > git for-each-ref --sort -committerdate --format %(refname)%00%(objectname)%00%(*objectname) [1ms]
2025-06-08 20:19:25.141 [info] > git config --get commit.template [4ms]
2025-06-08 20:19:25.153 [info] > git for-each-ref --format=%(refname)%00%(upstream:short)%00%(objectname)%00%(upstream:track)%00%(upstream:remotename)%00%(upstream:remoteref) refs/heads/b1 refs/remotes/b1 [2ms]
2025-06-08 20:19:25.170 [info] > git status -z -uall [8ms]
2025-06-08 20:19:25.171 [info] > git for-each-ref --sort -committerdate --format %(refname)%00%(objectname)%00%(*objectname) [2ms]
2025-06-08 20:19:25.502 [info] > git show --textconv :arrayProblems/isSorted.cpp [12ms]
2025-06-08 20:19:25.503 [info] > git ls-files --stage -- arrayProblems/isSorted.cpp [2ms]
2025-06-08 20:19:25.512 [info] > git cat-file -s bb6f11ce693ab9c77db21eed2bcd80e76c40382c [1ms]
2025-06-08 20:19:25.523 [info] > git blame --root --incremental 23c241ab4a34f05772f13bcaaf05dc13c7022298 -- arrayProblems/isSorted.cpp [1ms]
2025-06-08 20:23:48.127 [info] > git config --get commit.template [12ms]
2025-06-08 20:23:48.127 [info] > git check-ignore -v -z --stdin [1ms]
2025-06-08 20:23:48.136 [info] > git for-each-ref --format=%(refname)%00%(upstream:short)%00%(objectname)%00%(upstream:track)%00%(upstream:remotename)%00%(upstream:remoteref) refs/heads/b1 refs/remotes/b1 [1ms]
2025-06-08 20:23:48.151 [info] > git status -z -uall [8ms]
2025-06-08 20:23:48.152 [info] > git for-each-ref --sort -committerdate --format %(refname)%00%(objectname)%00%(*objectname) [1ms]
2025-06-08 20:23:59.780 [info] > git config --get commit.template [2ms]
2025-06-08 20:23:59.798 [info] > git for-each-ref --format=%(refname)%00%(upstream:short)%00%(objectname)%00%(upstream:track)%00%(upstream:remotename)%00%(upstream:remoteref) refs/heads/b1 refs/remotes/b1 [6ms]
2025-06-08 20:23:59.814 [info] > git check-ignore -v -z --stdin [16ms]
2025-06-08 20:23:59.814 [info] > git status -z -uall [6ms]
2025-06-08 20:23:59.814 [info] > git for-each-ref --sort -committerdate --format %(refname)%00%(objectname)%00%(*objectname) [1ms]
2025-06-08 20:30:25.141 [info] > git config --get commit.template [11ms]
2025-06-08 20:30:25.142 [info] > git for-each-ref --format=%(refname)%00%(upstream:short)%00%(objectname)%00%(upstream:track)%00%(upstream:remotename)%00%(upstream:remoteref) refs/heads/b1 refs/remotes/b1 [1ms]
2025-06-08 20:30:25.158 [info] > git status -z -uall [11ms]
2025-06-08 20:30:25.159 [info] > git for-each-ref --sort -committerdate --format %(refname)%00%(objectname)%00%(*objectname) [1ms]
2025-06-08 20:30:34.912 [info] > git config --get commit.template [10ms]
2025-06-08 20:30:34.912 [info] > git for-each-ref --format=%(refname)%00%(upstream:short)%00%(objectname)%00%(upstream:track)%00%(upstream:remotename)%00%(upstream:remoteref) refs/heads/b1 refs/remotes/b1 [1ms]
2025-06-08 20:30:34.928 [info] > git status -z -uall [10ms]
2025-06-08 20:30:34.928 [info] > git for-each-ref --sort -committerdate --format %(refname)%00%(objectname)%00%(*objectname) [1ms]
2025-06-08 20:43:12.955 [info] > git config --get commit.template [2ms]
2025-06-08 20:43:12.966 [info] > git for-each-ref --format=%(refname)%00%(upstream:short)%00%(objectname)%00%(upstream:track)%00%(upstream:remotename)%00%(upstream:remoteref) refs/heads/b1 refs/remotes/b1 [2ms]
2025-06-08 20:43:12.982 [info] > git status -z -uall [8ms]
2025-06-08 20:43:12.983 [info] > git for-each-ref --sort -committerdate --format %(refname)%00%(objectname)%00%(*objectname) [2ms]
2025-06-08 20:43:37.432 [info] > git config --get commit.template [13ms]
2025-06-08 20:43:37.433 [info] > git for-each-ref --format=%(refname)%00%(upstream:short)%00%(objectname)%00%(upstream:track)%00%(upstream:remotename)%00%(upstream:remoteref) refs/heads/b1 refs/remotes/b1 [1ms]
2025-06-08 20:43:37.451 [info] > git status -z -uall [9ms]
2025-06-08 20:43:37.452 [info] > git for-each-ref --sort -committerdate --format %(refname)%00%(objectname)%00%(*objectname) [1ms]
2025-06-08 20:44:01.990 [info] > git config --get commit.template [10ms]
2025-06-08 20:44:01.991 [info] > git for-each-ref --format=%(refname)%00%(upstream:short)%00%(objectname)%00%(upstream:track)%00%(upstream:remotename)%00%(upstream:remoteref) refs/heads/b1 refs/remotes/b1 [1ms]
2025-06-08 20:44:02.007 [info] > git status -z -uall [7ms]
2025-06-08 20:44:02.008 [info] > git for-each-ref --sort -committerdate --format %(refname)%00%(objectname)%00%(*objectname) [2ms]
2025-06-08 20:44:07.019 [info] > git config --get commit.template [1ms]
2025-06-08 20:44:07.029 [info] > git for-each-ref --format=%(refname)%00%(upstream:short)%00%(objectname)%00%(upstream:track)%00%(upstream:remotename)%00%(upstream:remoteref) refs/heads/b1 refs/remotes/b1 [1ms]
2025-06-08 20:44:07.044 [info] > git status -z -uall [9ms]
2025-06-08 20:44:07.045 [info] > git for-each-ref --sort -committerdate --format %(refname)%00%(objectname)%00%(*objectname) [2ms]
2025-06-08 20:44:12.278 [info] > git config --get commit.template [2ms]
2025-06-08 20:44:12.286 [info] > git for-each-ref --format=%(refname)%00%(upstream:short)%00%(objectname)%00%(upstream:track)%00%(upstream:remotename)%00%(upstream:remoteref) refs/heads/b1 refs/remotes/b1 [1ms]
2025-06-08 20:44:12.301 [info] > git status -z -uall [6ms]
2025-06-08 20:44:12.302 [info] > git for-each-ref --sort -committerdate --format %(refname)%00%(objectname)%00%(*objectname) [1ms]
2025-06-08 20:44:17.329 [info] > git config --get commit.template [13ms]
2025-06-08 20:44:17.330 [info] > git for-each-ref --format=%(refname)%00%(upstream:short)%00%(objectname)%00%(upstream:track)%00%(upstream:remotename)%00%(upstream:remoteref) refs/heads/b1 refs/remotes/b1 [2ms]
2025-06-08 20:44:17.348 [info] > git status -z -uall [9ms]
2025-06-08 20:44:17.350 [info] > git for-each-ref --sort -committerdate --format %(refname)%00%(objectname)%00%(*objectname) [2ms]
2025-06-08 20:44:17.677 [info] > git show --textconv :arrayProblems/remDupSorted.cpp [9ms]
2025-06-08 20:44:17.678 [info] > git ls-files --stage -- arrayProblems/remDupSorted.cpp [1ms]
2025-06-08 20:44:17.685 [info] > git cat-file -s 139e88d84c683d71f65471726e05f72028b322a9 [1ms]
2025-06-08 20:44:17.696 [info] > git blame --root --incremental d349c002823ae80c025890d516647f62fc25ad50 -- arrayProblems/remDupSorted.cpp [1ms]
2025-06-08 21:04:39.914 [info] > git config --get commit.template [10ms]
2025-06-08 21:04:39.915 [info] > git for-each-ref --format=%(refname)%00%(upstream:short)%00%(objectname)%00%(upstream:track)%00%(upstream:remotename)%00%(upstream:remoteref) refs/heads/b1 refs/remotes/b1 [1ms]
2025-06-08 21:04:39.929 [info] > git status -z -uall [7ms]
2025-06-08 21:04:39.930 [info] > git for-each-ref --sort -committerdate --format %(refname)%00%(objectname)%00%(*objectname) [1ms]
2025-06-08 21:04:41.789 [info] > git log --format=%H%n%aN%n%aE%n%at%n%ct%n%P%n%D%n%B -z --shortstat --diff-merges=first-parent -n50 --skip=0 --topo-order --decorate=full --stdin [6ms]
2025-06-08 21:04:42.314 [info] > git check-ignore -v -z --stdin [1ms]
2025-06-08 21:11:55.315 [info] > git config --get commit.template [14ms]
2025-06-08 21:11:55.316 [info] > git for-each-ref --format=%(refname)%00%(upstream:short)%00%(objectname)%00%(upstream:track)%00%(upstream:remotename)%00%(upstream:remoteref) refs/heads/b1 refs/remotes/b1 [1ms]
2025-06-08 21:11:55.334 [info] > git status -z -uall [10ms]
2025-06-08 21:11:55.335 [info] > git for-each-ref --sort -committerdate --format %(refname)%00%(objectname)%00%(*objectname) [1ms]
2025-06-08 21:12:11.034 [info] > git show --textconv :arrayProblems/isSorted.cpp [11ms]
2025-06-08 21:12:11.035 [info] > git ls-files --stage -- arrayProblems/isSorted.cpp [2ms]
2025-06-08 21:12:11.042 [info] > git cat-file -s bb6f11ce693ab9c77db21eed2bcd80e76c40382c [1ms]
2025-06-08 21:12:11.054 [info] > git blame --root --incremental d349c002823ae80c025890d516647f62fc25ad50 -- arrayProblems/isSorted.cpp [1ms]
2025-06-08 21:12:16.719 [info] > git show --textconv :arrayProblems/largestElm.cpp [8ms]
2025-06-08 21:12:16.719 [info] > git ls-files --stage -- arrayProblems/largestElm.cpp [1ms]
2025-06-08 21:12:16.728 [info] > git cat-file -s ccf7843efd13cdd95daa41572e10407bad2bf2ed [1ms]
2025-06-08 21:12:16.739 [info] > git blame --root --incremental d349c002823ae80c025890d516647f62fc25ad50 -- arrayProblems/largestElm.cpp [2ms]
2025-06-08 21:12:18.262 [info] > git show --textconv :arrayProblems/remDupSorted.cpp [9ms]
2025-06-08 21:12:18.263 [info] > git ls-files --stage -- arrayProblems/remDupSorted.cpp [2ms]
2025-06-08 21:12:18.271 [info] > git cat-file -s 139e88d84c683d71f65471726e05f72028b322a9 [1ms]
2025-06-08 21:12:55.179 [info] > git config --get commit.template [2ms]
2025-06-08 21:12:55.186 [info] > git for-each-ref --format=%(refname)%00%(upstream:short)%00%(objectname)%00%(upstream:track)%00%(upstream:remotename)%00%(upstream:remoteref) refs/heads/b1 refs/remotes/b1 [1ms]
2025-06-08 21:12:55.202 [info] > git status -z -uall [7ms]
2025-06-08 21:12:55.202 [info] > git for-each-ref --sort -committerdate --format %(refname)%00%(objectname)%00%(*objectname) [1ms]
2025-06-08 21:13:02.298 [info] > git config --get commit.template [11ms]
2025-06-08 21:13:02.299 [info] > git for-each-ref --format=%(refname)%00%(upstream:short)%00%(objectname)%00%(upstream:track)%00%(upstream:remotename)%00%(upstream:remoteref) refs/heads/b1 refs/remotes/b1 [1ms]
2025-06-08 21:13:02.315 [info] > git status -z -uall [10ms]
2025-06-08 21:13:02.316 [info] > git for-each-ref --sort -committerdate --format %(refname)%00%(objectname)%00%(*objectname) [1ms]
2025-06-08 21:13:25.800 [info] > git config --get commit.template [11ms]
2025-06-08 21:13:25.801 [info] > git for-each-ref --format=%(refname)%00%(upstream:short)%00%(objectname)%00%(upstream:track)%00%(upstream:remotename)%00%(upstream:remoteref) refs/heads/b1 refs/remotes/b1 [1ms]
2025-06-08 21:13:25.830 [info] > git status -z -uall [15ms]
2025-06-08 21:13:25.832 [info] > git for-each-ref --sort -committerdate --format %(refname)%00%(objectname)%00%(*objectname) [2ms]
2025-06-08 21:14:42.822 [info] > git config --get commit.template [9ms]
2025-06-08 21:14:42.823 [info] > git for-each-ref --format=%(refname)%00%(upstream:short)%00%(objectname)%00%(upstream:track)%00%(upstream:remotename)%00%(upstream:remoteref) refs/heads/b1 refs/remotes/b1 [1ms]
2025-06-08 21:14:42.837 [info] > git status -z -uall [8ms]
2025-06-08 21:14:42.838 [info] > git for-each-ref --sort -committerdate --format %(refname)%00%(objectname)%00%(*objectname) [1ms]
2025-06-08 21:14:49.440 [info] > git config --get commit.template [15ms]
2025-06-08 21:14:49.441 [info] > git for-each-ref --format=%(refname)%00%(upstream:short)%00%(objectname)%00%(upstream:track)%00%(upstream:remotename)%00%(upstream:remoteref) refs/heads/b1 refs/remotes/b1 [2ms]
2025-06-08 21:14:49.458 [info] > git status -z -uall [7ms]
2025-06-08 21:14:49.459 [info] > git for-each-ref --sort -committerdate --format %(refname)%00%(objectname)%00%(*objectname) [1ms]
2025-06-08 21:15:13.320 [info] > git config --get commit.template [11ms]
2025-06-08 21:15:13.320 [info] > git for-each-ref --format=%(refname)%00%(upstream:short)%00%(objectname)%00%(upstream:track)%00%(upstream:remotename)%00%(upstream:remoteref) refs/heads/b1 refs/remotes/b1 [1ms]
2025-06-08 21:15:13.337 [info] > git status -z -uall [11ms]
2025-06-08 21:15:13.337 [info] > git for-each-ref --sort -committerdate --format %(refname)%00%(objectname)%00%(*objectname) [1ms]
2025-06-08 21:15:18.367 [info] > git config --get commit.template [14ms]
2025-06-08 21:15:18.368 [info] > git for-each-ref --format=%(refname)%00%(upstream:short)%00%(objectname)%00%(upstream:track)%00%(upstream:remotename)%00%(upstream:remoteref) refs/heads/b1 refs/remotes/b1 [2ms]
2025-06-08 21:15:18.386 [info] > git status -z -uall [9ms]
2025-06-08 21:15:18.387 [info] > git for-each-ref --sort -committerdate --format %(refname)%00%(objectname)%00%(*objectname) [2ms]
2025-06-08 21:15:18.716 [info] > git show --textconv :arrayProblems/zeroEnd.cpp [12ms]
2025-06-08 21:15:18.717 [info] > git ls-files --stage -- arrayProblems/zeroEnd.cpp [2ms]
2025-06-08 21:15:18.728 [info] > git cat-file -s 75d8e2363789eb32655af3944e8e474ea39b5970 [2ms]
2025-06-08 21:15:18.743 [info] > git blame --root --incremental cf1f934e0eeb164098049d38d415e668ee0548f6 -- arrayProblems/zeroEnd.cpp [2ms]
2025-06-08 21:19:40.755 [info] > git config --get commit.template [13ms]
2025-06-08 21:19:40.755 [info] > git for-each-ref --format=%(refname)%00%(upstream:short)%00%(objectname)%00%(upstream:track)%00%(upstream:remotename)%00%(upstream:remoteref) refs/heads/b1 refs/remotes/b1 [1ms]
2025-06-08 21:19:40.773 [info] > git status -z -uall [10ms]
2025-06-08 21:19:40.773 [info] > git for-each-ref --sort -committerdate --format %(refname)%00%(objectname)%00%(*objectname) [1ms]
2025-06-08 21:19:57.452 [info] > git config --get commit.template [10ms]
2025-06-08 21:19:57.453 [info] > git for-each-ref --format=%(refname)%00%(upstream:short)%00%(objectname)%00%(upstream:track)%00%(upstream:remotename)%00%(upstream:remoteref) refs/heads/b1 refs/remotes/b1 [2ms]
2025-06-08 21:19:57.468 [info] > git status -z -uall [10ms]
2025-06-08 21:19:57.469 [info] > git for-each-ref --sort -committerdate --format %(refname)%00%(objectname)%00%(*objectname) [1ms]
2025-06-08 21:20:29.810 [info] > git config --get commit.template [6ms]
2025-06-08 21:20:29.811 [info] > git for-each-ref --format=%(refname)%00%(upstream:short)%00%(objectname)%00%(upstream:track)%00%(upstream:remotename)%00%(upstream:remoteref) refs/heads/b1 refs/remotes/b1 [1ms]
2025-06-08 21:20:29.826 [info] > git status -z -uall [7ms]
2025-06-08 21:20:29.827 [info] > git for-each-ref --sort -committerdate --format %(refname)%00%(objectname)%00%(*objectname) [1ms]
2025-06-08 21:20:31.361 [info] > git ls-files --stage -- arrayProblems/zeroEnd.cpp [2ms]
2025-06-08 21:20:31.372 [info] > git cat-file -s 8888877fa47369678a87dd5690aab9918a52479c [2ms]
2025-06-08 21:20:31.384 [info] > git show --textconv :arrayProblems/zeroEnd.cpp [2ms]
2025-06-08 21:20:34.853 [info] > git config --get commit.template [12ms]
2025-06-08 21:20:34.853 [info] > git for-each-ref --format=%(refname)%00%(upstream:short)%00%(objectname)%00%(upstream:track)%00%(upstream:remotename)%00%(upstream:remoteref) refs/heads/b1 refs/remotes/b1 [1ms]
2025-06-08 21:20:34.870 [info] > git status -z -uall [9ms]
2025-06-08 21:20:34.870 [info] > git for-each-ref --sort -committerdate --format %(refname)%00%(objectname)%00%(*objectname) [1ms]
2025-06-08 22:22:09.117 [info] > git show --textconv :arrayProblems/remDupSorted.cpp [8ms]
2025-06-08 22:22:09.118 [info] > git ls-files --stage -- arrayProblems/remDupSorted.cpp [1ms]
2025-06-08 22:22:09.128 [info] > git cat-file -s 139e88d84c683d71f65471726e05f72028b322a9 [1ms]
2025-06-08 22:22:09.143 [info] > git blame --root --incremental 435916affd48f569e7a2b5be515ef302e6eff792 -- arrayProblems/remDupSorted.cpp [1ms]
2025-06-08 22:22:50.420 [info] > git show --textconv :quickSort.cpp [9ms]
2025-06-08 22:22:50.421 [info] > git ls-files --stage -- quickSort.cpp [2ms]
2025-06-08 22:22:50.428 [info] > git cat-file -s b0703b507c61782f931d89622b7e9b6ab98703ea [1ms]
2025-06-08 22:24:06.533 [info] > git show --textconv :mergeSort.cpp [9ms]
2025-06-08 22:24:06.534 [info] > git ls-files --stage -- mergeSort.cpp [2ms]
2025-06-08 22:24:06.545 [info] > git cat-file -s cf64fa5787921d9c82136ffe4b9ae176b91cd329 [1ms]
2025-06-08 22:24:06.559 [info] > git blame --root --incremental 435916affd48f569e7a2b5be515ef302e6eff792 -- mergeSort.cpp [3ms]
2025-06-08 22:24:32.646 [info] > git show --textconv :quickSort.cpp [10ms]
2025-06-08 22:24:32.647 [info] > git ls-files --stage -- quickSort.cpp [1ms]
2025-06-08 22:24:32.658 [info] > git cat-file -s b0703b507c61782f931d89622b7e9b6ab98703ea [1ms]
2025-06-08 22:25:24.740 [info] > git show --textconv :arrayProblems/isSorted.cpp [9ms]
2025-06-08 22:25:24.741 [info] > git ls-files --stage -- arrayProblems/isSorted.cpp [1ms]
2025-06-08 22:25:24.753 [info] > git cat-file -s bb6f11ce693ab9c77db21eed2bcd80e76c40382c [1ms]
2025-06-08 22:25:24.767 [info] > git blame --root --incremental 435916affd48f569e7a2b5be515ef302e6eff792 -- arrayProblems/isSorted.cpp [2ms]
2025-06-08 22:25:26.619 [info] > git show --textconv :arrayProblems/remDupSorted.cpp [12ms]
2025-06-08 22:25:26.619 [info] > git ls-files --stage -- arrayProblems/remDupSorted.cpp [1ms]
2025-06-08 22:25:26.626 [info] > git cat-file -s 139e88d84c683d71f65471726e05f72028b322a9 [1ms]
2025-06-08 22:26:11.995 [info] > git config --get commit.template [10ms]
2025-06-08 22:26:11.996 [info] > git for-each-ref --format=%(refname)%00%(upstream:short)%00%(objectname)%00%(upstream:track)%00%(upstream:remotename)%00%(upstream:remoteref) refs/heads/b1 refs/remotes/b1 [1ms]
2025-06-08 22:26:12.019 [info] > git status -z -uall [17ms]
2025-06-08 22:26:12.019 [info] > git check-ignore -v -z --stdin [1ms]
2025-06-08 22:26:12.020 [info] > git for-each-ref --sort -committerdate --format %(refname)%00%(objectname)%00%(*objectname) [10ms]
2025-06-08 22:32:27.401 [info] > git config --get commit.template [1ms]
2025-06-08 22:32:27.408 [info] > git for-each-ref --format=%(refname)%00%(upstream:short)%00%(objectname)%00%(upstream:track)%00%(upstream:remotename)%00%(upstream:remoteref) refs/heads/b1 refs/remotes/b1 [1ms]
2025-06-08 22:32:27.423 [info] > git status -z -uall [7ms]
2025-06-08 22:32:27.424 [info] > git for-each-ref --sort -committerdate --format %(refname)%00%(objectname)%00%(*objectname) [2ms]
2025-06-08 22:33:16.064 [info] > git config --get commit.template [10ms]
2025-06-08 22:33:16.064 [info] > git for-each-ref --format=%(refname)%00%(upstream:short)%00%(objectname)%00%(upstream:track)%00%(upstream:remotename)%00%(upstream:remoteref) refs/heads/b1 refs/remotes/b1 [1ms]
2025-06-08 22:33:16.081 [info] > git status -z -uall [10ms]
2025-06-08 22:33:16.081 [info] > git for-each-ref --sort -committerdate --format %(refname)%00%(objectname)%00%(*objectname) [1ms]
2025-06-08 22:33:21.166 [info] > git config --get commit.template [9ms]
2025-06-08 22:33:21.167 [info] > git for-each-ref --format=%(refname)%00%(upstream:short)%00%(objectname)%00%(upstream:track)%00%(upstream:remotename)%00%(upstream:remoteref) refs/heads/b1 refs/remotes/b1 [1ms]
2025-06-08 22:33:21.182 [info] > git status -z -uall [8ms]
2025-06-08 22:33:21.183 [info] > git for-each-ref --sort -committerdate --format %(refname)%00%(objectname)%00%(*objectname) [1ms]
2025-06-08 22:34:14.087 [info] > git config --get commit.template [16ms]
2025-06-08 22:34:14.088 [info] > git for-each-ref --format=%(refname)%00%(upstream:short)%00%(objectname)%00%(upstream:track)%00%(upstream:remotename)%00%(upstream:remoteref) refs/heads/b1 refs/remotes/b1 [2ms]
2025-06-08 22:34:14.106 [info] > git status -z -uall [9ms]
2025-06-08 22:34:14.107 [info] > git for-each-ref --sort -committerdate --format %(refname)%00%(objectname)%00%(*objectname) [2ms]
2025-06-08 22:34:19.131 [info] > git config --get commit.template [10ms]
2025-06-08 22:34:19.131 [info] > git for-each-ref --format=%(refname)%00%(upstream:short)%00%(objectname)%00%(upstream:track)%00%(upstream:remotename)%00%(upstream:remoteref) refs/heads/b1 refs/remotes/b1 [1ms]
2025-06-08 22:34:19.144 [info] > git status -z -uall [6ms]
2025-06-08 22:34:19.144 [info] > git for-each-ref --sort -committerdate --format %(refname)%00%(objectname)%00%(*objectname) [1ms]
2025-06-08 22:36:12.807 [info] > git config --get commit.template [2ms]
2025-06-08 22:36:12.818 [info] > git for-each-ref --format=%(refname)%00%(upstream:short)%00%(objectname)%00%(upstream:track)%00%(upstream:remotename)%00%(upstream:remoteref) refs/heads/b1 refs/remotes/b1 [2ms]
2025-06-08 22:36:12.835 [info] > git status -z -uall [11ms]
2025-06-08 22:36:12.836 [info] > git for-each-ref --sort -committerdate --format %(refname)%00%(objectname)%00%(*objectname) [1ms]
2025-06-08 22:36:17.860 [info] > git config --get commit.template [10ms]
2025-06-08 22:36:17.860 [info] > git for-each-ref --format=%(refname)%00%(upstream:short)%00%(objectname)%00%(upstream:track)%00%(upstream:remotename)%00%(upstream:remoteref) refs/heads/b1 refs/remotes/b1 [1ms]
2025-06-08 22:36:17.874 [info] > git status -z -uall [7ms]
2025-06-08 22:36:17.874 [info] > git for-each-ref --sort -committerdate --format %(refname)%00%(objectname)%00%(*objectname) [1ms]
2025-06-08 22:36:22.901 [info] > git config --get commit.template [12ms]
2025-06-08 22:36:22.902 [info] > git for-each-ref --format=%(refname)%00%(upstream:short)%00%(objectname)%00%(upstream:track)%00%(upstream:remotename)%00%(upstream:remoteref) refs/heads/b1 refs/remotes/b1 [2ms]
2025-06-08 22:36:22.921 [info] > git status -z -uall [9ms]
2025-06-08 22:36:22.922 [info] > git for-each-ref --sort -committerdate --format %(refname)%00%(objectname)%00%(*objectname) [2ms]
2025-06-08 22:36:27.946 [info] > git config --get commit.template [9ms]
2025-06-08 22:36:27.947 [info] > git for-each-ref --format=%(refname)%00%(upstream:short)%00%(objectname)%00%(upstream:track)%00%(upstream:remotename)%00%(upstream:remoteref) refs/heads/b1 refs/remotes/b1 [2ms]
2025-06-08 22:36:27.965 [info] > git status -z -uall [9ms]
2025-06-08 22:36:27.966 [info] > git for-each-ref --sort -committerdate --format %(refname)%00%(objectname)%00%(*objectname) [2ms]
2025-06-08 22:37:51.321 [info] > git config --get commit.template [14ms]
2025-06-08 22:37:51.321 [info] > git for-each-ref --format=%(refname)%00%(upstream:short)%00%(objectname)%00%(upstream:track)%00%(upstream:remotename)%00%(upstream:remoteref) refs/heads/b1 refs/remotes/b1 [1ms]
2025-06-08 22:37:51.339 [info] > git status -z -uall [12ms]
2025-06-08 22:37:51.339 [info] > git for-each-ref --sort -committerdate --format %(refname)%00%(objectname)%00%(*objectname) [1ms]
2025-06-08 22:37:56.366 [info] > git config --get commit.template [12ms]
2025-06-08 22:37:56.367 [info] > git for-each-ref --format=%(refname)%00%(upstream:short)%00%(objectname)%00%(upstream:track)%00%(upstream:remotename)%00%(upstream:remoteref) refs/heads/b1 refs/remotes/b1 [2ms]
2025-06-08 22:37:56.383 [info] > git status -z -uall [8ms]
2025-06-08 22:37:56.384 [info] > git for-each-ref --sort -committerdate --format %(refname)%00%(objectname)%00%(*objectname) [1ms]
2025-06-08 22:38:32.659 [info] > git config --get commit.template [8ms]
2025-06-08 22:38:32.659 [info] > git for-each-ref --format=%(refname)%00%(upstream:short)%00%(objectname)%00%(upstream:track)%00%(upstream:remotename)%00%(upstream:remoteref) refs/heads/b1 refs/remotes/b1 [1ms]
2025-06-08 22:38:32.676 [info] > git status -z -uall [8ms]
2025-06-08 22:38:32.677 [info] > git for-each-ref --sort -committerdate --format %(refname)%00%(objectname)%00%(*objectname) [2ms]
2025-06-08 22:38:38.178 [info] > git config --get commit.template [10ms]
2025-06-08 22:38:38.178 [info] > git for-each-ref --format=%(refname)%00%(upstream:short)%00%(objectname)%00%(upstream:track)%00%(upstream:remotename)%00%(upstream:remoteref) refs/heads/b1 refs/remotes/b1 [1ms]
2025-06-08 22:38:38.193 [info] > git status -z -uall [9ms]
2025-06-08 22:38:38.193 [info] > git for-each-ref --sort -committerdate --format %(refname)%00%(objectname)%00%(*objectname) [1ms]
2025-06-08 22:38:47.849 [info] > git config --get commit.template [1ms]
2025-06-08 22:38:47.856 [info] > git for-each-ref --format=%(refname)%00%(upstream:short)%00%(objectname)%00%(upstream:track)%00%(upstream:remotename)%00%(upstream:remoteref) refs/heads/b1 refs/remotes/b1 [1ms]
2025-06-08 22:38:47.871 [info] > git status -z -uall [6ms]
2025-06-08 22:38:47.872 [info] > git for-each-ref --sort -committerdate --format %(refname)%00%(objectname)%00%(*objectname) [1ms]
2025-06-08 22:40:27.240 [info] > git config --get commit.template [7ms]
2025-06-08 22:40:27.241 [info] > git for-each-ref --format=%(refname)%00%(upstream:short)%00%(objectname)%00%(upstream:track)%00%(upstream:remotename)%00%(upstream:remoteref) refs/heads/b1 refs/remotes/b1 [1ms]
2025-06-08 22:40:27.255 [info] > git status -z -uall [6ms]
2025-06-08 22:40:27.256 [info] > git for-each-ref --sort -committerdate --format %(refname)%00%(objectname)%00%(*objectname) [1ms]
2025-06-08 22:40:32.284 [info] > git config --get commit.template [13ms]
2025-06-08 22:40:32.285 [info] > git for-each-ref --format=%(refname)%00%(upstream:short)%00%(objectname)%00%(upstream:track)%00%(upstream:remotename)%00%(upstream:remoteref) refs/heads/b1 refs/remotes/b1 [2ms]
2025-06-08 22:40:32.306 [info] > git status -z -uall [11ms]
2025-06-08 22:40:32.307 [info] > git for-each-ref --sort -committerdate --format %(refname)%00%(objectname)%00%(*objectname) [2ms]
2025-06-08 22:40:40.130 [info] > git config --get commit.template [11ms]
2025-06-08 22:40:40.131 [info] > git for-each-ref --format=%(refname)%00%(upstream:short)%00%(objectname)%00%(upstream:track)%00%(upstream:remotename)%00%(upstream:remoteref) refs/heads/b1 refs/remotes/b1 [1ms]
2025-06-08 22:40:40.148 [info] > git status -z -uall [12ms]
2025-06-08 22:40:40.149 [info] > git for-each-ref --sort -committerdate --format %(refname)%00%(objectname)%00%(*objectname) [2ms]
2025-06-08 22:40:45.165 [info] > git config --get commit.template [8ms]
2025-06-08 22:40:45.165 [info] > git for-each-ref --format=%(refname)%00%(upstream:short)%00%(objectname)%00%(upstream:track)%00%(upstream:remotename)%00%(upstream:remoteref) refs/heads/b1 refs/remotes/b1 [1ms]
2025-06-08 22:40:45.181 [info] > git status -z -uall [9ms]
2025-06-08 22:40:45.182 [info] > git for-each-ref --sort -committerdate --format %(refname)%00%(objectname)%00%(*objectname) [1ms]
2025-06-08 22:41:43.590 [info] > git config --get commit.template [0ms]
2025-06-08 22:41:43.597 [info] > git for-each-ref --format=%(refname)%00%(upstream:short)%00%(objectname)%00%(upstream:track)%00%(upstream:remotename)%00%(upstream:remoteref) refs/heads/b1 refs/remotes/b1 [1ms]
2025-06-08 22:41:43.613 [info] > git status -z -uall [8ms]
2025-06-08 22:41:43.614 [info] > git for-each-ref --sort -committerdate --format %(refname)%00%(objectname)%00%(*objectname) [2ms]
2025-06-08 22:41:48.636 [info] > git config --get commit.template [11ms]
2025-06-08 22:41:48.637 [info] > git for-each-ref --format=%(refname)%00%(upstream:short)%00%(objectname)%00%(upstream:track)%00%(upstream:remotename)%00%(upstream:remoteref) refs/heads/b1 refs/remotes/b1 [2ms]
2025-06-08 22:41:48.653 [info] > git status -z -uall [7ms]
2025-06-08 22:41:48.654 [info] > git for-each-ref --sort -committerdate --format %(refname)%00%(objectname)%00%(*objectname) [1ms]
2025-06-08 22:44:33.066 [info] > git config --get commit.template [12ms]
2025-06-08 22:44:33.067 [info] > git for-each-ref --format=%(refname)%00%(upstream:short)%00%(objectname)%00%(upstream:track)%00%(upstream:remotename)%00%(upstream:remoteref) refs/heads/b1 refs/remotes/b1 [1ms]
2025-06-08 22:44:33.084 [info] > git status -z -uall [8ms]
2025-06-08 22:44:33.085 [info] > git for-each-ref --sort -committerdate --format %(refname)%00%(objectname)%00%(*objectname) [1ms]
2025-06-08 22:44:40.273 [info] > git config --get commit.template [12ms]
2025-06-08 22:44:40.274 [info] > git for-each-ref --format=%(refname)%00%(upstream:short)%00%(objectname)%00%(upstream:track)%00%(upstream:remotename)%00%(upstream:remoteref) refs/heads/b1 refs/remotes/b1 [1ms]
2025-06-08 22:44:40.289 [info] > git status -z -uall [7ms]
2025-06-08 22:44:40.290 [info] > git for-each-ref --sort -committerdate --format %(refname)%00%(objectname)%00%(*objectname) [1ms]
2025-06-08 22:47:16.328 [info] > git check-ignore -v -z --stdin [1ms]
2025-06-08 22:47:18.659 [info] > git show --textconv :arrayProblems/slargest.cpp [10ms]
2025-06-08 22:47:18.659 [info] > git ls-files --stage -- arrayProblems/slargest.cpp [1ms]
2025-06-08 22:47:18.668 [info] > git cat-file -s 53fdf3bc670d79aedd05ef16b4f63e5dec78594f [1ms]
2025-06-08 22:47:18.681 [info] > git blame --root --incremental 435916affd48f569e7a2b5be515ef302e6eff792 -- arrayProblems/slargest.cpp [2ms]
2025-06-08 22:47:27.742 [info] > git show --textconv :arrayProblems/remDupSorted.cpp [18ms]
2025-06-08 22:47:27.743 [info] > git ls-files --stage -- arrayProblems/remDupSorted.cpp [2ms]
2025-06-08 22:47:27.759 [info] > git cat-file -s 139e88d84c683d71f65471726e05f72028b322a9 [3ms]
2025-06-08 22:50:01.506 [info] > git config --get commit.template [12ms]
2025-06-08 22:50:01.507 [info] > git for-each-ref --format=%(refname)%00%(upstream:short)%00%(objectname)%00%(upstream:track)%00%(upstream:remotename)%00%(upstream:remoteref) refs/heads/b1 refs/remotes/b1 [2ms]
2025-06-08 22:50:01.523 [info] > git status -z -uall [6ms]
2025-06-08 22:50:01.524 [info] > git for-each-ref --sort -committerdate --format %(refname)%00%(objectname)%00%(*objectname) [1ms]
2025-06-08 23:01:16.912 [info] > git config --get commit.template [12ms]
2025-06-08 23:01:16.913 [info] > git for-each-ref --format=%(refname)%00%(upstream:short)%00%(objectname)%00%(upstream:track)%00%(upstream:remotename)%00%(upstream:remoteref) refs/heads/b1 refs/remotes/b1 [1ms]
2025-06-08 23:01:16.930 [info] > git status -z -uall [8ms]
2025-06-08 23:01:16.930 [info] > git for-each-ref --sort -committerdate --format %(refname)%00%(objectname)%00%(*objectname) [1ms]
2025-06-08 23:01:18.721 [info] > git ls-files --stage -- arrayProblems/remDupSorted.cpp [2ms]
2025-06-08 23:01:18.733 [info] > git cat-file -s 3ae933c95880f954f8ccd9f85c8838a1dbce6738 [2ms]
2025-06-08 23:01:18.747 [info] > git show --textconv :arrayProblems/remDupSorted.cpp [2ms]
2025-06-08 23:01:21.955 [info] > git config --get commit.template [12ms]
2025-06-08 23:01:21.956 [info] > git for-each-ref --format=%(refname)%00%(upstream:short)%00%(objectname)%00%(upstream:track)%00%(upstream:remotename)%00%(upstream:remoteref) refs/heads/b1 refs/remotes/b1 [2ms]
2025-06-08 23:01:21.976 [info] > git status -z -uall [10ms]
2025-06-08 23:01:21.977 [info] > git for-each-ref --sort -committerdate --format %(refname)%00%(objectname)%00%(*objectname) [2ms]
2025-06-08 23:01:21.988 [info] > git blame --root --incremental 7bc8b8fd053559577e2d542059e5667ad5160464 -- arrayProblems/remDupSorted.cpp [2ms]
2025-06-08 23:02:31.037 [info] > git show --textconv :arrayProblems/isSorted.cpp [9ms]
2025-06-08 23:02:31.037 [info] > git ls-files --stage -- arrayProblems/isSorted.cpp [1ms]
2025-06-08 23:02:31.045 [info] > git cat-file -s bb6f11ce693ab9c77db21eed2bcd80e76c40382c [1ms]
2025-06-08 23:02:31.059 [info] > git blame --root --incremental 7bc8b8fd053559577e2d542059e5667ad5160464 -- arrayProblems/isSorted.cpp [1ms]
2025-06-08 23:02:39.420 [info] > git show --textconv :quickSort.cpp [16ms]
2025-06-08 23:02:39.422 [info] > git ls-files --stage -- quickSort.cpp [3ms]
2025-06-08 23:02:39.436 [info] > git cat-file -s b0703b507c61782f931d89622b7e9b6ab98703ea [3ms]
2025-06-08 23:03:26.530 [info] > git show --textconv :arrayProblems/slargest.cpp [11ms]
2025-06-08 23:03:26.531 [info] > git ls-files --stage -- arrayProblems/slargest.cpp [1ms]
2025-06-08 23:03:26.542 [info] > git cat-file -s 53fdf3bc670d79aedd05ef16b4f63e5dec78594f [2ms]
2025-06-08 23:03:26.556 [info] > git blame --root --incremental 7bc8b8fd053559577e2d542059e5667ad5160464 -- arrayProblems/slargest.cpp [2ms]
2025-06-08 23:03:27.413 [info] > git show --textconv :arrayProblems/zeroEnd.cpp [13ms]
2025-06-08 23:03:27.413 [info] > git ls-files --stage -- arrayProblems/zeroEnd.cpp [2ms]
2025-06-08 23:03:27.421 [info] > git cat-file -s 8888877fa47369678a87dd5690aab9918a52479c [2ms]
2025-06-08 23:03:28.485 [info] > git show --textconv :arrayProblems/rotateRK.cpp [10ms]
2025-06-08 23:03:28.487 [info] > git ls-files --stage -- arrayProblems/rotateRK.cpp [3ms]
2025-06-08 23:03:28.497 [info] > git cat-file -s a3620092bdbc76004f5d5b2aa0d402059300913f [2ms]
2025-06-08 23:03:28.511 [info] > git blame --root --incremental 7bc8b8fd053559577e2d542059e5667ad5160464 -- arrayProblems/rotateRK.cpp [2ms]
2025-06-08 23:03:29.449 [info] > git show --textconv :arrayProblems/largestElm.cpp [7ms]
2025-06-08 23:03:29.450 [info] > git ls-files --stage -- arrayProblems/largestElm.cpp [1ms]
2025-06-08 23:03:29.458 [info] > git cat-file -s ccf7843efd13cdd95daa41572e10407bad2bf2ed [1ms]
2025-06-08 23:03:29.470 [info] > git blame --root --incremental 7bc8b8fd053559577e2d542059e5667ad5160464 -- arrayProblems/largestElm.cpp [2ms]
2025-06-08 23:03:30.436 [info] > git show --textconv :arrayProblems/remDupSorted.cpp [6ms]
2025-06-08 23:03:30.436 [info] > git ls-files --stage -- arrayProblems/remDupSorted.cpp [1ms]
2025-06-08 23:03:30.445 [info] > git cat-file -s 3ae933c95880f954f8ccd9f85c8838a1dbce6738 [1ms]
2025-06-08 23:03:31.475 [info] > git show --textconv :arrayProblems/isSorted.cpp [10ms]
2025-06-08 23:03:31.476 [info] > git ls-files --stage -- arrayProblems/isSorted.cpp [3ms]
2025-06-08 23:03:31.483 [info] > git cat-file -s bb6f11ce693ab9c77db21eed2bcd80e76c40382c [1ms]
2025-06-08 23:03:48.647 [info] > git for-each-ref --format=%(refname)%00%(upstream:short)%00%(objectname)%00%(upstream:track)%00%(upstream:remotename)%00%(upstream:remoteref) refs/heads/b1 refs/remotes/b1 [11ms]
2025-06-08 23:03:48.647 [info] > git config --get commit.template [18ms]
2025-06-08 23:03:48.663 [info] > git check-ignore -v -z --stdin [17ms]
2025-06-08 23:03:48.664 [info] > git status -z -uall [11ms]
2025-06-08 23:03:48.664 [info] > git for-each-ref --sort -committerdate --format %(refname)%00%(objectname)%00%(*objectname) [1ms]
2025-06-08 23:03:55.566 [info] > git config --get commit.template [10ms]
2025-06-08 23:03:55.566 [info] > git for-each-ref --format=%(refname)%00%(upstream:short)%00%(objectname)%00%(upstream:track)%00%(upstream:remotename)%00%(upstream:remoteref) refs/heads/b1 refs/remotes/b1 [0ms]
2025-06-08 23:03:55.589 [info] > git status -z -uall [16ms]
2025-06-08 23:03:55.589 [info] > git for-each-ref --sort -committerdate --format %(refname)%00%(objectname)%00%(*objectname) [8ms]
2025-06-08 23:03:55.590 [info] > git check-ignore -v -z --stdin [2ms]
2025-06-08 23:04:03.614 [info] > git show --textconv :arrayProblems/largestElm.cpp [11ms]
2025-06-08 23:04:03.614 [info] > git ls-files --stage -- arrayProblems/largestElm.cpp [1ms]
2025-06-08 23:04:03.620 [info] > git cat-file -s ccf7843efd13cdd95daa41572e10407bad2bf2ed [0ms]
2025-06-08 23:04:06.052 [info] > git show --textconv :arrayProblems/slargest.cpp [9ms]
2025-06-08 23:04:06.052 [info] > git ls-files --stage -- arrayProblems/slargest.cpp [1ms]
2025-06-08 23:04:06.063 [info] > git cat-file -s 53fdf3bc670d79aedd05ef16b4f63e5dec78594f [2ms]
2025-06-08 23:14:09.262 [info] > git show --textconv :arrayProblems/rotateRK.cpp [11ms]
2025-06-08 23:14:09.263 [info] > git ls-files --stage -- arrayProblems/rotateRK.cpp [2ms]
2025-06-08 23:14:09.272 [info] > git cat-file -s a3620092bdbc76004f5d5b2aa0d402059300913f [1ms]
2025-06-08 23:14:14.130 [info] > git config --get commit.template [1ms]
2025-06-08 23:14:14.140 [info] > git for-each-ref --format=%(refname)%00%(upstream:short)%00%(objectname)%00%(upstream:track)%00%(upstream:remotename)%00%(upstream:remoteref) refs/heads/b1 refs/remotes/b1 [1ms]
2025-06-08 23:14:14.156 [info] > git status -z -uall [10ms]
2025-06-08 23:14:14.156 [info] > git for-each-ref --sort -committerdate --format %(refname)%00%(objectname)%00%(*objectname) [1ms]
2025-06-08 23:14:16.030 [info] > git log --format=%H%n%aN%n%aE%n%at%n%ct%n%P%n%D%n%B -z --shortstat --diff-merges=first-parent -n50 --skip=0 --topo-order --decorate=full --stdin [6ms]
2025-06-08 23:14:20.624 [info] > git config --get commit.template [10ms]
2025-06-08 23:14:20.625 [info] > git for-each-ref --format=%(refname)%00%(upstream:short)%00%(objectname)%00%(upstream:track)%00%(upstream:remotename)%00%(upstream:remoteref) refs/heads/b1 refs/remotes/b1 [2ms]
2025-06-08 23:14:20.641 [info] > git status -z -uall [9ms]
2025-06-08 23:14:20.642 [info] > git for-each-ref --sort -committerdate --format %(refname)%00%(objectname)%00%(*objectname) [1ms]
2025-06-08 23:14:37.242 [info] > git config --get commit.template [12ms]
2025-06-08 23:14:37.243 [info] > git for-each-ref --format=%(refname)%00%(upstream:short)%00%(objectname)%00%(upstream:track)%00%(upstream:remotename)%00%(upstream:remoteref) refs/heads/b1 refs/remotes/b1 [1ms]
2025-06-08 23:14:37.259 [info] > git status -z -uall [7ms]
2025-06-08 23:14:37.260 [info] > git for-each-ref --sort -committerdate --format %(refname)%00%(objectname)%00%(*objectname) [1ms]
2025-06-08 23:14:43.945 [info] > git config --get commit.template [6ms]
2025-06-08 23:14:43.945 [info] > git for-each-ref --format=%(refname)%00%(upstream:short)%00%(objectname)%00%(upstream:track)%00%(upstream:remotename)%00%(upstream:remoteref) refs/heads/b1 refs/remotes/b1 [1ms]
2025-06-08 23:14:43.961 [info] > git status -z -uall [7ms]
2025-06-08 23:14:43.961 [info] > git for-each-ref --sort -committerdate --format %(refname)%00%(objectname)%00%(*objectname) [1ms]
2025-06-08 23:15:55.676 [info] > git config --get commit.template [13ms]
2025-06-08 23:15:55.677 [info] > git for-each-ref --format=%(refname)%00%(upstream:short)%00%(objectname)%00%(upstream:track)%00%(upstream:remotename)%00%(upstream:remoteref) refs/heads/b1 refs/remotes/b1 [2ms]
2025-06-08 23:15:55.695 [info] > git status -z -uall [9ms]
2025-06-08 23:15:55.696 [info] > git for-each-ref --sort -committerdate --format %(refname)%00%(objectname)%00%(*objectname) [1ms]
2025-06-08 23:19:11.863 [info] > git config --get commit.template [8ms]
2025-06-08 23:19:11.863 [info] > git for-each-ref --format=%(refname)%00%(upstream:short)%00%(objectname)%00%(upstream:track)%00%(upstream:remotename)%00%(upstream:remoteref) refs/heads/b1 refs/remotes/b1 [1ms]
2025-06-08 23:19:11.879 [info] > git status -z -uall [8ms]
2025-06-08 23:19:11.880 [info] > git for-each-ref --sort -committerdate --format %(refname)%00%(objectname)%00%(*objectname) [2ms]
2025-06-08 23:19:16.897 [info] > git config --get commit.template [9ms]
2025-06-08 23:19:16.898 [info] > git for-each-ref --format=%(refname)%00%(upstream:short)%00%(objectname)%00%(upstream:track)%00%(upstream:remotename)%00%(upstream:remoteref) refs/heads/b1 refs/remotes/b1 [2ms]
2025-06-08 23:19:16.914 [info] > git status -z -uall [9ms]
2025-06-08 23:19:16.914 [info] > git for-each-ref --sort -committerdate --format %(refname)%00%(objectname)%00%(*objectname) [1ms]
2025-06-08 23:20:08.140 [info] > git config --get commit.template [2ms]
2025-06-08 23:20:08.153 [info] > git for-each-ref --format=%(refname)%00%(upstream:short)%00%(objectname)%00%(upstream:track)%00%(upstream:remotename)%00%(upstream:remoteref) refs/heads/b1 refs/remotes/b1 [1ms]
2025-06-08 23:20:08.171 [info] > git status -z -uall [7ms]
2025-06-08 23:20:08.172 [info] > git for-each-ref --sort -committerdate --format %(refname)%00%(objectname)%00%(*objectname) [1ms]
2025-06-08 23:20:26.705 [info] > git config --get commit.template [12ms]
2025-06-08 23:20:26.705 [info] > git for-each-ref --format=%(refname)%00%(upstream:short)%00%(objectname)%00%(upstream:track)%00%(upstream:remotename)%00%(upstream:remoteref) refs/heads/b1 refs/remotes/b1 [1ms]
2025-06-08 23:20:26.717 [info] > git status -z -uall [6ms]
2025-06-08 23:20:26.718 [info] > git for-each-ref --sort -committerdate --format %(refname)%00%(objectname)%00%(*objectname) [1ms]
2025-06-08 23:20:37.229 [info] > git config --get commit.template [10ms]
2025-06-08 23:20:37.229 [info] > git for-each-ref --format=%(refname)%00%(upstream:short)%00%(objectname)%00%(upstream:track)%00%(upstream:remotename)%00%(upstream:remoteref) refs/heads/b1 refs/remotes/b1 [1ms]
2025-06-08 23:20:37.245 [info] > git status -z -uall [10ms]
2025-06-08 23:20:37.246 [info] > git for-each-ref --sort -committerdate --format %(refname)%00%(objectname)%00%(*objectname) [2ms]
2025-06-08 23:20:42.277 [info] > git config --get commit.template [15ms]
2025-06-08 23:20:42.278 [info] > git for-each-ref --format=%(refname)%00%(upstream:short)%00%(objectname)%00%(upstream:track)%00%(upstream:remotename)%00%(upstream:remoteref) refs/heads/b1 refs/remotes/b1 [2ms]
2025-06-08 23:20:42.298 [info] > git status -z -uall [9ms]
2025-06-08 23:20:42.299 [info] > git for-each-ref --sort -committerdate --format %(refname)%00%(objectname)%00%(*objectname) [1ms]
2025-06-08 23:20:50.132 [info] > git config --get commit.template [13ms]
2025-06-08 23:20:50.132 [info] > git for-each-ref --format=%(refname)%00%(upstream:short)%00%(objectname)%00%(upstream:track)%00%(upstream:remotename)%00%(upstream:remoteref) refs/heads/b1 refs/remotes/b1 [1ms]
2025-06-08 23:20:50.149 [info] > git status -z -uall [9ms]
2025-06-08 23:20:50.149 [info] > git for-each-ref --sort -committerdate --format %(refname)%00%(objectname)%00%(*objectname) [1ms]
2025-06-08 23:22:10.861 [info] > git config --get commit.template [9ms]
2025-06-08 23:22:10.861 [info] > git for-each-ref --format=%(refname)%00%(upstream:short)%00%(objectname)%00%(upstream:track)%00%(upstream:remotename)%00%(upstream:remoteref) refs/heads/b1 refs/remotes/b1 [0ms]
2025-06-08 23:22:10.877 [info] > git status -z -uall [7ms]
2025-06-08 23:22:10.879 [info] > git for-each-ref --sort -committerdate --format %(refname)%00%(objectname)%00%(*objectname) [2ms]
2025-06-08 23:25:37.485 [info] > git config --get commit.template [9ms]
2025-06-08 23:25:37.485 [info] > git for-each-ref --format=%(refname)%00%(upstream:short)%00%(objectname)%00%(upstream:track)%00%(upstream:remotename)%00%(upstream:remoteref) refs/heads/b1 refs/remotes/b1 [1ms]
2025-06-08 23:25:37.501 [info] > git status -z -uall [10ms]
2025-06-08 23:25:37.502 [info] > git for-each-ref --sort -committerdate --format %(refname)%00%(objectname)%00%(*objectname) [2ms]
2025-06-08 23:25:47.319 [info] > git config --get commit.template [8ms]
2025-06-08 23:25:47.320 [info] > git for-each-ref --format=%(refname)%00%(upstream:short)%00%(objectname)%00%(upstream:track)%00%(upstream:remotename)%00%(upstream:remoteref) refs/heads/b1 refs/remotes/b1 [1ms]
2025-06-08 23:25:47.332 [info] > git status -z -uall [7ms]
2025-06-08 23:25:47.333 [info] > git for-each-ref --sort -committerdate --format %(refname)%00%(objectname)%00%(*objectname) [1ms]
2025-06-08 23:26:02.884 [info] > git config --get commit.template [11ms]
2025-06-08 23:26:02.885 [info] > git for-each-ref --format=%(refname)%00%(upstream:short)%00%(objectname)%00%(upstream:track)%00%(upstream:remotename)%00%(upstream:remoteref) refs/heads/b1 refs/remotes/b1 [1ms]
2025-06-08 23:26:02.901 [info] > git status -z -uall [10ms]
2025-06-08 23:26:02.901 [info] > git for-each-ref --sort -committerdate --format %(refname)%00%(objectname)%00%(*objectname) [1ms]
2025-06-08 23:26:07.920 [info] > git config --get commit.template [3ms]
2025-06-08 23:26:07.932 [info] > git for-each-ref --format=%(refname)%00%(upstream:short)%00%(objectname)%00%(upstream:track)%00%(upstream:remotename)%00%(upstream:remoteref) refs/heads/b1 refs/remotes/b1 [2ms]
2025-06-08 23:26:07.949 [info] > git status -z -uall [8ms]
2025-06-08 23:26:07.949 [info] > git for-each-ref --sort -committerdate --format %(refname)%00%(objectname)%00%(*objectname) [1ms]
2025-06-08 23:26:12.978 [info] > git config --get commit.template [14ms]
2025-06-08 23:26:12.979 [info] > git for-each-ref --format=%(refname)%00%(upstream:short)%00%(objectname)%00%(upstream:track)%00%(upstream:remotename)%00%(upstream:remoteref) refs/heads/b1 refs/remotes/b1 [2ms]
2025-06-08 23:26:12.997 [info] > git status -z -uall [9ms]
2025-06-08 23:26:12.997 [info] > git for-each-ref --sort -committerdate --format %(refname)%00%(objectname)%00%(*objectname) [1ms]
2025-06-08 23:27:40.360 [info] > git config --get commit.template [7ms]
2025-06-08 23:27:40.360 [info] > git for-each-ref --format=%(refname)%00%(upstream:short)%00%(objectname)%00%(upstream:track)%00%(upstream:remotename)%00%(upstream:remoteref) refs/heads/b1 refs/remotes/b1 [1ms]
2025-06-08 23:27:40.375 [info] > git status -z -uall [8ms]
2025-06-08 23:27:40.376 [info] > git for-each-ref --sort -committerdate --format %(refname)%00%(objectname)%00%(*objectname) [2ms]
2025-06-08 23:27:40.697 [info] > git show --textconv :arrayProblems/missingNo.cpp [7ms]
2025-06-08 23:27:40.698 [info] > git ls-files --stage -- arrayProblems/missingNo.cpp [2ms]
2025-06-08 23:27:40.708 [info] > git cat-file -s 78ee841b4678529b3aca90061802c686ba3a545b [0ms]
2025-06-08 23:27:40.721 [info] > git blame --root --incremental 37f3ba647dba875e05c7aca873a311c169552f61 -- arrayProblems/missingNo.cpp [2ms]
2025-06-08 23:27:43.592 [info] > git show --textconv :arrayProblems/rotateRK.cpp [9ms]
2025-06-08 23:27:43.593 [info] > git ls-files --stage -- arrayProblems/rotateRK.cpp [1ms]
2025-06-08 23:27:43.601 [info] > git cat-file -s a3620092bdbc76004f5d5b2aa0d402059300913f [1ms]
2025-06-08 23:27:43.612 [info] > git blame --root --incremental 37f3ba647dba875e05c7aca873a311c169552f61 -- arrayProblems/rotateRK.cpp [1ms]
2025-06-08 23:27:46.058 [info] > git show --textconv :arrayProblems/isSorted.cpp [15ms]
2025-06-08 23:27:46.060 [info] > git ls-files --stage -- arrayProblems/isSorted.cpp [3ms]
2025-06-08 23:27:46.072 [info] > git cat-file -s bb6f11ce693ab9c77db21eed2bcd80e76c40382c [2ms]
2025-06-08 23:27:46.087 [info] > git blame --root --incremental 37f3ba647dba875e05c7aca873a311c169552f61 -- arrayProblems/isSorted.cpp [2ms]
2025-06-08 23:27:59.549 [info] > git config --get commit.template [7ms]
2025-06-08 23:27:59.550 [info] > git for-each-ref --format=%(refname)%00%(upstream:short)%00%(objectname)%00%(upstream:track)%00%(upstream:remotename)%00%(upstream:remoteref) refs/heads/b1 refs/remotes/b1 [2ms]
2025-06-08 23:27:59.562 [info] > git status -z -uall [6ms]
2025-06-08 23:27:59.562 [info] > git for-each-ref --sort -committerdate --format %(refname)%00%(objectname)%00%(*objectname) [1ms]
2025-06-08 23:28:02.087 [info] > git check-ignore -v -z --stdin [2ms]
2025-06-08 23:28:13.312 [info] > git show --textconv :arrayProblems/largestElm.cpp [7ms]
2025-06-08 23:28:13.313 [info] > git ls-files --stage -- arrayProblems/largestElm.cpp [2ms]
2025-06-08 23:28:13.322 [info] > git cat-file -s ccf7843efd13cdd95daa41572e10407bad2bf2ed [1ms]
2025-06-08 23:28:13.337 [info] > git blame --root --incremental 37f3ba647dba875e05c7aca873a311c169552f61 -- arrayProblems/largestElm.cpp [1ms]
2025-06-08 23:31:04.348 [info] > git config --get commit.template [9ms]
2025-06-08 23:31:04.349 [info] > git for-each-ref --format=%(refname)%00%(upstream:short)%00%(objectname)%00%(upstream:track)%00%(upstream:remotename)%00%(upstream:remoteref) refs/heads/b1 refs/remotes/b1 [2ms]
2025-06-08 23:31:04.363 [info] > git status -z -uall [7ms]
2025-06-08 23:31:04.364 [info] > git for-each-ref --sort -committerdate --format %(refname)%00%(objectname)%00%(*objectname) [2ms]
2025-06-08 23:31:09.378 [info] > git config --get commit.template [6ms]
2025-06-08 23:31:09.378 [info] > git for-each-ref --format=%(refname)%00%(upstream:short)%00%(objectname)%00%(upstream:track)%00%(upstream:remotename)%00%(upstream:remoteref) refs/heads/b1 refs/remotes/b1 [1ms]
2025-06-08 23:31:09.391 [info] > git status -z -uall [6ms]
2025-06-08 23:31:09.391 [info] > git for-each-ref --sort -committerdate --format %(refname)%00%(objectname)%00%(*objectname) [0ms]
2025-06-08 23:33:05.844 [info] > git config --get commit.template [13ms]
2025-06-08 23:33:05.844 [info] > git for-each-ref --format=%(refname)%00%(upstream:short)%00%(objectname)%00%(upstream:track)%00%(upstream:remotename)%00%(upstream:remoteref) refs/heads/b1 refs/remotes/b1 [1ms]
2025-06-08 23:33:05.864 [info] > git status -z -uall [9ms]
2025-06-08 23:33:05.864 [info] > git for-each-ref --sort -committerdate --format %(refname)%00%(objectname)%00%(*objectname) [1ms]
2025-06-08 23:33:11.426 [info] > git config --get commit.template [13ms]
2025-06-08 23:33:11.427 [info] > git for-each-ref --format=%(refname)%00%(upstream:short)%00%(objectname)%00%(upstream:track)%00%(upstream:remotename)%00%(upstream:remoteref) refs/heads/b1 refs/remotes/b1 [2ms]
2025-06-08 23:33:11.447 [info] > git status -z -uall [10ms]
2025-06-08 23:33:11.448 [info] > git for-each-ref --sort -committerdate --format %(refname)%00%(objectname)%00%(*objectname) [2ms]
2025-06-08 23:33:21.488 [info] > git config --get commit.template [10ms]
2025-06-08 23:33:21.489 [info] > git for-each-ref --format=%(refname)%00%(upstream:short)%00%(objectname)%00%(upstream:track)%00%(upstream:remotename)%00%(upstream:remoteref) refs/heads/b1 refs/remotes/b1 [1ms]
2025-06-08 23:33:21.505 [info] > git status -z -uall [11ms]
2025-06-08 23:33:21.506 [info] > git for-each-ref --sort -committerdate --format %(refname)%00%(objectname)%00%(*objectname) [1ms]
2025-06-08 23:33:26.530 [info] > git config --get commit.template [9ms]
2025-06-08 23:33:26.531 [info] > git for-each-ref --format=%(refname)%00%(upstream:short)%00%(objectname)%00%(upstream:track)%00%(upstream:remotename)%00%(upstream:remoteref) refs/heads/b1 refs/remotes/b1 [1ms]
2025-06-08 23:33:26.545 [info] > git status -z -uall [7ms]
2025-06-08 23:33:26.546 [info] > git for-each-ref --sort -committerdate --format %(refname)%00%(objectname)%00%(*objectname) [2ms]
2025-06-08 23:33:52.707 [info] > git config --get commit.template [12ms]
2025-06-08 23:33:52.708 [info] > git for-each-ref --format=%(refname)%00%(upstream:short)%00%(objectname)%00%(upstream:track)%00%(upstream:remotename)%00%(upstream:remoteref) refs/heads/b1 refs/remotes/b1 [2ms]
2025-06-08 23:33:52.724 [info] > git status -z -uall [7ms]
2025-06-08 23:33:52.724 [info] > git for-each-ref --sort -committerdate --format %(refname)%00%(objectname)%00%(*objectname) [1ms]
2025-06-08 23:33:57.754 [info] > git config --get commit.template [13ms]
2025-06-08 23:33:57.755 [info] > git for-each-ref --format=%(refname)%00%(upstream:short)%00%(objectname)%00%(upstream:track)%00%(upstream:remotename)%00%(upstream:remoteref) refs/heads/b1 refs/remotes/b1 [2ms]
2025-06-08 23:33:57.771 [info] > git status -z -uall [10ms]
2025-06-08 23:33:57.771 [info] > git for-each-ref --sort -committerdate --format %(refname)%00%(objectname)%00%(*objectname) [1ms]
2025-06-08 23:34:06.689 [info] > git config --get commit.template [6ms]
2025-06-08 23:34:06.690 [info] > git for-each-ref --format=%(refname)%00%(upstream:short)%00%(objectname)%00%(upstream:track)%00%(upstream:remotename)%00%(upstream:remoteref) refs/heads/b1 refs/remotes/b1 [1ms]
2025-06-08 23:34:06.706 [info] > git status -z -uall [8ms]
2025-06-08 23:34:06.706 [info] > git for-each-ref --sort -committerdate --format %(refname)%00%(objectname)%00%(*objectname) [1ms]
2025-06-08 23:34:11.725 [info] > git config --get commit.template [3ms]
2025-06-08 23:34:11.737 [info] > git for-each-ref --format=%(refname)%00%(upstream:short)%00%(objectname)%00%(upstream:track)%00%(upstream:remotename)%00%(upstream:remoteref) refs/heads/b1 refs/remotes/b1 [1ms]
2025-06-08 23:34:11.757 [info] > git status -z -uall [10ms]
2025-06-08 23:34:11.758 [info] > git for-each-ref --sort -committerdate --format %(refname)%00%(objectname)%00%(*objectname) [2ms]
2025-06-08 23:42:10.063 [info] > git config --get commit.template [10ms]
2025-06-08 23:42:10.064 [info] > git for-each-ref --format=%(refname)%00%(upstream:short)%00%(objectname)%00%(upstream:track)%00%(upstream:remotename)%00%(upstream:remoteref) refs/heads/b1 refs/remotes/b1 [2ms]
2025-06-08 23:42:10.080 [info] > git status -z -uall [7ms]
2025-06-08 23:42:10.080 [info] > git for-each-ref --sort -committerdate --format %(refname)%00%(objectname)%00%(*objectname) [1ms]
2025-06-08 23:42:15.109 [info] > git config --get commit.template [12ms]
2025-06-08 23:42:15.110 [info] > git for-each-ref --format=%(refname)%00%(upstream:short)%00%(objectname)%00%(upstream:track)%00%(upstream:remotename)%00%(upstream:remoteref) refs/heads/b1 refs/remotes/b1 [2ms]
2025-06-08 23:42:15.125 [info] > git status -z -uall [8ms]
2025-06-08 23:42:15.126 [info] > git for-each-ref --sort -committerdate --format %(refname)%00%(objectname)%00%(*objectname) [2ms]
2025-06-08 23:49:40.705 [info] > git config --get commit.template [13ms]
2025-06-08 23:49:40.706 [info] > git for-each-ref --format=%(refname)%00%(upstream:short)%00%(objectname)%00%(upstream:track)%00%(upstream:remotename)%00%(upstream:remoteref) refs/heads/b1 refs/remotes/b1 [2ms]
2025-06-08 23:49:40.724 [info] > git status -z -uall [10ms]
2025-06-08 23:49:40.724 [info] > git for-each-ref --sort -committerdate --format %(refname)%00%(objectname)%00%(*objectname) [1ms]
2025-06-08 23:49:58.328 [info] > git config --get commit.template [12ms]
2025-06-08 23:49:58.329 [info] > git for-each-ref --format=%(refname)%00%(upstream:short)%00%(objectname)%00%(upstream:track)%00%(upstream:remotename)%00%(upstream:remoteref) refs/heads/b1 refs/remotes/b1 [2ms]
2025-06-08 23:49:58.346 [info] > git status -z -uall [7ms]
2025-06-08 23:49:58.347 [info] > git for-each-ref --sort -committerdate --format %(refname)%00%(objectname)%00%(*objectname) [1ms]
2025-06-08 23:50:03.358 [info] > git config --get commit.template [2ms]
2025-06-08 23:50:03.370 [info] > git for-each-ref --format=%(refname)%00%(upstream:short)%00%(objectname)%00%(upstream:track)%00%(upstream:remotename)%00%(upstream:remoteref) refs/heads/b1 refs/remotes/b1 [2ms]
2025-06-08 23:50:03.386 [info] > git status -z -uall [6ms]
2025-06-08 23:50:03.387 [info] > git for-each-ref --sort -committerdate --format %(refname)%00%(objectname)%00%(*objectname) [2ms]
2025-06-08 23:50:03.715 [info] > git show --textconv :arrayProblems/maxOne.cpp [11ms]
2025-06-08 23:50:03.717 [info] > git ls-files --stage -- arrayProblems/maxOne.cpp [2ms]
2025-06-08 23:50:03.727 [info] > git cat-file -s dd8d6fe5607e9df11413a29e8566599719e900da [2ms]
2025-06-08 23:50:04.840 [info] > git config --get commit.template [9ms]
2025-06-08 23:50:04.841 [info] > git for-each-ref --format=%(refname)%00%(upstream:short)%00%(objectname)%00%(upstream:track)%00%(upstream:remotename)%00%(upstream:remoteref) refs/heads/main refs/remotes/main [1ms]
2025-06-08 23:50:04.856 [info] > git status -z -uall [9ms]
2025-06-08 23:50:04.856 [info] > git for-each-ref --sort -committerdate --format %(refname)%00%(objectname)%00%(*objectname) [1ms]
2025-06-08 23:50:04.865 [info] > git for-each-ref --format=%(refname)%00%(upstream:short)%00%(objectname)%00%(upstream:track)%00%(upstream:remotename)%00%(upstream:remoteref) refs/heads/main refs/remotes/main [1ms]
2025-06-08 23:50:04.874 [info] > git config --get --local branch.main.vscode-merge-base [1ms]
2025-06-08 23:50:04.881 [info] > git for-each-ref --format=%(refname)%00%(upstream:short)%00%(objectname)%00%(upstream:track)%00%(upstream:remotename)%00%(upstream:remoteref) refs/heads/origin/main refs/remotes/origin/main [1ms]
2025-06-08 23:50:04.890 [info] > git merge-base refs/heads/main refs/remotes/origin/main [1ms]
2025-06-08 23:50:04.903 [info] > git diff --name-status -z --diff-filter=ADMR 2dc0ffe066db832c472085c3938c2fb666612c34...refs/remotes/origin/main [2ms]
2025-06-08 23:50:06.008 [info] > git ls-files --stage -- arrayProblems/maxOne.cpp [3ms]
2025-06-08 23:50:06.009 [warning] [GitFileSystemProvider][stat] File not found - git:/home/sammy/Desktop/temp/hello-world/arrayProblems/maxOne.cpp.git?%7B%22path%22%3A%22%2Fhome%2Fsammy%2FDesktop%2Ftemp%2Fhello-world%2FarrayProblems%2FmaxOne.cpp%22%2C%22ref%22%3A%22%22%7D
2025-06-08 23:50:08.413 [info] > git config --get commit.template [12ms]
2025-06-08 23:50:08.414 [info] > git for-each-ref --format=%(refname)%00%(upstream:short)%00%(objectname)%00%(upstream:track)%00%(upstream:remotename)%00%(upstream:remoteref) refs/heads/main refs/remotes/main [2ms]
2025-06-08 23:50:08.432 [info] > git status -z -uall [8ms]
2025-06-08 23:50:08.433 [info] > git for-each-ref --sort -committerdate --format %(refname)%00%(objectname)%00%(*objectname) [1ms]
2025-06-08 23:50:13.412 [info] > git config --get commit.template [6ms]
2025-06-08 23:50:13.413 [info] > git for-each-ref --format=%(refname)%00%(upstream:short)%00%(objectname)%00%(upstream:track)%00%(upstream:remotename)%00%(upstream:remoteref) refs/heads/main refs/remotes/main [1ms]
2025-06-08 23:50:13.440 [info] > git status -z -uall [14ms]
2025-06-08 23:50:13.440 [info] > git for-each-ref --sort -committerdate --format %(refname)%00%(objectname)%00%(*objectname) [3ms]
2025-06-08 23:50:13.476 [info] > git merge-base refs/heads/main refs/remotes/origin/main [17ms]
2025-06-08 23:50:13.487 [info] > git config --get commit.template [13ms]
2025-06-08 23:50:13.501 [info] > git diff --name-status -z --diff-filter=ADMR 2dc0ffe066db832c472085c3938c2fb666612c34...refs/remotes/origin/main [13ms]
2025-06-08 23:50:13.504 [info] > git for-each-ref --format=%(refname)%00%(upstream:short)%00%(objectname)%00%(upstream:track)%00%(upstream:remotename)%00%(upstream:remoteref) refs/heads/main refs/remotes/main [4ms]
2025-06-08 23:50:13.520 [info] > git status -z -uall [9ms]
2025-06-08 23:50:13.521 [info] > git for-each-ref --sort -committerdate --format %(refname)%00%(objectname)%00%(*objectname) [1ms]
2025-06-08 23:50:14.636 [info] > git ls-files --stage -- arrayProblems/maxOne.cpp [2ms]
2025-06-08 23:50:14.649 [info] > git cat-file -s dd8d6fe5607e9df11413a29e8566599719e900da [2ms]
2025-06-08 23:50:14.663 [info] > git show --textconv :arrayProblems/maxOne.cpp [3ms]
2025-06-08 23:50:18.533 [info] > git config --get commit.template [2ms]
2025-06-08 23:50:18.546 [info] > git for-each-ref --format=%(refname)%00%(upstream:short)%00%(objectname)%00%(upstream:track)%00%(upstream:remotename)%00%(upstream:remoteref) refs/heads/main refs/remotes/main [2ms]
2025-06-08 23:50:18.560 [info] > git status -z -uall [7ms]
2025-06-08 23:50:18.561 [info] > git for-each-ref --sort -committerdate --format %(refname)%00%(objectname)%00%(*objectname) [2ms]
2025-06-08 23:50:27.551 [info] > git config --get commit.template [12ms]
2025-06-08 23:50:27.551 [info] > git for-each-ref --format=%(refname)%00%(upstream:short)%00%(objectname)%00%(upstream:track)%00%(upstream:remotename)%00%(upstream:remoteref) refs/heads/main refs/remotes/main [1ms]
2025-06-08 23:50:27.568 [info] > git status -z -uall [8ms]
2025-06-08 23:50:27.570 [info] > git for-each-ref --sort -committerdate --format %(refname)%00%(objectname)%00%(*objectname) [2ms]
2025-06-08 23:50:27.580 [info] > git merge-base refs/heads/main refs/remotes/origin/main [1ms]
2025-06-08 23:50:27.587 [info] > git diff --name-status -z --diff-filter=ADMR c6f46b714f698cc9dd19155500bf42dd4f9535d6...refs/remotes/origin/main [1ms]
2025-06-08 23:50:27.646 [info] > git ls-files --stage -- arrayProblems/maxOne.cpp [2ms]
2025-06-08 23:50:27.659 [info] > git cat-file -s dd8d6fe5607e9df11413a29e8566599719e900da [3ms]
2025-06-08 23:50:27.672 [info] > git show --textconv :arrayProblems/maxOne.cpp [2ms]
2025-06-08 23:50:45.047 [info] > git config --get commit.template [5ms]
2025-06-08 23:50:45.058 [info] > git for-each-ref --format=%(refname)%00%(upstream:short)%00%(objectname)%00%(upstream:track)%00%(upstream:remotename)%00%(upstream:remoteref) refs/heads/b1 refs/remotes/b1 [1ms]
2025-06-08 23:50:45.082 [info] > git status -z -uall [10ms]
2025-06-08 23:50:45.083 [info] > git for-each-ref --sort -committerdate --format %(refname)%00%(objectname)%00%(*objectname) [1ms]
2025-06-08 23:50:45.100 [info] > git for-each-ref --format=%(refname)%00%(upstream:short)%00%(objectname)%00%(upstream:track)%00%(upstream:remotename)%00%(upstream:remoteref) refs/heads/b1 refs/remotes/b1 [7ms]
2025-06-08 23:50:45.110 [info] > git config --get --local branch.b1.vscode-merge-base [1ms]
2025-06-08 23:50:45.118 [info] > git for-each-ref --format=%(refname)%00%(upstream:short)%00%(objectname)%00%(upstream:track)%00%(upstream:remotename)%00%(upstream:remoteref) refs/heads/origin/main refs/remotes/origin/main [1ms]
2025-06-08 23:50:46.121 [info] > git config --get commit.template [13ms]
2025-06-08 23:50:46.122 [info] > git for-each-ref --format=%(refname)%00%(upstream:short)%00%(objectname)%00%(upstream:track)%00%(upstream:remotename)%00%(upstream:remoteref) refs/heads/b1 refs/remotes/b1 [1ms]
2025-06-08 23:50:46.142 [info] > git status -z -uall [9ms]
2025-06-08 23:50:46.143 [info] > git for-each-ref --sort -committerdate --format %(refname)%00%(objectname)%00%(*objectname) [2ms]
2025-06-08 23:50:46.214 [info] > git ls-files --stage -- arrayProblems/maxOne.cpp [2ms]
2025-06-08 23:50:46.226 [info] > git cat-file -s dd8d6fe5607e9df11413a29e8566599719e900da [3ms]
2025-06-08 23:50:46.236 [info] > git show --textconv :arrayProblems/maxOne.cpp [1ms]
