2025-06-03 20:21:45.983 [info] [main] Log level: Info
2025-06-03 20:21:45.983 [info] [main] Validating found git in: "git"
2025-06-03 20:21:45.983 [info] [main] Using git "2.43.0" from "git"
2025-06-03 20:21:45.983 [info] [Model][doInitialScan] Initial repository scan started
2025-06-03 20:21:45.983 [info] [Model][doInitialScan] Initial repository scan completed - repositories (0), closed repositories (0), parent repositories (0), unsafe repositories (0)
2025-06-03 20:21:57.720 [info] [main] Log level: Info
2025-06-03 20:21:57.720 [info] [main] Validating found git in: "git"
2025-06-03 20:21:57.720 [info] [main] Using git "2.43.0" from "git"
2025-06-03 20:21:57.720 [info] [Model][doInitialScan] Initial repository scan started
2025-06-03 20:21:57.720 [info] > git rev-parse --show-toplevel [112ms]
2025-06-03 20:21:57.729 [info] > git rev-parse --git-dir --git-common-dir [5ms]
2025-06-03 20:21:57.739 [info] [Model][openRepository] Opened repository (path): /home/sammy/Desktop/temp/flappy-bird
2025-06-03 20:21:57.739 [info] [Model][openRepository] Opened repository (real path): /home/sammy/Desktop/temp/flappy-bird
2025-06-03 20:21:57.807 [info] > git rev-parse --show-toplevel [39ms]
2025-06-03 20:21:57.809 [info] [Model][doInitialScan] Initial repository scan completed - repositories (1), closed repositories (0), parent repositories (0), unsafe repositories (0)
2025-06-03 20:21:57.810 [info] > git config --get commit.template [46ms]
2025-06-03 20:21:57.817 [info] > git for-each-ref --format=%(refname)%00%(upstream:short)%00%(objectname)%00%(upstream:track)%00%(upstream:remotename)%00%(upstream:remoteref) refs/heads/b1 refs/remotes/b1 [1ms]
2025-06-03 20:21:57.830 [info] > git status -z -uall [8ms]
2025-06-03 20:21:57.831 [info] > git for-each-ref --sort -committerdate --format %(refname)%00%(objectname)%00%(*objectname) [1ms]
2025-06-03 20:21:57.859 [info] > git for-each-ref --format=%(refname)%00%(upstream:short)%00%(objectname)%00%(upstream:track)%00%(upstream:remotename)%00%(upstream:remoteref) refs/heads/b1 refs/remotes/b1 [10ms]
2025-06-03 20:21:57.868 [info] > git config --get --local branch.b1.vscode-merge-base [3ms]
2025-06-03 20:21:57.868 [warning] [Git][config] git config failed: Failed to execute git
2025-06-03 20:21:57.874 [info] > git config --get commit.template [17ms]
2025-06-03 20:21:57.889 [info] > git for-each-ref --format=%(refname)%00%(upstream:short)%00%(objectname)%00%(upstream:track)%00%(upstream:remotename)%00%(upstream:remoteref) refs/heads/b1 refs/remotes/b1 [10ms]
2025-06-03 20:21:57.899 [info] > git reflog b1 --grep-reflog=branch: Created from *. [25ms]
2025-06-03 20:21:57.904 [info] > git status -z -uall [10ms]
2025-06-03 20:21:57.904 [info] > git for-each-ref --sort -committerdate --format %(refname)%00%(objectname)%00%(*objectname) [5ms]
2025-06-03 20:21:57.929 [info] > git for-each-ref --format=%(refname)%00%(upstream:short)%00%(objectname)%00%(upstream:track)%00%(upstream:remotename)%00%(upstream:remoteref) refs/heads/b1 refs/remotes/b1 [17ms]
2025-06-03 20:21:57.934 [info] > git reflog HEAD --grep-reflog=checkout: moving from .* to b1 [31ms]
2025-06-03 20:21:57.942 [info] > git config --get --local branch.b1.vscode-merge-base [7ms]
2025-06-03 20:21:57.942 [warning] [Git][config] git config failed: Failed to execute git
2025-06-03 20:21:57.948 [info] > git for-each-ref --format=%(refname)%00%(upstream:short)%00%(objectname)%00%(upstream:track)%00%(upstream:remotename)%00%(upstream:remoteref) refs/heads/main refs/remotes/main [9ms]
2025-06-03 20:21:57.953 [info] > git reflog b1 --grep-reflog=branch: Created from *. [6ms]
2025-06-03 20:21:57.959 [info] > git symbolic-ref --short refs/remotes/origin/HEAD [7ms]
2025-06-03 20:21:57.959 [info] fatal: ref refs/remotes/origin/HEAD is not a symbolic ref
2025-06-03 20:21:57.959 [warning] [Repository][getDefaultBranch] Failed to get default branch details: Failed to execute git.
2025-06-03 20:21:57.961 [info] > git reflog HEAD --grep-reflog=checkout: moving from .* to b1 [2ms]
2025-06-03 20:21:57.975 [info] > git for-each-ref --format=%(refname)%00%(upstream:short)%00%(objectname)%00%(upstream:track)%00%(upstream:remotename)%00%(upstream:remoteref) refs/heads/main refs/remotes/main [10ms]
2025-06-03 20:21:57.981 [info] > git symbolic-ref --short refs/remotes/origin/HEAD [1ms]
2025-06-03 20:21:57.981 [info] fatal: ref refs/remotes/origin/HEAD is not a symbolic ref
2025-06-03 20:21:57.981 [warning] [Repository][getDefaultBranch] Failed to get default branch details: Failed to execute git.
2025-06-03 20:21:58.245 [info] > git show --textconv :README.md [21ms]
2025-06-03 20:21:58.247 [info] > git ls-files --stage -- README.md [14ms]
2025-06-03 20:21:58.259 [info] > git cat-file -s f9278fd38d3a52e7b355c0fa3863e74daf257888 [7ms]
2025-06-03 20:21:58.318 [info] > git check-ignore -v -z --stdin [1ms]
2025-06-03 20:21:58.360 [info] > git blame --root --incremental 17362e7e7c038bbcc7c67be179a8f200b853239d -- README.md [2ms]
2025-06-03 20:22:57.606 [info] > git config --get commit.template [0ms]
2025-06-03 20:22:57.612 [info] > git for-each-ref --format=%(refname)%00%(upstream:short)%00%(objectname)%00%(upstream:track)%00%(upstream:remotename)%00%(upstream:remoteref) refs/heads/b1 refs/remotes/b1 [1ms]
2025-06-03 20:22:57.623 [info] > git status -z -uall [5ms]
2025-06-03 20:22:57.624 [info] > git for-each-ref --sort -committerdate --format %(refname)%00%(objectname)%00%(*objectname) [1ms]
2025-06-03 20:22:57.634 [info] > git blame --root --incremental a92cdccfa8efbba5ef47604492c5f323c10751bc -- README.md [2ms]
2025-06-03 20:22:58.688 [info] > git config --get commit.template [11ms]
2025-06-03 20:22:58.689 [info] > git for-each-ref --format=%(refname)%00%(upstream:short)%00%(objectname)%00%(upstream:track)%00%(upstream:remotename)%00%(upstream:remoteref) refs/heads/b1 refs/remotes/b1 [2ms]
2025-06-03 20:22:58.704 [info] > git status -z -uall [7ms]
2025-06-03 20:22:58.705 [info] > git for-each-ref --sort -committerdate --format %(refname)%00%(objectname)%00%(*objectname) [2ms]
2025-06-03 20:22:58.781 [info] > git ls-files --stage -- README.md [2ms]
2025-06-03 20:22:58.792 [info] > git cat-file -s f9278fd38d3a52e7b355c0fa3863e74daf257888 [2ms]
2025-06-03 20:22:58.804 [info] > git show --textconv :README.md [2ms]
2025-06-03 20:23:07.685 [info] > git config --get commit.template [9ms]
2025-06-03 20:23:07.685 [info] > git for-each-ref --format=%(refname)%00%(upstream:short)%00%(objectname)%00%(upstream:track)%00%(upstream:remotename)%00%(upstream:remoteref) refs/heads/b1 refs/remotes/b1 [1ms]
2025-06-03 20:23:07.697 [info] > git status -z -uall [7ms]
2025-06-03 20:23:07.698 [info] > git for-each-ref --sort -committerdate --format %(refname)%00%(objectname)%00%(*objectname) [1ms]
2025-06-03 20:23:43.620 [info] > git config --get commit.template [7ms]
2025-06-03 20:23:43.620 [info] > git for-each-ref --format=%(refname)%00%(upstream:short)%00%(objectname)%00%(upstream:track)%00%(upstream:remotename)%00%(upstream:remoteref) refs/heads/b1 refs/remotes/b1 [1ms]
2025-06-03 20:23:43.633 [info] > git status -z -uall [6ms]
2025-06-03 20:23:43.633 [info] > git for-each-ref --sort -committerdate --format %(refname)%00%(objectname)%00%(*objectname) [1ms]
