[Error - 19:26:16] 03-Jun-2025, 7:26:16 pm Problem with codeComplete for file:///home/sammy/Desktop/temp/pong-game/Main.java
Range [9, 13) out of bounds for length 0
java.lang.StringIndexOutOfBoundsException: Range [9, 13) out of bounds for length 0
	at java.base/jdk.internal.util.Preconditions$1.apply(Unknown Source)
	at java.base/jdk.internal.util.Preconditions$1.apply(Unknown Source)
	at java.base/jdk.internal.util.Preconditions$4.apply(Unknown Source)
	at java.base/jdk.internal.util.Preconditions$4.apply(Unknown Source)
	at java.base/jdk.internal.util.Preconditions.outOfBounds(Unknown Source)
	at java.base/jdk.internal.util.Preconditions.outOfBoundsCheckFromToIndex(Unknown Source)
	at java.base/jdk.internal.util.Preconditions.checkFromToIndex(Unknown Source)
	at java.base/java.lang.String.checkBoundsBeginEnd(Unknown Source)
	at java.base/java.lang.String.substring(Unknown Source)
	at org.eclipse.jdt.ls.core.internal.handlers.CompletionHandler.isCompletionForConstructor(CompletionHandler.java:368)
	at org.eclipse.jdt.ls.core.internal.handlers.CompletionHandler.computeContentAssist(CompletionHandler.java:239)
	at org.eclipse.jdt.ls.core.internal.handlers.CompletionHandler.completion(CompletionHandler.java:121)
	at org.eclipse.jdt.ls.core.internal.syntaxserver.SyntaxLanguageServer.lambda$12(SyntaxLanguageServer.java:423)
	at org.eclipse.jdt.ls.core.internal.BaseJDTLanguageServer.lambda$0(BaseJDTLanguageServer.java:87)
	at java.base/java.util.concurrent.CompletableFuture$UniApply.tryFire(Unknown Source)
	at java.base/java.util.concurrent.CompletableFuture$Completion.exec(Unknown Source)
	at java.base/java.util.concurrent.ForkJoinTask.doExec(Unknown Source)
	at java.base/java.util.concurrent.ForkJoinPool$WorkQueue.topLevelExec(Unknown Source)
	at java.base/java.util.concurrent.ForkJoinPool.scan(Unknown Source)
	at java.base/java.util.concurrent.ForkJoinPool.runWorker(Unknown Source)
	at java.base/java.util.concurrent.ForkJoinWorkerThread.run(Unknown Source)

