2025-06-10 15:10:40.772 [info] [main] Log level: Info
2025-06-10 15:10:40.772 [info] [main] Validating found git in: "git"
2025-06-10 15:10:40.772 [info] [main] Using git "2.43.0" from "git"
2025-06-10 15:10:40.772 [info] [Model][doInitialScan] Initial repository scan started
2025-06-10 15:10:40.772 [info] > git rev-parse --show-toplevel [9ms]
2025-06-10 15:10:40.772 [info] > git rev-parse --git-dir --git-common-dir [3ms]
2025-06-10 15:10:40.772 [info] [Model][openRepository] Opened repository (path): /home/sammy/Desktop/temp/hello-world
2025-06-10 15:10:40.772 [info] [Model][openRepository] Opened repository (real path): /home/sammy/Desktop/temp/hello-world
2025-06-10 15:10:40.772 [info] > git rev-parse --show-toplevel [146ms]
2025-06-10 15:10:40.772 [info] > git config --get commit.template [153ms]
2025-06-10 15:10:40.843 [info] > git rev-parse --show-toplevel [59ms]
2025-06-10 15:10:40.926 [info] > git for-each-ref --format=%(refname)%00%(upstream:short)%00%(objectname)%00%(upstream:track)%00%(upstream:remotename)%00%(upstream:remoteref) refs/heads/b1 refs/remotes/b1 [103ms]
2025-06-10 15:10:41.032 [info] > git status -z -uall [91ms]
2025-06-10 15:10:41.033 [info] > git for-each-ref --sort -committerdate --format %(refname)%00%(objectname)%00%(*objectname) [76ms]
2025-06-10 15:10:41.070 [info] > git rev-parse --show-toplevel [146ms]
2025-06-10 15:10:41.121 [info] > git check-ignore -v -z --stdin [33ms]
2025-06-10 15:10:41.123 [info] > git for-each-ref --format=%(refname)%00%(upstream:short)%00%(objectname)%00%(upstream:track)%00%(upstream:remotename)%00%(upstream:remoteref) refs/heads/b1 refs/remotes/b1 [63ms]
2025-06-10 15:10:41.148 [info] > git config --get --local branch.b1.vscode-merge-base [10ms]
2025-06-10 15:10:41.162 [info] > git rev-parse --show-toplevel [46ms]
2025-06-10 15:10:41.163 [info] > git config --get commit.template [57ms]
2025-06-10 15:10:41.186 [info] > git for-each-ref --format=%(refname)%00%(upstream:short)%00%(objectname)%00%(upstream:track)%00%(upstream:remotename)%00%(upstream:remoteref) refs/heads/origin/main refs/remotes/origin/main [25ms]
2025-06-10 15:10:41.207 [info] > git rev-parse --show-toplevel [28ms]
2025-06-10 15:10:41.211 [info] [Model][doInitialScan] Initial repository scan completed - repositories (1), closed repositories (0), parent repositories (0), unsafe repositories (0)
2025-06-10 15:10:41.259 [info] > git show --textconv :arrayProblems/maxSubarPdt.cpp [32ms]
2025-06-10 15:10:41.261 [info] > git ls-files --stage -- arrayProblems/maxSubarPdt.cpp [11ms]
2025-06-10 15:10:41.281 [info] > git for-each-ref --format=%(refname)%00%(upstream:short)%00%(objectname)%00%(upstream:track)%00%(upstream:remotename)%00%(upstream:remoteref) refs/heads/b1 refs/remotes/b1 [79ms]
2025-06-10 15:10:41.337 [info] > git status -z -uall [41ms]
2025-06-10 15:10:41.354 [info] > git for-each-ref --sort -committerdate --format %(refname)%00%(objectname)%00%(*objectname) [45ms]
2025-06-10 15:10:41.359 [info] > git cat-file -s 753f4ee9cbc272a3e2e8740d7b5eae6de23451fe [79ms]
2025-06-10 15:10:41.447 [info] > git blame --root --incremental f5f6fc97d6ea297ac9b97a57db4df9133cec4e73 -- arrayProblems/maxSubarPdt.cpp [3ms]
2025-06-10 15:14:56.071 [info] > git config --get commit.template [8ms]
2025-06-10 15:14:56.082 [info] > git for-each-ref --format=%(refname)%00%(upstream:short)%00%(objectname)%00%(upstream:track)%00%(upstream:remotename)%00%(upstream:remoteref) refs/heads/b1 refs/remotes/b1 [12ms]
2025-06-10 15:14:56.098 [info] > git check-ignore -v -z --stdin [17ms]
2025-06-10 15:14:56.098 [info] > git status -z -uall [10ms]
2025-06-10 15:14:56.099 [info] > git for-each-ref --sort -committerdate --format %(refname)%00%(objectname)%00%(*objectname) [3ms]
2025-06-10 15:19:36.722 [info] > git config --get commit.template [1ms]
2025-06-10 15:19:36.729 [info] > git for-each-ref --format=%(refname)%00%(upstream:short)%00%(objectname)%00%(upstream:track)%00%(upstream:remotename)%00%(upstream:remoteref) refs/heads/b1 refs/remotes/b1 [1ms]
2025-06-10 15:19:36.753 [info] > git status -z -uall [13ms]
2025-06-10 15:19:36.754 [info] > git for-each-ref --sort -committerdate --format %(refname)%00%(objectname)%00%(*objectname) [5ms]
2025-06-10 15:19:51.759 [info] > git config --get commit.template [7ms]
2025-06-10 15:19:51.759 [info] > git for-each-ref --format=%(refname)%00%(upstream:short)%00%(objectname)%00%(upstream:track)%00%(upstream:remotename)%00%(upstream:remoteref) refs/heads/b1 refs/remotes/b1 [1ms]
2025-06-10 15:19:51.776 [info] > git status -z -uall [7ms]
2025-06-10 15:19:51.778 [info] > git for-each-ref --sort -committerdate --format %(refname)%00%(objectname)%00%(*objectname) [2ms]
2025-06-10 15:20:14.232 [info] > git config --get commit.template [16ms]
2025-06-10 15:20:14.233 [info] > git for-each-ref --format=%(refname)%00%(upstream:short)%00%(objectname)%00%(upstream:track)%00%(upstream:remotename)%00%(upstream:remoteref) refs/heads/b1 refs/remotes/b1 [2ms]
2025-06-10 15:20:14.258 [info] > git status -z -uall [11ms]
2025-06-10 15:20:14.260 [info] > git for-each-ref --sort -committerdate --format %(refname)%00%(objectname)%00%(*objectname) [3ms]
2025-06-10 15:20:19.276 [info] > git config --get commit.template [7ms]
2025-06-10 15:20:19.276 [info] > git for-each-ref --format=%(refname)%00%(upstream:short)%00%(objectname)%00%(upstream:track)%00%(upstream:remotename)%00%(upstream:remoteref) refs/heads/b1 refs/remotes/b1 [1ms]
2025-06-10 15:20:19.289 [info] > git status -z -uall [6ms]
2025-06-10 15:20:19.290 [info] > git for-each-ref --sort -committerdate --format %(refname)%00%(objectname)%00%(*objectname) [1ms]
2025-06-10 15:20:59.308 [info] > git config --get commit.template [1ms]
2025-06-10 15:20:59.319 [info] > git for-each-ref --format=%(refname)%00%(upstream:short)%00%(objectname)%00%(upstream:track)%00%(upstream:remotename)%00%(upstream:remoteref) refs/heads/b1 refs/remotes/b1 [0ms]
2025-06-10 15:20:59.334 [info] > git status -z -uall [10ms]
2025-06-10 15:20:59.335 [info] > git for-each-ref --sort -committerdate --format %(refname)%00%(objectname)%00%(*objectname) [2ms]
2025-06-10 15:21:07.919 [info] > git config --get commit.template [12ms]
2025-06-10 15:21:07.919 [info] > git for-each-ref --format=%(refname)%00%(upstream:short)%00%(objectname)%00%(upstream:track)%00%(upstream:remotename)%00%(upstream:remoteref) refs/heads/b1 refs/remotes/b1 [1ms]
2025-06-10 15:21:07.937 [info] > git status -z -uall [12ms]
2025-06-10 15:21:07.938 [info] > git for-each-ref --sort -committerdate --format %(refname)%00%(objectname)%00%(*objectname) [1ms]
2025-06-10 15:21:17.482 [info] > git config --get commit.template [8ms]
2025-06-10 15:21:17.483 [info] > git for-each-ref --format=%(refname)%00%(upstream:short)%00%(objectname)%00%(upstream:track)%00%(upstream:remotename)%00%(upstream:remoteref) refs/heads/b1 refs/remotes/b1 [1ms]
2025-06-10 15:21:17.494 [info] > git status -z -uall [6ms]
2025-06-10 15:21:17.495 [info] > git for-each-ref --sort -committerdate --format %(refname)%00%(objectname)%00%(*objectname) [1ms]
2025-06-10 15:21:35.694 [info] > git config --get commit.template [10ms]
2025-06-10 15:21:35.695 [info] > git for-each-ref --format=%(refname)%00%(upstream:short)%00%(objectname)%00%(upstream:track)%00%(upstream:remotename)%00%(upstream:remoteref) refs/heads/b1 refs/remotes/b1 [1ms]
2025-06-10 15:21:35.713 [info] > git status -z -uall [11ms]
2025-06-10 15:21:35.714 [info] > git for-each-ref --sort -committerdate --format %(refname)%00%(objectname)%00%(*objectname) [1ms]
2025-06-10 15:21:40.724 [info] > git config --get commit.template [1ms]
2025-06-10 15:21:40.731 [info] > git for-each-ref --format=%(refname)%00%(upstream:short)%00%(objectname)%00%(upstream:track)%00%(upstream:remotename)%00%(upstream:remoteref) refs/heads/b1 refs/remotes/b1 [1ms]
2025-06-10 15:21:40.745 [info] > git status -z -uall [8ms]
2025-06-10 15:21:40.746 [info] > git for-each-ref --sort -committerdate --format %(refname)%00%(objectname)%00%(*objectname) [2ms]
2025-06-10 15:21:41.061 [info] > git show --textconv :arrayProblems/majorityEl.cpp [6ms]
2025-06-10 15:21:41.062 [info] > git ls-files --stage -- arrayProblems/majorityEl.cpp [2ms]
2025-06-10 15:21:41.069 [info] > git cat-file -s d109208101a500e30ab75fb3add07ec92476c204 [1ms]
2025-06-10 15:21:41.083 [info] > git blame --root --incremental 5ee3dc25de84de0646da2f2a6d5fc40fd8507e7f -- arrayProblems/majorityEl.cpp [1ms]
2025-06-10 15:21:48.983 [info] > git config --get commit.template [11ms]
2025-06-10 15:21:48.983 [info] > git for-each-ref --format=%(refname)%00%(upstream:short)%00%(objectname)%00%(upstream:track)%00%(upstream:remotename)%00%(upstream:remoteref) refs/heads/main refs/remotes/main [1ms]
2025-06-10 15:21:49.002 [info] > git status -z -uall [9ms]
2025-06-10 15:21:49.003 [info] > git for-each-ref --sort -committerdate --format %(refname)%00%(objectname)%00%(*objectname) [2ms]
2025-06-10 15:21:49.027 [info] > git blame --root --incremental c6f46b714f698cc9dd19155500bf42dd4f9535d6 -- arrayProblems/majorityEl.cpp [11ms]
2025-06-10 15:21:49.027 [info] fatal: no such path arrayProblems/majorityEl.cpp in c6f46b714f698cc9dd19155500bf42dd4f9535d6
2025-06-10 15:21:49.028 [info] > git for-each-ref --format=%(refname)%00%(upstream:short)%00%(objectname)%00%(upstream:track)%00%(upstream:remotename)%00%(upstream:remoteref) refs/heads/main refs/remotes/main [2ms]
2025-06-10 15:21:49.040 [info] > git config --get --local branch.main.vscode-merge-base [4ms]
2025-06-10 15:21:49.049 [info] > git for-each-ref --format=%(refname)%00%(upstream:short)%00%(objectname)%00%(upstream:track)%00%(upstream:remotename)%00%(upstream:remoteref) refs/heads/origin/main refs/remotes/origin/main [1ms]
2025-06-10 15:21:49.060 [info] > git merge-base refs/heads/main refs/remotes/origin/main [1ms]
2025-06-10 15:21:49.068 [info] > git diff --name-status -z --diff-filter=ADMR c6f46b714f698cc9dd19155500bf42dd4f9535d6...refs/remotes/origin/main [1ms]
2025-06-10 15:21:50.056 [info] > git config --get commit.template [9ms]
2025-06-10 15:21:50.057 [info] > git for-each-ref --format=%(refname)%00%(upstream:short)%00%(objectname)%00%(upstream:track)%00%(upstream:remotename)%00%(upstream:remoteref) refs/heads/main refs/remotes/main [3ms]
2025-06-10 15:21:50.073 [info] > git status -z -uall [10ms]
2025-06-10 15:21:50.075 [info] > git for-each-ref --sort -committerdate --format %(refname)%00%(objectname)%00%(*objectname) [4ms]
2025-06-10 15:21:50.149 [info] > git ls-files --stage -- arrayProblems/majorityEl.cpp [1ms]
2025-06-10 15:21:50.159 [info] > git hash-object -t tree /dev/null [1ms]
2025-06-10 15:21:50.159 [warning] [GitFileSystemProvider][stat] File not found - git:/home/sammy/Desktop/temp/hello-world/arrayProblems/majorityEl.cpp.git?%7B%22path%22%3A%22%2Fhome%2Fsammy%2FDesktop%2Ftemp%2Fhello-world%2FarrayProblems%2FmajorityEl.cpp%22%2C%22ref%22%3A%22%22%7D
2025-06-10 15:21:55.408 [info] > git config --get commit.template [11ms]
2025-06-10 15:21:55.408 [info] > git for-each-ref --format=%(refname)%00%(upstream:short)%00%(objectname)%00%(upstream:track)%00%(upstream:remotename)%00%(upstream:remoteref) refs/heads/main refs/remotes/main [1ms]
2025-06-10 15:21:55.421 [info] > git status -z -uall [6ms]
2025-06-10 15:21:55.422 [info] > git for-each-ref --sort -committerdate --format %(refname)%00%(objectname)%00%(*objectname) [1ms]
2025-06-10 15:21:55.498 [info] > git ls-files --stage -- arrayProblems/majorityEl.cpp [1ms]
2025-06-10 15:21:55.498 [warning] [GitFileSystemProvider][stat] File not found - git:/home/sammy/Desktop/temp/hello-world/arrayProblems/majorityEl.cpp.git?%7B%22path%22%3A%22%2Fhome%2Fsammy%2FDesktop%2Ftemp%2Fhello-world%2FarrayProblems%2FmajorityEl.cpp%22%2C%22ref%22%3A%22%22%7D
2025-06-10 15:22:04.485 [info] > git for-each-ref --format=%(refname)%00%(upstream:short)%00%(objectname)%00%(upstream:track)%00%(upstream:remotename)%00%(upstream:remoteref) refs/heads/main refs/remotes/main [1ms]
2025-06-10 15:22:04.502 [info] > git status -z -uall [11ms]
2025-06-10 15:22:04.502 [info] > git for-each-ref --sort -committerdate --format %(refname)%00%(objectname)%00%(*objectname) [1ms]
2025-06-10 15:22:04.583 [info] > git ls-files --stage -- arrayProblems/majorityEl.cpp [2ms]
2025-06-10 15:22:04.592 [info] > git cat-file -s d109208101a500e30ab75fb3add07ec92476c204 [1ms]
2025-06-10 15:22:04.606 [info] > git show --textconv :arrayProblems/majorityEl.cpp [2ms]
2025-06-10 15:22:04.827 [info] > git show --textconv HEAD:arrayProblems/majorityEl.cpp [10ms]
2025-06-10 15:22:04.828 [warning] [GitFileSystemProvider][readFile] File not found - git:/home/sammy/Desktop/temp/hello-world/arrayProblems/majorityEl.cpp.git?%7B%22path%22%3A%22%2Fhome%2Fsammy%2FDesktop%2Ftemp%2Fhello-world%2FarrayProblems%2FmajorityEl.cpp%22%2C%22ref%22%3A%22HEAD%22%7D
2025-06-10 15:22:04.829 [info] > git ls-tree -l HEAD -- arrayProblems/majorityEl.cpp [1ms]
2025-06-10 15:22:04.829 [warning] [GitFileSystemProvider][stat] File not found - git:/home/sammy/Desktop/temp/hello-world/arrayProblems/majorityEl.cpp.git?%7B%22path%22%3A%22%2Fhome%2Fsammy%2FDesktop%2Ftemp%2Fhello-world%2FarrayProblems%2FmajorityEl.cpp%22%2C%22ref%22%3A%22HEAD%22%7D
2025-06-10 15:22:05.092 [info] > git config --get commit.template [9ms]
2025-06-10 15:22:05.093 [info] > git for-each-ref --format=%(refname)%00%(upstream:short)%00%(objectname)%00%(upstream:track)%00%(upstream:remotename)%00%(upstream:remoteref) refs/heads/main refs/remotes/main [2ms]
2025-06-10 15:22:05.115 [info] > git status -z -uall [12ms]
2025-06-10 15:22:05.116 [info] > git for-each-ref --sort -committerdate --format %(refname)%00%(objectname)%00%(*objectname) [2ms]
2025-06-10 15:22:05.137 [info] > git blame --root --incremental 23b452c763006d847ca1d9dba2792ad27ed48c5a -- arrayProblems/majorityEl.cpp [12ms]
2025-06-10 15:22:05.139 [info] > git merge-base refs/heads/main refs/remotes/origin/main [3ms]
2025-06-10 15:22:05.151 [info] > git diff --name-status -z --diff-filter=ADMR c6f46b714f698cc9dd19155500bf42dd4f9535d6...refs/remotes/origin/main [1ms]
2025-06-10 15:22:06.304 [info] > git ls-files --stage -- arrayProblems/majorityEl.cpp [1ms]
2025-06-10 15:22:06.311 [info] > git cat-file -s d109208101a500e30ab75fb3add07ec92476c204 [1ms]
2025-06-10 15:22:06.319 [info] > git show --textconv :arrayProblems/majorityEl.cpp [1ms]
2025-06-10 15:22:09.521 [info] > git config --get commit.template [7ms]
2025-06-10 15:22:09.521 [info] > git for-each-ref --format=%(refname)%00%(upstream:short)%00%(objectname)%00%(upstream:track)%00%(upstream:remotename)%00%(upstream:remoteref) refs/heads/main refs/remotes/main [1ms]
2025-06-10 15:22:09.538 [info] > git status -z -uall [7ms]
2025-06-10 15:22:09.539 [info] > git for-each-ref --sort -committerdate --format %(refname)%00%(objectname)%00%(*objectname) [1ms]
2025-06-10 15:22:14.044 [info] > git ls-files --stage -- arrayProblems/majorityEl.cpp [2ms]
2025-06-10 15:22:14.050 [info] > git cat-file -s d109208101a500e30ab75fb3add07ec92476c204 [1ms]
2025-06-10 15:22:14.058 [info] > git show --textconv :arrayProblems/majorityEl.cpp [1ms]
2025-06-10 15:22:14.555 [info] > git config --get commit.template [6ms]
2025-06-10 15:22:14.555 [info] > git for-each-ref --format=%(refname)%00%(upstream:short)%00%(objectname)%00%(upstream:track)%00%(upstream:remotename)%00%(upstream:remoteref) refs/heads/main refs/remotes/main [1ms]
2025-06-10 15:22:14.569 [info] > git status -z -uall [8ms]
2025-06-10 15:22:14.570 [info] > git for-each-ref --sort -committerdate --format %(refname)%00%(objectname)%00%(*objectname) [2ms]
2025-06-10 15:22:14.581 [info] > git merge-base refs/heads/main refs/remotes/origin/main [2ms]
2025-06-10 15:22:14.591 [info] > git diff --name-status -z --diff-filter=ADMR 23b452c763006d847ca1d9dba2792ad27ed48c5a...refs/remotes/origin/main [1ms]
2025-06-10 15:22:39.021 [info] > git config --get commit.template [9ms]
2025-06-10 15:22:39.022 [info] > git for-each-ref --format=%(refname)%00%(upstream:short)%00%(objectname)%00%(upstream:track)%00%(upstream:remotename)%00%(upstream:remoteref) refs/heads/b1 refs/remotes/b1 [1ms]
2025-06-10 15:22:39.038 [info] > git status -z -uall [8ms]
2025-06-10 15:22:39.039 [info] > git for-each-ref --sort -committerdate --format %(refname)%00%(objectname)%00%(*objectname) [1ms]
2025-06-10 15:22:39.051 [info] > git for-each-ref --format=%(refname)%00%(upstream:short)%00%(objectname)%00%(upstream:track)%00%(upstream:remotename)%00%(upstream:remoteref) refs/heads/b1 refs/remotes/b1 [2ms]
2025-06-10 15:22:39.058 [info] > git config --get --local branch.b1.vscode-merge-base [1ms]
2025-06-10 15:22:39.068 [info] > git for-each-ref --format=%(refname)%00%(upstream:short)%00%(objectname)%00%(upstream:track)%00%(upstream:remotename)%00%(upstream:remoteref) refs/heads/origin/main refs/remotes/origin/main [1ms]
2025-06-10 15:22:40.074 [info] > git config --get commit.template [1ms]
2025-06-10 15:22:40.081 [info] > git for-each-ref --format=%(refname)%00%(upstream:short)%00%(objectname)%00%(upstream:track)%00%(upstream:remotename)%00%(upstream:remoteref) refs/heads/b1 refs/remotes/b1 [1ms]
2025-06-10 15:22:40.092 [info] > git status -z -uall [6ms]
2025-06-10 15:22:40.093 [info] > git for-each-ref --sort -committerdate --format %(refname)%00%(objectname)%00%(*objectname) [1ms]
2025-06-10 15:22:40.175 [info] > git ls-files --stage -- arrayProblems/majorityEl.cpp [1ms]
2025-06-10 15:22:40.182 [info] > git cat-file -s d109208101a500e30ab75fb3add07ec92476c204 [1ms]
2025-06-10 15:22:40.190 [info] > git show --textconv :arrayProblems/majorityEl.cpp [1ms]
2025-06-10 16:30:22.151 [info] > git show --textconv :bsCount.cpp [10ms]
2025-06-10 16:30:22.152 [info] > git ls-files --stage -- bsCount.cpp [2ms]
2025-06-10 16:30:22.162 [info] > git cat-file -s bd00937413d2fea4114676dfad9aa220a721916a [1ms]
2025-06-10 16:30:22.183 [info] > git blame --root --incremental 5ee3dc25de84de0646da2f2a6d5fc40fd8507e7f -- bsCount.cpp [3ms]
2025-06-10 16:31:10.624 [info] > git show --textconv :vehicle.cpp [12ms]
2025-06-10 16:31:10.624 [info] > git ls-files --stage -- vehicle.cpp [1ms]
2025-06-10 16:31:10.638 [info] > git cat-file -s 9ba9979b0478fd38ff432af34f9dfe187ce07ba5 [3ms]
2025-06-10 16:31:10.658 [info] > git blame --root --incremental 5ee3dc25de84de0646da2f2a6d5fc40fd8507e7f -- vehicle.cpp [4ms]
2025-06-10 16:32:00.677 [info] > git show --textconv :student.cpp [22ms]
2025-06-10 16:32:00.679 [info] > git ls-files --stage -- student.cpp [4ms]
2025-06-10 16:32:00.689 [info] > git cat-file -s 6bfe7fe91681b1008dba8cc6f1e6572b66b11f2c [1ms]
2025-06-10 16:32:00.711 [info] > git blame --root --incremental 5ee3dc25de84de0646da2f2a6d5fc40fd8507e7f -- student.cpp [5ms]
2025-06-10 16:32:45.916 [info] > git show --textconv :sorting.cpp [12ms]
2025-06-10 16:32:45.917 [info] > git ls-files --stage -- sorting.cpp [2ms]
2025-06-10 16:32:45.929 [info] > git cat-file -s 6411483d835b44c9cc02b921c027f9da4246ebf1 [2ms]
2025-06-10 16:32:45.948 [info] > git blame --root --incremental 5ee3dc25de84de0646da2f2a6d5fc40fd8507e7f -- sorting.cpp [2ms]
2025-06-10 16:38:23.318 [info] > git show --textconv :arrayProblems/zeroEnd.cpp [11ms]
2025-06-10 16:38:23.319 [info] > git ls-files --stage -- arrayProblems/zeroEnd.cpp [2ms]
2025-06-10 16:38:23.329 [info] > git cat-file -s 8888877fa47369678a87dd5690aab9918a52479c [1ms]
2025-06-10 16:40:06.508 [info] > git show --textconv :arrayProblems/subarSumK.cpp [11ms]
2025-06-10 16:40:06.509 [info] > git ls-files --stage -- arrayProblems/subarSumK.cpp [2ms]
2025-06-10 16:40:06.520 [info] > git cat-file -s 1bf392ccfd6ec180e875ebcabea2d23d62c3f1ce [1ms]
2025-06-10 16:40:49.294 [info] > git blame --root --incremental 5ee3dc25de84de0646da2f2a6d5fc40fd8507e7f -- arrayProblems/subarSumK.cpp [2ms]
2025-06-10 16:41:00.646 [info] > git show --textconv :arrayProblems/slargest.cpp [14ms]
2025-06-10 16:41:00.647 [info] > git ls-files --stage -- arrayProblems/slargest.cpp [1ms]
2025-06-10 16:41:00.658 [info] > git cat-file -s 53fdf3bc670d79aedd05ef16b4f63e5dec78594f [1ms]
2025-06-10 16:41:32.216 [info] > git show --textconv :arrayProblems/rotateRK.cpp [12ms]
2025-06-10 16:41:32.217 [info] > git ls-files --stage -- arrayProblems/rotateRK.cpp [1ms]
2025-06-10 16:41:32.226 [info] > git cat-file -s a3620092bdbc76004f5d5b2aa0d402059300913f [0ms]
2025-06-10 16:42:47.002 [info] > git show --textconv :arrayProblems/maxSubarSum.cpp [13ms]
2025-06-10 16:42:47.002 [info] > git ls-files --stage -- arrayProblems/maxSubarSum.cpp [1ms]
2025-06-10 16:42:47.016 [info] > git cat-file -s 5993deae8895d669aef9685731bf351918f2d363 [1ms]
2025-06-10 16:43:30.510 [info] > git show --textconv :arrayProblems/maxSubarPdt.cpp [13ms]
2025-06-10 16:43:30.511 [info] > git ls-files --stage -- arrayProblems/maxSubarPdt.cpp [2ms]
2025-06-10 16:43:30.519 [info] > git cat-file -s 753f4ee9cbc272a3e2e8740d7b5eae6de23451fe [1ms]
2025-06-10 16:43:50.041 [info] > git show --textconv :arrayProblems/maxOne.cpp [11ms]
2025-06-10 16:43:50.042 [info] > git ls-files --stage -- arrayProblems/maxOne.cpp [1ms]
2025-06-10 16:43:50.051 [info] > git cat-file -s dd8d6fe5607e9df11413a29e8566599719e900da [2ms]
2025-06-10 16:44:21.832 [info] > git show --textconv :arrayProblems/majorityEl.cpp [9ms]
2025-06-10 16:44:21.833 [info] > git ls-files --stage -- arrayProblems/majorityEl.cpp [2ms]
2025-06-10 16:44:21.843 [info] > git cat-file -s d109208101a500e30ab75fb3add07ec92476c204 [1ms]
2025-06-10 16:45:08.758 [info] > git show --textconv :arrayProblems/largestElm.cpp [9ms]
2025-06-10 16:45:08.759 [info] > git ls-files --stage -- arrayProblems/largestElm.cpp [1ms]
2025-06-10 16:45:08.770 [info] > git cat-file -s ccf7843efd13cdd95daa41572e10407bad2bf2ed [1ms]
2025-06-10 16:45:08.787 [info] > git blame --root --incremental 5ee3dc25de84de0646da2f2a6d5fc40fd8507e7f -- arrayProblems/largestElm.cpp [2ms]
2025-06-10 16:45:13.926 [info] > git show --textconv :arrayProblems/2Sum.cpp [10ms]
2025-06-10 16:45:13.928 [info] > git ls-files --stage -- arrayProblems/2Sum.cpp [3ms]
2025-06-10 16:45:13.938 [info] > git cat-file -s 9342b033633943aa0afbabd8f663f48c59791a51 [0ms]
2025-06-10 16:45:14.819 [info] > git show --textconv :arrayProblems/isSorted.cpp [13ms]
2025-06-10 16:45:14.820 [info] > git ls-files --stage -- arrayProblems/isSorted.cpp [2ms]
2025-06-10 16:45:14.831 [info] > git cat-file -s bb6f11ce693ab9c77db21eed2bcd80e76c40382c [1ms]
2025-06-10 16:45:44.263 [info] > git show --textconv :arrayProblems/2Sum.cpp [13ms]
2025-06-10 16:45:44.264 [info] > git ls-files --stage -- arrayProblems/2Sum.cpp [2ms]
2025-06-10 16:45:44.278 [info] > git cat-file -s 9342b033633943aa0afbabd8f663f48c59791a51 [1ms]
2025-06-10 16:46:04.766 [info] > git show --textconv :arrayProblems/0s1s2s.cpp [11ms]
2025-06-10 16:46:04.767 [info] > git ls-files --stage -- arrayProblems/0s1s2s.cpp [2ms]
2025-06-10 16:46:04.781 [info] > git cat-file -s be69cc8fa1bff320e76a447cbca6c63d34526a0b [2ms]
2025-06-10 19:27:35.852 [info] > git config --get commit.template [7ms]
2025-06-10 19:27:35.853 [info] > git for-each-ref --format=%(refname)%00%(upstream:short)%00%(objectname)%00%(upstream:track)%00%(upstream:remotename)%00%(upstream:remoteref) refs/heads/b1 refs/remotes/b1 [1ms]
2025-06-10 19:27:35.886 [info] > git status -z -uall [21ms]
2025-06-10 19:27:35.886 [info] > git check-ignore -v -z --stdin [1ms]
2025-06-10 19:27:35.886 [info] > git for-each-ref --sort -committerdate --format %(refname)%00%(objectname)%00%(*objectname) [11ms]
2025-06-10 19:30:47.365 [info] > git config --get commit.template [14ms]
2025-06-10 19:30:47.365 [info] > git for-each-ref --format=%(refname)%00%(upstream:short)%00%(objectname)%00%(upstream:track)%00%(upstream:remotename)%00%(upstream:remoteref) refs/heads/b1 refs/remotes/b1 [1ms]
2025-06-10 19:30:47.388 [info] > git status -z -uall [9ms]
2025-06-10 19:30:47.389 [info] > git for-each-ref --sort -committerdate --format %(refname)%00%(objectname)%00%(*objectname) [2ms]
2025-06-10 19:30:50.186 [info] > git check-ignore -v -z --stdin [1ms]
2025-06-10 19:47:29.375 [info] > git config --get commit.template [1ms]
2025-06-10 19:47:29.385 [info] > git for-each-ref --format=%(refname)%00%(upstream:short)%00%(objectname)%00%(upstream:track)%00%(upstream:remotename)%00%(upstream:remoteref) refs/heads/b1 refs/remotes/b1 [1ms]
2025-06-10 19:47:29.405 [info] > git status -z -uall [13ms]
2025-06-10 19:47:29.406 [info] > git for-each-ref --sort -committerdate --format %(refname)%00%(objectname)%00%(*objectname) [2ms]
2025-06-10 19:47:35.614 [info] > git config --get commit.template [5ms]
2025-06-10 19:47:35.637 [info] > git for-each-ref --format=%(refname)%00%(upstream:short)%00%(objectname)%00%(upstream:track)%00%(upstream:remotename)%00%(upstream:remoteref) refs/heads/b1 refs/remotes/b1 [3ms]
2025-06-10 19:47:35.673 [info] > git status -z -uall [19ms]
2025-06-10 19:47:35.677 [info] > git for-each-ref --sort -committerdate --format %(refname)%00%(objectname)%00%(*objectname) [7ms]
2025-06-10 19:53:07.467 [info] > git config --get commit.template [11ms]
2025-06-10 19:53:07.467 [info] > git for-each-ref --format=%(refname)%00%(upstream:short)%00%(objectname)%00%(upstream:track)%00%(upstream:remotename)%00%(upstream:remoteref) refs/heads/b1 refs/remotes/b1 [1ms]
2025-06-10 19:53:07.486 [info] > git status -z -uall [8ms]
2025-06-10 19:53:07.487 [info] > git for-each-ref --sort -committerdate --format %(refname)%00%(objectname)%00%(*objectname) [1ms]
2025-06-10 19:53:12.502 [info] > git config --get commit.template [7ms]
2025-06-10 19:53:12.503 [info] > git for-each-ref --format=%(refname)%00%(upstream:short)%00%(objectname)%00%(upstream:track)%00%(upstream:remotename)%00%(upstream:remoteref) refs/heads/b1 refs/remotes/b1 [1ms]
2025-06-10 19:53:12.516 [info] > git status -z -uall [5ms]
2025-06-10 19:53:12.516 [info] > git for-each-ref --sort -committerdate --format %(refname)%00%(objectname)%00%(*objectname) [1ms]
2025-06-10 19:53:43.660 [info] > git config --get commit.template [12ms]
2025-06-10 19:53:43.661 [info] > git for-each-ref --format=%(refname)%00%(upstream:short)%00%(objectname)%00%(upstream:track)%00%(upstream:remotename)%00%(upstream:remoteref) refs/heads/b1 refs/remotes/b1 [1ms]
2025-06-10 19:53:43.681 [info] > git status -z -uall [9ms]
2025-06-10 19:53:43.682 [info] > git for-each-ref --sort -committerdate --format %(refname)%00%(objectname)%00%(*objectname) [2ms]
2025-06-10 19:54:18.138 [info] > git config --get commit.template [14ms]
2025-06-10 19:54:18.139 [info] > git for-each-ref --format=%(refname)%00%(upstream:short)%00%(objectname)%00%(upstream:track)%00%(upstream:remotename)%00%(upstream:remoteref) refs/heads/b1 refs/remotes/b1 [1ms]
2025-06-10 19:54:18.161 [info] > git status -z -uall [11ms]
2025-06-10 19:54:18.162 [info] > git for-each-ref --sort -committerdate --format %(refname)%00%(objectname)%00%(*objectname) [1ms]
2025-06-10 19:54:23.180 [info] > git config --get commit.template [7ms]
2025-06-10 19:54:23.181 [info] > git for-each-ref --format=%(refname)%00%(upstream:short)%00%(objectname)%00%(upstream:track)%00%(upstream:remotename)%00%(upstream:remoteref) refs/heads/b1 refs/remotes/b1 [1ms]
2025-06-10 19:54:23.195 [info] > git status -z -uall [8ms]
2025-06-10 19:54:23.196 [info] > git for-each-ref --sort -committerdate --format %(refname)%00%(objectname)%00%(*objectname) [1ms]
2025-06-10 19:54:28.536 [info] > git config --get commit.template [8ms]
2025-06-10 19:54:28.537 [info] > git for-each-ref --format=%(refname)%00%(upstream:short)%00%(objectname)%00%(upstream:track)%00%(upstream:remotename)%00%(upstream:remoteref) refs/heads/b1 refs/remotes/b1 [1ms]
2025-06-10 19:54:28.552 [info] > git status -z -uall [8ms]
2025-06-10 19:54:28.553 [info] > git for-each-ref --sort -committerdate --format %(refname)%00%(objectname)%00%(*objectname) [1ms]
2025-06-10 19:55:00.514 [info] > git config --get commit.template [13ms]
2025-06-10 19:55:00.515 [info] > git for-each-ref --format=%(refname)%00%(upstream:short)%00%(objectname)%00%(upstream:track)%00%(upstream:remotename)%00%(upstream:remoteref) refs/heads/b1 refs/remotes/b1 [1ms]
2025-06-10 19:55:00.538 [info] > git status -z -uall [14ms]
2025-06-10 19:55:00.539 [info] > git for-each-ref --sort -committerdate --format %(refname)%00%(objectname)%00%(*objectname) [2ms]
2025-06-10 19:55:05.558 [info] > git config --get commit.template [8ms]
2025-06-10 19:55:05.558 [info] > git for-each-ref --format=%(refname)%00%(upstream:short)%00%(objectname)%00%(upstream:track)%00%(upstream:remotename)%00%(upstream:remoteref) refs/heads/b1 refs/remotes/b1 [0ms]
2025-06-10 19:55:05.574 [info] > git status -z -uall [8ms]
2025-06-10 19:55:05.575 [info] > git for-each-ref --sort -committerdate --format %(refname)%00%(objectname)%00%(*objectname) [2ms]
2025-06-10 19:55:19.509 [info] > git log --format=%H%n%aN%n%aE%n%at%n%ct%n%P%n%D%n%B -z --shortstat --diff-merges=first-parent -n50 --skip=0 --topo-order --decorate=full --stdin [15ms]
2025-06-10 19:55:20.077 [info] > git check-ignore -v -z --stdin [1ms]
2025-06-10 19:55:45.483 [info] > git config --get commit.template [9ms]
2025-06-10 19:55:45.483 [info] > git for-each-ref --format=%(refname)%00%(upstream:short)%00%(objectname)%00%(upstream:track)%00%(upstream:remotename)%00%(upstream:remoteref) refs/heads/b1 refs/remotes/b1 [1ms]
2025-06-10 19:55:45.508 [info] > git status -z -uall [14ms]
2025-06-10 19:55:45.508 [info] > git for-each-ref --sort -committerdate --format %(refname)%00%(objectname)%00%(*objectname) [1ms]
2025-06-10 19:55:50.526 [info] > git config --get commit.template [8ms]
2025-06-10 19:55:50.526 [info] > git for-each-ref --format=%(refname)%00%(upstream:short)%00%(objectname)%00%(upstream:track)%00%(upstream:remotename)%00%(upstream:remoteref) refs/heads/b1 refs/remotes/b1 [1ms]
2025-06-10 19:55:50.541 [info] > git status -z -uall [9ms]
2025-06-10 19:55:50.541 [info] > git for-each-ref --sort -committerdate --format %(refname)%00%(objectname)%00%(*objectname) [1ms]
2025-06-10 19:55:50.566 [info] > git log --format=%H%n%aN%n%aE%n%at%n%ct%n%P%n%D%n%B -z --shortstat --diff-merges=first-parent -n50 --skip=0 --topo-order --decorate=full --stdin [8ms]
2025-06-10 19:55:50.880 [info] > git show --textconv :stringProblems/largestOdd.cpp [16ms]
2025-06-10 19:55:50.880 [info] > git ls-files --stage -- stringProblems/largestOdd.cpp [2ms]
2025-06-10 19:55:50.893 [info] > git cat-file -s 2984150097e0607bef2dc62c3f5b5fad3bac92be [1ms]
2025-06-10 19:55:50.906 [info] > git blame --root --incremental ce757c1e81b8852fa83e1e62d16f19b46910157c -- stringProblems/largestOdd.cpp [2ms]
2025-06-10 19:56:22.086 [info] > git config --get commit.template [10ms]
2025-06-10 19:56:22.087 [info] > git for-each-ref --format=%(refname)%00%(upstream:short)%00%(objectname)%00%(upstream:track)%00%(upstream:remotename)%00%(upstream:remoteref) refs/heads/b1 refs/remotes/b1 [0ms]
2025-06-10 19:56:22.109 [info] > git status -z -uall [14ms]
2025-06-10 19:56:22.110 [info] > git for-each-ref --sort -committerdate --format %(refname)%00%(objectname)%00%(*objectname) [3ms]
2025-06-10 19:56:28.082 [info] > git config --get commit.template [14ms]
2025-06-10 19:56:28.082 [info] > git for-each-ref --format=%(refname)%00%(upstream:short)%00%(objectname)%00%(upstream:track)%00%(upstream:remotename)%00%(upstream:remoteref) refs/heads/b1 refs/remotes/b1 [1ms]
2025-06-10 19:56:28.100 [info] > git status -z -uall [11ms]
2025-06-10 19:56:28.101 [info] > git for-each-ref --sort -committerdate --format %(refname)%00%(objectname)%00%(*objectname) [1ms]
2025-06-10 19:58:34.985 [info] > git config --get commit.template [1ms]
2025-06-10 19:58:34.998 [info] > git for-each-ref --format=%(refname)%00%(upstream:short)%00%(objectname)%00%(upstream:track)%00%(upstream:remotename)%00%(upstream:remoteref) refs/heads/b1 refs/remotes/b1 [2ms]
2025-06-10 19:58:35.017 [info] > git status -z -uall [11ms]
2025-06-10 19:58:35.017 [info] > git for-each-ref --sort -committerdate --format %(refname)%00%(objectname)%00%(*objectname) [1ms]
2025-06-10 19:58:43.837 [info] > git config --get commit.template [1ms]
2025-06-10 19:58:43.847 [info] > git for-each-ref --format=%(refname)%00%(upstream:short)%00%(objectname)%00%(upstream:track)%00%(upstream:remotename)%00%(upstream:remoteref) refs/heads/b1 refs/remotes/b1 [1ms]
2025-06-10 19:58:43.861 [info] > git status -z -uall [7ms]
2025-06-10 19:58:43.863 [info] > git for-each-ref --sort -committerdate --format %(refname)%00%(objectname)%00%(*objectname) [1ms]
2025-06-10 20:05:09.837 [info] > git config --get commit.template [10ms]
2025-06-10 20:05:09.837 [info] > git for-each-ref --format=%(refname)%00%(upstream:short)%00%(objectname)%00%(upstream:track)%00%(upstream:remotename)%00%(upstream:remoteref) refs/heads/b1 refs/remotes/b1 [1ms]
2025-06-10 20:05:09.856 [info] > git status -z -uall [12ms]
2025-06-10 20:05:09.856 [info] > git for-each-ref --sort -committerdate --format %(refname)%00%(objectname)%00%(*objectname) [1ms]
2025-06-10 20:05:20.169 [info] > git config --get commit.template [12ms]
2025-06-10 20:05:20.169 [info] > git for-each-ref --format=%(refname)%00%(upstream:short)%00%(objectname)%00%(upstream:track)%00%(upstream:remotename)%00%(upstream:remoteref) refs/heads/b1 refs/remotes/b1 [1ms]
2025-06-10 20:05:20.190 [info] > git status -z -uall [13ms]
2025-06-10 20:05:20.190 [info] > git for-each-ref --sort -committerdate --format %(refname)%00%(objectname)%00%(*objectname) [1ms]
2025-06-10 20:05:44.850 [info] > git config --get commit.template [12ms]
2025-06-10 20:05:44.851 [info] > git for-each-ref --format=%(refname)%00%(upstream:short)%00%(objectname)%00%(upstream:track)%00%(upstream:remotename)%00%(upstream:remoteref) refs/heads/b1 refs/remotes/b1 [1ms]
2025-06-10 20:05:44.868 [info] > git status -z -uall [11ms]
2025-06-10 20:05:44.869 [info] > git for-each-ref --sort -committerdate --format %(refname)%00%(objectname)%00%(*objectname) [1ms]
2025-06-10 20:11:33.398 [info] > git config --get commit.template [12ms]
2025-06-10 20:11:33.399 [info] > git for-each-ref --format=%(refname)%00%(upstream:short)%00%(objectname)%00%(upstream:track)%00%(upstream:remotename)%00%(upstream:remoteref) refs/heads/b1 refs/remotes/b1 [3ms]
2025-06-10 20:11:33.420 [info] > git status -z -uall [12ms]
2025-06-10 20:11:33.422 [info] > git for-each-ref --sort -committerdate --format %(refname)%00%(objectname)%00%(*objectname) [2ms]
2025-06-10 20:11:40.147 [info] > git config --get commit.template [11ms]
2025-06-10 20:11:40.148 [info] > git for-each-ref --format=%(refname)%00%(upstream:short)%00%(objectname)%00%(upstream:track)%00%(upstream:remotename)%00%(upstream:remoteref) refs/heads/b1 refs/remotes/b1 [2ms]
2025-06-10 20:11:40.166 [info] > git status -z -uall [11ms]
2025-06-10 20:11:40.167 [info] > git for-each-ref --sort -committerdate --format %(refname)%00%(objectname)%00%(*objectname) [1ms]
2025-06-10 20:11:42.563 [info] > git ls-files --stage -- stringProblems/largestOdd.cpp [1ms]
2025-06-10 20:11:42.570 [info] > git cat-file -s 6ee0bfac7eefe2d8f8590d2fef0d71954377151f [1ms]
2025-06-10 20:11:42.579 [info] > git show --textconv :stringProblems/largestOdd.cpp [0ms]
2025-06-10 20:11:45.181 [info] > git config --get commit.template [1ms]
2025-06-10 20:11:45.188 [info] > git for-each-ref --format=%(refname)%00%(upstream:short)%00%(objectname)%00%(upstream:track)%00%(upstream:remotename)%00%(upstream:remoteref) refs/heads/b1 refs/remotes/b1 [1ms]
2025-06-10 20:11:45.203 [info] > git status -z -uall [8ms]
2025-06-10 20:11:45.204 [info] > git for-each-ref --sort -committerdate --format %(refname)%00%(objectname)%00%(*objectname) [1ms]
2025-06-10 20:11:45.217 [info] > git blame --root --incremental 9c14ab3942ceffcfc3a68c12bde5a8e117432547 -- stringProblems/largestOdd.cpp [2ms]
2025-06-10 20:11:45.247 [info] > git log --format=%H%n%aN%n%aE%n%at%n%ct%n%P%n%D%n%B -z --shortstat --diff-merges=first-parent -n50 --skip=0 --topo-order --decorate=full --stdin [21ms]
2025-06-10 20:13:05.430 [info] > git for-each-ref --format=%(refname)%00%(upstream:short)%00%(objectname)%00%(upstream:track)%00%(upstream:remotename)%00%(upstream:remoteref) refs/heads/b1 refs/remotes/b1 [10ms]
2025-06-10 20:13:05.430 [info] > git config --get commit.template [18ms]
2025-06-10 20:13:05.447 [info] > git check-ignore -v -z --stdin [18ms]
2025-06-10 20:13:05.447 [info] > git status -z -uall [10ms]
2025-06-10 20:13:05.447 [info] > git for-each-ref --sort -committerdate --format %(refname)%00%(objectname)%00%(*objectname) [1ms]
2025-06-10 20:26:32.356 [info] > git config --get commit.template [12ms]
2025-06-10 20:26:32.357 [info] > git for-each-ref --format=%(refname)%00%(upstream:short)%00%(objectname)%00%(upstream:track)%00%(upstream:remotename)%00%(upstream:remoteref) refs/heads/b1 refs/remotes/b1 [2ms]
2025-06-10 20:26:32.384 [info] > git status -z -uall [14ms]
2025-06-10 20:26:32.385 [info] > git for-each-ref --sort -committerdate --format %(refname)%00%(objectname)%00%(*objectname) [2ms]
2025-06-10 20:26:37.406 [info] > git config --get commit.template [8ms]
2025-06-10 20:26:37.406 [info] > git for-each-ref --format=%(refname)%00%(upstream:short)%00%(objectname)%00%(upstream:track)%00%(upstream:remotename)%00%(upstream:remoteref) refs/heads/b1 refs/remotes/b1 [1ms]
2025-06-10 20:26:37.420 [info] > git status -z -uall [7ms]
2025-06-10 20:26:37.421 [info] > git for-each-ref --sort -committerdate --format %(refname)%00%(objectname)%00%(*objectname) [2ms]
2025-06-10 20:31:18.569 [info] > git config --get commit.template [2ms]
2025-06-10 20:31:18.581 [info] > git for-each-ref --format=%(refname)%00%(upstream:short)%00%(objectname)%00%(upstream:track)%00%(upstream:remotename)%00%(upstream:remoteref) refs/heads/b1 refs/remotes/b1 [1ms]
2025-06-10 20:31:18.597 [info] > git status -z -uall [10ms]
2025-06-10 20:31:18.598 [info] > git for-each-ref --sort -committerdate --format %(refname)%00%(objectname)%00%(*objectname) [1ms]
2025-06-10 20:31:23.616 [info] > git config --get commit.template [8ms]
2025-06-10 20:31:23.616 [info] > git for-each-ref --format=%(refname)%00%(upstream:short)%00%(objectname)%00%(upstream:track)%00%(upstream:remotename)%00%(upstream:remoteref) refs/heads/b1 refs/remotes/b1 [0ms]
2025-06-10 20:31:23.634 [info] > git status -z -uall [10ms]
2025-06-10 20:31:23.635 [info] > git for-each-ref --sort -committerdate --format %(refname)%00%(objectname)%00%(*objectname) [2ms]
2025-06-10 20:31:23.657 [info] > git log --format=%H%n%aN%n%aE%n%at%n%ct%n%P%n%D%n%B -z --shortstat --diff-merges=first-parent -n50 --skip=0 --topo-order --decorate=full --stdin [7ms]
2025-06-10 20:31:23.955 [info] > git show --textconv :stringProblems/longestCommonPrefix.cpp [8ms]
2025-06-10 20:31:23.956 [info] > git ls-files --stage -- stringProblems/longestCommonPrefix.cpp [2ms]
2025-06-10 20:31:23.963 [info] > git cat-file -s 1b29550702a7c93e6fdeedb4522c7c3b9311ecd6 [1ms]
2025-06-10 20:31:23.975 [info] > git blame --root --incremental ad8e3ce66e889048bd6bd263965eff38e842b3ee -- stringProblems/longestCommonPrefix.cpp [1ms]
2025-06-10 20:31:28.652 [info] > git config --get commit.template [7ms]
2025-06-10 20:31:28.652 [info] > git for-each-ref --format=%(refname)%00%(upstream:short)%00%(objectname)%00%(upstream:track)%00%(upstream:remotename)%00%(upstream:remoteref) refs/heads/b1 refs/remotes/b1 [1ms]
2025-06-10 20:31:28.666 [info] > git status -z -uall [7ms]
2025-06-10 20:31:28.667 [info] > git for-each-ref --sort -committerdate --format %(refname)%00%(objectname)%00%(*objectname) [1ms]
2025-06-10 20:31:30.061 [info] > git check-ignore -v -z --stdin [1ms]
2025-06-10 20:38:46.745 [info] > git config --get commit.template [13ms]
2025-06-10 20:38:46.745 [info] > git for-each-ref --format=%(refname)%00%(upstream:short)%00%(objectname)%00%(upstream:track)%00%(upstream:remotename)%00%(upstream:remoteref) refs/heads/b1 refs/remotes/b1 [1ms]
2025-06-10 20:38:46.765 [info] > git status -z -uall [12ms]
2025-06-10 20:38:46.765 [info] > git for-each-ref --sort -committerdate --format %(refname)%00%(objectname)%00%(*objectname) [1ms]
2025-06-10 20:38:51.780 [info] > git config --get commit.template [1ms]
2025-06-10 20:38:51.791 [info] > git for-each-ref --format=%(refname)%00%(upstream:short)%00%(objectname)%00%(upstream:track)%00%(upstream:remotename)%00%(upstream:remoteref) refs/heads/b1 refs/remotes/b1 [2ms]
2025-06-10 20:38:51.812 [info] > git status -z -uall [13ms]
2025-06-10 20:38:51.812 [info] > git for-each-ref --sort -committerdate --format %(refname)%00%(objectname)%00%(*objectname) [1ms]
2025-06-10 20:39:03.368 [info] > git config --get commit.template [1ms]
2025-06-10 20:39:03.379 [info] > git for-each-ref --format=%(refname)%00%(upstream:short)%00%(objectname)%00%(upstream:track)%00%(upstream:remotename)%00%(upstream:remoteref) refs/heads/b1 refs/remotes/b1 [0ms]
2025-06-10 20:39:03.408 [info] > git status -z -uall [18ms]
2025-06-10 20:39:03.410 [info] > git for-each-ref --sort -committerdate --format %(refname)%00%(objectname)%00%(*objectname) [2ms]
2025-06-10 20:39:08.430 [info] > git config --get commit.template [8ms]
2025-06-10 20:39:08.430 [info] > git for-each-ref --format=%(refname)%00%(upstream:short)%00%(objectname)%00%(upstream:track)%00%(upstream:remotename)%00%(upstream:remoteref) refs/heads/b1 refs/remotes/b1 [1ms]
2025-06-10 20:39:08.450 [info] > git status -z -uall [9ms]
2025-06-10 20:39:08.451 [info] > git for-each-ref --sort -committerdate --format %(refname)%00%(objectname)%00%(*objectname) [2ms]
2025-06-10 20:39:32.358 [info] > git config --get commit.template [1ms]
2025-06-10 20:39:32.370 [info] > git for-each-ref --format=%(refname)%00%(upstream:short)%00%(objectname)%00%(upstream:track)%00%(upstream:remotename)%00%(upstream:remoteref) refs/heads/b1 refs/remotes/b1 [2ms]
2025-06-10 20:39:32.389 [info] > git status -z -uall [11ms]
2025-06-10 20:39:32.390 [info] > git for-each-ref --sort -committerdate --format %(refname)%00%(objectname)%00%(*objectname) [1ms]
2025-06-10 20:39:37.406 [info] > git config --get commit.template [7ms]
2025-06-10 20:39:37.406 [info] > git for-each-ref --format=%(refname)%00%(upstream:short)%00%(objectname)%00%(upstream:track)%00%(upstream:remotename)%00%(upstream:remoteref) refs/heads/b1 refs/remotes/b1 [0ms]
2025-06-10 20:39:37.420 [info] > git status -z -uall [7ms]
2025-06-10 20:39:37.421 [info] > git for-each-ref --sort -committerdate --format %(refname)%00%(objectname)%00%(*objectname) [1ms]
2025-06-10 20:39:37.444 [info] > git log --format=%H%n%aN%n%aE%n%at%n%ct%n%P%n%D%n%B -z --shortstat --diff-merges=first-parent -n50 --skip=0 --topo-order --decorate=full --stdin [7ms]
2025-06-10 20:39:37.738 [info] > git show --textconv :stringProblems/anagram.cpp [8ms]
2025-06-10 20:39:37.738 [info] > git ls-files --stage -- stringProblems/anagram.cpp [1ms]
2025-06-10 20:39:37.746 [info] > git cat-file -s cb1c60ed4a8b196b6965cebf56c97bacd8761bcd [1ms]
2025-06-10 20:40:32.480 [info] > git show --textconv :stringProblems/longestCommonPrefix.cpp [12ms]
2025-06-10 20:40:32.481 [info] > git ls-files --stage -- stringProblems/longestCommonPrefix.cpp [3ms]
2025-06-10 20:40:32.489 [info] > git cat-file -s 1b29550702a7c93e6fdeedb4522c7c3b9311ecd6 [1ms]
2025-06-10 20:40:32.504 [info] > git blame --root --incremental 18abff3e6b8ffd2ad409c494bac05ba2901675cb -- stringProblems/longestCommonPrefix.cpp [2ms]
2025-06-10 20:52:23.524 [info] > git config --get commit.template [10ms]
2025-06-10 20:52:23.524 [info] > git for-each-ref --format=%(refname)%00%(upstream:short)%00%(objectname)%00%(upstream:track)%00%(upstream:remotename)%00%(upstream:remoteref) refs/heads/b1 refs/remotes/b1 [1ms]
2025-06-10 20:52:23.554 [info] > git status -z -uall [20ms]
2025-06-10 20:52:23.554 [info] > git check-ignore -v -z --stdin [1ms]
2025-06-10 20:52:23.555 [info] > git for-each-ref --sort -committerdate --format %(refname)%00%(objectname)%00%(*objectname) [11ms]
2025-06-10 21:00:00.201 [info] > git config --get commit.template [14ms]
2025-06-10 21:00:00.202 [info] > git for-each-ref --format=%(refname)%00%(upstream:short)%00%(objectname)%00%(upstream:track)%00%(upstream:remotename)%00%(upstream:remoteref) refs/heads/b1 refs/remotes/b1 [2ms]
2025-06-10 21:00:00.235 [info] > git status -z -uall [14ms]
2025-06-10 21:00:00.236 [info] > git for-each-ref --sort -committerdate --format %(refname)%00%(objectname)%00%(*objectname) [2ms]
2025-06-10 21:00:05.254 [info] > git config --get commit.template [9ms]
2025-06-10 21:00:05.255 [info] > git for-each-ref --format=%(refname)%00%(upstream:short)%00%(objectname)%00%(upstream:track)%00%(upstream:remotename)%00%(upstream:remoteref) refs/heads/b1 refs/remotes/b1 [2ms]
2025-06-10 21:00:05.271 [info] > git status -z -uall [7ms]
2025-06-10 21:00:05.272 [info] > git for-each-ref --sort -committerdate --format %(refname)%00%(objectname)%00%(*objectname) [1ms]
2025-06-10 21:38:14.430 [info] > git config --get commit.template [12ms]
2025-06-10 21:38:14.431 [info] > git for-each-ref --format=%(refname)%00%(upstream:short)%00%(objectname)%00%(upstream:track)%00%(upstream:remotename)%00%(upstream:remoteref) refs/heads/b1 refs/remotes/b1 [1ms]
2025-06-10 21:38:14.449 [info] > git status -z -uall [11ms]
2025-06-10 21:38:14.450 [info] > git for-each-ref --sort -committerdate --format %(refname)%00%(objectname)%00%(*objectname) [2ms]
2025-06-10 21:38:19.466 [info] > git config --get commit.template [8ms]
2025-06-10 21:38:19.466 [info] > git for-each-ref --format=%(refname)%00%(upstream:short)%00%(objectname)%00%(upstream:track)%00%(upstream:remotename)%00%(upstream:remoteref) refs/heads/b1 refs/remotes/b1 [1ms]
2025-06-10 21:38:19.481 [info] > git status -z -uall [7ms]
2025-06-10 21:38:19.481 [info] > git for-each-ref --sort -committerdate --format %(refname)%00%(objectname)%00%(*objectname) [1ms]
2025-06-10 21:38:19.505 [info] > git log --format=%H%n%aN%n%aE%n%at%n%ct%n%P%n%D%n%B -z --shortstat --diff-merges=first-parent -n50 --skip=0 --topo-order --decorate=full --stdin [7ms]
2025-06-10 21:38:19.799 [info] > git show --textconv :stringProblems/longestSubStrNoRpt.cpp [8ms]
2025-06-10 21:38:19.800 [info] > git ls-files --stage -- stringProblems/longestSubStrNoRpt.cpp [1ms]
2025-06-10 21:38:19.809 [info] > git cat-file -s 863f58fd368daed5c3bbf5563a857bec39384a80 [1ms]
2025-06-10 21:38:19.821 [info] > git blame --root --incremental 26e9885b970504cc0bc76f57634b3196d114ab4b -- stringProblems/longestSubStrNoRpt.cpp [1ms]
2025-06-10 22:02:08.139 [info] > git show --textconv :arrayProblems/maxSubarPdt.cpp [14ms]
2025-06-10 22:02:08.141 [info] > git ls-files --stage -- arrayProblems/maxSubarPdt.cpp [3ms]
2025-06-10 22:02:08.151 [info] > git cat-file -s 753f4ee9cbc272a3e2e8740d7b5eae6de23451fe [1ms]
2025-06-10 22:02:37.869 [info] > git show --textconv :arrayProblems/maxSubarSum.cpp [13ms]
2025-06-10 22:02:37.870 [info] > git ls-files --stage -- arrayProblems/maxSubarSum.cpp [2ms]
2025-06-10 22:02:37.883 [info] > git cat-file -s 5993deae8895d669aef9685731bf351918f2d363 [1ms]
2025-06-10 22:03:33.498 [info] > git show --textconv :stringProblems/anagram.cpp [22ms]
2025-06-10 22:03:33.498 [info] > git ls-files --stage -- stringProblems/anagram.cpp [1ms]
2025-06-10 22:03:33.513 [info] > git cat-file -s cb1c60ed4a8b196b6965cebf56c97bacd8761bcd [1ms]
2025-06-10 22:03:45.209 [info] > git show --textconv :stringProblems/longestSubStrNoRpt.cpp [13ms]
2025-06-10 22:03:45.210 [info] > git ls-files --stage -- stringProblems/longestSubStrNoRpt.cpp [1ms]
2025-06-10 22:03:45.219 [info] > git cat-file -s 863f58fd368daed5c3bbf5563a857bec39384a80 [2ms]
2025-06-10 22:05:51.426 [info] > git config --get commit.template [1ms]
2025-06-10 22:05:51.448 [info] > git for-each-ref --format=%(refname)%00%(upstream:short)%00%(objectname)%00%(upstream:track)%00%(upstream:remotename)%00%(upstream:remoteref) refs/heads/b1 refs/remotes/b1 [9ms]
2025-06-10 22:05:51.469 [info] > git status -z -uall [12ms]
2025-06-10 22:05:51.471 [info] > git for-each-ref --sort -committerdate --format %(refname)%00%(objectname)%00%(*objectname) [2ms]
2025-06-10 22:06:01.276 [info] > git config --get commit.template [13ms]
2025-06-10 22:06:01.276 [info] > git for-each-ref --format=%(refname)%00%(upstream:short)%00%(objectname)%00%(upstream:track)%00%(upstream:remotename)%00%(upstream:remoteref) refs/heads/b1 refs/remotes/b1 [1ms]
2025-06-10 22:06:01.296 [info] > git status -z -uall [9ms]
2025-06-10 22:06:01.297 [info] > git for-each-ref --sort -committerdate --format %(refname)%00%(objectname)%00%(*objectname) [1ms]
2025-06-10 22:06:19.918 [info] > git config --get commit.template [10ms]
2025-06-10 22:06:19.919 [info] > git for-each-ref --format=%(refname)%00%(upstream:short)%00%(objectname)%00%(upstream:track)%00%(upstream:remotename)%00%(upstream:remoteref) refs/heads/b1 refs/remotes/b1 [1ms]
2025-06-10 22:06:19.937 [info] > git status -z -uall [12ms]
2025-06-10 22:06:19.938 [info] > git for-each-ref --sort -committerdate --format %(refname)%00%(objectname)%00%(*objectname) [1ms]
2025-06-10 22:06:36.349 [info] > git config --get commit.template [11ms]
2025-06-10 22:06:36.350 [info] > git for-each-ref --format=%(refname)%00%(upstream:short)%00%(objectname)%00%(upstream:track)%00%(upstream:remotename)%00%(upstream:remoteref) refs/heads/b1 refs/remotes/b1 [1ms]
2025-06-10 22:06:36.373 [info] > git status -z -uall [16ms]
2025-06-10 22:06:36.374 [info] > git for-each-ref --sort -committerdate --format %(refname)%00%(objectname)%00%(*objectname) [2ms]
2025-06-10 22:06:37.831 [info] > git ls-files --stage -- stringProblems/longestSubStrNoRpt.cpp [1ms]
2025-06-10 22:06:37.839 [info] > git cat-file -s fa14e5bb4d4dad0cf43f200d5a91ad06795aaa09 [1ms]
2025-06-10 22:06:37.848 [info] > git show --textconv :stringProblems/longestSubStrNoRpt.cpp [1ms]
2025-06-10 22:06:41.392 [info] > git config --get commit.template [7ms]
2025-06-10 22:06:41.393 [info] > git for-each-ref --format=%(refname)%00%(upstream:short)%00%(objectname)%00%(upstream:track)%00%(upstream:remotename)%00%(upstream:remoteref) refs/heads/b1 refs/remotes/b1 [1ms]
2025-06-10 22:06:41.408 [info] > git status -z -uall [8ms]
2025-06-10 22:06:41.409 [info] > git for-each-ref --sort -committerdate --format %(refname)%00%(objectname)%00%(*objectname) [1ms]
2025-06-10 22:06:41.432 [info] > git blame --root --incremental 013617dd4bc3ee1fbdfd55ea80a072c842895761 -- stringProblems/longestSubStrNoRpt.cpp [14ms]
2025-06-10 22:06:41.439 [info] > git log --format=%H%n%aN%n%aE%n%at%n%ct%n%P%n%D%n%B -z --shortstat --diff-merges=first-parent -n50 --skip=0 --topo-order --decorate=full --stdin [8ms]
2025-06-10 22:52:44.766 [info] > git config --get commit.template [12ms]
2025-06-10 22:52:44.766 [info] > git for-each-ref --format=%(refname)%00%(upstream:short)%00%(objectname)%00%(upstream:track)%00%(upstream:remotename)%00%(upstream:remoteref) refs/heads/b1 refs/remotes/b1 [1ms]
2025-06-10 22:52:44.785 [info] > git status -z -uall [8ms]
2025-06-10 22:52:44.786 [info] > git for-each-ref --sort -committerdate --format %(refname)%00%(objectname)%00%(*objectname) [1ms]
2025-06-10 22:52:49.813 [info] > git config --get commit.template [12ms]
2025-06-10 22:52:49.813 [info] > git for-each-ref --format=%(refname)%00%(upstream:short)%00%(objectname)%00%(upstream:track)%00%(upstream:remotename)%00%(upstream:remoteref) refs/heads/b1 refs/remotes/b1 [1ms]
2025-06-10 22:52:49.834 [info] > git status -z -uall [10ms]
2025-06-10 22:52:49.835 [info] > git for-each-ref --sort -committerdate --format %(refname)%00%(objectname)%00%(*objectname) [1ms]
2025-06-10 22:53:00.776 [info] > git config --get commit.template [14ms]
2025-06-10 22:53:00.777 [info] > git for-each-ref --format=%(refname)%00%(upstream:short)%00%(objectname)%00%(upstream:track)%00%(upstream:remotename)%00%(upstream:remoteref) refs/heads/b1 refs/remotes/b1 [3ms]
2025-06-10 22:53:00.795 [info] > git status -z -uall [12ms]
2025-06-10 22:53:00.796 [info] > git for-each-ref --sort -committerdate --format %(refname)%00%(objectname)%00%(*objectname) [2ms]
2025-06-10 22:53:02.640 [info] > git ls-files --stage -- stringProblems/longestSubStrNoRpt.cpp [0ms]
2025-06-10 22:53:02.647 [info] > git cat-file -s d4f6a0f2934b1078127e4ac2aff1dc382b5e316c [1ms]
2025-06-10 22:53:02.656 [info] > git show --textconv :stringProblems/longestSubStrNoRpt.cpp [1ms]
2025-06-10 22:53:05.813 [info] > git config --get commit.template [8ms]
2025-06-10 22:53:05.813 [info] > git for-each-ref --format=%(refname)%00%(upstream:short)%00%(objectname)%00%(upstream:track)%00%(upstream:remotename)%00%(upstream:remoteref) refs/heads/b1 refs/remotes/b1 [0ms]
2025-06-10 22:53:05.828 [info] > git status -z -uall [9ms]
2025-06-10 22:53:05.828 [info] > git for-each-ref --sort -committerdate --format %(refname)%00%(objectname)%00%(*objectname) [1ms]
2025-06-10 22:53:05.842 [info] > git blame --root --incremental 738020efc30bf1b2dc8c46be0e57aa651241c087 -- stringProblems/longestSubStrNoRpt.cpp [3ms]
2025-06-10 22:53:05.861 [info] > git log --format=%H%n%aN%n%aE%n%at%n%ct%n%P%n%D%n%B -z --shortstat --diff-merges=first-parent -n50 --skip=0 --topo-order --decorate=full --stdin [10ms]
2025-06-10 22:54:19.432 [info] > git show --textconv :arrayProblems/maxSubarPdt.cpp [14ms]
2025-06-10 22:54:19.433 [info] > git ls-files --stage -- arrayProblems/maxSubarPdt.cpp [3ms]
2025-06-10 22:54:19.444 [info] > git cat-file -s 753f4ee9cbc272a3e2e8740d7b5eae6de23451fe [2ms]
2025-06-10 22:54:20.829 [info] > git show --textconv :arrayProblems/rotateRK.cpp [11ms]
2025-06-10 22:54:20.830 [info] > git ls-files --stage -- arrayProblems/rotateRK.cpp [2ms]
2025-06-10 22:54:20.842 [info] > git cat-file -s a3620092bdbc76004f5d5b2aa0d402059300913f [3ms]
2025-06-10 22:54:23.261 [info] > git show --textconv :arrayProblems/majorityEl.cpp [11ms]
2025-06-10 22:54:23.262 [info] > git ls-files --stage -- arrayProblems/majorityEl.cpp [2ms]
2025-06-10 22:54:23.273 [info] > git cat-file -s d109208101a500e30ab75fb3add07ec92476c204 [1ms]
2025-06-10 22:54:23.299 [info] > git blame --root --incremental 738020efc30bf1b2dc8c46be0e57aa651241c087 -- arrayProblems/majorityEl.cpp [4ms]
2025-06-10 22:54:25.984 [info] > git show --textconv :stringProblems/largestOdd.cpp [14ms]
2025-06-10 22:54:25.985 [info] > git ls-files --stage -- stringProblems/largestOdd.cpp [1ms]
2025-06-10 22:54:25.999 [info] > git cat-file -s 6ee0bfac7eefe2d8f8590d2fef0d71954377151f [3ms]
2025-06-10 22:54:26.016 [info] > git blame --root --incremental 738020efc30bf1b2dc8c46be0e57aa651241c087 -- stringProblems/largestOdd.cpp [2ms]
2025-06-10 22:54:26.868 [info] > git show --textconv :stringProblems/longestCommonPrefix.cpp [15ms]
2025-06-10 22:54:26.868 [info] > git ls-files --stage -- stringProblems/longestCommonPrefix.cpp [1ms]
2025-06-10 22:54:26.880 [info] > git cat-file -s 1b29550702a7c93e6fdeedb4522c7c3b9311ecd6 [3ms]
2025-06-10 22:54:26.893 [info] > git blame --root --incremental 738020efc30bf1b2dc8c46be0e57aa651241c087 -- stringProblems/longestCommonPrefix.cpp [3ms]
2025-06-10 22:54:28.709 [info] > git show --textconv :stringProblems/longestSubStrNoRpt.cpp [9ms]
2025-06-10 22:54:28.710 [info] > git ls-files --stage -- stringProblems/longestSubStrNoRpt.cpp [1ms]
2025-06-10 22:54:28.719 [info] > git cat-file -s d4f6a0f2934b1078127e4ac2aff1dc382b5e316c [1ms]
2025-06-10 22:55:04.877 [info] > git show --textconv :stringProblems/anagram.cpp [13ms]
2025-06-10 22:55:04.878 [info] > git ls-files --stage -- stringProblems/anagram.cpp [1ms]
2025-06-10 22:55:04.888 [info] > git cat-file -s cb1c60ed4a8b196b6965cebf56c97bacd8761bcd [3ms]
2025-06-10 22:55:18.883 [info] > git show --textconv :stringProblems/longestSubStrNoRpt.cpp [8ms]
2025-06-10 22:55:18.884 [info] > git ls-files --stage -- stringProblems/longestSubStrNoRpt.cpp [2ms]
2025-06-10 22:55:18.896 [info] > git cat-file -s d4f6a0f2934b1078127e4ac2aff1dc382b5e316c [0ms]
2025-06-10 22:55:22.213 [info] > git show --textconv :stringProblems/longestCommonPrefix.cpp [12ms]
2025-06-10 22:55:22.214 [info] > git ls-files --stage -- stringProblems/longestCommonPrefix.cpp [2ms]
2025-06-10 22:55:22.225 [info] > git cat-file -s 1b29550702a7c93e6fdeedb4522c7c3b9311ecd6 [1ms]
2025-06-10 22:59:00.069 [info] > git show --textconv :arrayProblems/maxSubarSum.cpp [13ms]
2025-06-10 22:59:00.070 [info] > git ls-files --stage -- arrayProblems/maxSubarSum.cpp [1ms]
2025-06-10 22:59:00.083 [info] > git cat-file -s 5993deae8895d669aef9685731bf351918f2d363 [2ms]
2025-06-10 22:59:26.226 [info] > git show --textconv :arrayProblems/majorityEl.cpp [14ms]
2025-06-10 22:59:26.227 [info] > git ls-files --stage -- arrayProblems/majorityEl.cpp [4ms]
2025-06-10 22:59:26.238 [info] > git cat-file -s d109208101a500e30ab75fb3add07ec92476c204 [1ms]
2025-06-10 22:59:27.376 [info] > git show --textconv :arrayProblems/isSorted.cpp [15ms]
2025-06-10 22:59:27.377 [info] > git ls-files --stage -- arrayProblems/isSorted.cpp [3ms]
2025-06-10 22:59:27.385 [info] > git cat-file -s bb6f11ce693ab9c77db21eed2bcd80e76c40382c [1ms]
2025-06-10 22:59:35.979 [info] > git show --textconv :stringProblems/longestSubStrNoRpt.cpp [14ms]
2025-06-10 22:59:35.979 [info] > git ls-files --stage -- stringProblems/longestSubStrNoRpt.cpp [1ms]
2025-06-10 22:59:35.991 [info] > git cat-file -s d4f6a0f2934b1078127e4ac2aff1dc382b5e316c [1ms]
