2025-06-11 01:02:35.702 [info] [main] Log level: Info
2025-06-11 01:02:35.702 [info] [main] Validating found git in: "git"
2025-06-11 01:02:35.702 [info] [main] Using git "2.43.0" from "git"
2025-06-11 01:02:35.702 [info] [Model][doInitialScan] Initial repository scan started
2025-06-11 01:02:35.702 [info] > git rev-parse --show-toplevel [257ms]
2025-06-11 01:02:35.702 [info] > git rev-parse --git-dir --git-common-dir [60ms]
2025-06-11 01:02:35.702 [info] [Model][openRepository] Opened repository (path): /home/sammy/Desktop/temp/hello-world
2025-06-11 01:02:35.702 [info] [Model][openRepository] Opened repository (real path): /home/sammy/Desktop/temp/hello-world
2025-06-11 01:02:35.704 [info] > git rev-parse --show-toplevel [49ms]
2025-06-11 01:02:35.705 [info] > git config --get commit.template [58ms]
2025-06-11 01:02:35.764 [info] > git rev-parse --show-toplevel [25ms]
2025-06-11 01:02:35.774 [info] > git for-each-ref --format=%(refname)%00%(upstream:short)%00%(objectname)%00%(upstream:track)%00%(upstream:remotename)%00%(upstream:remoteref) refs/heads/b1 refs/remotes/b1 [13ms]
2025-06-11 01:02:35.802 [info] > git status -z -uall [15ms]
2025-06-11 01:02:35.803 [info] > git for-each-ref --sort -committerdate --format %(refname)%00%(objectname)%00%(*objectname) [3ms]
2025-06-11 01:02:35.832 [info] > git rev-parse --show-toplevel [59ms]
2025-06-11 01:02:35.847 [info] > git for-each-ref --format=%(refname)%00%(upstream:short)%00%(objectname)%00%(upstream:track)%00%(upstream:remotename)%00%(upstream:remoteref) refs/heads/b1 refs/remotes/b1 [20ms]
2025-06-11 01:02:35.870 [info] > git config --get --local branch.b1.vscode-merge-base [14ms]
2025-06-11 01:02:35.879 [info] > git config --get commit.template [35ms]
2025-06-11 01:02:35.882 [info] > git for-each-ref --format=%(refname)%00%(upstream:short)%00%(objectname)%00%(upstream:track)%00%(upstream:remotename)%00%(upstream:remoteref) refs/heads/origin/main refs/remotes/origin/main [4ms]
2025-06-11 01:02:35.883 [info] > git rev-parse --show-toplevel [16ms]
2025-06-11 01:02:35.904 [info] > git for-each-ref --format=%(refname)%00%(upstream:short)%00%(objectname)%00%(upstream:track)%00%(upstream:remotename)%00%(upstream:remoteref) refs/heads/b1 refs/remotes/b1 [11ms]
2025-06-11 01:02:35.924 [info] > git status -z -uall [10ms]
2025-06-11 01:02:35.925 [info] > git for-each-ref --sort -committerdate --format %(refname)%00%(objectname)%00%(*objectname) [4ms]
2025-06-11 01:02:35.928 [info] > git rev-parse --show-toplevel [26ms]
2025-06-11 01:02:35.952 [info] > git rev-parse --show-toplevel [16ms]
2025-06-11 01:02:35.954 [info] [Model][doInitialScan] Initial repository scan completed - repositories (1), closed repositories (0), parent repositories (0), unsafe repositories (0)
2025-06-11 01:02:35.990 [info] > git show --textconv :stringProblems/longestSubStrNoRpt.cpp [26ms]
2025-06-11 01:02:35.998 [info] > git ls-files --stage -- stringProblems/longestSubStrNoRpt.cpp [28ms]
2025-06-11 01:02:36.013 [info] > git cat-file -s d4f6a0f2934b1078127e4ac2aff1dc382b5e316c [9ms]
2025-06-11 01:02:36.084 [info] > git blame --root --incremental 738020efc30bf1b2dc8c46be0e57aa651241c087 -- stringProblems/longestSubStrNoRpt.cpp [2ms]
2025-06-11 01:02:36.218 [info] > git check-ignore -v -z --stdin [1ms]
