2025-06-10 14:25:32.279 [info] [main] Log level: Info
2025-06-10 14:25:32.279 [info] [main] Validating found git in: "git"
2025-06-10 14:25:32.279 [info] [main] Using git "2.43.0" from "git"
2025-06-10 14:25:32.279 [info] [Model][doInitialScan] Initial repository scan started
2025-06-10 14:25:32.279 [info] > git rev-parse --show-toplevel [179ms]
2025-06-10 14:25:32.279 [info] > git rev-parse --git-dir --git-common-dir [77ms]
2025-06-10 14:25:32.279 [info] [Model][openRepository] Opened repository (path): /home/sammy/Desktop/temp/hello-world
2025-06-10 14:25:32.279 [info] [Model][openRepository] Opened repository (real path): /home/sammy/Desktop/temp/hello-world
2025-06-10 14:25:32.280 [info] > git rev-parse --show-toplevel [40ms]
2025-06-10 14:25:32.281 [info] > git config --get commit.template [46ms]
2025-06-10 14:25:32.400 [info] > git rev-parse --show-toplevel [72ms]
2025-06-10 14:25:32.414 [info] > git for-each-ref --format=%(refname)%00%(upstream:short)%00%(objectname)%00%(upstream:track)%00%(upstream:remotename)%00%(upstream:remoteref) refs/heads/b1 refs/remotes/b1 [32ms]
2025-06-10 14:25:32.440 [info] > git status -z -uall [18ms]
2025-06-10 14:25:32.441 [info] > git for-each-ref --sort -committerdate --format %(refname)%00%(objectname)%00%(*objectname) [7ms]
2025-06-10 14:25:32.479 [info] > git rev-parse --show-toplevel [66ms]
2025-06-10 14:25:32.507 [info] > git for-each-ref --format=%(refname)%00%(upstream:short)%00%(objectname)%00%(upstream:track)%00%(upstream:remotename)%00%(upstream:remoteref) refs/heads/b1 refs/remotes/b1 [36ms]
2025-06-10 14:25:32.526 [info] > git rev-parse --show-toplevel [21ms]
2025-06-10 14:25:32.527 [info] > git config --get commit.template [32ms]
2025-06-10 14:25:32.542 [info] > git config --get --local branch.b1.vscode-merge-base [23ms]
2025-06-10 14:25:32.566 [info] > git for-each-ref --format=%(refname)%00%(upstream:short)%00%(objectname)%00%(upstream:track)%00%(upstream:remotename)%00%(upstream:remoteref) refs/heads/origin/main refs/remotes/origin/main [14ms]
2025-06-10 14:25:32.568 [info] > git rev-parse --show-toplevel [28ms]
2025-06-10 14:25:32.570 [info] [Model][doInitialScan] Initial repository scan completed - repositories (1), closed repositories (0), parent repositories (0), unsafe repositories (0)
2025-06-10 14:25:32.593 [info] > git for-each-ref --format=%(refname)%00%(upstream:short)%00%(objectname)%00%(upstream:track)%00%(upstream:remotename)%00%(upstream:remoteref) refs/heads/b1 refs/remotes/b1 [29ms]
2025-06-10 14:25:32.613 [info] > git status -z -uall [11ms]
2025-06-10 14:25:32.666 [info] > git show --textconv :arrayProblems/maxSubarSum.cpp [29ms]
2025-06-10 14:25:32.667 [info] > git ls-files --stage -- arrayProblems/maxSubarSum.cpp [23ms]
2025-06-10 14:25:32.672 [info] > git for-each-ref --sort -committerdate --format %(refname)%00%(objectname)%00%(*objectname) [62ms]
2025-06-10 14:25:32.685 [info] > git cat-file -s e69de29bb2d1d6434b8b29ae775ad8c2e48c5391 [13ms]
2025-06-10 14:25:32.740 [info] > git blame --root --incremental c11953796eb572e630bbacbee4505a947e8b6b8d -- arrayProblems/maxSubarSum.cpp [2ms]
2025-06-10 14:25:33.190 [info] > git check-ignore -v -z --stdin [53ms]
2025-06-10 14:27:36.919 [info] > git config --get commit.template [11ms]
2025-06-10 14:27:36.919 [info] > git for-each-ref --format=%(refname)%00%(upstream:short)%00%(objectname)%00%(upstream:track)%00%(upstream:remotename)%00%(upstream:remoteref) refs/heads/b1 refs/remotes/b1 [2ms]
2025-06-10 14:27:36.936 [info] > git status -z -uall [7ms]
2025-06-10 14:27:36.937 [info] > git for-each-ref --sort -committerdate --format %(refname)%00%(objectname)%00%(*objectname) [2ms]
2025-06-10 14:27:53.653 [info] > git config --get commit.template [10ms]
2025-06-10 14:27:53.654 [info] > git for-each-ref --format=%(refname)%00%(upstream:short)%00%(objectname)%00%(upstream:track)%00%(upstream:remotename)%00%(upstream:remoteref) refs/heads/b1 refs/remotes/b1 [2ms]
2025-06-10 14:27:53.669 [info] > git status -z -uall [9ms]
2025-06-10 14:27:53.670 [info] > git for-each-ref --sort -committerdate --format %(refname)%00%(objectname)%00%(*objectname) [2ms]
2025-06-10 14:34:07.868 [info] > git config --get commit.template [5ms]
2025-06-10 14:34:07.869 [info] > git for-each-ref --format=%(refname)%00%(upstream:short)%00%(objectname)%00%(upstream:track)%00%(upstream:remotename)%00%(upstream:remoteref) refs/heads/b1 refs/remotes/b1 [0ms]
2025-06-10 14:34:07.883 [info] > git status -z -uall [7ms]
2025-06-10 14:34:07.883 [info] > git for-each-ref --sort -committerdate --format %(refname)%00%(objectname)%00%(*objectname) [1ms]
2025-06-10 14:34:15.382 [info] > git config --get commit.template [12ms]
2025-06-10 14:34:15.383 [info] > git for-each-ref --format=%(refname)%00%(upstream:short)%00%(objectname)%00%(upstream:track)%00%(upstream:remotename)%00%(upstream:remoteref) refs/heads/b1 refs/remotes/b1 [2ms]
2025-06-10 14:34:15.400 [info] > git status -z -uall [9ms]
2025-06-10 14:34:15.401 [info] > git for-each-ref --sort -committerdate --format %(refname)%00%(objectname)%00%(*objectname) [2ms]
2025-06-10 14:34:57.465 [info] > git config --get commit.template [12ms]
2025-06-10 14:34:57.466 [info] > git for-each-ref --format=%(refname)%00%(upstream:short)%00%(objectname)%00%(upstream:track)%00%(upstream:remotename)%00%(upstream:remoteref) refs/heads/b1 refs/remotes/b1 [2ms]
2025-06-10 14:34:57.481 [info] > git status -z -uall [8ms]
2025-06-10 14:34:57.482 [info] > git for-each-ref --sort -committerdate --format %(refname)%00%(objectname)%00%(*objectname) [1ms]
2025-06-10 14:35:02.502 [info] > git config --get commit.template [7ms]
2025-06-10 14:35:02.503 [info] > git for-each-ref --format=%(refname)%00%(upstream:short)%00%(objectname)%00%(upstream:track)%00%(upstream:remotename)%00%(upstream:remoteref) refs/heads/b1 refs/remotes/b1 [2ms]
2025-06-10 14:35:02.519 [info] > git status -z -uall [7ms]
2025-06-10 14:35:02.521 [info] > git for-each-ref --sort -committerdate --format %(refname)%00%(objectname)%00%(*objectname) [2ms]
2025-06-10 14:37:53.210 [info] > git config --get commit.template [12ms]
2025-06-10 14:37:53.210 [info] > git for-each-ref --format=%(refname)%00%(upstream:short)%00%(objectname)%00%(upstream:track)%00%(upstream:remotename)%00%(upstream:remoteref) refs/heads/b1 refs/remotes/b1 [1ms]
2025-06-10 14:37:53.226 [info] > git status -z -uall [11ms]
2025-06-10 14:37:53.226 [info] > git for-each-ref --sort -committerdate --format %(refname)%00%(objectname)%00%(*objectname) [1ms]
2025-06-10 14:37:58.240 [info] > git config --get commit.template [6ms]
2025-06-10 14:37:58.241 [info] > git for-each-ref --format=%(refname)%00%(upstream:short)%00%(objectname)%00%(upstream:track)%00%(upstream:remotename)%00%(upstream:remoteref) refs/heads/b1 refs/remotes/b1 [1ms]
2025-06-10 14:37:58.252 [info] > git status -z -uall [6ms]
2025-06-10 14:37:58.252 [info] > git for-each-ref --sort -committerdate --format %(refname)%00%(objectname)%00%(*objectname) [1ms]
2025-06-10 14:51:06.263 [info] > git config --get commit.template [7ms]
2025-06-10 14:51:06.263 [info] > git for-each-ref --format=%(refname)%00%(upstream:short)%00%(objectname)%00%(upstream:track)%00%(upstream:remotename)%00%(upstream:remoteref) refs/heads/b1 refs/remotes/b1 [1ms]
2025-06-10 14:51:06.282 [info] > git status -z -uall [10ms]
2025-06-10 14:51:06.283 [info] > git for-each-ref --sort -committerdate --format %(refname)%00%(objectname)%00%(*objectname) [3ms]
2025-06-10 14:51:11.298 [info] > git config --get commit.template [6ms]
2025-06-10 14:51:11.298 [info] > git for-each-ref --format=%(refname)%00%(upstream:short)%00%(objectname)%00%(upstream:track)%00%(upstream:remotename)%00%(upstream:remoteref) refs/heads/b1 refs/remotes/b1 [1ms]
2025-06-10 14:51:11.312 [info] > git status -z -uall [7ms]
2025-06-10 14:51:11.312 [info] > git for-each-ref --sort -committerdate --format %(refname)%00%(objectname)%00%(*objectname) [1ms]
2025-06-10 14:52:49.061 [info] > git config --get commit.template [10ms]
2025-06-10 14:52:49.061 [info] > git for-each-ref --format=%(refname)%00%(upstream:short)%00%(objectname)%00%(upstream:track)%00%(upstream:remotename)%00%(upstream:remoteref) refs/heads/b1 refs/remotes/b1 [1ms]
2025-06-10 14:52:49.078 [info] > git status -z -uall [11ms]
2025-06-10 14:52:49.079 [info] > git for-each-ref --sort -committerdate --format %(refname)%00%(objectname)%00%(*objectname) [1ms]
2025-06-10 14:52:54.092 [info] > git config --get commit.template [6ms]
2025-06-10 14:52:54.092 [info] > git for-each-ref --format=%(refname)%00%(upstream:short)%00%(objectname)%00%(upstream:track)%00%(upstream:remotename)%00%(upstream:remoteref) refs/heads/b1 refs/remotes/b1 [0ms]
2025-06-10 14:52:54.104 [info] > git status -z -uall [6ms]
2025-06-10 14:52:54.105 [info] > git for-each-ref --sort -committerdate --format %(refname)%00%(objectname)%00%(*objectname) [1ms]
2025-06-10 14:53:02.085 [info] > git config --get commit.template [6ms]
2025-06-10 14:53:02.086 [info] > git for-each-ref --format=%(refname)%00%(upstream:short)%00%(objectname)%00%(upstream:track)%00%(upstream:remotename)%00%(upstream:remoteref) refs/heads/b1 refs/remotes/b1 [1ms]
2025-06-10 14:53:02.101 [info] > git status -z -uall [7ms]
2025-06-10 14:53:02.103 [info] > git for-each-ref --sort -committerdate --format %(refname)%00%(objectname)%00%(*objectname) [3ms]
2025-06-10 14:53:07.118 [info] > git config --get commit.template [5ms]
2025-06-10 14:53:07.118 [info] > git for-each-ref --format=%(refname)%00%(upstream:short)%00%(objectname)%00%(upstream:track)%00%(upstream:remotename)%00%(upstream:remoteref) refs/heads/b1 refs/remotes/b1 [1ms]
2025-06-10 14:53:07.129 [info] > git status -z -uall [6ms]
2025-06-10 14:53:07.130 [info] > git for-each-ref --sort -committerdate --format %(refname)%00%(objectname)%00%(*objectname) [1ms]
2025-06-10 14:54:03.560 [info] > git config --get commit.template [7ms]
2025-06-10 14:54:03.560 [info] > git for-each-ref --format=%(refname)%00%(upstream:short)%00%(objectname)%00%(upstream:track)%00%(upstream:remotename)%00%(upstream:remoteref) refs/heads/b1 refs/remotes/b1 [1ms]
2025-06-10 14:54:03.576 [info] > git status -z -uall [7ms]
2025-06-10 14:54:03.577 [info] > git for-each-ref --sort -committerdate --format %(refname)%00%(objectname)%00%(*objectname) [2ms]
2025-06-10 14:54:19.335 [info] > git config --get commit.template [10ms]
2025-06-10 14:54:19.336 [info] > git for-each-ref --format=%(refname)%00%(upstream:short)%00%(objectname)%00%(upstream:track)%00%(upstream:remotename)%00%(upstream:remoteref) refs/heads/b1 refs/remotes/b1 [1ms]
2025-06-10 14:54:19.353 [info] > git status -z -uall [12ms]
2025-06-10 14:54:19.354 [info] > git for-each-ref --sort -committerdate --format %(refname)%00%(objectname)%00%(*objectname) [2ms]
2025-06-10 14:54:30.014 [info] > git config --get commit.template [2ms]
2025-06-10 14:54:30.020 [info] > git for-each-ref --format=%(refname)%00%(upstream:short)%00%(objectname)%00%(upstream:track)%00%(upstream:remotename)%00%(upstream:remoteref) refs/heads/b1 refs/remotes/b1 [1ms]
2025-06-10 14:54:30.031 [info] > git status -z -uall [6ms]
2025-06-10 14:54:30.032 [info] > git for-each-ref --sort -committerdate --format %(refname)%00%(objectname)%00%(*objectname) [2ms]
2025-06-10 14:55:43.028 [info] > git config --get commit.template [6ms]
2025-06-10 14:55:43.029 [info] > git for-each-ref --format=%(refname)%00%(upstream:short)%00%(objectname)%00%(upstream:track)%00%(upstream:remotename)%00%(upstream:remoteref) refs/heads/b1 refs/remotes/b1 [1ms]
2025-06-10 14:55:43.045 [info] > git status -z -uall [10ms]
2025-06-10 14:55:43.045 [info] > git for-each-ref --sort -committerdate --format %(refname)%00%(objectname)%00%(*objectname) [1ms]
2025-06-10 14:56:10.563 [info] > git config --get commit.template [6ms]
2025-06-10 14:56:10.563 [info] > git for-each-ref --format=%(refname)%00%(upstream:short)%00%(objectname)%00%(upstream:track)%00%(upstream:remotename)%00%(upstream:remoteref) refs/heads/b1 refs/remotes/b1 [1ms]
2025-06-10 14:56:10.581 [info] > git status -z -uall [8ms]
2025-06-10 14:56:10.582 [info] > git for-each-ref --sort -committerdate --format %(refname)%00%(objectname)%00%(*objectname) [1ms]
2025-06-10 14:56:15.598 [info] > git config --get commit.template [7ms]
2025-06-10 14:56:15.599 [info] > git for-each-ref --format=%(refname)%00%(upstream:short)%00%(objectname)%00%(upstream:track)%00%(upstream:remotename)%00%(upstream:remoteref) refs/heads/b1 refs/remotes/b1 [2ms]
2025-06-10 14:56:15.615 [info] > git status -z -uall [8ms]
2025-06-10 14:56:15.616 [info] > git for-each-ref --sort -committerdate --format %(refname)%00%(objectname)%00%(*objectname) [2ms]
2025-06-10 14:57:00.161 [info] > git log --format=%H%n%aN%n%aE%n%at%n%ct%n%P%n%D%n%B -z --shortstat --diff-merges=first-parent -n50 --skip=0 --topo-order --decorate=full --stdin [72ms]
2025-06-10 14:57:00.694 [info] > git check-ignore -v -z --stdin [1ms]
2025-06-10 14:57:40.618 [info] > git config --get commit.template [6ms]
2025-06-10 14:57:40.619 [info] > git for-each-ref --format=%(refname)%00%(upstream:short)%00%(objectname)%00%(upstream:track)%00%(upstream:remotename)%00%(upstream:remoteref) refs/heads/b1 refs/remotes/b1 [1ms]
2025-06-10 14:57:40.635 [info] > git status -z -uall [7ms]
2025-06-10 14:57:40.638 [info] > git for-each-ref --sort -committerdate --format %(refname)%00%(objectname)%00%(*objectname) [4ms]
2025-06-10 14:57:42.943 [info] > git ls-files --stage -- arrayProblems/maxSubarSum.cpp [1ms]
2025-06-10 14:57:42.950 [info] > git cat-file -s 5993deae8895d669aef9685731bf351918f2d363 [2ms]
2025-06-10 14:57:42.957 [info] > git show --textconv :arrayProblems/maxSubarSum.cpp [2ms]
2025-06-10 14:57:45.653 [info] > git config --get commit.template [6ms]
2025-06-10 14:57:45.653 [info] > git for-each-ref --format=%(refname)%00%(upstream:short)%00%(objectname)%00%(upstream:track)%00%(upstream:remotename)%00%(upstream:remoteref) refs/heads/b1 refs/remotes/b1 [1ms]
2025-06-10 14:57:45.664 [info] > git status -z -uall [6ms]
2025-06-10 14:57:45.665 [info] > git for-each-ref --sort -committerdate --format %(refname)%00%(objectname)%00%(*objectname) [2ms]
2025-06-10 14:57:45.688 [info] > git log --format=%H%n%aN%n%aE%n%at%n%ct%n%P%n%D%n%B -z --shortstat --diff-merges=first-parent -n50 --skip=0 --topo-order --decorate=full --stdin [7ms]
2025-06-10 14:59:11.101 [info] > git show --textconv :arrayProblems/missingNo.cpp [11ms]
2025-06-10 14:59:11.102 [info] > git ls-files --stage -- arrayProblems/missingNo.cpp [3ms]
2025-06-10 14:59:11.113 [info] > git cat-file -s 78ee841b4678529b3aca90061802c686ba3a545b [2ms]
2025-06-10 14:59:11.130 [info] > git blame --root --incremental db87ca7566cd94f0702323b1c4a7f73401d263ef -- arrayProblems/missingNo.cpp [3ms]
2025-06-10 14:59:16.134 [info] > git show --textconv :arrayProblems/0s1s2s.cpp [10ms]
2025-06-10 14:59:16.135 [info] > git ls-files --stage -- arrayProblems/0s1s2s.cpp [1ms]
2025-06-10 14:59:16.145 [info] > git cat-file -s be69cc8fa1bff320e76a447cbca6c63d34526a0b [2ms]
2025-06-10 14:59:40.897 [info] > git show --textconv :arrayProblems/2Sum.cpp [12ms]
2025-06-10 14:59:40.897 [info] > git ls-files --stage -- arrayProblems/2Sum.cpp [1ms]
2025-06-10 14:59:40.907 [info] > git cat-file -s 9342b033633943aa0afbabd8f663f48c59791a51 [2ms]
2025-06-10 15:00:10.990 [info] > git blame --root --incremental db87ca7566cd94f0702323b1c4a7f73401d263ef -- arrayProblems/2Sum.cpp [2ms]
2025-06-10 15:00:35.337 [info] > git show --textconv :arrayProblems/remDupSorted.cpp [12ms]
2025-06-10 15:00:35.339 [info] > git ls-files --stage -- arrayProblems/remDupSorted.cpp [3ms]
2025-06-10 15:00:35.349 [info] > git cat-file -s 3ae933c95880f954f8ccd9f85c8838a1dbce6738 [1ms]
2025-06-10 15:00:39.531 [info] > git show --textconv :arrayProblems/0s1s2s.cpp [14ms]
2025-06-10 15:00:39.532 [info] > git ls-files --stage -- arrayProblems/0s1s2s.cpp [2ms]
2025-06-10 15:00:39.548 [info] > git cat-file -s be69cc8fa1bff320e76a447cbca6c63d34526a0b [0ms]
2025-06-10 15:01:13.420 [info] > git for-each-ref --format=%(refname)%00%(upstream:short)%00%(objectname)%00%(upstream:track)%00%(upstream:remotename)%00%(upstream:remoteref) refs/heads/b1 refs/remotes/b1 [9ms]
2025-06-10 15:01:13.420 [info] > git config --get commit.template [16ms]
2025-06-10 15:01:13.436 [info] > git check-ignore -v -z --stdin [16ms]
2025-06-10 15:01:13.436 [info] > git status -z -uall [9ms]
2025-06-10 15:01:13.437 [info] > git for-each-ref --sort -committerdate --format %(refname)%00%(objectname)%00%(*objectname) [2ms]
2025-06-10 15:06:34.058 [info] > git config --get commit.template [8ms]
2025-06-10 15:06:34.059 [info] > git for-each-ref --format=%(refname)%00%(upstream:short)%00%(objectname)%00%(upstream:track)%00%(upstream:remotename)%00%(upstream:remoteref) refs/heads/b1 refs/remotes/b1 [1ms]
2025-06-10 15:06:34.076 [info] > git status -z -uall [8ms]
2025-06-10 15:06:34.076 [info] > git for-each-ref --sort -committerdate --format %(refname)%00%(objectname)%00%(*objectname) [1ms]
2025-06-10 15:07:27.210 [info] > git config --get commit.template [10ms]
2025-06-10 15:07:27.211 [info] > git for-each-ref --format=%(refname)%00%(upstream:short)%00%(objectname)%00%(upstream:track)%00%(upstream:remotename)%00%(upstream:remoteref) refs/heads/b1 refs/remotes/b1 [1ms]
2025-06-10 15:07:27.225 [info] > git status -z -uall [8ms]
2025-06-10 15:07:27.226 [info] > git for-each-ref --sort -committerdate --format %(refname)%00%(objectname)%00%(*objectname) [1ms]
2025-06-10 15:07:27.565 [info] > git show --textconv :arrayProblems/maxSubarPdt [7ms]
2025-06-10 15:07:27.577 [info] > git ls-files --stage -- arrayProblems/maxSubarPdt [12ms]
2025-06-10 15:07:27.586 [info] > git hash-object -t tree /dev/null [9ms]
2025-06-10 15:07:27.587 [warning] [GitFileSystemProvider][readFile] File not found - git:/home/sammy/Desktop/temp/hello-world/arrayProblems/maxSubarPdt.git?%7B%22path%22%3A%22%2Fhome%2Fsammy%2FDesktop%2Ftemp%2Fhello-world%2FarrayProblems%2FmaxSubarPdt%22%2C%22ref%22%3A%22%22%7D
2025-06-10 15:07:27.589 [info] > git hash-object -t tree /dev/null [5ms]
2025-06-10 15:07:27.589 [warning] [GitFileSystemProvider][stat] File not found - git:/home/sammy/Desktop/temp/hello-world/arrayProblems/maxSubarPdt.git?%7B%22path%22%3A%22%2Fhome%2Fsammy%2FDesktop%2Ftemp%2Fhello-world%2FarrayProblems%2FmaxSubarPdt%22%2C%22ref%22%3A%22%22%7D
2025-06-10 15:07:27.600 [info] > git blame --root --incremental db87ca7566cd94f0702323b1c4a7f73401d263ef -- arrayProblems/maxSubarPdt [3ms]
2025-06-10 15:07:27.600 [info] fatal: no such path arrayProblems/maxSubarPdt in db87ca7566cd94f0702323b1c4a7f73401d263ef
2025-06-10 15:07:30.713 [info] > git show --textconv :arrayProblems/maxSubarSum.cpp [13ms]
2025-06-10 15:07:30.715 [info] > git ls-files --stage -- arrayProblems/maxSubarSum.cpp [3ms]
2025-06-10 15:07:30.724 [info] > git cat-file -s 5993deae8895d669aef9685731bf351918f2d363 [1ms]
2025-06-10 15:07:36.987 [info] > git config --get commit.template [11ms]
2025-06-10 15:07:36.987 [info] > git for-each-ref --format=%(refname)%00%(upstream:short)%00%(objectname)%00%(upstream:track)%00%(upstream:remotename)%00%(upstream:remoteref) refs/heads/b1 refs/remotes/b1 [1ms]
2025-06-10 15:07:37.004 [info] > git status -z -uall [11ms]
2025-06-10 15:07:37.005 [info] > git for-each-ref --sort -committerdate --format %(refname)%00%(objectname)%00%(*objectname) [2ms]
2025-06-10 15:07:40.444 [info] > git blame --root --incremental db87ca7566cd94f0702323b1c4a7f73401d263ef -- arrayProblems/maxSubarSum.cpp [2ms]
2025-06-10 15:07:43.989 [info] > git log --format=%H%n%aN%n%aE%n%at%n%ct%n%P%n%D%n%B -z --shortstat --diff-merges=first-parent -n50 --skip=0 --topo-order --decorate=full --stdin [8ms]
2025-06-10 15:07:44.519 [info] > git check-ignore -v -z --stdin [1ms]
2025-06-10 15:07:54.602 [info] > git config --get commit.template [7ms]
2025-06-10 15:07:54.603 [info] > git for-each-ref --format=%(refname)%00%(upstream:short)%00%(objectname)%00%(upstream:track)%00%(upstream:remotename)%00%(upstream:remoteref) refs/heads/b1 refs/remotes/b1 [1ms]
2025-06-10 15:07:54.619 [info] > git status -z -uall [6ms]
2025-06-10 15:07:54.620 [info] > git for-each-ref --sort -committerdate --format %(refname)%00%(objectname)%00%(*objectname) [2ms]
2025-06-10 15:08:57.888 [info] > git config --get commit.template [13ms]
2025-06-10 15:08:57.889 [info] > git for-each-ref --format=%(refname)%00%(upstream:short)%00%(objectname)%00%(upstream:track)%00%(upstream:remotename)%00%(upstream:remoteref) refs/heads/b1 refs/remotes/b1 [2ms]
2025-06-10 15:08:57.907 [info] > git status -z -uall [10ms]
2025-06-10 15:08:57.907 [info] > git for-each-ref --sort -committerdate --format %(refname)%00%(objectname)%00%(*objectname) [0ms]
2025-06-10 15:09:02.920 [info] > git config --get commit.template [5ms]
2025-06-10 15:09:02.921 [info] > git for-each-ref --format=%(refname)%00%(upstream:short)%00%(objectname)%00%(upstream:track)%00%(upstream:remotename)%00%(upstream:remoteref) refs/heads/b1 refs/remotes/b1 [1ms]
2025-06-10 15:09:02.932 [info] > git status -z -uall [6ms]
2025-06-10 15:09:02.933 [info] > git for-each-ref --sort -committerdate --format %(refname)%00%(objectname)%00%(*objectname) [2ms]
2025-06-10 15:09:53.728 [info] > git config --get commit.template [7ms]
2025-06-10 15:09:53.729 [info] > git for-each-ref --format=%(refname)%00%(upstream:short)%00%(objectname)%00%(upstream:track)%00%(upstream:remotename)%00%(upstream:remoteref) refs/heads/b1 refs/remotes/b1 [1ms]
2025-06-10 15:09:53.744 [info] > git status -z -uall [8ms]
2025-06-10 15:09:53.746 [info] > git for-each-ref --sort -committerdate --format %(refname)%00%(objectname)%00%(*objectname) [2ms]
2025-06-10 15:09:58.761 [info] > git config --get commit.template [5ms]
2025-06-10 15:09:58.761 [info] > git for-each-ref --format=%(refname)%00%(upstream:short)%00%(objectname)%00%(upstream:track)%00%(upstream:remotename)%00%(upstream:remoteref) refs/heads/b1 refs/remotes/b1 [1ms]
2025-06-10 15:09:58.773 [info] > git status -z -uall [6ms]
2025-06-10 15:09:58.774 [info] > git for-each-ref --sort -committerdate --format %(refname)%00%(objectname)%00%(*objectname) [1ms]
2025-06-10 15:09:59.089 [info] > git show --textconv :arrayProblems/maxSubarPdt.cpp [6ms]
2025-06-10 15:09:59.090 [info] > git ls-files --stage -- arrayProblems/maxSubarPdt.cpp [1ms]
2025-06-10 15:09:59.096 [info] > git cat-file -s 753f4ee9cbc272a3e2e8740d7b5eae6de23451fe [1ms]
2025-06-10 15:09:59.107 [info] > git blame --root --incremental f5f6fc97d6ea297ac9b97a57db4df9133cec4e73 -- arrayProblems/maxSubarPdt.cpp [1ms]
2025-06-10 15:10:20.632 [info] > git config --get commit.template [13ms]
2025-06-10 15:10:20.633 [info] > git for-each-ref --format=%(refname)%00%(upstream:short)%00%(objectname)%00%(upstream:track)%00%(upstream:remotename)%00%(upstream:remoteref) refs/heads/b1 refs/remotes/b1 [2ms]
2025-06-10 15:10:20.659 [info] > git status -z -uall [12ms]
2025-06-10 15:10:20.660 [info] > git for-each-ref --sort -committerdate --format %(refname)%00%(objectname)%00%(*objectname) [2ms]
2025-06-10 15:10:21.674 [info] > git show --textconv :arrayProblems/maxOne.cpp [13ms]
2025-06-10 15:10:21.678 [info] > git ls-files --stage -- arrayProblems/maxOne.cpp [6ms]
2025-06-10 15:10:21.696 [info] > git cat-file -s dd8d6fe5607e9df11413a29e8566599719e900da [2ms]
2025-06-10 15:10:22.917 [info] > git show --textconv :arrayProblems/maxSubarPdt.cpp [9ms]
2025-06-10 15:10:22.918 [info] > git ls-files --stage -- arrayProblems/maxSubarPdt.cpp [2ms]
2025-06-10 15:10:22.926 [info] > git cat-file -s 753f4ee9cbc272a3e2e8740d7b5eae6de23451fe [1ms]
