2025-06-03 19:14:13.869 [info] Reading sessions from keychain...
2025-06-03 19:14:13.869 [info] Getting sessions for all scopes...
2025-06-03 19:14:13.869 [info] Getting sessions for all scopes...
2025-06-03 19:14:13.869 [info] Getting sessions for all scopes...
2025-06-03 19:14:13.869 [info] Getting sessions for all scopes...
2025-06-03 19:14:13.869 [info] Getting sessions for all scopes...
2025-06-03 19:14:13.869 [info] Getting sessions for all scopes...
2025-06-03 19:14:13.869 [info] Getting sessions for all scopes...
2025-06-03 19:14:13.869 [info] Getting sessions for all scopes...
2025-06-03 19:14:13.871 [info] Got stored sessions!
2025-06-03 19:14:13.871 [info] Got 1 verified sessions.
2025-06-03 19:14:13.872 [info] Got 1 sessions for ...
2025-06-03 19:14:13.872 [info] Got 1 sessions for ...
2025-06-03 19:14:13.872 [info] Got 1 sessions for ...
2025-06-03 19:14:13.872 [info] Got 1 sessions for ...
2025-06-03 19:14:13.872 [info] Got 1 sessions for ...
2025-06-03 19:14:13.872 [info] Got 1 sessions for ...
2025-06-03 19:14:13.872 [info] Got 1 sessions for ...
2025-06-03 19:14:13.872 [info] Got 1 sessions for ...
2025-06-03 19:14:14.080 [info] Getting sessions for all scopes...
2025-06-03 19:14:14.080 [info] Got 1 sessions for ...
2025-06-03 19:14:14.080 [info] Getting sessions for all scopes...
2025-06-03 19:14:14.080 [info] Got 1 sessions for ...
2025-06-03 19:14:14.080 [info] Getting sessions for all scopes...
2025-06-03 19:14:14.080 [info] Got 1 sessions for ...
2025-06-03 19:14:14.080 [info] Getting sessions for all scopes...
2025-06-03 19:14:14.080 [info] Got 1 sessions for ...
2025-06-03 19:14:14.081 [info] Getting sessions for all scopes...
2025-06-03 19:14:14.081 [info] Got 1 sessions for ...
2025-06-03 19:14:14.081 [info] Getting sessions for all scopes...
2025-06-03 19:14:14.081 [info] Got 1 sessions for ...
2025-06-03 19:14:14.186 [info] Getting sessions for all scopes...
2025-06-03 19:14:14.186 [info] Got 1 sessions for ...
2025-06-03 19:14:14.953 [info] Getting sessions for all scopes...
2025-06-03 19:14:14.953 [info] Got 1 sessions for ...
2025-06-03 19:14:15.093 [info] Getting sessions for read:user,repo,user:email,workflow...
2025-06-03 19:14:15.093 [info] Got 1 sessions for read:user,repo,user:email,workflow...
2025-06-03 19:14:15.714 [info] Getting sessions for read:user,repo,user:email,workflow...
2025-06-03 19:14:15.714 [info] Got 1 sessions for read:user,repo,user:email,workflow...
2025-06-03 19:15:49.593 [info] Getting sessions for read:user,repo,user:email,workflow...
2025-06-03 19:15:49.593 [info] Got 1 sessions for read:user,repo,user:email,workflow...
2025-06-03 19:17:41.958 [info] Reading sessions from keychain...
2025-06-03 19:17:41.958 [info] Getting sessions for all scopes...
2025-06-03 19:17:41.958 [info] Getting sessions for all scopes...
2025-06-03 19:17:41.958 [info] Getting sessions for all scopes...
2025-06-03 19:17:41.958 [info] Getting sessions for all scopes...
2025-06-03 19:17:41.958 [info] Getting sessions for all scopes...
2025-06-03 19:17:41.958 [info] Getting sessions for all scopes...
2025-06-03 19:17:41.958 [info] Getting sessions for all scopes...
2025-06-03 19:17:41.978 [info] Got stored sessions!
2025-06-03 19:17:41.978 [info] Got 1 verified sessions.
2025-06-03 19:17:41.978 [info] Got 1 sessions for ...
2025-06-03 19:17:41.978 [info] Got 1 sessions for ...
2025-06-03 19:17:41.978 [info] Got 1 sessions for ...
2025-06-03 19:17:41.978 [info] Got 1 sessions for ...
2025-06-03 19:17:41.978 [info] Got 1 sessions for ...
2025-06-03 19:17:41.978 [info] Got 1 sessions for ...
2025-06-03 19:17:41.978 [info] Got 1 sessions for ...
2025-06-03 19:17:41.983 [info] Getting sessions for all scopes...
2025-06-03 19:17:41.983 [info] Got 1 sessions for ...
2025-06-03 19:17:41.983 [info] Getting sessions for all scopes...
2025-06-03 19:17:41.983 [info] Got 1 sessions for ...
2025-06-03 19:17:41.983 [info] Getting sessions for all scopes...
2025-06-03 19:17:41.983 [info] Got 1 sessions for ...
2025-06-03 19:17:41.983 [info] Getting sessions for all scopes...
2025-06-03 19:17:41.983 [info] Got 1 sessions for ...
2025-06-03 19:17:41.983 [info] Getting sessions for all scopes...
2025-06-03 19:17:41.983 [info] Got 1 sessions for ...
2025-06-03 19:17:41.983 [info] Getting sessions for all scopes...
2025-06-03 19:17:41.983 [info] Got 1 sessions for ...
2025-06-03 19:17:42.334 [info] Getting sessions for all scopes...
2025-06-03 19:17:42.334 [info] Got 1 sessions for ...
2025-06-03 19:17:42.965 [info] Getting sessions for all scopes...
2025-06-03 19:17:42.965 [info] Got 1 sessions for ...
2025-06-03 19:17:43.031 [info] Getting sessions for read:user,repo,user:email,workflow...
2025-06-03 19:17:43.031 [info] Got 1 sessions for read:user,repo,user:email,workflow...
2025-06-03 19:17:43.531 [info] Getting sessions for all scopes...
2025-06-03 19:17:43.531 [info] Got 1 sessions for ...
2025-06-03 19:17:44.041 [info] Getting sessions for read:user,repo,user:email,workflow...
2025-06-03 19:17:44.041 [info] Got 1 sessions for read:user,repo,user:email,workflow...
2025-06-03 19:23:27.877 [info] Reading sessions from keychain...
2025-06-03 19:23:27.877 [info] Getting sessions for all scopes...
2025-06-03 19:23:27.877 [info] Getting sessions for all scopes...
2025-06-03 19:23:27.877 [info] Getting sessions for all scopes...
2025-06-03 19:23:27.899 [info] Getting sessions for all scopes...
2025-06-03 19:23:27.899 [info] Getting sessions for all scopes...
2025-06-03 19:23:27.899 [info] Getting sessions for all scopes...
2025-06-03 19:23:27.900 [info] Getting sessions for all scopes...
2025-06-03 19:23:27.900 [info] Getting sessions for all scopes...
2025-06-03 19:23:28.069 [info] Got stored sessions!
2025-06-03 19:23:28.070 [info] Got 1 verified sessions.
2025-06-03 19:23:28.070 [info] Got 1 sessions for ...
2025-06-03 19:23:28.070 [info] Got 1 sessions for ...
2025-06-03 19:23:28.070 [info] Got 1 sessions for ...
2025-06-03 19:23:28.070 [info] Got 1 sessions for ...
2025-06-03 19:23:28.070 [info] Got 1 sessions for ...
2025-06-03 19:23:28.070 [info] Got 1 sessions for ...
2025-06-03 19:23:28.070 [info] Got 1 sessions for ...
2025-06-03 19:23:28.070 [info] Got 1 sessions for ...
2025-06-03 19:23:28.169 [info] Getting sessions for all scopes...
2025-06-03 19:23:28.169 [info] Got 1 sessions for ...
2025-06-03 19:23:28.172 [info] Getting sessions for all scopes...
2025-06-03 19:23:28.172 [info] Got 1 sessions for ...
2025-06-03 19:23:28.172 [info] Getting sessions for all scopes...
2025-06-03 19:23:28.172 [info] Got 1 sessions for ...
2025-06-03 19:23:28.172 [info] Getting sessions for all scopes...
2025-06-03 19:23:28.172 [info] Got 1 sessions for ...
2025-06-03 19:23:28.172 [info] Getting sessions for all scopes...
2025-06-03 19:23:28.172 [info] Got 1 sessions for ...
2025-06-03 19:23:28.172 [info] Getting sessions for all scopes...
2025-06-03 19:23:28.172 [info] Got 1 sessions for ...
2025-06-03 19:23:28.172 [info] Getting sessions for all scopes...
2025-06-03 19:23:28.172 [info] Got 1 sessions for ...
2025-06-03 19:23:28.405 [info] Getting sessions for read:user,repo,user:email,workflow...
2025-06-03 19:23:28.405 [info] Got 1 sessions for read:user,repo,user:email,workflow...
2025-06-03 19:23:29.057 [info] Getting sessions for read:user,repo,user:email,workflow...
2025-06-03 19:23:29.058 [info] Got 1 sessions for read:user,repo,user:email,workflow...
2025-06-03 19:23:29.853 [info] Getting sessions for all scopes...
2025-06-03 19:23:29.853 [info] Got 1 sessions for ...
2025-06-03 19:25:35.100 [info] Getting sessions for read:user,repo,user:email,workflow...
2025-06-03 19:25:35.100 [info] Got 1 sessions for read:user,repo,user:email,workflow...
2025-06-03 19:33:20.225 [info] Getting sessions for read:user,repo,user:email,workflow...
2025-06-03 19:33:20.225 [info] Got 1 sessions for read:user,repo,user:email,workflow...
2025-06-03 19:33:21.551 [info] Getting sessions for read:user,repo,user:email,workflow...
2025-06-03 19:33:21.551 [info] Got 1 sessions for read:user,repo,user:email,workflow...
2025-06-03 20:31:31.246 [info] Getting sessions for read:user,repo,user:email,workflow...
2025-06-03 20:31:31.254 [info] Got 1 sessions for read:user,repo,user:email,workflow...
