2025-06-04 20:13:58.472 [info] [main] Log level: Info
2025-06-04 20:13:58.472 [info] [main] Validating found git in: "git"
2025-06-04 20:13:58.472 [info] [main] Using git "2.43.0" from "git"
2025-06-04 20:13:58.472 [info] [Model][doInitialScan] Initial repository scan started
2025-06-04 20:13:58.472 [info] > git rev-parse --show-toplevel [23ms]
2025-06-04 20:13:58.472 [info] > git rev-parse --git-dir --git-common-dir [16ms]
2025-06-04 20:13:58.472 [info] [Model][openRepository] Opened repository (path): /home/sammy/Desktop/temp/pong-game
2025-06-04 20:13:58.472 [info] [Model][openRepository] Opened repository (real path): /home/sammy/Desktop/temp/pong-game
2025-06-04 20:13:58.494 [info] > git rev-parse --show-toplevel [72ms]
2025-06-04 20:13:58.497 [info] [Model][doInitialScan] Initial repository scan completed - repositories (1), closed repositories (0), parent repositories (0), unsafe repositories (0)
2025-06-04 20:13:58.498 [info] > git config --get commit.template [89ms]
2025-06-04 20:13:58.844 [info] > git for-each-ref --format=%(refname)%00%(upstream:short)%00%(objectname)%00%(upstream:track)%00%(upstream:remotename)%00%(upstream:remoteref) refs/heads/b1 refs/remotes/b1 [134ms]
2025-06-04 20:13:59.031 [info] > git status -z -uall [170ms]
2025-06-04 20:13:59.031 [info] > git for-each-ref --sort -committerdate --format %(refname)%00%(objectname)%00%(*objectname) [159ms]
2025-06-04 20:13:59.141 [info] > git check-ignore -v -z --stdin [75ms]
2025-06-04 20:13:59.142 [info] > git show --textconv :GamePanel.java [62ms]
2025-06-04 20:13:59.143 [info] > git for-each-ref --format=%(refname)%00%(upstream:short)%00%(objectname)%00%(upstream:track)%00%(upstream:remotename)%00%(upstream:remoteref) refs/heads/b1 refs/remotes/b1 [96ms]
2025-06-04 20:13:59.164 [info] > git config --get --local branch.b1.vscode-merge-base [5ms]
2025-06-04 20:13:59.174 [info] > git config --get commit.template [76ms]
2025-06-04 20:13:59.174 [info] > git ls-files --stage -- GamePanel.java [85ms]
2025-06-04 20:13:59.212 [info] > git cat-file -s 284bc037f73e3ce7bcd3f46a0a2b017741971d52 [30ms]
2025-06-04 20:13:59.213 [info] > git for-each-ref --format=%(refname)%00%(upstream:short)%00%(objectname)%00%(upstream:track)%00%(upstream:remotename)%00%(upstream:remoteref) refs/heads/origin/main refs/remotes/origin/main [40ms]
2025-06-04 20:13:59.234 [info] > git for-each-ref --format=%(refname)%00%(upstream:short)%00%(objectname)%00%(upstream:track)%00%(upstream:remotename)%00%(upstream:remoteref) refs/heads/b1 refs/remotes/b1 [2ms]
2025-06-04 20:13:59.268 [info] > git status -z -uall [25ms]
2025-06-04 20:13:59.268 [info] > git for-each-ref --sort -committerdate --format %(refname)%00%(objectname)%00%(*objectname) [17ms]
2025-06-04 20:14:11.459 [info] [main] Log level: Info
2025-06-04 20:14:11.459 [info] [main] Validating found git in: "git"
2025-06-04 20:14:11.459 [info] [main] Using git "2.43.0" from "git"
2025-06-04 20:14:11.459 [info] [Model][doInitialScan] Initial repository scan started
2025-06-04 20:14:11.459 [info] > git rev-parse --show-toplevel [70ms]
2025-06-04 20:14:11.474 [info] > git rev-parse --git-dir --git-common-dir [5ms]
2025-06-04 20:14:11.497 [info] [Model][openRepository] Opened repository (path): /home/sammy/Desktop/temp/hello-world
2025-06-04 20:14:11.497 [info] [Model][openRepository] Opened repository (real path): /home/sammy/Desktop/temp/hello-world
2025-06-04 20:14:11.539 [info] > git config --get commit.template [18ms]
2025-06-04 20:14:11.566 [info] > git rev-parse --show-toplevel [33ms]
2025-06-04 20:14:11.575 [info] [Model][doInitialScan] Initial repository scan completed - repositories (1), closed repositories (0), parent repositories (0), unsafe repositories (0)
2025-06-04 20:14:11.607 [info] > git for-each-ref --format=%(refname)%00%(upstream:short)%00%(objectname)%00%(upstream:track)%00%(upstream:remotename)%00%(upstream:remoteref) refs/heads/b1 refs/remotes/b1 [20ms]
2025-06-04 20:14:11.645 [info] > git status -z -uall [27ms]
2025-06-04 20:14:11.647 [info] > git for-each-ref --sort -committerdate --format %(refname)%00%(objectname)%00%(*objectname) [9ms]
2025-06-04 20:14:11.713 [info] > git for-each-ref --format=%(refname)%00%(upstream:short)%00%(objectname)%00%(upstream:track)%00%(upstream:remotename)%00%(upstream:remoteref) refs/heads/b1 refs/remotes/b1 [43ms]
2025-06-04 20:14:11.748 [info] > git config --get --local branch.b1.vscode-merge-base [19ms]
2025-06-04 20:14:11.760 [info] > git config --get commit.template [53ms]
2025-06-04 20:14:11.782 [info] > git for-each-ref --format=%(refname)%00%(upstream:short)%00%(objectname)%00%(upstream:track)%00%(upstream:remotename)%00%(upstream:remoteref) refs/heads/origin/main refs/remotes/origin/main [22ms]
2025-06-04 20:14:11.893 [info] > git for-each-ref --format=%(refname)%00%(upstream:short)%00%(objectname)%00%(upstream:track)%00%(upstream:remotename)%00%(upstream:remoteref) refs/heads/b1 refs/remotes/b1 [74ms]
2025-06-04 20:14:11.989 [info] > git status -z -uall [84ms]
2025-06-04 20:14:11.990 [info] > git for-each-ref --sort -committerdate --format %(refname)%00%(objectname)%00%(*objectname) [69ms]
2025-06-04 20:14:12.598 [info] > git check-ignore -v -z --stdin [387ms]
2025-06-04 20:14:12.599 [info] > git show --textconv :JavaCalc.java [172ms]
2025-06-04 20:14:12.777 [info] > git ls-files --stage -- JavaCalc.java [338ms]
2025-06-04 20:14:12.891 [info] > git cat-file -s 2c438503483ec75d6aa9e6bfab87f003d0c846e6 [103ms]
2025-06-04 20:14:12.981 [info] > git blame --root --incremental cd6f0d2b3d408e21f6ca20aeff2e5dddcb1f2b3e -- JavaCalc.java [2ms]
2025-06-04 20:14:26.041 [info] > git show --textconv :Library.java [40ms]
2025-06-04 20:14:26.041 [info] > git ls-files --stage -- Library.java [4ms]
2025-06-04 20:14:26.094 [info] > git hash-object -t tree /dev/null [5ms]
2025-06-04 20:14:26.095 [warning] [GitFileSystemProvider][readFile] File not found - git:/home/sammy/Desktop/temp/hello-world/Library.java.git?%7B%22path%22%3A%22%2Fhome%2Fsammy%2FDesktop%2Ftemp%2Fhello-world%2FLibrary.java%22%2C%22ref%22%3A%22%22%7D
2025-06-04 20:14:26.101 [info] > git hash-object -t tree /dev/null [32ms]
2025-06-04 20:14:26.101 [warning] [GitFileSystemProvider][stat] File not found - git:/home/sammy/Desktop/temp/hello-world/Library.java.git?%7B%22path%22%3A%22%2Fhome%2Fsammy%2FDesktop%2Ftemp%2Fhello-world%2FLibrary.java%22%2C%22ref%22%3A%22%22%7D
2025-06-04 20:14:26.205 [info] > git check-ignore -v -z --stdin [1ms]
2025-06-04 20:14:27.342 [info] > git blame --root --incremental cd6f0d2b3d408e21f6ca20aeff2e5dddcb1f2b3e -- Library.java [2ms]
2025-06-04 20:14:27.342 [info] fatal: no such path Library.java in cd6f0d2b3d408e21f6ca20aeff2e5dddcb1f2b3e
2025-06-04 20:19:04.186 [info] > git show --textconv :Book.java [10ms]
2025-06-04 20:19:04.187 [warning] [GitFileSystemProvider][readFile] File not found - git:/home/sammy/Desktop/temp/hello-world/Book.java.git?%7B%22path%22%3A%22%2Fhome%2Fsammy%2FDesktop%2Ftemp%2Fhello-world%2FBook.java%22%2C%22ref%22%3A%22%22%7D
2025-06-04 20:19:04.188 [info] > git ls-files --stage -- Book.java [3ms]
2025-06-04 20:19:04.189 [warning] [GitFileSystemProvider][stat] File not found - git:/home/sammy/Desktop/temp/hello-world/Book.java.git?%7B%22path%22%3A%22%2Fhome%2Fsammy%2FDesktop%2Ftemp%2Fhello-world%2FBook.java%22%2C%22ref%22%3A%22%22%7D
2025-06-04 20:19:04.203 [info] > git blame --root --incremental cd6f0d2b3d408e21f6ca20aeff2e5dddcb1f2b3e -- Book.java [2ms]
2025-06-04 20:19:04.203 [info] fatal: no such path Book.java in cd6f0d2b3d408e21f6ca20aeff2e5dddcb1f2b3e
2025-06-04 20:19:04.450 [info] > git check-ignore -v -z --stdin [1ms]
2025-06-04 20:19:36.842 [info] > git config --get commit.template [10ms]
2025-06-04 20:19:36.843 [info] > git for-each-ref --format=%(refname)%00%(upstream:short)%00%(objectname)%00%(upstream:track)%00%(upstream:remotename)%00%(upstream:remoteref) refs/heads/b1 refs/remotes/b1 [2ms]
2025-06-04 20:19:36.861 [info] > git status -z -uall [10ms]
2025-06-04 20:19:36.861 [info] > git for-each-ref --sort -committerdate --format %(refname)%00%(objectname)%00%(*objectname) [2ms]
2025-06-04 20:19:41.886 [info] > git config --get commit.template [10ms]
2025-06-04 20:19:41.887 [info] > git for-each-ref --format=%(refname)%00%(upstream:short)%00%(objectname)%00%(upstream:track)%00%(upstream:remotename)%00%(upstream:remoteref) refs/heads/b1 refs/remotes/b1 [2ms]
2025-06-04 20:19:41.905 [info] > git status -z -uall [9ms]
2025-06-04 20:19:41.906 [info] > git for-each-ref --sort -committerdate --format %(refname)%00%(objectname)%00%(*objectname) [2ms]
2025-06-04 20:19:48.521 [info] > git config --get commit.template [8ms]
2025-06-04 20:19:48.522 [info] > git for-each-ref --format=%(refname)%00%(upstream:short)%00%(objectname)%00%(upstream:track)%00%(upstream:remotename)%00%(upstream:remoteref) refs/heads/b1 refs/remotes/b1 [1ms]
2025-06-04 20:19:48.541 [info] > git status -z -uall [14ms]
2025-06-04 20:19:48.541 [info] > git check-ignore -v -z --stdin [1ms]
2025-06-04 20:19:48.541 [info] > git for-each-ref --sort -committerdate --format %(refname)%00%(objectname)%00%(*objectname) [7ms]
2025-06-04 20:20:23.368 [info] > git config --get commit.template [12ms]
2025-06-04 20:20:23.369 [info] > git for-each-ref --format=%(refname)%00%(upstream:short)%00%(objectname)%00%(upstream:track)%00%(upstream:remotename)%00%(upstream:remoteref) refs/heads/b1 refs/remotes/b1 [2ms]
2025-06-04 20:20:23.387 [info] > git status -z -uall [13ms]
2025-06-04 20:20:23.387 [info] > git for-each-ref --sort -committerdate --format %(refname)%00%(objectname)%00%(*objectname) [5ms]
2025-06-04 20:20:23.715 [info] > git show --textconv :Library.java [12ms]
2025-06-04 20:20:23.716 [warning] [GitFileSystemProvider][readFile] File not found - git:/home/sammy/Desktop/temp/hello-world/Library.java.git?%7B%22path%22%3A%22%2Fhome%2Fsammy%2FDesktop%2Ftemp%2Fhello-world%2FLibrary.java%22%2C%22ref%22%3A%22%22%7D
2025-06-04 20:20:23.716 [info] > git ls-files --stage -- Library.java [2ms]
2025-06-04 20:20:23.717 [warning] [GitFileSystemProvider][stat] File not found - git:/home/sammy/Desktop/temp/hello-world/Library.java.git?%7B%22path%22%3A%22%2Fhome%2Fsammy%2FDesktop%2Ftemp%2Fhello-world%2FLibrary.java%22%2C%22ref%22%3A%22%22%7D
2025-06-04 20:20:36.084 [info] > git check-ignore -v -z --stdin [2ms]
2025-06-04 20:20:47.787 [info] [main] Log level: Info
2025-06-04 20:20:47.787 [info] [main] Validating found git in: "git"
2025-06-04 20:20:47.787 [info] [main] Using git "2.43.0" from "git"
2025-06-04 20:20:47.787 [info] [Model][doInitialScan] Initial repository scan started
2025-06-04 20:20:47.787 [info] > git rev-parse --show-toplevel [14ms]
2025-06-04 20:20:47.791 [info] [Model][doInitialScan] Initial repository scan completed - repositories (0), closed repositories (0), parent repositories (1), unsafe repositories (0)
2025-06-04 20:20:47.817 [info] > git rev-parse --show-toplevel [2ms]
2025-06-04 20:20:47.823 [info] > git rev-parse --show-toplevel [1ms]
2025-06-04 20:20:49.302 [info] > git rev-parse --show-toplevel [4ms]
2025-06-04 20:20:59.464 [info] > git rev-parse --show-toplevel [2ms]
2025-06-04 20:20:59.472 [info] > git rev-parse --git-dir --git-common-dir [1ms]
2025-06-04 20:20:59.484 [info] [Model][openRepository] Opened repository (path): /home/sammy/Desktop/temp/hello-world
2025-06-04 20:20:59.484 [info] [Model][openRepository] Opened repository (real path): /home/sammy/Desktop/temp/hello-world
2025-06-04 20:20:59.498 [info] > git config --get commit.template [4ms]
2025-06-04 20:20:59.504 [info] > git for-each-ref --format=%(refname)%00%(upstream:short)%00%(objectname)%00%(upstream:track)%00%(upstream:remotename)%00%(upstream:remoteref) refs/heads/b1 refs/remotes/b1 [1ms]
2025-06-04 20:20:59.519 [info] > git status -z -uall [9ms]
2025-06-04 20:20:59.519 [info] > git for-each-ref --sort -committerdate --format %(refname)%00%(objectname)%00%(*objectname) [1ms]
2025-06-04 20:20:59.545 [info] > git for-each-ref --format=%(refname)%00%(upstream:short)%00%(objectname)%00%(upstream:track)%00%(upstream:remotename)%00%(upstream:remoteref) refs/heads/b1 refs/remotes/b1 [10ms]
2025-06-04 20:20:59.551 [info] > git config --get --local branch.b1.vscode-merge-base [1ms]
2025-06-04 20:20:59.556 [info] > git config --get commit.template [12ms]
2025-06-04 20:20:59.557 [info] > git for-each-ref --format=%(refname)%00%(upstream:short)%00%(objectname)%00%(upstream:track)%00%(upstream:remotename)%00%(upstream:remoteref) refs/heads/origin/main refs/remotes/origin/main [1ms]
2025-06-04 20:20:59.585 [info] > git for-each-ref --format=%(refname)%00%(upstream:short)%00%(objectname)%00%(upstream:track)%00%(upstream:remotename)%00%(upstream:remoteref) refs/heads/b1 refs/remotes/b1 [15ms]
2025-06-04 20:20:59.601 [info] > git status -z -uall [10ms]
2025-06-04 20:20:59.602 [info] > git for-each-ref --sort -committerdate --format %(refname)%00%(objectname)%00%(*objectname) [3ms]
2025-06-04 20:21:00.019 [info] > git check-ignore -v -z --stdin [10ms]
2025-06-04 20:22:29.663 [info] > git config --get commit.template [6ms]
2025-06-04 20:22:29.663 [info] > git for-each-ref --format=%(refname)%00%(upstream:short)%00%(objectname)%00%(upstream:track)%00%(upstream:remotename)%00%(upstream:remoteref) refs/heads/b1 refs/remotes/b1 [1ms]
2025-06-04 20:22:29.676 [info] > git status -z -uall [6ms]
2025-06-04 20:22:29.677 [info] > git for-each-ref --sort -committerdate --format %(refname)%00%(objectname)%00%(*objectname) [1ms]
2025-06-04 20:31:26.444 [info] > git show --textconv :LibraryJava/Main.java [14ms]
2025-06-04 20:31:26.455 [info] > git ls-files --stage -- LibraryJava/Main.java [12ms]
2025-06-04 20:31:26.462 [info] > git hash-object -t tree /dev/null [8ms]
2025-06-04 20:31:26.463 [warning] [GitFileSystemProvider][readFile] File not found - git:/home/sammy/Desktop/temp/hello-world/LibraryJava/Main.java.git?%7B%22path%22%3A%22%2Fhome%2Fsammy%2FDesktop%2Ftemp%2Fhello-world%2FLibraryJava%2FMain.java%22%2C%22ref%22%3A%22%22%7D
2025-06-04 20:31:26.464 [info] > git hash-object -t tree /dev/null [3ms]
2025-06-04 20:31:26.464 [warning] [GitFileSystemProvider][stat] File not found - git:/home/sammy/Desktop/temp/hello-world/LibraryJava/Main.java.git?%7B%22path%22%3A%22%2Fhome%2Fsammy%2FDesktop%2Ftemp%2Fhello-world%2FLibraryJava%2FMain.java%22%2C%22ref%22%3A%22%22%7D
2025-06-04 20:31:26.490 [info] > git blame --root --incremental cd6f0d2b3d408e21f6ca20aeff2e5dddcb1f2b3e -- LibraryJava/Main.java [2ms]
2025-06-04 20:31:26.490 [info] fatal: no such path LibraryJava/Main.java in cd6f0d2b3d408e21f6ca20aeff2e5dddcb1f2b3e
2025-06-04 20:31:26.524 [info] > git check-ignore -v -z --stdin [1ms]
2025-06-04 20:31:27.130 [info] > git config --get commit.template [8ms]
2025-06-04 20:31:27.131 [info] > git for-each-ref --format=%(refname)%00%(upstream:short)%00%(objectname)%00%(upstream:track)%00%(upstream:remotename)%00%(upstream:remoteref) refs/heads/b1 refs/remotes/b1 [1ms]
2025-06-04 20:31:27.145 [info] > git status -z -uall [6ms]
2025-06-04 20:31:27.146 [info] > git for-each-ref --sort -committerdate --format %(refname)%00%(objectname)%00%(*objectname) [2ms]
2025-06-04 20:35:55.955 [info] > git config --get commit.template [7ms]
2025-06-04 20:35:55.956 [info] > git for-each-ref --format=%(refname)%00%(upstream:short)%00%(objectname)%00%(upstream:track)%00%(upstream:remotename)%00%(upstream:remoteref) refs/heads/b1 refs/remotes/b1 [2ms]
2025-06-04 20:35:55.971 [info] > git status -z -uall [7ms]
2025-06-04 20:35:55.971 [info] > git for-each-ref --sort -committerdate --format %(refname)%00%(objectname)%00%(*objectname) [1ms]
2025-06-04 20:38:33.393 [info] > git config --get commit.template [12ms]
2025-06-04 20:38:33.393 [info] > git for-each-ref --format=%(refname)%00%(upstream:short)%00%(objectname)%00%(upstream:track)%00%(upstream:remotename)%00%(upstream:remoteref) refs/heads/b1 refs/remotes/b1 [2ms]
2025-06-04 20:38:33.413 [info] > git status -z -uall [10ms]
2025-06-04 20:38:33.413 [info] > git for-each-ref --sort -committerdate --format %(refname)%00%(objectname)%00%(*objectname) [1ms]
2025-06-04 20:48:24.760 [info] > git config --get commit.template [13ms]
2025-06-04 20:48:24.761 [info] > git for-each-ref --format=%(refname)%00%(upstream:short)%00%(objectname)%00%(upstream:track)%00%(upstream:remotename)%00%(upstream:remoteref) refs/heads/b1 refs/remotes/b1 [2ms]
2025-06-04 20:48:24.778 [info] > git status -z -uall [9ms]
2025-06-04 20:48:24.779 [info] > git for-each-ref --sort -committerdate --format %(refname)%00%(objectname)%00%(*objectname) [2ms]
2025-06-04 20:50:36.911 [info] > git config --get commit.template [13ms]
2025-06-04 20:50:36.912 [info] > git for-each-ref --format=%(refname)%00%(upstream:short)%00%(objectname)%00%(upstream:track)%00%(upstream:remotename)%00%(upstream:remoteref) refs/heads/b1 refs/remotes/b1 [3ms]
2025-06-04 20:50:36.929 [info] > git status -z -uall [10ms]
2025-06-04 20:50:36.929 [info] > git for-each-ref --sort -committerdate --format %(refname)%00%(objectname)%00%(*objectname) [1ms]
2025-06-04 20:50:45.012 [info] > git check-ignore -v -z --stdin [2ms]
2025-06-04 20:50:45.120 [info] > git config --get commit.template [13ms]
2025-06-04 20:50:45.121 [info] > git for-each-ref --format=%(refname)%00%(upstream:short)%00%(objectname)%00%(upstream:track)%00%(upstream:remotename)%00%(upstream:remoteref) refs/heads/b1 refs/remotes/b1 [2ms]
2025-06-04 20:50:45.140 [info] > git status -z -uall [10ms]
2025-06-04 20:50:45.141 [info] > git for-each-ref --sort -committerdate --format %(refname)%00%(objectname)%00%(*objectname) [1ms]
2025-06-04 20:51:11.021 [info] > git config --get commit.template [7ms]
2025-06-04 20:51:11.022 [info] > git for-each-ref --format=%(refname)%00%(upstream:short)%00%(objectname)%00%(upstream:track)%00%(upstream:remotename)%00%(upstream:remoteref) refs/heads/b1 refs/remotes/b1 [1ms]
2025-06-04 20:51:11.037 [info] > git status -z -uall [8ms]
2025-06-04 20:51:11.037 [info] > git for-each-ref --sort -committerdate --format %(refname)%00%(objectname)%00%(*objectname) [2ms]
2025-06-04 20:51:16.054 [info] > git config --get commit.template [2ms]
2025-06-04 20:51:16.066 [info] > git for-each-ref --format=%(refname)%00%(upstream:short)%00%(objectname)%00%(upstream:track)%00%(upstream:remotename)%00%(upstream:remoteref) refs/heads/b1 refs/remotes/b1 [2ms]
2025-06-04 20:51:16.084 [info] > git status -z -uall [9ms]
2025-06-04 20:51:16.085 [info] > git for-each-ref --sort -committerdate --format %(refname)%00%(objectname)%00%(*objectname) [1ms]
2025-06-04 20:52:06.154 [info] > git config --get commit.template [12ms]
2025-06-04 20:52:06.154 [info] > git for-each-ref --format=%(refname)%00%(upstream:short)%00%(objectname)%00%(upstream:track)%00%(upstream:remotename)%00%(upstream:remoteref) refs/heads/b1 refs/remotes/b1 [2ms]
2025-06-04 20:52:06.167 [info] > git status -z -uall [8ms]
2025-06-04 20:52:06.168 [info] > git for-each-ref --sort -committerdate --format %(refname)%00%(objectname)%00%(*objectname) [2ms]
2025-06-04 20:52:11.191 [info] > git config --get commit.template [8ms]
2025-06-04 20:52:11.192 [info] > git for-each-ref --format=%(refname)%00%(upstream:short)%00%(objectname)%00%(upstream:track)%00%(upstream:remotename)%00%(upstream:remoteref) refs/heads/b1 refs/remotes/b1 [1ms]
2025-06-04 20:52:11.211 [info] > git status -z -uall [10ms]
2025-06-04 20:52:11.212 [info] > git for-each-ref --sort -committerdate --format %(refname)%00%(objectname)%00%(*objectname) [3ms]
2025-06-04 20:52:45.993 [info] > git config --get commit.template [14ms]
2025-06-04 20:52:45.994 [info] > git for-each-ref --format=%(refname)%00%(upstream:short)%00%(objectname)%00%(upstream:track)%00%(upstream:remotename)%00%(upstream:remoteref) refs/heads/b1 refs/remotes/b1 [3ms]
2025-06-04 20:52:46.013 [info] > git status -z -uall [9ms]
2025-06-04 20:52:46.015 [info] > git for-each-ref --sort -committerdate --format %(refname)%00%(objectname)%00%(*objectname) [2ms]
2025-06-04 20:52:51.079 [info] > git config --get commit.template [12ms]
2025-06-04 20:52:51.080 [info] > git for-each-ref --format=%(refname)%00%(upstream:short)%00%(objectname)%00%(upstream:track)%00%(upstream:remotename)%00%(upstream:remoteref) refs/heads/b1 refs/remotes/b1 [2ms]
2025-06-04 20:52:51.099 [info] > git status -z -uall [9ms]
2025-06-04 20:52:51.100 [info] > git for-each-ref --sort -committerdate --format %(refname)%00%(objectname)%00%(*objectname) [2ms]
2025-06-04 20:54:10.864 [info] > git config --get commit.template [10ms]
2025-06-04 20:54:10.864 [info] > git for-each-ref --format=%(refname)%00%(upstream:short)%00%(objectname)%00%(upstream:track)%00%(upstream:remotename)%00%(upstream:remoteref) refs/heads/b1 refs/remotes/b1 [1ms]
2025-06-04 20:54:10.878 [info] > git status -z -uall [7ms]
2025-06-04 20:54:10.878 [info] > git for-each-ref --sort -committerdate --format %(refname)%00%(objectname)%00%(*objectname) [1ms]
2025-06-04 20:54:11.211 [info] > git show --textconv :LibraryJava/Main.java [11ms]
2025-06-04 20:54:11.212 [info] > git ls-files --stage -- LibraryJava/Main.java [2ms]
2025-06-04 20:54:11.222 [info] > git cat-file -s 8184a31ea6eb44a261e085134f080478dccfafbe [2ms]
2025-06-04 20:54:11.242 [info] > git blame --root --incremental 10be887f6dc2b6bd549a8afef1ca08ed5abdeb51 -- LibraryJava/Main.java [2ms]
2025-06-04 20:54:12.036 [info] > git config --get commit.template [9ms]
2025-06-04 20:54:12.037 [info] > git for-each-ref --format=%(refname)%00%(upstream:short)%00%(objectname)%00%(upstream:track)%00%(upstream:remotename)%00%(upstream:remoteref) refs/heads/b1 refs/remotes/b1 [2ms]
2025-06-04 20:54:12.053 [info] > git status -z -uall [8ms]
2025-06-04 20:54:12.054 [info] > git for-each-ref --sort -committerdate --format %(refname)%00%(objectname)%00%(*objectname) [1ms]
2025-06-04 20:54:12.128 [info] > git ls-files --stage -- LibraryJava/Main.java [2ms]
2025-06-04 20:54:12.141 [info] > git cat-file -s 8184a31ea6eb44a261e085134f080478dccfafbe [2ms]
2025-06-04 20:54:12.150 [info] > git show --textconv :LibraryJava/Main.java [1ms]
2025-06-04 20:54:46.505 [info] > git config --get commit.template [1ms]
2025-06-04 20:54:46.512 [info] > git for-each-ref --format=%(refname)%00%(upstream:short)%00%(objectname)%00%(upstream:track)%00%(upstream:remotename)%00%(upstream:remoteref) refs/heads/main refs/remotes/main [1ms]
2025-06-04 20:54:46.528 [info] > git status -z -uall [6ms]
2025-06-04 20:54:46.529 [info] > git for-each-ref --sort -committerdate --format %(refname)%00%(objectname)%00%(*objectname) [1ms]
2025-06-04 20:54:46.547 [info] > git blame --root --incremental b28bab72766d225a261f16b245dea399526b781e -- LibraryJava/Main.java [7ms]
2025-06-04 20:54:46.547 [info] fatal: no such path LibraryJava/Main.java in b28bab72766d225a261f16b245dea399526b781e
2025-06-04 20:54:46.548 [info] > git for-each-ref --format=%(refname)%00%(upstream:short)%00%(objectname)%00%(upstream:track)%00%(upstream:remotename)%00%(upstream:remoteref) refs/heads/main refs/remotes/main [3ms]
2025-06-04 20:54:46.558 [info] > git config --get --local branch.main.vscode-merge-base [1ms]
2025-06-04 20:54:46.565 [info] > git for-each-ref --format=%(refname)%00%(upstream:short)%00%(objectname)%00%(upstream:track)%00%(upstream:remotename)%00%(upstream:remoteref) refs/heads/origin/main refs/remotes/origin/main [1ms]
2025-06-04 20:54:46.575 [info] > git merge-base refs/heads/main refs/remotes/origin/main [1ms]
2025-06-04 20:54:46.581 [info] > git diff --name-status -z --diff-filter=ADMR b28bab72766d225a261f16b245dea399526b781e...refs/remotes/origin/main [1ms]
2025-06-04 20:54:47.582 [info] > git check-ignore -v -z --stdin [2ms]
2025-06-04 20:54:47.679 [info] > git config --get commit.template [3ms]
2025-06-04 20:54:47.691 [info] > git for-each-ref --format=%(refname)%00%(upstream:short)%00%(objectname)%00%(upstream:track)%00%(upstream:remotename)%00%(upstream:remoteref) refs/heads/main refs/remotes/main [3ms]
2025-06-04 20:54:47.708 [info] > git status -z -uall [8ms]
2025-06-04 20:54:47.709 [info] > git for-each-ref --sort -committerdate --format %(refname)%00%(objectname)%00%(*objectname) [1ms]
2025-06-04 20:54:47.780 [info] > git ls-files --stage -- LibraryJava/Main.java [2ms]
2025-06-04 20:54:47.781 [warning] [GitFileSystemProvider][stat] File not found - git:/home/sammy/Desktop/temp/hello-world/LibraryJava/Main.java.git?%7B%22path%22%3A%22%2Fhome%2Fsammy%2FDesktop%2Ftemp%2Fhello-world%2FLibraryJava%2FMain.java%22%2C%22ref%22%3A%22%22%7D
2025-06-04 20:54:52.669 [info] > git ls-files --stage -- LibraryJava/Main.java [2ms]
2025-06-04 20:54:52.681 [info] > git cat-file -s 8184a31ea6eb44a261e085134f080478dccfafbe [2ms]
2025-06-04 20:54:52.695 [info] > git show --textconv :LibraryJava/Main.java [2ms]
2025-06-04 20:54:52.725 [info] > git for-each-ref --format=%(refname)%00%(upstream:short)%00%(objectname)%00%(upstream:track)%00%(upstream:remotename)%00%(upstream:remoteref) refs/heads/main refs/remotes/main [2ms]
2025-06-04 20:54:52.745 [info] > git status -z -uall [10ms]
2025-06-04 20:54:52.746 [info] > git for-each-ref --sort -committerdate --format %(refname)%00%(objectname)%00%(*objectname) [1ms]
2025-06-04 20:54:53.076 [info] > git show --textconv HEAD:LibraryJava/Main.java [11ms]
2025-06-04 20:54:53.077 [warning] [GitFileSystemProvider][readFile] File not found - git:/home/sammy/Desktop/temp/hello-world/LibraryJava/Main.java.git?%7B%22path%22%3A%22%2Fhome%2Fsammy%2FDesktop%2Ftemp%2Fhello-world%2FLibraryJava%2FMain.java%22%2C%22ref%22%3A%22HEAD%22%7D
2025-06-04 20:54:53.078 [info] > git ls-tree -l HEAD -- LibraryJava/Main.java [3ms]
2025-06-04 20:54:53.079 [warning] [GitFileSystemProvider][stat] File not found - git:/home/sammy/Desktop/temp/hello-world/LibraryJava/Main.java.git?%7B%22path%22%3A%22%2Fhome%2Fsammy%2FDesktop%2Ftemp%2Fhello-world%2FLibraryJava%2FMain.java%22%2C%22ref%22%3A%22HEAD%22%7D
2025-06-04 20:54:58.126 [info] > git config --get commit.template [9ms]
2025-06-04 20:54:58.126 [info] > git for-each-ref --format=%(refname)%00%(upstream:short)%00%(objectname)%00%(upstream:track)%00%(upstream:remotename)%00%(upstream:remoteref) refs/heads/main refs/remotes/main [2ms]
2025-06-04 20:54:58.142 [info] > git status -z -uall [8ms]
2025-06-04 20:54:58.142 [info] > git for-each-ref --sort -committerdate --format %(refname)%00%(objectname)%00%(*objectname) [1ms]
2025-06-04 20:54:58.171 [info] > git merge-base refs/heads/main refs/remotes/origin/main [9ms]
2025-06-04 20:54:58.177 [info] > git blame --root --incremental 4aa7ceab5f473f71a42ed256402782868bc4376a -- LibraryJava/Main.java [23ms]
2025-06-04 20:54:58.178 [info] > git diff --name-status -z --diff-filter=ADMR b28bab72766d225a261f16b245dea399526b781e...refs/remotes/origin/main [1ms]
2025-06-04 20:54:58.179 [info] > git config --get commit.template [8ms]
2025-06-04 20:54:58.190 [info] > git for-each-ref --format=%(refname)%00%(upstream:short)%00%(objectname)%00%(upstream:track)%00%(upstream:remotename)%00%(upstream:remoteref) refs/heads/main refs/remotes/main [1ms]
2025-06-04 20:54:58.205 [info] > git status -z -uall [9ms]
2025-06-04 20:54:58.205 [info] > git for-each-ref --sort -committerdate --format %(refname)%00%(objectname)%00%(*objectname) [1ms]
2025-06-04 20:54:59.379 [info] > git ls-files --stage -- LibraryJava/Main.java [1ms]
2025-06-04 20:54:59.391 [info] > git cat-file -s 8184a31ea6eb44a261e085134f080478dccfafbe [2ms]
2025-06-04 20:54:59.406 [info] > git show --textconv :LibraryJava/Main.java [2ms]
2025-06-04 20:55:03.221 [info] > git config --get commit.template [1ms]
2025-06-04 20:55:03.231 [info] > git for-each-ref --format=%(refname)%00%(upstream:short)%00%(objectname)%00%(upstream:track)%00%(upstream:remotename)%00%(upstream:remoteref) refs/heads/main refs/remotes/main [2ms]
2025-06-04 20:55:03.250 [info] > git status -z -uall [9ms]
2025-06-04 20:55:03.252 [info] > git for-each-ref --sort -committerdate --format %(refname)%00%(objectname)%00%(*objectname) [2ms]
2025-06-04 20:55:17.213 [info] > git config --get commit.template [9ms]
2025-06-04 20:55:17.213 [info] > git for-each-ref --format=%(refname)%00%(upstream:short)%00%(objectname)%00%(upstream:track)%00%(upstream:remotename)%00%(upstream:remoteref) refs/heads/main refs/remotes/main [2ms]
2025-06-04 20:55:17.226 [info] > git status -z -uall [6ms]
2025-06-04 20:55:17.227 [info] > git for-each-ref --sort -committerdate --format %(refname)%00%(objectname)%00%(*objectname) [1ms]
2025-06-04 20:55:17.239 [info] > git merge-base refs/heads/main refs/remotes/origin/main [1ms]
2025-06-04 20:55:17.248 [info] > git diff --name-status -z --diff-filter=ADMR 4aa7ceab5f473f71a42ed256402782868bc4376a...refs/remotes/origin/main [2ms]
2025-06-04 20:55:18.282 [info] > git config --get commit.template [13ms]
2025-06-04 20:55:18.282 [info] > git for-each-ref --format=%(refname)%00%(upstream:short)%00%(objectname)%00%(upstream:track)%00%(upstream:remotename)%00%(upstream:remoteref) refs/heads/main refs/remotes/main [2ms]
2025-06-04 20:55:18.296 [info] > git status -z -uall [6ms]
2025-06-04 20:55:18.297 [info] > git for-each-ref --sort -committerdate --format %(refname)%00%(objectname)%00%(*objectname) [1ms]
2025-06-04 20:55:18.363 [info] > git ls-files --stage -- LibraryJava/Main.java [1ms]
2025-06-04 20:55:18.371 [info] > git cat-file -s 8184a31ea6eb44a261e085134f080478dccfafbe [1ms]
2025-06-04 20:55:18.382 [info] > git show --textconv :LibraryJava/Main.java [1ms]
2025-06-04 20:55:24.648 [info] > git config --get commit.template [2ms]
2025-06-04 20:55:24.656 [info] > git for-each-ref --format=%(refname)%00%(upstream:short)%00%(objectname)%00%(upstream:track)%00%(upstream:remotename)%00%(upstream:remoteref) refs/heads/b1 refs/remotes/b1 [1ms]
2025-06-04 20:55:24.670 [info] > git status -z -uall [8ms]
2025-06-04 20:55:24.671 [info] > git for-each-ref --sort -committerdate --format %(refname)%00%(objectname)%00%(*objectname) [1ms]
2025-06-04 20:55:24.680 [info] > git for-each-ref --format=%(refname)%00%(upstream:short)%00%(objectname)%00%(upstream:track)%00%(upstream:remotename)%00%(upstream:remoteref) refs/heads/b1 refs/remotes/b1 [1ms]
2025-06-04 20:55:24.689 [info] > git config --get --local branch.b1.vscode-merge-base [1ms]
2025-06-04 20:55:24.697 [info] > git for-each-ref --format=%(refname)%00%(upstream:short)%00%(objectname)%00%(upstream:track)%00%(upstream:remotename)%00%(upstream:remoteref) refs/heads/origin/main refs/remotes/origin/main [0ms]
2025-06-04 20:55:25.832 [info] > git config --get commit.template [10ms]
2025-06-04 20:55:25.833 [info] > git for-each-ref --format=%(refname)%00%(upstream:short)%00%(objectname)%00%(upstream:track)%00%(upstream:remotename)%00%(upstream:remoteref) refs/heads/b1 refs/remotes/b1 [2ms]
2025-06-04 20:55:25.853 [info] > git status -z -uall [10ms]
2025-06-04 20:55:25.854 [info] > git for-each-ref --sort -committerdate --format %(refname)%00%(objectname)%00%(*objectname) [2ms]
2025-06-04 20:55:25.925 [info] > git ls-files --stage -- LibraryJava/Main.java [2ms]
2025-06-04 20:55:25.938 [info] > git cat-file -s 8184a31ea6eb44a261e085134f080478dccfafbe [2ms]
2025-06-04 20:55:25.952 [info] > git show --textconv :LibraryJava/Main.java [3ms]
2025-06-04 20:56:30.499 [info] [main] Log level: Info
2025-06-04 20:56:30.499 [info] [main] Validating found git in: "git"
2025-06-04 20:56:30.499 [info] [main] Using git "2.43.0" from "git"
2025-06-04 20:56:30.499 [info] [Model][doInitialScan] Initial repository scan started
2025-06-04 20:56:30.499 [info] > git rev-parse --show-toplevel [3ms]
2025-06-04 20:56:30.499 [info] > git rev-parse --git-dir --git-common-dir [2ms]
2025-06-04 20:56:30.507 [info] [Model][openRepository] Opened repository (path): /home/sammy/Desktop/temp/hello-world
2025-06-04 20:56:30.507 [info] [Model][openRepository] Opened repository (real path): /home/sammy/Desktop/temp/hello-world
2025-06-04 20:56:30.525 [info] > git rev-parse --show-toplevel [5ms]
2025-06-04 20:56:30.526 [info] > git config --get commit.template [10ms]
2025-06-04 20:56:30.800 [info] > git rev-parse --show-toplevel [86ms]
2025-06-04 20:56:30.803 [info] [Model][doInitialScan] Initial repository scan completed - repositories (1), closed repositories (0), parent repositories (0), unsafe repositories (0)
2025-06-04 20:56:30.811 [info] > git for-each-ref --format=%(refname)%00%(upstream:short)%00%(objectname)%00%(upstream:track)%00%(upstream:remotename)%00%(upstream:remoteref) refs/heads/b1 refs/remotes/b1 [14ms]
2025-06-04 20:56:30.831 [info] > git status -z -uall [14ms]
2025-06-04 20:56:30.832 [info] > git for-each-ref --sort -committerdate --format %(refname)%00%(objectname)%00%(*objectname) [5ms]
2025-06-04 20:56:30.944 [info] > git for-each-ref --format=%(refname)%00%(upstream:short)%00%(objectname)%00%(upstream:track)%00%(upstream:remotename)%00%(upstream:remoteref) refs/heads/b1 refs/remotes/b1 [89ms]
2025-06-04 20:56:30.986 [info] > git config --get --local branch.b1.vscode-merge-base [33ms]
2025-06-04 20:56:30.996 [info] > git config --get commit.template [57ms]
2025-06-04 20:56:30.998 [info] > git for-each-ref --format=%(refname)%00%(upstream:short)%00%(objectname)%00%(upstream:track)%00%(upstream:remotename)%00%(upstream:remoteref) refs/heads/origin/main refs/remotes/origin/main [2ms]
2025-06-04 20:56:31.025 [info] > git for-each-ref --format=%(refname)%00%(upstream:short)%00%(objectname)%00%(upstream:track)%00%(upstream:remotename)%00%(upstream:remoteref) refs/heads/b1 refs/remotes/b1 [19ms]
2025-06-04 20:56:31.043 [info] > git status -z -uall [10ms]
2025-06-04 20:56:31.072 [info] > git for-each-ref --sort -committerdate --format %(refname)%00%(objectname)%00%(*objectname) [29ms]
2025-06-04 20:56:31.228 [info] > git check-ignore -v -z --stdin [1ms]
2025-06-04 20:56:36.476 [info] > git check-ignore -v -z --stdin [2ms]
2025-06-04 20:59:48.478 [info] > git show --textconv :JavaCalc.java [21ms]
2025-06-04 20:59:48.478 [info] > git ls-files --stage -- JavaCalc.java [6ms]
2025-06-04 20:59:48.510 [info] > git cat-file -s 2c438503483ec75d6aa9e6bfab87f003d0c846e6 [24ms]
2025-06-04 20:59:48.611 [info] > git blame --root --incremental 10be887f6dc2b6bd549a8afef1ca08ed5abdeb51 -- JavaCalc.java [5ms]
2025-06-04 20:59:51.253 [info] > git show --textconv :linked-list.cpp [37ms]
2025-06-04 20:59:51.253 [info] > git ls-files --stage -- linked-list.cpp [2ms]
2025-06-04 20:59:51.325 [info] > git cat-file -s e440dbfbe09f423d1e8db455e7cc23e399b5eedf [48ms]
2025-06-04 20:59:51.389 [info] > git blame --root --incremental 10be887f6dc2b6bd549a8afef1ca08ed5abdeb51 -- linked-list.cpp [8ms]
2025-06-04 21:00:03.151 [info] > git config --get commit.template [11ms]
2025-06-04 21:00:03.152 [info] > git for-each-ref --format=%(refname)%00%(upstream:short)%00%(objectname)%00%(upstream:track)%00%(upstream:remotename)%00%(upstream:remoteref) refs/heads/b1 refs/remotes/b1 [3ms]
2025-06-04 21:00:03.170 [info] > git status -z -uall [9ms]
2025-06-04 21:00:03.171 [info] > git for-each-ref --sort -committerdate --format %(refname)%00%(objectname)%00%(*objectname) [3ms]
2025-06-04 21:04:05.255 [info] [main] Log level: Info
2025-06-04 21:04:05.255 [info] [main] Validating found git in: "git"
2025-06-04 21:04:05.255 [info] [main] Using git "2.43.0" from "git"
2025-06-04 21:04:05.255 [info] [Model][doInitialScan] Initial repository scan started
2025-06-04 21:04:05.255 [info] > git rev-parse --show-toplevel [47ms]
2025-06-04 21:04:05.304 [info] > git rev-parse --git-dir --git-common-dir [8ms]
2025-06-04 21:04:05.319 [info] [Model][openRepository] Opened repository (path): /home/sammy/Desktop/temp/pong-game
2025-06-04 21:04:05.319 [info] [Model][openRepository] Opened repository (real path): /home/sammy/Desktop/temp/pong-game
2025-06-04 21:04:05.364 [info] > git rev-parse --show-toplevel [17ms]
2025-06-04 21:04:05.366 [info] [Model][doInitialScan] Initial repository scan completed - repositories (1), closed repositories (0), parent repositories (0), unsafe repositories (0)
2025-06-04 21:04:05.367 [info] > git config --get commit.template [32ms]
2025-06-04 21:04:05.417 [info] > git for-each-ref --format=%(refname)%00%(upstream:short)%00%(objectname)%00%(upstream:track)%00%(upstream:remotename)%00%(upstream:remoteref) refs/heads/b1 refs/remotes/b1 [13ms]
2025-06-04 21:04:05.490 [info] > git status -z -uall [57ms]
2025-06-04 21:04:05.490 [info] > git for-each-ref --sort -committerdate --format %(refname)%00%(objectname)%00%(*objectname) [39ms]
2025-06-04 21:04:05.566 [info] > git for-each-ref --format=%(refname)%00%(upstream:short)%00%(objectname)%00%(upstream:track)%00%(upstream:remotename)%00%(upstream:remoteref) refs/heads/b1 refs/remotes/b1 [59ms]
2025-06-04 21:04:05.670 [info] > git config --get --local branch.b1.vscode-merge-base [92ms]
2025-06-04 21:04:05.681 [info] > git config --get commit.template [116ms]
2025-06-04 21:04:05.745 [info] > git for-each-ref --format=%(refname)%00%(upstream:short)%00%(objectname)%00%(upstream:track)%00%(upstream:remotename)%00%(upstream:remoteref) refs/heads/origin/main refs/remotes/origin/main [65ms]
2025-06-04 21:04:05.884 [info] > git for-each-ref --format=%(refname)%00%(upstream:short)%00%(objectname)%00%(upstream:track)%00%(upstream:remotename)%00%(upstream:remoteref) refs/heads/b1 refs/remotes/b1 [27ms]
2025-06-04 21:04:06.006 [info] > git status -z -uall [111ms]
2025-06-04 21:04:06.006 [info] > git check-ignore -v -z --stdin [93ms]
2025-06-04 21:04:06.008 [info] > git for-each-ref --sort -committerdate --format %(refname)%00%(objectname)%00%(*objectname) [105ms]
2025-06-04 21:04:06.057 [info] > git show --textconv :GamePanel.java [37ms]
2025-06-04 21:04:06.057 [info] > git ls-files --stage -- GamePanel.java [25ms]
2025-06-04 21:04:06.157 [info] > git cat-file -s 284bc037f73e3ce7bcd3f46a0a2b017741971d52 [87ms]
2025-06-04 21:06:13.686 [info] > git config --get commit.template [2ms]
2025-06-04 21:06:13.694 [info] > git for-each-ref --format=%(refname)%00%(upstream:short)%00%(objectname)%00%(upstream:track)%00%(upstream:remotename)%00%(upstream:remoteref) refs/heads/b1 refs/remotes/b1 [1ms]
2025-06-04 21:06:13.710 [info] > git status -z -uall [7ms]
2025-06-04 21:06:13.710 [info] > git for-each-ref --sort -committerdate --format %(refname)%00%(objectname)%00%(*objectname) [1ms]
2025-06-04 21:06:15.002 [info] > git blame --root --incremental 449a71f6eaae499f7d7ebd1bfe6d170c9ad462d9 -- GamePanel.java [3ms]
2025-06-04 21:07:30.744 [info] > git for-each-ref --format=%(refname)%00%(upstream:short)%00%(objectname)%00%(upstream:track)%00%(upstream:remotename)%00%(upstream:remoteref) refs/heads/b1 refs/remotes/b1 [1ms]
2025-06-04 21:07:30.745 [info] > git config --get commit.template [16ms]
2025-06-04 21:07:30.776 [info] > git status -z -uall [18ms]
2025-06-04 21:07:30.777 [info] > git for-each-ref --sort -committerdate --format %(refname)%00%(objectname)%00%(*objectname) [2ms]
2025-06-04 21:07:48.176 [info] > git config --get commit.template [12ms]
2025-06-04 21:07:48.177 [info] > git for-each-ref --format=%(refname)%00%(upstream:short)%00%(objectname)%00%(upstream:track)%00%(upstream:remotename)%00%(upstream:remoteref) refs/heads/b1 refs/remotes/b1 [2ms]
2025-06-04 21:07:48.192 [info] > git status -z -uall [7ms]
2025-06-04 21:07:48.193 [info] > git for-each-ref --sort -committerdate --format %(refname)%00%(objectname)%00%(*objectname) [1ms]
2025-06-04 21:09:10.735 [info] > git config --get commit.template [7ms]
2025-06-04 21:09:10.736 [info] > git for-each-ref --format=%(refname)%00%(upstream:short)%00%(objectname)%00%(upstream:track)%00%(upstream:remotename)%00%(upstream:remoteref) refs/heads/b1 refs/remotes/b1 [1ms]
2025-06-04 21:09:10.751 [info] > git status -z -uall [9ms]
2025-06-04 21:09:10.751 [info] > git for-each-ref --sort -committerdate --format %(refname)%00%(objectname)%00%(*objectname) [1ms]
2025-06-04 21:09:10.762 [info] > git blame --root --incremental 0b59be6b7ba795aa1492a848fd14bc19527f2ba1 -- GamePanel.java [3ms]
2025-06-04 21:09:11.792 [info] > git config --get commit.template [11ms]
2025-06-04 21:09:11.793 [info] > git for-each-ref --format=%(refname)%00%(upstream:short)%00%(objectname)%00%(upstream:track)%00%(upstream:remotename)%00%(upstream:remoteref) refs/heads/b1 refs/remotes/b1 [2ms]
2025-06-04 21:09:11.809 [info] > git status -z -uall [8ms]
2025-06-04 21:09:11.810 [info] > git for-each-ref --sort -committerdate --format %(refname)%00%(objectname)%00%(*objectname) [1ms]
2025-06-04 21:09:11.885 [info] > git ls-files --stage -- GamePanel.java [2ms]
2025-06-04 21:09:11.898 [info] > git cat-file -s 90431da004992f561ac97c8bf171b477d3083b1f [2ms]
2025-06-04 21:09:11.910 [info] > git show --textconv :GamePanel.java [2ms]
2025-06-04 21:09:16.001 [info] > git config --get commit.template [11ms]
2025-06-04 21:09:16.002 [info] > git for-each-ref --format=%(refname)%00%(upstream:short)%00%(objectname)%00%(upstream:track)%00%(upstream:remotename)%00%(upstream:remoteref) refs/heads/main refs/remotes/main [2ms]
2025-06-04 21:09:16.018 [info] > git status -z -uall [7ms]
2025-06-04 21:09:16.018 [info] > git for-each-ref --sort -committerdate --format %(refname)%00%(objectname)%00%(*objectname) [1ms]
2025-06-04 21:09:16.031 [info] > git for-each-ref --format=%(refname)%00%(upstream:short)%00%(objectname)%00%(upstream:track)%00%(upstream:remotename)%00%(upstream:remoteref) refs/heads/main refs/remotes/main [1ms]
2025-06-04 21:09:16.037 [info] > git config --get --local branch.main.vscode-merge-base [1ms]
2025-06-04 21:09:16.046 [info] > git for-each-ref --format=%(refname)%00%(upstream:short)%00%(objectname)%00%(upstream:track)%00%(upstream:remotename)%00%(upstream:remoteref) refs/heads/origin/main refs/remotes/origin/main [1ms]
2025-06-04 21:09:16.054 [info] > git merge-base refs/heads/main refs/remotes/origin/main [1ms]
2025-06-04 21:09:16.068 [info] > git diff --name-status -z --diff-filter=ADMR 449a71f6eaae499f7d7ebd1bfe6d170c9ad462d9...refs/remotes/origin/main [2ms]
2025-06-04 21:09:17.082 [info] > git config --get commit.template [13ms]
2025-06-04 21:09:17.083 [info] > git for-each-ref --format=%(refname)%00%(upstream:short)%00%(objectname)%00%(upstream:track)%00%(upstream:remotename)%00%(upstream:remoteref) refs/heads/main refs/remotes/main [2ms]
2025-06-04 21:09:17.102 [info] > git status -z -uall [8ms]
2025-06-04 21:09:17.103 [info] > git for-each-ref --sort -committerdate --format %(refname)%00%(objectname)%00%(*objectname) [1ms]
2025-06-04 21:09:17.166 [info] > git ls-files --stage -- GamePanel.java [1ms]
2025-06-04 21:09:17.177 [info] > git cat-file -s 284bc037f73e3ce7bcd3f46a0a2b017741971d52 [2ms]
2025-06-04 21:09:17.188 [info] > git show --textconv :GamePanel.java [1ms]
2025-06-04 21:09:18.920 [info] > git config --get commit.template [7ms]
2025-06-04 21:09:18.921 [info] > git for-each-ref --format=%(refname)%00%(upstream:short)%00%(objectname)%00%(upstream:track)%00%(upstream:remotename)%00%(upstream:remoteref) refs/heads/main refs/remotes/main [1ms]
2025-06-04 21:09:18.936 [info] > git status -z -uall [6ms]
2025-06-04 21:09:18.937 [info] > git for-each-ref --sort -committerdate --format %(refname)%00%(objectname)%00%(*objectname) [1ms]
2025-06-04 21:09:18.949 [info] > git merge-base refs/heads/main refs/remotes/origin/main [1ms]
2025-06-04 21:09:18.956 [info] > git diff --name-status -z --diff-filter=ADMR 449a71f6eaae499f7d7ebd1bfe6d170c9ad462d9...refs/remotes/origin/main [2ms]
2025-06-04 21:09:20.081 [info] > git ls-files --stage -- GamePanel.java [2ms]
2025-06-04 21:09:20.094 [info] > git cat-file -s 90431da004992f561ac97c8bf171b477d3083b1f [2ms]
2025-06-04 21:09:20.106 [info] > git show --textconv :GamePanel.java [2ms]
2025-06-04 21:09:22.129 [info] > git config --get commit.template [10ms]
2025-06-04 21:09:22.130 [info] > git for-each-ref --format=%(refname)%00%(upstream:short)%00%(objectname)%00%(upstream:track)%00%(upstream:remotename)%00%(upstream:remoteref) refs/heads/main refs/remotes/main [2ms]
2025-06-04 21:09:22.147 [info] > git status -z -uall [9ms]
2025-06-04 21:09:22.148 [info] > git for-each-ref --sort -committerdate --format %(refname)%00%(objectname)%00%(*objectname) [2ms]
2025-06-04 21:09:41.393 [info] > git config --get commit.template [10ms]
2025-06-04 21:09:41.393 [info] > git for-each-ref --format=%(refname)%00%(upstream:short)%00%(objectname)%00%(upstream:track)%00%(upstream:remotename)%00%(upstream:remoteref) refs/heads/main refs/remotes/main [1ms]
2025-06-04 21:09:41.406 [info] > git status -z -uall [6ms]
2025-06-04 21:09:41.407 [info] > git for-each-ref --sort -committerdate --format %(refname)%00%(objectname)%00%(*objectname) [2ms]
2025-06-04 21:09:41.418 [info] > git merge-base refs/heads/main refs/remotes/origin/main [1ms]
2025-06-04 21:09:41.427 [info] > git diff --name-status -z --diff-filter=ADMR 0b59be6b7ba795aa1492a848fd14bc19527f2ba1...refs/remotes/origin/main [1ms]
2025-06-04 21:09:42.459 [info] > git config --get commit.template [14ms]
2025-06-04 21:09:42.460 [info] > git for-each-ref --format=%(refname)%00%(upstream:short)%00%(objectname)%00%(upstream:track)%00%(upstream:remotename)%00%(upstream:remoteref) refs/heads/main refs/remotes/main [1ms]
2025-06-04 21:09:42.478 [info] > git status -z -uall [9ms]
2025-06-04 21:09:42.479 [info] > git for-each-ref --sort -committerdate --format %(refname)%00%(objectname)%00%(*objectname) [1ms]
2025-06-04 21:09:42.548 [info] > git ls-files --stage -- GamePanel.java [2ms]
2025-06-04 21:09:42.562 [info] > git cat-file -s 90431da004992f561ac97c8bf171b477d3083b1f [2ms]
2025-06-04 21:09:42.576 [info] > git show --textconv :GamePanel.java [2ms]
2025-06-04 21:09:56.692 [info] > git config --get commit.template [2ms]
2025-06-04 21:09:56.699 [info] > git for-each-ref --format=%(refname)%00%(upstream:short)%00%(objectname)%00%(upstream:track)%00%(upstream:remotename)%00%(upstream:remoteref) refs/heads/b1 refs/remotes/b1 [0ms]
2025-06-04 21:09:56.713 [info] > git status -z -uall [7ms]
2025-06-04 21:09:56.714 [info] > git for-each-ref --sort -committerdate --format %(refname)%00%(objectname)%00%(*objectname) [1ms]
2025-06-04 21:09:56.723 [info] > git for-each-ref --format=%(refname)%00%(upstream:short)%00%(objectname)%00%(upstream:track)%00%(upstream:remotename)%00%(upstream:remoteref) refs/heads/b1 refs/remotes/b1 [2ms]
2025-06-04 21:09:56.730 [info] > git config --get --local branch.b1.vscode-merge-base [0ms]
2025-06-04 21:09:56.738 [info] > git for-each-ref --format=%(refname)%00%(upstream:short)%00%(objectname)%00%(upstream:track)%00%(upstream:remotename)%00%(upstream:remoteref) refs/heads/origin/main refs/remotes/origin/main [1ms]
2025-06-04 21:09:57.771 [info] > git config --get commit.template [13ms]
2025-06-04 21:09:57.771 [info] > git for-each-ref --format=%(refname)%00%(upstream:short)%00%(objectname)%00%(upstream:track)%00%(upstream:remotename)%00%(upstream:remoteref) refs/heads/b1 refs/remotes/b1 [2ms]
2025-06-04 21:09:57.787 [info] > git status -z -uall [8ms]
2025-06-04 21:09:57.787 [info] > git for-each-ref --sort -committerdate --format %(refname)%00%(objectname)%00%(*objectname) [1ms]
2025-06-04 21:09:57.860 [info] > git ls-files --stage -- GamePanel.java [3ms]
2025-06-04 21:09:57.872 [info] > git cat-file -s 90431da004992f561ac97c8bf171b477d3083b1f [2ms]
2025-06-04 21:09:57.884 [info] > git show --textconv :GamePanel.java [2ms]
