2025-06-07 14:57:52.854 [info] Extension host with pid 3204 started
2025-06-07 14:57:52.854 [info] Skipping acquiring lock for /home/sammy/.config/Code/User/workspaceStorage/dd918b45ff2846cfdfc8919a1dd5fea0.
2025-06-07 14:57:53.081 [info] ExtensionService#_doActivateExtension vscode.github-authentication, startup: false, activationEvent: 'onAuthenticationRequest:github'
2025-06-07 14:57:53.109 [info] ExtensionService#_doActivateExtension vscode.emmet, startup: false, activationEvent: 'onLanguage'
2025-06-07 14:57:53.126 [info] ExtensionService#_doActivateExtension ms-vscode.cpptools, startup: false, activationEvent: 'onLanguage:cpp'
2025-06-07 14:57:53.666 [info] ExtensionService#_doActivateExtension vscode.git-base, startup: true, activationEvent: '*', root cause: vscode.git
2025-06-07 14:57:53.672 [info] ExtensionService#_doActivateExtension vscode.git, startup: true, activationEvent: '*'
2025-06-07 14:57:53.714 [info] ExtensionService#_doActivateExtension vscode.github, startup: true, activationEvent: '*'
2025-06-07 14:57:53.938 [info] ExtensionService#_doActivateExtension vscode.configuration-editing, startup: false, activationEvent: 'onLanguage:jsonc'
2025-06-07 14:57:53.947 [info] ExtensionService#_doActivateExtension vscode.json-language-features, startup: false, activationEvent: 'onLanguage:jsonc'
2025-06-07 14:57:53.994 [info] ExtensionService#_doActivateExtension vscode.typescript-language-features, startup: false, activationEvent: 'onLanguage:jsonc'
2025-06-07 14:57:54.083 [info] ExtensionService#_doActivateExtension Oracle.oracle-java, startup: true, activationEvent: 'workspaceContains:**/*.java'
2025-06-07 14:57:54.403 [info] Eager extensions activated
2025-06-07 14:57:54.448 [info] ExtensionService#_doActivateExtension vscode.debug-auto-launch, startup: false, activationEvent: 'onStartupFinished'
2025-06-07 14:57:54.453 [info] ExtensionService#_doActivateExtension vscode.merge-conflict, startup: false, activationEvent: 'onStartupFinished'
2025-06-07 15:00:14.213 [warning] ms-vscode.cpptools - Code actions of kind 'quickfix' requested but returned code action is of kind 'refactor.extract.function'. Code action will be dropped. Please check 'CodeActionContext.only' to only return requested code actions.
2025-06-07 15:00:17.102 [warning] ms-vscode.cpptools - Code actions of kind 'quickfix' requested but returned code action is of kind 'refactor.extract.function'. Code action will be dropped. Please check 'CodeActionContext.only' to only return requested code actions.
2025-06-07 15:03:39.734 [warning] ms-vscode.cpptools - Code actions of kind 'quickfix' requested but returned code action is of kind 'refactor.extract.function'. Code action will be dropped. Please check 'CodeActionContext.only' to only return requested code actions.
2025-06-07 15:03:41.115 [warning] ms-vscode.cpptools - Code actions of kind 'quickfix' requested but returned code action is of kind 'refactor.extract.function'. Code action will be dropped. Please check 'CodeActionContext.only' to only return requested code actions.
2025-06-07 15:07:22.415 [info] ExtensionService#_doActivateExtension ms-vscode.js-debug, startup: false, activationEvent: 'onDebugDynamicConfigurations'
2025-06-07 15:07:25.932 [info] ExtensionService#_doActivateExtension vscode.debug-server-ready, startup: false, activationEvent: 'onDebugResolve'
2025-06-07 15:07:46.288 [info] ExtensionService#_doActivateExtension vscode.npm, startup: false, activationEvent: 'onTerminalQuickFixRequest:ms-vscode.npm-command'
2025-06-07 16:17:14.753 [warning] ms-vscode.cpptools - Code actions of kind 'quickfix' requested but returned code action is of kind 'refactor.extract.function'. Code action will be dropped. Please check 'CodeActionContext.only' to only return requested code actions.
2025-06-07 16:17:15.404 [warning] ms-vscode.cpptools - Code actions of kind 'quickfix' requested but returned code action is of kind 'refactor.extract.function'. Code action will be dropped. Please check 'CodeActionContext.only' to only return requested code actions.
2025-06-07 16:17:16.889 [warning] ms-vscode.cpptools - Code actions of kind 'quickfix' requested but returned code action is of kind 'refactor.extract.function'. Code action will be dropped. Please check 'CodeActionContext.only' to only return requested code actions.
2025-06-07 16:17:17.583 [warning] ms-vscode.cpptools - Code actions of kind 'quickfix' requested but returned code action is of kind 'refactor.extract.function'. Code action will be dropped. Please check 'CodeActionContext.only' to only return requested code actions.
2025-06-07 21:13:02.626 [warning] ms-vscode.cpptools - Code actions of kind 'quickfix' requested but returned code action is of kind 'refactor.extract.function'. Code action will be dropped. Please check 'CodeActionContext.only' to only return requested code actions.
2025-06-07 21:13:03.243 [warning] ms-vscode.cpptools - Code actions of kind 'quickfix' requested but returned code action is of kind 'refactor.extract.function'. Code action will be dropped. Please check 'CodeActionContext.only' to only return requested code actions.
2025-06-07 21:25:15.421 [warning] ms-vscode.cpptools - Code actions of kind 'quickfix' requested but returned code action is of kind 'refactor.extract.function'. Code action will be dropped. Please check 'CodeActionContext.only' to only return requested code actions.
2025-06-07 21:25:18.104 [warning] ms-vscode.cpptools - Code actions of kind 'quickfix' requested but returned code action is of kind 'refactor.extract.function'. Code action will be dropped. Please check 'CodeActionContext.only' to only return requested code actions.
2025-06-07 21:44:14.700 [warning] ms-vscode.cpptools - Code actions of kind 'quickfix' requested but returned code action is of kind 'refactor.extract.function'. Code action will be dropped. Please check 'CodeActionContext.only' to only return requested code actions.
2025-06-07 21:44:15.487 [warning] ms-vscode.cpptools - Code actions of kind 'quickfix' requested but returned code action is of kind 'refactor.extract.function'. Code action will be dropped. Please check 'CodeActionContext.only' to only return requested code actions.
2025-06-07 21:44:15.906 [warning] ms-vscode.cpptools - Code actions of kind 'quickfix' requested but returned code action is of kind 'refactor.extract.function'. Code action will be dropped. Please check 'CodeActionContext.only' to only return requested code actions.
2025-06-07 21:46:37.765 [warning] ms-vscode.cpptools - Code actions of kind 'quickfix' requested but returned code action is of kind 'refactor.extract.function'. Code action will be dropped. Please check 'CodeActionContext.only' to only return requested code actions.
2025-06-07 21:46:54.496 [warning] ms-vscode.cpptools - Code actions of kind 'quickfix' requested but returned code action is of kind 'refactor.extract.function'. Code action will be dropped. Please check 'CodeActionContext.only' to only return requested code actions.
2025-06-07 21:51:02.330 [warning] ms-vscode.cpptools - Code actions of kind 'quickfix' requested but returned code action is of kind 'refactor.extract.function'. Code action will be dropped. Please check 'CodeActionContext.only' to only return requested code actions.
2025-06-07 21:51:06.064 [warning] ms-vscode.cpptools - Code actions of kind 'quickfix' requested but returned code action is of kind 'refactor.extract.function'. Code action will be dropped. Please check 'CodeActionContext.only' to only return requested code actions.
2025-06-07 21:51:06.680 [warning] ms-vscode.cpptools - Code actions of kind 'quickfix' requested but returned code action is of kind 'refactor.extract.function'. Code action will be dropped. Please check 'CodeActionContext.only' to only return requested code actions.
2025-06-07 21:51:14.730 [warning] ms-vscode.cpptools - Code actions of kind 'quickfix' requested but returned code action is of kind 'refactor.extract.function'. Code action will be dropped. Please check 'CodeActionContext.only' to only return requested code actions.
2025-06-08 00:39:51.717 [info] Extension host terminating: renderer closed the MessagePort
2025-06-08 00:39:51.801 [error] Error: Channel has been closed
	at s (file:///usr/share/code/resources/app/out/vs/workbench/api/node/extensionHostProcess.js:125:2431)
	at Object.appendLine (file:///usr/share/code/resources/app/out/vs/workbench/api/node/extensionHostProcess.js:125:2570)
	at R.logOutputMessage (/usr/share/code/resources/app/extensions/json-language-features/client/dist/node/jsonClientMain.js:2:290791)
	at R.info (/usr/share/code/resources/app/extensions/json-language-features/client/dist/node/jsonClientMain.js:2:290524)
	at ChildProcess.<anonymous> (/usr/share/code/resources/app/extensions/json-language-features/client/dist/node/jsonClientMain.js:2:514797)
	at ChildProcess.emit (node:events:524:28)
	at ChildProcess._handle.onexit (node:internal/child_process:293:12)
2025-06-08 00:39:52.105 [error] Error: Pending response rejected since connection got disposed
	at Object.dispose (/home/sammy/.vscode/extensions/oracle.oracle-java-24.0.0/node_modules/vscode-jsonrpc/lib/common/connection.js:1167:27)
	at Object.dispose (/home/sammy/.vscode/extensions/oracle.oracle-java-24.0.0/node_modules/vscode-languageclient/lib/common/client.js:1586:35)
	at NbLanguageClient.handleConnectionClosed (/home/sammy/.vscode/extensions/oracle.oracle-java-24.0.0/node_modules/vscode-languageclient/lib/common/client.js:1155:34)
	at NbLanguageClient.handleConnectionClosed (/home/sammy/.vscode/extensions/oracle.oracle-java-24.0.0/node_modules/vscode-languageclient/lib/node/main.js:180:22)
	at closeHandler (/home/sammy/.vscode/extensions/oracle.oracle-java-24.0.0/node_modules/vscode-languageclient/lib/common/client.js:1142:18)
	at CallbackList.invoke (/home/sammy/.vscode/extensions/oracle.oracle-java-24.0.0/node_modules/vscode-jsonrpc/lib/common/events.js:55:39)
	at Emitter.fire (/home/sammy/.vscode/extensions/oracle.oracle-java-24.0.0/node_modules/vscode-jsonrpc/lib/common/events.js:117:36)
	at closeHandler (/home/sammy/.vscode/extensions/oracle.oracle-java-24.0.0/node_modules/vscode-jsonrpc/lib/common/connection.js:314:26)
	at CallbackList.invoke (/home/sammy/.vscode/extensions/oracle.oracle-java-24.0.0/node_modules/vscode-jsonrpc/lib/common/events.js:55:39)
	at Emitter.fire (/home/sammy/.vscode/extensions/oracle.oracle-java-24.0.0/node_modules/vscode-jsonrpc/lib/common/events.js:117:36)
	at StreamMessageWriter.fireClose (/home/sammy/.vscode/extensions/oracle.oracle-java-24.0.0/node_modules/vscode-jsonrpc/lib/common/messageWriter.js:42:27)
	at Socket.<anonymous> (/home/sammy/.vscode/extensions/oracle.oracle-java-24.0.0/node_modules/vscode-jsonrpc/lib/common/messageWriter.js:74:42)
	at Socket.emit (node:events:536:35)
	at TCP.<anonymous> (node:net:343:12)
2025-06-08 00:39:52.105 [info] Extension host with pid 3204 exiting with code 0
