2025-06-04 17:13:45.670 [info] Reading sessions from keychain...
2025-06-04 17:13:45.670 [info] Getting sessions for all scopes...
2025-06-04 17:13:45.670 [info] Getting sessions for all scopes...
2025-06-04 17:13:45.670 [info] Getting sessions for all scopes...
2025-06-04 17:13:45.670 [info] Getting sessions for all scopes...
2025-06-04 17:13:45.670 [info] Getting sessions for all scopes...
2025-06-04 17:13:45.670 [info] Getting sessions for all scopes...
2025-06-04 17:13:45.670 [info] Getting sessions for all scopes...
2025-06-04 17:13:45.670 [info] Getting sessions for all scopes...
2025-06-04 17:13:45.670 [info] Got stored sessions!
2025-06-04 17:13:45.670 [info] Got 1 verified sessions.
2025-06-04 17:13:45.670 [info] Got 1 sessions for ...
2025-06-04 17:13:45.670 [info] Got 1 sessions for ...
2025-06-04 17:13:45.670 [info] Got 1 sessions for ...
2025-06-04 17:13:45.670 [info] Got 1 sessions for ...
2025-06-04 17:13:45.670 [info] Got 1 sessions for ...
2025-06-04 17:13:45.670 [info] Got 1 sessions for ...
2025-06-04 17:13:45.670 [info] Got 1 sessions for ...
2025-06-04 17:13:45.670 [info] Got 1 sessions for ...
2025-06-04 17:13:45.670 [info] Getting sessions for all scopes...
2025-06-04 17:13:45.670 [info] Got 1 sessions for ...
2025-06-04 17:13:45.670 [info] Getting sessions for all scopes...
2025-06-04 17:13:45.670 [info] Got 1 sessions for ...
2025-06-04 17:13:45.670 [info] Getting sessions for all scopes...
2025-06-04 17:13:45.670 [info] Got 1 sessions for ...
2025-06-04 17:13:45.670 [info] Getting sessions for all scopes...
2025-06-04 17:13:45.670 [info] Got 1 sessions for ...
2025-06-04 17:13:45.670 [info] Getting sessions for all scopes...
2025-06-04 17:13:45.670 [info] Got 1 sessions for ...
2025-06-04 17:13:45.670 [info] Getting sessions for all scopes...
2025-06-04 17:13:45.670 [info] Got 1 sessions for ...
2025-06-04 17:13:46.183 [info] Getting sessions for all scopes...
2025-06-04 17:13:46.183 [info] Got 1 sessions for ...
2025-06-04 17:13:46.926 [info] Getting sessions for all scopes...
2025-06-04 17:13:46.926 [info] Got 1 sessions for ...
2025-06-04 17:13:47.363 [info] Getting sessions for read:user,repo,user:email,workflow...
2025-06-04 17:13:47.364 [info] Got 1 sessions for read:user,repo,user:email,workflow...
2025-06-04 17:13:47.918 [info] Getting sessions for read:user,repo,user:email,workflow...
2025-06-04 17:13:47.918 [info] Got 1 sessions for read:user,repo,user:email,workflow...
2025-06-04 17:15:00.555 [info] Reading sessions from keychain...
2025-06-04 17:15:00.555 [info] Getting sessions for all scopes...
2025-06-04 17:15:00.555 [info] Getting sessions for all scopes...
2025-06-04 17:15:00.568 [info] Getting sessions for all scopes...
2025-06-04 17:15:00.568 [info] Getting sessions for all scopes...
2025-06-04 17:15:00.568 [info] Getting sessions for all scopes...
2025-06-04 17:15:00.568 [info] Getting sessions for all scopes...
2025-06-04 17:15:00.568 [info] Getting sessions for all scopes...
2025-06-04 17:15:00.608 [info] Got stored sessions!
2025-06-04 17:15:00.608 [info] Got 1 verified sessions.
2025-06-04 17:15:00.608 [info] Got 1 sessions for ...
2025-06-04 17:15:00.608 [info] Got 1 sessions for ...
2025-06-04 17:15:00.608 [info] Got 1 sessions for ...
2025-06-04 17:15:00.608 [info] Got 1 sessions for ...
2025-06-04 17:15:00.608 [info] Got 1 sessions for ...
2025-06-04 17:15:00.608 [info] Got 1 sessions for ...
2025-06-04 17:15:00.608 [info] Got 1 sessions for ...
2025-06-04 17:15:00.738 [info] Getting sessions for all scopes...
2025-06-04 17:15:00.738 [info] Got 1 sessions for ...
2025-06-04 17:15:00.738 [info] Getting sessions for all scopes...
2025-06-04 17:15:00.738 [info] Got 1 sessions for ...
2025-06-04 17:15:00.739 [info] Getting sessions for all scopes...
2025-06-04 17:15:00.739 [info] Got 1 sessions for ...
2025-06-04 17:15:00.739 [info] Getting sessions for all scopes...
2025-06-04 17:15:00.739 [info] Got 1 sessions for ...
2025-06-04 17:15:00.739 [info] Getting sessions for all scopes...
2025-06-04 17:15:00.739 [info] Got 1 sessions for ...
2025-06-04 17:15:00.739 [info] Getting sessions for all scopes...
2025-06-04 17:15:00.739 [info] Got 1 sessions for ...
2025-06-04 17:15:00.739 [info] Getting sessions for all scopes...
2025-06-04 17:15:00.739 [info] Got 1 sessions for ...
2025-06-04 17:15:01.061 [info] Getting sessions for all scopes...
2025-06-04 17:15:01.061 [info] Got 1 sessions for ...
2025-06-04 17:15:01.358 [info] Getting sessions for read:user,repo,user:email,workflow...
2025-06-04 17:15:01.358 [info] Got 1 sessions for read:user,repo,user:email,workflow...
2025-06-04 17:15:02.040 [info] Getting sessions for read:user,repo,user:email,workflow...
2025-06-04 17:15:02.040 [info] Got 1 sessions for read:user,repo,user:email,workflow...
2025-06-04 17:15:02.276 [info] Getting sessions for all scopes...
2025-06-04 17:15:02.276 [info] Got 1 sessions for ...
2025-06-04 17:53:46.239 [info] Getting sessions for read:user,repo,user:email,workflow...
2025-06-04 17:53:46.240 [info] Got 1 sessions for read:user,repo,user:email,workflow...
2025-06-04 17:55:51.681 [info] Getting sessions for read:user,repo,user:email,workflow...
2025-06-04 17:55:51.681 [info] Got 1 sessions for read:user,repo,user:email,workflow...
