2025-06-27 00:28:56.531 [info] Reading sessions from keychain...
2025-06-27 00:28:56.531 [info] Getting sessions for all scopes...
2025-06-27 00:28:56.531 [info] Getting sessions for all scopes...
2025-06-27 00:28:56.531 [info] Getting sessions for all scopes...
2025-06-27 00:28:56.531 [info] Getting sessions for all scopes...
2025-06-27 00:28:56.531 [info] Getting sessions for all scopes...
2025-06-27 00:28:56.531 [info] Getting sessions for all scopes...
2025-06-27 00:28:56.531 [info] Getting sessions for all scopes...
2025-06-27 00:28:56.531 [info] Getting sessions for all scopes...
2025-06-27 00:28:56.531 [info] Getting sessions for all scopes...
2025-06-27 00:28:56.531 [info] Got stored sessions!
2025-06-27 00:28:56.531 [info] Got 1 verified sessions.
2025-06-27 00:28:56.531 [info] Got 1 sessions for ...
2025-06-27 00:28:56.531 [info] Got 1 sessions for ...
2025-06-27 00:28:56.531 [info] Got 1 sessions for ...
2025-06-27 00:28:56.531 [info] Got 1 sessions for ...
2025-06-27 00:28:56.531 [info] Got 1 sessions for ...
2025-06-27 00:28:56.531 [info] Got 1 sessions for ...
2025-06-27 00:28:56.531 [info] Got 1 sessions for ...
2025-06-27 00:28:56.531 [info] Got 1 sessions for ...
2025-06-27 00:28:56.531 [info] Got 1 sessions for ...
2025-06-27 00:28:56.531 [info] Getting sessions for all scopes...
2025-06-27 00:28:56.531 [info] Got 1 sessions for ...
2025-06-27 00:28:56.531 [info] Getting sessions for all scopes...
2025-06-27 00:28:56.531 [info] Got 1 sessions for ...
2025-06-27 00:28:56.531 [info] Getting sessions for all scopes...
2025-06-27 00:28:56.531 [info] Got 1 sessions for ...
2025-06-27 00:28:56.531 [info] Getting sessions for all scopes...
2025-06-27 00:28:56.531 [info] Got 1 sessions for ...
2025-06-27 00:28:56.531 [info] Getting sessions for all scopes...
2025-06-27 00:28:56.531 [info] Got 1 sessions for ...
2025-06-27 00:28:56.531 [info] Getting sessions for all scopes...
2025-06-27 00:28:56.531 [info] Got 1 sessions for ...
2025-06-27 00:28:56.531 [info] Getting sessions for all scopes...
2025-06-27 00:28:56.531 [info] Got 1 sessions for ...
2025-06-27 00:28:57.253 [info] Getting sessions for all scopes...
2025-06-27 00:28:57.253 [info] Got 1 sessions for ...
2025-06-27 00:28:57.938 [info] Getting sessions for read:user,repo,user:email,workflow...
2025-06-27 00:28:57.938 [info] Got 1 sessions for read:user,repo,user:email,workflow...
2025-06-27 00:29:23.058 [info] Reading sessions from keychain...
2025-06-27 00:29:23.058 [info] Getting sessions for all scopes...
2025-06-27 00:29:23.058 [info] Getting sessions for all scopes...
2025-06-27 00:29:23.058 [info] Getting sessions for all scopes...
2025-06-27 00:29:23.058 [info] Getting sessions for all scopes...
2025-06-27 00:29:23.058 [info] Getting sessions for all scopes...
2025-06-27 00:29:23.058 [info] Getting sessions for all scopes...
2025-06-27 00:29:23.058 [info] Getting sessions for all scopes...
2025-06-27 00:29:23.085 [info] Got stored sessions!
2025-06-27 00:29:23.085 [info] Got 1 verified sessions.
2025-06-27 00:29:23.085 [info] Got 1 sessions for ...
2025-06-27 00:29:23.085 [info] Got 1 sessions for ...
2025-06-27 00:29:23.085 [info] Got 1 sessions for ...
2025-06-27 00:29:23.085 [info] Got 1 sessions for ...
2025-06-27 00:29:23.085 [info] Got 1 sessions for ...
2025-06-27 00:29:23.085 [info] Got 1 sessions for ...
2025-06-27 00:29:23.085 [info] Got 1 sessions for ...
2025-06-27 00:29:23.175 [info] Getting sessions for all scopes...
2025-06-27 00:29:23.175 [info] Got 1 sessions for ...
2025-06-27 00:29:23.175 [info] Getting sessions for all scopes...
2025-06-27 00:29:23.175 [info] Got 1 sessions for ...
2025-06-27 00:29:23.175 [info] Getting sessions for all scopes...
2025-06-27 00:29:23.175 [info] Got 1 sessions for ...
2025-06-27 00:29:23.175 [info] Getting sessions for all scopes...
2025-06-27 00:29:23.175 [info] Got 1 sessions for ...
2025-06-27 00:29:23.176 [info] Getting sessions for all scopes...
2025-06-27 00:29:23.176 [info] Got 1 sessions for ...
2025-06-27 00:29:23.176 [info] Getting sessions for all scopes...
2025-06-27 00:29:23.176 [info] Got 1 sessions for ...
2025-06-27 00:29:23.238 [info] Getting sessions for all scopes...
2025-06-27 00:29:23.238 [info] Got 1 sessions for ...
2025-06-27 00:29:23.761 [info] Getting sessions for all scopes...
2025-06-27 00:29:23.761 [info] Got 1 sessions for ...
2025-06-27 00:29:24.258 [info] Getting sessions for read:user,repo,user:email,workflow...
2025-06-27 00:29:24.259 [info] Got 1 sessions for read:user,repo,user:email,workflow...
2025-06-27 00:29:24.595 [info] Getting sessions for all scopes...
2025-06-27 00:29:24.595 [info] Got 1 sessions for ...
2025-06-27 00:30:33.989 [info] Getting sessions for read:user,repo,user:email,workflow...
2025-06-27 00:30:33.989 [info] Got 1 sessions for read:user,repo,user:email,workflow...
2025-06-27 00:31:59.367 [info] Reading sessions from keychain...
2025-06-27 00:31:59.367 [info] Getting sessions for all scopes...
2025-06-27 00:31:59.367 [info] Getting sessions for all scopes...
2025-06-27 00:31:59.367 [info] Getting sessions for all scopes...
2025-06-27 00:31:59.367 [info] Getting sessions for all scopes...
2025-06-27 00:31:59.367 [info] Getting sessions for all scopes...
2025-06-27 00:31:59.367 [info] Getting sessions for all scopes...
2025-06-27 00:31:59.367 [info] Getting sessions for all scopes...
2025-06-27 00:31:59.367 [info] Getting sessions for all scopes...
2025-06-27 00:31:59.367 [info] Getting sessions for all scopes...
2025-06-27 00:31:59.367 [info] Got stored sessions!
2025-06-27 00:31:59.367 [info] Got 1 verified sessions.
2025-06-27 00:31:59.367 [info] Got 1 sessions for ...
2025-06-27 00:31:59.367 [info] Got 1 sessions for ...
2025-06-27 00:31:59.367 [info] Got 1 sessions for ...
2025-06-27 00:31:59.367 [info] Got 1 sessions for ...
2025-06-27 00:31:59.367 [info] Got 1 sessions for ...
2025-06-27 00:31:59.367 [info] Got 1 sessions for ...
2025-06-27 00:31:59.367 [info] Got 1 sessions for ...
2025-06-27 00:31:59.367 [info] Got 1 sessions for ...
2025-06-27 00:31:59.367 [info] Got 1 sessions for ...
2025-06-27 00:31:59.367 [info] Getting sessions for all scopes...
2025-06-27 00:31:59.367 [info] Got 1 sessions for ...
2025-06-27 00:31:59.367 [info] Getting sessions for all scopes...
2025-06-27 00:31:59.367 [info] Got 1 sessions for ...
2025-06-27 00:31:59.367 [info] Getting sessions for all scopes...
2025-06-27 00:31:59.367 [info] Got 1 sessions for ...
2025-06-27 00:31:59.367 [info] Getting sessions for all scopes...
2025-06-27 00:31:59.367 [info] Got 1 sessions for ...
2025-06-27 00:31:59.367 [info] Getting sessions for all scopes...
2025-06-27 00:31:59.367 [info] Got 1 sessions for ...
2025-06-27 00:31:59.367 [info] Getting sessions for all scopes...
2025-06-27 00:31:59.367 [info] Got 1 sessions for ...
2025-06-27 00:31:59.367 [info] Getting sessions for all scopes...
2025-06-27 00:31:59.367 [info] Got 1 sessions for ...
2025-06-27 00:32:00.484 [info] Getting sessions for all scopes...
2025-06-27 00:32:00.484 [info] Got 1 sessions for ...
2025-06-27 00:32:00.859 [info] Getting sessions for read:user,repo,user:email,workflow...
2025-06-27 00:32:00.859 [info] Got 1 sessions for read:user,repo,user:email,workflow...
