2025-06-23 16:08:34.518 [info] [main] Log level: Info
2025-06-23 16:08:34.518 [info] [main] Validating found git in: "git"
2025-06-23 16:08:34.518 [info] [main] Using git "2.43.0" from "git"
2025-06-23 16:08:34.518 [info] [Model][doInitialScan] Initial repository scan started
2025-06-23 16:08:34.518 [info] > git rev-parse --show-toplevel [131ms]
2025-06-23 16:08:34.518 [info] > git rev-parse --git-dir --git-common-dir [42ms]
2025-06-23 16:08:34.518 [info] [Model][openRepository] Opened repository (path): /home/sammy/Desktop/temp/hello-world
2025-06-23 16:08:34.518 [info] [Model][openRepository] Opened repository (real path): /home/sammy/Desktop/temp/hello-world
2025-06-23 16:08:34.525 [info] > git config --get commit.template [7ms]
2025-06-23 16:08:34.538 [info] > git for-each-ref --format=%(refname)%00%(upstream:short)%00%(objectname)%00%(upstream:track)%00%(upstream:remotename)%00%(upstream:remoteref) refs/heads/b1 refs/remotes/b1 [6ms]
2025-06-23 16:08:34.720 [info] > git status -z -uall [176ms]
2025-06-23 16:08:34.721 [info] > git for-each-ref --sort -committerdate --format %(refname)%00%(objectname)%00%(*objectname) [171ms]
2025-06-23 16:08:34.737 [info] > git rev-parse --show-toplevel [200ms]
2025-06-23 16:08:34.817 [info] > git for-each-ref --format=%(refname)%00%(upstream:short)%00%(objectname)%00%(upstream:track)%00%(upstream:remotename)%00%(upstream:remoteref) refs/heads/b1 refs/remotes/b1 [82ms]
2025-06-23 16:08:34.846 [info] > git config --get --local branch.b1.vscode-merge-base [23ms]
2025-06-23 16:08:34.852 [info] > git rev-parse --show-toplevel [37ms]
2025-06-23 16:08:34.853 [info] > git config --get commit.template [46ms]
2025-06-23 16:08:34.866 [info] > git for-each-ref --format=%(refname)%00%(upstream:short)%00%(objectname)%00%(upstream:track)%00%(upstream:remotename)%00%(upstream:remoteref) refs/heads/origin/main refs/remotes/origin/main [14ms]
2025-06-23 16:08:34.915 [info] > git rev-parse --show-toplevel [49ms]
2025-06-23 16:08:34.934 [info] > git for-each-ref --format=%(refname)%00%(upstream:short)%00%(objectname)%00%(upstream:track)%00%(upstream:remotename)%00%(upstream:remoteref) refs/heads/b1 refs/remotes/b1 [58ms]
2025-06-23 16:08:34.955 [info] > git status -z -uall [15ms]
2025-06-23 16:08:34.955 [info] > git for-each-ref --sort -committerdate --format %(refname)%00%(objectname)%00%(*objectname) [8ms]
2025-06-23 16:08:34.960 [info] > git rev-parse --show-toplevel [26ms]
2025-06-23 16:08:34.968 [info] > git rev-parse --show-toplevel [2ms]
2025-06-23 16:08:35.017 [info] > git rev-parse --show-toplevel [43ms]
2025-06-23 16:08:35.045 [info] > git rev-parse --show-toplevel [1ms]
2025-06-23 16:08:35.047 [info] [Model][doInitialScan] Initial repository scan completed - repositories (1), closed repositories (0), parent repositories (0), unsafe repositories (0)
2025-06-23 16:08:35.250 [info] > git check-ignore -v -z --stdin [1ms]
2025-06-23 16:08:56.368 [info] > git config --get commit.template [11ms]
2025-06-23 16:08:56.369 [info] > git for-each-ref --format=%(refname)%00%(upstream:short)%00%(objectname)%00%(upstream:track)%00%(upstream:remotename)%00%(upstream:remoteref) refs/heads/b1 refs/remotes/b1 [2ms]
2025-06-23 16:08:56.387 [info] > git status -z -uall [12ms]
2025-06-23 16:08:56.388 [info] > git check-ignore -v -z --stdin [2ms]
2025-06-23 16:08:56.388 [info] > git for-each-ref --sort -committerdate --format %(refname)%00%(objectname)%00%(*objectname) [7ms]
2025-06-23 16:17:56.094 [info] > git config --get commit.template [10ms]
2025-06-23 16:17:56.094 [info] > git for-each-ref --format=%(refname)%00%(upstream:short)%00%(objectname)%00%(upstream:track)%00%(upstream:remotename)%00%(upstream:remoteref) refs/heads/b1 refs/remotes/b1 [2ms]
2025-06-23 16:17:56.112 [info] > git status -z -uall [12ms]
2025-06-23 16:17:56.113 [info] > git for-each-ref --sort -committerdate --format %(refname)%00%(objectname)%00%(*objectname) [2ms]
2025-06-23 16:18:19.663 [info] > git config --get commit.template [12ms]
2025-06-23 16:18:19.663 [info] > git for-each-ref --format=%(refname)%00%(upstream:short)%00%(objectname)%00%(upstream:track)%00%(upstream:remotename)%00%(upstream:remoteref) refs/heads/b1 refs/remotes/b1 [1ms]
2025-06-23 16:18:19.678 [info] > git status -z -uall [8ms]
2025-06-23 16:18:19.679 [info] > git for-each-ref --sort -committerdate --format %(refname)%00%(objectname)%00%(*objectname) [1ms]
2025-06-23 16:18:24.701 [info] > git config --get commit.template [9ms]
2025-06-23 16:18:24.702 [info] > git for-each-ref --format=%(refname)%00%(upstream:short)%00%(objectname)%00%(upstream:track)%00%(upstream:remotename)%00%(upstream:remoteref) refs/heads/b1 refs/remotes/b1 [2ms]
2025-06-23 16:18:24.718 [info] > git status -z -uall [8ms]
2025-06-23 16:18:24.719 [info] > git for-each-ref --sort -committerdate --format %(refname)%00%(objectname)%00%(*objectname) [1ms]
2025-06-23 16:18:48.959 [info] > git config --get commit.template [13ms]
2025-06-23 16:18:48.960 [info] > git for-each-ref --format=%(refname)%00%(upstream:short)%00%(objectname)%00%(upstream:track)%00%(upstream:remotename)%00%(upstream:remoteref) refs/heads/b1 refs/remotes/b1 [1ms]
2025-06-23 16:18:48.977 [info] > git status -z -uall [8ms]
2025-06-23 16:18:48.978 [info] > git for-each-ref --sort -committerdate --format %(refname)%00%(objectname)%00%(*objectname) [1ms]
2025-06-23 16:18:54.002 [info] > git config --get commit.template [10ms]
2025-06-23 16:18:54.003 [info] > git for-each-ref --format=%(refname)%00%(upstream:short)%00%(objectname)%00%(upstream:track)%00%(upstream:remotename)%00%(upstream:remoteref) refs/heads/b1 refs/remotes/b1 [2ms]
2025-06-23 16:18:54.023 [info] > git status -z -uall [9ms]
2025-06-23 16:18:54.023 [info] > git for-each-ref --sort -committerdate --format %(refname)%00%(objectname)%00%(*objectname) [2ms]
2025-06-23 16:18:54.355 [info] > git ls-files --stage -- Stacks-Queues/nextGreater.cpp [1ms]
2025-06-23 16:18:54.363 [info] > git show --textconv :Stacks-Queues/nextGreater.cpp [18ms]
2025-06-23 16:18:54.363 [info] > git cat-file -s 51357fb1577bfe119baa4e5456865ceccb222988 [1ms]
2025-06-23 16:18:54.382 [info] > git blame --root --incremental 63ade77dd4fb9490fe788dd5959f14e6fab0fee0 -- Stacks-Queues/nextGreater.cpp [1ms]
2025-06-23 16:37:32.454 [info] > git check-ignore -v -z --stdin [2ms]
2025-06-23 16:37:51.835 [info] > git for-each-ref --format=%(refname)%00%(upstream:short)%00%(objectname)%00%(upstream:track)%00%(upstream:remotename)%00%(upstream:remoteref) refs/heads/b1 refs/remotes/b1 [8ms]
2025-06-23 16:37:51.836 [info] > git config --get commit.template [18ms]
2025-06-23 16:37:51.852 [info] > git check-ignore -v -z --stdin [17ms]
2025-06-23 16:37:51.852 [info] > git status -z -uall [10ms]
2025-06-23 16:37:51.853 [info] > git for-each-ref --sort -committerdate --format %(refname)%00%(objectname)%00%(*objectname) [2ms]
2025-06-23 16:53:30.808 [info] > git config --get commit.template [12ms]
2025-06-23 16:53:30.809 [info] > git for-each-ref --format=%(refname)%00%(upstream:short)%00%(objectname)%00%(upstream:track)%00%(upstream:remotename)%00%(upstream:remoteref) refs/heads/b1 refs/remotes/b1 [2ms]
2025-06-23 16:53:30.824 [info] > git status -z -uall [6ms]
2025-06-23 16:53:30.825 [info] > git for-each-ref --sort -committerdate --format %(refname)%00%(objectname)%00%(*objectname) [2ms]
2025-06-23 16:53:43.575 [info] > git config --get commit.template [11ms]
2025-06-23 16:53:43.575 [info] > git for-each-ref --format=%(refname)%00%(upstream:short)%00%(objectname)%00%(upstream:track)%00%(upstream:remotename)%00%(upstream:remoteref) refs/heads/b1 refs/remotes/b1 [2ms]
2025-06-23 16:53:43.589 [info] > git status -z -uall [6ms]
2025-06-23 16:53:43.590 [info] > git for-each-ref --sort -committerdate --format %(refname)%00%(objectname)%00%(*objectname) [1ms]
2025-06-23 16:53:48.614 [info] > git config --get commit.template [12ms]
2025-06-23 16:53:48.615 [info] > git for-each-ref --format=%(refname)%00%(upstream:short)%00%(objectname)%00%(upstream:track)%00%(upstream:remotename)%00%(upstream:remoteref) refs/heads/b1 refs/remotes/b1 [1ms]
2025-06-23 16:53:48.630 [info] > git status -z -uall [7ms]
2025-06-23 16:53:48.631 [info] > git for-each-ref --sort -committerdate --format %(refname)%00%(objectname)%00%(*objectname) [1ms]
2025-06-23 16:53:48.964 [info] > git show --textconv :Stacks-Queues/minStack.cpp [12ms]
2025-06-23 16:53:48.965 [info] > git ls-files --stage -- Stacks-Queues/minStack.cpp [2ms]
2025-06-23 16:53:48.975 [info] > git cat-file -s 95d6a7a9e73057dadb553ea81e081f4d58753e7f [1ms]
2025-06-23 16:53:49.008 [info] > git blame --root --incremental 4375344a7a60b044eca1222518db6d13bd8e1afe -- Stacks-Queues/minStack.cpp [3ms]
2025-06-23 17:15:38.823 [info] > git show --textconv :Stacks-Queues/rcReverseStack.cpp [8ms]
2025-06-23 17:15:38.824 [info] > git ls-files --stage -- Stacks-Queues/rcReverseStack.cpp [1ms]
2025-06-23 17:15:38.831 [info] > git cat-file -s 00e6c573a03b439843d52989ca5c80e1e77f2f54 [1ms]
2025-06-23 17:15:38.848 [info] > git blame --root --incremental 4375344a7a60b044eca1222518db6d13bd8e1afe -- Stacks-Queues/rcReverseStack.cpp [2ms]
2025-06-23 17:17:04.504 [info] > git show --textconv :Stacks-Queues/nextGreater.cpp [10ms]
2025-06-23 17:17:04.505 [info] > git ls-files --stage -- Stacks-Queues/nextGreater.cpp [2ms]
2025-06-23 17:17:04.512 [info] > git cat-file -s 51357fb1577bfe119baa4e5456865ceccb222988 [1ms]
2025-06-23 17:17:04.526 [info] > git blame --root --incremental 4375344a7a60b044eca1222518db6d13bd8e1afe -- Stacks-Queues/nextGreater.cpp [1ms]
