2025-06-06 13:11:39.261 [info] Reading sessions from keychain...
2025-06-06 13:11:39.261 [info] Getting sessions for all scopes...
2025-06-06 13:11:39.261 [info] Getting sessions for all scopes...
2025-06-06 13:11:39.261 [info] Getting sessions for all scopes...
2025-06-06 13:11:39.261 [info] Getting sessions for all scopes...
2025-06-06 13:11:39.261 [info] Getting sessions for all scopes...
2025-06-06 13:11:39.261 [info] Getting sessions for all scopes...
2025-06-06 13:11:39.261 [info] Getting sessions for all scopes...
2025-06-06 13:11:39.261 [info] Getting sessions for all scopes...
2025-06-06 13:11:39.261 [info] Got stored sessions!
2025-06-06 13:11:39.261 [info] Got 1 verified sessions.
2025-06-06 13:11:39.261 [info] Got 1 sessions for ...
2025-06-06 13:11:39.261 [info] Got 1 sessions for ...
2025-06-06 13:11:39.261 [info] Got 1 sessions for ...
2025-06-06 13:11:39.261 [info] Got 1 sessions for ...
2025-06-06 13:11:39.261 [info] Got 1 sessions for ...
2025-06-06 13:11:39.261 [info] Got 1 sessions for ...
2025-06-06 13:11:39.261 [info] Got 1 sessions for ...
2025-06-06 13:11:39.262 [info] Got 1 sessions for ...
2025-06-06 13:11:39.262 [info] Getting sessions for all scopes...
2025-06-06 13:11:39.262 [info] Got 1 sessions for ...
2025-06-06 13:11:39.262 [info] Getting sessions for all scopes...
2025-06-06 13:11:39.262 [info] Got 1 sessions for ...
2025-06-06 13:11:39.262 [info] Getting sessions for all scopes...
2025-06-06 13:11:39.262 [info] Got 1 sessions for ...
2025-06-06 13:11:39.262 [info] Getting sessions for all scopes...
2025-06-06 13:11:39.262 [info] Got 1 sessions for ...
2025-06-06 13:11:39.262 [info] Getting sessions for all scopes...
2025-06-06 13:11:39.262 [info] Got 1 sessions for ...
2025-06-06 13:11:39.262 [info] Getting sessions for all scopes...
2025-06-06 13:11:39.262 [info] Got 1 sessions for ...
2025-06-06 13:11:39.262 [info] Getting sessions for all scopes...
2025-06-06 13:11:39.262 [info] Got 1 sessions for ...
2025-06-06 13:11:39.262 [info] Getting sessions for all scopes...
2025-06-06 13:11:39.262 [info] Got 1 sessions for ...
2025-06-06 13:11:39.933 [info] Getting sessions for all scopes...
2025-06-06 13:11:39.933 [info] Got 1 sessions for ...
2025-06-06 13:11:40.027 [info] Getting sessions for read:user,repo,user:email,workflow...
2025-06-06 13:11:40.027 [info] Got 1 sessions for read:user,repo,user:email,workflow...
2025-06-06 13:11:40.841 [info] Getting sessions for read:user,repo,user:email,workflow...
2025-06-06 13:11:40.841 [info] Got 1 sessions for read:user,repo,user:email,workflow...
