2025-06-10 15:10:39.450 [info] Reading sessions from keychain...
2025-06-10 15:10:39.450 [info] Getting sessions for all scopes...
2025-06-10 15:10:39.450 [info] Getting sessions for all scopes...
2025-06-10 15:10:39.450 [info] Getting sessions for all scopes...
2025-06-10 15:10:39.450 [info] Getting sessions for all scopes...
2025-06-10 15:10:39.450 [info] Getting sessions for all scopes...
2025-06-10 15:10:39.450 [info] Getting sessions for all scopes...
2025-06-10 15:10:39.450 [info] Getting sessions for all scopes...
2025-06-10 15:10:39.594 [info] Got stored sessions!
2025-06-10 15:10:39.594 [info] Got 1 verified sessions.
2025-06-10 15:10:39.594 [info] Got 1 sessions for ...
2025-06-10 15:10:39.594 [info] Got 1 sessions for ...
2025-06-10 15:10:39.594 [info] Got 1 sessions for ...
2025-06-10 15:10:39.594 [info] Got 1 sessions for ...
2025-06-10 15:10:39.594 [info] Got 1 sessions for ...
2025-06-10 15:10:39.594 [info] Got 1 sessions for ...
2025-06-10 15:10:39.594 [info] Got 1 sessions for ...
2025-06-10 15:10:39.688 [info] Getting sessions for all scopes...
2025-06-10 15:10:39.688 [info] Got 1 sessions for ...
2025-06-10 15:10:39.689 [info] Getting sessions for all scopes...
2025-06-10 15:10:39.690 [info] Got 1 sessions for ...
2025-06-10 15:10:39.690 [info] Getting sessions for all scopes...
2025-06-10 15:10:39.690 [info] Got 1 sessions for ...
2025-06-10 15:10:39.690 [info] Getting sessions for all scopes...
2025-06-10 15:10:39.690 [info] Got 1 sessions for ...
2025-06-10 15:10:39.690 [info] Getting sessions for all scopes...
2025-06-10 15:10:39.690 [info] Got 1 sessions for ...
2025-06-10 15:10:39.690 [info] Getting sessions for all scopes...
2025-06-10 15:10:39.690 [info] Got 1 sessions for ...
2025-06-10 15:10:40.135 [info] Getting sessions for all scopes...
2025-06-10 15:10:40.135 [info] Got 1 sessions for ...
2025-06-10 15:10:40.709 [info] Getting sessions for all scopes...
2025-06-10 15:10:40.709 [info] Got 1 sessions for ...
2025-06-10 15:10:41.164 [info] Getting sessions for all scopes...
2025-06-10 15:10:41.164 [info] Got 1 sessions for ...
2025-06-10 15:10:41.188 [info] Getting sessions for read:user,repo,user:email,workflow...
2025-06-10 15:10:41.188 [info] Got 1 sessions for read:user,repo,user:email,workflow...
2025-06-10 15:10:42.241 [info] Getting sessions for read:user,repo,user:email,workflow...
2025-06-10 15:10:42.241 [info] Got 1 sessions for read:user,repo,user:email,workflow...
2025-06-10 15:22:11.742 [info] Getting sessions for read:user,repo,user:email,workflow...
2025-06-10 15:22:11.742 [info] Got 1 sessions for read:user,repo,user:email,workflow...
2025-06-10 19:55:19.592 [info] Getting sessions for read:user,repo,user:email,workflow...
2025-06-10 19:55:19.593 [info] Got 1 sessions for read:user,repo,user:email,workflow...
2025-06-10 19:55:20.386 [info] Getting sessions for read:user,repo,user:email,workflow...
2025-06-10 19:55:20.386 [info] Got 1 sessions for read:user,repo,user:email,workflow...
