2025-06-14 20:11:37.071 [info] [main] Log level: Info
2025-06-14 20:11:37.071 [info] [main] Validating found git in: "git"
2025-06-14 20:11:37.071 [info] [main] Using git "2.43.0" from "git"
2025-06-14 20:11:37.071 [info] [Model][doInitialScan] Initial repository scan started
2025-06-14 20:11:37.071 [info] > git rev-parse --show-toplevel [44ms]
2025-06-14 20:11:37.071 [info] > git rev-parse --git-dir --git-common-dir [199ms]
2025-06-14 20:11:37.071 [info] [Model][openRepository] Opened repository (path): /home/sammy/Desktop/temp/hello-world
2025-06-14 20:11:37.071 [info] [Model][openRepository] Opened repository (real path): /home/sammy/Desktop/temp/hello-world
2025-06-14 20:11:37.071 [info] > git rev-parse --show-toplevel [25ms]
2025-06-14 20:11:37.071 [info] > git config --get commit.template [35ms]
2025-06-14 20:11:37.186 [info] > git for-each-ref --format=%(refname)%00%(upstream:short)%00%(objectname)%00%(upstream:track)%00%(upstream:remotename)%00%(upstream:remoteref) refs/heads/b1 refs/remotes/b1 [24ms]
2025-06-14 20:11:37.219 [info] > git rev-parse --show-toplevel [63ms]
2025-06-14 20:11:37.244 [info] > git status -z -uall [39ms]
2025-06-14 20:11:37.245 [info] > git for-each-ref --sort -committerdate --format %(refname)%00%(objectname)%00%(*objectname) [27ms]
2025-06-14 20:11:37.280 [info] > git for-each-ref --format=%(refname)%00%(upstream:short)%00%(objectname)%00%(upstream:track)%00%(upstream:remotename)%00%(upstream:remoteref) refs/heads/b1 refs/remotes/b1 [13ms]
2025-06-14 20:11:37.290 [info] > git rev-parse --show-toplevel [50ms]
2025-06-14 20:11:37.307 [info] > git config --get --local branch.b1.vscode-merge-base [17ms]
2025-06-14 20:11:37.316 [info] > git config --get commit.template [36ms]
2025-06-14 20:11:37.320 [info] > git rev-parse --show-toplevel [14ms]
2025-06-14 20:11:37.336 [info] > git for-each-ref --format=%(refname)%00%(upstream:short)%00%(objectname)%00%(upstream:track)%00%(upstream:remotename)%00%(upstream:remoteref) refs/heads/origin/main refs/remotes/origin/main [21ms]
2025-06-14 20:11:37.340 [info] > git rev-parse --show-toplevel [5ms]
2025-06-14 20:11:37.341 [info] > git for-each-ref --format=%(refname)%00%(upstream:short)%00%(objectname)%00%(upstream:track)%00%(upstream:remotename)%00%(upstream:remoteref) refs/heads/b1 refs/remotes/b1 [14ms]
2025-06-14 20:11:37.372 [info] > git status -z -uall [23ms]
2025-06-14 20:11:37.372 [info] > git for-each-ref --sort -committerdate --format %(refname)%00%(objectname)%00%(*objectname) [14ms]
2025-06-14 20:11:37.381 [info] > git rev-parse --show-toplevel [10ms]
2025-06-14 20:11:37.402 [info] > git rev-parse --show-toplevel [12ms]
2025-06-14 20:11:37.405 [info] [Model][doInitialScan] Initial repository scan completed - repositories (1), closed repositories (0), parent repositories (0), unsafe repositories (0)
2025-06-14 20:11:37.444 [info] > git show --textconv :LinkedLists/llIntersection.cpp [12ms]
2025-06-14 20:11:37.444 [info] > git ls-files --stage -- LinkedLists/llIntersection.cpp [5ms]
2025-06-14 20:11:37.456 [info] > git cat-file -s 4fd7e8bfab8efbeb5afb8558a59fe6217a25bf48 [3ms]
2025-06-14 20:11:37.492 [info] > git check-ignore -v -z --stdin [2ms]
2025-06-14 20:11:37.510 [info] > git blame --root --incremental b7a3f021237821bcb74aa630e3851b25e0ce8239 -- LinkedLists/llIntersection.cpp [4ms]
2025-06-14 20:12:14.674 [info] > git check-ignore -v -z --stdin [1ms]
2025-06-14 20:12:43.086 [info] > git config --get commit.template [13ms]
2025-06-14 20:12:43.086 [info] > git for-each-ref --format=%(refname)%00%(upstream:short)%00%(objectname)%00%(upstream:track)%00%(upstream:remotename)%00%(upstream:remoteref) refs/heads/b1 refs/remotes/b1 [1ms]
2025-06-14 20:12:43.108 [info] > git status -z -uall [14ms]
2025-06-14 20:12:43.108 [info] > git check-ignore -v -z --stdin [1ms]
2025-06-14 20:12:43.108 [info] > git for-each-ref --sort -committerdate --format %(refname)%00%(objectname)%00%(*objectname) [6ms]
2025-06-14 20:24:04.900 [info] > git config --get commit.template [14ms]
2025-06-14 20:24:04.900 [info] > git for-each-ref --format=%(refname)%00%(upstream:short)%00%(objectname)%00%(upstream:track)%00%(upstream:remotename)%00%(upstream:remoteref) refs/heads/b1 refs/remotes/b1 [2ms]
2025-06-14 20:24:04.926 [info] > git status -z -uall [18ms]
2025-06-14 20:24:04.926 [info] > git for-each-ref --sort -committerdate --format %(refname)%00%(objectname)%00%(*objectname) [10ms]
2025-06-14 20:24:18.319 [info] > git config --get commit.template [1ms]
2025-06-14 20:24:18.331 [info] > git for-each-ref --format=%(refname)%00%(upstream:short)%00%(objectname)%00%(upstream:track)%00%(upstream:remotename)%00%(upstream:remoteref) refs/heads/b1 refs/remotes/b1 [1ms]
2025-06-14 20:24:18.346 [info] > git status -z -uall [9ms]
2025-06-14 20:24:18.346 [info] > git for-each-ref --sort -committerdate --format %(refname)%00%(objectname)%00%(*objectname) [1ms]
2025-06-14 20:25:15.759 [info] > git config --get commit.template [1ms]
2025-06-14 20:25:15.768 [info] > git for-each-ref --format=%(refname)%00%(upstream:short)%00%(objectname)%00%(upstream:track)%00%(upstream:remotename)%00%(upstream:remoteref) refs/heads/b1 refs/remotes/b1 [1ms]
2025-06-14 20:25:15.781 [info] > git status -z -uall [7ms]
2025-06-14 20:25:15.781 [info] > git for-each-ref --sort -committerdate --format %(refname)%00%(objectname)%00%(*objectname) [1ms]
2025-06-14 20:25:20.807 [info] > git config --get commit.template [9ms]
2025-06-14 20:25:20.808 [info] > git for-each-ref --format=%(refname)%00%(upstream:short)%00%(objectname)%00%(upstream:track)%00%(upstream:remotename)%00%(upstream:remoteref) refs/heads/b1 refs/remotes/b1 [1ms]
2025-06-14 20:25:20.821 [info] > git status -z -uall [8ms]
2025-06-14 20:25:20.822 [info] > git for-each-ref --sort -committerdate --format %(refname)%00%(objectname)%00%(*objectname) [2ms]
2025-06-14 20:26:21.112 [info] > git config --get commit.template [13ms]
2025-06-14 20:26:21.113 [info] > git for-each-ref --format=%(refname)%00%(upstream:short)%00%(objectname)%00%(upstream:track)%00%(upstream:remotename)%00%(upstream:remoteref) refs/heads/b1 refs/remotes/b1 [2ms]
2025-06-14 20:26:21.129 [info] > git status -z -uall [10ms]
2025-06-14 20:26:21.129 [info] > git for-each-ref --sort -committerdate --format %(refname)%00%(objectname)%00%(*objectname) [1ms]
2025-06-14 20:26:31.906 [info] > git config --get commit.template [9ms]
2025-06-14 20:26:31.906 [info] > git for-each-ref --format=%(refname)%00%(upstream:short)%00%(objectname)%00%(upstream:track)%00%(upstream:remotename)%00%(upstream:remoteref) refs/heads/b1 refs/remotes/b1 [1ms]
2025-06-14 20:26:31.921 [info] > git status -z -uall [6ms]
2025-06-14 20:26:31.922 [info] > git for-each-ref --sort -committerdate --format %(refname)%00%(objectname)%00%(*objectname) [1ms]
2025-06-14 20:27:10.817 [info] > git config --get commit.template [12ms]
2025-06-14 20:27:10.818 [info] > git for-each-ref --format=%(refname)%00%(upstream:short)%00%(objectname)%00%(upstream:track)%00%(upstream:remotename)%00%(upstream:remoteref) refs/heads/b1 refs/remotes/b1 [2ms]
2025-06-14 20:27:10.833 [info] > git status -z -uall [7ms]
2025-06-14 20:27:10.834 [info] > git for-each-ref --sort -committerdate --format %(refname)%00%(objectname)%00%(*objectname) [2ms]
2025-06-14 20:27:15.853 [info] > git config --get commit.template [3ms]
2025-06-14 20:27:15.865 [info] > git for-each-ref --format=%(refname)%00%(upstream:short)%00%(objectname)%00%(upstream:track)%00%(upstream:remotename)%00%(upstream:remoteref) refs/heads/b1 refs/remotes/b1 [2ms]
2025-06-14 20:27:15.880 [info] > git status -z -uall [6ms]
2025-06-14 20:27:15.881 [info] > git for-each-ref --sort -committerdate --format %(refname)%00%(objectname)%00%(*objectname) [1ms]
2025-06-14 20:28:54.491 [info] > git config --get commit.template [5ms]
2025-06-14 20:28:54.492 [info] > git for-each-ref --format=%(refname)%00%(upstream:short)%00%(objectname)%00%(upstream:track)%00%(upstream:remotename)%00%(upstream:remoteref) refs/heads/b1 refs/remotes/b1 [1ms]
2025-06-14 20:28:54.506 [info] > git status -z -uall [6ms]
2025-06-14 20:28:54.506 [info] > git for-each-ref --sort -committerdate --format %(refname)%00%(objectname)%00%(*objectname) [1ms]
2025-06-14 20:28:59.528 [info] > git config --get commit.template [8ms]
2025-06-14 20:28:59.529 [info] > git for-each-ref --format=%(refname)%00%(upstream:short)%00%(objectname)%00%(upstream:track)%00%(upstream:remotename)%00%(upstream:remoteref) refs/heads/b1 refs/remotes/b1 [2ms]
2025-06-14 20:28:59.545 [info] > git status -z -uall [7ms]
2025-06-14 20:28:59.546 [info] > git for-each-ref --sort -committerdate --format %(refname)%00%(objectname)%00%(*objectname) [1ms]
2025-06-14 20:29:07.172 [info] > git config --get commit.template [12ms]
2025-06-14 20:29:07.173 [info] > git for-each-ref --format=%(refname)%00%(upstream:short)%00%(objectname)%00%(upstream:track)%00%(upstream:remotename)%00%(upstream:remoteref) refs/heads/b1 refs/remotes/b1 [2ms]
2025-06-14 20:29:07.190 [info] > git status -z -uall [8ms]
2025-06-14 20:29:07.191 [info] > git for-each-ref --sort -committerdate --format %(refname)%00%(objectname)%00%(*objectname) [1ms]
2025-06-14 20:29:12.211 [info] > git config --get commit.template [10ms]
2025-06-14 20:29:12.212 [info] > git for-each-ref --format=%(refname)%00%(upstream:short)%00%(objectname)%00%(upstream:track)%00%(upstream:remotename)%00%(upstream:remoteref) refs/heads/b1 refs/remotes/b1 [2ms]
2025-06-14 20:29:12.229 [info] > git status -z -uall [7ms]
2025-06-14 20:29:12.231 [info] > git for-each-ref --sort -committerdate --format %(refname)%00%(objectname)%00%(*objectname) [1ms]
2025-06-14 20:29:17.243 [info] > git config --get commit.template [0ms]
2025-06-14 20:29:17.254 [info] > git for-each-ref --format=%(refname)%00%(upstream:short)%00%(objectname)%00%(upstream:track)%00%(upstream:remotename)%00%(upstream:remoteref) refs/heads/b1 refs/remotes/b1 [1ms]
2025-06-14 20:29:17.268 [info] > git status -z -uall [7ms]
2025-06-14 20:29:17.269 [info] > git for-each-ref --sort -committerdate --format %(refname)%00%(objectname)%00%(*objectname) [2ms]
2025-06-14 20:29:22.292 [info] > git config --get commit.template [11ms]
2025-06-14 20:29:22.292 [info] > git for-each-ref --format=%(refname)%00%(upstream:short)%00%(objectname)%00%(upstream:track)%00%(upstream:remotename)%00%(upstream:remoteref) refs/heads/b1 refs/remotes/b1 [1ms]
2025-06-14 20:29:22.309 [info] > git status -z -uall [9ms]
2025-06-14 20:29:22.310 [info] > git for-each-ref --sort -committerdate --format %(refname)%00%(objectname)%00%(*objectname) [2ms]
2025-06-14 20:29:22.647 [info] > git show --textconv :LinkedLists/flattenDFS.cpp [13ms]
2025-06-14 20:29:22.648 [info] > git ls-files --stage -- LinkedLists/flattenDFS.cpp [2ms]
2025-06-14 20:29:22.656 [info] > git cat-file -s 01d14bff326bd5eddf971f7fa39a869e25b6c4ba [1ms]
2025-06-14 20:29:22.678 [info] > git blame --root --incremental 10bd59b59b5c485707533b9a389d600e08bf36e5 -- LinkedLists/flattenDFS.cpp [2ms]
2025-06-14 20:29:24.259 [info] > git check-ignore -v -z --stdin [0ms]
2025-06-14 20:33:53.807 [info] > git config --get commit.template [13ms]
2025-06-14 20:33:53.808 [info] > git for-each-ref --format=%(refname)%00%(upstream:short)%00%(objectname)%00%(upstream:track)%00%(upstream:remotename)%00%(upstream:remoteref) refs/heads/b1 refs/remotes/b1 [1ms]
2025-06-14 20:33:53.829 [info] > git status -z -uall [13ms]
2025-06-14 20:33:53.829 [info] > git check-ignore -v -z --stdin [1ms]
2025-06-14 20:33:53.830 [info] > git for-each-ref --sort -committerdate --format %(refname)%00%(objectname)%00%(*objectname) [7ms]
2025-06-14 20:33:59.248 [info] > git show --textconv :LinkedLists/singlyLLL.cpp [7ms]
2025-06-14 20:33:59.250 [info] > git ls-files --stage -- LinkedLists/singlyLLL.cpp [2ms]
2025-06-14 20:33:59.258 [info] > git cat-file -s 5cc561de5d9b32c5c89ba23dfed6cbe68b809718 [1ms]
2025-06-14 20:33:59.903 [info] > git blame --root --incremental 10bd59b59b5c485707533b9a389d600e08bf36e5 -- LinkedLists/singlyLLL.cpp [21ms]
2025-06-14 20:39:14.312 [info] > git show --textconv :LinkedLists/singlyLLL.cpp [9ms]
2025-06-14 20:39:14.313 [info] > git ls-files --stage -- LinkedLists/singlyLLL.cpp [2ms]
2025-06-14 20:39:14.322 [info] > git cat-file -s 5cc561de5d9b32c5c89ba23dfed6cbe68b809718 [0ms]
2025-06-14 20:45:30.749 [info] > git show --textconv :LinkedLists/mergeSortLL.cpp [7ms]
2025-06-14 20:45:30.749 [info] > git ls-files --stage -- LinkedLists/mergeSortLL.cpp [1ms]
2025-06-14 20:45:30.758 [info] > git cat-file -s a8c2f74a59fc993fc9668465e96a4e410a708985 [1ms]
2025-06-14 20:45:30.772 [info] > git blame --root --incremental 10bd59b59b5c485707533b9a389d600e08bf36e5 -- LinkedLists/mergeSortLL.cpp [1ms]
2025-06-14 21:02:32.243 [info] > git check-ignore -v -z --stdin [2ms]
2025-06-14 21:02:36.240 [info] > git show --textconv :.gitignore [12ms]
2025-06-14 21:02:36.241 [info] > git ls-files --stage -- .gitignore [2ms]
2025-06-14 21:02:36.247 [info] > git cat-file -s 1d74e21965c4f858f5f818a270e64e1bfad7d843 [1ms]
2025-06-14 21:02:37.091 [info] > git show --textconv :binarySearch.cpp [8ms]
2025-06-14 21:02:37.092 [info] > git ls-files --stage -- binarySearch.cpp [1ms]
2025-06-14 21:02:37.099 [info] > git cat-file -s e2dccb9e9a3b36cd287a23edc95b294d2169415d [1ms]
2025-06-14 21:02:38.369 [info] > git blame --root --incremental 10bd59b59b5c485707533b9a389d600e08bf36e5 -- binarySearch.cpp [26ms]
2025-06-14 21:10:15.410 [info] > git config --get commit.template [7ms]
2025-06-14 21:10:15.410 [info] > git for-each-ref --format=%(refname)%00%(upstream:short)%00%(objectname)%00%(upstream:track)%00%(upstream:remotename)%00%(upstream:remoteref) refs/heads/b1 refs/remotes/b1 [1ms]
2025-06-14 21:10:15.429 [info] > git status -z -uall [11ms]
2025-06-14 21:10:15.430 [info] > git for-each-ref --sort -committerdate --format %(refname)%00%(objectname)%00%(*objectname) [2ms]
2025-06-14 21:10:45.317 [info] > git config --get commit.template [13ms]
2025-06-14 21:10:45.318 [info] > git for-each-ref --format=%(refname)%00%(upstream:short)%00%(objectname)%00%(upstream:track)%00%(upstream:remotename)%00%(upstream:remoteref) refs/heads/b1 refs/remotes/b1 [2ms]
2025-06-14 21:10:45.337 [info] > git status -z -uall [8ms]
2025-06-14 21:10:45.338 [info] > git for-each-ref --sort -committerdate --format %(refname)%00%(objectname)%00%(*objectname) [1ms]
2025-06-14 21:11:11.846 [info] > git config --get commit.template [11ms]
2025-06-14 21:11:11.847 [info] > git for-each-ref --format=%(refname)%00%(upstream:short)%00%(objectname)%00%(upstream:track)%00%(upstream:remotename)%00%(upstream:remoteref) refs/heads/b1 refs/remotes/b1 [1ms]
2025-06-14 21:11:11.862 [info] > git status -z -uall [7ms]
2025-06-14 21:11:11.863 [info] > git for-each-ref --sort -committerdate --format %(refname)%00%(objectname)%00%(*objectname) [1ms]
2025-06-14 21:11:16.892 [info] > git config --get commit.template [13ms]
2025-06-14 21:11:16.893 [info] > git for-each-ref --format=%(refname)%00%(upstream:short)%00%(objectname)%00%(upstream:track)%00%(upstream:remotename)%00%(upstream:remoteref) refs/heads/b1 refs/remotes/b1 [2ms]
2025-06-14 21:11:16.906 [info] > git status -z -uall [9ms]
2025-06-14 21:11:16.907 [info] > git for-each-ref --sort -committerdate --format %(refname)%00%(objectname)%00%(*objectname) [1ms]
2025-06-14 21:13:27.080 [info] > git config --get commit.template [13ms]
2025-06-14 21:13:27.081 [info] > git for-each-ref --format=%(refname)%00%(upstream:short)%00%(objectname)%00%(upstream:track)%00%(upstream:remotename)%00%(upstream:remoteref) refs/heads/b1 refs/remotes/b1 [2ms]
2025-06-14 21:13:27.099 [info] > git status -z -uall [10ms]
2025-06-14 21:13:27.101 [info] > git for-each-ref --sort -committerdate --format %(refname)%00%(objectname)%00%(*objectname) [2ms]
2025-06-14 21:13:32.132 [info] > git config --get commit.template [15ms]
2025-06-14 21:13:32.133 [info] > git for-each-ref --format=%(refname)%00%(upstream:short)%00%(objectname)%00%(upstream:track)%00%(upstream:remotename)%00%(upstream:remoteref) refs/heads/b1 refs/remotes/b1 [2ms]
2025-06-14 21:13:32.150 [info] > git status -z -uall [8ms]
2025-06-14 21:13:32.151 [info] > git for-each-ref --sort -committerdate --format %(refname)%00%(objectname)%00%(*objectname) [1ms]
2025-06-14 21:15:08.344 [info] > git config --get commit.template [14ms]
2025-06-14 21:15:08.345 [info] > git for-each-ref --format=%(refname)%00%(upstream:short)%00%(objectname)%00%(upstream:track)%00%(upstream:remotename)%00%(upstream:remoteref) refs/heads/b1 refs/remotes/b1 [2ms]
2025-06-14 21:15:08.363 [info] > git status -z -uall [8ms]
2025-06-14 21:15:08.363 [info] > git for-each-ref --sort -committerdate --format %(refname)%00%(objectname)%00%(*objectname) [1ms]
2025-06-14 21:15:13.390 [info] > git config --get commit.template [12ms]
2025-06-14 21:15:13.391 [info] > git for-each-ref --format=%(refname)%00%(upstream:short)%00%(objectname)%00%(upstream:track)%00%(upstream:remotename)%00%(upstream:remoteref) refs/heads/b1 refs/remotes/b1 [2ms]
2025-06-14 21:15:13.411 [info] > git status -z -uall [9ms]
2025-06-14 21:15:13.412 [info] > git for-each-ref --sort -committerdate --format %(refname)%00%(objectname)%00%(*objectname) [2ms]
2025-06-14 21:18:28.853 [info] > git config --get commit.template [11ms]
2025-06-14 21:18:28.853 [info] > git for-each-ref --format=%(refname)%00%(upstream:short)%00%(objectname)%00%(upstream:track)%00%(upstream:remotename)%00%(upstream:remoteref) refs/heads/b1 refs/remotes/b1 [1ms]
2025-06-14 21:18:28.871 [info] > git status -z -uall [10ms]
2025-06-14 21:18:28.871 [info] > git for-each-ref --sort -committerdate --format %(refname)%00%(objectname)%00%(*objectname) [1ms]
2025-06-14 21:18:33.886 [info] > git config --get commit.template [7ms]
2025-06-14 21:18:33.887 [info] > git for-each-ref --format=%(refname)%00%(upstream:short)%00%(objectname)%00%(upstream:track)%00%(upstream:remotename)%00%(upstream:remoteref) refs/heads/b1 refs/remotes/b1 [1ms]
2025-06-14 21:18:33.900 [info] > git status -z -uall [6ms]
2025-06-14 21:18:33.900 [info] > git for-each-ref --sort -committerdate --format %(refname)%00%(objectname)%00%(*objectname) [1ms]
2025-06-14 21:19:39.372 [info] > git config --get commit.template [7ms]
2025-06-14 21:19:39.372 [info] > git for-each-ref --format=%(refname)%00%(upstream:short)%00%(objectname)%00%(upstream:track)%00%(upstream:remotename)%00%(upstream:remoteref) refs/heads/b1 refs/remotes/b1 [1ms]
2025-06-14 21:19:39.390 [info] > git status -z -uall [10ms]
2025-06-14 21:19:39.391 [info] > git for-each-ref --sort -committerdate --format %(refname)%00%(objectname)%00%(*objectname) [1ms]
2025-06-14 21:19:46.756 [info] > git config --get commit.template [8ms]
2025-06-14 21:19:46.756 [info] > git for-each-ref --format=%(refname)%00%(upstream:short)%00%(objectname)%00%(upstream:track)%00%(upstream:remotename)%00%(upstream:remoteref) refs/heads/b1 refs/remotes/b1 [1ms]
2025-06-14 21:19:46.768 [info] > git status -z -uall [6ms]
2025-06-14 21:19:46.769 [info] > git for-each-ref --sort -committerdate --format %(refname)%00%(objectname)%00%(*objectname) [1ms]
2025-06-14 21:21:59.269 [info] > git config --get commit.template [9ms]
2025-06-14 21:21:59.270 [info] > git for-each-ref --format=%(refname)%00%(upstream:short)%00%(objectname)%00%(upstream:track)%00%(upstream:remotename)%00%(upstream:remoteref) refs/heads/b1 refs/remotes/b1 [1ms]
2025-06-14 21:21:59.286 [info] > git status -z -uall [10ms]
2025-06-14 21:21:59.287 [info] > git for-each-ref --sort -committerdate --format %(refname)%00%(objectname)%00%(*objectname) [1ms]
2025-06-14 21:22:04.302 [info] > git config --get commit.template [7ms]
2025-06-14 21:22:04.303 [info] > git for-each-ref --format=%(refname)%00%(upstream:short)%00%(objectname)%00%(upstream:track)%00%(upstream:remotename)%00%(upstream:remoteref) refs/heads/b1 refs/remotes/b1 [2ms]
2025-06-14 21:22:04.315 [info] > git status -z -uall [7ms]
2025-06-14 21:22:04.315 [info] > git for-each-ref --sort -committerdate --format %(refname)%00%(objectname)%00%(*objectname) [1ms]
2025-06-14 21:24:31.333 [info] > git config --get commit.template [10ms]
2025-06-14 21:24:31.333 [info] > git for-each-ref --format=%(refname)%00%(upstream:short)%00%(objectname)%00%(upstream:track)%00%(upstream:remotename)%00%(upstream:remoteref) refs/heads/b1 refs/remotes/b1 [1ms]
2025-06-14 21:24:31.349 [info] > git status -z -uall [10ms]
2025-06-14 21:24:31.350 [info] > git for-each-ref --sort -committerdate --format %(refname)%00%(objectname)%00%(*objectname) [2ms]
2025-06-14 21:24:36.364 [info] > git config --get commit.template [5ms]
2025-06-14 21:24:36.365 [info] > git for-each-ref --format=%(refname)%00%(upstream:short)%00%(objectname)%00%(upstream:track)%00%(upstream:remotename)%00%(upstream:remoteref) refs/heads/b1 refs/remotes/b1 [1ms]
2025-06-14 21:24:36.377 [info] > git status -z -uall [6ms]
2025-06-14 21:24:36.378 [info] > git for-each-ref --sort -committerdate --format %(refname)%00%(objectname)%00%(*objectname) [1ms]
2025-06-14 21:26:08.118 [info] > git config --get commit.template [12ms]
2025-06-14 21:26:08.118 [info] > git for-each-ref --format=%(refname)%00%(upstream:short)%00%(objectname)%00%(upstream:track)%00%(upstream:remotename)%00%(upstream:remoteref) refs/heads/b1 refs/remotes/b1 [1ms]
2025-06-14 21:26:08.136 [info] > git status -z -uall [11ms]
2025-06-14 21:26:08.136 [info] > git for-each-ref --sort -committerdate --format %(refname)%00%(objectname)%00%(*objectname) [1ms]
2025-06-14 21:26:13.149 [info] > git config --get commit.template [6ms]
2025-06-14 21:26:13.151 [info] > git for-each-ref --format=%(refname)%00%(upstream:short)%00%(objectname)%00%(upstream:track)%00%(upstream:remotename)%00%(upstream:remoteref) refs/heads/b1 refs/remotes/b1 [2ms]
2025-06-14 21:26:13.164 [info] > git status -z -uall [7ms]
2025-06-14 21:26:13.165 [info] > git for-each-ref --sort -committerdate --format %(refname)%00%(objectname)%00%(*objectname) [1ms]
2025-06-14 21:26:13.481 [info] > git show --textconv :LinkedLists/doublyLLL.cpp [6ms]
2025-06-14 21:26:13.482 [info] > git ls-files --stage -- LinkedLists/doublyLLL.cpp [1ms]
2025-06-14 21:26:13.490 [info] > git cat-file -s dcc60513af610fb4fd94510b358c95169413f3a8 [1ms]
2025-06-14 21:26:13.509 [info] > git blame --root --incremental 6fa09dd407a2c9a33b5c8fd4b3b89822e8b410fe -- LinkedLists/doublyLLL.cpp [2ms]
2025-06-14 21:32:39.679 [info] > git show --textconv :LinkedLists/mergeSortLL.cpp [10ms]
2025-06-14 21:32:39.680 [info] > git ls-files --stage -- LinkedLists/mergeSortLL.cpp [1ms]
2025-06-14 21:32:39.693 [info] > git cat-file -s a8c2f74a59fc993fc9668465e96a4e410a708985 [4ms]
2025-06-14 21:32:39.712 [info] > git blame --root --incremental 6fa09dd407a2c9a33b5c8fd4b3b89822e8b410fe -- LinkedLists/mergeSortLL.cpp [1ms]
2025-06-14 21:33:04.206 [info] > git config --get commit.template [11ms]
2025-06-14 21:33:04.207 [info] > git for-each-ref --format=%(refname)%00%(upstream:short)%00%(objectname)%00%(upstream:track)%00%(upstream:remotename)%00%(upstream:remoteref) refs/heads/b1 refs/remotes/b1 [1ms]
2025-06-14 21:33:04.234 [info] > git status -z -uall [22ms]
2025-06-14 21:33:04.234 [info] > git for-each-ref --sort -committerdate --format %(refname)%00%(objectname)%00%(*objectname) [9ms]
2025-06-14 21:33:04.238 [info] > git check-ignore -v -z --stdin [5ms]
2025-06-14 21:35:14.627 [info] > git show --textconv :LinkedLists/doublyLLL.cpp [11ms]
2025-06-14 21:35:14.628 [info] > git ls-files --stage -- LinkedLists/doublyLLL.cpp [1ms]
2025-06-14 21:35:14.637 [info] > git cat-file -s dcc60513af610fb4fd94510b358c95169413f3a8 [1ms]
2025-06-14 21:35:20.109 [info] > git show --textconv :LinkedLists/doublyLLL.cpp [9ms]
2025-06-14 21:35:20.110 [info] > git ls-files --stage -- LinkedLists/doublyLLL.cpp [2ms]
2025-06-14 21:35:20.121 [info] > git cat-file -s dcc60513af610fb4fd94510b358c95169413f3a8 [1ms]
2025-06-14 21:36:24.441 [info] > git show --textconv :LinkedLists/doublyLLL.cpp [11ms]
2025-06-14 21:36:24.442 [info] > git ls-files --stage -- LinkedLists/doublyLLL.cpp [1ms]
2025-06-14 21:36:24.454 [info] > git cat-file -s dcc60513af610fb4fd94510b358c95169413f3a8 [3ms]
2025-06-14 21:40:04.511 [info] > git config --get commit.template [12ms]
2025-06-14 21:40:04.512 [info] > git for-each-ref --format=%(refname)%00%(upstream:short)%00%(objectname)%00%(upstream:track)%00%(upstream:remotename)%00%(upstream:remoteref) refs/heads/b1 refs/remotes/b1 [1ms]
2025-06-14 21:40:04.533 [info] > git status -z -uall [9ms]
2025-06-14 21:40:04.534 [info] > git for-each-ref --sort -committerdate --format %(refname)%00%(objectname)%00%(*objectname) [2ms]
2025-06-14 21:40:18.120 [info] > git config --get commit.template [2ms]
2025-06-14 21:40:18.133 [info] > git for-each-ref --format=%(refname)%00%(upstream:short)%00%(objectname)%00%(upstream:track)%00%(upstream:remotename)%00%(upstream:remoteref) refs/heads/b1 refs/remotes/b1 [3ms]
2025-06-14 21:40:18.152 [info] > git status -z -uall [11ms]
2025-06-14 21:40:18.153 [info] > git for-each-ref --sort -committerdate --format %(refname)%00%(objectname)%00%(*objectname) [1ms]
2025-06-14 21:42:40.233 [info] > git config --get commit.template [13ms]
2025-06-14 21:42:40.233 [info] > git for-each-ref --format=%(refname)%00%(upstream:short)%00%(objectname)%00%(upstream:track)%00%(upstream:remotename)%00%(upstream:remoteref) refs/heads/b1 refs/remotes/b1 [1ms]
2025-06-14 21:42:40.250 [info] > git status -z -uall [10ms]
2025-06-14 21:42:40.251 [info] > git for-each-ref --sort -committerdate --format %(refname)%00%(objectname)%00%(*objectname) [2ms]
2025-06-14 21:43:59.956 [info] > git config --get commit.template [12ms]
2025-06-14 21:43:59.957 [info] > git for-each-ref --format=%(refname)%00%(upstream:short)%00%(objectname)%00%(upstream:track)%00%(upstream:remotename)%00%(upstream:remoteref) refs/heads/b1 refs/remotes/b1 [2ms]
2025-06-14 21:43:59.973 [info] > git status -z -uall [10ms]
2025-06-14 21:43:59.973 [info] > git for-each-ref --sort -committerdate --format %(refname)%00%(objectname)%00%(*objectname) [1ms]
2025-06-14 21:44:04.995 [info] > git config --get commit.template [10ms]
2025-06-14 21:44:04.995 [info] > git for-each-ref --format=%(refname)%00%(upstream:short)%00%(objectname)%00%(upstream:track)%00%(upstream:remotename)%00%(upstream:remoteref) refs/heads/b1 refs/remotes/b1 [1ms]
2025-06-14 21:44:05.013 [info] > git status -z -uall [9ms]
2025-06-14 21:44:05.013 [info] > git for-each-ref --sort -committerdate --format %(refname)%00%(objectname)%00%(*objectname) [2ms]
2025-06-14 21:52:11.188 [info] > git log --format=%H%n%aN%n%aE%n%at%n%ct%n%P%n%D%n%B -z --shortstat --diff-merges=first-parent -n50 --skip=0 --topo-order --decorate=full --stdin [59ms]
2025-06-14 21:52:11.727 [info] > git check-ignore -v -z --stdin [1ms]
2025-06-14 21:52:23.301 [info] > git config --get commit.template [7ms]
2025-06-14 21:52:23.301 [info] > git for-each-ref --format=%(refname)%00%(upstream:short)%00%(objectname)%00%(upstream:track)%00%(upstream:remotename)%00%(upstream:remoteref) refs/heads/b1 refs/remotes/b1 [1ms]
2025-06-14 21:52:23.315 [info] > git status -z -uall [6ms]
2025-06-14 21:52:23.316 [info] > git for-each-ref --sort -committerdate --format %(refname)%00%(objectname)%00%(*objectname) [1ms]
2025-06-14 21:52:32.435 [info] > git config --get commit.template [7ms]
2025-06-14 21:52:32.435 [info] > git for-each-ref --format=%(refname)%00%(upstream:short)%00%(objectname)%00%(upstream:track)%00%(upstream:remotename)%00%(upstream:remoteref) refs/heads/b1 refs/remotes/b1 [1ms]
2025-06-14 21:52:32.447 [info] > git status -z -uall [6ms]
2025-06-14 21:52:32.448 [info] > git for-each-ref --sort -committerdate --format %(refname)%00%(objectname)%00%(*objectname) [1ms]
2025-06-14 21:52:32.776 [info] > git show --textconv :LinkedLists/mergeSortDoubleLL.cpp [11ms]
2025-06-14 21:52:32.777 [info] > git ls-files --stage -- LinkedLists/mergeSortDoubleLL.cpp [1ms]
2025-06-14 21:52:32.786 [info] > git cat-file -s 222113b18ea17f9a0b9efa08b3bf0c10064df7e6 [3ms]
2025-06-14 21:52:32.811 [info] > git blame --root --incremental 8fa5309e3b2a8f668e724e5b98d8b1d8a65163f2 -- LinkedLists/mergeSortDoubleLL.cpp [1ms]
2025-06-14 21:52:36.472 [info] > git show --textconv :LinkedLists/doublyLLL.cpp [14ms]
2025-06-14 21:52:36.473 [info] > git ls-files --stage -- LinkedLists/doublyLLL.cpp [2ms]
2025-06-14 21:52:36.481 [info] > git cat-file -s dcc60513af610fb4fd94510b358c95169413f3a8 [1ms]
2025-06-14 21:52:36.558 [info] > git blame --root --incremental 8fa5309e3b2a8f668e724e5b98d8b1d8a65163f2 -- LinkedLists/doublyLLL.cpp [6ms]
2025-06-14 21:54:48.576 [info] > git for-each-ref --format=%(refname)%00%(upstream:short)%00%(objectname)%00%(upstream:track)%00%(upstream:remotename)%00%(upstream:remoteref) refs/heads/b1 refs/remotes/b1 [1ms]
2025-06-14 21:54:48.576 [info] > git config --get commit.template [18ms]
2025-06-14 21:54:48.603 [info] > git status -z -uall [13ms]
2025-06-14 21:54:48.605 [info] > git for-each-ref --sort -committerdate --format %(refname)%00%(objectname)%00%(*objectname) [4ms]
2025-06-14 21:54:53.622 [info] > git config --get commit.template [8ms]
2025-06-14 21:54:53.623 [info] > git for-each-ref --format=%(refname)%00%(upstream:short)%00%(objectname)%00%(upstream:track)%00%(upstream:remotename)%00%(upstream:remoteref) refs/heads/b1 refs/remotes/b1 [2ms]
2025-06-14 21:54:53.635 [info] > git status -z -uall [6ms]
2025-06-14 21:54:53.636 [info] > git for-each-ref --sort -committerdate --format %(refname)%00%(objectname)%00%(*objectname) [1ms]
2025-06-14 21:55:16.945 [info] > git config --get commit.template [7ms]
2025-06-14 21:55:16.945 [info] > git for-each-ref --format=%(refname)%00%(upstream:short)%00%(objectname)%00%(upstream:track)%00%(upstream:remotename)%00%(upstream:remoteref) refs/heads/b1 refs/remotes/b1 [1ms]
2025-06-14 21:55:16.961 [info] > git status -z -uall [7ms]
2025-06-14 21:55:16.962 [info] > git for-each-ref --sort -committerdate --format %(refname)%00%(objectname)%00%(*objectname) [1ms]
2025-06-14 21:55:21.976 [info] > git config --get commit.template [7ms]
2025-06-14 21:55:21.976 [info] > git for-each-ref --format=%(refname)%00%(upstream:short)%00%(objectname)%00%(upstream:track)%00%(upstream:remotename)%00%(upstream:remoteref) refs/heads/b1 refs/remotes/b1 [0ms]
2025-06-14 21:55:21.990 [info] > git status -z -uall [8ms]
2025-06-14 21:55:21.990 [info] > git for-each-ref --sort -committerdate --format %(refname)%00%(objectname)%00%(*objectname) [1ms]
2025-06-14 21:55:27.700 [info] > git config --get commit.template [10ms]
2025-06-14 21:55:27.700 [info] > git for-each-ref --format=%(refname)%00%(upstream:short)%00%(objectname)%00%(upstream:track)%00%(upstream:remotename)%00%(upstream:remoteref) refs/heads/b1 refs/remotes/b1 [1ms]
2025-06-14 21:55:27.717 [info] > git status -z -uall [11ms]
2025-06-14 21:55:27.718 [info] > git for-each-ref --sort -committerdate --format %(refname)%00%(objectname)%00%(*objectname) [2ms]
2025-06-14 21:55:32.733 [info] > git config --get commit.template [7ms]
2025-06-14 21:55:32.734 [info] > git for-each-ref --format=%(refname)%00%(upstream:short)%00%(objectname)%00%(upstream:track)%00%(upstream:remotename)%00%(upstream:remoteref) refs/heads/b1 refs/remotes/b1 [0ms]
2025-06-14 21:55:32.747 [info] > git status -z -uall [7ms]
2025-06-14 21:55:32.747 [info] > git for-each-ref --sort -committerdate --format %(refname)%00%(objectname)%00%(*objectname) [1ms]
2025-06-14 21:55:37.757 [info] > git config --get commit.template [1ms]
2025-06-14 21:55:37.764 [info] > git for-each-ref --format=%(refname)%00%(upstream:short)%00%(objectname)%00%(upstream:track)%00%(upstream:remotename)%00%(upstream:remoteref) refs/heads/b1 refs/remotes/b1 [1ms]
2025-06-14 21:55:37.776 [info] > git status -z -uall [6ms]
2025-06-14 21:55:37.777 [info] > git for-each-ref --sort -committerdate --format %(refname)%00%(objectname)%00%(*objectname) [1ms]
2025-06-14 21:55:43.395 [info] > git config --get commit.template [7ms]
2025-06-14 21:55:43.396 [info] > git for-each-ref --format=%(refname)%00%(upstream:short)%00%(objectname)%00%(upstream:track)%00%(upstream:remotename)%00%(upstream:remoteref) refs/heads/b1 refs/remotes/b1 [1ms]
2025-06-14 21:55:43.409 [info] > git status -z -uall [7ms]
2025-06-14 21:55:43.409 [info] > git for-each-ref --sort -committerdate --format %(refname)%00%(objectname)%00%(*objectname) [0ms]
2025-06-14 21:55:43.423 [info] > git blame --root --incremental 93d3651553933ef8fc29cffa0967536d7589f37c -- LinkedLists/doublyLLL.cpp [3ms]
2025-06-14 21:55:43.490 [info] > git ls-files --stage -- LinkedLists/doublyLLL.cpp [1ms]
2025-06-14 21:55:43.497 [info] > git cat-file -s fd2f0fac9a054c9ab617106988b5b4d3f6393561 [1ms]
2025-06-14 21:55:43.505 [info] > git show --textconv :LinkedLists/doublyLLL.cpp [1ms]
2025-06-14 22:05:00.592 [info] > git config --get commit.template [12ms]
2025-06-14 22:05:00.593 [info] > git for-each-ref --format=%(refname)%00%(upstream:short)%00%(objectname)%00%(upstream:track)%00%(upstream:remotename)%00%(upstream:remoteref) refs/heads/b1 refs/remotes/b1 [1ms]
2025-06-14 22:05:00.610 [info] > git status -z -uall [12ms]
2025-06-14 22:05:00.611 [info] > git for-each-ref --sort -committerdate --format %(refname)%00%(objectname)%00%(*objectname) [2ms]
2025-06-14 22:05:16.286 [info] > git config --get commit.template [7ms]
2025-06-14 22:05:16.287 [info] > git for-each-ref --format=%(refname)%00%(upstream:short)%00%(objectname)%00%(upstream:track)%00%(upstream:remotename)%00%(upstream:remoteref) refs/heads/b1 refs/remotes/b1 [2ms]
2025-06-14 22:05:16.307 [info] > git status -z -uall [11ms]
2025-06-14 22:05:16.307 [info] > git for-each-ref --sort -committerdate --format %(refname)%00%(objectname)%00%(*objectname) [1ms]
2025-06-14 22:05:22.685 [info] > git config --get commit.template [9ms]
2025-06-14 22:05:22.686 [info] > git for-each-ref --format=%(refname)%00%(upstream:short)%00%(objectname)%00%(upstream:track)%00%(upstream:remotename)%00%(upstream:remoteref) refs/heads/b1 refs/remotes/b1 [2ms]
2025-06-14 22:05:22.700 [info] > git status -z -uall [7ms]
2025-06-14 22:05:22.701 [info] > git for-each-ref --sort -committerdate --format %(refname)%00%(objectname)%00%(*objectname) [1ms]
2025-06-14 22:06:00.476 [info] > git config --get commit.template [10ms]
2025-06-14 22:06:00.476 [info] > git for-each-ref --format=%(refname)%00%(upstream:short)%00%(objectname)%00%(upstream:track)%00%(upstream:remotename)%00%(upstream:remoteref) refs/heads/b1 refs/remotes/b1 [1ms]
2025-06-14 22:06:00.495 [info] > git status -z -uall [10ms]
2025-06-14 22:06:00.495 [info] > git for-each-ref --sort -committerdate --format %(refname)%00%(objectname)%00%(*objectname) [1ms]
2025-06-14 22:06:05.510 [info] > git config --get commit.template [7ms]
2025-06-14 22:06:05.511 [info] > git for-each-ref --format=%(refname)%00%(upstream:short)%00%(objectname)%00%(upstream:track)%00%(upstream:remotename)%00%(upstream:remoteref) refs/heads/b1 refs/remotes/b1 [1ms]
2025-06-14 22:06:05.526 [info] > git status -z -uall [7ms]
2025-06-14 22:06:05.527 [info] > git for-each-ref --sort -committerdate --format %(refname)%00%(objectname)%00%(*objectname) [1ms]
2025-06-14 22:07:45.214 [info] > git config --get commit.template [10ms]
2025-06-14 22:07:45.215 [info] > git for-each-ref --format=%(refname)%00%(upstream:short)%00%(objectname)%00%(upstream:track)%00%(upstream:remotename)%00%(upstream:remoteref) refs/heads/b1 refs/remotes/b1 [1ms]
2025-06-14 22:07:45.233 [info] > git status -z -uall [10ms]
2025-06-14 22:07:45.234 [info] > git for-each-ref --sort -committerdate --format %(refname)%00%(objectname)%00%(*objectname) [1ms]
2025-06-14 22:07:50.252 [info] > git config --get commit.template [2ms]
2025-06-14 22:07:50.270 [info] > git for-each-ref --format=%(refname)%00%(upstream:short)%00%(objectname)%00%(upstream:track)%00%(upstream:remotename)%00%(upstream:remoteref) refs/heads/b1 refs/remotes/b1 [2ms]
2025-06-14 22:07:50.294 [info] > git status -z -uall [14ms]
2025-06-14 22:07:50.295 [info] > git for-each-ref --sort -committerdate --format %(refname)%00%(objectname)%00%(*objectname) [2ms]
2025-06-14 22:08:19.876 [info] > git config --get commit.template [2ms]
2025-06-14 22:08:19.884 [info] > git for-each-ref --format=%(refname)%00%(upstream:short)%00%(objectname)%00%(upstream:track)%00%(upstream:remotename)%00%(upstream:remoteref) refs/heads/b1 refs/remotes/b1 [1ms]
2025-06-14 22:08:19.904 [info] > git status -z -uall [8ms]
2025-06-14 22:08:19.905 [info] > git for-each-ref --sort -committerdate --format %(refname)%00%(objectname)%00%(*objectname) [2ms]
2025-06-14 22:08:44.458 [info] > git config --get commit.template [9ms]
2025-06-14 22:08:44.458 [info] > git for-each-ref --format=%(refname)%00%(upstream:short)%00%(objectname)%00%(upstream:track)%00%(upstream:remotename)%00%(upstream:remoteref) refs/heads/b1 refs/remotes/b1 [1ms]
2025-06-14 22:08:44.471 [info] > git status -z -uall [6ms]
2025-06-14 22:08:44.471 [info] > git for-each-ref --sort -committerdate --format %(refname)%00%(objectname)%00%(*objectname) [1ms]
2025-06-14 22:08:44.485 [info] > git blame --root --incremental a9091676145d6bc7f985c67d2612e7d7fcdc7970 -- LinkedLists/doublyLLL.cpp [3ms]
2025-06-14 22:08:44.552 [info] > git ls-files --stage -- LinkedLists/doublyLLL.cpp [1ms]
2025-06-14 22:08:44.561 [info] > git cat-file -s a9f481297bdcd1596873a7791baa5a711b1c2207 [0ms]
2025-06-14 22:08:44.569 [info] > git show --textconv :LinkedLists/doublyLLL.cpp [1ms]
2025-06-14 22:08:47.860 [info] > git config --get commit.template [10ms]
2025-06-14 22:08:47.861 [info] > git for-each-ref --format=%(refname)%00%(upstream:short)%00%(objectname)%00%(upstream:track)%00%(upstream:remotename)%00%(upstream:remoteref) refs/heads/main refs/remotes/main [1ms]
2025-06-14 22:08:47.879 [info] > git status -z -uall [10ms]
2025-06-14 22:08:47.880 [info] > git for-each-ref --sort -committerdate --format %(refname)%00%(objectname)%00%(*objectname) [1ms]
2025-06-14 22:08:47.905 [info] > git blame --root --incremental f83226875f3ee8e6e702c0013a39682f8789ef7c -- LinkedLists/doublyLLL.cpp [10ms]
2025-06-14 22:08:47.905 [info] fatal: no such path LinkedLists/doublyLLL.cpp in f83226875f3ee8e6e702c0013a39682f8789ef7c
2025-06-14 22:08:47.906 [info] > git for-each-ref --format=%(refname)%00%(upstream:short)%00%(objectname)%00%(upstream:track)%00%(upstream:remotename)%00%(upstream:remoteref) refs/heads/main refs/remotes/main [3ms]
2025-06-14 22:08:47.914 [info] > git config --get --local branch.main.vscode-merge-base [1ms]
2025-06-14 22:08:47.925 [info] > git for-each-ref --format=%(refname)%00%(upstream:short)%00%(objectname)%00%(upstream:track)%00%(upstream:remotename)%00%(upstream:remoteref) refs/heads/origin/main refs/remotes/origin/main [1ms]
2025-06-14 22:08:47.935 [info] > git merge-base refs/heads/main refs/remotes/origin/main [1ms]
2025-06-14 22:08:47.944 [info] > git diff --name-status -z --diff-filter=ADMR f83226875f3ee8e6e702c0013a39682f8789ef7c...refs/remotes/origin/main [1ms]
2025-06-14 22:08:49.028 [info] > git ls-files --stage -- LinkedLists/doublyLLL.cpp [1ms]
2025-06-14 22:08:49.036 [info] > git hash-object -t tree /dev/null [1ms]
2025-06-14 22:08:49.037 [warning] [GitFileSystemProvider][stat] File not found - git:/home/sammy/Desktop/temp/hello-world/LinkedLists/doublyLLL.cpp.git?%7B%22path%22%3A%22%2Fhome%2Fsammy%2FDesktop%2Ftemp%2Fhello-world%2FLinkedLists%2FdoublyLLL.cpp%22%2C%22ref%22%3A%22%22%7D
2025-06-14 22:08:49.500 [info] > git config --get commit.template [8ms]
2025-06-14 22:08:49.500 [info] > git for-each-ref --format=%(refname)%00%(upstream:short)%00%(objectname)%00%(upstream:track)%00%(upstream:remotename)%00%(upstream:remoteref) refs/heads/main refs/remotes/main [1ms]
2025-06-14 22:08:49.515 [info] > git status -z -uall [7ms]
2025-06-14 22:08:49.515 [info] > git for-each-ref --sort -committerdate --format %(refname)%00%(objectname)%00%(*objectname) [1ms]
2025-06-14 22:08:52.157 [info] > git ls-files --stage -- LinkedLists/doublyLLL.cpp [2ms]
2025-06-14 22:08:52.157 [warning] [GitFileSystemProvider][stat] File not found - git:/home/sammy/Desktop/temp/hello-world/LinkedLists/doublyLLL.cpp.git?%7B%22path%22%3A%22%2Fhome%2Fsammy%2FDesktop%2Ftemp%2Fhello-world%2FLinkedLists%2FdoublyLLL.cpp%22%2C%22ref%22%3A%22%22%7D
2025-06-14 22:08:54.532 [info] > git config --get commit.template [6ms]
2025-06-14 22:08:54.532 [info] > git for-each-ref --format=%(refname)%00%(upstream:short)%00%(objectname)%00%(upstream:track)%00%(upstream:remotename)%00%(upstream:remoteref) refs/heads/main refs/remotes/main [0ms]
2025-06-14 22:08:54.545 [info] > git status -z -uall [6ms]
2025-06-14 22:08:54.546 [info] > git for-each-ref --sort -committerdate --format %(refname)%00%(objectname)%00%(*objectname) [2ms]
2025-06-14 22:08:56.597 [info] > git config --get commit.template [11ms]
2025-06-14 22:08:56.597 [info] > git for-each-ref --format=%(refname)%00%(upstream:short)%00%(objectname)%00%(upstream:track)%00%(upstream:remotename)%00%(upstream:remoteref) refs/heads/main refs/remotes/main [1ms]
2025-06-14 22:08:56.618 [info] > git status -z -uall [10ms]
2025-06-14 22:08:56.619 [info] > git for-each-ref --sort -committerdate --format %(refname)%00%(objectname)%00%(*objectname) [3ms]
2025-06-14 22:08:56.643 [info] > git blame --root --incremental a2337c7ab788e0ee02b09b89fb07a39fd76a5907 -- LinkedLists/doublyLLL.cpp [12ms]
2025-06-14 22:08:56.645 [info] > git merge-base refs/heads/main refs/remotes/origin/main [3ms]
2025-06-14 22:08:56.658 [info] > git diff --name-status -z --diff-filter=ADMR f83226875f3ee8e6e702c0013a39682f8789ef7c...refs/remotes/origin/main [1ms]
2025-06-14 22:08:57.754 [info] > git ls-files --stage -- LinkedLists/doublyLLL.cpp [1ms]
2025-06-14 22:08:57.761 [info] > git cat-file -s a9f481297bdcd1596873a7791baa5a711b1c2207 [1ms]
2025-06-14 22:08:57.769 [info] > git show --textconv :LinkedLists/doublyLLL.cpp [1ms]
2025-06-14 22:08:59.556 [info] > git config --get commit.template [1ms]
2025-06-14 22:08:59.564 [info] > git for-each-ref --format=%(refname)%00%(upstream:short)%00%(objectname)%00%(upstream:track)%00%(upstream:remotename)%00%(upstream:remoteref) refs/heads/main refs/remotes/main [2ms]
2025-06-14 22:08:59.576 [info] > git status -z -uall [6ms]
2025-06-14 22:08:59.577 [info] > git for-each-ref --sort -committerdate --format %(refname)%00%(objectname)%00%(*objectname) [1ms]
2025-06-14 22:09:09.579 [info] > git config --get commit.template [6ms]
2025-06-14 22:09:09.580 [info] > git for-each-ref --format=%(refname)%00%(upstream:short)%00%(objectname)%00%(upstream:track)%00%(upstream:remotename)%00%(upstream:remoteref) refs/heads/main refs/remotes/main [1ms]
2025-06-14 22:09:09.596 [info] > git status -z -uall [8ms]
2025-06-14 22:09:09.597 [info] > git for-each-ref --sort -committerdate --format %(refname)%00%(objectname)%00%(*objectname) [2ms]
2025-06-14 22:09:09.606 [info] > git merge-base refs/heads/main refs/remotes/origin/main [1ms]
2025-06-14 22:09:09.614 [info] > git diff --name-status -z --diff-filter=ADMR a2337c7ab788e0ee02b09b89fb07a39fd76a5907...refs/remotes/origin/main [1ms]
2025-06-14 22:09:09.674 [info] > git ls-files --stage -- LinkedLists/doublyLLL.cpp [1ms]
2025-06-14 22:09:09.681 [info] > git cat-file -s a9f481297bdcd1596873a7791baa5a711b1c2207 [1ms]
2025-06-14 22:09:09.690 [info] > git show --textconv :LinkedLists/doublyLLL.cpp [1ms]
2025-06-14 22:09:28.733 [info] > git config --get commit.template [1ms]
2025-06-14 22:09:28.741 [info] > git for-each-ref --format=%(refname)%00%(upstream:short)%00%(objectname)%00%(upstream:track)%00%(upstream:remotename)%00%(upstream:remoteref) refs/heads/b1 refs/remotes/b1 [1ms]
2025-06-14 22:09:28.760 [info] > git status -z -uall [11ms]
2025-06-14 22:09:28.761 [info] > git for-each-ref --sort -committerdate --format %(refname)%00%(objectname)%00%(*objectname) [1ms]
2025-06-14 22:09:28.770 [info] > git for-each-ref --format=%(refname)%00%(upstream:short)%00%(objectname)%00%(upstream:track)%00%(upstream:remotename)%00%(upstream:remoteref) refs/heads/b1 refs/remotes/b1 [1ms]
2025-06-14 22:09:28.777 [info] > git config --get --local branch.b1.vscode-merge-base [0ms]
2025-06-14 22:09:28.789 [info] > git for-each-ref --format=%(refname)%00%(upstream:short)%00%(objectname)%00%(upstream:track)%00%(upstream:remotename)%00%(upstream:remoteref) refs/heads/origin/main refs/remotes/origin/main [2ms]
2025-06-14 22:09:29.804 [info] > git config --get commit.template [6ms]
2025-06-14 22:09:29.805 [info] > git for-each-ref --format=%(refname)%00%(upstream:short)%00%(objectname)%00%(upstream:track)%00%(upstream:remotename)%00%(upstream:remoteref) refs/heads/b1 refs/remotes/b1 [0ms]
2025-06-14 22:09:29.818 [info] > git status -z -uall [7ms]
2025-06-14 22:09:29.818 [info] > git for-each-ref --sort -committerdate --format %(refname)%00%(objectname)%00%(*objectname) [1ms]
2025-06-14 22:09:29.899 [info] > git ls-files --stage -- LinkedLists/doublyLLL.cpp [1ms]
2025-06-14 22:09:29.906 [info] > git cat-file -s a9f481297bdcd1596873a7791baa5a711b1c2207 [1ms]
2025-06-14 22:09:29.914 [info] > git show --textconv :LinkedLists/doublyLLL.cpp [1ms]
