2025-06-05 20:16:24.638 [info] Started local extension host with pid 15520.
2025-06-05 20:16:24.724 [info] ComputeTargetPlatform: linux-x64
2025-06-05 20:16:25.239 [info] [Oracle.oracle-java]: Command `workbench.action.debug.run` already registered by Java (Oracle.oracle-java)
2025-06-05 20:16:25.239 [info] [Oracle.oracle-java]: Command `workbench.action.debug.start` already registered by Java (Oracle.oracle-java)
2025-06-05 20:16:25.239 [info] [Oracle.oracle-java]: Command `jdk.select.editor.projects` already registered by Java (Oracle.oracle-java)
2025-06-05 20:16:26.627 [info] Settings Sync: Account status changed from uninitialized to unavailable
2025-06-05 20:16:27.477 [info] [perf] Render performance baseline is 30ms
2025-06-05 20:16:37.786 [info] Started local extension host with pid 16157.
2025-06-05 20:16:37.893 [info] ComputeTargetPlatform: linux-x64
2025-06-05 20:16:38.981 [info] [Oracle.oracle-java]: Command `workbench.action.debug.run` already registered by Java (Oracle.oracle-java)
2025-06-05 20:16:38.982 [info] [Oracle.oracle-java]: Command `workbench.action.debug.start` already registered by Java (Oracle.oracle-java)
2025-06-05 20:16:38.982 [info] [Oracle.oracle-java]: Command `jdk.select.editor.projects` already registered by Java (Oracle.oracle-java)
2025-06-05 20:16:40.097 [info] Settings Sync: Account status changed from uninitialized to unavailable
2025-06-05 20:16:41.169 [info] [perf] Render performance baseline is 60ms
2025-06-05 20:19:32.689 [warning] Semantic token with invalid length detected at lineNumber 5, column 12
2025-06-05 20:21:17.560 [error] Error: listener failed
    at vscode-file://vscode-app/usr/share/code/resources/app/out/vs/workbench/workbench.desktop.main.js:1300:10189
    at async vscode-file://vscode-app/usr/share/code/resources/app/out/vs/workbench/workbench.desktop.main.js:3236:1953
    at async r (vscode-file://vscode-app/usr/share/code/resources/app/out/vs/workbench/workbench.desktop.main.js:1807:12205)
2025-06-05 20:28:24.609 [error] An unknown error occurred. Please consult the log for more details.
2025-06-05 20:28:33.189 [error] An unknown error occurred. Please consult the log for more details.
2025-06-05 20:28:36.701 [error] An unknown error occurred. Please consult the log for more details.
2025-06-05 20:29:02.963 [error] An unknown error occurred. Please consult the log for more details.
2025-06-05 20:29:07.957 [error] An unknown error occurred. Please consult the log for more details.
2025-06-05 20:29:10.044 [error] An unknown error occurred. Please consult the log for more details.
2025-06-05 20:29:41.925 [error] An unknown error occurred. Please consult the log for more details.
2025-06-05 20:29:59.606 [error] An unknown error occurred. Please consult the log for more details.
