2025-06-14 15:14:53.589 [info] [main] Log level: Info
2025-06-14 15:14:53.589 [info] [main] Validating found git in: "git"
2025-06-14 15:14:53.589 [info] [main] Using git "2.43.0" from "git"
2025-06-14 15:14:53.589 [info] [Model][doInitialScan] Initial repository scan started
2025-06-14 15:14:53.589 [info] > git rev-parse --show-toplevel [252ms]
2025-06-14 15:14:53.589 [info] > git rev-parse --git-dir --git-common-dir [62ms]
2025-06-14 15:14:53.589 [info] [Model][openRepository] Opened repository (path): /home/sammy/Desktop/temp/hello-world
2025-06-14 15:14:53.589 [info] [Model][openRepository] Opened repository (real path): /home/sammy/Desktop/temp/hello-world
2025-06-14 15:14:53.594 [info] > git rev-parse --show-toplevel [89ms]
2025-06-14 15:14:53.595 [info] > git config --get commit.template [99ms]
2025-06-14 15:14:53.706 [info] > git rev-parse --show-toplevel [7ms]
2025-06-14 15:14:53.706 [info] > git for-each-ref --format=%(refname)%00%(upstream:short)%00%(objectname)%00%(upstream:track)%00%(upstream:remotename)%00%(upstream:remoteref) refs/heads/b1 refs/remotes/b1 [20ms]
2025-06-14 15:14:53.768 [info] > git status -z -uall [45ms]
2025-06-14 15:14:53.774 [info] > git rev-parse --show-toplevel [9ms]
2025-06-14 15:14:53.774 [info] > git for-each-ref --sort -committerdate --format %(refname)%00%(objectname)%00%(*objectname) [29ms]
2025-06-14 15:14:53.852 [info] > git for-each-ref --format=%(refname)%00%(upstream:short)%00%(objectname)%00%(upstream:track)%00%(upstream:remotename)%00%(upstream:remoteref) refs/heads/b1 refs/remotes/b1 [38ms]
2025-06-14 15:14:53.874 [info] > git config --get --local branch.b1.vscode-merge-base [9ms]
2025-06-14 15:14:53.885 [info] > git config --get commit.template [37ms]
2025-06-14 15:14:53.885 [info] > git rev-parse --show-toplevel [50ms]
2025-06-14 15:14:53.898 [info] > git for-each-ref --format=%(refname)%00%(upstream:short)%00%(objectname)%00%(upstream:track)%00%(upstream:remotename)%00%(upstream:remoteref) refs/heads/origin/main refs/remotes/origin/main [13ms]
2025-06-14 15:14:53.914 [info] > git rev-parse --show-toplevel [17ms]
2025-06-14 15:14:53.928 [info] > git for-each-ref --format=%(refname)%00%(upstream:short)%00%(objectname)%00%(upstream:track)%00%(upstream:remotename)%00%(upstream:remoteref) refs/heads/b1 refs/remotes/b1 [18ms]
2025-06-14 15:14:53.958 [info] > git status -z -uall [18ms]
2025-06-14 15:14:53.959 [info] > git for-each-ref --sort -committerdate --format %(refname)%00%(objectname)%00%(*objectname) [4ms]
2025-06-14 15:14:53.963 [info] > git rev-parse --show-toplevel [36ms]
2025-06-14 15:14:53.982 [info] > git rev-parse --show-toplevel [5ms]
2025-06-14 15:14:53.985 [info] [Model][doInitialScan] Initial repository scan completed - repositories (1), closed repositories (0), parent repositories (0), unsafe repositories (0)
2025-06-14 15:14:54.014 [info] > git show --textconv :LinkedLists/mergeSortLL.cpp [17ms]
2025-06-14 15:14:54.028 [info] > git ls-files --stage -- LinkedLists/mergeSortLL.cpp [21ms]
2025-06-14 15:14:54.055 [info] > git cat-file -s a8c2f74a59fc993fc9668465e96a4e410a708985 [18ms]
2025-06-14 15:14:54.125 [info] > git blame --root --incremental c4271fc31bda1aedf43f227b9822fcec04ea601c -- LinkedLists/mergeSortLL.cpp [7ms]
2025-06-14 15:14:54.170 [info] > git check-ignore -v -z --stdin [18ms]
2025-06-14 15:15:06.704 [info] > git config --get commit.template [1ms]
2025-06-14 15:15:06.711 [info] > git for-each-ref --format=%(refname)%00%(upstream:short)%00%(objectname)%00%(upstream:track)%00%(upstream:remotename)%00%(upstream:remoteref) refs/heads/b1 refs/remotes/b1 [2ms]
2025-06-14 15:15:06.735 [info] > git status -z -uall [16ms]
2025-06-14 15:15:06.735 [info] > git check-ignore -v -z --stdin [1ms]
2025-06-14 15:15:06.736 [info] > git for-each-ref --sort -committerdate --format %(refname)%00%(objectname)%00%(*objectname) [11ms]
2025-06-14 15:15:21.354 [info] > git show --textconv :LinkedLists/mergeSortedLL.cpp [10ms]
2025-06-14 15:15:21.355 [info] > git ls-files --stage -- LinkedLists/mergeSortedLL.cpp [2ms]
2025-06-14 15:15:21.365 [info] > git cat-file -s a674b0476f94ed862b5d80c221a822c113c06530 [3ms]
2025-06-14 15:15:23.532 [info] > git blame --root --incremental c4271fc31bda1aedf43f227b9822fcec04ea601c -- LinkedLists/mergeSortedLL.cpp [7ms]
2025-06-14 15:21:13.067 [info] > git config --get commit.template [10ms]
2025-06-14 15:21:13.067 [info] > git for-each-ref --format=%(refname)%00%(upstream:short)%00%(objectname)%00%(upstream:track)%00%(upstream:remotename)%00%(upstream:remoteref) refs/heads/b1 refs/remotes/b1 [2ms]
2025-06-14 15:21:13.081 [info] > git status -z -uall [6ms]
2025-06-14 15:21:13.082 [info] > git for-each-ref --sort -committerdate --format %(refname)%00%(objectname)%00%(*objectname) [2ms]
2025-06-14 15:21:33.998 [info] > git config --get commit.template [1ms]
2025-06-14 15:21:34.009 [info] > git for-each-ref --format=%(refname)%00%(upstream:short)%00%(objectname)%00%(upstream:track)%00%(upstream:remotename)%00%(upstream:remoteref) refs/heads/b1 refs/remotes/b1 [1ms]
2025-06-14 15:21:34.031 [info] > git status -z -uall [13ms]
2025-06-14 15:21:34.032 [info] > git for-each-ref --sort -committerdate --format %(refname)%00%(objectname)%00%(*objectname) [1ms]
2025-06-14 15:23:40.389 [info] > git log --format=%H%n%aN%n%aE%n%at%n%ct%n%P%n%D%n%B -z --shortstat --diff-merges=first-parent -n50 --skip=0 --topo-order --decorate=full --stdin [63ms]
2025-06-14 15:23:40.934 [info] > git check-ignore -v -z --stdin [2ms]
2025-06-14 15:23:42.232 [info] > git check-ignore -v -z --stdin [1ms]
2025-06-14 15:23:44.718 [info] > git show --textconv :LinkedLists/mergeSortLL.cpp [11ms]
2025-06-14 15:23:44.719 [info] > git ls-files --stage -- LinkedLists/mergeSortLL.cpp [3ms]
2025-06-14 15:23:44.727 [info] > git cat-file -s a8c2f74a59fc993fc9668465e96a4e410a708985 [1ms]
2025-06-14 15:24:34.681 [info] > git config --get commit.template [13ms]
2025-06-14 15:24:34.682 [info] > git for-each-ref --format=%(refname)%00%(upstream:short)%00%(objectname)%00%(upstream:track)%00%(upstream:remotename)%00%(upstream:remoteref) refs/heads/b1 refs/remotes/b1 [2ms]
2025-06-14 15:24:34.699 [info] > git status -z -uall [8ms]
2025-06-14 15:24:34.700 [info] > git for-each-ref --sort -committerdate --format %(refname)%00%(objectname)%00%(*objectname) [2ms]
2025-06-14 15:25:53.433 [info] > git config --get commit.template [12ms]
2025-06-14 15:25:53.433 [info] > git for-each-ref --format=%(refname)%00%(upstream:short)%00%(objectname)%00%(upstream:track)%00%(upstream:remotename)%00%(upstream:remoteref) refs/heads/b1 refs/remotes/b1 [1ms]
2025-06-14 15:25:53.449 [info] > git status -z -uall [8ms]
2025-06-14 15:25:53.450 [info] > git for-each-ref --sort -committerdate --format %(refname)%00%(objectname)%00%(*objectname) [2ms]
2025-06-14 15:25:58.481 [info] > git for-each-ref --format=%(refname)%00%(upstream:short)%00%(objectname)%00%(upstream:track)%00%(upstream:remotename)%00%(upstream:remoteref) refs/heads/b1 refs/remotes/b1 [3ms]
2025-06-14 15:25:58.481 [info] > git config --get commit.template [15ms]
2025-06-14 15:25:58.501 [info] > git status -z -uall [10ms]
2025-06-14 15:25:58.502 [info] > git for-each-ref --sort -committerdate --format %(refname)%00%(objectname)%00%(*objectname) [2ms]
2025-06-14 15:26:22.614 [info] > git config --get commit.template [15ms]
2025-06-14 15:26:22.614 [info] > git for-each-ref --format=%(refname)%00%(upstream:short)%00%(objectname)%00%(upstream:track)%00%(upstream:remotename)%00%(upstream:remoteref) refs/heads/b1 refs/remotes/b1 [2ms]
2025-06-14 15:26:22.637 [info] > git status -z -uall [12ms]
2025-06-14 15:26:22.638 [info] > git for-each-ref --sort -committerdate --format %(refname)%00%(objectname)%00%(*objectname) [3ms]
2025-06-14 15:26:27.667 [info] > git config --get commit.template [13ms]
2025-06-14 15:26:27.668 [info] > git for-each-ref --format=%(refname)%00%(upstream:short)%00%(objectname)%00%(upstream:track)%00%(upstream:remotename)%00%(upstream:remoteref) refs/heads/b1 refs/remotes/b1 [1ms]
2025-06-14 15:26:27.682 [info] > git status -z -uall [7ms]
2025-06-14 15:26:27.683 [info] > git for-each-ref --sort -committerdate --format %(refname)%00%(objectname)%00%(*objectname) [1ms]
2025-06-14 15:26:28.017 [info] > git show --textconv :LinkedLists/llIntersection.cpp [13ms]
2025-06-14 15:26:28.019 [info] > git ls-files --stage -- LinkedLists/llIntersection.cpp [2ms]
2025-06-14 15:26:28.028 [info] > git cat-file -s 4fd7e8bfab8efbeb5afb8558a59fe6217a25bf48 [1ms]
2025-06-14 15:26:28.912 [info] > git config --get commit.template [8ms]
2025-06-14 15:26:28.913 [info] > git for-each-ref --format=%(refname)%00%(upstream:short)%00%(objectname)%00%(upstream:track)%00%(upstream:remotename)%00%(upstream:remoteref) refs/heads/main refs/remotes/main [1ms]
2025-06-14 15:26:28.929 [info] > git status -z -uall [8ms]
2025-06-14 15:26:28.930 [info] > git for-each-ref --sort -committerdate --format %(refname)%00%(objectname)%00%(*objectname) [2ms]
2025-06-14 15:26:28.942 [info] > git for-each-ref --format=%(refname)%00%(upstream:short)%00%(objectname)%00%(upstream:track)%00%(upstream:remotename)%00%(upstream:remoteref) refs/heads/main refs/remotes/main [1ms]
2025-06-14 15:26:28.950 [info] > git config --get --local branch.main.vscode-merge-base [1ms]
2025-06-14 15:26:28.957 [info] > git for-each-ref --format=%(refname)%00%(upstream:short)%00%(objectname)%00%(upstream:track)%00%(upstream:remotename)%00%(upstream:remoteref) refs/heads/origin/main refs/remotes/origin/main [1ms]
2025-06-14 15:26:28.965 [info] > git merge-base refs/heads/main refs/remotes/origin/main [1ms]
2025-06-14 15:26:28.972 [info] > git diff --name-status -z --diff-filter=ADMR ce8ffea9435177b4b8d3ce3dd1aa8e6b4fd3c916...refs/remotes/origin/main [1ms]
2025-06-14 15:26:30.089 [info] > git ls-files --stage -- LinkedLists/llIntersection.cpp [2ms]
2025-06-14 15:26:30.102 [info] > git hash-object -t tree /dev/null [2ms]
2025-06-14 15:26:30.102 [warning] [GitFileSystemProvider][stat] File not found - git:/home/sammy/Desktop/temp/hello-world/LinkedLists/llIntersection.cpp.git?%7B%22path%22%3A%22%2Fhome%2Fsammy%2FDesktop%2Ftemp%2Fhello-world%2FLinkedLists%2FllIntersection.cpp%22%2C%22ref%22%3A%22%22%7D
2025-06-14 15:26:32.712 [info] > git config --get commit.template [11ms]
2025-06-14 15:26:32.713 [info] > git for-each-ref --format=%(refname)%00%(upstream:short)%00%(objectname)%00%(upstream:track)%00%(upstream:remotename)%00%(upstream:remoteref) refs/heads/main refs/remotes/main [2ms]
2025-06-14 15:26:32.730 [info] > git status -z -uall [8ms]
2025-06-14 15:26:32.731 [info] > git for-each-ref --sort -committerdate --format %(refname)%00%(objectname)%00%(*objectname) [1ms]
2025-06-14 15:26:33.731 [info] > git ls-files --stage -- LinkedLists/llIntersection.cpp [2ms]
2025-06-14 15:26:33.732 [warning] [GitFileSystemProvider][stat] File not found - git:/home/sammy/Desktop/temp/hello-world/LinkedLists/llIntersection.cpp.git?%7B%22path%22%3A%22%2Fhome%2Fsammy%2FDesktop%2Ftemp%2Fhello-world%2FLinkedLists%2FllIntersection.cpp%22%2C%22ref%22%3A%22%22%7D
2025-06-14 15:26:37.752 [info] > git for-each-ref --format=%(refname)%00%(upstream:short)%00%(objectname)%00%(upstream:track)%00%(upstream:remotename)%00%(upstream:remoteref) refs/heads/main refs/remotes/main [4ms]
2025-06-14 15:26:37.772 [info] > git status -z -uall [10ms]
2025-06-14 15:26:37.773 [info] > git for-each-ref --sort -committerdate --format %(refname)%00%(objectname)%00%(*objectname) [3ms]
2025-06-14 15:26:37.944 [info] > git ls-files --stage -- LinkedLists/llIntersection.cpp [2ms]
2025-06-14 15:26:37.956 [info] > git cat-file -s 4fd7e8bfab8efbeb5afb8558a59fe6217a25bf48 [2ms]
2025-06-14 15:26:37.968 [info] > git show --textconv :LinkedLists/llIntersection.cpp [2ms]
2025-06-14 15:26:38.106 [info] > git show --textconv HEAD:LinkedLists/llIntersection.cpp [12ms]
2025-06-14 15:26:38.106 [warning] [GitFileSystemProvider][readFile] File not found - git:/home/sammy/Desktop/temp/hello-world/LinkedLists/llIntersection.cpp.git?%7B%22path%22%3A%22%2Fhome%2Fsammy%2FDesktop%2Ftemp%2Fhello-world%2FLinkedLists%2FllIntersection.cpp%22%2C%22ref%22%3A%22HEAD%22%7D
2025-06-14 15:26:38.107 [info] > git ls-tree -l HEAD -- LinkedLists/llIntersection.cpp [2ms]
2025-06-14 15:26:38.107 [warning] [GitFileSystemProvider][stat] File not found - git:/home/sammy/Desktop/temp/hello-world/LinkedLists/llIntersection.cpp.git?%7B%22path%22%3A%22%2Fhome%2Fsammy%2FDesktop%2Ftemp%2Fhello-world%2FLinkedLists%2FllIntersection.cpp%22%2C%22ref%22%3A%22HEAD%22%7D
2025-06-14 15:26:38.368 [info] > git config --get commit.template [9ms]
2025-06-14 15:26:38.369 [info] > git for-each-ref --format=%(refname)%00%(upstream:short)%00%(objectname)%00%(upstream:track)%00%(upstream:remotename)%00%(upstream:remoteref) refs/heads/main refs/remotes/main [2ms]
2025-06-14 15:26:38.387 [info] > git status -z -uall [10ms]
2025-06-14 15:26:38.387 [info] > git for-each-ref --sort -committerdate --format %(refname)%00%(objectname)%00%(*objectname) [2ms]
2025-06-14 15:26:38.398 [info] > git merge-base refs/heads/main refs/remotes/origin/main [2ms]
2025-06-14 15:26:38.409 [info] > git diff --name-status -z --diff-filter=ADMR ce8ffea9435177b4b8d3ce3dd1aa8e6b4fd3c916...refs/remotes/origin/main [1ms]
2025-06-14 15:26:39.525 [info] > git ls-files --stage -- LinkedLists/llIntersection.cpp [1ms]
2025-06-14 15:26:39.536 [info] > git cat-file -s 4fd7e8bfab8efbeb5afb8558a59fe6217a25bf48 [2ms]
2025-06-14 15:26:39.549 [info] > git show --textconv :LinkedLists/llIntersection.cpp [2ms]
2025-06-14 15:26:42.795 [info] > git config --get commit.template [9ms]
2025-06-14 15:26:42.797 [info] > git for-each-ref --format=%(refname)%00%(upstream:short)%00%(objectname)%00%(upstream:track)%00%(upstream:remotename)%00%(upstream:remoteref) refs/heads/main refs/remotes/main [3ms]
2025-06-14 15:26:42.817 [info] > git status -z -uall [11ms]
2025-06-14 15:26:42.818 [info] > git for-each-ref --sort -committerdate --format %(refname)%00%(objectname)%00%(*objectname) [2ms]
2025-06-14 15:26:47.896 [info] > git config --get commit.template [2ms]
2025-06-14 15:26:47.909 [info] > git for-each-ref --format=%(refname)%00%(upstream:short)%00%(objectname)%00%(upstream:track)%00%(upstream:remotename)%00%(upstream:remoteref) refs/heads/main refs/remotes/main [2ms]
2025-06-14 15:26:47.925 [info] > git status -z -uall [8ms]
2025-06-14 15:26:47.926 [info] > git for-each-ref --sort -committerdate --format %(refname)%00%(objectname)%00%(*objectname) [2ms]
2025-06-14 15:26:47.937 [info] > git merge-base refs/heads/main refs/remotes/origin/main [1ms]
2025-06-14 15:26:47.945 [info] > git diff --name-status -z --diff-filter=ADMR f83226875f3ee8e6e702c0013a39682f8789ef7c...refs/remotes/origin/main [1ms]
2025-06-14 15:26:48.001 [info] > git ls-files --stage -- LinkedLists/llIntersection.cpp [2ms]
2025-06-14 15:26:48.014 [info] > git cat-file -s 4fd7e8bfab8efbeb5afb8558a59fe6217a25bf48 [2ms]
2025-06-14 15:26:48.030 [info] > git show --textconv :LinkedLists/llIntersection.cpp [2ms]
2025-06-14 15:27:05.559 [info] > git config --get commit.template [8ms]
2025-06-14 15:27:05.560 [info] > git for-each-ref --format=%(refname)%00%(upstream:short)%00%(objectname)%00%(upstream:track)%00%(upstream:remotename)%00%(upstream:remoteref) refs/heads/b1 refs/remotes/b1 [1ms]
2025-06-14 15:27:05.575 [info] > git status -z -uall [9ms]
2025-06-14 15:27:05.576 [info] > git for-each-ref --sort -committerdate --format %(refname)%00%(objectname)%00%(*objectname) [1ms]
2025-06-14 15:27:05.588 [info] > git for-each-ref --format=%(refname)%00%(upstream:short)%00%(objectname)%00%(upstream:track)%00%(upstream:remotename)%00%(upstream:remoteref) refs/heads/b1 refs/remotes/b1 [3ms]
2025-06-14 15:27:05.596 [info] > git config --get --local branch.b1.vscode-merge-base [1ms]
2025-06-14 15:27:05.606 [info] > git for-each-ref --format=%(refname)%00%(upstream:short)%00%(objectname)%00%(upstream:track)%00%(upstream:remotename)%00%(upstream:remoteref) refs/heads/origin/main refs/remotes/origin/main [1ms]
2025-06-14 15:27:06.635 [info] > git config --get commit.template [9ms]
2025-06-14 15:27:06.636 [info] > git for-each-ref --format=%(refname)%00%(upstream:short)%00%(objectname)%00%(upstream:track)%00%(upstream:remotename)%00%(upstream:remoteref) refs/heads/b1 refs/remotes/b1 [2ms]
2025-06-14 15:27:06.655 [info] > git status -z -uall [10ms]
2025-06-14 15:27:06.656 [info] > git for-each-ref --sort -committerdate --format %(refname)%00%(objectname)%00%(*objectname) [2ms]
2025-06-14 15:27:06.727 [info] > git ls-files --stage -- LinkedLists/llIntersection.cpp [1ms]
2025-06-14 15:27:06.735 [info] > git cat-file -s 4fd7e8bfab8efbeb5afb8558a59fe6217a25bf48 [2ms]
2025-06-14 15:27:06.747 [info] > git show --textconv :LinkedLists/llIntersection.cpp [1ms]
2025-06-14 15:27:12.977 [info] > git blame --root --incremental b7a3f021237821bcb74aa630e3851b25e0ce8239 -- LinkedLists/llIntersection.cpp [2ms]
