2025-06-13 12:44:15.185 [info] Reading sessions from keychain...
2025-06-13 12:44:15.186 [info] Getting sessions for all scopes...
2025-06-13 12:44:15.186 [info] Getting sessions for all scopes...
2025-06-13 12:44:15.186 [info] Getting sessions for all scopes...
2025-06-13 12:44:15.186 [info] Getting sessions for all scopes...
2025-06-13 12:44:15.186 [info] Getting sessions for all scopes...
2025-06-13 12:44:15.186 [info] Getting sessions for all scopes...
2025-06-13 12:44:15.186 [info] Getting sessions for all scopes...
2025-06-13 12:44:15.312 [info] Got stored sessions!
2025-06-13 12:44:15.312 [info] Got 1 verified sessions.
2025-06-13 12:44:15.312 [info] Got 1 sessions for ...
2025-06-13 12:44:15.312 [info] Got 1 sessions for ...
2025-06-13 12:44:15.312 [info] Got 1 sessions for ...
2025-06-13 12:44:15.312 [info] Got 1 sessions for ...
2025-06-13 12:44:15.312 [info] Got 1 sessions for ...
2025-06-13 12:44:15.312 [info] Got 1 sessions for ...
2025-06-13 12:44:15.312 [info] Got 1 sessions for ...
2025-06-13 12:44:15.351 [info] Getting sessions for all scopes...
2025-06-13 12:44:15.352 [info] Got 1 sessions for ...
2025-06-13 12:44:15.372 [info] Getting sessions for all scopes...
2025-06-13 12:44:15.372 [info] Got 1 sessions for ...
2025-06-13 12:44:15.373 [info] Getting sessions for all scopes...
2025-06-13 12:44:15.373 [info] Got 1 sessions for ...
2025-06-13 12:44:15.373 [info] Getting sessions for all scopes...
2025-06-13 12:44:15.373 [info] Got 1 sessions for ...
2025-06-13 12:44:15.374 [info] Getting sessions for all scopes...
2025-06-13 12:44:15.374 [info] Got 1 sessions for ...
2025-06-13 12:44:15.374 [info] Getting sessions for all scopes...
2025-06-13 12:44:15.374 [info] Got 1 sessions for ...
2025-06-13 12:44:15.624 [info] Getting sessions for all scopes...
2025-06-13 12:44:15.624 [info] Got 1 sessions for ...
2025-06-13 12:44:15.838 [info] Getting sessions for all scopes...
2025-06-13 12:44:15.838 [info] Got 1 sessions for ...
2025-06-13 12:44:16.381 [info] Getting sessions for all scopes...
2025-06-13 12:44:16.381 [info] Got 1 sessions for ...
2025-06-13 12:44:16.730 [info] Getting sessions for read:user,repo,user:email,workflow...
2025-06-13 12:44:16.731 [info] Got 1 sessions for read:user,repo,user:email,workflow...
2025-06-13 12:44:17.470 [info] Getting sessions for read:user,repo,user:email,workflow...
2025-06-13 12:44:17.470 [info] Got 1 sessions for read:user,repo,user:email,workflow...
