2025-06-04 16:20:01.227 [info] Reading sessions from keychain...
2025-06-04 16:20:01.227 [info] Getting sessions for all scopes...
2025-06-04 16:20:01.227 [info] Getting sessions for all scopes...
2025-06-04 16:20:01.227 [info] Getting sessions for all scopes...
2025-06-04 16:20:01.227 [info] Getting sessions for all scopes...
2025-06-04 16:20:01.227 [info] Getting sessions for all scopes...
2025-06-04 16:20:01.227 [info] Getting sessions for all scopes...
2025-06-04 16:20:01.227 [info] Getting sessions for all scopes...
2025-06-04 16:20:01.227 [info] Getting sessions for all scopes...
2025-06-04 16:20:01.377 [info] Got stored sessions!
2025-06-04 16:20:01.377 [info] Got 1 verified sessions.
2025-06-04 16:20:01.377 [info] Got 1 sessions for ...
2025-06-04 16:20:01.377 [info] Got 1 sessions for ...
2025-06-04 16:20:01.377 [info] Got 1 sessions for ...
2025-06-04 16:20:01.377 [info] Got 1 sessions for ...
2025-06-04 16:20:01.377 [info] Got 1 sessions for ...
2025-06-04 16:20:01.377 [info] Got 1 sessions for ...
2025-06-04 16:20:01.377 [info] Got 1 sessions for ...
2025-06-04 16:20:01.377 [info] Got 1 sessions for ...
2025-06-04 16:20:01.467 [info] Getting sessions for all scopes...
2025-06-04 16:20:01.467 [info] Got 1 sessions for ...
2025-06-04 16:20:01.468 [info] Getting sessions for all scopes...
2025-06-04 16:20:01.468 [info] Got 1 sessions for ...
2025-06-04 16:20:01.468 [info] Getting sessions for all scopes...
2025-06-04 16:20:01.468 [info] Got 1 sessions for ...
2025-06-04 16:20:01.468 [info] Getting sessions for all scopes...
2025-06-04 16:20:01.468 [info] Got 1 sessions for ...
2025-06-04 16:20:01.468 [info] Getting sessions for all scopes...
2025-06-04 16:20:01.468 [info] Got 1 sessions for ...
2025-06-04 16:20:01.468 [info] Getting sessions for all scopes...
2025-06-04 16:20:01.468 [info] Got 1 sessions for ...
2025-06-04 16:20:01.940 [info] Getting sessions for all scopes...
2025-06-04 16:20:01.940 [info] Got 1 sessions for ...
2025-06-04 16:20:02.306 [info] Getting sessions for read:user,repo,user:email,workflow...
2025-06-04 16:20:02.306 [info] Got 1 sessions for read:user,repo,user:email,workflow...
2025-06-04 16:20:02.666 [info] Getting sessions for all scopes...
2025-06-04 16:20:02.666 [info] Got 1 sessions for ...
2025-06-04 16:20:03.079 [info] Getting sessions for read:user,repo,user:email,workflow...
2025-06-04 16:20:03.079 [info] Got 1 sessions for read:user,repo,user:email,workflow...
2025-06-04 16:20:14.122 [info] Reading sessions from keychain...
2025-06-04 16:20:14.122 [info] Getting sessions for all scopes...
2025-06-04 16:20:14.122 [info] Getting sessions for all scopes...
2025-06-04 16:20:14.122 [info] Getting sessions for all scopes...
2025-06-04 16:20:14.122 [info] Got stored sessions!
2025-06-04 16:20:14.122 [info] Got 1 verified sessions.
2025-06-04 16:20:14.122 [info] Got 1 sessions for ...
2025-06-04 16:20:14.122 [info] Got 1 sessions for ...
2025-06-04 16:20:14.122 [info] Got 1 sessions for ...
2025-06-04 16:20:14.122 [info] Getting sessions for all scopes...
2025-06-04 16:20:14.122 [info] Got 1 sessions for ...
2025-06-04 16:20:14.122 [info] Getting sessions for all scopes...
2025-06-04 16:20:14.122 [info] Got 1 sessions for ...
2025-06-04 16:20:14.122 [info] Getting sessions for all scopes...
2025-06-04 16:20:14.122 [info] Got 1 sessions for ...
2025-06-04 16:20:14.122 [info] Getting sessions for all scopes...
2025-06-04 16:20:14.122 [info] Got 1 sessions for ...
2025-06-04 16:20:14.122 [info] Getting sessions for all scopes...
2025-06-04 16:20:14.122 [info] Got 1 sessions for ...
2025-06-04 16:20:14.122 [info] Getting sessions for all scopes...
2025-06-04 16:20:14.122 [info] Got 1 sessions for ...
2025-06-04 16:20:14.122 [info] Getting sessions for all scopes...
2025-06-04 16:20:14.122 [info] Got 1 sessions for ...
2025-06-04 16:20:14.122 [info] Getting sessions for all scopes...
2025-06-04 16:20:14.122 [info] Got 1 sessions for ...
2025-06-04 16:20:14.122 [info] Getting sessions for all scopes...
2025-06-04 16:20:14.122 [info] Got 1 sessions for ...
2025-06-04 16:20:14.122 [info] Getting sessions for all scopes...
2025-06-04 16:20:14.122 [info] Got 1 sessions for ...
2025-06-04 16:20:14.122 [info] Getting sessions for all scopes...
2025-06-04 16:20:14.122 [info] Got 1 sessions for ...
2025-06-04 16:20:14.122 [info] Getting sessions for all scopes...
2025-06-04 16:20:14.122 [info] Got 1 sessions for ...
2025-06-04 16:20:14.662 [info] Getting sessions for all scopes...
2025-06-04 16:20:14.662 [info] Got 1 sessions for ...
2025-06-04 16:20:15.038 [info] Getting sessions for read:user,repo,user:email,workflow...
2025-06-04 16:20:15.038 [info] Got 1 sessions for read:user,repo,user:email,workflow...
2025-06-04 16:20:16.124 [info] Getting sessions for read:user,repo,user:email,workflow...
2025-06-04 16:20:16.124 [info] Got 1 sessions for read:user,repo,user:email,workflow...
