2025-06-13 15:32:17.720 [info] [main] Log level: Info
2025-06-13 15:32:17.720 [info] [main] Validating found git in: "git"
2025-06-13 15:32:17.720 [info] [main] Using git "2.43.0" from "git"
2025-06-13 15:32:17.720 [info] [Model][doInitialScan] Initial repository scan started
2025-06-13 15:32:17.720 [info] > git rev-parse --show-toplevel [6ms]
2025-06-13 15:32:17.720 [info] > git rev-parse --git-dir --git-common-dir [2ms]
2025-06-13 15:32:17.720 [info] [Model][openRepository] Opened repository (path): /home/sammy/Desktop/temp/hello-world
2025-06-13 15:32:17.720 [info] [Model][openRepository] Opened repository (real path): /home/sammy/Desktop/temp/hello-world
2025-06-13 15:32:17.720 [info] > git rev-parse --show-toplevel [285ms]
2025-06-13 15:32:17.720 [info] > git config --get commit.template [290ms]
2025-06-13 15:32:17.722 [info] > git rev-parse --show-toplevel [33ms]
2025-06-13 15:32:17.722 [info] > git for-each-ref --format=%(refname)%00%(upstream:short)%00%(objectname)%00%(upstream:track)%00%(upstream:remotename)%00%(upstream:remoteref) refs/heads/b1 refs/remotes/b1 [40ms]
2025-06-13 15:32:17.813 [info] > git status -z -uall [84ms]
2025-06-13 15:32:17.827 [info] > git for-each-ref --sort -committerdate --format %(refname)%00%(objectname)%00%(*objectname) [90ms]
2025-06-13 15:32:17.907 [info] > git for-each-ref --format=%(refname)%00%(upstream:short)%00%(objectname)%00%(upstream:track)%00%(upstream:remotename)%00%(upstream:remoteref) refs/heads/b1 refs/remotes/b1 [59ms]
2025-06-13 15:32:17.918 [info] > git rev-parse --show-toplevel [110ms]
2025-06-13 15:32:17.939 [info] > git config --get --local branch.b1.vscode-merge-base [21ms]
2025-06-13 15:32:17.951 [info] > git config --get commit.template [50ms]
2025-06-13 15:32:18.000 [info] > git check-ignore -v -z --stdin [38ms]
2025-06-13 15:32:18.002 [info] > git for-each-ref --format=%(refname)%00%(upstream:short)%00%(objectname)%00%(upstream:track)%00%(upstream:remotename)%00%(upstream:remoteref) refs/heads/origin/main refs/remotes/origin/main [52ms]
2025-06-13 15:32:18.003 [info] > git rev-parse --show-toplevel [68ms]
2025-06-13 15:32:18.040 [info] > git rev-parse --show-toplevel [22ms]
2025-06-13 15:32:18.041 [info] > git for-each-ref --format=%(refname)%00%(upstream:short)%00%(objectname)%00%(upstream:track)%00%(upstream:remotename)%00%(upstream:remoteref) refs/heads/b1 refs/remotes/b1 [31ms]
2025-06-13 15:32:18.085 [info] > git status -z -uall [30ms]
2025-06-13 15:32:18.091 [info] > git rev-parse --show-toplevel [7ms]
2025-06-13 15:32:18.092 [info] > git for-each-ref --sort -committerdate --format %(refname)%00%(objectname)%00%(*objectname) [20ms]
2025-06-13 15:32:18.119 [info] > git rev-parse --show-toplevel [10ms]
2025-06-13 15:32:18.123 [info] [Model][doInitialScan] Initial repository scan completed - repositories (1), closed repositories (0), parent repositories (0), unsafe repositories (0)
2025-06-13 15:32:18.150 [info] > git show --textconv :LinkedLists/mergeSortedLL.cpp [15ms]
2025-06-13 15:32:18.164 [info] > git ls-files --stage -- LinkedLists/mergeSortedLL.cpp [20ms]
2025-06-13 15:32:18.182 [info] > git hash-object -t tree /dev/null [3ms]
2025-06-13 15:32:18.183 [warning] [GitFileSystemProvider][readFile] File not found - git:/home/sammy/Desktop/temp/hello-world/LinkedLists/mergeSortedLL.cpp.git?%7B%22path%22%3A%22%2Fhome%2Fsammy%2FDesktop%2Ftemp%2Fhello-world%2FLinkedLists%2FmergeSortedLL.cpp%22%2C%22ref%22%3A%22%22%7D
2025-06-13 15:32:18.183 [info] > git hash-object -t tree /dev/null [10ms]
2025-06-13 15:32:18.183 [warning] [GitFileSystemProvider][stat] File not found - git:/home/sammy/Desktop/temp/hello-world/LinkedLists/mergeSortedLL.cpp.git?%7B%22path%22%3A%22%2Fhome%2Fsammy%2FDesktop%2Ftemp%2Fhello-world%2FLinkedLists%2FmergeSortedLL.cpp%22%2C%22ref%22%3A%22%22%7D
2025-06-13 15:32:18.229 [info] > git blame --root --incremental 36276be71948bd3418ccfa376030b00cff5d04f4 -- LinkedLists/mergeSortedLL.cpp [2ms]
2025-06-13 15:32:18.229 [info] fatal: no such path LinkedLists/mergeSortedLL.cpp in 36276be71948bd3418ccfa376030b00cff5d04f4
2025-06-13 15:32:42.763 [info] > git config --get commit.template [1ms]
2025-06-13 15:32:42.771 [info] > git for-each-ref --format=%(refname)%00%(upstream:short)%00%(objectname)%00%(upstream:track)%00%(upstream:remotename)%00%(upstream:remoteref) refs/heads/b1 refs/remotes/b1 [1ms]
2025-06-13 15:32:42.786 [info] > git status -z -uall [9ms]
2025-06-13 15:32:42.787 [info] > git for-each-ref --sort -committerdate --format %(refname)%00%(objectname)%00%(*objectname) [1ms]
2025-06-13 15:32:53.233 [info] > git config --get commit.template [10ms]
2025-06-13 15:32:53.233 [info] > git for-each-ref --format=%(refname)%00%(upstream:short)%00%(objectname)%00%(upstream:track)%00%(upstream:remotename)%00%(upstream:remoteref) refs/heads/b1 refs/remotes/b1 [1ms]
2025-06-13 15:32:53.248 [info] > git status -z -uall [8ms]
2025-06-13 15:32:53.249 [info] > git for-each-ref --sort -committerdate --format %(refname)%00%(objectname)%00%(*objectname) [1ms]
2025-06-13 15:32:54.852 [info] > git log --format=%H%n%aN%n%aE%n%at%n%ct%n%P%n%D%n%B -z --shortstat --diff-merges=first-parent -n50 --skip=0 --topo-order --decorate=full --stdin [87ms]
2025-06-13 15:33:08.421 [info] > git config --get commit.template [1ms]
2025-06-13 15:33:08.429 [info] > git for-each-ref --format=%(refname)%00%(upstream:short)%00%(objectname)%00%(upstream:track)%00%(upstream:remotename)%00%(upstream:remoteref) refs/heads/b1 refs/remotes/b1 [1ms]
2025-06-13 15:33:08.446 [info] > git status -z -uall [8ms]
2025-06-13 15:33:08.446 [info] > git for-each-ref --sort -committerdate --format %(refname)%00%(objectname)%00%(*objectname) [1ms]
2025-06-13 15:42:34.155 [info] > git log --format=%H%n%aN%n%aE%n%at%n%ct%n%P%n%D%n%B -z --shortstat --diff-merges=first-parent -n50 --skip=0 --topo-order --decorate=full --stdin [7ms]
2025-06-13 15:42:40.707 [info] > git show --textconv :LinkedLists/isPalOptimal.cpp [9ms]
2025-06-13 15:42:40.708 [info] > git ls-files --stage -- LinkedLists/isPalOptimal.cpp [2ms]
2025-06-13 15:42:40.717 [info] > git cat-file -s 2d06f7768d902126f677ee28a361a67ca6461668 [1ms]
2025-06-13 15:42:40.736 [info] > git blame --root --incremental 36276be71948bd3418ccfa376030b00cff5d04f4 -- LinkedLists/isPalOptimal.cpp [2ms]
2025-06-13 15:43:13.287 [info] > git config --get commit.template [13ms]
2025-06-13 15:43:13.287 [info] > git for-each-ref --format=%(refname)%00%(upstream:short)%00%(objectname)%00%(upstream:track)%00%(upstream:remotename)%00%(upstream:remoteref) refs/heads/b1 refs/remotes/b1 [2ms]
2025-06-13 15:43:13.303 [info] > git status -z -uall [8ms]
2025-06-13 15:43:13.304 [info] > git for-each-ref --sort -committerdate --format %(refname)%00%(objectname)%00%(*objectname) [1ms]
2025-06-13 15:43:18.323 [info] > git config --get commit.template [1ms]
2025-06-13 15:43:18.332 [info] > git for-each-ref --format=%(refname)%00%(upstream:short)%00%(objectname)%00%(upstream:track)%00%(upstream:remotename)%00%(upstream:remoteref) refs/heads/b1 refs/remotes/b1 [2ms]
2025-06-13 15:43:18.350 [info] > git status -z -uall [8ms]
2025-06-13 15:43:18.350 [info] > git for-each-ref --sort -committerdate --format %(refname)%00%(objectname)%00%(*objectname) [1ms]
2025-06-13 15:43:18.679 [info] > git show --textconv :LinkedLists/mergeSortedLL.cpp [8ms]
2025-06-13 15:43:18.680 [info] > git ls-files --stage -- LinkedLists/mergeSortedLL.cpp [2ms]
2025-06-13 15:43:18.688 [info] > git cat-file -s a674b0476f94ed862b5d80c221a822c113c06530 [1ms]
2025-06-13 15:43:18.703 [info] > git blame --root --incremental 50c9e821486ea4dff2393163a444a0f8798d02f9 -- LinkedLists/mergeSortedLL.cpp [2ms]
2025-06-13 15:55:32.970 [info] > git show --textconv :LinkedLists/isPalOptimal.cpp [11ms]
2025-06-13 15:55:32.971 [info] > git ls-files --stage -- LinkedLists/isPalOptimal.cpp [2ms]
2025-06-13 15:55:32.980 [info] > git cat-file -s 2d06f7768d902126f677ee28a361a67ca6461668 [1ms]
2025-06-13 15:55:33.001 [info] > git blame --root --incremental 50c9e821486ea4dff2393163a444a0f8798d02f9 -- LinkedLists/isPalOptimal.cpp [1ms]
2025-06-13 16:15:52.783 [info] > git config --get commit.template [15ms]
2025-06-13 16:15:52.784 [info] > git for-each-ref --format=%(refname)%00%(upstream:short)%00%(objectname)%00%(upstream:track)%00%(upstream:remotename)%00%(upstream:remoteref) refs/heads/b1 refs/remotes/b1 [2ms]
2025-06-13 16:15:52.811 [info] > git status -z -uall [16ms]
2025-06-13 16:15:52.811 [info] > git for-each-ref --sort -committerdate --format %(refname)%00%(objectname)%00%(*objectname) [7ms]
2025-06-13 16:15:52.813 [info] > git check-ignore -v -z --stdin [3ms]
2025-06-13 16:15:59.796 [info] > git show --textconv :LinkedLists/singlyLLL.cpp [7ms]
2025-06-13 16:15:59.797 [info] > git ls-files --stage -- LinkedLists/singlyLLL.cpp [1ms]
2025-06-13 16:15:59.807 [info] > git cat-file -s 5cc561de5d9b32c5c89ba23dfed6cbe68b809718 [1ms]
2025-06-13 16:15:59.829 [info] > git blame --root --incremental 50c9e821486ea4dff2393163a444a0f8798d02f9 -- LinkedLists/singlyLLL.cpp [2ms]
2025-06-13 16:16:01.668 [info] > git show --textconv :LinkedLists/mergeSortedLL.cpp [8ms]
2025-06-13 16:16:01.669 [info] > git ls-files --stage -- LinkedLists/mergeSortedLL.cpp [2ms]
2025-06-13 16:16:01.677 [info] > git cat-file -s a674b0476f94ed862b5d80c221a822c113c06530 [0ms]
2025-06-13 16:16:06.009 [info] > git show --textconv :LinkedLists/mergeSortedLL.cpp [11ms]
2025-06-13 16:16:06.010 [info] > git ls-files --stage -- LinkedLists/mergeSortedLL.cpp [1ms]
2025-06-13 16:16:06.020 [info] > git cat-file -s a674b0476f94ed862b5d80c221a822c113c06530 [1ms]
2025-06-13 16:16:34.541 [info] > git show --textconv :LinkedLists/mergeSortedLL.cpp [7ms]
2025-06-13 16:16:34.541 [info] > git ls-files --stage -- LinkedLists/mergeSortedLL.cpp [1ms]
2025-06-13 16:16:34.550 [info] > git cat-file -s a674b0476f94ed862b5d80c221a822c113c06530 [0ms]
2025-06-13 16:20:21.940 [info] > git config --get commit.template [16ms]
2025-06-13 16:20:21.941 [info] > git for-each-ref --format=%(refname)%00%(upstream:short)%00%(objectname)%00%(upstream:track)%00%(upstream:remotename)%00%(upstream:remoteref) refs/heads/b1 refs/remotes/b1 [3ms]
2025-06-13 16:20:21.961 [info] > git status -z -uall [10ms]
2025-06-13 16:20:21.962 [info] > git for-each-ref --sort -committerdate --format %(refname)%00%(objectname)%00%(*objectname) [1ms]
2025-06-13 16:20:27.396 [info] > git config --get commit.template [10ms]
2025-06-13 16:20:27.396 [info] > git for-each-ref --format=%(refname)%00%(upstream:short)%00%(objectname)%00%(upstream:track)%00%(upstream:remotename)%00%(upstream:remoteref) refs/heads/b1 refs/remotes/b1 [1ms]
2025-06-13 16:20:27.412 [info] > git status -z -uall [9ms]
2025-06-13 16:20:27.412 [info] > git for-each-ref --sort -committerdate --format %(refname)%00%(objectname)%00%(*objectname) [1ms]
2025-06-13 16:21:04.345 [info] > git config --get commit.template [14ms]
2025-06-13 16:21:04.346 [info] > git for-each-ref --format=%(refname)%00%(upstream:short)%00%(objectname)%00%(upstream:track)%00%(upstream:remotename)%00%(upstream:remoteref) refs/heads/b1 refs/remotes/b1 [2ms]
2025-06-13 16:21:04.365 [info] > git status -z -uall [8ms]
2025-06-13 16:21:04.365 [info] > git for-each-ref --sort -committerdate --format %(refname)%00%(objectname)%00%(*objectname) [1ms]
2025-06-13 16:21:09.389 [info] > git config --get commit.template [8ms]
2025-06-13 16:21:09.390 [info] > git for-each-ref --format=%(refname)%00%(upstream:short)%00%(objectname)%00%(upstream:track)%00%(upstream:remotename)%00%(upstream:remoteref) refs/heads/b1 refs/remotes/b1 [2ms]
2025-06-13 16:21:09.404 [info] > git status -z -uall [8ms]
2025-06-13 16:21:09.406 [info] > git for-each-ref --sort -committerdate --format %(refname)%00%(objectname)%00%(*objectname) [2ms]
2025-06-13 16:21:14.436 [info] > git config --get commit.template [13ms]
2025-06-13 16:21:14.437 [info] > git for-each-ref --format=%(refname)%00%(upstream:short)%00%(objectname)%00%(upstream:track)%00%(upstream:remotename)%00%(upstream:remoteref) refs/heads/b1 refs/remotes/b1 [2ms]
2025-06-13 16:21:14.453 [info] > git status -z -uall [8ms]
2025-06-13 16:21:14.453 [info] > git for-each-ref --sort -committerdate --format %(refname)%00%(objectname)%00%(*objectname) [1ms]
2025-06-13 16:21:48.925 [info] > git config --get commit.template [2ms]
2025-06-13 16:21:48.939 [info] > git for-each-ref --format=%(refname)%00%(upstream:short)%00%(objectname)%00%(upstream:track)%00%(upstream:remotename)%00%(upstream:remoteref) refs/heads/b1 refs/remotes/b1 [2ms]
2025-06-13 16:21:48.957 [info] > git status -z -uall [9ms]
2025-06-13 16:21:48.958 [info] > git for-each-ref --sort -committerdate --format %(refname)%00%(objectname)%00%(*objectname) [1ms]
2025-06-13 16:21:53.976 [info] > git config --get commit.template [3ms]
2025-06-13 16:21:53.990 [info] > git for-each-ref --format=%(refname)%00%(upstream:short)%00%(objectname)%00%(upstream:track)%00%(upstream:remotename)%00%(upstream:remoteref) refs/heads/b1 refs/remotes/b1 [2ms]
2025-06-13 16:21:54.009 [info] > git status -z -uall [9ms]
2025-06-13 16:21:54.010 [info] > git for-each-ref --sort -committerdate --format %(refname)%00%(objectname)%00%(*objectname) [2ms]
2025-06-13 16:21:59.029 [info] > git config --get commit.template [2ms]
2025-06-13 16:21:59.041 [info] > git for-each-ref --format=%(refname)%00%(upstream:short)%00%(objectname)%00%(upstream:track)%00%(upstream:remotename)%00%(upstream:remoteref) refs/heads/b1 refs/remotes/b1 [1ms]
2025-06-13 16:21:59.057 [info] > git status -z -uall [7ms]
2025-06-13 16:21:59.057 [info] > git for-each-ref --sort -committerdate --format %(refname)%00%(objectname)%00%(*objectname) [1ms]
2025-06-13 16:22:23.438 [info] > git config --get commit.template [13ms]
2025-06-13 16:22:23.439 [info] > git for-each-ref --format=%(refname)%00%(upstream:short)%00%(objectname)%00%(upstream:track)%00%(upstream:remotename)%00%(upstream:remoteref) refs/heads/b1 refs/remotes/b1 [1ms]
2025-06-13 16:22:23.458 [info] > git status -z -uall [9ms]
2025-06-13 16:22:23.459 [info] > git for-each-ref --sort -committerdate --format %(refname)%00%(objectname)%00%(*objectname) [3ms]
2025-06-13 16:22:33.219 [info] > git config --get commit.template [15ms]
2025-06-13 16:22:33.219 [info] > git for-each-ref --format=%(refname)%00%(upstream:short)%00%(objectname)%00%(upstream:track)%00%(upstream:remotename)%00%(upstream:remoteref) refs/heads/b1 refs/remotes/b1 [1ms]
2025-06-13 16:22:33.237 [info] > git status -z -uall [9ms]
2025-06-13 16:22:33.238 [info] > git for-each-ref --sort -committerdate --format %(refname)%00%(objectname)%00%(*objectname) [2ms]
2025-06-13 16:22:38.263 [info] > git config --get commit.template [13ms]
2025-06-13 16:22:38.263 [info] > git for-each-ref --format=%(refname)%00%(upstream:short)%00%(objectname)%00%(upstream:track)%00%(upstream:remotename)%00%(upstream:remoteref) refs/heads/b1 refs/remotes/b1 [0ms]
2025-06-13 16:22:38.277 [info] > git status -z -uall [7ms]
2025-06-13 16:22:38.278 [info] > git for-each-ref --sort -committerdate --format %(refname)%00%(objectname)%00%(*objectname) [2ms]
2025-06-13 16:22:53.257 [info] > git config --get commit.template [12ms]
2025-06-13 16:22:53.258 [info] > git for-each-ref --format=%(refname)%00%(upstream:short)%00%(objectname)%00%(upstream:track)%00%(upstream:remotename)%00%(upstream:remoteref) refs/heads/b1 refs/remotes/b1 [2ms]
2025-06-13 16:22:53.281 [info] > git status -z -uall [11ms]
2025-06-13 16:22:53.281 [info] > git for-each-ref --sort -committerdate --format %(refname)%00%(objectname)%00%(*objectname) [1ms]
2025-06-13 16:22:58.296 [info] > git config --get commit.template [2ms]
2025-06-13 16:22:58.305 [info] > git for-each-ref --format=%(refname)%00%(upstream:short)%00%(objectname)%00%(upstream:track)%00%(upstream:remotename)%00%(upstream:remoteref) refs/heads/b1 refs/remotes/b1 [1ms]
2025-06-13 16:22:58.319 [info] > git status -z -uall [7ms]
2025-06-13 16:22:58.320 [info] > git for-each-ref --sort -committerdate --format %(refname)%00%(objectname)%00%(*objectname) [2ms]
2025-06-13 16:22:58.652 [info] > git show --textconv :LinkedLists/rcReverseLL.cpp [13ms]
2025-06-13 16:22:58.653 [info] > git ls-files --stage -- LinkedLists/rcReverseLL.cpp [2ms]
2025-06-13 16:22:58.665 [info] > git cat-file -s 678f7e12f442fd76c8876ccb6e654be3f1052eb0 [2ms]
2025-06-13 16:22:58.689 [info] > git blame --root --incremental e69b9dcb0edc2cf974e14a965b820b1ccc3e19dc -- LinkedLists/rcReverseLL.cpp [3ms]
2025-06-13 18:03:39.171 [info] > git check-ignore -v -z --stdin [2ms]
2025-06-13 18:03:40.644 [info] > git show --textconv :arrayProblems/subarSumK.cpp [7ms]
2025-06-13 18:03:40.645 [info] > git ls-files --stage -- arrayProblems/subarSumK.cpp [2ms]
2025-06-13 18:03:40.654 [info] > git cat-file -s 1bf392ccfd6ec180e875ebcabea2d23d62c3f1ce [2ms]
2025-06-13 18:03:40.670 [info] > git blame --root --incremental e69b9dcb0edc2cf974e14a965b820b1ccc3e19dc -- arrayProblems/subarSumK.cpp [3ms]
2025-06-13 18:03:58.425 [info] > git show --textconv :LinkedLists/isPalBrute.cpp [7ms]
2025-06-13 18:03:58.425 [info] > git ls-files --stage -- LinkedLists/isPalBrute.cpp [1ms]
2025-06-13 18:03:58.434 [info] > git cat-file -s 4d2046fd80288bc5d14a4649a88217425a7278f8 [1ms]
2025-06-13 18:03:58.449 [info] > git blame --root --incremental e69b9dcb0edc2cf974e14a965b820b1ccc3e19dc -- LinkedLists/isPalBrute.cpp [2ms]
2025-06-13 18:03:59.432 [info] > git show --textconv :LinkedLists/isPalOptimal.cpp [10ms]
2025-06-13 18:03:59.433 [info] > git ls-files --stage -- LinkedLists/isPalOptimal.cpp [1ms]
2025-06-13 18:03:59.442 [info] > git cat-file -s 2d06f7768d902126f677ee28a361a67ca6461668 [1ms]
2025-06-13 18:03:59.456 [info] > git blame --root --incremental e69b9dcb0edc2cf974e14a965b820b1ccc3e19dc -- LinkedLists/isPalOptimal.cpp [2ms]
2025-06-13 18:04:46.202 [info] > git show --textconv :LinkedLists/mergeSortedLL.cpp [8ms]
2025-06-13 18:04:46.203 [info] > git ls-files --stage -- LinkedLists/mergeSortedLL.cpp [2ms]
2025-06-13 18:04:46.210 [info] > git cat-file -s a674b0476f94ed862b5d80c221a822c113c06530 [1ms]
2025-06-13 18:04:46.227 [info] > git blame --root --incremental e69b9dcb0edc2cf974e14a965b820b1ccc3e19dc -- LinkedLists/mergeSortedLL.cpp [1ms]
2025-06-13 18:04:48.563 [info] > git show --textconv :LinkedLists/rcReverseLL.cpp [9ms]
2025-06-13 18:04:48.563 [info] > git ls-files --stage -- LinkedLists/rcReverseLL.cpp [1ms]
2025-06-13 18:04:48.573 [info] > git cat-file -s 678f7e12f442fd76c8876ccb6e654be3f1052eb0 [2ms]
2025-06-13 18:04:56.024 [info] > git config --get commit.template [16ms]
2025-06-13 18:04:56.025 [info] > git for-each-ref --format=%(refname)%00%(upstream:short)%00%(objectname)%00%(upstream:track)%00%(upstream:remotename)%00%(upstream:remoteref) refs/heads/b1 refs/remotes/b1 [2ms]
2025-06-13 18:04:56.044 [info] > git status -z -uall [8ms]
2025-06-13 18:04:56.044 [info] > git for-each-ref --sort -committerdate --format %(refname)%00%(objectname)%00%(*objectname) [1ms]
2025-06-13 18:05:23.386 [info] > git config --get commit.template [3ms]
2025-06-13 18:05:23.398 [info] > git for-each-ref --format=%(refname)%00%(upstream:short)%00%(objectname)%00%(upstream:track)%00%(upstream:remotename)%00%(upstream:remoteref) refs/heads/b1 refs/remotes/b1 [1ms]
2025-06-13 18:05:23.414 [info] > git status -z -uall [9ms]
2025-06-13 18:05:23.414 [info] > git for-each-ref --sort -committerdate --format %(refname)%00%(objectname)%00%(*objectname) [1ms]
2025-06-13 18:05:23.425 [info] > git blame --root --incremental fa2f7e67ed406d1870d506c60c40b37a91a2ebf6 -- LinkedLists/rcReverseLL.cpp [2ms]
2025-06-13 18:05:23.491 [info] > git ls-files --stage -- LinkedLists/rcReverseLL.cpp [2ms]
2025-06-13 18:05:23.504 [info] > git cat-file -s ff06db8e2d818fe6f7e57b02c3d5b7eb7ce87c90 [3ms]
2025-06-13 18:05:23.517 [info] > git show --textconv :LinkedLists/rcReverseLL.cpp [2ms]
2025-06-13 18:05:49.569 [info] > git for-each-ref --format=%(refname)%00%(upstream:short)%00%(objectname)%00%(upstream:track)%00%(upstream:remotename)%00%(upstream:remoteref) refs/heads/b1 refs/remotes/b1 [13ms]
2025-06-13 18:05:49.569 [info] > git config --get commit.template [24ms]
2025-06-13 18:05:49.586 [info] > git check-ignore -v -z --stdin [18ms]
2025-06-13 18:05:49.587 [info] > git status -z -uall [8ms]
2025-06-13 18:05:49.588 [info] > git for-each-ref --sort -committerdate --format %(refname)%00%(objectname)%00%(*objectname) [2ms]
2025-06-13 18:06:29.793 [info] > git show --textconv :LinkedLists/rcReverseLL.cpp [8ms]
2025-06-13 18:06:29.794 [info] > git ls-files --stage -- LinkedLists/rcReverseLL.cpp [1ms]
2025-06-13 18:06:29.802 [info] > git cat-file -s ff06db8e2d818fe6f7e57b02c3d5b7eb7ce87c90 [1ms]
2025-06-13 18:18:11.210 [info] > git config --get commit.template [13ms]
2025-06-13 18:18:11.211 [info] > git for-each-ref --format=%(refname)%00%(upstream:short)%00%(objectname)%00%(upstream:track)%00%(upstream:remotename)%00%(upstream:remoteref) refs/heads/b1 refs/remotes/b1 [2ms]
2025-06-13 18:18:11.232 [info] > git status -z -uall [11ms]
2025-06-13 18:18:11.233 [info] > git for-each-ref --sort -committerdate --format %(refname)%00%(objectname)%00%(*objectname) [2ms]
2025-06-13 18:19:13.715 [info] > git config --get commit.template [14ms]
2025-06-13 18:19:13.716 [info] > git for-each-ref --format=%(refname)%00%(upstream:short)%00%(objectname)%00%(upstream:track)%00%(upstream:remotename)%00%(upstream:remoteref) refs/heads/b1 refs/remotes/b1 [2ms]
2025-06-13 18:19:13.734 [info] > git status -z -uall [10ms]
2025-06-13 18:19:13.734 [info] > git for-each-ref --sort -committerdate --format %(refname)%00%(objectname)%00%(*objectname) [1ms]
2025-06-13 18:20:19.107 [info] > git config --get commit.template [12ms]
2025-06-13 18:20:19.108 [info] > git for-each-ref --format=%(refname)%00%(upstream:short)%00%(objectname)%00%(upstream:track)%00%(upstream:remotename)%00%(upstream:remoteref) refs/heads/b1 refs/remotes/b1 [1ms]
2025-06-13 18:20:19.124 [info] > git status -z -uall [6ms]
2025-06-13 18:20:19.124 [info] > git for-each-ref --sort -committerdate --format %(refname)%00%(objectname)%00%(*objectname) [0ms]
2025-06-13 18:20:29.270 [info] > git config --get commit.template [15ms]
2025-06-13 18:20:29.271 [info] > git for-each-ref --format=%(refname)%00%(upstream:short)%00%(objectname)%00%(upstream:track)%00%(upstream:remotename)%00%(upstream:remoteref) refs/heads/b1 refs/remotes/b1 [2ms]
2025-06-13 18:20:29.291 [info] > git status -z -uall [8ms]
2025-06-13 18:20:29.292 [info] > git for-each-ref --sort -committerdate --format %(refname)%00%(objectname)%00%(*objectname) [2ms]
2025-06-13 18:20:34.553 [info] > git config --get commit.template [1ms]
2025-06-13 18:20:34.561 [info] > git for-each-ref --format=%(refname)%00%(upstream:short)%00%(objectname)%00%(upstream:track)%00%(upstream:remotename)%00%(upstream:remoteref) refs/heads/b1 refs/remotes/b1 [1ms]
2025-06-13 18:20:34.573 [info] > git status -z -uall [7ms]
2025-06-13 18:20:34.574 [info] > git for-each-ref --sort -committerdate --format %(refname)%00%(objectname)%00%(*objectname) [2ms]
2025-06-13 18:25:21.803 [info] > git config --get commit.template [2ms]
2025-06-13 18:25:21.811 [info] > git for-each-ref --format=%(refname)%00%(upstream:short)%00%(objectname)%00%(upstream:track)%00%(upstream:remotename)%00%(upstream:remoteref) refs/heads/b1 refs/remotes/b1 [1ms]
2025-06-13 18:25:21.824 [info] > git status -z -uall [6ms]
2025-06-13 18:25:21.825 [info] > git for-each-ref --sort -committerdate --format %(refname)%00%(objectname)%00%(*objectname) [2ms]
2025-06-13 18:26:04.497 [info] > git config --get commit.template [6ms]
2025-06-13 18:26:04.497 [info] > git for-each-ref --format=%(refname)%00%(upstream:short)%00%(objectname)%00%(upstream:track)%00%(upstream:remotename)%00%(upstream:remoteref) refs/heads/b1 refs/remotes/b1 [1ms]
2025-06-13 18:26:04.510 [info] > git status -z -uall [6ms]
2025-06-13 18:26:04.511 [info] > git for-each-ref --sort -committerdate --format %(refname)%00%(objectname)%00%(*objectname) [1ms]
2025-06-13 18:28:18.592 [info] > git config --get commit.template [14ms]
2025-06-13 18:28:18.593 [info] > git for-each-ref --format=%(refname)%00%(upstream:short)%00%(objectname)%00%(upstream:track)%00%(upstream:remotename)%00%(upstream:remoteref) refs/heads/b1 refs/remotes/b1 [2ms]
2025-06-13 18:28:18.611 [info] > git status -z -uall [10ms]
2025-06-13 18:28:18.611 [info] > git for-each-ref --sort -committerdate --format %(refname)%00%(objectname)%00%(*objectname) [1ms]
2025-06-13 18:28:23.629 [info] > git config --get commit.template [10ms]
2025-06-13 18:28:23.630 [info] > git for-each-ref --format=%(refname)%00%(upstream:short)%00%(objectname)%00%(upstream:track)%00%(upstream:remotename)%00%(upstream:remoteref) refs/heads/b1 refs/remotes/b1 [1ms]
2025-06-13 18:28:23.646 [info] > git status -z -uall [10ms]
2025-06-13 18:28:23.646 [info] > git for-each-ref --sort -committerdate --format %(refname)%00%(objectname)%00%(*objectname) [1ms]
2025-06-13 18:51:36.811 [info] > git config --get commit.template [8ms]
2025-06-13 18:51:36.811 [info] > git for-each-ref --format=%(refname)%00%(upstream:short)%00%(objectname)%00%(upstream:track)%00%(upstream:remotename)%00%(upstream:remoteref) refs/heads/b1 refs/remotes/b1 [0ms]
2025-06-13 18:51:36.825 [info] > git status -z -uall [6ms]
2025-06-13 18:51:36.826 [info] > git for-each-ref --sort -committerdate --format %(refname)%00%(objectname)%00%(*objectname) [1ms]
2025-06-13 18:51:41.849 [info] > git config --get commit.template [11ms]
2025-06-13 18:51:41.850 [info] > git for-each-ref --format=%(refname)%00%(upstream:short)%00%(objectname)%00%(upstream:track)%00%(upstream:remotename)%00%(upstream:remoteref) refs/heads/b1 refs/remotes/b1 [1ms]
2025-06-13 18:51:41.864 [info] > git status -z -uall [7ms]
2025-06-13 18:51:41.866 [info] > git for-each-ref --sort -committerdate --format %(refname)%00%(objectname)%00%(*objectname) [2ms]
2025-06-13 18:52:03.731 [info] > git config --get commit.template [12ms]
2025-06-13 18:52:03.732 [info] > git for-each-ref --format=%(refname)%00%(upstream:short)%00%(objectname)%00%(upstream:track)%00%(upstream:remotename)%00%(upstream:remoteref) refs/heads/b1 refs/remotes/b1 [2ms]
2025-06-13 18:52:03.751 [info] > git status -z -uall [10ms]
2025-06-13 18:52:03.751 [info] > git for-each-ref --sort -committerdate --format %(refname)%00%(objectname)%00%(*objectname) [2ms]
2025-06-13 18:52:08.773 [info] > git for-each-ref --format=%(refname)%00%(upstream:short)%00%(objectname)%00%(upstream:track)%00%(upstream:remotename)%00%(upstream:remoteref) refs/heads/b1 refs/remotes/b1 [2ms]
2025-06-13 18:52:08.773 [info] > git config --get commit.template [13ms]
2025-06-13 18:52:08.789 [info] > git status -z -uall [8ms]
2025-06-13 18:52:08.790 [info] > git for-each-ref --sort -committerdate --format %(refname)%00%(objectname)%00%(*objectname) [1ms]
2025-06-13 18:52:29.688 [info] > git config --get commit.template [13ms]
2025-06-13 18:52:29.689 [info] > git for-each-ref --format=%(refname)%00%(upstream:short)%00%(objectname)%00%(upstream:track)%00%(upstream:remotename)%00%(upstream:remoteref) refs/heads/b1 refs/remotes/b1 [2ms]
2025-06-13 18:52:29.704 [info] > git status -z -uall [7ms]
2025-06-13 18:52:29.705 [info] > git for-each-ref --sort -committerdate --format %(refname)%00%(objectname)%00%(*objectname) [1ms]
2025-06-13 18:52:34.730 [info] > git config --get commit.template [11ms]
2025-06-13 18:52:34.730 [info] > git for-each-ref --format=%(refname)%00%(upstream:short)%00%(objectname)%00%(upstream:track)%00%(upstream:remotename)%00%(upstream:remoteref) refs/heads/b1 refs/remotes/b1 [1ms]
2025-06-13 18:52:34.746 [info] > git status -z -uall [7ms]
2025-06-13 18:52:34.747 [info] > git for-each-ref --sort -committerdate --format %(refname)%00%(objectname)%00%(*objectname) [1ms]
2025-06-13 18:52:35.081 [info] > git show --textconv :LinkedLists/detectCycle.cpp [13ms]
2025-06-13 18:52:35.082 [info] > git ls-files --stage -- LinkedLists/detectCycle.cpp [2ms]
2025-06-13 18:52:35.094 [info] > git cat-file -s 47e06eca4f733a962c3057baf6a4ab8718e8ec3d [2ms]
2025-06-13 18:52:35.120 [info] > git blame --root --incremental 63d64d8436fd7722a5d2bc871b020774fc7a0c32 -- LinkedLists/detectCycle.cpp [2ms]
2025-06-13 19:27:14.977 [info] > git config --get commit.template [10ms]
2025-06-13 19:27:14.978 [info] > git for-each-ref --format=%(refname)%00%(upstream:short)%00%(objectname)%00%(upstream:track)%00%(upstream:remotename)%00%(upstream:remoteref) refs/heads/b1 refs/remotes/b1 [1ms]
2025-06-13 19:27:14.999 [info] > git status -z -uall [16ms]
2025-06-13 19:27:14.999 [info] > git for-each-ref --sort -committerdate --format %(refname)%00%(objectname)%00%(*objectname) [8ms]
2025-06-13 19:27:15.001 [info] > git check-ignore -v -z --stdin [2ms]
2025-06-13 19:27:18.566 [info] > git show --textconv :LinkedLists/rcReverseLL.cpp [8ms]
2025-06-13 19:27:18.567 [info] > git ls-files --stage -- LinkedLists/rcReverseLL.cpp [1ms]
2025-06-13 19:27:18.577 [info] > git cat-file -s ff06db8e2d818fe6f7e57b02c3d5b7eb7ce87c90 [1ms]
2025-06-13 19:27:18.589 [info] > git blame --root --incremental 63d64d8436fd7722a5d2bc871b020774fc7a0c32 -- LinkedLists/rcReverseLL.cpp [1ms]
2025-06-13 19:28:22.311 [info] > git show --textconv :LinkedLists/mergeSortedLL.cpp [21ms]
2025-06-13 19:28:22.311 [info] > git ls-files --stage -- LinkedLists/mergeSortedLL.cpp [1ms]
2025-06-13 19:28:22.327 [info] > git cat-file -s a674b0476f94ed862b5d80c221a822c113c06530 [1ms]
2025-06-13 19:28:22.362 [info] > git blame --root --incremental 63d64d8436fd7722a5d2bc871b020774fc7a0c32 -- LinkedLists/mergeSortedLL.cpp [2ms]
2025-06-13 19:35:59.603 [info] > git config --get commit.template [15ms]
2025-06-13 19:35:59.604 [info] > git for-each-ref --format=%(refname)%00%(upstream:short)%00%(objectname)%00%(upstream:track)%00%(upstream:remotename)%00%(upstream:remoteref) refs/heads/b1 refs/remotes/b1 [3ms]
2025-06-13 19:35:59.623 [info] > git status -z -uall [10ms]
2025-06-13 19:35:59.624 [info] > git for-each-ref --sort -committerdate --format %(refname)%00%(objectname)%00%(*objectname) [2ms]
2025-06-13 19:36:04.638 [info] > git config --get commit.template [1ms]
2025-06-13 19:36:04.644 [info] > git for-each-ref --format=%(refname)%00%(upstream:short)%00%(objectname)%00%(upstream:track)%00%(upstream:remotename)%00%(upstream:remoteref) refs/heads/b1 refs/remotes/b1 [0ms]
2025-06-13 19:36:04.659 [info] > git status -z -uall [7ms]
2025-06-13 19:36:04.660 [info] > git for-each-ref --sort -committerdate --format %(refname)%00%(objectname)%00%(*objectname) [1ms]
2025-06-13 19:36:39.788 [info] > git config --get commit.template [2ms]
2025-06-13 19:36:39.797 [info] > git for-each-ref --format=%(refname)%00%(upstream:short)%00%(objectname)%00%(upstream:track)%00%(upstream:remotename)%00%(upstream:remoteref) refs/heads/b1 refs/remotes/b1 [2ms]
2025-06-13 19:36:39.811 [info] > git status -z -uall [8ms]
2025-06-13 19:36:39.812 [info] > git for-each-ref --sort -committerdate --format %(refname)%00%(objectname)%00%(*objectname) [2ms]
2025-06-13 19:36:44.836 [info] > git config --get commit.template [9ms]
2025-06-13 19:36:44.837 [info] > git for-each-ref --format=%(refname)%00%(upstream:short)%00%(objectname)%00%(upstream:track)%00%(upstream:remotename)%00%(upstream:remoteref) refs/heads/b1 refs/remotes/b1 [1ms]
2025-06-13 19:36:44.853 [info] > git status -z -uall [9ms]
2025-06-13 19:36:44.854 [info] > git for-each-ref --sort -committerdate --format %(refname)%00%(objectname)%00%(*objectname) [2ms]
2025-06-13 19:36:54.221 [info] > git config --get commit.template [8ms]
2025-06-13 19:36:54.221 [info] > git for-each-ref --format=%(refname)%00%(upstream:short)%00%(objectname)%00%(upstream:track)%00%(upstream:remotename)%00%(upstream:remoteref) refs/heads/b1 refs/remotes/b1 [0ms]
2025-06-13 19:36:54.237 [info] > git status -z -uall [7ms]
2025-06-13 19:36:54.237 [info] > git for-each-ref --sort -committerdate --format %(refname)%00%(objectname)%00%(*objectname) [1ms]
2025-06-13 19:36:59.260 [info] > git config --get commit.template [12ms]
2025-06-13 19:36:59.261 [info] > git for-each-ref --format=%(refname)%00%(upstream:short)%00%(objectname)%00%(upstream:track)%00%(upstream:remotename)%00%(upstream:remoteref) refs/heads/b1 refs/remotes/b1 [1ms]
2025-06-13 19:36:59.275 [info] > git status -z -uall [7ms]
2025-06-13 19:36:59.276 [info] > git for-each-ref --sort -committerdate --format %(refname)%00%(objectname)%00%(*objectname) [1ms]
2025-06-13 19:37:08.221 [info] > git config --get commit.template [14ms]
2025-06-13 19:37:08.222 [info] > git for-each-ref --format=%(refname)%00%(upstream:short)%00%(objectname)%00%(upstream:track)%00%(upstream:remotename)%00%(upstream:remoteref) refs/heads/b1 refs/remotes/b1 [2ms]
2025-06-13 19:37:08.239 [info] > git status -z -uall [8ms]
2025-06-13 19:37:08.240 [info] > git for-each-ref --sort -committerdate --format %(refname)%00%(objectname)%00%(*objectname) [1ms]
2025-06-13 19:37:15.477 [info] > git config --get commit.template [13ms]
2025-06-13 19:37:15.478 [info] > git for-each-ref --format=%(refname)%00%(upstream:short)%00%(objectname)%00%(upstream:track)%00%(upstream:remotename)%00%(upstream:remoteref) refs/heads/b1 refs/remotes/b1 [1ms]
2025-06-13 19:37:15.497 [info] > git status -z -uall [10ms]
2025-06-13 19:37:15.498 [info] > git for-each-ref --sort -committerdate --format %(refname)%00%(objectname)%00%(*objectname) [1ms]
2025-06-13 19:37:23.417 [info] > git config --get commit.template [14ms]
2025-06-13 19:37:23.418 [info] > git for-each-ref --format=%(refname)%00%(upstream:short)%00%(objectname)%00%(upstream:track)%00%(upstream:remotename)%00%(upstream:remoteref) refs/heads/b1 refs/remotes/b1 [2ms]
2025-06-13 19:37:23.440 [info] > git status -z -uall [11ms]
2025-06-13 19:37:23.440 [info] > git for-each-ref --sort -committerdate --format %(refname)%00%(objectname)%00%(*objectname) [2ms]
2025-06-13 19:37:28.537 [info] > git config --get commit.template [2ms]
2025-06-13 19:37:28.550 [info] > git for-each-ref --format=%(refname)%00%(upstream:short)%00%(objectname)%00%(upstream:track)%00%(upstream:remotename)%00%(upstream:remoteref) refs/heads/b1 refs/remotes/b1 [1ms]
2025-06-13 19:37:28.568 [info] > git status -z -uall [8ms]
2025-06-13 19:37:28.569 [info] > git for-each-ref --sort -committerdate --format %(refname)%00%(objectname)%00%(*objectname) [2ms]
2025-06-13 19:37:33.599 [info] > git config --get commit.template [14ms]
2025-06-13 19:37:33.600 [info] > git for-each-ref --format=%(refname)%00%(upstream:short)%00%(objectname)%00%(upstream:track)%00%(upstream:remotename)%00%(upstream:remoteref) refs/heads/b1 refs/remotes/b1 [2ms]
2025-06-13 19:37:33.619 [info] > git status -z -uall [10ms]
2025-06-13 19:37:33.620 [info] > git for-each-ref --sort -committerdate --format %(refname)%00%(objectname)%00%(*objectname) [2ms]
2025-06-13 19:37:38.645 [info] > git config --get commit.template [10ms]
2025-06-13 19:37:38.646 [info] > git for-each-ref --format=%(refname)%00%(upstream:short)%00%(objectname)%00%(upstream:track)%00%(upstream:remotename)%00%(upstream:remoteref) refs/heads/b1 refs/remotes/b1 [1ms]
2025-06-13 19:37:38.660 [info] > git status -z -uall [8ms]
2025-06-13 19:37:38.661 [info] > git for-each-ref --sort -committerdate --format %(refname)%00%(objectname)%00%(*objectname) [1ms]
2025-06-13 19:37:43.687 [info] > git config --get commit.template [13ms]
2025-06-13 19:37:43.687 [info] > git for-each-ref --format=%(refname)%00%(upstream:short)%00%(objectname)%00%(upstream:track)%00%(upstream:remotename)%00%(upstream:remoteref) refs/heads/b1 refs/remotes/b1 [1ms]
2025-06-13 19:37:43.703 [info] > git status -z -uall [8ms]
2025-06-13 19:37:43.704 [info] > git for-each-ref --sort -committerdate --format %(refname)%00%(objectname)%00%(*objectname) [2ms]
2025-06-13 19:39:43.972 [info] > git config --get commit.template [1ms]
2025-06-13 19:39:43.982 [info] > git for-each-ref --format=%(refname)%00%(upstream:short)%00%(objectname)%00%(upstream:track)%00%(upstream:remotename)%00%(upstream:remoteref) refs/heads/b1 refs/remotes/b1 [1ms]
2025-06-13 19:39:43.996 [info] > git status -z -uall [9ms]
2025-06-13 19:39:43.997 [info] > git for-each-ref --sort -committerdate --format %(refname)%00%(objectname)%00%(*objectname) [1ms]
2025-06-13 19:39:55.538 [info] > git config --get commit.template [12ms]
2025-06-13 19:39:55.538 [info] > git for-each-ref --format=%(refname)%00%(upstream:short)%00%(objectname)%00%(upstream:track)%00%(upstream:remotename)%00%(upstream:remoteref) refs/heads/b1 refs/remotes/b1 [1ms]
2025-06-13 19:39:55.554 [info] > git status -z -uall [7ms]
2025-06-13 19:39:55.555 [info] > git for-each-ref --sort -committerdate --format %(refname)%00%(objectname)%00%(*objectname) [2ms]
2025-06-13 19:40:00.577 [info] > git config --get commit.template [9ms]
2025-06-13 19:40:00.578 [info] > git for-each-ref --format=%(refname)%00%(upstream:short)%00%(objectname)%00%(upstream:track)%00%(upstream:remotename)%00%(upstream:remoteref) refs/heads/b1 refs/remotes/b1 [2ms]
2025-06-13 19:40:00.597 [info] > git status -z -uall [9ms]
2025-06-13 19:40:00.599 [info] > git for-each-ref --sort -committerdate --format %(refname)%00%(objectname)%00%(*objectname) [2ms]
2025-06-13 19:40:00.932 [info] > git show --textconv :LinkedLists/deleteNthEnd.cpp [14ms]
2025-06-13 19:40:00.933 [info] > git ls-files --stage -- LinkedLists/deleteNthEnd.cpp [2ms]
2025-06-13 19:40:00.944 [info] > git cat-file -s a6e2aae4a8ca99ae114bd35661d8af5493ccede8 [2ms]
2025-06-13 19:40:00.962 [info] > git blame --root --incremental 513cd1ce14fbbbfd9fcef5ceafb36c43289a0f09 -- LinkedLists/deleteNthEnd.cpp [1ms]
2025-06-13 19:40:35.208 [info] > git for-each-ref --format=%(refname)%00%(upstream:short)%00%(objectname)%00%(upstream:track)%00%(upstream:remotename)%00%(upstream:remoteref) refs/heads/b1 refs/remotes/b1 [10ms]
2025-06-13 19:40:35.208 [info] > git config --get commit.template [21ms]
2025-06-13 19:40:35.224 [info] > git check-ignore -v -z --stdin [16ms]
2025-06-13 19:40:35.224 [info] > git status -z -uall [10ms]
2025-06-13 19:40:35.225 [info] > git for-each-ref --sort -committerdate --format %(refname)%00%(objectname)%00%(*objectname) [2ms]
2025-06-13 19:40:42.909 [info] > git show --textconv :LinkedLists/deleteNthEnd.cpp [12ms]
2025-06-13 19:40:42.910 [info] > git ls-files --stage -- LinkedLists/deleteNthEnd.cpp [1ms]
2025-06-13 19:40:42.920 [info] > git cat-file -s a6e2aae4a8ca99ae114bd35661d8af5493ccede8 [2ms]
2025-06-13 19:40:53.400 [info] > git config --get commit.template [12ms]
2025-06-13 19:40:53.400 [info] > git for-each-ref --format=%(refname)%00%(upstream:short)%00%(objectname)%00%(upstream:track)%00%(upstream:remotename)%00%(upstream:remoteref) refs/heads/b1 refs/remotes/b1 [1ms]
2025-06-13 19:40:53.415 [info] > git status -z -uall [8ms]
2025-06-13 19:40:53.415 [info] > git for-each-ref --sort -committerdate --format %(refname)%00%(objectname)%00%(*objectname) [1ms]
2025-06-13 19:45:47.509 [info] > git config --get commit.template [2ms]
2025-06-13 19:45:47.520 [info] > git for-each-ref --format=%(refname)%00%(upstream:short)%00%(objectname)%00%(upstream:track)%00%(upstream:remotename)%00%(upstream:remoteref) refs/heads/b1 refs/remotes/b1 [1ms]
2025-06-13 19:45:47.536 [info] > git status -z -uall [9ms]
2025-06-13 19:45:47.536 [info] > git for-each-ref --sort -committerdate --format %(refname)%00%(objectname)%00%(*objectname) [1ms]
2025-06-13 19:47:19.395 [info] > git config --get commit.template [13ms]
2025-06-13 19:47:19.396 [info] > git for-each-ref --format=%(refname)%00%(upstream:short)%00%(objectname)%00%(upstream:track)%00%(upstream:remotename)%00%(upstream:remoteref) refs/heads/b1 refs/remotes/b1 [2ms]
2025-06-13 19:47:19.414 [info] > git status -z -uall [7ms]
2025-06-13 19:47:19.415 [info] > git for-each-ref --sort -committerdate --format %(refname)%00%(objectname)%00%(*objectname) [1ms]
2025-06-13 19:47:24.457 [info] > git for-each-ref --format=%(refname)%00%(upstream:short)%00%(objectname)%00%(upstream:track)%00%(upstream:remotename)%00%(upstream:remoteref) refs/heads/b1 refs/remotes/b1 [13ms]
2025-06-13 19:47:24.457 [info] > git config --get commit.template [25ms]
2025-06-13 19:47:24.471 [info] > git status -z -uall [9ms]
2025-06-13 19:47:24.472 [info] > git for-each-ref --sort -committerdate --format %(refname)%00%(objectname)%00%(*objectname) [1ms]
2025-06-13 19:47:38.076 [info] > git config --get commit.template [11ms]
2025-06-13 19:47:38.076 [info] > git for-each-ref --format=%(refname)%00%(upstream:short)%00%(objectname)%00%(upstream:track)%00%(upstream:remotename)%00%(upstream:remoteref) refs/heads/b1 refs/remotes/b1 [1ms]
2025-06-13 19:47:38.092 [info] > git status -z -uall [8ms]
2025-06-13 19:47:38.093 [info] > git for-each-ref --sort -committerdate --format %(refname)%00%(objectname)%00%(*objectname) [1ms]
2025-06-13 19:47:43.116 [info] > git config --get commit.template [11ms]
2025-06-13 19:47:43.117 [info] > git for-each-ref --format=%(refname)%00%(upstream:short)%00%(objectname)%00%(upstream:track)%00%(upstream:remotename)%00%(upstream:remoteref) refs/heads/b1 refs/remotes/b1 [2ms]
2025-06-13 19:47:43.134 [info] > git status -z -uall [8ms]
2025-06-13 19:47:43.134 [info] > git for-each-ref --sort -committerdate --format %(refname)%00%(objectname)%00%(*objectname) [1ms]
2025-06-13 19:50:34.323 [info] > git config --get commit.template [14ms]
2025-06-13 19:50:34.323 [info] > git for-each-ref --format=%(refname)%00%(upstream:short)%00%(objectname)%00%(upstream:track)%00%(upstream:remotename)%00%(upstream:remoteref) refs/heads/b1 refs/remotes/b1 [1ms]
2025-06-13 19:50:34.339 [info] > git status -z -uall [8ms]
2025-06-13 19:50:34.339 [info] > git for-each-ref --sort -committerdate --format %(refname)%00%(objectname)%00%(*objectname) [1ms]
2025-06-13 19:50:44.948 [info] > git config --get commit.template [12ms]
2025-06-13 19:50:44.949 [info] > git for-each-ref --format=%(refname)%00%(upstream:short)%00%(objectname)%00%(upstream:track)%00%(upstream:remotename)%00%(upstream:remoteref) refs/heads/b1 refs/remotes/b1 [1ms]
2025-06-13 19:50:44.963 [info] > git status -z -uall [9ms]
2025-06-13 19:50:44.963 [info] > git for-each-ref --sort -committerdate --format %(refname)%00%(objectname)%00%(*objectname) [1ms]
2025-06-13 19:50:52.683 [info] > git config --get commit.template [2ms]
2025-06-13 19:50:52.691 [info] > git for-each-ref --format=%(refname)%00%(upstream:short)%00%(objectname)%00%(upstream:track)%00%(upstream:remotename)%00%(upstream:remoteref) refs/heads/b1 refs/remotes/b1 [1ms]
2025-06-13 19:50:52.707 [info] > git status -z -uall [9ms]
2025-06-13 19:50:52.708 [info] > git for-each-ref --sort -committerdate --format %(refname)%00%(objectname)%00%(*objectname) [2ms]
2025-06-13 19:51:00.717 [info] > git config --get commit.template [1ms]
2025-06-13 19:51:00.724 [info] > git for-each-ref --format=%(refname)%00%(upstream:short)%00%(objectname)%00%(upstream:track)%00%(upstream:remotename)%00%(upstream:remoteref) refs/heads/b1 refs/remotes/b1 [1ms]
2025-06-13 19:51:00.738 [info] > git status -z -uall [6ms]
2025-06-13 19:51:00.739 [info] > git for-each-ref --sort -committerdate --format %(refname)%00%(objectname)%00%(*objectname) [2ms]
2025-06-13 19:53:00.007 [info] > git config --get commit.template [14ms]
2025-06-13 19:53:00.008 [info] > git for-each-ref --format=%(refname)%00%(upstream:short)%00%(objectname)%00%(upstream:track)%00%(upstream:remotename)%00%(upstream:remoteref) refs/heads/b1 refs/remotes/b1 [2ms]
2025-06-13 19:53:00.026 [info] > git status -z -uall [7ms]
2025-06-13 19:53:00.027 [info] > git for-each-ref --sort -committerdate --format %(refname)%00%(objectname)%00%(*objectname) [2ms]
2025-06-13 19:53:13.413 [info] > git config --get commit.template [2ms]
2025-06-13 19:53:13.427 [info] > git for-each-ref --format=%(refname)%00%(upstream:short)%00%(objectname)%00%(upstream:track)%00%(upstream:remotename)%00%(upstream:remoteref) refs/heads/b1 refs/remotes/b1 [2ms]
2025-06-13 19:53:13.449 [info] > git status -z -uall [11ms]
2025-06-13 19:53:13.450 [info] > git for-each-ref --sort -committerdate --format %(refname)%00%(objectname)%00%(*objectname) [2ms]
2025-06-13 19:54:18.470 [info] > git config --get commit.template [14ms]
2025-06-13 19:54:18.471 [info] > git for-each-ref --format=%(refname)%00%(upstream:short)%00%(objectname)%00%(upstream:track)%00%(upstream:remotename)%00%(upstream:remoteref) refs/heads/b1 refs/remotes/b1 [2ms]
2025-06-13 19:54:18.488 [info] > git status -z -uall [7ms]
2025-06-13 19:54:18.489 [info] > git for-each-ref --sort -committerdate --format %(refname)%00%(objectname)%00%(*objectname) [1ms]
2025-06-13 19:54:23.504 [info] > git config --get commit.template [2ms]
2025-06-13 19:54:23.517 [info] > git for-each-ref --format=%(refname)%00%(upstream:short)%00%(objectname)%00%(upstream:track)%00%(upstream:remotename)%00%(upstream:remoteref) refs/heads/b1 refs/remotes/b1 [1ms]
2025-06-13 19:54:23.530 [info] > git status -z -uall [7ms]
2025-06-13 19:54:23.531 [info] > git for-each-ref --sort -committerdate --format %(refname)%00%(objectname)%00%(*objectname) [1ms]
2025-06-13 19:54:23.866 [info] > git show --textconv :LinkedLists/deleteMid.cpp [14ms]
2025-06-13 19:54:23.867 [info] > git ls-files --stage -- LinkedLists/deleteMid.cpp [2ms]
2025-06-13 19:54:23.879 [info] > git cat-file -s 0846131dc4e0bc586f85cbcac19327255c876698 [2ms]
2025-06-13 19:54:23.898 [info] > git blame --root --incremental f74d95cccac54b639870eecec46db6e08c24e829 -- LinkedLists/deleteMid.cpp [2ms]
2025-06-13 20:15:00.278 [info] > git show --textconv :LinkedLists/deleteNthEnd.cpp [8ms]
2025-06-13 20:15:00.278 [info] > git ls-files --stage -- LinkedLists/deleteNthEnd.cpp [1ms]
2025-06-13 20:15:00.286 [info] > git cat-file -s a6e2aae4a8ca99ae114bd35661d8af5493ccede8 [1ms]
2025-06-13 20:15:00.305 [info] > git blame --root --incremental f74d95cccac54b639870eecec46db6e08c24e829 -- LinkedLists/deleteNthEnd.cpp [1ms]
2025-06-13 20:20:29.142 [info] > git show --textconv :LinkedLists/isPalOptimal.cpp [11ms]
2025-06-13 20:20:29.142 [info] > git ls-files --stage -- LinkedLists/isPalOptimal.cpp [1ms]
2025-06-13 20:20:29.151 [info] > git cat-file -s 2d06f7768d902126f677ee28a361a67ca6461668 [1ms]
2025-06-13 20:20:29.168 [info] > git blame --root --incremental f74d95cccac54b639870eecec46db6e08c24e829 -- LinkedLists/isPalOptimal.cpp [2ms]
2025-06-13 20:21:01.475 [info] > git show --textconv :LinkedLists/isPalBrute.cpp [10ms]
2025-06-13 20:21:01.476 [info] > git ls-files --stage -- LinkedLists/isPalBrute.cpp [2ms]
2025-06-13 20:21:01.489 [info] > git cat-file -s 4d2046fd80288bc5d14a4649a88217425a7278f8 [1ms]
2025-06-13 20:21:01.535 [info] > git blame --root --incremental f74d95cccac54b639870eecec46db6e08c24e829 -- LinkedLists/isPalBrute.cpp [2ms]
2025-06-13 20:21:13.801 [info] > git show --textconv :LinkedLists/rcReverseLL.cpp [12ms]
2025-06-13 20:21:13.802 [info] > git ls-files --stage -- LinkedLists/rcReverseLL.cpp [1ms]
2025-06-13 20:21:13.811 [info] > git cat-file -s ff06db8e2d818fe6f7e57b02c3d5b7eb7ce87c90 [1ms]
2025-06-13 20:21:13.824 [info] > git blame --root --incremental f74d95cccac54b639870eecec46db6e08c24e829 -- LinkedLists/rcReverseLL.cpp [2ms]
2025-06-13 20:21:32.852 [info] > git show --textconv :LinkedLists/mergeSortedLL.cpp [8ms]
2025-06-13 20:21:32.853 [info] > git ls-files --stage -- LinkedLists/mergeSortedLL.cpp [1ms]
2025-06-13 20:21:32.863 [info] > git cat-file -s a674b0476f94ed862b5d80c221a822c113c06530 [1ms]
2025-06-13 20:21:32.876 [info] > git blame --root --incremental f74d95cccac54b639870eecec46db6e08c24e829 -- LinkedLists/mergeSortedLL.cpp [2ms]
2025-06-13 20:21:47.203 [info] > git show --textconv :LinkedLists/isPalBrute.cpp [7ms]
2025-06-13 20:21:47.203 [info] > git ls-files --stage -- LinkedLists/isPalBrute.cpp [1ms]
2025-06-13 20:21:47.213 [info] > git cat-file -s 4d2046fd80288bc5d14a4649a88217425a7278f8 [1ms]
2025-06-13 20:22:27.586 [info] > git show --textconv :arrayProblems/maxSubarSum.cpp [8ms]
2025-06-13 20:22:27.588 [info] > git ls-files --stage -- arrayProblems/maxSubarSum.cpp [3ms]
2025-06-13 20:22:27.596 [info] > git cat-file -s bc8a4f04e7036f949200eacea9fae26b4755c827 [1ms]
2025-06-13 20:22:27.610 [info] > git blame --root --incremental f74d95cccac54b639870eecec46db6e08c24e829 -- arrayProblems/maxSubarSum.cpp [3ms]
2025-06-13 20:22:47.031 [info] > git show --textconv :arrayProblems/subarSumK.cpp [10ms]
2025-06-13 20:22:47.032 [info] > git ls-files --stage -- arrayProblems/subarSumK.cpp [2ms]
2025-06-13 20:22:47.042 [info] > git cat-file -s 1bf392ccfd6ec180e875ebcabea2d23d62c3f1ce [1ms]
2025-06-13 20:22:47.056 [info] > git blame --root --incremental f74d95cccac54b639870eecec46db6e08c24e829 -- arrayProblems/subarSumK.cpp [2ms]
2025-06-13 20:23:06.255 [info] > git check-ignore -v -z --stdin [2ms]
2025-06-13 20:23:07.641 [info] > git show --textconv :stringProblems/isomorphic.cpp [9ms]
2025-06-13 20:23:07.642 [info] > git ls-files --stage -- stringProblems/isomorphic.cpp [1ms]
2025-06-13 20:23:07.653 [info] > git cat-file -s fff193735e1def7dcb86ad28d5608c4f00038938 [1ms]
2025-06-13 20:23:07.665 [info] > git blame --root --incremental f74d95cccac54b639870eecec46db6e08c24e829 -- stringProblems/isomorphic.cpp [3ms]
2025-06-13 20:23:42.718 [info] > git show --textconv :stringProblems/anagram.cpp [12ms]
2025-06-13 20:23:42.719 [info] > git ls-files --stage -- stringProblems/anagram.cpp [1ms]
2025-06-13 20:23:42.730 [info] > git cat-file -s 2597edaba712e7732d3138d4e4eaab9d8c618945 [1ms]
2025-06-13 20:23:42.742 [info] > git blame --root --incremental f74d95cccac54b639870eecec46db6e08c24e829 -- stringProblems/anagram.cpp [2ms]
2025-06-13 20:24:08.976 [info] > git show --textconv :stringProblems/longestSubStrNoRpt.cpp [10ms]
2025-06-13 20:24:08.977 [info] > git ls-files --stage -- stringProblems/longestSubStrNoRpt.cpp [3ms]
2025-06-13 20:24:08.984 [info] > git cat-file -s 13a94011f984c4230e2059334ee2b070e983c231 [1ms]
2025-06-13 20:24:08.998 [info] > git blame --root --incremental f74d95cccac54b639870eecec46db6e08c24e829 -- stringProblems/longestSubStrNoRpt.cpp [2ms]
2025-06-13 20:24:52.338 [info] > git check-ignore -v -z --stdin [0ms]
2025-06-13 20:24:55.209 [info] > git show --textconv :Recursion-Basic/RcFactorial.cpp [12ms]
2025-06-13 20:24:55.209 [info] > git ls-files --stage -- Recursion-Basic/RcFactorial.cpp [1ms]
2025-06-13 20:24:55.217 [info] > git cat-file -s 65a4027f87b6e2f0203140fa1976a8111a19d5ed [2ms]
2025-06-13 20:25:23.256 [info] > git show --textconv :Recursion-Basic/RcIfPal.cpp [13ms]
2025-06-13 20:25:23.256 [info] > git ls-files --stage -- Recursion-Basic/RcIfPal.cpp [1ms]
2025-06-13 20:25:23.264 [info] > git cat-file -s 5fd12dc1139d12709b5663f18ce85faa9d2f3447 [1ms]
2025-06-13 20:25:53.524 [info] > git show --textconv :Recursion-Basic/RcSumtoN.cpp [9ms]
2025-06-13 20:25:53.525 [info] > git ls-files --stage -- Recursion-Basic/RcSumtoN.cpp [2ms]
2025-06-13 20:25:53.535 [info] > git cat-file -s 0a708677cf4f7d0dc82b0165cf074aca133123be [1ms]
2025-06-13 20:25:55.694 [info] > git show --textconv :Recursion-Basic/RcIfPal.cpp [7ms]
2025-06-13 20:25:55.695 [info] > git ls-files --stage -- Recursion-Basic/RcIfPal.cpp [1ms]
2025-06-13 20:25:55.704 [info] > git cat-file -s 5fd12dc1139d12709b5663f18ce85faa9d2f3447 [1ms]
2025-06-13 20:26:38.200 [info] > git show --textconv :Recursion-Basic/RcPrintName.cpp [8ms]
2025-06-13 20:26:38.201 [info] > git ls-files --stage -- Recursion-Basic/RcPrintName.cpp [1ms]
2025-06-13 20:26:38.211 [info] > git cat-file -s ac018d113b880d38e1d6125e69999150e9956452 [1ms]
2025-06-13 20:27:07.773 [info] > git show --textconv :LinkedLists/deleteNthEnd.cpp [12ms]
2025-06-13 20:27:07.774 [info] > git ls-files --stage -- LinkedLists/deleteNthEnd.cpp [2ms]
2025-06-13 20:27:07.780 [info] > git cat-file -s a6e2aae4a8ca99ae114bd35661d8af5493ccede8 [1ms]
