2025-06-27 14:51:26.945 [info] Reading sessions from keychain...
2025-06-27 14:51:26.946 [info] Getting sessions for all scopes...
2025-06-27 14:51:26.946 [info] Getting sessions for all scopes...
2025-06-27 14:51:26.946 [info] Getting sessions for all scopes...
2025-06-27 14:51:26.946 [info] Getting sessions for all scopes...
2025-06-27 14:51:26.946 [info] Getting sessions for all scopes...
2025-06-27 14:51:26.946 [info] Getting sessions for all scopes...
2025-06-27 14:51:26.946 [info] Getting sessions for all scopes...
2025-06-27 14:51:26.946 [info] Getting sessions for all scopes...
2025-06-27 14:51:26.946 [info] Getting sessions for all scopes...
2025-06-27 14:51:26.946 [info] Got stored sessions!
2025-06-27 14:51:26.946 [info] Got 1 verified sessions.
2025-06-27 14:51:26.946 [info] Got 1 sessions for ...
2025-06-27 14:51:26.946 [info] Got 1 sessions for ...
2025-06-27 14:51:26.946 [info] Got 1 sessions for ...
2025-06-27 14:51:26.946 [info] Got 1 sessions for ...
2025-06-27 14:51:26.946 [info] Got 1 sessions for ...
2025-06-27 14:51:26.946 [info] Got 1 sessions for ...
2025-06-27 14:51:26.946 [info] Got 1 sessions for ...
2025-06-27 14:51:26.946 [info] Got 1 sessions for ...
2025-06-27 14:51:26.946 [info] Got 1 sessions for ...
2025-06-27 14:51:26.946 [info] Getting sessions for all scopes...
2025-06-27 14:51:26.946 [info] Got 1 sessions for ...
2025-06-27 14:51:26.946 [info] Getting sessions for all scopes...
2025-06-27 14:51:26.946 [info] Got 1 sessions for ...
2025-06-27 14:51:26.946 [info] Getting sessions for all scopes...
2025-06-27 14:51:26.946 [info] Got 1 sessions for ...
2025-06-27 14:51:26.946 [info] Getting sessions for all scopes...
2025-06-27 14:51:26.946 [info] Got 1 sessions for ...
2025-06-27 14:51:26.946 [info] Getting sessions for all scopes...
2025-06-27 14:51:26.946 [info] Got 1 sessions for ...
2025-06-27 14:51:26.946 [info] Getting sessions for all scopes...
2025-06-27 14:51:26.946 [info] Got 1 sessions for ...
2025-06-27 14:51:26.946 [info] Getting sessions for all scopes...
2025-06-27 14:51:26.946 [info] Got 1 sessions for ...
2025-06-27 14:51:27.665 [info] Getting sessions for all scopes...
2025-06-27 14:51:27.665 [info] Got 1 sessions for ...
2025-06-27 14:51:28.244 [info] Getting sessions for read:user,repo,user:email,workflow...
2025-06-27 14:51:28.244 [info] Got 1 sessions for read:user,repo,user:email,workflow...
2025-06-27 15:33:40.549 [info] Getting sessions for read:user,repo,user:email,workflow...
2025-06-27 15:33:40.549 [info] Got 1 sessions for read:user,repo,user:email,workflow...
2025-06-27 16:12:15.307 [info] Getting sessions for read:user,repo,user:email,workflow...
2025-06-27 16:12:15.307 [info] Got 1 sessions for read:user,repo,user:email,workflow...
2025-06-27 16:43:47.775 [info] Getting sessions for read:user,repo,user:email,workflow...
2025-06-27 16:43:47.775 [info] Got 1 sessions for read:user,repo,user:email,workflow...
2025-06-27 16:48:29.847 [info] Getting sessions for read:user,repo,user:email,workflow...
2025-06-27 16:48:29.847 [info] Got 1 sessions for read:user,repo,user:email,workflow...
2025-06-27 16:51:18.498 [info] Getting sessions for read:user,repo,user:email,workflow...
2025-06-27 16:51:18.498 [info] Got 1 sessions for read:user,repo,user:email,workflow...
2025-06-27 17:12:28.213 [info] Getting sessions for read:user,repo,user:email,workflow...
2025-06-27 17:12:28.213 [info] Got 1 sessions for read:user,repo,user:email,workflow...
2025-06-27 17:27:16.978 [info] Getting sessions for read:user,repo,user:email,workflow...
2025-06-27 17:27:16.978 [info] Got 1 sessions for read:user,repo,user:email,workflow...
2025-06-27 17:29:03.653 [info] Getting sessions for read:user,repo,user:email,workflow...
2025-06-27 17:29:03.653 [info] Got 1 sessions for read:user,repo,user:email,workflow...
2025-06-27 17:33:21.808 [info] Getting sessions for read:user,repo,user:email,workflow...
2025-06-27 17:33:21.808 [info] Got 1 sessions for read:user,repo,user:email,workflow...
2025-06-27 17:53:10.438 [info] Getting sessions for read:user,repo,user:email,workflow...
2025-06-27 17:53:10.438 [info] Got 1 sessions for read:user,repo,user:email,workflow...
2025-06-27 18:18:34.673 [info] Getting sessions for read:user,repo,user:email,workflow...
2025-06-27 18:18:34.673 [info] Got 1 sessions for read:user,repo,user:email,workflow...
2025-06-27 19:54:22.494 [info] Getting sessions for read:user,repo,user:email,workflow...
2025-06-27 19:54:22.495 [info] Got 1 sessions for read:user,repo,user:email,workflow...
2025-06-27 20:05:16.094 [info] Getting sessions for read:user,repo,user:email,workflow...
2025-06-27 20:05:16.095 [info] Got 1 sessions for read:user,repo,user:email,workflow...
2025-06-27 20:21:17.461 [info] Getting sessions for read:user,repo,user:email,workflow...
2025-06-27 20:21:17.462 [info] Got 1 sessions for read:user,repo,user:email,workflow...
2025-06-27 20:26:50.158 [info] Getting sessions for read:user,repo,user:email,workflow...
2025-06-27 20:26:50.158 [info] Got 1 sessions for read:user,repo,user:email,workflow...
2025-06-27 20:31:40.383 [info] Getting sessions for read:user,repo,user:email,workflow...
2025-06-27 20:31:40.383 [info] Got 1 sessions for read:user,repo,user:email,workflow...
2025-06-27 20:40:37.870 [info] Getting sessions for read:user,repo,user:email,workflow...
2025-06-27 20:40:37.870 [info] Got 1 sessions for read:user,repo,user:email,workflow...
2025-06-27 22:05:30.213 [info] Getting sessions for read:user,repo,user:email,workflow...
2025-06-27 22:05:30.213 [info] Got 1 sessions for read:user,repo,user:email,workflow...
2025-06-27 22:07:53.548 [info] Getting sessions for read:user,repo,user:email,workflow...
2025-06-27 22:07:53.548 [info] Got 1 sessions for read:user,repo,user:email,workflow...
2025-06-27 22:19:54.125 [info] Getting sessions for read:user,repo,user:email,workflow...
2025-06-27 22:19:54.125 [info] Got 1 sessions for read:user,repo,user:email,workflow...
2025-06-27 23:21:51.794 [info] Getting sessions for read:user,repo,user:email,workflow...
2025-06-27 23:21:51.794 [info] Got 1 sessions for read:user,repo,user:email,workflow...
2025-06-27 23:56:10.498 [info] Getting sessions for read:user,repo,user:email,workflow...
2025-06-27 23:56:10.498 [info] Got 1 sessions for read:user,repo,user:email,workflow...
