2025-06-02 20:51:45.379 [info] [main] Log level: Info
2025-06-02 20:51:45.379 [info] [main] Validating found git in: "git"
2025-06-02 20:51:45.379 [info] [main] Using git "2.43.0" from "git"
2025-06-02 20:51:45.379 [info] [Model][doInitialScan] Initial repository scan started
2025-06-02 20:51:45.379 [info] > git rev-parse --show-toplevel [63ms]
2025-06-02 20:51:45.379 [info] > git rev-parse --git-dir --git-common-dir [3ms]
2025-06-02 20:51:45.379 [info] [Model][openRepository] Opened repository (path): /home/sammy/Desktop/temp/hello-world
2025-06-02 20:51:45.379 [info] [Model][openRepository] Opened repository (real path): /home/sammy/Desktop/temp/hello-world
2025-06-02 20:51:45.430 [info] > git rev-parse --show-toplevel [32ms]
2025-06-02 20:51:45.433 [info] [Model][doInitialScan] Initial repository scan completed - repositories (1), closed repositories (0), parent repositories (0), unsafe repositories (0)
2025-06-02 20:51:45.434 [info] > git config --get commit.template [44ms]
2025-06-02 20:51:45.515 [info] > git for-each-ref --format=%(refname)%00%(upstream:short)%00%(objectname)%00%(upstream:track)%00%(upstream:remotename)%00%(upstream:remoteref) refs/heads/b1 refs/remotes/b1 [36ms]
2025-06-02 20:51:45.543 [info] > git status -z -uall [18ms]
2025-06-02 20:51:45.544 [info] > git for-each-ref --sort -committerdate --format %(refname)%00%(objectname)%00%(*objectname) [10ms]
2025-06-02 20:51:45.597 [info] > git for-each-ref --format=%(refname)%00%(upstream:short)%00%(objectname)%00%(upstream:track)%00%(upstream:remotename)%00%(upstream:remoteref) refs/heads/b1 refs/remotes/b1 [30ms]
2025-06-02 20:51:45.614 [info] > git config --get --local branch.b1.vscode-merge-base [8ms]
2025-06-02 20:51:45.622 [info] > git config --get commit.template [26ms]
2025-06-02 20:51:45.648 [info] > git for-each-ref --format=%(refname)%00%(upstream:short)%00%(objectname)%00%(upstream:track)%00%(upstream:remotename)%00%(upstream:remoteref) refs/heads/origin/main refs/remotes/origin/main [27ms]
2025-06-02 20:51:45.771 [info] > git for-each-ref --format=%(refname)%00%(upstream:short)%00%(objectname)%00%(upstream:track)%00%(upstream:remotename)%00%(upstream:remoteref) refs/heads/b1 refs/remotes/b1 [61ms]
2025-06-02 20:51:45.799 [info] > git status -z -uall [22ms]
2025-06-02 20:51:45.799 [info] > git for-each-ref --sort -committerdate --format %(refname)%00%(objectname)%00%(*objectname) [16ms]
2025-06-02 20:51:46.057 [info] > git check-ignore -v -z --stdin [33ms]
2025-06-02 20:51:58.155 [info] > git config --get commit.template [2ms]
2025-06-02 20:51:58.214 [info] > git for-each-ref --format=%(refname)%00%(upstream:short)%00%(objectname)%00%(upstream:track)%00%(upstream:remotename)%00%(upstream:remoteref) refs/heads/b1 refs/remotes/b1 [14ms]
2025-06-02 20:51:58.270 [info] > git status -z -uall [33ms]
2025-06-02 20:51:58.272 [info] > git for-each-ref --sort -committerdate --format %(refname)%00%(objectname)%00%(*objectname) [4ms]
2025-06-02 20:51:58.648 [info] > git show --textconv :Program.java [16ms]
2025-06-02 20:51:58.671 [info] > git ls-files --stage -- Program.java [24ms]
2025-06-02 20:51:58.685 [info] > git hash-object -t tree /dev/null [20ms]
2025-06-02 20:51:58.685 [warning] [GitFileSystemProvider][readFile] File not found - git:/home/sammy/Desktop/temp/hello-world/Program.java.git?%7B%22path%22%3A%22%2Fhome%2Fsammy%2FDesktop%2Ftemp%2Fhello-world%2FProgram.java%22%2C%22ref%22%3A%22%22%7D
2025-06-02 20:51:58.690 [info] > git hash-object -t tree /dev/null [7ms]
2025-06-02 20:51:58.690 [warning] [GitFileSystemProvider][stat] File not found - git:/home/sammy/Desktop/temp/hello-world/Program.java.git?%7B%22path%22%3A%22%2Fhome%2Fsammy%2FDesktop%2Ftemp%2Fhello-world%2FProgram.java%22%2C%22ref%22%3A%22%22%7D
2025-06-02 20:51:58.797 [info] > git blame --root --incremental 63094520b07f2eee63061a62c80dd0ab2c35910d -- Program.java [10ms]
2025-06-02 20:51:58.797 [info] fatal: no such path Program.java in 63094520b07f2eee63061a62c80dd0ab2c35910d
2025-06-02 20:52:02.405 [info] > git show --textconv :linked-list.cpp [30ms]
2025-06-02 20:52:02.408 [info] > git ls-files --stage -- linked-list.cpp [8ms]
2025-06-02 20:52:02.425 [info] > git cat-file -s e440dbfbe09f423d1e8db455e7cc23e399b5eedf [2ms]
2025-06-02 20:52:02.470 [info] > git blame --root --incremental 63094520b07f2eee63061a62c80dd0ab2c35910d -- linked-list.cpp [4ms]
2025-06-02 20:52:03.485 [info] > git show --textconv :student.cpp [15ms]
2025-06-02 20:52:03.488 [info] > git ls-files --stage -- student.cpp [4ms]
2025-06-02 20:52:03.507 [info] > git cat-file -s 6bfe7fe91681b1008dba8cc6f1e6572b66b11f2c [3ms]
2025-06-02 20:52:03.568 [info] > git blame --root --incremental 63094520b07f2eee63061a62c80dd0ab2c35910d -- student.cpp [3ms]
2025-06-02 20:52:08.401 [info] > git config --get commit.template [3ms]
2025-06-02 20:52:08.413 [info] > git for-each-ref --format=%(refname)%00%(upstream:short)%00%(objectname)%00%(upstream:track)%00%(upstream:remotename)%00%(upstream:remoteref) refs/heads/b1 refs/remotes/b1 [1ms]
2025-06-02 20:52:08.432 [info] > git status -z -uall [8ms]
2025-06-02 20:52:08.433 [info] > git for-each-ref --sort -committerdate --format %(refname)%00%(objectname)%00%(*objectname) [2ms]
2025-06-02 20:52:51.351 [info] > git show --textconv :linked-list.cpp [9ms]
2025-06-02 20:52:51.352 [info] > git ls-files --stage -- linked-list.cpp [2ms]
2025-06-02 20:52:51.360 [info] > git cat-file -s e440dbfbe09f423d1e8db455e7cc23e399b5eedf [1ms]
2025-06-02 20:53:26.197 [info] > git show --textconv :JavaCalc.java [14ms]
2025-06-02 20:53:26.198 [warning] [GitFileSystemProvider][readFile] File not found - git:/home/sammy/Desktop/temp/hello-world/JavaCalc.java.git?%7B%22path%22%3A%22%2Fhome%2Fsammy%2FDesktop%2Ftemp%2Fhello-world%2FJavaCalc.java%22%2C%22ref%22%3A%22%22%7D
2025-06-02 20:53:26.199 [info] > git ls-files --stage -- JavaCalc.java [4ms]
2025-06-02 20:53:26.199 [warning] [GitFileSystemProvider][stat] File not found - git:/home/sammy/Desktop/temp/hello-world/JavaCalc.java.git?%7B%22path%22%3A%22%2Fhome%2Fsammy%2FDesktop%2Ftemp%2Fhello-world%2FJavaCalc.java%22%2C%22ref%22%3A%22%22%7D
2025-06-02 20:53:26.428 [info] > git check-ignore -v -z --stdin [1ms]
2025-06-02 20:53:27.029 [info] > git config --get commit.template [10ms]
2025-06-02 20:53:27.030 [info] > git for-each-ref --format=%(refname)%00%(upstream:short)%00%(objectname)%00%(upstream:track)%00%(upstream:remotename)%00%(upstream:remoteref) refs/heads/b1 refs/remotes/b1 [2ms]
2025-06-02 20:53:27.045 [info] > git status -z -uall [10ms]
2025-06-02 20:53:27.046 [info] > git for-each-ref --sort -committerdate --format %(refname)%00%(objectname)%00%(*objectname) [2ms]
2025-06-02 21:21:58.091 [info] > git config --get commit.template [13ms]
2025-06-02 21:21:58.092 [info] > git for-each-ref --format=%(refname)%00%(upstream:short)%00%(objectname)%00%(upstream:track)%00%(upstream:remotename)%00%(upstream:remoteref) refs/heads/b1 refs/remotes/b1 [2ms]
2025-06-02 21:21:58.116 [info] > git status -z -uall [14ms]
2025-06-02 21:21:58.118 [info] > git for-each-ref --sort -committerdate --format %(refname)%00%(objectname)%00%(*objectname) [5ms]
2025-06-02 21:22:33.359 [info] > git for-each-ref --format=%(refname)%00%(upstream:short)%00%(objectname)%00%(upstream:track)%00%(upstream:remotename)%00%(upstream:remoteref) refs/heads/b1 refs/remotes/b1 [9ms]
2025-06-02 21:22:33.359 [info] > git config --get commit.template [21ms]
2025-06-02 21:22:33.376 [info] > git check-ignore -v -z --stdin [18ms]
2025-06-02 21:22:33.376 [info] > git status -z -uall [9ms]
2025-06-02 21:22:33.377 [info] > git for-each-ref --sort -committerdate --format %(refname)%00%(objectname)%00%(*objectname) [3ms]
2025-06-02 21:23:31.578 [info] > git config --get commit.template [14ms]
2025-06-02 21:23:31.579 [info] > git for-each-ref --format=%(refname)%00%(upstream:short)%00%(objectname)%00%(upstream:track)%00%(upstream:remotename)%00%(upstream:remoteref) refs/heads/b1 refs/remotes/b1 [2ms]
2025-06-02 21:23:31.599 [info] > git status -z -uall [9ms]
2025-06-02 21:23:31.600 [info] > git for-each-ref --sort -committerdate --format %(refname)%00%(objectname)%00%(*objectname) [2ms]
2025-06-02 21:23:58.124 [info] > git config --get commit.template [14ms]
2025-06-02 21:23:58.125 [info] > git for-each-ref --format=%(refname)%00%(upstream:short)%00%(objectname)%00%(upstream:track)%00%(upstream:remotename)%00%(upstream:remoteref) refs/heads/b1 refs/remotes/b1 [2ms]
2025-06-02 21:23:58.142 [info] > git status -z -uall [8ms]
2025-06-02 21:23:58.143 [info] > git for-each-ref --sort -committerdate --format %(refname)%00%(objectname)%00%(*objectname) [2ms]
2025-06-02 21:24:03.949 [info] > git config --get commit.template [12ms]
2025-06-02 21:24:03.950 [info] > git for-each-ref --format=%(refname)%00%(upstream:short)%00%(objectname)%00%(upstream:track)%00%(upstream:remotename)%00%(upstream:remoteref) refs/heads/b1 refs/remotes/b1 [2ms]
2025-06-02 21:24:03.970 [info] > git status -z -uall [10ms]
2025-06-02 21:24:03.972 [info] > git for-each-ref --sort -committerdate --format %(refname)%00%(objectname)%00%(*objectname) [2ms]
2025-06-02 21:26:21.366 [info] > git config --get commit.template [12ms]
2025-06-02 21:26:21.368 [info] > git for-each-ref --format=%(refname)%00%(upstream:short)%00%(objectname)%00%(upstream:track)%00%(upstream:remotename)%00%(upstream:remoteref) refs/heads/b1 refs/remotes/b1 [3ms]
2025-06-02 21:26:21.387 [info] > git status -z -uall [11ms]
2025-06-02 21:26:21.388 [info] > git for-each-ref --sort -committerdate --format %(refname)%00%(objectname)%00%(*objectname) [2ms]
2025-06-02 21:26:26.410 [info] > git config --get commit.template [9ms]
2025-06-02 21:26:26.410 [info] > git for-each-ref --format=%(refname)%00%(upstream:short)%00%(objectname)%00%(upstream:track)%00%(upstream:remotename)%00%(upstream:remoteref) refs/heads/b1 refs/remotes/b1 [1ms]
2025-06-02 21:26:26.429 [info] > git status -z -uall [10ms]
2025-06-02 21:26:26.430 [info] > git for-each-ref --sort -committerdate --format %(refname)%00%(objectname)%00%(*objectname) [2ms]
