2025-06-20 16:02:24.643 [info] [main] Log level: Info
2025-06-20 16:02:24.643 [info] [main] Validating found git in: "git"
2025-06-20 16:02:24.643 [info] [main] Using git "2.43.0" from "git"
2025-06-20 16:02:24.643 [info] [Model][doInitialScan] Initial repository scan started
2025-06-20 16:02:24.643 [info] > git rev-parse --show-toplevel [280ms]
2025-06-20 16:02:24.643 [info] > git rev-parse --git-dir --git-common-dir [46ms]
2025-06-20 16:02:24.643 [info] [Model][openRepository] Opened repository (path): /home/sammy/Desktop/temp/hello-world
2025-06-20 16:02:24.643 [info] [Model][openRepository] Opened repository (real path): /home/sammy/Desktop/temp/hello-world
2025-06-20 16:02:24.644 [info] > git rev-parse --show-toplevel [48ms]
2025-06-20 16:02:24.644 [info] > git config --get commit.template [55ms]
2025-06-20 16:02:24.761 [info] > git rev-parse --show-toplevel [49ms]
2025-06-20 16:02:24.762 [info] > git for-each-ref --format=%(refname)%00%(upstream:short)%00%(objectname)%00%(upstream:track)%00%(upstream:remotename)%00%(upstream:remoteref) refs/heads/b1 refs/remotes/b1 [58ms]
2025-06-20 16:02:24.807 [info] > git status -z -uall [36ms]
2025-06-20 16:02:24.807 [info] > git for-each-ref --sort -committerdate --format %(refname)%00%(objectname)%00%(*objectname) [26ms]
2025-06-20 16:02:24.843 [info] > git for-each-ref --format=%(refname)%00%(upstream:short)%00%(objectname)%00%(upstream:track)%00%(upstream:remotename)%00%(upstream:remoteref) refs/heads/b1 refs/remotes/b1 [13ms]
2025-06-20 16:02:24.853 [info] > git rev-parse --show-toplevel [50ms]
2025-06-20 16:02:24.890 [info] > git config --get --local branch.b1.vscode-merge-base [38ms]
2025-06-20 16:02:24.896 [info] > git config --get commit.template [54ms]
2025-06-20 16:02:24.913 [info] > git for-each-ref --format=%(refname)%00%(upstream:short)%00%(objectname)%00%(upstream:track)%00%(upstream:remotename)%00%(upstream:remoteref) refs/heads/origin/main refs/remotes/origin/main [17ms]
2025-06-20 16:02:24.914 [info] > git rev-parse --show-toplevel [43ms]
2025-06-20 16:02:24.937 [info] > git rev-parse --show-toplevel [7ms]
2025-06-20 16:02:24.937 [info] > git for-each-ref --format=%(refname)%00%(upstream:short)%00%(objectname)%00%(upstream:track)%00%(upstream:remotename)%00%(upstream:remoteref) refs/heads/b1 refs/remotes/b1 [13ms]
2025-06-20 16:02:24.969 [info] > git status -z -uall [23ms]
2025-06-20 16:02:24.971 [info] > git for-each-ref --sort -committerdate --format %(refname)%00%(objectname)%00%(*objectname) [15ms]
2025-06-20 16:02:24.976 [info] > git rev-parse --show-toplevel [9ms]
2025-06-20 16:02:24.993 [info] > git rev-parse --show-toplevel [10ms]
2025-06-20 16:02:24.995 [info] [Model][doInitialScan] Initial repository scan completed - repositories (1), closed repositories (0), parent repositories (0), unsafe repositories (0)
2025-06-20 16:02:25.037 [info] > git show --textconv :LinkedLists/llIntersection.cpp [35ms]
2025-06-20 16:02:25.038 [info] > git ls-files --stage -- LinkedLists/llIntersection.cpp [27ms]
2025-06-20 16:02:25.053 [info] > git cat-file -s 4fd7e8bfab8efbeb5afb8558a59fe6217a25bf48 [4ms]
2025-06-20 16:02:25.120 [info] > git blame --root --incremental 8e5c8ada87051fad61f26a1033c60574e8802e91 -- LinkedLists/llIntersection.cpp [18ms]
2025-06-20 16:02:25.156 [info] > git check-ignore -v -z --stdin [3ms]
2025-06-20 16:02:43.390 [info] > git show --textconv :LinkedLists/mergeSortDoubleLL.cpp [7ms]
2025-06-20 16:02:43.391 [info] > git ls-files --stage -- LinkedLists/mergeSortDoubleLL.cpp [2ms]
2025-06-20 16:02:43.398 [info] > git cat-file -s 222113b18ea17f9a0b9efa08b3bf0c10064df7e6 [1ms]
2025-06-20 16:02:45.034 [info] > git blame --root --incremental 8e5c8ada87051fad61f26a1033c60574e8802e91 -- LinkedLists/mergeSortDoubleLL.cpp [2ms]
2025-06-20 16:05:26.183 [info] > git config --get commit.template [8ms]
2025-06-20 16:05:26.183 [info] > git for-each-ref --format=%(refname)%00%(upstream:short)%00%(objectname)%00%(upstream:track)%00%(upstream:remotename)%00%(upstream:remoteref) refs/heads/b1 refs/remotes/b1 [1ms]
2025-06-20 16:05:26.199 [info] > git status -z -uall [8ms]
2025-06-20 16:05:26.200 [info] > git for-each-ref --sort -committerdate --format %(refname)%00%(objectname)%00%(*objectname) [2ms]
2025-06-20 16:06:54.930 [info] > git config --get commit.template [12ms]
2025-06-20 16:06:54.931 [info] > git for-each-ref --format=%(refname)%00%(upstream:short)%00%(objectname)%00%(upstream:track)%00%(upstream:remotename)%00%(upstream:remoteref) refs/heads/b1 refs/remotes/b1 [2ms]
2025-06-20 16:06:54.946 [info] > git status -z -uall [7ms]
2025-06-20 16:06:54.947 [info] > git for-each-ref --sort -committerdate --format %(refname)%00%(objectname)%00%(*objectname) [1ms]
2025-06-20 16:07:00.846 [info] > git check-ignore -v -z --stdin [1ms]
2025-06-20 16:07:06.872 [info] > git ls-files --stage -- LinkedLists/rcReverseLL.cpp [1ms]
2025-06-20 16:07:06.879 [info] > git show --textconv :LinkedLists/rcReverseLL.cpp [14ms]
2025-06-20 16:07:06.879 [info] > git cat-file -s ff06db8e2d818fe6f7e57b02c3d5b7eb7ce87c90 [1ms]
2025-06-20 16:07:13.213 [info] > git blame --root --incremental 8e5c8ada87051fad61f26a1033c60574e8802e91 -- LinkedLists/rcReverseLL.cpp [20ms]
2025-06-20 16:08:46.034 [info] > git show --textconv :LinkedLists/doublyLLL.cpp [8ms]
2025-06-20 16:08:46.035 [info] > git ls-files --stage -- LinkedLists/doublyLLL.cpp [2ms]
2025-06-20 16:08:46.042 [info] > git cat-file -s a9f481297bdcd1596873a7791baa5a711b1c2207 [1ms]
2025-06-20 16:08:46.058 [info] > git blame --root --incremental 8e5c8ada87051fad61f26a1033c60574e8802e91 -- LinkedLists/doublyLLL.cpp [2ms]
2025-06-20 17:31:56.969 [info] > git check-ignore -v -z --stdin [1ms]
2025-06-20 17:32:01.962 [info] > git show --textconv :stringProblems/anagram.cpp [7ms]
2025-06-20 17:32:01.963 [info] > git ls-files --stage -- stringProblems/anagram.cpp [1ms]
2025-06-20 17:32:01.972 [info] > git cat-file -s 2597edaba712e7732d3138d4e4eaab9d8c618945 [1ms]
2025-06-20 17:32:02.009 [info] > git blame --root --incremental 8e5c8ada87051fad61f26a1033c60574e8802e91 -- stringProblems/anagram.cpp [25ms]
2025-06-20 17:32:31.724 [info] > git show --textconv :stringProblems/isomorphic.cpp [8ms]
2025-06-20 17:32:31.724 [info] > git ls-files --stage -- stringProblems/isomorphic.cpp [1ms]
2025-06-20 17:32:31.733 [info] > git cat-file -s fff193735e1def7dcb86ad28d5608c4f00038938 [1ms]
2025-06-20 17:32:31.747 [info] > git blame --root --incremental 8e5c8ada87051fad61f26a1033c60574e8802e91 -- stringProblems/isomorphic.cpp [4ms]
