2025-06-06 15:26:05.910 [info] [main] Log level: Info
2025-06-06 15:26:05.910 [info] [main] Validating found git in: "git"
2025-06-06 15:26:05.910 [info] [main] Using git "2.43.0" from "git"
2025-06-06 15:26:05.910 [info] [Model][doInitialScan] Initial repository scan started
2025-06-06 15:26:05.910 [info] > git rev-parse --show-toplevel [14ms]
2025-06-06 15:26:05.910 [info] > git rev-parse --git-dir --git-common-dir [32ms]
2025-06-06 15:26:05.910 [info] [Model][openRepository] Opened repository (path): /home/sammy/Desktop/temp/hello-world
2025-06-06 15:26:05.910 [info] [Model][openRepository] Opened repository (real path): /home/sammy/Desktop/temp/hello-world
2025-06-06 15:26:05.921 [info] > git rev-parse --show-toplevel [26ms]
2025-06-06 15:26:05.922 [info] > git config --get commit.template [30ms]
2025-06-06 15:26:05.950 [info] > git rev-parse --show-toplevel [16ms]
2025-06-06 15:26:05.953 [info] [Model][doInitialScan] Initial repository scan completed - repositories (1), closed repositories (0), parent repositories (0), unsafe repositories (0)
2025-06-06 15:26:05.964 [info] > git for-each-ref --format=%(refname)%00%(upstream:short)%00%(objectname)%00%(upstream:track)%00%(upstream:remotename)%00%(upstream:remoteref) refs/heads/b1 refs/remotes/b1 [15ms]
2025-06-06 15:26:05.995 [info] > git status -z -uall [19ms]
2025-06-06 15:26:06.023 [info] > git for-each-ref --sort -committerdate --format %(refname)%00%(objectname)%00%(*objectname) [38ms]
2025-06-06 15:26:06.059 [info] > git for-each-ref --format=%(refname)%00%(upstream:short)%00%(objectname)%00%(upstream:track)%00%(upstream:remotename)%00%(upstream:remoteref) refs/heads/b1 refs/remotes/b1 [19ms]
2025-06-06 15:26:06.119 [info] > git config --get --local branch.b1.vscode-merge-base [51ms]
2025-06-06 15:26:06.128 [info] > git config --get commit.template [69ms]
2025-06-06 15:26:06.159 [info] > git for-each-ref --format=%(refname)%00%(upstream:short)%00%(objectname)%00%(upstream:track)%00%(upstream:remotename)%00%(upstream:remoteref) refs/heads/origin/main refs/remotes/origin/main [32ms]
2025-06-06 15:26:06.323 [info] > git for-each-ref --format=%(refname)%00%(upstream:short)%00%(objectname)%00%(upstream:track)%00%(upstream:remotename)%00%(upstream:remoteref) refs/heads/b1 refs/remotes/b1 [79ms]
2025-06-06 15:26:06.461 [info] > git status -z -uall [132ms]
2025-06-06 15:26:06.461 [info] > git for-each-ref --sort -committerdate --format %(refname)%00%(objectname)%00%(*objectname) [124ms]
2025-06-06 15:26:06.622 [info] > git check-ignore -v -z --stdin [152ms]
2025-06-06 15:26:06.623 [info] > git show --textconv :JavaRandom.java [43ms]
2025-06-06 15:26:06.623 [info] > git ls-files --stage -- JavaRandom.java [32ms]
2025-06-06 15:26:06.676 [info] > git cat-file -s c614790054b08ddef6a9e1c8ea1bfd659657ebe2 [47ms]
2025-06-06 15:26:06.738 [info] > git blame --root --incremental 76688012fcc793e0c6ed497003022d12a0331a7a -- JavaRandom.java [16ms]
2025-06-06 15:35:12.200 [info] > git config --get commit.template [1ms]
2025-06-06 15:35:12.207 [info] > git for-each-ref --format=%(refname)%00%(upstream:short)%00%(objectname)%00%(upstream:track)%00%(upstream:remotename)%00%(upstream:remoteref) refs/heads/b1 refs/remotes/b1 [1ms]
2025-06-06 15:35:12.218 [info] > git status -z -uall [5ms]
2025-06-06 15:35:12.219 [info] > git for-each-ref --sort -committerdate --format %(refname)%00%(objectname)%00%(*objectname) [1ms]
2025-06-06 15:35:42.624 [info] > git for-each-ref --format=%(refname)%00%(upstream:short)%00%(objectname)%00%(upstream:track)%00%(upstream:remotename)%00%(upstream:remoteref) refs/heads/b1 refs/remotes/b1 [11ms]
2025-06-06 15:35:42.625 [info] > git config --get commit.template [21ms]
2025-06-06 15:35:42.640 [info] > git check-ignore -v -z --stdin [17ms]
2025-06-06 15:35:42.641 [info] > git status -z -uall [9ms]
2025-06-06 15:35:42.642 [info] > git for-each-ref --sort -committerdate --format %(refname)%00%(objectname)%00%(*objectname) [4ms]
2025-06-06 15:35:54.115 [info] > git show --textconv :.gitignore [12ms]
2025-06-06 15:35:54.117 [info] > git ls-files --stage -- .gitignore [3ms]
2025-06-06 15:35:54.126 [info] > git cat-file -s 1d74e21965c4f858f5f818a270e64e1bfad7d843 [1ms]
2025-06-06 15:42:45.026 [info] > git config --get commit.template [16ms]
2025-06-06 15:42:45.027 [info] > git for-each-ref --format=%(refname)%00%(upstream:short)%00%(objectname)%00%(upstream:track)%00%(upstream:remotename)%00%(upstream:remoteref) refs/heads/b1 refs/remotes/b1 [4ms]
2025-06-06 15:42:45.044 [info] > git status -z -uall [8ms]
2025-06-06 15:42:45.045 [info] > git for-each-ref --sort -committerdate --format %(refname)%00%(objectname)%00%(*objectname) [1ms]
2025-06-06 15:43:07.723 [info] > git config --get commit.template [0ms]
2025-06-06 15:43:07.729 [info] > git for-each-ref --format=%(refname)%00%(upstream:short)%00%(objectname)%00%(upstream:track)%00%(upstream:remotename)%00%(upstream:remoteref) refs/heads/b1 refs/remotes/b1 [1ms]
2025-06-06 15:43:07.742 [info] > git status -z -uall [5ms]
2025-06-06 15:43:07.743 [info] > git for-each-ref --sort -committerdate --format %(refname)%00%(objectname)%00%(*objectname) [1ms]
2025-06-06 15:43:41.815 [info] > git config --get commit.template [13ms]
2025-06-06 15:43:41.815 [info] > git for-each-ref --format=%(refname)%00%(upstream:short)%00%(objectname)%00%(upstream:track)%00%(upstream:remotename)%00%(upstream:remoteref) refs/heads/b1 refs/remotes/b1 [2ms]
2025-06-06 15:43:41.832 [info] > git status -z -uall [8ms]
2025-06-06 15:43:41.833 [info] > git for-each-ref --sort -committerdate --format %(refname)%00%(objectname)%00%(*objectname) [1ms]
2025-06-06 15:43:46.849 [info] > git config --get commit.template [2ms]
2025-06-06 15:43:46.863 [info] > git for-each-ref --format=%(refname)%00%(upstream:short)%00%(objectname)%00%(upstream:track)%00%(upstream:remotename)%00%(upstream:remoteref) refs/heads/b1 refs/remotes/b1 [3ms]
2025-06-06 15:43:46.882 [info] > git status -z -uall [10ms]
2025-06-06 15:43:46.883 [info] > git for-each-ref --sort -committerdate --format %(refname)%00%(objectname)%00%(*objectname) [1ms]
2025-06-06 15:44:24.203 [info] > git config --get commit.template [11ms]
2025-06-06 15:44:24.204 [info] > git for-each-ref --format=%(refname)%00%(upstream:short)%00%(objectname)%00%(upstream:track)%00%(upstream:remotename)%00%(upstream:remoteref) refs/heads/b1 refs/remotes/b1 [2ms]
2025-06-06 15:44:24.220 [info] > git status -z -uall [9ms]
2025-06-06 15:44:24.220 [info] > git for-each-ref --sort -committerdate --format %(refname)%00%(objectname)%00%(*objectname) [1ms]
2025-06-06 15:44:40.059 [info] > git log --format=%H%n%aN%n%aE%n%at%n%ct%n%P%n%D%n%B -z --shortstat --diff-merges=first-parent -n50 --skip=0 --topo-order --decorate=full --stdin [3ms]
2025-06-06 15:44:40.632 [info] > git check-ignore -v -z --stdin [2ms]
2025-06-06 15:45:13.419 [info] > git config --get commit.template [8ms]
2025-06-06 15:45:13.419 [info] > git for-each-ref --format=%(refname)%00%(upstream:short)%00%(objectname)%00%(upstream:track)%00%(upstream:remotename)%00%(upstream:remoteref) refs/heads/b1 refs/remotes/b1 [1ms]
2025-06-06 15:45:13.432 [info] > git status -z -uall [6ms]
2025-06-06 15:45:13.432 [info] > git for-each-ref --sort -committerdate --format %(refname)%00%(objectname)%00%(*objectname) [1ms]
2025-06-06 15:45:18.461 [info] > git config --get commit.template [13ms]
2025-06-06 15:45:18.462 [info] > git for-each-ref --format=%(refname)%00%(upstream:short)%00%(objectname)%00%(upstream:track)%00%(upstream:remotename)%00%(upstream:remoteref) refs/heads/b1 refs/remotes/b1 [2ms]
2025-06-06 15:45:18.481 [info] > git status -z -uall [9ms]
2025-06-06 15:45:18.483 [info] > git for-each-ref --sort -committerdate --format %(refname)%00%(objectname)%00%(*objectname) [2ms]
2025-06-06 15:45:18.503 [info] > git log --format=%H%n%aN%n%aE%n%at%n%ct%n%P%n%D%n%B -z --shortstat --diff-merges=first-parent -n50 --skip=0 --topo-order --decorate=full --stdin [4ms]
2025-06-06 15:45:18.814 [info] > git show --textconv :RcPrintN.cpp [13ms]
2025-06-06 15:45:18.817 [info] > git ls-files --stage -- RcPrintN.cpp [4ms]
2025-06-06 15:45:18.830 [info] > git cat-file -s 94b49a19d0b04908188564a1a7b5fee010fdc5ae [4ms]
2025-06-06 15:45:18.845 [info] > git blame --root --incremental 1eb4e360d781be2ca8c1af59c62d1656fce356fe -- RcPrintN.cpp [2ms]
2025-06-06 15:48:40.636 [info] > git for-each-ref --format=%(refname)%00%(upstream:short)%00%(objectname)%00%(upstream:track)%00%(upstream:remotename)%00%(upstream:remoteref) refs/heads/b1 refs/remotes/b1 [10ms]
2025-06-06 15:48:40.636 [info] > git config --get commit.template [23ms]
2025-06-06 15:48:40.649 [info] > git check-ignore -v -z --stdin [14ms]
2025-06-06 15:48:40.649 [info] > git status -z -uall [6ms]
2025-06-06 15:48:40.650 [info] > git for-each-ref --sort -committerdate --format %(refname)%00%(objectname)%00%(*objectname) [2ms]
2025-06-06 15:55:35.037 [info] > git config --get commit.template [6ms]
2025-06-06 15:55:35.038 [info] > git for-each-ref --format=%(refname)%00%(upstream:short)%00%(objectname)%00%(upstream:track)%00%(upstream:remotename)%00%(upstream:remoteref) refs/heads/b1 refs/remotes/b1 [2ms]
2025-06-06 15:55:35.051 [info] > git status -z -uall [5ms]
2025-06-06 15:55:35.051 [info] > git for-each-ref --sort -committerdate --format %(refname)%00%(objectname)%00%(*objectname) [1ms]
2025-06-06 15:57:03.529 [info] > git config --get commit.template [2ms]
2025-06-06 15:57:03.535 [info] > git for-each-ref --format=%(refname)%00%(upstream:short)%00%(objectname)%00%(upstream:track)%00%(upstream:remotename)%00%(upstream:remoteref) refs/heads/b1 refs/remotes/b1 [1ms]
2025-06-06 15:57:03.551 [info] > git status -z -uall [8ms]
2025-06-06 15:57:03.551 [info] > git for-each-ref --sort -committerdate --format %(refname)%00%(objectname)%00%(*objectname) [1ms]
2025-06-06 15:57:08.578 [info] > git config --get commit.template [12ms]
2025-06-06 15:57:08.579 [info] > git for-each-ref --format=%(refname)%00%(upstream:short)%00%(objectname)%00%(upstream:track)%00%(upstream:remotename)%00%(upstream:remoteref) refs/heads/b1 refs/remotes/b1 [2ms]
2025-06-06 15:57:08.597 [info] > git status -z -uall [9ms]
2025-06-06 15:57:08.598 [info] > git for-each-ref --sort -committerdate --format %(refname)%00%(objectname)%00%(*objectname) [2ms]
2025-06-06 16:04:03.817 [info] > git config --get commit.template [14ms]
2025-06-06 16:04:03.818 [info] > git for-each-ref --format=%(refname)%00%(upstream:short)%00%(objectname)%00%(upstream:track)%00%(upstream:remotename)%00%(upstream:remoteref) refs/heads/b1 refs/remotes/b1 [2ms]
2025-06-06 16:04:03.840 [info] > git status -z -uall [11ms]
2025-06-06 16:04:03.841 [info] > git for-each-ref --sort -committerdate --format %(refname)%00%(objectname)%00%(*objectname) [2ms]
2025-06-06 16:04:10.394 [info] > git config --get commit.template [1ms]
2025-06-06 16:04:10.407 [info] > git for-each-ref --format=%(refname)%00%(upstream:short)%00%(objectname)%00%(upstream:track)%00%(upstream:remotename)%00%(upstream:remoteref) refs/heads/b1 refs/remotes/b1 [2ms]
2025-06-06 16:04:10.422 [info] > git status -z -uall [8ms]
2025-06-06 16:04:10.424 [info] > git for-each-ref --sort -committerdate --format %(refname)%00%(objectname)%00%(*objectname) [1ms]
2025-06-06 16:04:10.449 [info] > git log --format=%H%n%aN%n%aE%n%at%n%ct%n%P%n%D%n%B -z --shortstat --diff-merges=first-parent -n50 --skip=0 --topo-order --decorate=full --stdin [4ms]
2025-06-06 16:04:10.752 [info] > git show --textconv :RcPrintName.cpp [11ms]
2025-06-06 16:04:10.752 [info] > git ls-files --stage -- RcPrintName.cpp [1ms]
2025-06-06 16:04:10.761 [info] > git cat-file -s 37e98261b65accbe9cbd56e74fb0dadd40680423 [1ms]
2025-06-06 16:04:10.776 [info] > git blame --root --incremental fac3a9886905dc2e3f6f1bb51d2e39ee49f4931a -- RcPrintName.cpp [1ms]
2025-06-06 16:06:53.735 [info] > git config --get commit.template [13ms]
2025-06-06 16:06:53.736 [info] > git for-each-ref --format=%(refname)%00%(upstream:short)%00%(objectname)%00%(upstream:track)%00%(upstream:remotename)%00%(upstream:remoteref) refs/heads/b1 refs/remotes/b1 [2ms]
2025-06-06 16:06:53.755 [info] > git status -z -uall [9ms]
2025-06-06 16:06:53.756 [info] > git for-each-ref --sort -committerdate --format %(refname)%00%(objectname)%00%(*objectname) [2ms]
2025-06-06 16:07:00.983 [info] > git config --get commit.template [13ms]
2025-06-06 16:07:00.984 [info] > git for-each-ref --format=%(refname)%00%(upstream:short)%00%(objectname)%00%(upstream:track)%00%(upstream:remotename)%00%(upstream:remoteref) refs/heads/b1 refs/remotes/b1 [2ms]
2025-06-06 16:07:00.999 [info] > git status -z -uall [6ms]
2025-06-06 16:07:01.000 [info] > git for-each-ref --sort -committerdate --format %(refname)%00%(objectname)%00%(*objectname) [1ms]
2025-06-06 16:08:09.946 [info] > git config --get commit.template [14ms]
2025-06-06 16:08:09.947 [info] > git for-each-ref --format=%(refname)%00%(upstream:short)%00%(objectname)%00%(upstream:track)%00%(upstream:remotename)%00%(upstream:remoteref) refs/heads/b1 refs/remotes/b1 [2ms]
2025-06-06 16:08:09.963 [info] > git status -z -uall [7ms]
2025-06-06 16:08:09.964 [info] > git for-each-ref --sort -committerdate --format %(refname)%00%(objectname)%00%(*objectname) [1ms]
2025-06-06 16:08:14.986 [info] > git config --get commit.template [12ms]
2025-06-06 16:08:14.986 [info] > git for-each-ref --format=%(refname)%00%(upstream:short)%00%(objectname)%00%(upstream:track)%00%(upstream:remotename)%00%(upstream:remoteref) refs/heads/b1 refs/remotes/b1 [1ms]
2025-06-06 16:08:15.000 [info] > git status -z -uall [8ms]
2025-06-06 16:08:15.001 [info] > git for-each-ref --sort -committerdate --format %(refname)%00%(objectname)%00%(*objectname) [2ms]
2025-06-06 16:08:50.287 [info] > git config --get commit.template [14ms]
2025-06-06 16:08:50.288 [info] > git for-each-ref --format=%(refname)%00%(upstream:short)%00%(objectname)%00%(upstream:track)%00%(upstream:remotename)%00%(upstream:remoteref) refs/heads/b1 refs/remotes/b1 [2ms]
2025-06-06 16:08:50.306 [info] > git status -z -uall [8ms]
2025-06-06 16:08:50.307 [info] > git for-each-ref --sort -committerdate --format %(refname)%00%(objectname)%00%(*objectname) [1ms]
2025-06-06 16:08:55.334 [info] > git config --get commit.template [12ms]
2025-06-06 16:08:55.335 [info] > git for-each-ref --format=%(refname)%00%(upstream:short)%00%(objectname)%00%(upstream:track)%00%(upstream:remotename)%00%(upstream:remoteref) refs/heads/b1 refs/remotes/b1 [2ms]
2025-06-06 16:08:55.354 [info] > git status -z -uall [9ms]
2025-06-06 16:08:55.355 [info] > git for-each-ref --sort -committerdate --format %(refname)%00%(objectname)%00%(*objectname) [1ms]
2025-06-06 16:09:31.339 [info] > git config --get commit.template [13ms]
2025-06-06 16:09:31.340 [info] > git for-each-ref --format=%(refname)%00%(upstream:short)%00%(objectname)%00%(upstream:track)%00%(upstream:remotename)%00%(upstream:remoteref) refs/heads/b1 refs/remotes/b1 [3ms]
2025-06-06 16:09:31.360 [info] > git status -z -uall [10ms]
2025-06-06 16:09:31.361 [info] > git for-each-ref --sort -committerdate --format %(refname)%00%(objectname)%00%(*objectname) [2ms]
2025-06-06 16:14:24.782 [info] > git config --get commit.template [13ms]
2025-06-06 16:14:24.782 [info] > git for-each-ref --format=%(refname)%00%(upstream:short)%00%(objectname)%00%(upstream:track)%00%(upstream:remotename)%00%(upstream:remoteref) refs/heads/b1 refs/remotes/b1 [1ms]
2025-06-06 16:14:24.799 [info] > git status -z -uall [9ms]
2025-06-06 16:14:24.800 [info] > git for-each-ref --sort -committerdate --format %(refname)%00%(objectname)%00%(*objectname) [1ms]
2025-06-06 16:14:28.076 [info] > git ls-files --stage -- RcPrintName.cpp [1ms]
2025-06-06 16:14:28.088 [info] > git cat-file -s ac018d113b880d38e1d6125e69999150e9956452 [1ms]
2025-06-06 16:14:28.100 [info] > git show --textconv :RcPrintName.cpp [2ms]
2025-06-06 16:14:29.822 [info] > git config --get commit.template [10ms]
2025-06-06 16:14:29.822 [info] > git for-each-ref --format=%(refname)%00%(upstream:short)%00%(objectname)%00%(upstream:track)%00%(upstream:remotename)%00%(upstream:remoteref) refs/heads/b1 refs/remotes/b1 [1ms]
2025-06-06 16:14:29.840 [info] > git status -z -uall [9ms]
2025-06-06 16:14:29.841 [info] > git for-each-ref --sort -committerdate --format %(refname)%00%(objectname)%00%(*objectname) [2ms]
2025-06-06 16:14:29.851 [info] > git blame --root --incremental aff33b0a7b22c961754980bc3ee80e3fca414c3b -- RcPrintName.cpp [3ms]
2025-06-06 16:14:29.863 [info] > git log --format=%H%n%aN%n%aE%n%at%n%ct%n%P%n%D%n%B -z --shortstat --diff-merges=first-parent -n50 --skip=0 --topo-order --decorate=full --stdin [4ms]
2025-06-06 16:14:56.484 [info] > git config --get commit.template [13ms]
2025-06-06 16:14:56.485 [info] > git for-each-ref --format=%(refname)%00%(upstream:short)%00%(objectname)%00%(upstream:track)%00%(upstream:remotename)%00%(upstream:remoteref) refs/heads/b1 refs/remotes/b1 [2ms]
2025-06-06 16:14:56.503 [info] > git status -z -uall [7ms]
2025-06-06 16:14:56.504 [info] > git for-each-ref --sort -committerdate --format %(refname)%00%(objectname)%00%(*objectname) [2ms]
2025-06-06 16:14:59.280 [info] > git check-ignore -v -z --stdin [2ms]
2025-06-06 16:18:05.719 [info] > git show --textconv :RcPrintN.cpp [10ms]
2025-06-06 16:18:05.720 [info] > git ls-files --stage -- RcPrintN.cpp [2ms]
2025-06-06 16:18:05.730 [info] > git cat-file -s 94b49a19d0b04908188564a1a7b5fee010fdc5ae [1ms]
2025-06-06 16:18:05.745 [info] > git blame --root --incremental aff33b0a7b22c961754980bc3ee80e3fca414c3b -- RcPrintN.cpp [1ms]
2025-06-06 16:19:31.269 [info] > git config --get commit.template [6ms]
2025-06-06 16:19:31.270 [info] > git for-each-ref --format=%(refname)%00%(upstream:short)%00%(objectname)%00%(upstream:track)%00%(upstream:remotename)%00%(upstream:remoteref) refs/heads/b1 refs/remotes/b1 [1ms]
2025-06-06 16:19:31.286 [info] > git status -z -uall [7ms]
2025-06-06 16:19:31.286 [info] > git for-each-ref --sort -committerdate --format %(refname)%00%(objectname)%00%(*objectname) [1ms]
2025-06-06 16:19:37.322 [info] > git config --get commit.template [11ms]
2025-06-06 16:19:37.322 [info] > git for-each-ref --format=%(refname)%00%(upstream:short)%00%(objectname)%00%(upstream:track)%00%(upstream:remotename)%00%(upstream:remoteref) refs/heads/b1 refs/remotes/b1 [1ms]
2025-06-06 16:19:37.340 [info] > git status -z -uall [8ms]
2025-06-06 16:19:37.341 [info] > git for-each-ref --sort -committerdate --format %(refname)%00%(objectname)%00%(*objectname) [2ms]
2025-06-06 16:20:44.324 [info] > git show --textconv :RcPrintName.cpp [7ms]
2025-06-06 16:20:44.325 [info] > git ls-files --stage -- RcPrintName.cpp [1ms]
2025-06-06 16:20:44.334 [info] > git cat-file -s ac018d113b880d38e1d6125e69999150e9956452 [1ms]
2025-06-06 16:20:50.445 [info] > git show --textconv :RcPrintName.cpp [7ms]
2025-06-06 16:20:50.445 [info] > git ls-files --stage -- RcPrintName.cpp [1ms]
2025-06-06 16:20:50.454 [info] > git cat-file -s ac018d113b880d38e1d6125e69999150e9956452 [1ms]
2025-06-06 16:21:09.673 [info] > git config --get commit.template [14ms]
2025-06-06 16:21:09.674 [info] > git for-each-ref --format=%(refname)%00%(upstream:short)%00%(objectname)%00%(upstream:track)%00%(upstream:remotename)%00%(upstream:remoteref) refs/heads/b1 refs/remotes/b1 [2ms]
2025-06-06 16:21:09.697 [info] > git status -z -uall [12ms]
2025-06-06 16:21:09.698 [info] > git for-each-ref --sort -committerdate --format %(refname)%00%(objectname)%00%(*objectname) [2ms]
2025-06-06 16:21:13.625 [info] > git log --format=%H%n%aN%n%aE%n%at%n%ct%n%P%n%D%n%B -z --shortstat --diff-merges=first-parent -n50 --skip=0 --topo-order --decorate=full --stdin [5ms]
2025-06-06 16:21:14.151 [info] > git check-ignore -v -z --stdin [0ms]
2025-06-06 16:21:14.721 [info] > git config --get commit.template [7ms]
2025-06-06 16:21:14.722 [info] > git for-each-ref --format=%(refname)%00%(upstream:short)%00%(objectname)%00%(upstream:track)%00%(upstream:remotename)%00%(upstream:remoteref) refs/heads/b1 refs/remotes/b1 [1ms]
2025-06-06 16:21:14.734 [info] > git status -z -uall [7ms]
2025-06-06 16:21:14.735 [info] > git for-each-ref --sort -committerdate --format %(refname)%00%(objectname)%00%(*objectname) [1ms]
2025-06-06 16:21:19.757 [info] > git config --get commit.template [9ms]
2025-06-06 16:21:19.759 [info] > git for-each-ref --format=%(refname)%00%(upstream:short)%00%(objectname)%00%(upstream:track)%00%(upstream:remotename)%00%(upstream:remoteref) refs/heads/b1 refs/remotes/b1 [2ms]
2025-06-06 16:21:19.778 [info] > git status -z -uall [10ms]
2025-06-06 16:21:19.780 [info] > git for-each-ref --sort -committerdate --format %(refname)%00%(objectname)%00%(*objectname) [2ms]
2025-06-06 16:22:05.974 [info] > git config --get commit.template [15ms]
2025-06-06 16:22:05.975 [info] > git for-each-ref --format=%(refname)%00%(upstream:short)%00%(objectname)%00%(upstream:track)%00%(upstream:remotename)%00%(upstream:remoteref) refs/heads/b1 refs/remotes/b1 [2ms]
2025-06-06 16:22:05.993 [info] > git status -z -uall [9ms]
2025-06-06 16:22:05.993 [info] > git for-each-ref --sort -committerdate --format %(refname)%00%(objectname)%00%(*objectname) [1ms]
2025-06-06 16:22:33.997 [info] > git config --get commit.template [1ms]
2025-06-06 16:22:34.005 [info] > git for-each-ref --format=%(refname)%00%(upstream:short)%00%(objectname)%00%(upstream:track)%00%(upstream:remotename)%00%(upstream:remoteref) refs/heads/b1 refs/remotes/b1 [1ms]
2025-06-06 16:22:34.019 [info] > git status -z -uall [8ms]
2025-06-06 16:22:34.020 [info] > git for-each-ref --sort -committerdate --format %(refname)%00%(objectname)%00%(*objectname) [1ms]
2025-06-06 16:22:42.658 [info] > git config --get commit.template [13ms]
2025-06-06 16:22:42.659 [info] > git for-each-ref --format=%(refname)%00%(upstream:short)%00%(objectname)%00%(upstream:track)%00%(upstream:remotename)%00%(upstream:remoteref) refs/heads/b1 refs/remotes/b1 [2ms]
2025-06-06 16:22:42.674 [info] > git status -z -uall [7ms]
2025-06-06 16:22:42.675 [info] > git for-each-ref --sort -committerdate --format %(refname)%00%(objectname)%00%(*objectname) [2ms]
2025-06-06 16:26:34.755 [info] > git config --get commit.template [13ms]
2025-06-06 16:26:34.756 [info] > git for-each-ref --format=%(refname)%00%(upstream:short)%00%(objectname)%00%(upstream:track)%00%(upstream:remotename)%00%(upstream:remoteref) refs/heads/b1 refs/remotes/b1 [2ms]
2025-06-06 16:26:34.773 [info] > git status -z -uall [8ms]
2025-06-06 16:26:34.775 [info] > git for-each-ref --sort -committerdate --format %(refname)%00%(objectname)%00%(*objectname) [1ms]
2025-06-06 16:26:39.797 [info] > git config --get commit.template [11ms]
2025-06-06 16:26:39.798 [info] > git for-each-ref --format=%(refname)%00%(upstream:short)%00%(objectname)%00%(upstream:track)%00%(upstream:remotename)%00%(upstream:remoteref) refs/heads/b1 refs/remotes/b1 [2ms]
2025-06-06 16:26:39.820 [info] > git status -z -uall [12ms]
2025-06-06 16:26:39.820 [info] > git for-each-ref --sort -committerdate --format %(refname)%00%(objectname)%00%(*objectname) [3ms]
2025-06-06 16:28:48.343 [info] > git config --get commit.template [13ms]
2025-06-06 16:28:48.343 [info] > git for-each-ref --format=%(refname)%00%(upstream:short)%00%(objectname)%00%(upstream:track)%00%(upstream:remotename)%00%(upstream:remoteref) refs/heads/b1 refs/remotes/b1 [1ms]
2025-06-06 16:28:48.359 [info] > git status -z -uall [7ms]
2025-06-06 16:28:48.360 [info] > git for-each-ref --sort -committerdate --format %(refname)%00%(objectname)%00%(*objectname) [1ms]
2025-06-06 16:29:25.335 [info] > git config --get commit.template [14ms]
2025-06-06 16:29:25.336 [info] > git for-each-ref --format=%(refname)%00%(upstream:short)%00%(objectname)%00%(upstream:track)%00%(upstream:remotename)%00%(upstream:remoteref) refs/heads/b1 refs/remotes/b1 [2ms]
2025-06-06 16:29:25.353 [info] > git status -z -uall [7ms]
2025-06-06 16:29:25.354 [info] > git for-each-ref --sort -committerdate --format %(refname)%00%(objectname)%00%(*objectname) [1ms]
2025-06-06 16:29:30.368 [info] > git config --get commit.template [2ms]
2025-06-06 16:29:30.379 [info] > git for-each-ref --format=%(refname)%00%(upstream:short)%00%(objectname)%00%(upstream:track)%00%(upstream:remotename)%00%(upstream:remoteref) refs/heads/b1 refs/remotes/b1 [1ms]
2025-06-06 16:29:30.394 [info] > git status -z -uall [8ms]
2025-06-06 16:29:30.395 [info] > git for-each-ref --sort -committerdate --format %(refname)%00%(objectname)%00%(*objectname) [1ms]
2025-06-06 16:29:30.725 [info] > git show --textconv :Rc1toN.cpp [12ms]
2025-06-06 16:29:30.726 [info] > git ls-files --stage -- Rc1toN.cpp [2ms]
2025-06-06 16:29:30.738 [info] > git cat-file -s 3414806323e90517bb53d4b435775fcf7a852781 [2ms]
2025-06-06 16:29:30.762 [info] > git blame --root --incremental 67ee0d1194ff425815fa74118d38a6d14fc7de85 -- Rc1toN.cpp [2ms]
2025-06-06 16:35:40.998 [info] > git config --get commit.template [13ms]
2025-06-06 16:35:40.999 [info] > git for-each-ref --format=%(refname)%00%(upstream:short)%00%(objectname)%00%(upstream:track)%00%(upstream:remotename)%00%(upstream:remoteref) refs/heads/b1 refs/remotes/b1 [2ms]
2025-06-06 16:35:41.020 [info] > git status -z -uall [10ms]
2025-06-06 16:35:41.021 [info] > git for-each-ref --sort -committerdate --format %(refname)%00%(objectname)%00%(*objectname) [2ms]
2025-06-06 16:35:51.306 [info] > git log --format=%H%n%aN%n%aE%n%at%n%ct%n%P%n%D%n%B -z --shortstat --diff-merges=first-parent -n50 --skip=0 --topo-order --decorate=full --stdin [4ms]
2025-06-06 16:35:51.833 [info] > git check-ignore -v -z --stdin [1ms]
2025-06-06 16:42:49.261 [info] > git config --get commit.template [6ms]
2025-06-06 16:42:49.261 [info] > git for-each-ref --format=%(refname)%00%(upstream:short)%00%(objectname)%00%(upstream:track)%00%(upstream:remotename)%00%(upstream:remoteref) refs/heads/b1 refs/remotes/b1 [1ms]
2025-06-06 16:42:49.276 [info] > git status -z -uall [6ms]
2025-06-06 16:42:49.276 [info] > git for-each-ref --sort -committerdate --format %(refname)%00%(objectname)%00%(*objectname) [1ms]
2025-06-06 16:43:01.985 [info] > git config --get commit.template [10ms]
2025-06-06 16:43:01.985 [info] > git for-each-ref --format=%(refname)%00%(upstream:short)%00%(objectname)%00%(upstream:track)%00%(upstream:remotename)%00%(upstream:remoteref) refs/heads/b1 refs/remotes/b1 [1ms]
2025-06-06 16:43:01.998 [info] > git status -z -uall [8ms]
2025-06-06 16:43:01.999 [info] > git for-each-ref --sort -committerdate --format %(refname)%00%(objectname)%00%(*objectname) [2ms]
2025-06-06 16:43:29.842 [info] > git config --get commit.template [7ms]
2025-06-06 16:43:29.842 [info] > git for-each-ref --format=%(refname)%00%(upstream:short)%00%(objectname)%00%(upstream:track)%00%(upstream:remotename)%00%(upstream:remoteref) refs/heads/b1 refs/remotes/b1 [1ms]
2025-06-06 16:43:29.859 [info] > git status -z -uall [9ms]
2025-06-06 16:43:29.859 [info] > git for-each-ref --sort -committerdate --format %(refname)%00%(objectname)%00%(*objectname) [1ms]
2025-06-06 16:43:34.884 [info] > git config --get commit.template [11ms]
2025-06-06 16:43:34.884 [info] > git for-each-ref --format=%(refname)%00%(upstream:short)%00%(objectname)%00%(upstream:track)%00%(upstream:remotename)%00%(upstream:remoteref) refs/heads/b1 refs/remotes/b1 [1ms]
2025-06-06 16:43:34.899 [info] > git status -z -uall [7ms]
2025-06-06 16:43:34.899 [info] > git for-each-ref --sort -committerdate --format %(refname)%00%(objectname)%00%(*objectname) [1ms]
2025-06-06 16:44:42.205 [info] > git config --get commit.template [11ms]
2025-06-06 16:44:42.205 [info] > git for-each-ref --format=%(refname)%00%(upstream:short)%00%(objectname)%00%(upstream:track)%00%(upstream:remotename)%00%(upstream:remoteref) refs/heads/b1 refs/remotes/b1 [1ms]
2025-06-06 16:44:42.222 [info] > git status -z -uall [10ms]
2025-06-06 16:44:42.223 [info] > git for-each-ref --sort -committerdate --format %(refname)%00%(objectname)%00%(*objectname) [3ms]
2025-06-06 16:44:47.249 [info] > git config --get commit.template [11ms]
2025-06-06 16:44:47.250 [info] > git for-each-ref --format=%(refname)%00%(upstream:short)%00%(objectname)%00%(upstream:track)%00%(upstream:remotename)%00%(upstream:remoteref) refs/heads/b1 refs/remotes/b1 [2ms]
2025-06-06 16:44:47.271 [info] > git status -z -uall [11ms]
2025-06-06 16:44:47.272 [info] > git for-each-ref --sort -committerdate --format %(refname)%00%(objectname)%00%(*objectname) [2ms]
2025-06-06 16:50:04.404 [info] > git show --textconv :Rc1toN.cpp [9ms]
2025-06-06 16:50:04.405 [info] > git ls-files --stage -- Rc1toN.cpp [1ms]
2025-06-06 16:50:04.413 [info] > git cat-file -s 3414806323e90517bb53d4b435775fcf7a852781 [2ms]
2025-06-06 16:50:07.078 [info] > git check-ignore -v -z --stdin [1ms]
2025-06-06 16:50:28.158 [info] > git config --get commit.template [13ms]
2025-06-06 16:50:28.159 [info] > git for-each-ref --format=%(refname)%00%(upstream:short)%00%(objectname)%00%(upstream:track)%00%(upstream:remotename)%00%(upstream:remoteref) refs/heads/b1 refs/remotes/b1 [2ms]
2025-06-06 16:50:28.177 [info] > git status -z -uall [8ms]
2025-06-06 16:50:28.178 [info] > git for-each-ref --sort -committerdate --format %(refname)%00%(objectname)%00%(*objectname) [1ms]
2025-06-06 16:50:33.406 [info] > git config --get commit.template [1ms]
2025-06-06 16:50:33.418 [info] > git for-each-ref --format=%(refname)%00%(upstream:short)%00%(objectname)%00%(upstream:track)%00%(upstream:remotename)%00%(upstream:remoteref) refs/heads/b1 refs/remotes/b1 [2ms]
2025-06-06 16:50:33.439 [info] > git status -z -uall [10ms]
2025-06-06 16:50:33.440 [info] > git for-each-ref --sort -committerdate --format %(refname)%00%(objectname)%00%(*objectname) [2ms]
2025-06-06 17:05:00.916 [info] > git show --textconv :Rc1toN.cpp [9ms]
2025-06-06 17:05:00.916 [info] > git ls-files --stage -- Rc1toN.cpp [1ms]
2025-06-06 17:05:00.925 [info] > git cat-file -s 3414806323e90517bb53d4b435775fcf7a852781 [1ms]
2025-06-06 17:05:00.938 [info] > git blame --root --incremental ae0b54ebef88db7b411bb80ca7532292bc5005dd -- Rc1toN.cpp [2ms]
2025-06-06 17:05:19.185 [info] > git show --textconv :RcSumtoN.cpp [7ms]
2025-06-06 17:05:19.186 [info] > git ls-files --stage -- RcSumtoN.cpp [1ms]
2025-06-06 17:05:19.194 [info] > git cat-file -s 68f96efa336d8dcfce0ba8a6cb1c9791edfc19aa [1ms]
2025-06-06 17:05:19.207 [info] > git blame --root --incremental ae0b54ebef88db7b411bb80ca7532292bc5005dd -- RcSumtoN.cpp [1ms]
