2025-06-03 21:59:03.403 [info] Extension host with pid 58062 started
2025-06-03 21:59:03.403 [info] Skipping acquiring lock for /home/sammy/.config/Code/User/workspaceStorage/f0977eb9793bdba8cbd14f99ae931749.
2025-06-03 21:59:03.649 [info] ExtensionService#_doActivateExtension vscode.github-authentication, startup: false, activationEvent: 'onAuthenticationRequest:github'
2025-06-03 21:59:03.677 [info] ExtensionService#_doActivateExtension vscode.emmet, startup: false, activationEvent: 'onLanguage'
2025-06-03 21:59:03.693 [info] ExtensionService#_doActivateExtension vscode.extension-editing, startup: false, activationEvent: 'onLanguage:markdown'
2025-06-03 21:59:03.704 [info] ExtensionService#_doActivateExtension vscode.markdown-language-features, startup: false, activationEvent: 'onLanguage:markdown'
2025-06-03 21:59:03.789 [info] ExtensionService#_doActivateExtension Oracle.oracle-java, startup: false, activationEvent: 'onLanguage:java'
2025-06-03 21:59:03.912 [info] ExtensionService#_doActivateExtension redhat.java, startup: false, activationEvent: 'onLanguage:java'
2025-06-03 21:59:04.063 [info] ExtensionService#_doActivateExtension VisualStudioExptTeam.vscodeintellicode, startup: false, activationEvent: 'onLanguage:java'
2025-06-03 21:59:04.099 [info] ExtensionService#_doActivateExtension vscjava.vscode-java-debug, startup: false, activationEvent: 'onLanguage:java'
2025-06-03 21:59:04.152 [info] ExtensionService#_doActivateExtension vscjava.vscode-java-dependency, startup: false, activationEvent: 'onLanguage:java'
2025-06-03 21:59:04.227 [info] ExtensionService#_doActivateExtension vscjava.vscode-java-pack, startup: false, activationEvent: 'onLanguage:java'
2025-06-03 21:59:04.679 [info] ExtensionService#_doActivateExtension vscode.git-base, startup: true, activationEvent: '*', root cause: vscode.git
2025-06-03 21:59:04.696 [info] ExtensionService#_doActivateExtension vscode.configuration-editing, startup: false, activationEvent: 'onLanguage:jsonc'
2025-06-03 21:59:04.705 [info] ExtensionService#_doActivateExtension vscode.json-language-features, startup: false, activationEvent: 'onLanguage:jsonc'
2025-06-03 21:59:04.773 [info] ExtensionService#_doActivateExtension vscode.typescript-language-features, startup: false, activationEvent: 'onLanguage:jsonc'
2025-06-03 21:59:05.084 [info] ExtensionService#_doActivateExtension vscode.git, startup: true, activationEvent: '*'
2025-06-03 21:59:05.136 [info] ExtensionService#_doActivateExtension vscode.github, startup: true, activationEvent: '*'
2025-06-03 21:59:05.345 [info] Eager extensions activated
2025-06-03 21:59:05.466 [info] ExtensionService#_doActivateExtension vscode.debug-auto-launch, startup: false, activationEvent: 'onStartupFinished'
2025-06-03 21:59:05.468 [info] ExtensionService#_doActivateExtension vscode.merge-conflict, startup: false, activationEvent: 'onStartupFinished'
2025-06-03 21:59:05.515 [info] ExtensionService#_doActivateExtension vscode.markdown-math, startup: false, activationEvent: 'api', root cause: vscode.markdown-language-features
2025-06-03 21:59:05.998 [warning] [redhat.java] Accessing a resource scoped configuration without providing a resource is not expected. To get the effective value for '[java]', provide the URI of a resource or 'null' for any resource.
2025-06-03 21:59:06.195 [info] ExtensionService#_doActivateExtension vscjava.vscode-java-test, startup: false, activationEvent: 'onLanguage:java'
2025-06-03 21:59:06.328 [error] TypeError: Cannot read properties of undefined (reading 'sendRequest')
	at /home/sammy/.vscode/extensions/redhat.java-1.42.0-linux-x64/dist/extension.js:2:884506
	at Wb.h (file:///usr/share/code/resources/app/out/vs/workbench/api/node/extensionHostProcess.js:119:41524)
	at Wb.g (file:///usr/share/code/resources/app/out/vs/workbench/api/node/extensionHostProcess.js:119:40601)
	at Wb.executeCommand (file:///usr/share/code/resources/app/out/vs/workbench/api/node/extensionHostProcess.js:119:40508)
	at Object.executeCommand (file:///usr/share/code/resources/app/out/vs/workbench/api/node/extensionHostProcess.js:170:31026)
	at /home/sammy/.vscode/extensions/vscjava.vscode-java-debug-0.58.2/dist/extension.js:2:265754
	at Generator.next (<anonymous>)
	at /home/sammy/.vscode/extensions/vscjava.vscode-java-debug-0.58.2/dist/extension.js:2:264747
	at new Promise (<anonymous>)
	at r (/home/sammy/.vscode/extensions/vscjava.vscode-java-debug-0.58.2/dist/extension.js:2:264492)
	at a (/home/sammy/.vscode/extensions/vscjava.vscode-java-debug-0.58.2/dist/extension.js:2:265522)
	at t.executeJavaLanguageServerCommand (/home/sammy/.vscode/extensions/vscjava.vscode-java-debug-0.58.2/dist/extension.js:2:267105)
	at /home/sammy/.vscode/extensions/vscjava.vscode-java-debug-0.58.2/dist/extension.js:2:306776
	at Generator.next (<anonymous>)
	at /home/sammy/.vscode/extensions/vscjava.vscode-java-debug-0.58.2/dist/extension.js:2:305553
	at new Promise (<anonymous>)
	at r (/home/sammy/.vscode/extensions/vscjava.vscode-java-debug-0.58.2/dist/extension.js:2:305298)
	at t.resolveMainMethod (/home/sammy/.vscode/extensions/vscjava.vscode-java-debug-0.58.2/dist/extension.js:2:306725)
	at m.<anonymous> (/home/sammy/.vscode/extensions/vscjava.vscode-java-debug-0.58.2/dist/extension.js:2:286303)
	at Generator.next (<anonymous>)
	at /home/sammy/.vscode/extensions/vscjava.vscode-java-debug-0.58.2/dist/extension.js:2:284415
	at new Promise (<anonymous>)
	at r (/home/sammy/.vscode/extensions/vscjava.vscode-java-debug-0.58.2/dist/extension.js:2:284160)
	at m.provideCodeLenses (/home/sammy/.vscode/extensions/vscjava.vscode-java-debug-0.58.2/dist/extension.js:2:286229)
	at lm.provideCodeLenses (file:///usr/share/code/resources/app/out/vs/workbench/api/node/extensionHostProcess.js:145:126985)
	at file:///usr/share/code/resources/app/out/vs/workbench/api/node/extensionHostProcess.js:145:156733
	at Zt.s (file:///usr/share/code/resources/app/out/vs/workbench/api/node/extensionHostProcess.js:145:155573)
	at Zt.$provideCodeLenses (file:///usr/share/code/resources/app/out/vs/workbench/api/node/extensionHostProcess.js:145:156721)
	at f5.S (file:///usr/share/code/resources/app/out/vs/workbench/api/node/extensionHostProcess.js:29:116111)
	at f5.Q (file:///usr/share/code/resources/app/out/vs/workbench/api/node/extensionHostProcess.js:29:115891)
	at f5.M (file:///usr/share/code/resources/app/out/vs/workbench/api/node/extensionHostProcess.js:29:114942)
	at f5.L (file:///usr/share/code/resources/app/out/vs/workbench/api/node/extensionHostProcess.js:29:114085)
	at ed.value (file:///usr/share/code/resources/app/out/vs/workbench/api/node/extensionHostProcess.js:29:112882)
	at P.B (file:///usr/share/code/resources/app/out/vs/workbench/api/node/extensionHostProcess.js:27:2373)
	at P.fire (file:///usr/share/code/resources/app/out/vs/workbench/api/node/extensionHostProcess.js:27:2591)
	at lo.fire (file:///usr/share/code/resources/app/out/vs/workbench/api/node/extensionHostProcess.js:29:9458)
	at ed.value (file:///usr/share/code/resources/app/out/vs/workbench/api/node/extensionHostProcess.js:225:3917)
	at P.B (file:///usr/share/code/resources/app/out/vs/workbench/api/node/extensionHostProcess.js:27:2373)
	at P.fire (file:///usr/share/code/resources/app/out/vs/workbench/api/node/extensionHostProcess.js:27:2591)
	at lo.fire (file:///usr/share/code/resources/app/out/vs/workbench/api/node/extensionHostProcess.js:29:9458)
	at MessagePortMain.<anonymous> (file:///usr/share/code/resources/app/out/vs/workbench/api/node/extensionHostProcess.js:225:2209)
	at MessagePortMain.emit (node:events:524:28)
	at MessagePortMain._internalPort.emit (node:electron/js2c/utility_init:2:2949) java.execute.workspaceCommand {"value":"redhat.java","_lower":"redhat.java"}
2025-06-03 21:59:06.406 [warning] [redhat.java] Accessing a resource scoped configuration without providing a resource is not expected. To get the effective value for '[java]', provide the URI of a resource or 'null' for any resource.
2025-06-03 21:59:13.892 [error] [redhat.java] provider FAILED
2025-06-03 21:59:13.892 [error] Error: The request (id: 8, method: 'textDocument/documentSymbol') has been cancelled
	at /home/sammy/.vscode/extensions/redhat.java-1.42.0-linux-x64/dist/extension.js:2:1069434
	at re (/home/sammy/.vscode/extensions/redhat.java-1.42.0-linux-x64/dist/extension.js:2:1069728)
	at /home/sammy/.vscode/extensions/redhat.java-1.42.0-linux-x64/dist/extension.js:2:1064512
	at Immediate.<anonymous> (/home/sammy/.vscode/extensions/redhat.java-1.42.0-linux-x64/dist/extension.js:2:1064532)
	at process.processImmediate (node:internal/timers:483:21)
2025-06-03 22:02:46.524 [error] [redhat.java] provider FAILED
2025-06-03 22:02:46.524 [error] Error: The request (id: 102, method: 'textDocument/hover') has been cancelled
	at /home/sammy/.vscode/extensions/redhat.java-1.42.0-linux-x64/dist/extension.js:2:1069434
	at re (/home/sammy/.vscode/extensions/redhat.java-1.42.0-linux-x64/dist/extension.js:2:1069728)
	at /home/sammy/.vscode/extensions/redhat.java-1.42.0-linux-x64/dist/extension.js:2:1064512
	at Immediate.<anonymous> (/home/sammy/.vscode/extensions/redhat.java-1.42.0-linux-x64/dist/extension.js:2:1064532)
	at process.processImmediate (node:internal/timers:483:21)
2025-06-03 22:02:46.969 [error] [redhat.java] provider FAILED
2025-06-03 22:02:46.970 [error] Error: The request (id: 103, method: 'textDocument/hover') has been cancelled
	at /home/sammy/.vscode/extensions/redhat.java-1.42.0-linux-x64/dist/extension.js:2:1069434
	at re (/home/sammy/.vscode/extensions/redhat.java-1.42.0-linux-x64/dist/extension.js:2:1069728)
	at /home/sammy/.vscode/extensions/redhat.java-1.42.0-linux-x64/dist/extension.js:2:1064512
	at Immediate.<anonymous> (/home/sammy/.vscode/extensions/redhat.java-1.42.0-linux-x64/dist/extension.js:2:1064532)
	at process.processImmediate (node:internal/timers:483:21)
2025-06-03 22:02:47.391 [error] [redhat.java] provider FAILED
2025-06-03 22:02:47.391 [error] Error: The request (id: 104, method: 'textDocument/hover') has been cancelled
	at /home/sammy/.vscode/extensions/redhat.java-1.42.0-linux-x64/dist/extension.js:2:1069434
	at re (/home/sammy/.vscode/extensions/redhat.java-1.42.0-linux-x64/dist/extension.js:2:1069728)
	at /home/sammy/.vscode/extensions/redhat.java-1.42.0-linux-x64/dist/extension.js:2:1064512
	at Immediate.<anonymous> (/home/sammy/.vscode/extensions/redhat.java-1.42.0-linux-x64/dist/extension.js:2:1064532)
	at process.processImmediate (node:internal/timers:483:21)
2025-06-03 22:04:54.632 [error] [redhat.java] provider FAILED
2025-06-03 22:04:54.632 [error] Error: The request (id: 209, method: 'textDocument/hover') has been cancelled
	at /home/sammy/.vscode/extensions/redhat.java-1.42.0-linux-x64/dist/extension.js:2:1069434
	at re (/home/sammy/.vscode/extensions/redhat.java-1.42.0-linux-x64/dist/extension.js:2:1069728)
	at /home/sammy/.vscode/extensions/redhat.java-1.42.0-linux-x64/dist/extension.js:2:1064512
	at Immediate.<anonymous> (/home/sammy/.vscode/extensions/redhat.java-1.42.0-linux-x64/dist/extension.js:2:1064532)
	at process.processImmediate (node:internal/timers:483:21)
2025-06-03 22:05:46.139 [error] Error: ENOENT: no such file or directory, lstat '/home/sammy/Desktop/temp/pong-game/PongGame.java.git'
2025-06-03 22:05:46.140 [error] Error: ENOENT: no such file or directory, lstat '/home/sammy/Desktop/temp/pong-game/GamePanel.java.git'
2025-06-03 22:05:46.140 [error] Error: ENOENT: no such file or directory, lstat '/home/sammy/Desktop/temp/pong-game/Main.java.git'
2025-06-03 22:05:46.141 [error] Error: ENOENT: no such file or directory, lstat '/home/sammy/Desktop/temp/pong-game/README.md.git'
2025-06-03 22:09:15.000 [error] [redhat.java] provider FAILED
2025-06-03 22:09:15.000 [error] Error: The request (id: 420, method: 'textDocument/documentSymbol') has been cancelled
	at /home/sammy/.vscode/extensions/redhat.java-1.42.0-linux-x64/dist/extension.js:2:1069434
	at re (/home/sammy/.vscode/extensions/redhat.java-1.42.0-linux-x64/dist/extension.js:2:1069728)
	at /home/sammy/.vscode/extensions/redhat.java-1.42.0-linux-x64/dist/extension.js:2:1064512
	at Immediate.<anonymous> (/home/sammy/.vscode/extensions/redhat.java-1.42.0-linux-x64/dist/extension.js:2:1064532)
	at process.processImmediate (node:internal/timers:483:21)
2025-06-03 22:11:01.568 [error] [redhat.java] provider FAILED
2025-06-03 22:11:01.568 [error] Error: The request (id: 823, method: 'textDocument/documentSymbol') has been cancelled
	at /home/sammy/.vscode/extensions/redhat.java-1.42.0-linux-x64/dist/extension.js:2:1069434
	at re (/home/sammy/.vscode/extensions/redhat.java-1.42.0-linux-x64/dist/extension.js:2:1069728)
	at /home/sammy/.vscode/extensions/redhat.java-1.42.0-linux-x64/dist/extension.js:2:1064512
	at Immediate.<anonymous> (/home/sammy/.vscode/extensions/redhat.java-1.42.0-linux-x64/dist/extension.js:2:1064532)
	at process.processImmediate (node:internal/timers:483:21)
2025-06-03 22:11:13.363 [error] [redhat.java] provider FAILED
2025-06-03 22:11:13.363 [error] Error: The request (id: 910, method: 'textDocument/documentSymbol') has been cancelled
	at /home/sammy/.vscode/extensions/redhat.java-1.42.0-linux-x64/dist/extension.js:2:1069434
	at re (/home/sammy/.vscode/extensions/redhat.java-1.42.0-linux-x64/dist/extension.js:2:1069728)
	at /home/sammy/.vscode/extensions/redhat.java-1.42.0-linux-x64/dist/extension.js:2:1064512
	at Immediate.<anonymous> (/home/sammy/.vscode/extensions/redhat.java-1.42.0-linux-x64/dist/extension.js:2:1064532)
	at process.processImmediate (node:internal/timers:483:21)
2025-06-03 22:11:27.878 [error] [redhat.java] provider FAILED
2025-06-03 22:11:27.879 [error] Error: The request (id: 1023, method: 'textDocument/documentSymbol') has been cancelled
	at /home/sammy/.vscode/extensions/redhat.java-1.42.0-linux-x64/dist/extension.js:2:1069434
	at re (/home/sammy/.vscode/extensions/redhat.java-1.42.0-linux-x64/dist/extension.js:2:1069728)
	at /home/sammy/.vscode/extensions/redhat.java-1.42.0-linux-x64/dist/extension.js:2:1064512
	at Immediate.<anonymous> (/home/sammy/.vscode/extensions/redhat.java-1.42.0-linux-x64/dist/extension.js:2:1064532)
	at process.processImmediate (node:internal/timers:483:21)
2025-06-03 22:11:49.830 [error] [redhat.java] provider FAILED
2025-06-03 22:11:49.830 [error] Error: The request (id: 1242, method: 'textDocument/documentSymbol') has been cancelled
	at /home/sammy/.vscode/extensions/redhat.java-1.42.0-linux-x64/dist/extension.js:2:1069434
	at re (/home/sammy/.vscode/extensions/redhat.java-1.42.0-linux-x64/dist/extension.js:2:1069728)
	at /home/sammy/.vscode/extensions/redhat.java-1.42.0-linux-x64/dist/extension.js:2:1064512
	at Immediate.<anonymous> (/home/sammy/.vscode/extensions/redhat.java-1.42.0-linux-x64/dist/extension.js:2:1064532)
	at process.processImmediate (node:internal/timers:483:21)
2025-06-03 22:13:25.253 [error] [redhat.java] provider FAILED
2025-06-03 22:13:25.253 [error] Error: The request (id: 1524, method: 'textDocument/documentSymbol') has been cancelled
	at /home/sammy/.vscode/extensions/redhat.java-1.42.0-linux-x64/dist/extension.js:2:1069434
	at re (/home/sammy/.vscode/extensions/redhat.java-1.42.0-linux-x64/dist/extension.js:2:1069728)
	at /home/sammy/.vscode/extensions/redhat.java-1.42.0-linux-x64/dist/extension.js:2:1064512
	at Immediate.<anonymous> (/home/sammy/.vscode/extensions/redhat.java-1.42.0-linux-x64/dist/extension.js:2:1064532)
	at process.processImmediate (node:internal/timers:483:21)
2025-06-03 22:13:32.949 [error] [redhat.java] provider FAILED
2025-06-03 22:13:32.949 [error] Error: The request (id: 1552, method: 'textDocument/documentSymbol') has been cancelled
	at /home/sammy/.vscode/extensions/redhat.java-1.42.0-linux-x64/dist/extension.js:2:1069434
	at re (/home/sammy/.vscode/extensions/redhat.java-1.42.0-linux-x64/dist/extension.js:2:1069728)
	at /home/sammy/.vscode/extensions/redhat.java-1.42.0-linux-x64/dist/extension.js:2:1064512
	at Immediate.<anonymous> (/home/sammy/.vscode/extensions/redhat.java-1.42.0-linux-x64/dist/extension.js:2:1064532)
	at process.processImmediate (node:internal/timers:483:21)
2025-06-03 22:13:42.891 [error] [redhat.java] provider FAILED
2025-06-03 22:13:42.891 [error] Error: The request (id: 1633, method: 'textDocument/documentSymbol') has been cancelled
	at /home/sammy/.vscode/extensions/redhat.java-1.42.0-linux-x64/dist/extension.js:2:1069434
	at re (/home/sammy/.vscode/extensions/redhat.java-1.42.0-linux-x64/dist/extension.js:2:1069728)
	at /home/sammy/.vscode/extensions/redhat.java-1.42.0-linux-x64/dist/extension.js:2:1064512
	at Immediate.<anonymous> (/home/sammy/.vscode/extensions/redhat.java-1.42.0-linux-x64/dist/extension.js:2:1064532)
	at process.processImmediate (node:internal/timers:483:21)
2025-06-03 22:17:12.849 [error] [redhat.java] provider FAILED
2025-06-03 22:17:12.849 [error] Error: The request (id: 1948, method: 'textDocument/hover') has been cancelled
	at /home/sammy/.vscode/extensions/redhat.java-1.42.0-linux-x64/dist/extension.js:2:1069434
	at re (/home/sammy/.vscode/extensions/redhat.java-1.42.0-linux-x64/dist/extension.js:2:1069728)
	at /home/sammy/.vscode/extensions/redhat.java-1.42.0-linux-x64/dist/extension.js:2:1064512
	at Immediate.<anonymous> (/home/sammy/.vscode/extensions/redhat.java-1.42.0-linux-x64/dist/extension.js:2:1064532)
	at process.processImmediate (node:internal/timers:483:21)
2025-06-03 22:17:13.163 [error] [redhat.java] provider FAILED
2025-06-03 22:17:13.164 [error] Error: The request (id: 1949, method: 'textDocument/hover') has been cancelled
	at /home/sammy/.vscode/extensions/redhat.java-1.42.0-linux-x64/dist/extension.js:2:1069434
	at re (/home/sammy/.vscode/extensions/redhat.java-1.42.0-linux-x64/dist/extension.js:2:1069728)
	at /home/sammy/.vscode/extensions/redhat.java-1.42.0-linux-x64/dist/extension.js:2:1064512
	at Immediate.<anonymous> (/home/sammy/.vscode/extensions/redhat.java-1.42.0-linux-x64/dist/extension.js:2:1064532)
	at process.processImmediate (node:internal/timers:483:21)
2025-06-03 22:17:45.368 [error] [redhat.java] provider FAILED
2025-06-03 22:17:45.368 [error] Error: The request (id: 2139, method: 'textDocument/documentSymbol') has been cancelled
	at /home/sammy/.vscode/extensions/redhat.java-1.42.0-linux-x64/dist/extension.js:2:1069434
	at re (/home/sammy/.vscode/extensions/redhat.java-1.42.0-linux-x64/dist/extension.js:2:1069728)
	at /home/sammy/.vscode/extensions/redhat.java-1.42.0-linux-x64/dist/extension.js:2:1064512
	at Immediate.<anonymous> (/home/sammy/.vscode/extensions/redhat.java-1.42.0-linux-x64/dist/extension.js:2:1064532)
	at process.processImmediate (node:internal/timers:483:21)
2025-06-03 22:18:11.637 [error] [redhat.java] provider FAILED
2025-06-03 22:18:11.637 [error] Error: Internal error.
	at /home/sammy/.vscode/extensions/redhat.java-1.42.0-linux-x64/dist/extension.js:2:1069434
	at re (/home/sammy/.vscode/extensions/redhat.java-1.42.0-linux-x64/dist/extension.js:2:1069728)
	at /home/sammy/.vscode/extensions/redhat.java-1.42.0-linux-x64/dist/extension.js:2:1064512
	at Immediate.<anonymous> (/home/sammy/.vscode/extensions/redhat.java-1.42.0-linux-x64/dist/extension.js:2:1064532)
	at process.processImmediate (node:internal/timers:483:21)
2025-06-03 22:18:24.216 [error] [redhat.java] provider FAILED
2025-06-03 22:18:24.216 [error] Error: The request (id: 2390, method: 'textDocument/documentSymbol') has been cancelled
	at /home/sammy/.vscode/extensions/redhat.java-1.42.0-linux-x64/dist/extension.js:2:1069434
	at re (/home/sammy/.vscode/extensions/redhat.java-1.42.0-linux-x64/dist/extension.js:2:1069728)
	at /home/sammy/.vscode/extensions/redhat.java-1.42.0-linux-x64/dist/extension.js:2:1064512
	at Immediate.<anonymous> (/home/sammy/.vscode/extensions/redhat.java-1.42.0-linux-x64/dist/extension.js:2:1064532)
	at process.processImmediate (node:internal/timers:483:21)
2025-06-03 22:19:10.124 [error] [redhat.java] provider FAILED
2025-06-03 22:19:10.124 [error] Error: The request (id: 2616, method: 'textDocument/documentSymbol') has been cancelled
	at /home/sammy/.vscode/extensions/redhat.java-1.42.0-linux-x64/dist/extension.js:2:1069434
	at re (/home/sammy/.vscode/extensions/redhat.java-1.42.0-linux-x64/dist/extension.js:2:1069728)
	at /home/sammy/.vscode/extensions/redhat.java-1.42.0-linux-x64/dist/extension.js:2:1064512
	at Immediate.<anonymous> (/home/sammy/.vscode/extensions/redhat.java-1.42.0-linux-x64/dist/extension.js:2:1064532)
	at process.processImmediate (node:internal/timers:483:21)
2025-06-03 22:19:47.962 [error] [redhat.java] provider FAILED
2025-06-03 22:19:47.962 [error] Error: The request (id: 2692, method: 'textDocument/hover') has been cancelled
	at /home/sammy/.vscode/extensions/redhat.java-1.42.0-linux-x64/dist/extension.js:2:1069434
	at re (/home/sammy/.vscode/extensions/redhat.java-1.42.0-linux-x64/dist/extension.js:2:1069728)
	at /home/sammy/.vscode/extensions/redhat.java-1.42.0-linux-x64/dist/extension.js:2:1064512
	at Immediate.<anonymous> (/home/sammy/.vscode/extensions/redhat.java-1.42.0-linux-x64/dist/extension.js:2:1064532)
	at process.processImmediate (node:internal/timers:483:21)
2025-06-03 22:26:17.116 [error] Error: ENOENT: no such file or directory, lstat '/home/sammy/Desktop/temp/pong-game/PongGame.java.git'
2025-06-03 22:26:17.116 [error] Error: ENOENT: no such file or directory, lstat '/home/sammy/Desktop/temp/pong-game/GamePanel.java.git'
2025-06-03 22:26:17.117 [error] Error: ENOENT: no such file or directory, lstat '/home/sammy/Desktop/temp/pong-game/Main.java.git'
2025-06-03 22:26:17.117 [error] Error: ENOENT: no such file or directory, lstat '/home/sammy/Desktop/temp/pong-game/README.md.git'
2025-06-03 22:27:28.071 [error] [redhat.java] provider FAILED
2025-06-03 22:27:28.071 [error] Error: The request (id: 3080, method: 'textDocument/documentSymbol') has been cancelled
	at /home/sammy/.vscode/extensions/redhat.java-1.42.0-linux-x64/dist/extension.js:2:1069434
	at re (/home/sammy/.vscode/extensions/redhat.java-1.42.0-linux-x64/dist/extension.js:2:1069728)
	at /home/sammy/.vscode/extensions/redhat.java-1.42.0-linux-x64/dist/extension.js:2:1064512
	at Immediate.<anonymous> (/home/sammy/.vscode/extensions/redhat.java-1.42.0-linux-x64/dist/extension.js:2:1064532)
	at process.processImmediate (node:internal/timers:483:21)
2025-06-03 22:27:41.890 [error] Error: ENOENT: no such file or directory, lstat '/home/sammy/Desktop/temp/pong-game/PongGame.java.git'
2025-06-03 22:27:41.891 [error] Error: ENOENT: no such file or directory, lstat '/home/sammy/Desktop/temp/pong-game/GamePanel.java.git'
2025-06-03 22:27:41.891 [error] Error: ENOENT: no such file or directory, lstat '/home/sammy/Desktop/temp/pong-game/Main.java.git'
2025-06-03 22:27:41.891 [error] Error: ENOENT: no such file or directory, lstat '/home/sammy/Desktop/temp/pong-game/README.md.git'
2025-06-03 22:27:48.790 [info] ExtensionService#_doActivateExtension vscode.npm, startup: false, activationEvent: 'onTerminalQuickFixRequest:ms-vscode.npm-command'
2025-06-03 22:27:53.460 [error] Error: ENOENT: no such file or directory, lstat '/home/sammy/Desktop/temp/pong-game/PongGame.java.git'
2025-06-03 22:27:53.460 [error] Error: ENOENT: no such file or directory, lstat '/home/sammy/Desktop/temp/pong-game/GamePanel.java.git'
2025-06-03 22:27:53.461 [error] Error: ENOENT: no such file or directory, lstat '/home/sammy/Desktop/temp/pong-game/Main.java.git'
2025-06-03 22:27:53.461 [error] Error: ENOENT: no such file or directory, lstat '/home/sammy/Desktop/temp/pong-game/README.md.git'
2025-06-03 22:27:58.324 [error] Error: ENOENT: no such file or directory, lstat '/home/sammy/Desktop/temp/pong-game/PongGame.java.git'
2025-06-03 22:27:58.324 [error] Error: ENOENT: no such file or directory, lstat '/home/sammy/Desktop/temp/pong-game/GamePanel.java.git'
2025-06-03 22:27:58.325 [error] Error: ENOENT: no such file or directory, lstat '/home/sammy/Desktop/temp/pong-game/Main.java.git'
2025-06-03 22:27:58.325 [error] Error: ENOENT: no such file or directory, lstat '/home/sammy/Desktop/temp/pong-game/README.md.git'
2025-06-03 22:28:16.811 [error] Error: ENOENT: no such file or directory, lstat '/home/sammy/Desktop/temp/pong-game/PongGame.java.git'
2025-06-03 22:28:16.811 [error] Error: ENOENT: no such file or directory, lstat '/home/sammy/Desktop/temp/pong-game/GamePanel.java.git'
2025-06-03 22:28:16.812 [error] Error: ENOENT: no such file or directory, lstat '/home/sammy/Desktop/temp/pong-game/Main.java.git'
2025-06-03 22:28:16.812 [error] Error: ENOENT: no such file or directory, lstat '/home/sammy/Desktop/temp/pong-game/README.md.git'
2025-06-03 22:28:48.563 [error] Error: ENOENT: no such file or directory, lstat '/home/sammy/Desktop/temp/pong-game/PongGame.java.git'
2025-06-03 22:28:48.564 [error] Error: ENOENT: no such file or directory, lstat '/home/sammy/Desktop/temp/pong-game/GamePanel.java.git'
2025-06-03 22:28:48.564 [error] Error: ENOENT: no such file or directory, lstat '/home/sammy/Desktop/temp/pong-game/Main.java.git'
2025-06-03 22:28:48.564 [error] Error: ENOENT: no such file or directory, lstat '/home/sammy/Desktop/temp/pong-game/README.md.git'
2025-06-03 22:30:52.410 [error] Error: ENOENT: no such file or directory, lstat '/home/sammy/Desktop/temp/pong-game/PongGame.java.git'
2025-06-03 22:30:52.411 [error] Error: ENOENT: no such file or directory, lstat '/home/sammy/Desktop/temp/pong-game/GamePanel.java.git'
2025-06-03 22:30:52.411 [error] Error: ENOENT: no such file or directory, lstat '/home/sammy/Desktop/temp/pong-game/Main.java.git'
2025-06-03 22:30:52.411 [error] Error: ENOENT: no such file or directory, lstat '/home/sammy/Desktop/temp/pong-game/README.md.git'
2025-06-03 22:31:14.570 [error] Error: ENOENT: no such file or directory, lstat '/home/sammy/Desktop/temp/pong-game/PongGame.java.git'
2025-06-03 22:31:14.570 [error] Error: ENOENT: no such file or directory, lstat '/home/sammy/Desktop/temp/pong-game/GamePanel.java.git'
2025-06-03 22:31:14.571 [error] Error: ENOENT: no such file or directory, lstat '/home/sammy/Desktop/temp/pong-game/Main.java.git'
2025-06-03 22:31:14.571 [error] Error: ENOENT: no such file or directory, lstat '/home/sammy/Desktop/temp/pong-game/README.md.git'
2025-06-03 22:31:29.438 [error] Error: ENOENT: no such file or directory, lstat '/home/sammy/Desktop/temp/pong-game/PongGame.java.git'
2025-06-03 22:31:29.439 [error] Error: ENOENT: no such file or directory, lstat '/home/sammy/Desktop/temp/pong-game/GamePanel.java.git'
2025-06-03 22:31:29.439 [error] Error: ENOENT: no such file or directory, lstat '/home/sammy/Desktop/temp/pong-game/Main.java.git'
2025-06-03 22:31:29.440 [error] Error: ENOENT: no such file or directory, lstat '/home/sammy/Desktop/temp/pong-game/README.md.git'
2025-06-03 22:31:33.183 [error] [redhat.java] provider FAILED
2025-06-03 22:31:33.183 [error] Error: The request (id: 3324, method: 'textDocument/hover') has been cancelled
	at /home/sammy/.vscode/extensions/redhat.java-1.42.0-linux-x64/dist/extension.js:2:1069434
	at re (/home/sammy/.vscode/extensions/redhat.java-1.42.0-linux-x64/dist/extension.js:2:1069728)
	at /home/sammy/.vscode/extensions/redhat.java-1.42.0-linux-x64/dist/extension.js:2:1064512
	at Immediate.<anonymous> (/home/sammy/.vscode/extensions/redhat.java-1.42.0-linux-x64/dist/extension.js:2:1064532)
	at process.processImmediate (node:internal/timers:483:21)
2025-06-03 22:31:36.601 [error] Error: ENOENT: no such file or directory, lstat '/home/sammy/Desktop/temp/pong-game/PongGame.java.git'
2025-06-03 22:31:36.602 [error] Error: ENOENT: no such file or directory, lstat '/home/sammy/Desktop/temp/pong-game/GamePanel.java.git'
2025-06-03 22:31:36.602 [error] Error: ENOENT: no such file or directory, lstat '/home/sammy/Desktop/temp/pong-game/Main.java.git'
2025-06-03 22:31:36.602 [error] Error: ENOENT: no such file or directory, lstat '/home/sammy/Desktop/temp/pong-game/README.md.git'
2025-06-03 22:32:32.901 [error] Error: ENOENT: no such file or directory, lstat '/home/sammy/Desktop/temp/pong-game/PongGame.java.git'
2025-06-03 22:32:32.901 [error] Error: ENOENT: no such file or directory, lstat '/home/sammy/Desktop/temp/pong-game/GamePanel.java.git'
2025-06-03 22:32:32.901 [error] Error: ENOENT: no such file or directory, lstat '/home/sammy/Desktop/temp/pong-game/Main.java.git'
2025-06-03 22:32:32.902 [error] Error: ENOENT: no such file or directory, lstat '/home/sammy/Desktop/temp/pong-game/README.md.git'
2025-06-03 22:32:40.457 [error] Error: ENOENT: no such file or directory, lstat '/home/sammy/Desktop/temp/pong-game/GamePanel.java.git'
2025-06-03 22:32:40.458 [error] Error: ENOENT: no such file or directory, lstat '/home/sammy/Desktop/temp/pong-game/README.md.git'
2025-06-03 22:32:40.458 [error] Error: ENOENT: no such file or directory, lstat '/home/sammy/Desktop/temp/pong-game/PongGame.java.git'
2025-06-03 22:32:40.458 [error] Error: ENOENT: no such file or directory, lstat '/home/sammy/Desktop/temp/pong-game/Main.java.git'
2025-06-03 22:33:05.954 [error] Error: ENOENT: no such file or directory, lstat '/home/sammy/Desktop/temp/pong-game/PongGame.java.git'
2025-06-03 22:33:05.955 [error] Error: ENOENT: no such file or directory, lstat '/home/sammy/Desktop/temp/pong-game/GamePanel.java.git'
2025-06-03 22:33:05.956 [error] Error: ENOENT: no such file or directory, lstat '/home/sammy/Desktop/temp/pong-game/Main.java.git'
2025-06-03 22:33:05.956 [error] Error: ENOENT: no such file or directory, lstat '/home/sammy/Desktop/temp/pong-game/README.md.git'
2025-06-03 22:33:17.317 [error] Error: ENOENT: no such file or directory, lstat '/home/sammy/Desktop/temp/pong-game/PongGame.java.git'
2025-06-03 22:33:17.318 [error] Error: ENOENT: no such file or directory, lstat '/home/sammy/Desktop/temp/pong-game/GamePanel.java.git'
2025-06-03 22:33:17.318 [error] Error: ENOENT: no such file or directory, lstat '/home/sammy/Desktop/temp/pong-game/Main.java.git'
2025-06-03 22:33:17.319 [error] Error: ENOENT: no such file or directory, lstat '/home/sammy/Desktop/temp/pong-game/README.md.git'
2025-06-03 22:33:22.457 [error] Error: ENOENT: no such file or directory, lstat '/home/sammy/Desktop/temp/pong-game/PongGame.java.git'
2025-06-03 22:33:22.457 [error] Error: ENOENT: no such file or directory, lstat '/home/sammy/Desktop/temp/pong-game/GamePanel.java.git'
2025-06-03 22:33:22.457 [error] Error: ENOENT: no such file or directory, lstat '/home/sammy/Desktop/temp/pong-game/Main.java.git'
2025-06-03 22:33:22.458 [error] Error: ENOENT: no such file or directory, lstat '/home/sammy/Desktop/temp/pong-game/README.md.git'
2025-06-03 22:37:55.377 [error] [redhat.java] provider FAILED
2025-06-03 22:37:55.377 [error] Error: The request (id: 3776, method: 'textDocument/documentSymbol') has been cancelled
	at /home/sammy/.vscode/extensions/redhat.java-1.42.0-linux-x64/dist/extension.js:2:1069434
	at re (/home/sammy/.vscode/extensions/redhat.java-1.42.0-linux-x64/dist/extension.js:2:1069728)
	at /home/sammy/.vscode/extensions/redhat.java-1.42.0-linux-x64/dist/extension.js:2:1064512
	at Immediate.<anonymous> (/home/sammy/.vscode/extensions/redhat.java-1.42.0-linux-x64/dist/extension.js:2:1064532)
	at process.processImmediate (node:internal/timers:483:21)
2025-06-03 22:41:23.623 [error] [redhat.java] provider FAILED
2025-06-03 22:41:23.624 [error] Error: The request (id: 4376, method: 'textDocument/hover') has been cancelled
	at /home/sammy/.vscode/extensions/redhat.java-1.42.0-linux-x64/dist/extension.js:2:1069434
	at re (/home/sammy/.vscode/extensions/redhat.java-1.42.0-linux-x64/dist/extension.js:2:1069728)
	at /home/sammy/.vscode/extensions/redhat.java-1.42.0-linux-x64/dist/extension.js:2:1064512
	at Immediate.<anonymous> (/home/sammy/.vscode/extensions/redhat.java-1.42.0-linux-x64/dist/extension.js:2:1064532)
	at process.processImmediate (node:internal/timers:483:21)
2025-06-03 22:46:01.772 [error] [redhat.java] provider FAILED
2025-06-03 22:46:01.772 [error] Error: The request (id: 5445, method: 'textDocument/documentSymbol') has been cancelled
	at /home/sammy/.vscode/extensions/redhat.java-1.42.0-linux-x64/dist/extension.js:2:1069434
	at re (/home/sammy/.vscode/extensions/redhat.java-1.42.0-linux-x64/dist/extension.js:2:1069728)
	at /home/sammy/.vscode/extensions/redhat.java-1.42.0-linux-x64/dist/extension.js:2:1064512
	at Immediate.<anonymous> (/home/sammy/.vscode/extensions/redhat.java-1.42.0-linux-x64/dist/extension.js:2:1064532)
	at process.processImmediate (node:internal/timers:483:21)
2025-06-03 22:51:29.368 [error] [redhat.java] provider FAILED
2025-06-03 22:51:29.368 [error] Error: Internal error.
	at /home/sammy/.vscode/extensions/redhat.java-1.42.0-linux-x64/dist/extension.js:2:1069434
	at re (/home/sammy/.vscode/extensions/redhat.java-1.42.0-linux-x64/dist/extension.js:2:1069728)
	at /home/sammy/.vscode/extensions/redhat.java-1.42.0-linux-x64/dist/extension.js:2:1064512
	at Immediate.<anonymous> (/home/sammy/.vscode/extensions/redhat.java-1.42.0-linux-x64/dist/extension.js:2:1064532)
	at process.processImmediate (node:internal/timers:483:21)
2025-06-03 22:56:28.014 [error] Error: ENOENT: no such file or directory, lstat '/home/sammy/Desktop/temp/pong-game/PongGame.java.git'
2025-06-03 22:56:28.015 [error] Error: ENOENT: no such file or directory, lstat '/home/sammy/Desktop/temp/pong-game/GamePanel.java.git'
2025-06-03 22:56:28.015 [error] Error: ENOENT: no such file or directory, lstat '/home/sammy/Desktop/temp/pong-game/Main.java.git'
2025-06-03 22:56:28.015 [error] Error: ENOENT: no such file or directory, lstat '/home/sammy/Desktop/temp/pong-game/README.md.git'
2025-06-03 22:56:31.891 [error] Error: ENOENT: no such file or directory, lstat '/home/sammy/Desktop/temp/pong-game/PongGame.java.git'
2025-06-03 22:56:31.892 [error] Error: ENOENT: no such file or directory, lstat '/home/sammy/Desktop/temp/pong-game/GamePanel.java.git'
2025-06-03 22:56:31.892 [error] Error: ENOENT: no such file or directory, lstat '/home/sammy/Desktop/temp/pong-game/Main.java.git'
2025-06-03 22:56:31.893 [error] Error: ENOENT: no such file or directory, lstat '/home/sammy/Desktop/temp/pong-game/README.md.git'
2025-06-03 22:56:44.756 [error] Error: ENOENT: no such file or directory, lstat '/home/sammy/Desktop/temp/pong-game/PongGame.java.git'
2025-06-03 22:56:44.757 [error] Error: ENOENT: no such file or directory, lstat '/home/sammy/Desktop/temp/pong-game/README.md.git'
2025-06-03 22:56:44.757 [error] Error: ENOENT: no such file or directory, lstat '/home/sammy/Desktop/temp/pong-game/Main.java.git'
2025-06-03 22:56:44.757 [error] Error: ENOENT: no such file or directory, lstat '/home/sammy/Desktop/temp/pong-game/GamePanel.java.git'
2025-06-03 22:59:34.387 [error] Error: ENOENT: no such file or directory, lstat '/home/sammy/Desktop/temp/pong-game/GamePanel.java.git'
2025-06-03 22:59:34.388 [error] Error: ENOENT: no such file or directory, lstat '/home/sammy/Desktop/temp/pong-game/Main.java.git'
2025-06-03 22:59:34.388 [error] Error: ENOENT: no such file or directory, lstat '/home/sammy/Desktop/temp/pong-game/PongGame.java.git'
2025-06-03 22:59:34.388 [error] Error: ENOENT: no such file or directory, lstat '/home/sammy/Desktop/temp/pong-game/README.md.git'
2025-06-03 23:02:15.771 [error] Error: ENOENT: no such file or directory, lstat '/home/sammy/Desktop/temp/pong-game/PongGame.java.git'
2025-06-03 23:02:15.771 [error] Error: ENOENT: no such file or directory, lstat '/home/sammy/Desktop/temp/pong-game/README.md.git'
2025-06-03 23:02:15.772 [error] Error: ENOENT: no such file or directory, lstat '/home/sammy/Desktop/temp/pong-game/Main.java.git'
2025-06-03 23:02:15.772 [error] Error: ENOENT: no such file or directory, lstat '/home/sammy/Desktop/temp/pong-game/GamePanel.java.git'
2025-06-03 23:02:27.636 [error] Error: ENOENT: no such file or directory, lstat '/home/sammy/Desktop/temp/pong-game/PongGame.java.git'
2025-06-03 23:02:27.636 [error] Error: ENOENT: no such file or directory, lstat '/home/sammy/Desktop/temp/pong-game/GamePanel.java.git'
2025-06-03 23:02:27.637 [error] Error: ENOENT: no such file or directory, lstat '/home/sammy/Desktop/temp/pong-game/Main.java.git'
2025-06-03 23:02:27.637 [error] Error: ENOENT: no such file or directory, lstat '/home/sammy/Desktop/temp/pong-game/README.md.git'
2025-06-03 23:02:45.117 [error] [redhat.java] provider FAILED
2025-06-03 23:02:45.117 [error] Error: Internal error.
	at /home/sammy/.vscode/extensions/redhat.java-1.42.0-linux-x64/dist/extension.js:2:1069434
	at re (/home/sammy/.vscode/extensions/redhat.java-1.42.0-linux-x64/dist/extension.js:2:1069728)
	at /home/sammy/.vscode/extensions/redhat.java-1.42.0-linux-x64/dist/extension.js:2:1064512
	at Immediate.<anonymous> (/home/sammy/.vscode/extensions/redhat.java-1.42.0-linux-x64/dist/extension.js:2:1064532)
	at process.processImmediate (node:internal/timers:483:21)
2025-06-03 23:02:51.284 [error] [redhat.java] provider FAILED
2025-06-03 23:02:51.284 [error] Error: Internal error.
	at /home/sammy/.vscode/extensions/redhat.java-1.42.0-linux-x64/dist/extension.js:2:1069434
	at re (/home/sammy/.vscode/extensions/redhat.java-1.42.0-linux-x64/dist/extension.js:2:1069728)
	at /home/sammy/.vscode/extensions/redhat.java-1.42.0-linux-x64/dist/extension.js:2:1064512
	at Immediate.<anonymous> (/home/sammy/.vscode/extensions/redhat.java-1.42.0-linux-x64/dist/extension.js:2:1064532)
	at process.processImmediate (node:internal/timers:483:21)
2025-06-03 23:02:53.074 [error] [redhat.java] provider FAILED
2025-06-03 23:02:53.074 [error] Error: Internal error.
	at /home/sammy/.vscode/extensions/redhat.java-1.42.0-linux-x64/dist/extension.js:2:1069434
	at re (/home/sammy/.vscode/extensions/redhat.java-1.42.0-linux-x64/dist/extension.js:2:1069728)
	at /home/sammy/.vscode/extensions/redhat.java-1.42.0-linux-x64/dist/extension.js:2:1064512
	at Immediate.<anonymous> (/home/sammy/.vscode/extensions/redhat.java-1.42.0-linux-x64/dist/extension.js:2:1064532)
	at process.processImmediate (node:internal/timers:483:21)
2025-06-03 23:03:24.846 [error] [redhat.java] provider FAILED
2025-06-03 23:03:24.847 [error] Error: Internal error.
	at /home/sammy/.vscode/extensions/redhat.java-1.42.0-linux-x64/dist/extension.js:2:1069434
	at re (/home/sammy/.vscode/extensions/redhat.java-1.42.0-linux-x64/dist/extension.js:2:1069728)
	at /home/sammy/.vscode/extensions/redhat.java-1.42.0-linux-x64/dist/extension.js:2:1064512
	at Immediate.<anonymous> (/home/sammy/.vscode/extensions/redhat.java-1.42.0-linux-x64/dist/extension.js:2:1064532)
	at process.processImmediate (node:internal/timers:483:21)
2025-06-03 23:03:35.440 [error] [redhat.java] provider FAILED
2025-06-03 23:03:35.441 [error] Error: Internal error.
	at /home/sammy/.vscode/extensions/redhat.java-1.42.0-linux-x64/dist/extension.js:2:1069434
	at re (/home/sammy/.vscode/extensions/redhat.java-1.42.0-linux-x64/dist/extension.js:2:1069728)
	at /home/sammy/.vscode/extensions/redhat.java-1.42.0-linux-x64/dist/extension.js:2:1064512
	at Immediate.<anonymous> (/home/sammy/.vscode/extensions/redhat.java-1.42.0-linux-x64/dist/extension.js:2:1064532)
	at process.processImmediate (node:internal/timers:483:21)
2025-06-03 23:03:35.866 [error] [redhat.java] provider FAILED
2025-06-03 23:03:35.867 [error] Error: Internal error.
	at /home/sammy/.vscode/extensions/redhat.java-1.42.0-linux-x64/dist/extension.js:2:1069434
	at re (/home/sammy/.vscode/extensions/redhat.java-1.42.0-linux-x64/dist/extension.js:2:1069728)
	at /home/sammy/.vscode/extensions/redhat.java-1.42.0-linux-x64/dist/extension.js:2:1064512
	at Immediate.<anonymous> (/home/sammy/.vscode/extensions/redhat.java-1.42.0-linux-x64/dist/extension.js:2:1064532)
	at process.processImmediate (node:internal/timers:483:21)
2025-06-03 23:03:37.694 [error] [redhat.java] provider FAILED
2025-06-03 23:03:37.694 [error] Error: Internal error.
	at /home/sammy/.vscode/extensions/redhat.java-1.42.0-linux-x64/dist/extension.js:2:1069434
	at re (/home/sammy/.vscode/extensions/redhat.java-1.42.0-linux-x64/dist/extension.js:2:1069728)
	at /home/sammy/.vscode/extensions/redhat.java-1.42.0-linux-x64/dist/extension.js:2:1064512
	at Immediate.<anonymous> (/home/sammy/.vscode/extensions/redhat.java-1.42.0-linux-x64/dist/extension.js:2:1064532)
	at process.processImmediate (node:internal/timers:483:21)
2025-06-03 23:03:38.208 [error] [redhat.java] provider FAILED
2025-06-03 23:03:38.208 [error] Error: Internal error.
	at /home/sammy/.vscode/extensions/redhat.java-1.42.0-linux-x64/dist/extension.js:2:1069434
	at re (/home/sammy/.vscode/extensions/redhat.java-1.42.0-linux-x64/dist/extension.js:2:1069728)
	at /home/sammy/.vscode/extensions/redhat.java-1.42.0-linux-x64/dist/extension.js:2:1064512
	at Immediate.<anonymous> (/home/sammy/.vscode/extensions/redhat.java-1.42.0-linux-x64/dist/extension.js:2:1064532)
	at process.processImmediate (node:internal/timers:483:21)
2025-06-03 23:03:38.634 [error] [redhat.java] provider FAILED
2025-06-03 23:03:38.634 [error] Error: Internal error.
	at /home/sammy/.vscode/extensions/redhat.java-1.42.0-linux-x64/dist/extension.js:2:1069434
	at re (/home/sammy/.vscode/extensions/redhat.java-1.42.0-linux-x64/dist/extension.js:2:1069728)
	at /home/sammy/.vscode/extensions/redhat.java-1.42.0-linux-x64/dist/extension.js:2:1064512
	at Immediate.<anonymous> (/home/sammy/.vscode/extensions/redhat.java-1.42.0-linux-x64/dist/extension.js:2:1064532)
	at process.processImmediate (node:internal/timers:483:21)
2025-06-03 23:03:39.003 [error] [redhat.java] provider FAILED
2025-06-03 23:03:39.003 [error] Error: Internal error.
	at /home/sammy/.vscode/extensions/redhat.java-1.42.0-linux-x64/dist/extension.js:2:1069434
	at re (/home/sammy/.vscode/extensions/redhat.java-1.42.0-linux-x64/dist/extension.js:2:1069728)
	at /home/sammy/.vscode/extensions/redhat.java-1.42.0-linux-x64/dist/extension.js:2:1064512
	at Immediate.<anonymous> (/home/sammy/.vscode/extensions/redhat.java-1.42.0-linux-x64/dist/extension.js:2:1064532)
	at process.processImmediate (node:internal/timers:483:21)
2025-06-03 23:03:39.445 [error] [redhat.java] provider FAILED
2025-06-03 23:03:39.445 [error] Error: Internal error.
	at /home/sammy/.vscode/extensions/redhat.java-1.42.0-linux-x64/dist/extension.js:2:1069434
	at re (/home/sammy/.vscode/extensions/redhat.java-1.42.0-linux-x64/dist/extension.js:2:1069728)
	at /home/sammy/.vscode/extensions/redhat.java-1.42.0-linux-x64/dist/extension.js:2:1064512
	at Immediate.<anonymous> (/home/sammy/.vscode/extensions/redhat.java-1.42.0-linux-x64/dist/extension.js:2:1064532)
	at process.processImmediate (node:internal/timers:483:21)
2025-06-03 23:03:40.069 [error] [redhat.java] provider FAILED
2025-06-03 23:03:40.069 [error] Error: Internal error.
	at /home/sammy/.vscode/extensions/redhat.java-1.42.0-linux-x64/dist/extension.js:2:1069434
	at re (/home/sammy/.vscode/extensions/redhat.java-1.42.0-linux-x64/dist/extension.js:2:1069728)
	at /home/sammy/.vscode/extensions/redhat.java-1.42.0-linux-x64/dist/extension.js:2:1064512
	at Immediate.<anonymous> (/home/sammy/.vscode/extensions/redhat.java-1.42.0-linux-x64/dist/extension.js:2:1064532)
	at process.processImmediate (node:internal/timers:483:21)
2025-06-03 23:03:41.903 [error] [redhat.java] provider FAILED
2025-06-03 23:03:41.903 [error] Error: Internal error.
	at /home/sammy/.vscode/extensions/redhat.java-1.42.0-linux-x64/dist/extension.js:2:1069434
	at re (/home/sammy/.vscode/extensions/redhat.java-1.42.0-linux-x64/dist/extension.js:2:1069728)
	at /home/sammy/.vscode/extensions/redhat.java-1.42.0-linux-x64/dist/extension.js:2:1064512
	at Immediate.<anonymous> (/home/sammy/.vscode/extensions/redhat.java-1.42.0-linux-x64/dist/extension.js:2:1064532)
	at process.processImmediate (node:internal/timers:483:21)
2025-06-03 23:03:43.019 [error] [redhat.java] provider FAILED
2025-06-03 23:03:43.019 [error] Error: Internal error.
	at /home/sammy/.vscode/extensions/redhat.java-1.42.0-linux-x64/dist/extension.js:2:1069434
	at re (/home/sammy/.vscode/extensions/redhat.java-1.42.0-linux-x64/dist/extension.js:2:1069728)
	at /home/sammy/.vscode/extensions/redhat.java-1.42.0-linux-x64/dist/extension.js:2:1064512
	at Immediate.<anonymous> (/home/sammy/.vscode/extensions/redhat.java-1.42.0-linux-x64/dist/extension.js:2:1064532)
	at process.processImmediate (node:internal/timers:483:21)
2025-06-03 23:03:43.425 [error] [redhat.java] provider FAILED
2025-06-03 23:03:43.425 [error] Error: Internal error.
	at /home/sammy/.vscode/extensions/redhat.java-1.42.0-linux-x64/dist/extension.js:2:1069434
	at re (/home/sammy/.vscode/extensions/redhat.java-1.42.0-linux-x64/dist/extension.js:2:1069728)
	at /home/sammy/.vscode/extensions/redhat.java-1.42.0-linux-x64/dist/extension.js:2:1064512
	at Immediate.<anonymous> (/home/sammy/.vscode/extensions/redhat.java-1.42.0-linux-x64/dist/extension.js:2:1064532)
	at process.processImmediate (node:internal/timers:483:21)
2025-06-03 23:03:43.768 [error] [redhat.java] provider FAILED
2025-06-03 23:03:43.768 [error] Error: Internal error.
	at /home/sammy/.vscode/extensions/redhat.java-1.42.0-linux-x64/dist/extension.js:2:1069434
	at re (/home/sammy/.vscode/extensions/redhat.java-1.42.0-linux-x64/dist/extension.js:2:1069728)
	at /home/sammy/.vscode/extensions/redhat.java-1.42.0-linux-x64/dist/extension.js:2:1064512
	at Immediate.<anonymous> (/home/sammy/.vscode/extensions/redhat.java-1.42.0-linux-x64/dist/extension.js:2:1064532)
	at process.processImmediate (node:internal/timers:483:21)
2025-06-03 23:03:44.115 [error] [redhat.java] provider FAILED
2025-06-03 23:03:44.116 [error] Error: Internal error.
	at /home/sammy/.vscode/extensions/redhat.java-1.42.0-linux-x64/dist/extension.js:2:1069434
	at re (/home/sammy/.vscode/extensions/redhat.java-1.42.0-linux-x64/dist/extension.js:2:1069728)
	at /home/sammy/.vscode/extensions/redhat.java-1.42.0-linux-x64/dist/extension.js:2:1064512
	at Immediate.<anonymous> (/home/sammy/.vscode/extensions/redhat.java-1.42.0-linux-x64/dist/extension.js:2:1064532)
	at process.processImmediate (node:internal/timers:483:21)
2025-06-03 23:03:45.085 [error] [redhat.java] provider FAILED
2025-06-03 23:03:45.085 [error] Error: Internal error.
	at /home/sammy/.vscode/extensions/redhat.java-1.42.0-linux-x64/dist/extension.js:2:1069434
	at re (/home/sammy/.vscode/extensions/redhat.java-1.42.0-linux-x64/dist/extension.js:2:1069728)
	at /home/sammy/.vscode/extensions/redhat.java-1.42.0-linux-x64/dist/extension.js:2:1064512
	at Immediate.<anonymous> (/home/sammy/.vscode/extensions/redhat.java-1.42.0-linux-x64/dist/extension.js:2:1064532)
	at process.processImmediate (node:internal/timers:483:21)
2025-06-03 23:03:46.139 [error] [redhat.java] provider FAILED
2025-06-03 23:03:46.139 [error] Error: Internal error.
	at /home/sammy/.vscode/extensions/redhat.java-1.42.0-linux-x64/dist/extension.js:2:1069434
	at re (/home/sammy/.vscode/extensions/redhat.java-1.42.0-linux-x64/dist/extension.js:2:1069728)
	at /home/sammy/.vscode/extensions/redhat.java-1.42.0-linux-x64/dist/extension.js:2:1064512
	at Immediate.<anonymous> (/home/sammy/.vscode/extensions/redhat.java-1.42.0-linux-x64/dist/extension.js:2:1064532)
	at process.processImmediate (node:internal/timers:483:21)
2025-06-03 23:03:46.584 [error] [redhat.java] provider FAILED
2025-06-03 23:03:46.584 [error] Error: Internal error.
	at /home/sammy/.vscode/extensions/redhat.java-1.42.0-linux-x64/dist/extension.js:2:1069434
	at re (/home/sammy/.vscode/extensions/redhat.java-1.42.0-linux-x64/dist/extension.js:2:1069728)
	at /home/sammy/.vscode/extensions/redhat.java-1.42.0-linux-x64/dist/extension.js:2:1064512
	at Immediate.<anonymous> (/home/sammy/.vscode/extensions/redhat.java-1.42.0-linux-x64/dist/extension.js:2:1064532)
	at process.processImmediate (node:internal/timers:483:21)
2025-06-03 23:03:47.646 [error] [redhat.java] provider FAILED
2025-06-03 23:03:47.646 [error] Error: Internal error.
	at /home/sammy/.vscode/extensions/redhat.java-1.42.0-linux-x64/dist/extension.js:2:1069434
	at re (/home/sammy/.vscode/extensions/redhat.java-1.42.0-linux-x64/dist/extension.js:2:1069728)
	at /home/sammy/.vscode/extensions/redhat.java-1.42.0-linux-x64/dist/extension.js:2:1064512
	at Immediate.<anonymous> (/home/sammy/.vscode/extensions/redhat.java-1.42.0-linux-x64/dist/extension.js:2:1064532)
	at process.processImmediate (node:internal/timers:483:21)
2025-06-03 23:03:48.087 [error] [redhat.java] provider FAILED
2025-06-03 23:03:48.088 [error] Error: Internal error.
	at /home/sammy/.vscode/extensions/redhat.java-1.42.0-linux-x64/dist/extension.js:2:1069434
	at re (/home/sammy/.vscode/extensions/redhat.java-1.42.0-linux-x64/dist/extension.js:2:1069728)
	at /home/sammy/.vscode/extensions/redhat.java-1.42.0-linux-x64/dist/extension.js:2:1064512
	at Immediate.<anonymous> (/home/sammy/.vscode/extensions/redhat.java-1.42.0-linux-x64/dist/extension.js:2:1064532)
	at process.processImmediate (node:internal/timers:483:21)
2025-06-03 23:03:48.610 [error] [redhat.java] provider FAILED
2025-06-03 23:03:48.610 [error] Error: Internal error.
	at /home/sammy/.vscode/extensions/redhat.java-1.42.0-linux-x64/dist/extension.js:2:1069434
	at re (/home/sammy/.vscode/extensions/redhat.java-1.42.0-linux-x64/dist/extension.js:2:1069728)
	at /home/sammy/.vscode/extensions/redhat.java-1.42.0-linux-x64/dist/extension.js:2:1064512
	at Immediate.<anonymous> (/home/sammy/.vscode/extensions/redhat.java-1.42.0-linux-x64/dist/extension.js:2:1064532)
	at process.processImmediate (node:internal/timers:483:21)
2025-06-03 23:03:48.915 [error] [redhat.java] provider FAILED
2025-06-03 23:03:48.915 [error] Error: Internal error.
	at /home/sammy/.vscode/extensions/redhat.java-1.42.0-linux-x64/dist/extension.js:2:1069434
	at re (/home/sammy/.vscode/extensions/redhat.java-1.42.0-linux-x64/dist/extension.js:2:1069728)
	at /home/sammy/.vscode/extensions/redhat.java-1.42.0-linux-x64/dist/extension.js:2:1064512
	at Immediate.<anonymous> (/home/sammy/.vscode/extensions/redhat.java-1.42.0-linux-x64/dist/extension.js:2:1064532)
	at process.processImmediate (node:internal/timers:483:21)
2025-06-03 23:03:52.003 [error] [redhat.java] provider FAILED
2025-06-03 23:03:52.003 [error] Error: Internal error.
	at /home/sammy/.vscode/extensions/redhat.java-1.42.0-linux-x64/dist/extension.js:2:1069434
	at re (/home/sammy/.vscode/extensions/redhat.java-1.42.0-linux-x64/dist/extension.js:2:1069728)
	at /home/sammy/.vscode/extensions/redhat.java-1.42.0-linux-x64/dist/extension.js:2:1064512
	at Immediate.<anonymous> (/home/sammy/.vscode/extensions/redhat.java-1.42.0-linux-x64/dist/extension.js:2:1064532)
	at process.processImmediate (node:internal/timers:483:21)
2025-06-03 23:03:52.731 [error] [redhat.java] provider FAILED
2025-06-03 23:03:52.731 [error] Error: Internal error.
	at /home/sammy/.vscode/extensions/redhat.java-1.42.0-linux-x64/dist/extension.js:2:1069434
	at re (/home/sammy/.vscode/extensions/redhat.java-1.42.0-linux-x64/dist/extension.js:2:1069728)
	at /home/sammy/.vscode/extensions/redhat.java-1.42.0-linux-x64/dist/extension.js:2:1064512
	at Immediate.<anonymous> (/home/sammy/.vscode/extensions/redhat.java-1.42.0-linux-x64/dist/extension.js:2:1064532)
	at process.processImmediate (node:internal/timers:483:21)
2025-06-03 23:03:53.335 [error] [redhat.java] provider FAILED
2025-06-03 23:03:53.335 [error] Error: Internal error.
	at /home/sammy/.vscode/extensions/redhat.java-1.42.0-linux-x64/dist/extension.js:2:1069434
	at re (/home/sammy/.vscode/extensions/redhat.java-1.42.0-linux-x64/dist/extension.js:2:1069728)
	at /home/sammy/.vscode/extensions/redhat.java-1.42.0-linux-x64/dist/extension.js:2:1064512
	at Immediate.<anonymous> (/home/sammy/.vscode/extensions/redhat.java-1.42.0-linux-x64/dist/extension.js:2:1064532)
	at process.processImmediate (node:internal/timers:483:21)
2025-06-03 23:04:05.854 [error] [redhat.java] provider FAILED
2025-06-03 23:04:05.854 [error] Error: Internal error.
	at /home/sammy/.vscode/extensions/redhat.java-1.42.0-linux-x64/dist/extension.js:2:1069434
	at re (/home/sammy/.vscode/extensions/redhat.java-1.42.0-linux-x64/dist/extension.js:2:1069728)
	at /home/sammy/.vscode/extensions/redhat.java-1.42.0-linux-x64/dist/extension.js:2:1064512
	at Immediate.<anonymous> (/home/sammy/.vscode/extensions/redhat.java-1.42.0-linux-x64/dist/extension.js:2:1064532)
	at process.processImmediate (node:internal/timers:483:21)
2025-06-03 23:04:40.636 [error] [redhat.java] provider FAILED
2025-06-03 23:04:40.636 [error] Error: Internal error.
	at /home/sammy/.vscode/extensions/redhat.java-1.42.0-linux-x64/dist/extension.js:2:1069434
	at re (/home/sammy/.vscode/extensions/redhat.java-1.42.0-linux-x64/dist/extension.js:2:1069728)
	at /home/sammy/.vscode/extensions/redhat.java-1.42.0-linux-x64/dist/extension.js:2:1064512
	at Immediate.<anonymous> (/home/sammy/.vscode/extensions/redhat.java-1.42.0-linux-x64/dist/extension.js:2:1064532)
	at process.processImmediate (node:internal/timers:483:21)
2025-06-03 23:04:44.278 [error] [redhat.java] provider FAILED
2025-06-03 23:04:44.279 [error] Error: Internal error.
	at /home/sammy/.vscode/extensions/redhat.java-1.42.0-linux-x64/dist/extension.js:2:1069434
	at re (/home/sammy/.vscode/extensions/redhat.java-1.42.0-linux-x64/dist/extension.js:2:1069728)
	at /home/sammy/.vscode/extensions/redhat.java-1.42.0-linux-x64/dist/extension.js:2:1064512
	at Immediate.<anonymous> (/home/sammy/.vscode/extensions/redhat.java-1.42.0-linux-x64/dist/extension.js:2:1064532)
	at process.processImmediate (node:internal/timers:483:21)
2025-06-03 23:04:45.995 [error] [redhat.java] provider FAILED
2025-06-03 23:04:45.995 [error] Error: Internal error.
	at /home/sammy/.vscode/extensions/redhat.java-1.42.0-linux-x64/dist/extension.js:2:1069434
	at re (/home/sammy/.vscode/extensions/redhat.java-1.42.0-linux-x64/dist/extension.js:2:1069728)
	at /home/sammy/.vscode/extensions/redhat.java-1.42.0-linux-x64/dist/extension.js:2:1064512
	at Immediate.<anonymous> (/home/sammy/.vscode/extensions/redhat.java-1.42.0-linux-x64/dist/extension.js:2:1064532)
	at process.processImmediate (node:internal/timers:483:21)
2025-06-03 23:05:08.123 [error] [redhat.java] provider FAILED
2025-06-03 23:05:08.123 [error] Error: Internal error.
	at /home/sammy/.vscode/extensions/redhat.java-1.42.0-linux-x64/dist/extension.js:2:1069434
	at re (/home/sammy/.vscode/extensions/redhat.java-1.42.0-linux-x64/dist/extension.js:2:1069728)
	at /home/sammy/.vscode/extensions/redhat.java-1.42.0-linux-x64/dist/extension.js:2:1064512
	at Immediate.<anonymous> (/home/sammy/.vscode/extensions/redhat.java-1.42.0-linux-x64/dist/extension.js:2:1064532)
	at process.processImmediate (node:internal/timers:483:21)
2025-06-03 23:05:08.587 [error] [redhat.java] provider FAILED
2025-06-03 23:05:08.587 [error] Error: Internal error.
	at /home/sammy/.vscode/extensions/redhat.java-1.42.0-linux-x64/dist/extension.js:2:1069434
	at re (/home/sammy/.vscode/extensions/redhat.java-1.42.0-linux-x64/dist/extension.js:2:1069728)
	at /home/sammy/.vscode/extensions/redhat.java-1.42.0-linux-x64/dist/extension.js:2:1064512
	at Immediate.<anonymous> (/home/sammy/.vscode/extensions/redhat.java-1.42.0-linux-x64/dist/extension.js:2:1064532)
	at process.processImmediate (node:internal/timers:483:21)
2025-06-03 23:05:08.994 [error] [redhat.java] provider FAILED
2025-06-03 23:05:08.994 [error] Error: Internal error.
	at /home/sammy/.vscode/extensions/redhat.java-1.42.0-linux-x64/dist/extension.js:2:1069434
	at re (/home/sammy/.vscode/extensions/redhat.java-1.42.0-linux-x64/dist/extension.js:2:1069728)
	at /home/sammy/.vscode/extensions/redhat.java-1.42.0-linux-x64/dist/extension.js:2:1064512
	at Immediate.<anonymous> (/home/sammy/.vscode/extensions/redhat.java-1.42.0-linux-x64/dist/extension.js:2:1064532)
	at process.processImmediate (node:internal/timers:483:21)
2025-06-03 23:05:09.514 [error] [redhat.java] provider FAILED
2025-06-03 23:05:09.514 [error] Error: Internal error.
	at /home/sammy/.vscode/extensions/redhat.java-1.42.0-linux-x64/dist/extension.js:2:1069434
	at re (/home/sammy/.vscode/extensions/redhat.java-1.42.0-linux-x64/dist/extension.js:2:1069728)
	at /home/sammy/.vscode/extensions/redhat.java-1.42.0-linux-x64/dist/extension.js:2:1064512
	at Immediate.<anonymous> (/home/sammy/.vscode/extensions/redhat.java-1.42.0-linux-x64/dist/extension.js:2:1064532)
	at process.processImmediate (node:internal/timers:483:21)
2025-06-03 23:05:19.204 [error] [redhat.java] provider FAILED
2025-06-03 23:05:19.204 [error] Error: Internal error.
	at /home/sammy/.vscode/extensions/redhat.java-1.42.0-linux-x64/dist/extension.js:2:1069434
	at re (/home/sammy/.vscode/extensions/redhat.java-1.42.0-linux-x64/dist/extension.js:2:1069728)
	at /home/sammy/.vscode/extensions/redhat.java-1.42.0-linux-x64/dist/extension.js:2:1064512
	at Immediate.<anonymous> (/home/sammy/.vscode/extensions/redhat.java-1.42.0-linux-x64/dist/extension.js:2:1064532)
	at process.processImmediate (node:internal/timers:483:21)
2025-06-03 23:05:19.487 [error] [redhat.java] provider FAILED
2025-06-03 23:05:19.487 [error] Error: Internal error.
	at /home/sammy/.vscode/extensions/redhat.java-1.42.0-linux-x64/dist/extension.js:2:1069434
	at re (/home/sammy/.vscode/extensions/redhat.java-1.42.0-linux-x64/dist/extension.js:2:1069728)
	at /home/sammy/.vscode/extensions/redhat.java-1.42.0-linux-x64/dist/extension.js:2:1064512
	at Immediate.<anonymous> (/home/sammy/.vscode/extensions/redhat.java-1.42.0-linux-x64/dist/extension.js:2:1064532)
	at process.processImmediate (node:internal/timers:483:21)
2025-06-03 23:05:20.030 [error] [redhat.java] provider FAILED
2025-06-03 23:05:20.030 [error] Error: Internal error.
	at /home/sammy/.vscode/extensions/redhat.java-1.42.0-linux-x64/dist/extension.js:2:1069434
	at re (/home/sammy/.vscode/extensions/redhat.java-1.42.0-linux-x64/dist/extension.js:2:1069728)
	at /home/sammy/.vscode/extensions/redhat.java-1.42.0-linux-x64/dist/extension.js:2:1064512
	at Immediate.<anonymous> (/home/sammy/.vscode/extensions/redhat.java-1.42.0-linux-x64/dist/extension.js:2:1064532)
	at process.processImmediate (node:internal/timers:483:21)
2025-06-03 23:05:20.620 [error] [redhat.java] provider FAILED
2025-06-03 23:05:20.620 [error] Error: Internal error.
	at /home/sammy/.vscode/extensions/redhat.java-1.42.0-linux-x64/dist/extension.js:2:1069434
	at re (/home/sammy/.vscode/extensions/redhat.java-1.42.0-linux-x64/dist/extension.js:2:1069728)
	at /home/sammy/.vscode/extensions/redhat.java-1.42.0-linux-x64/dist/extension.js:2:1064512
	at Immediate.<anonymous> (/home/sammy/.vscode/extensions/redhat.java-1.42.0-linux-x64/dist/extension.js:2:1064532)
	at process.processImmediate (node:internal/timers:483:21)
2025-06-03 23:05:23.395 [error] [redhat.java] provider FAILED
2025-06-03 23:05:23.395 [error] Error: Internal error.
	at /home/sammy/.vscode/extensions/redhat.java-1.42.0-linux-x64/dist/extension.js:2:1069434
	at re (/home/sammy/.vscode/extensions/redhat.java-1.42.0-linux-x64/dist/extension.js:2:1069728)
	at /home/sammy/.vscode/extensions/redhat.java-1.42.0-linux-x64/dist/extension.js:2:1064512
	at Immediate.<anonymous> (/home/sammy/.vscode/extensions/redhat.java-1.42.0-linux-x64/dist/extension.js:2:1064532)
	at process.processImmediate (node:internal/timers:483:21)
2025-06-03 23:07:03.386 [error] [redhat.java] provider FAILED
2025-06-03 23:07:03.395 [error] Error: The request (id: 8728, method: 'textDocument/hover') has been cancelled
	at /home/sammy/.vscode/extensions/redhat.java-1.42.0-linux-x64/dist/extension.js:2:1069434
	at re (/home/sammy/.vscode/extensions/redhat.java-1.42.0-linux-x64/dist/extension.js:2:1069728)
	at /home/sammy/.vscode/extensions/redhat.java-1.42.0-linux-x64/dist/extension.js:2:1064512
	at Immediate.<anonymous> (/home/sammy/.vscode/extensions/redhat.java-1.42.0-linux-x64/dist/extension.js:2:1064532)
	at process.processImmediate (node:internal/timers:483:21)
2025-06-03 23:10:46.117 [error] [redhat.java] provider FAILED
2025-06-03 23:10:46.117 [error] Error: The request (id: 9205, method: 'textDocument/hover') has been cancelled
	at /home/sammy/.vscode/extensions/redhat.java-1.42.0-linux-x64/dist/extension.js:2:1069434
	at re (/home/sammy/.vscode/extensions/redhat.java-1.42.0-linux-x64/dist/extension.js:2:1069728)
	at /home/sammy/.vscode/extensions/redhat.java-1.42.0-linux-x64/dist/extension.js:2:1064512
	at Immediate.<anonymous> (/home/sammy/.vscode/extensions/redhat.java-1.42.0-linux-x64/dist/extension.js:2:1064532)
	at process.processImmediate (node:internal/timers:483:21)
2025-06-03 23:18:22.568 [error] [redhat.java] provider FAILED
2025-06-03 23:18:22.568 [error] Error: The request (id: 10370, method: 'textDocument/documentSymbol') has been cancelled
	at /home/sammy/.vscode/extensions/redhat.java-1.42.0-linux-x64/dist/extension.js:2:1069434
	at re (/home/sammy/.vscode/extensions/redhat.java-1.42.0-linux-x64/dist/extension.js:2:1069728)
	at /home/sammy/.vscode/extensions/redhat.java-1.42.0-linux-x64/dist/extension.js:2:1064512
	at Immediate.<anonymous> (/home/sammy/.vscode/extensions/redhat.java-1.42.0-linux-x64/dist/extension.js:2:1064532)
	at process.processImmediate (node:internal/timers:483:21)
2025-06-03 23:22:48.702 [error] [redhat.java] provider FAILED
2025-06-03 23:22:48.702 [error] Error: The request (id: 10926, method: 'textDocument/documentSymbol') has been cancelled
	at /home/sammy/.vscode/extensions/redhat.java-1.42.0-linux-x64/dist/extension.js:2:1069434
	at re (/home/sammy/.vscode/extensions/redhat.java-1.42.0-linux-x64/dist/extension.js:2:1069728)
	at /home/sammy/.vscode/extensions/redhat.java-1.42.0-linux-x64/dist/extension.js:2:1064512
	at Immediate.<anonymous> (/home/sammy/.vscode/extensions/redhat.java-1.42.0-linux-x64/dist/extension.js:2:1064532)
	at process.processImmediate (node:internal/timers:483:21)
2025-06-03 23:25:27.343 [error] [redhat.java] provider FAILED
2025-06-03 23:25:27.343 [error] Error: Internal error.
	at /home/sammy/.vscode/extensions/redhat.java-1.42.0-linux-x64/dist/extension.js:2:1069434
	at re (/home/sammy/.vscode/extensions/redhat.java-1.42.0-linux-x64/dist/extension.js:2:1069728)
	at /home/sammy/.vscode/extensions/redhat.java-1.42.0-linux-x64/dist/extension.js:2:1064512
	at Immediate.<anonymous> (/home/sammy/.vscode/extensions/redhat.java-1.42.0-linux-x64/dist/extension.js:2:1064532)
	at process.processImmediate (node:internal/timers:483:21)
2025-06-03 23:30:39.201 [error] [redhat.java] provider FAILED
2025-06-03 23:30:39.201 [error] Error: Internal error.
	at /home/sammy/.vscode/extensions/redhat.java-1.42.0-linux-x64/dist/extension.js:2:1069434
	at re (/home/sammy/.vscode/extensions/redhat.java-1.42.0-linux-x64/dist/extension.js:2:1069728)
	at /home/sammy/.vscode/extensions/redhat.java-1.42.0-linux-x64/dist/extension.js:2:1064512
	at Immediate.<anonymous> (/home/sammy/.vscode/extensions/redhat.java-1.42.0-linux-x64/dist/extension.js:2:1064532)
	at process.processImmediate (node:internal/timers:483:21)
2025-06-03 23:31:18.711 [error] Error: ENOENT: no such file or directory, lstat '/home/sammy/Desktop/temp/pong-game/PongGame.java.git'
2025-06-03 23:31:18.711 [error] Error: ENOENT: no such file or directory, lstat '/home/sammy/Desktop/temp/pong-game/Main.java.git'
2025-06-03 23:31:18.711 [error] Error: ENOENT: no such file or directory, lstat '/home/sammy/Desktop/temp/pong-game/GamePanel.java.git'
2025-06-03 23:31:18.712 [error] Error: ENOENT: no such file or directory, lstat '/home/sammy/Desktop/temp/pong-game/README.md.git'
2025-06-03 23:33:50.294 [error] [redhat.java] provider FAILED
2025-06-03 23:33:50.294 [error] Error: Internal error.
	at /home/sammy/.vscode/extensions/redhat.java-1.42.0-linux-x64/dist/extension.js:2:1069434
	at re (/home/sammy/.vscode/extensions/redhat.java-1.42.0-linux-x64/dist/extension.js:2:1069728)
	at /home/sammy/.vscode/extensions/redhat.java-1.42.0-linux-x64/dist/extension.js:2:1064512
	at Immediate.<anonymous> (/home/sammy/.vscode/extensions/redhat.java-1.42.0-linux-x64/dist/extension.js:2:1064532)
	at process.processImmediate (node:internal/timers:483:21)
2025-06-03 23:34:37.785 [error] Error: ENOENT: no such file or directory, lstat '/home/sammy/Desktop/temp/pong-game/PongGame.java.git'
2025-06-03 23:34:37.786 [error] Error: ENOENT: no such file or directory, lstat '/home/sammy/Desktop/temp/pong-game/GamePanel.java.git'
2025-06-03 23:34:37.786 [error] Error: ENOENT: no such file or directory, lstat '/home/sammy/Desktop/temp/pong-game/Main.java.git'
2025-06-03 23:34:37.786 [error] Error: ENOENT: no such file or directory, lstat '/home/sammy/Desktop/temp/pong-game/README.md.git'
2025-06-03 23:36:17.547 [error] Error: ENOENT: no such file or directory, lstat '/home/sammy/Desktop/temp/pong-game/PongGame.java.git'
2025-06-03 23:36:17.548 [error] Error: ENOENT: no such file or directory, lstat '/home/sammy/Desktop/temp/pong-game/GamePanel.java.git'
2025-06-03 23:36:17.548 [error] Error: ENOENT: no such file or directory, lstat '/home/sammy/Desktop/temp/pong-game/Main.java.git'
2025-06-03 23:36:17.548 [error] Error: ENOENT: no such file or directory, lstat '/home/sammy/Desktop/temp/pong-game/README.md.git'
2025-06-03 23:36:22.624 [error] Error: ENOENT: no such file or directory, lstat '/home/sammy/Desktop/temp/pong-game/PongGame.java.git'
2025-06-03 23:36:22.625 [error] Error: ENOENT: no such file or directory, lstat '/home/sammy/Desktop/temp/pong-game/GamePanel.java.git'
2025-06-03 23:36:22.625 [error] Error: ENOENT: no such file or directory, lstat '/home/sammy/Desktop/temp/pong-game/Main.java.git'
2025-06-03 23:36:22.625 [error] Error: ENOENT: no such file or directory, lstat '/home/sammy/Desktop/temp/pong-game/README.md.git'
2025-06-03 23:36:35.568 [error] Error: ENOENT: no such file or directory, lstat '/home/sammy/Desktop/temp/pong-game/PongGame.java.git'
2025-06-03 23:36:35.568 [error] Error: ENOENT: no such file or directory, lstat '/home/sammy/Desktop/temp/pong-game/GamePanel.java.git'
2025-06-03 23:36:35.568 [error] Error: ENOENT: no such file or directory, lstat '/home/sammy/Desktop/temp/pong-game/Main.java.git'
2025-06-03 23:36:35.568 [error] Error: ENOENT: no such file or directory, lstat '/home/sammy/Desktop/temp/pong-game/README.md.git'
2025-06-03 23:36:46.034 [error] Error: ENOENT: no such file or directory, lstat '/home/sammy/Desktop/temp/pong-game/PongGame.java.git'
2025-06-03 23:36:46.035 [error] Error: ENOENT: no such file or directory, lstat '/home/sammy/Desktop/temp/pong-game/GamePanel.java.git'
2025-06-03 23:36:46.035 [error] Error: ENOENT: no such file or directory, lstat '/home/sammy/Desktop/temp/pong-game/Main.java.git'
2025-06-03 23:36:46.035 [error] Error: ENOENT: no such file or directory, lstat '/home/sammy/Desktop/temp/pong-game/README.md.git'
2025-06-03 23:36:49.299 [error] Error: ENOENT: no such file or directory, lstat '/home/sammy/Desktop/temp/pong-game/GamePanel.java.git'
2025-06-03 23:36:49.299 [error] Error: ENOENT: no such file or directory, lstat '/home/sammy/Desktop/temp/pong-game/Main.java.git'
2025-06-03 23:36:49.299 [error] Error: ENOENT: no such file or directory, lstat '/home/sammy/Desktop/temp/pong-game/README.md.git'
2025-06-03 23:36:49.300 [error] Error: ENOENT: no such file or directory, lstat '/home/sammy/Desktop/temp/pong-game/PongGame.java.git'
2025-06-03 23:38:11.341 [error] Error: ENOENT: no such file or directory, lstat '/home/sammy/Desktop/temp/pong-game/PongGame.java.git'
2025-06-03 23:38:11.341 [error] Error: ENOENT: no such file or directory, lstat '/home/sammy/Desktop/temp/pong-game/Main.java.git'
2025-06-03 23:38:11.341 [error] Error: ENOENT: no such file or directory, lstat '/home/sammy/Desktop/temp/pong-game/README.md.git'
2025-06-03 23:38:11.342 [error] Error: ENOENT: no such file or directory, lstat '/home/sammy/Desktop/temp/pong-game/GamePanel.java.git'
2025-06-03 23:38:14.427 [error] Error: ENOENT: no such file or directory, lstat '/home/sammy/Desktop/temp/pong-game/PongGame.java.git'
2025-06-03 23:38:14.428 [error] Error: ENOENT: no such file or directory, lstat '/home/sammy/Desktop/temp/pong-game/GamePanel.java.git'
2025-06-03 23:38:14.428 [error] Error: ENOENT: no such file or directory, lstat '/home/sammy/Desktop/temp/pong-game/Main.java.git'
2025-06-03 23:38:14.429 [error] Error: ENOENT: no such file or directory, lstat '/home/sammy/Desktop/temp/pong-game/README.md.git'
2025-06-03 23:38:33.097 [error] Error: ENOENT: no such file or directory, lstat '/home/sammy/Desktop/temp/pong-game/PongGame.java.git'
2025-06-03 23:38:33.098 [error] Error: ENOENT: no such file or directory, lstat '/home/sammy/Desktop/temp/pong-game/GamePanel.java.git'
2025-06-03 23:38:33.098 [error] Error: ENOENT: no such file or directory, lstat '/home/sammy/Desktop/temp/pong-game/Main.java.git'
2025-06-03 23:38:33.098 [error] Error: ENOENT: no such file or directory, lstat '/home/sammy/Desktop/temp/pong-game/README.md.git'
2025-06-03 23:38:46.387 [error] Error: ENOENT: no such file or directory, lstat '/home/sammy/Desktop/temp/pong-game/PongGame.java.git'
2025-06-03 23:38:46.388 [error] Error: ENOENT: no such file or directory, lstat '/home/sammy/Desktop/temp/pong-game/Main.java.git'
2025-06-03 23:38:46.389 [error] Error: ENOENT: no such file or directory, lstat '/home/sammy/Desktop/temp/pong-game/GamePanel.java.git'
2025-06-03 23:38:46.389 [error] Error: ENOENT: no such file or directory, lstat '/home/sammy/Desktop/temp/pong-game/README.md.git'
2025-06-03 23:38:52.986 [error] Error: ENOENT: no such file or directory, lstat '/home/sammy/Desktop/temp/pong-game/PongGame.java.git'
2025-06-03 23:38:52.987 [error] Error: ENOENT: no such file or directory, lstat '/home/sammy/Desktop/temp/pong-game/Main.java.git'
2025-06-03 23:38:52.987 [error] Error: ENOENT: no such file or directory, lstat '/home/sammy/Desktop/temp/pong-game/README.md.git'
2025-06-03 23:38:52.988 [error] Error: ENOENT: no such file or directory, lstat '/home/sammy/Desktop/temp/pong-game/GamePanel.java.git'
2025-06-03 23:38:55.991 [error] Error: ENOENT: no such file or directory, lstat '/home/sammy/Desktop/temp/pong-game/PongGame.java.git'
2025-06-03 23:38:55.992 [error] Error: ENOENT: no such file or directory, lstat '/home/sammy/Desktop/temp/pong-game/README.md.git'
2025-06-03 23:38:55.992 [error] Error: ENOENT: no such file or directory, lstat '/home/sammy/Desktop/temp/pong-game/GamePanel.java.git'
2025-06-03 23:38:55.993 [error] Error: ENOENT: no such file or directory, lstat '/home/sammy/Desktop/temp/pong-game/Main.java.git'
2025-06-03 23:39:03.574 [error] Error: ENOENT: no such file or directory, lstat '/home/sammy/Desktop/temp/pong-game/PongGame.java.git'
2025-06-03 23:39:03.574 [error] Error: ENOENT: no such file or directory, lstat '/home/sammy/Desktop/temp/pong-game/GamePanel.java.git'
2025-06-03 23:39:03.575 [error] Error: ENOENT: no such file or directory, lstat '/home/sammy/Desktop/temp/pong-game/Main.java.git'
2025-06-03 23:39:03.575 [error] Error: ENOENT: no such file or directory, lstat '/home/sammy/Desktop/temp/pong-game/README.md.git'
2025-06-03 23:41:31.121 [error] Error: ENOENT: no such file or directory, lstat '/home/sammy/Desktop/temp/pong-game/PongGame.java.git'
2025-06-03 23:41:31.122 [error] Error: ENOENT: no such file or directory, lstat '/home/sammy/Desktop/temp/pong-game/GamePanel.java.git'
2025-06-03 23:41:31.122 [error] Error: ENOENT: no such file or directory, lstat '/home/sammy/Desktop/temp/pong-game/Main.java.git'
2025-06-03 23:41:31.122 [error] Error: ENOENT: no such file or directory, lstat '/home/sammy/Desktop/temp/pong-game/README.md.git'
2025-06-03 23:41:34.168 [error] Error: ENOENT: no such file or directory, lstat '/home/sammy/Desktop/temp/pong-game/PongGame.java.git'
2025-06-03 23:41:34.168 [error] Error: ENOENT: no such file or directory, lstat '/home/sammy/Desktop/temp/pong-game/GamePanel.java.git'
2025-06-03 23:41:34.169 [error] Error: ENOENT: no such file or directory, lstat '/home/sammy/Desktop/temp/pong-game/Main.java.git'
2025-06-03 23:41:34.169 [error] Error: ENOENT: no such file or directory, lstat '/home/sammy/Desktop/temp/pong-game/README.md.git'
2025-06-03 23:41:36.142 [error] Error: ENOENT: no such file or directory, lstat '/home/sammy/Desktop/temp/pong-game/PongGame.java.git'
2025-06-03 23:41:36.142 [error] Error: ENOENT: no such file or directory, lstat '/home/sammy/Desktop/temp/pong-game/GamePanel.java.git'
2025-06-03 23:41:36.142 [error] Error: ENOENT: no such file or directory, lstat '/home/sammy/Desktop/temp/pong-game/Main.java.git'
2025-06-03 23:41:36.143 [error] Error: ENOENT: no such file or directory, lstat '/home/sammy/Desktop/temp/pong-game/README.md.git'
2025-06-03 23:42:11.246 [error] Error: ENOENT: no such file or directory, lstat '/home/sammy/Desktop/temp/pong-game/GamePanel.java.git'
2025-06-03 23:42:11.247 [error] Error: ENOENT: no such file or directory, lstat '/home/sammy/Desktop/temp/pong-game/Main.java.git'
2025-06-03 23:42:11.247 [error] Error: ENOENT: no such file or directory, lstat '/home/sammy/Desktop/temp/pong-game/PongGame.java.git'
2025-06-03 23:42:11.248 [error] Error: ENOENT: no such file or directory, lstat '/home/sammy/Desktop/temp/pong-game/README.md.git'
2025-06-03 23:43:19.113 [error] Error: ENOENT: no such file or directory, lstat '/home/sammy/Desktop/temp/pong-game/PongGame.java.git'
2025-06-03 23:43:19.113 [error] Error: ENOENT: no such file or directory, lstat '/home/sammy/Desktop/temp/pong-game/GamePanel.java.git'
2025-06-03 23:43:19.114 [error] Error: ENOENT: no such file or directory, lstat '/home/sammy/Desktop/temp/pong-game/Main.java.git'
2025-06-03 23:43:19.114 [error] Error: ENOENT: no such file or directory, lstat '/home/sammy/Desktop/temp/pong-game/README.md.git'
2025-06-03 23:43:22.617 [error] Error: ENOENT: no such file or directory, lstat '/home/sammy/Desktop/temp/pong-game/PongGame.java.git'
2025-06-03 23:43:22.617 [error] Error: ENOENT: no such file or directory, lstat '/home/sammy/Desktop/temp/pong-game/GamePanel.java.git'
2025-06-03 23:43:22.618 [error] Error: ENOENT: no such file or directory, lstat '/home/sammy/Desktop/temp/pong-game/Main.java.git'
2025-06-03 23:43:22.618 [error] Error: ENOENT: no such file or directory, lstat '/home/sammy/Desktop/temp/pong-game/README.md.git'
2025-06-03 23:43:32.669 [error] Error: ENOENT: no such file or directory, lstat '/home/sammy/Desktop/temp/pong-game/GamePanel.java.git'
2025-06-03 23:43:32.670 [error] Error: ENOENT: no such file or directory, lstat '/home/sammy/Desktop/temp/pong-game/Main.java.git'
2025-06-03 23:43:32.670 [error] Error: ENOENT: no such file or directory, lstat '/home/sammy/Desktop/temp/pong-game/README.md.git'
2025-06-03 23:43:32.671 [error] Error: ENOENT: no such file or directory, lstat '/home/sammy/Desktop/temp/pong-game/PongGame.java.git'
2025-06-03 23:43:55.695 [error] Error: ENOENT: no such file or directory, lstat '/home/sammy/Desktop/temp/pong-game/PongGame.java.git'
2025-06-03 23:43:55.695 [error] Error: ENOENT: no such file or directory, lstat '/home/sammy/Desktop/temp/pong-game/GamePanel.java.git'
2025-06-03 23:43:55.695 [error] Error: ENOENT: no such file or directory, lstat '/home/sammy/Desktop/temp/pong-game/Main.java.git'
2025-06-03 23:43:55.696 [error] Error: ENOENT: no such file or directory, lstat '/home/sammy/Desktop/temp/pong-game/README.md.git'
2025-06-03 23:44:19.423 [error] Error: ENOENT: no such file or directory, lstat '/home/sammy/Desktop/temp/pong-game/PongGame.java.git'
2025-06-03 23:44:19.424 [error] Error: ENOENT: no such file or directory, lstat '/home/sammy/Desktop/temp/pong-game/GamePanel.java.git'
2025-06-03 23:44:19.424 [error] Error: ENOENT: no such file or directory, lstat '/home/sammy/Desktop/temp/pong-game/Main.java.git'
2025-06-03 23:44:19.425 [error] Error: ENOENT: no such file or directory, lstat '/home/sammy/Desktop/temp/pong-game/README.md.git'
2025-06-03 23:44:42.077 [error] Error: ENOENT: no such file or directory, lstat '/home/sammy/Desktop/temp/pong-game/PongGame.java.git'
2025-06-03 23:44:42.078 [error] Error: ENOENT: no such file or directory, lstat '/home/sammy/Desktop/temp/pong-game/GamePanel.java.git'
2025-06-03 23:44:42.078 [error] Error: ENOENT: no such file or directory, lstat '/home/sammy/Desktop/temp/pong-game/Main.java.git'
2025-06-03 23:44:42.078 [error] Error: ENOENT: no such file or directory, lstat '/home/sammy/Desktop/temp/pong-game/README.md.git'
2025-06-03 23:45:14.498 [error] Error: ENOENT: no such file or directory, lstat '/home/sammy/Desktop/temp/pong-game/GamePanel.java.git'
2025-06-03 23:45:14.499 [error] Error: ENOENT: no such file or directory, lstat '/home/sammy/Desktop/temp/pong-game/Main.java.git'
2025-06-03 23:45:14.499 [error] Error: ENOENT: no such file or directory, lstat '/home/sammy/Desktop/temp/pong-game/PongGame.java.git'
2025-06-03 23:45:14.499 [error] Error: ENOENT: no such file or directory, lstat '/home/sammy/Desktop/temp/pong-game/README.md.git'
2025-06-03 23:45:19.050 [error] Error: ENOENT: no such file or directory, lstat '/home/sammy/Desktop/temp/pong-game/PongGame.java.git'
2025-06-03 23:45:19.051 [error] Error: ENOENT: no such file or directory, lstat '/home/sammy/Desktop/temp/pong-game/GamePanel.java.git'
2025-06-03 23:45:19.051 [error] Error: ENOENT: no such file or directory, lstat '/home/sammy/Desktop/temp/pong-game/Main.java.git'
2025-06-03 23:45:19.051 [error] Error: ENOENT: no such file or directory, lstat '/home/sammy/Desktop/temp/pong-game/README.md.git'
2025-06-03 23:45:33.902 [error] Error: ENOENT: no such file or directory, lstat '/home/sammy/Desktop/temp/pong-game/PongGame.java.git'
2025-06-03 23:45:33.903 [error] Error: ENOENT: no such file or directory, lstat '/home/sammy/Desktop/temp/pong-game/README.md.git'
2025-06-03 23:45:33.903 [error] Error: ENOENT: no such file or directory, lstat '/home/sammy/Desktop/temp/pong-game/GamePanel.java.git'
2025-06-03 23:45:33.903 [error] Error: ENOENT: no such file or directory, lstat '/home/sammy/Desktop/temp/pong-game/Main.java.git'
2025-06-03 23:45:53.950 [error] Error: ENOENT: no such file or directory, lstat '/home/sammy/Desktop/temp/pong-game/PongGame.java.git'
2025-06-03 23:45:53.950 [error] Error: ENOENT: no such file or directory, lstat '/home/sammy/Desktop/temp/pong-game/GamePanel.java.git'
2025-06-03 23:45:53.950 [error] Error: ENOENT: no such file or directory, lstat '/home/sammy/Desktop/temp/pong-game/Main.java.git'
2025-06-03 23:45:53.950 [error] Error: ENOENT: no such file or directory, lstat '/home/sammy/Desktop/temp/pong-game/README.md.git'
2025-06-03 23:46:22.155 [info] Extension host terminating: renderer closed the MessagePort
2025-06-03 23:46:22.269 [error] Error: Channel has been closed
	at s (file:///usr/share/code/resources/app/out/vs/workbench/api/node/extensionHostProcess.js:125:2431)
	at Object.appendLine (file:///usr/share/code/resources/app/out/vs/workbench/api/node/extensionHostProcess.js:125:2570)
	at R.logOutputMessage (/usr/share/code/resources/app/extensions/json-language-features/client/dist/node/jsonClientMain.js:2:290791)
	at R.info (/usr/share/code/resources/app/extensions/json-language-features/client/dist/node/jsonClientMain.js:2:290524)
	at ChildProcess.<anonymous> (/usr/share/code/resources/app/extensions/json-language-features/client/dist/node/jsonClientMain.js:2:514797)
	at ChildProcess.emit (node:events:524:28)
	at ChildProcess._handle.onexit (node:internal/child_process:293:12)
2025-06-03 23:46:22.560 [error] Error: Pending response rejected since connection got disposed
	at Object.dispose (/home/sammy/.vscode/extensions/oracle.oracle-java-24.0.0/node_modules/vscode-jsonrpc/lib/common/connection.js:1167:27)
	at Object.dispose (/home/sammy/.vscode/extensions/oracle.oracle-java-24.0.0/node_modules/vscode-languageclient/lib/common/client.js:1586:35)
	at NbLanguageClient.handleConnectionClosed (/home/sammy/.vscode/extensions/oracle.oracle-java-24.0.0/node_modules/vscode-languageclient/lib/common/client.js:1155:34)
	at NbLanguageClient.handleConnectionClosed (/home/sammy/.vscode/extensions/oracle.oracle-java-24.0.0/node_modules/vscode-languageclient/lib/node/main.js:180:22)
	at closeHandler (/home/sammy/.vscode/extensions/oracle.oracle-java-24.0.0/node_modules/vscode-languageclient/lib/common/client.js:1142:18)
	at CallbackList.invoke (/home/sammy/.vscode/extensions/oracle.oracle-java-24.0.0/node_modules/vscode-jsonrpc/lib/common/events.js:55:39)
	at Emitter.fire (/home/sammy/.vscode/extensions/oracle.oracle-java-24.0.0/node_modules/vscode-jsonrpc/lib/common/events.js:117:36)
	at closeHandler (/home/sammy/.vscode/extensions/oracle.oracle-java-24.0.0/node_modules/vscode-jsonrpc/lib/common/connection.js:314:26)
	at CallbackList.invoke (/home/sammy/.vscode/extensions/oracle.oracle-java-24.0.0/node_modules/vscode-jsonrpc/lib/common/events.js:55:39)
	at Emitter.fire (/home/sammy/.vscode/extensions/oracle.oracle-java-24.0.0/node_modules/vscode-jsonrpc/lib/common/events.js:117:36)
	at StreamMessageWriter.fireClose (/home/sammy/.vscode/extensions/oracle.oracle-java-24.0.0/node_modules/vscode-jsonrpc/lib/common/messageWriter.js:42:27)
	at Socket.<anonymous> (/home/sammy/.vscode/extensions/oracle.oracle-java-24.0.0/node_modules/vscode-jsonrpc/lib/common/messageWriter.js:74:42)
	at Socket.emit (node:events:536:35)
	at TCP.<anonymous> (node:net:343:12)
2025-06-03 23:46:22.560 [info] Extension host with pid 58062 exiting with code 0
