2025-06-06 13:13:02.170 [info] Reading sessions from keychain...
2025-06-06 13:13:02.170 [info] Getting sessions for all scopes...
2025-06-06 13:13:02.170 [info] Getting sessions for all scopes...
2025-06-06 13:13:02.170 [info] Getting sessions for all scopes...
2025-06-06 13:13:02.172 [info] Getting sessions for all scopes...
2025-06-06 13:13:02.172 [info] Getting sessions for all scopes...
2025-06-06 13:13:02.172 [info] Getting sessions for all scopes...
2025-06-06 13:13:02.172 [info] Getting sessions for all scopes...
2025-06-06 13:13:02.172 [info] Getting sessions for all scopes...
2025-06-06 13:13:02.175 [info] Got stored sessions!
2025-06-06 13:13:02.175 [info] Got 1 verified sessions.
2025-06-06 13:13:02.175 [info] Got 1 sessions for ...
2025-06-06 13:13:02.175 [info] Got 1 sessions for ...
2025-06-06 13:13:02.175 [info] Got 1 sessions for ...
2025-06-06 13:13:02.175 [info] Got 1 sessions for ...
2025-06-06 13:13:02.175 [info] Got 1 sessions for ...
2025-06-06 13:13:02.175 [info] Got 1 sessions for ...
2025-06-06 13:13:02.175 [info] Got 1 sessions for ...
2025-06-06 13:13:02.175 [info] Got 1 sessions for ...
2025-06-06 13:13:02.176 [info] Getting sessions for all scopes...
2025-06-06 13:13:02.176 [info] Got 1 sessions for ...
2025-06-06 13:13:02.176 [info] Getting sessions for all scopes...
2025-06-06 13:13:02.176 [info] Got 1 sessions for ...
2025-06-06 13:13:02.176 [info] Getting sessions for all scopes...
2025-06-06 13:13:02.176 [info] Got 1 sessions for ...
2025-06-06 13:13:02.176 [info] Getting sessions for all scopes...
2025-06-06 13:13:02.176 [info] Got 1 sessions for ...
2025-06-06 13:13:02.176 [info] Getting sessions for all scopes...
2025-06-06 13:13:02.176 [info] Got 1 sessions for ...
2025-06-06 13:13:02.176 [info] Getting sessions for all scopes...
2025-06-06 13:13:02.176 [info] Got 1 sessions for ...
2025-06-06 13:13:02.459 [info] Getting sessions for all scopes...
2025-06-06 13:13:02.459 [info] Got 1 sessions for ...
2025-06-06 13:13:04.139 [info] Getting sessions for all scopes...
2025-06-06 13:13:04.139 [info] Got 1 sessions for ...
