2025-06-08 14:44:11.643 [info] [main] Log level: Info
2025-06-08 14:44:11.643 [info] [main] Validating found git in: "git"
2025-06-08 14:44:11.643 [info] [main] Using git "2.43.0" from "git"
2025-06-08 14:44:11.643 [info] [Model][doInitialScan] Initial repository scan started
2025-06-08 14:44:11.643 [info] > git rev-parse --show-toplevel [222ms]
2025-06-08 14:44:11.643 [info] > git rev-parse --git-dir --git-common-dir [213ms]
2025-06-08 14:44:11.643 [info] [Model][openRepository] Opened repository (path): /home/sammy/Desktop/temp/hello-world
2025-06-08 14:44:11.643 [info] [Model][openRepository] Opened repository (real path): /home/sammy/Desktop/temp/hello-world
2025-06-08 14:44:11.646 [info] > git rev-parse --show-toplevel [116ms]
2025-06-08 14:44:11.646 [info] > git config --get commit.template [125ms]
2025-06-08 14:44:11.727 [info] > git rev-parse --show-toplevel [19ms]
2025-06-08 14:44:11.739 [info] > git for-each-ref --format=%(refname)%00%(upstream:short)%00%(objectname)%00%(upstream:track)%00%(upstream:remotename)%00%(upstream:remoteref) refs/heads/b1 refs/remotes/b1 [15ms]
2025-06-08 14:44:11.762 [info] > git status -z -uall [14ms]
2025-06-08 14:44:11.763 [info] > git rev-parse --show-toplevel [26ms]
2025-06-08 14:44:11.765 [info] [Model][doInitialScan] Initial repository scan completed - repositories (1), closed repositories (0), parent repositories (0), unsafe repositories (0)
2025-06-08 14:44:11.770 [info] > git for-each-ref --sort -committerdate --format %(refname)%00%(objectname)%00%(*objectname) [10ms]
2025-06-08 14:44:11.815 [info] > git for-each-ref --format=%(refname)%00%(upstream:short)%00%(objectname)%00%(upstream:track)%00%(upstream:remotename)%00%(upstream:remoteref) refs/heads/b1 refs/remotes/b1 [16ms]
2025-06-08 14:44:11.830 [info] > git config --get --local branch.b1.vscode-merge-base [6ms]
2025-06-08 14:44:11.840 [info] > git config --get commit.template [26ms]
2025-06-08 14:44:11.864 [info] > git show --textconv :mergeSort.cpp [13ms]
2025-06-08 14:44:11.864 [info] > git ls-files --stage -- mergeSort.cpp [2ms]
2025-06-08 14:44:11.875 [info] > git for-each-ref --format=%(refname)%00%(upstream:short)%00%(objectname)%00%(upstream:track)%00%(upstream:remotename)%00%(upstream:remoteref) refs/heads/origin/main refs/remotes/origin/main [36ms]
2025-06-08 14:44:11.887 [info] > git cat-file -s cf64fa5787921d9c82136ffe4b9ae176b91cd329 [14ms]
2025-06-08 14:44:11.903 [info] > git for-each-ref --format=%(refname)%00%(upstream:short)%00%(objectname)%00%(upstream:track)%00%(upstream:remotename)%00%(upstream:remoteref) refs/heads/b1 refs/remotes/b1 [18ms]
2025-06-08 14:44:11.925 [info] > git status -z -uall [13ms]
2025-06-08 14:44:11.925 [info] > git for-each-ref --sort -committerdate --format %(refname)%00%(objectname)%00%(*objectname) [4ms]
2025-06-08 14:44:12.000 [info] > git blame --root --incremental b1acca4fdef472955f8d41e362f350f97dbab53d -- mergeSort.cpp [18ms]
2025-06-08 14:44:12.052 [info] > git check-ignore -v -z --stdin [3ms]
2025-06-08 14:45:35.557 [info] > git show --textconv :sorting.cpp [13ms]
2025-06-08 14:45:35.560 [info] > git ls-files --stage -- sorting.cpp [4ms]
2025-06-08 14:45:35.572 [info] > git cat-file -s b4026be2a033de6d17cbe96990fb6a96322219ae [2ms]
2025-06-08 14:45:36.916 [info] > git blame --root --incremental b1acca4fdef472955f8d41e362f350f97dbab53d -- sorting.cpp [3ms]
2025-06-08 14:55:24.029 [info] > git config --get commit.template [3ms]
2025-06-08 14:55:24.041 [info] > git for-each-ref --format=%(refname)%00%(upstream:short)%00%(objectname)%00%(upstream:track)%00%(upstream:remotename)%00%(upstream:remoteref) refs/heads/b1 refs/remotes/b1 [2ms]
2025-06-08 14:55:24.057 [info] > git status -z -uall [9ms]
2025-06-08 14:55:24.058 [info] > git for-each-ref --sort -committerdate --format %(refname)%00%(objectname)%00%(*objectname) [1ms]
2025-06-08 14:56:16.416 [info] > git config --get commit.template [14ms]
2025-06-08 14:56:16.417 [info] > git for-each-ref --format=%(refname)%00%(upstream:short)%00%(objectname)%00%(upstream:track)%00%(upstream:remotename)%00%(upstream:remoteref) refs/heads/b1 refs/remotes/b1 [3ms]
2025-06-08 14:56:16.434 [info] > git status -z -uall [10ms]
2025-06-08 14:56:16.435 [info] > git for-each-ref --sort -committerdate --format %(refname)%00%(objectname)%00%(*objectname) [2ms]
2025-06-08 14:56:27.005 [info] > git check-ignore -v -z --stdin [2ms]
2025-06-08 14:56:27.384 [info] > git config --get commit.template [13ms]
2025-06-08 14:56:27.385 [info] > git for-each-ref --format=%(refname)%00%(upstream:short)%00%(objectname)%00%(upstream:track)%00%(upstream:remotename)%00%(upstream:remoteref) refs/heads/b1 refs/remotes/b1 [2ms]
2025-06-08 14:56:27.401 [info] > git status -z -uall [8ms]
2025-06-08 14:56:27.402 [info] > git for-each-ref --sort -committerdate --format %(refname)%00%(objectname)%00%(*objectname) [1ms]
2025-06-08 14:56:41.033 [info] > git config --get commit.template [13ms]
2025-06-08 14:56:41.034 [info] > git for-each-ref --format=%(refname)%00%(upstream:short)%00%(objectname)%00%(upstream:track)%00%(upstream:remotename)%00%(upstream:remoteref) refs/heads/b1 refs/remotes/b1 [2ms]
2025-06-08 14:56:41.051 [info] > git status -z -uall [9ms]
2025-06-08 14:56:41.052 [info] > git for-each-ref --sort -committerdate --format %(refname)%00%(objectname)%00%(*objectname) [2ms]
2025-06-08 14:56:42.986 [info] > git ls-files --stage -- sorting.cpp [2ms]
2025-06-08 14:56:42.996 [info] > git cat-file -s 7b4a680e9754b0a2d80ecf77d709d59314d9d935 [1ms]
2025-06-08 14:56:43.006 [info] > git show --textconv :sorting.cpp [2ms]
2025-06-08 14:56:46.075 [info] > git config --get commit.template [10ms]
2025-06-08 14:56:46.076 [info] > git for-each-ref --format=%(refname)%00%(upstream:short)%00%(objectname)%00%(upstream:track)%00%(upstream:remotename)%00%(upstream:remoteref) refs/heads/b1 refs/remotes/b1 [1ms]
2025-06-08 14:56:46.090 [info] > git status -z -uall [8ms]
2025-06-08 14:56:46.091 [info] > git for-each-ref --sort -committerdate --format %(refname)%00%(objectname)%00%(*objectname) [2ms]
2025-06-08 14:56:46.101 [info] > git blame --root --incremental 7b29ac7551dcb7ffe8008914fdfc533645adec06 -- sorting.cpp [2ms]
2025-06-08 14:56:58.965 [info] > git show --textconv :bsCount.cpp [10ms]
2025-06-08 14:56:58.965 [info] > git ls-files --stage -- bsCount.cpp [1ms]
2025-06-08 14:56:58.974 [info] > git cat-file -s bd00937413d2fea4114676dfad9aa220a721916a [2ms]
2025-06-08 14:57:00.405 [info] > git show --textconv :binarySearch.cpp [7ms]
2025-06-08 14:57:00.406 [info] > git ls-files --stage -- binarySearch.cpp [2ms]
2025-06-08 14:57:00.416 [info] > git cat-file -s e2dccb9e9a3b36cd287a23edc95b294d2169415d [1ms]
2025-06-08 14:57:05.713 [info] > git show --textconv :bsCount.cpp [12ms]
2025-06-08 14:57:05.714 [info] > git ls-files --stage -- bsCount.cpp [2ms]
2025-06-08 14:57:05.721 [info] > git cat-file -s bd00937413d2fea4114676dfad9aa220a721916a [1ms]
2025-06-08 14:59:35.654 [info] > git blame --root --incremental 7b29ac7551dcb7ffe8008914fdfc533645adec06 -- bsCount.cpp [9ms]
2025-06-08 15:00:21.793 [info] > git for-each-ref --format=%(refname)%00%(upstream:short)%00%(objectname)%00%(upstream:track)%00%(upstream:remotename)%00%(upstream:remoteref) refs/heads/b1 refs/remotes/b1 [11ms]
2025-06-08 15:00:21.794 [info] > git config --get commit.template [23ms]
2025-06-08 15:00:21.811 [info] > git check-ignore -v -z --stdin [19ms]
2025-06-08 15:00:21.812 [info] > git status -z -uall [9ms]
2025-06-08 15:00:21.812 [info] > git for-each-ref --sort -committerdate --format %(refname)%00%(objectname)%00%(*objectname) [2ms]
2025-06-08 15:00:57.937 [info] > git show --textconv :mergeSort.cpp [7ms]
2025-06-08 15:00:57.937 [info] > git ls-files --stage -- mergeSort.cpp [1ms]
2025-06-08 15:00:57.945 [info] > git cat-file -s cf64fa5787921d9c82136ffe4b9ae176b91cd329 [1ms]
2025-06-08 15:00:57.956 [info] > git blame --root --incremental 7b29ac7551dcb7ffe8008914fdfc533645adec06 -- mergeSort.cpp [2ms]
2025-06-08 15:01:16.386 [info] > git show --textconv :sorting.cpp [7ms]
2025-06-08 15:01:16.387 [info] > git ls-files --stage -- sorting.cpp [2ms]
2025-06-08 15:01:16.397 [info] > git cat-file -s 7b4a680e9754b0a2d80ecf77d709d59314d9d935 [1ms]
2025-06-08 15:21:10.785 [info] > git config --get commit.template [2ms]
2025-06-08 15:21:10.794 [info] > git for-each-ref --format=%(refname)%00%(upstream:short)%00%(objectname)%00%(upstream:track)%00%(upstream:remotename)%00%(upstream:remoteref) refs/heads/b1 refs/remotes/b1 [2ms]
2025-06-08 15:21:10.809 [info] > git status -z -uall [9ms]
2025-06-08 15:21:10.811 [info] > git for-each-ref --sort -committerdate --format %(refname)%00%(objectname)%00%(*objectname) [3ms]
2025-06-08 15:21:24.432 [info] > git config --get commit.template [12ms]
2025-06-08 15:21:24.433 [info] > git for-each-ref --format=%(refname)%00%(upstream:short)%00%(objectname)%00%(upstream:track)%00%(upstream:remotename)%00%(upstream:remoteref) refs/heads/b1 refs/remotes/b1 [3ms]
2025-06-08 15:21:24.451 [info] > git status -z -uall [10ms]
2025-06-08 15:21:24.452 [info] > git for-each-ref --sort -committerdate --format %(refname)%00%(objectname)%00%(*objectname) [3ms]
2025-06-08 15:26:18.324 [info] > git config --get commit.template [14ms]
2025-06-08 15:26:18.324 [info] > git for-each-ref --format=%(refname)%00%(upstream:short)%00%(objectname)%00%(upstream:track)%00%(upstream:remotename)%00%(upstream:remoteref) refs/heads/b1 refs/remotes/b1 [2ms]
2025-06-08 15:26:18.342 [info] > git status -z -uall [12ms]
2025-06-08 15:26:18.343 [info] > git for-each-ref --sort -committerdate --format %(refname)%00%(objectname)%00%(*objectname) [2ms]
2025-06-08 15:26:23.362 [info] > git config --get commit.template [10ms]
2025-06-08 15:26:23.363 [info] > git for-each-ref --format=%(refname)%00%(upstream:short)%00%(objectname)%00%(upstream:track)%00%(upstream:remotename)%00%(upstream:remoteref) refs/heads/b1 refs/remotes/b1 [2ms]
2025-06-08 15:26:23.380 [info] > git status -z -uall [8ms]
2025-06-08 15:26:23.381 [info] > git for-each-ref --sort -committerdate --format %(refname)%00%(objectname)%00%(*objectname) [2ms]
2025-06-08 15:26:28.396 [info] > git config --get commit.template [6ms]
2025-06-08 15:26:28.397 [info] > git for-each-ref --format=%(refname)%00%(upstream:short)%00%(objectname)%00%(upstream:track)%00%(upstream:remotename)%00%(upstream:remoteref) refs/heads/b1 refs/remotes/b1 [1ms]
2025-06-08 15:26:28.411 [info] > git status -z -uall [8ms]
2025-06-08 15:26:28.412 [info] > git for-each-ref --sort -committerdate --format %(refname)%00%(objectname)%00%(*objectname) [2ms]
2025-06-08 15:26:49.213 [info] > git show --textconv :sorting.cpp [8ms]
2025-06-08 15:26:49.214 [info] > git ls-files --stage -- sorting.cpp [3ms]
2025-06-08 15:26:49.224 [info] > git cat-file -s 7b4a680e9754b0a2d80ecf77d709d59314d9d935 [2ms]
2025-06-08 15:32:39.235 [info] > git config --get commit.template [15ms]
2025-06-08 15:32:39.236 [info] > git for-each-ref --format=%(refname)%00%(upstream:short)%00%(objectname)%00%(upstream:track)%00%(upstream:remotename)%00%(upstream:remoteref) refs/heads/b1 refs/remotes/b1 [3ms]
2025-06-08 15:32:39.256 [info] > git status -z -uall [9ms]
2025-06-08 15:32:39.257 [info] > git for-each-ref --sort -committerdate --format %(refname)%00%(objectname)%00%(*objectname) [2ms]
2025-06-08 15:32:56.749 [info] > git config --get commit.template [14ms]
2025-06-08 15:32:56.750 [info] > git for-each-ref --format=%(refname)%00%(upstream:short)%00%(objectname)%00%(upstream:track)%00%(upstream:remotename)%00%(upstream:remoteref) refs/heads/b1 refs/remotes/b1 [2ms]
2025-06-08 15:32:56.767 [info] > git status -z -uall [8ms]
2025-06-08 15:32:56.767 [info] > git for-each-ref --sort -committerdate --format %(refname)%00%(objectname)%00%(*objectname) [1ms]
2025-06-08 15:33:01.796 [info] > git config --get commit.template [14ms]
2025-06-08 15:33:01.796 [info] > git for-each-ref --format=%(refname)%00%(upstream:short)%00%(objectname)%00%(upstream:track)%00%(upstream:remotename)%00%(upstream:remoteref) refs/heads/b1 refs/remotes/b1 [2ms]
2025-06-08 15:33:01.813 [info] > git status -z -uall [10ms]
2025-06-08 15:33:01.814 [info] > git for-each-ref --sort -committerdate --format %(refname)%00%(objectname)%00%(*objectname) [2ms]
2025-06-08 15:33:16.250 [info] > git config --get commit.template [11ms]
2025-06-08 15:33:16.251 [info] > git for-each-ref --format=%(refname)%00%(upstream:short)%00%(objectname)%00%(upstream:track)%00%(upstream:remotename)%00%(upstream:remoteref) refs/heads/b1 refs/remotes/b1 [2ms]
2025-06-08 15:33:16.267 [info] > git status -z -uall [8ms]
2025-06-08 15:33:16.268 [info] > git for-each-ref --sort -committerdate --format %(refname)%00%(objectname)%00%(*objectname) [1ms]
2025-06-08 15:33:16.280 [info] > git blame --root --incremental 6de6a4307cfb77e1d916975b72d7c52274fd4eb7 -- sorting.cpp [1ms]
2025-06-08 15:33:17.429 [info] > git ls-files --stage -- sorting.cpp [2ms]
2025-06-08 15:33:17.440 [info] > git cat-file -s 210bf43c8bf003bb45d397298d1ce7ba5c32c227 [2ms]
2025-06-08 15:33:17.450 [info] > git show --textconv :sorting.cpp [2ms]
2025-06-08 15:33:21.301 [info] > git config --get commit.template [11ms]
2025-06-08 15:33:21.302 [info] > git for-each-ref --format=%(refname)%00%(upstream:short)%00%(objectname)%00%(upstream:track)%00%(upstream:remotename)%00%(upstream:remoteref) refs/heads/b1 refs/remotes/b1 [2ms]
2025-06-08 15:33:21.315 [info] > git status -z -uall [6ms]
2025-06-08 15:33:21.316 [info] > git for-each-ref --sort -committerdate --format %(refname)%00%(objectname)%00%(*objectname) [1ms]
2025-06-08 15:51:33.313 [info] > git config --get commit.template [1ms]
2025-06-08 15:51:33.320 [info] > git for-each-ref --format=%(refname)%00%(upstream:short)%00%(objectname)%00%(upstream:track)%00%(upstream:remotename)%00%(upstream:remoteref) refs/heads/main refs/remotes/main [1ms]
2025-06-08 15:51:33.336 [info] > git status -z -uall [8ms]
2025-06-08 15:51:33.337 [info] > git for-each-ref --sort -committerdate --format %(refname)%00%(objectname)%00%(*objectname) [1ms]
2025-06-08 15:51:33.354 [info] > git blame --root --incremental 74fc36c65111eeaabe3530ed8012397f78c4f815 -- sorting.cpp [7ms]
2025-06-08 15:51:33.355 [info] > git for-each-ref --format=%(refname)%00%(upstream:short)%00%(objectname)%00%(upstream:track)%00%(upstream:remotename)%00%(upstream:remoteref) refs/heads/main refs/remotes/main [2ms]
2025-06-08 15:51:33.363 [info] > git config --get --local branch.main.vscode-merge-base [1ms]
2025-06-08 15:51:33.370 [info] > git for-each-ref --format=%(refname)%00%(upstream:short)%00%(objectname)%00%(upstream:track)%00%(upstream:remotename)%00%(upstream:remoteref) refs/heads/origin/main refs/remotes/origin/main [1ms]
2025-06-08 15:51:33.381 [info] > git merge-base refs/heads/main refs/remotes/origin/main [2ms]
2025-06-08 15:51:33.392 [info] > git diff --name-status -z --diff-filter=ADMR 74fc36c65111eeaabe3530ed8012397f78c4f815...refs/remotes/origin/main [2ms]
2025-06-08 15:51:34.405 [info] > git config --get commit.template [11ms]
2025-06-08 15:51:34.406 [info] > git for-each-ref --format=%(refname)%00%(upstream:short)%00%(objectname)%00%(upstream:track)%00%(upstream:remotename)%00%(upstream:remoteref) refs/heads/main refs/remotes/main [2ms]
2025-06-08 15:51:34.418 [info] > git status -z -uall [6ms]
2025-06-08 15:51:34.420 [info] > git for-each-ref --sort -committerdate --format %(refname)%00%(objectname)%00%(*objectname) [2ms]
2025-06-08 15:51:34.488 [info] > git ls-files --stage -- sorting.cpp [1ms]
2025-06-08 15:51:34.497 [info] > git cat-file -s b4026be2a033de6d17cbe96990fb6a96322219ae [1ms]
2025-06-08 15:51:34.510 [info] > git show --textconv :sorting.cpp [1ms]
2025-06-08 15:51:49.311 [info] > git config --get commit.template [11ms]
2025-06-08 15:51:49.312 [info] > git for-each-ref --format=%(refname)%00%(upstream:short)%00%(objectname)%00%(upstream:track)%00%(upstream:remotename)%00%(upstream:remoteref) refs/heads/main refs/remotes/main [2ms]
2025-06-08 15:51:49.332 [info] > git status -z -uall [9ms]
2025-06-08 15:51:49.332 [info] > git for-each-ref --sort -committerdate --format %(refname)%00%(objectname)%00%(*objectname) [1ms]
2025-06-08 15:51:49.405 [info] > git ls-files --stage -- sorting.cpp [2ms]
2025-06-08 15:51:49.417 [info] > git cat-file -s b4026be2a033de6d17cbe96990fb6a96322219ae [2ms]
2025-06-08 15:51:49.432 [info] > git show --textconv :sorting.cpp [3ms]
2025-06-08 15:51:54.910 [info] > git config --get commit.template [2ms]
2025-06-08 15:51:54.918 [info] > git for-each-ref --format=%(refname)%00%(upstream:short)%00%(objectname)%00%(upstream:track)%00%(upstream:remotename)%00%(upstream:remoteref) refs/heads/main refs/remotes/main [1ms]
2025-06-08 15:51:54.934 [info] > git status -z -uall [8ms]
2025-06-08 15:51:54.934 [info] > git for-each-ref --sort -committerdate --format %(refname)%00%(objectname)%00%(*objectname) [1ms]
2025-06-08 15:51:54.953 [info] > git blame --root --incremental a2289fd0ed1a84927999e6e0edd1afaec454aaac -- sorting.cpp [10ms]
2025-06-08 15:51:54.954 [info] > git merge-base refs/heads/main refs/remotes/origin/main [3ms]
2025-06-08 15:51:54.964 [info] > git diff --name-status -z --diff-filter=ADMR 74fc36c65111eeaabe3530ed8012397f78c4f815...refs/remotes/origin/main [2ms]
2025-06-08 15:51:56.054 [info] > git config --get commit.template [12ms]
2025-06-08 15:51:56.056 [info] > git for-each-ref --format=%(refname)%00%(upstream:short)%00%(objectname)%00%(upstream:track)%00%(upstream:remotename)%00%(upstream:remoteref) refs/heads/main refs/remotes/main [2ms]
2025-06-08 15:51:56.072 [info] > git status -z -uall [8ms]
2025-06-08 15:51:56.074 [info] > git for-each-ref --sort -committerdate --format %(refname)%00%(objectname)%00%(*objectname) [3ms]
2025-06-08 15:51:56.146 [info] > git ls-files --stage -- sorting.cpp [1ms]
2025-06-08 15:51:56.159 [info] > git cat-file -s 210bf43c8bf003bb45d397298d1ce7ba5c32c227 [2ms]
2025-06-08 15:51:56.170 [info] > git show --textconv :sorting.cpp [2ms]
2025-06-08 15:52:31.016 [info] > git config --get commit.template [1ms]
2025-06-08 15:52:31.028 [info] > git for-each-ref --format=%(refname)%00%(upstream:short)%00%(objectname)%00%(upstream:track)%00%(upstream:remotename)%00%(upstream:remoteref) refs/heads/main refs/remotes/main [2ms]
2025-06-08 15:52:31.043 [info] > git status -z -uall [9ms]
2025-06-08 15:52:31.045 [info] > git for-each-ref --sort -committerdate --format %(refname)%00%(objectname)%00%(*objectname) [3ms]
2025-06-08 15:52:31.057 [info] > git merge-base refs/heads/main refs/remotes/origin/main [2ms]
2025-06-08 15:52:31.065 [info] > git diff --name-status -z --diff-filter=ADMR a2289fd0ed1a84927999e6e0edd1afaec454aaac...refs/remotes/origin/main [1ms]
2025-06-08 15:52:31.120 [info] > git ls-files --stage -- sorting.cpp [2ms]
2025-06-08 15:52:31.132 [info] > git cat-file -s 210bf43c8bf003bb45d397298d1ce7ba5c32c227 [2ms]
2025-06-08 15:52:31.145 [info] > git show --textconv :sorting.cpp [2ms]
2025-06-08 15:52:46.233 [info] > git config --get commit.template [8ms]
2025-06-08 15:52:46.233 [info] > git for-each-ref --format=%(refname)%00%(upstream:short)%00%(objectname)%00%(upstream:track)%00%(upstream:remotename)%00%(upstream:remoteref) refs/heads/b1 refs/remotes/b1 [1ms]
2025-06-08 15:52:46.248 [info] > git status -z -uall [8ms]
2025-06-08 15:52:46.248 [info] > git for-each-ref --sort -committerdate --format %(refname)%00%(objectname)%00%(*objectname) [1ms]
2025-06-08 15:52:46.258 [info] > git for-each-ref --format=%(refname)%00%(upstream:short)%00%(objectname)%00%(upstream:track)%00%(upstream:remotename)%00%(upstream:remoteref) refs/heads/b1 refs/remotes/b1 [2ms]
2025-06-08 15:52:46.266 [info] > git config --get --local branch.b1.vscode-merge-base [1ms]
2025-06-08 15:52:46.273 [info] > git for-each-ref --format=%(refname)%00%(upstream:short)%00%(objectname)%00%(upstream:track)%00%(upstream:remotename)%00%(upstream:remoteref) refs/heads/origin/main refs/remotes/origin/main [1ms]
2025-06-08 15:52:47.288 [info] > git config --get commit.template [3ms]
2025-06-08 15:52:47.299 [info] > git for-each-ref --format=%(refname)%00%(upstream:short)%00%(objectname)%00%(upstream:track)%00%(upstream:remotename)%00%(upstream:remoteref) refs/heads/b1 refs/remotes/b1 [1ms]
2025-06-08 15:52:47.315 [info] > git status -z -uall [7ms]
2025-06-08 15:52:47.316 [info] > git for-each-ref --sort -committerdate --format %(refname)%00%(objectname)%00%(*objectname) [1ms]
2025-06-08 15:52:47.388 [info] > git ls-files --stage -- sorting.cpp [2ms]
2025-06-08 15:52:47.399 [info] > git cat-file -s 210bf43c8bf003bb45d397298d1ce7ba5c32c227 [1ms]
2025-06-08 15:52:47.409 [info] > git show --textconv :sorting.cpp [2ms]
2025-06-08 16:11:17.793 [info] > git config --get commit.template [10ms]
2025-06-08 16:11:17.793 [info] > git for-each-ref --format=%(refname)%00%(upstream:short)%00%(objectname)%00%(upstream:track)%00%(upstream:remotename)%00%(upstream:remoteref) refs/heads/b1 refs/remotes/b1 [1ms]
2025-06-08 16:11:17.807 [info] > git status -z -uall [9ms]
2025-06-08 16:11:17.808 [info] > git for-each-ref --sort -committerdate --format %(refname)%00%(objectname)%00%(*objectname) [2ms]
2025-06-08 16:11:26.905 [info] > git config --get commit.template [13ms]
2025-06-08 16:11:26.906 [info] > git for-each-ref --format=%(refname)%00%(upstream:short)%00%(objectname)%00%(upstream:track)%00%(upstream:remotename)%00%(upstream:remoteref) refs/heads/b1 refs/remotes/b1 [3ms]
2025-06-08 16:11:26.923 [info] > git status -z -uall [10ms]
2025-06-08 16:11:26.923 [info] > git for-each-ref --sort -committerdate --format %(refname)%00%(objectname)%00%(*objectname) [1ms]
2025-06-08 16:12:46.526 [info] > git config --get commit.template [11ms]
2025-06-08 16:12:46.527 [info] > git for-each-ref --format=%(refname)%00%(upstream:short)%00%(objectname)%00%(upstream:track)%00%(upstream:remotename)%00%(upstream:remoteref) refs/heads/b1 refs/remotes/b1 [2ms]
2025-06-08 16:12:46.546 [info] > git status -z -uall [9ms]
2025-06-08 16:12:46.547 [info] > git for-each-ref --sort -committerdate --format %(refname)%00%(objectname)%00%(*objectname) [2ms]
2025-06-08 16:13:09.867 [info] > git config --get commit.template [2ms]
2025-06-08 16:13:09.877 [info] > git for-each-ref --format=%(refname)%00%(upstream:short)%00%(objectname)%00%(upstream:track)%00%(upstream:remotename)%00%(upstream:remoteref) refs/heads/b1 refs/remotes/b1 [2ms]
2025-06-08 16:13:09.899 [info] > git status -z -uall [12ms]
2025-06-08 16:13:09.900 [info] > git for-each-ref --sort -committerdate --format %(refname)%00%(objectname)%00%(*objectname) [2ms]
2025-06-08 16:13:14.915 [info] > git config --get commit.template [2ms]
2025-06-08 16:13:14.948 [info] > git for-each-ref --format=%(refname)%00%(upstream:short)%00%(objectname)%00%(upstream:track)%00%(upstream:remotename)%00%(upstream:remoteref) refs/heads/b1 refs/remotes/b1 [7ms]
2025-06-08 16:13:14.970 [info] > git status -z -uall [14ms]
2025-06-08 16:13:14.970 [info] > git for-each-ref --sort -committerdate --format %(refname)%00%(objectname)%00%(*objectname) [3ms]
2025-06-08 16:14:51.809 [info] > git config --get commit.template [12ms]
2025-06-08 16:14:51.810 [info] > git for-each-ref --format=%(refname)%00%(upstream:short)%00%(objectname)%00%(upstream:track)%00%(upstream:remotename)%00%(upstream:remoteref) refs/heads/b1 refs/remotes/b1 [2ms]
2025-06-08 16:14:51.826 [info] > git status -z -uall [8ms]
2025-06-08 16:14:51.827 [info] > git for-each-ref --sort -committerdate --format %(refname)%00%(objectname)%00%(*objectname) [1ms]
2025-06-08 16:14:56.849 [info] > git config --get commit.template [10ms]
2025-06-08 16:14:56.850 [info] > git for-each-ref --format=%(refname)%00%(upstream:short)%00%(objectname)%00%(upstream:track)%00%(upstream:remotename)%00%(upstream:remoteref) refs/heads/b1 refs/remotes/b1 [1ms]
2025-06-08 16:14:56.868 [info] > git status -z -uall [10ms]
2025-06-08 16:14:56.869 [info] > git for-each-ref --sort -committerdate --format %(refname)%00%(objectname)%00%(*objectname) [2ms]
2025-06-08 16:15:20.072 [info] > git config --get commit.template [13ms]
2025-06-08 16:15:20.072 [info] > git for-each-ref --format=%(refname)%00%(upstream:short)%00%(objectname)%00%(upstream:track)%00%(upstream:remotename)%00%(upstream:remoteref) refs/heads/b1 refs/remotes/b1 [1ms]
2025-06-08 16:15:20.087 [info] > git status -z -uall [8ms]
2025-06-08 16:15:20.088 [info] > git for-each-ref --sort -committerdate --format %(refname)%00%(objectname)%00%(*objectname) [1ms]
2025-06-08 16:15:22.201 [info] > git ls-files --stage -- sorting.cpp [6ms]
2025-06-08 16:15:22.209 [info] > git cat-file -s 6411483d835b44c9cc02b921c027f9da4246ebf1 [1ms]
2025-06-08 16:15:22.217 [info] > git show --textconv :sorting.cpp [1ms]
2025-06-08 16:15:25.111 [info] > git config --get commit.template [11ms]
2025-06-08 16:15:25.112 [info] > git for-each-ref --format=%(refname)%00%(upstream:short)%00%(objectname)%00%(upstream:track)%00%(upstream:remotename)%00%(upstream:remoteref) refs/heads/b1 refs/remotes/b1 [2ms]
2025-06-08 16:15:25.126 [info] > git status -z -uall [9ms]
2025-06-08 16:15:25.127 [info] > git for-each-ref --sort -committerdate --format %(refname)%00%(objectname)%00%(*objectname) [2ms]
2025-06-08 16:15:25.137 [info] > git blame --root --incremental 14a914d5c4fd33cdf73a9305a2354c6bbf11708c -- sorting.cpp [2ms]
2025-06-08 16:15:28.993 [info] > git ls-files --stage -- sorting.cpp [1ms]
2025-06-08 16:15:29.005 [info] > git cat-file -s 210bf43c8bf003bb45d397298d1ce7ba5c32c227 [2ms]
2025-06-08 16:15:29.014 [info] > git show --textconv :sorting.cpp [1ms]
2025-06-08 16:15:30.159 [info] > git config --get commit.template [10ms]
2025-06-08 16:15:30.159 [info] > git for-each-ref --format=%(refname)%00%(upstream:short)%00%(objectname)%00%(upstream:track)%00%(upstream:remotename)%00%(upstream:remoteref) refs/heads/main refs/remotes/main [1ms]
2025-06-08 16:15:30.176 [info] > git status -z -uall [7ms]
2025-06-08 16:15:30.177 [info] > git for-each-ref --sort -committerdate --format %(refname)%00%(objectname)%00%(*objectname) [2ms]
2025-06-08 16:15:30.191 [info] > git for-each-ref --format=%(refname)%00%(upstream:short)%00%(objectname)%00%(upstream:track)%00%(upstream:remotename)%00%(upstream:remoteref) refs/heads/main refs/remotes/main [2ms]
2025-06-08 16:15:30.199 [info] > git config --get --local branch.main.vscode-merge-base [1ms]
2025-06-08 16:15:30.207 [info] > git for-each-ref --format=%(refname)%00%(upstream:short)%00%(objectname)%00%(upstream:track)%00%(upstream:remotename)%00%(upstream:remoteref) refs/heads/origin/main refs/remotes/origin/main [1ms]
2025-06-08 16:15:30.215 [info] > git merge-base refs/heads/main refs/remotes/origin/main [2ms]
2025-06-08 16:15:30.223 [info] > git diff --name-status -z --diff-filter=ADMR a2289fd0ed1a84927999e6e0edd1afaec454aaac...refs/remotes/origin/main [1ms]
2025-06-08 16:15:31.900 [info] > git ls-files --stage -- sorting.cpp [1ms]
2025-06-08 16:15:31.912 [info] > git cat-file -s 210bf43c8bf003bb45d397298d1ce7ba5c32c227 [3ms]
2025-06-08 16:15:31.925 [info] > git show --textconv :sorting.cpp [2ms]
2025-06-08 16:15:35.217 [info] > git config --get commit.template [11ms]
2025-06-08 16:15:35.218 [info] > git for-each-ref --format=%(refname)%00%(upstream:short)%00%(objectname)%00%(upstream:track)%00%(upstream:remotename)%00%(upstream:remoteref) refs/heads/main refs/remotes/main [3ms]
2025-06-08 16:15:35.237 [info] > git status -z -uall [8ms]
2025-06-08 16:15:35.238 [info] > git for-each-ref --sort -committerdate --format %(refname)%00%(objectname)%00%(*objectname) [2ms]
2025-06-08 16:15:40.725 [info] > git config --get commit.template [11ms]
2025-06-08 16:15:40.725 [info] > git for-each-ref --format=%(refname)%00%(upstream:short)%00%(objectname)%00%(upstream:track)%00%(upstream:remotename)%00%(upstream:remoteref) refs/heads/main refs/remotes/main [2ms]
2025-06-08 16:15:40.736 [info] > git status -z -uall [5ms]
2025-06-08 16:15:40.737 [info] > git for-each-ref --sort -committerdate --format %(refname)%00%(objectname)%00%(*objectname) [1ms]
2025-06-08 16:15:40.818 [info] > git ls-files --stage -- sorting.cpp [2ms]
2025-06-08 16:15:40.830 [info] > git cat-file -s 210bf43c8bf003bb45d397298d1ce7ba5c32c227 [2ms]
2025-06-08 16:15:40.844 [info] > git show --textconv :sorting.cpp [3ms]
2025-06-08 16:15:46.196 [info] > git for-each-ref --format=%(refname)%00%(upstream:short)%00%(objectname)%00%(upstream:track)%00%(upstream:remotename)%00%(upstream:remoteref) refs/heads/main refs/remotes/main [3ms]
2025-06-08 16:15:46.213 [info] > git status -z -uall [8ms]
2025-06-08 16:15:46.214 [info] > git for-each-ref --sort -committerdate --format %(refname)%00%(objectname)%00%(*objectname) [2ms]
2025-06-08 16:15:46.288 [info] > git ls-files --stage -- sorting.cpp [1ms]
2025-06-08 16:15:46.295 [info] > git cat-file -s 6411483d835b44c9cc02b921c027f9da4246ebf1 [1ms]
2025-06-08 16:15:46.306 [info] > git show --textconv :sorting.cpp [1ms]
2025-06-08 16:15:46.541 [info] > git show --textconv HEAD:sorting.cpp [14ms]
2025-06-08 16:15:46.544 [info] > git ls-tree -l HEAD -- sorting.cpp [3ms]
2025-06-08 16:15:46.772 [info] > git config --get commit.template [10ms]
2025-06-08 16:15:46.773 [info] > git for-each-ref --format=%(refname)%00%(upstream:short)%00%(objectname)%00%(upstream:track)%00%(upstream:remotename)%00%(upstream:remoteref) refs/heads/main refs/remotes/main [1ms]
2025-06-08 16:15:46.789 [info] > git status -z -uall [9ms]
2025-06-08 16:15:46.790 [info] > git for-each-ref --sort -committerdate --format %(refname)%00%(objectname)%00%(*objectname) [1ms]
2025-06-08 16:15:46.811 [info] > git blame --root --incremental 2dc0ffe066db832c472085c3938c2fb666612c34 -- sorting.cpp [9ms]
2025-06-08 16:15:46.813 [info] > git merge-base refs/heads/main refs/remotes/origin/main [4ms]
2025-06-08 16:15:46.822 [info] > git diff --name-status -z --diff-filter=ADMR a2289fd0ed1a84927999e6e0edd1afaec454aaac...refs/remotes/origin/main [1ms]
2025-06-08 16:15:48.000 [info] > git ls-files --stage -- sorting.cpp [2ms]
2025-06-08 16:15:48.011 [info] > git cat-file -s 6411483d835b44c9cc02b921c027f9da4246ebf1 [1ms]
2025-06-08 16:15:48.025 [info] > git show --textconv :sorting.cpp [2ms]
2025-06-08 16:15:51.240 [info] > git config --get commit.template [12ms]
2025-06-08 16:15:51.242 [info] > git for-each-ref --format=%(refname)%00%(upstream:short)%00%(objectname)%00%(upstream:track)%00%(upstream:remotename)%00%(upstream:remoteref) refs/heads/main refs/remotes/main [3ms]
2025-06-08 16:15:51.259 [info] > git status -z -uall [8ms]
2025-06-08 16:15:51.261 [info] > git for-each-ref --sort -committerdate --format %(refname)%00%(objectname)%00%(*objectname) [2ms]
2025-06-08 16:16:10.197 [info] > git config --get commit.template [2ms]
2025-06-08 16:16:10.209 [info] > git for-each-ref --format=%(refname)%00%(upstream:short)%00%(objectname)%00%(upstream:track)%00%(upstream:remotename)%00%(upstream:remoteref) refs/heads/main refs/remotes/main [2ms]
2025-06-08 16:16:10.226 [info] > git status -z -uall [9ms]
2025-06-08 16:16:10.227 [info] > git for-each-ref --sort -committerdate --format %(refname)%00%(objectname)%00%(*objectname) [2ms]
2025-06-08 16:16:10.302 [info] > git ls-files --stage -- sorting.cpp [2ms]
2025-06-08 16:16:10.314 [info] > git cat-file -s 6411483d835b44c9cc02b921c027f9da4246ebf1 [2ms]
2025-06-08 16:16:10.327 [info] > git show --textconv :sorting.cpp [2ms]
2025-06-08 16:16:17.981 [info] > git config --get commit.template [10ms]
2025-06-08 16:16:17.981 [info] > git for-each-ref --format=%(refname)%00%(upstream:short)%00%(objectname)%00%(upstream:track)%00%(upstream:remotename)%00%(upstream:remoteref) refs/heads/main refs/remotes/main [1ms]
2025-06-08 16:16:17.998 [info] > git status -z -uall [10ms]
2025-06-08 16:16:17.999 [info] > git for-each-ref --sort -committerdate --format %(refname)%00%(objectname)%00%(*objectname) [3ms]
2025-06-08 16:16:18.008 [info] > git merge-base refs/heads/main refs/remotes/origin/main [1ms]
2025-06-08 16:16:18.016 [info] > git diff --name-status -z --diff-filter=ADMR 2dc0ffe066db832c472085c3938c2fb666612c34...refs/remotes/origin/main [1ms]
2025-06-08 16:16:18.073 [info] > git ls-files --stage -- sorting.cpp [2ms]
2025-06-08 16:16:18.086 [info] > git cat-file -s 6411483d835b44c9cc02b921c027f9da4246ebf1 [2ms]
2025-06-08 16:16:18.099 [info] > git show --textconv :sorting.cpp [2ms]
2025-06-08 16:16:26.531 [info] > git config --get commit.template [1ms]
2025-06-08 16:16:26.540 [info] > git for-each-ref --format=%(refname)%00%(upstream:short)%00%(objectname)%00%(upstream:track)%00%(upstream:remotename)%00%(upstream:remoteref) refs/heads/b1 refs/remotes/b1 [2ms]
2025-06-08 16:16:26.554 [info] > git status -z -uall [7ms]
2025-06-08 16:16:26.555 [info] > git for-each-ref --sort -committerdate --format %(refname)%00%(objectname)%00%(*objectname) [1ms]
2025-06-08 16:16:26.566 [info] > git for-each-ref --format=%(refname)%00%(upstream:short)%00%(objectname)%00%(upstream:track)%00%(upstream:remotename)%00%(upstream:remoteref) refs/heads/b1 refs/remotes/b1 [1ms]
2025-06-08 16:16:26.573 [info] > git config --get --local branch.b1.vscode-merge-base [1ms]
2025-06-08 16:16:26.581 [info] > git for-each-ref --format=%(refname)%00%(upstream:short)%00%(objectname)%00%(upstream:track)%00%(upstream:remotename)%00%(upstream:remoteref) refs/heads/origin/main refs/remotes/origin/main [1ms]
2025-06-08 16:16:27.612 [info] > git config --get commit.template [10ms]
2025-06-08 16:16:27.612 [info] > git for-each-ref --format=%(refname)%00%(upstream:short)%00%(objectname)%00%(upstream:track)%00%(upstream:remotename)%00%(upstream:remoteref) refs/heads/b1 refs/remotes/b1 [1ms]
2025-06-08 16:16:27.631 [info] > git status -z -uall [10ms]
2025-06-08 16:16:27.632 [info] > git for-each-ref --sort -committerdate --format %(refname)%00%(objectname)%00%(*objectname) [2ms]
2025-06-08 16:16:27.706 [info] > git ls-files --stage -- sorting.cpp [2ms]
2025-06-08 16:16:27.717 [info] > git cat-file -s 6411483d835b44c9cc02b921c027f9da4246ebf1 [1ms]
2025-06-08 16:16:27.726 [info] > git show --textconv :sorting.cpp [2ms]
2025-06-08 17:25:38.666 [info] > git check-ignore -v -z --stdin [2ms]
2025-06-08 17:25:39.239 [info] > git config --get commit.template [9ms]
2025-06-08 17:25:39.241 [info] > git for-each-ref --format=%(refname)%00%(upstream:short)%00%(objectname)%00%(upstream:track)%00%(upstream:remotename)%00%(upstream:remoteref) refs/heads/b1 refs/remotes/b1 [3ms]
2025-06-08 17:25:39.256 [info] > git status -z -uall [9ms]
2025-06-08 17:25:39.257 [info] > git for-each-ref --sort -committerdate --format %(refname)%00%(objectname)%00%(*objectname) [2ms]
2025-06-08 17:27:36.465 [info] > git config --get commit.template [13ms]
2025-06-08 17:27:36.467 [info] > git for-each-ref --format=%(refname)%00%(upstream:short)%00%(objectname)%00%(upstream:track)%00%(upstream:remotename)%00%(upstream:remoteref) refs/heads/b1 refs/remotes/b1 [3ms]
2025-06-08 17:27:36.487 [info] > git status -z -uall [10ms]
2025-06-08 17:27:36.488 [info] > git for-each-ref --sort -committerdate --format %(refname)%00%(objectname)%00%(*objectname) [1ms]
2025-06-08 17:27:46.388 [info] > git config --get commit.template [10ms]
2025-06-08 17:27:46.389 [info] > git for-each-ref --format=%(refname)%00%(upstream:short)%00%(objectname)%00%(upstream:track)%00%(upstream:remotename)%00%(upstream:remoteref) refs/heads/b1 refs/remotes/b1 [2ms]
2025-06-08 17:27:46.405 [info] > git status -z -uall [8ms]
2025-06-08 17:27:46.405 [info] > git for-each-ref --sort -committerdate --format %(refname)%00%(objectname)%00%(*objectname) [1ms]
2025-06-08 17:27:48.854 [info] > git check-ignore -v -z --stdin [2ms]
