2025-06-14 12:55:25.549 [info] [main] Log level: Info
2025-06-14 12:55:25.549 [info] [main] Validating found git in: "git"
2025-06-14 12:55:25.549 [info] [main] Using git "2.43.0" from "git"
2025-06-14 12:55:25.549 [info] [Model][doInitialScan] Initial repository scan started
2025-06-14 12:55:25.549 [info] > git rev-parse --show-toplevel [230ms]
2025-06-14 12:55:25.549 [info] > git rev-parse --git-dir --git-common-dir [52ms]
2025-06-14 12:55:25.549 [info] [Model][openRepository] Opened repository (path): /home/sammy/Desktop/temp/hello-world
2025-06-14 12:55:25.549 [info] [Model][openRepository] Opened repository (real path): /home/sammy/Desktop/temp/hello-world
2025-06-14 12:55:25.568 [info] > git rev-parse --show-toplevel [194ms]
2025-06-14 12:55:25.569 [info] > git config --get commit.template [205ms]
2025-06-14 12:55:25.711 [info] > git for-each-ref --format=%(refname)%00%(upstream:short)%00%(objectname)%00%(upstream:track)%00%(upstream:remotename)%00%(upstream:remoteref) refs/heads/b1 refs/remotes/b1 [48ms]
2025-06-14 12:55:25.735 [info] > git rev-parse --show-toplevel [82ms]
2025-06-14 12:55:25.773 [info] > git status -z -uall [50ms]
2025-06-14 12:55:25.783 [info] > git rev-parse --show-toplevel [13ms]
2025-06-14 12:55:25.783 [info] > git for-each-ref --sort -committerdate --format %(refname)%00%(objectname)%00%(*objectname) [49ms]
2025-06-14 12:55:25.856 [info] > git for-each-ref --format=%(refname)%00%(upstream:short)%00%(objectname)%00%(upstream:track)%00%(upstream:remotename)%00%(upstream:remoteref) refs/heads/b1 refs/remotes/b1 [39ms]
2025-06-14 12:55:25.877 [info] > git config --get commit.template [28ms]
2025-06-14 12:55:25.877 [info] > git rev-parse --show-toplevel [40ms]
2025-06-14 12:55:25.894 [info] > git config --get --local branch.b1.vscode-merge-base [23ms]
2025-06-14 12:55:25.924 [info] > git rev-parse --show-toplevel [31ms]
2025-06-14 12:55:25.947 [info] > git for-each-ref --format=%(refname)%00%(upstream:short)%00%(objectname)%00%(upstream:track)%00%(upstream:remotename)%00%(upstream:remoteref) refs/heads/b1 refs/remotes/b1 [27ms]
2025-06-14 12:55:25.969 [info] > git for-each-ref --format=%(refname)%00%(upstream:short)%00%(objectname)%00%(upstream:track)%00%(upstream:remotename)%00%(upstream:remoteref) refs/heads/origin/main refs/remotes/origin/main [61ms]
2025-06-14 12:55:25.988 [info] > git status -z -uall [29ms]
2025-06-14 12:55:25.988 [info] > git check-ignore -v -z --stdin [5ms]
2025-06-14 12:55:25.989 [info] > git for-each-ref --sort -committerdate --format %(refname)%00%(objectname)%00%(*objectname) [22ms]
2025-06-14 12:55:25.993 [info] > git rev-parse --show-toplevel [48ms]
2025-06-14 12:55:26.007 [info] > git rev-parse --show-toplevel [3ms]
2025-06-14 12:55:26.008 [info] [Model][doInitialScan] Initial repository scan completed - repositories (1), closed repositories (0), parent repositories (0), unsafe repositories (0)
2025-06-14 12:55:26.033 [info] > git show --textconv :LinkedLists/deleteNthEnd.cpp [14ms]
2025-06-14 12:55:26.035 [info] > git ls-files --stage -- LinkedLists/deleteNthEnd.cpp [4ms]
2025-06-14 12:55:26.046 [info] > git cat-file -s a6e2aae4a8ca99ae114bd35661d8af5493ccede8 [3ms]
2025-06-14 12:55:26.722 [info] > git blame --root --incremental f74d95cccac54b639870eecec46db6e08c24e829 -- LinkedLists/deleteNthEnd.cpp [29ms]
2025-06-14 12:55:38.934 [info] > git config --get commit.template [2ms]
2025-06-14 12:55:38.941 [info] > git for-each-ref --format=%(refname)%00%(upstream:short)%00%(objectname)%00%(upstream:track)%00%(upstream:remotename)%00%(upstream:remoteref) refs/heads/b1 refs/remotes/b1 [1ms]
2025-06-14 12:55:38.965 [info] > git status -z -uall [17ms]
2025-06-14 12:55:38.965 [info] > git check-ignore -v -z --stdin [1ms]
2025-06-14 12:55:38.966 [info] > git for-each-ref --sort -committerdate --format %(refname)%00%(objectname)%00%(*objectname) [10ms]
2025-06-14 12:56:26.012 [info] > git show --textconv :LinkedLists/rcReverseLL.cpp [11ms]
2025-06-14 12:56:26.013 [info] > git ls-files --stage -- LinkedLists/rcReverseLL.cpp [1ms]
2025-06-14 12:56:26.021 [info] > git cat-file -s ff06db8e2d818fe6f7e57b02c3d5b7eb7ce87c90 [1ms]
2025-06-14 12:56:26.043 [info] > git blame --root --incremental f74d95cccac54b639870eecec46db6e08c24e829 -- LinkedLists/rcReverseLL.cpp [6ms]
2025-06-14 13:04:14.996 [info] > git config --get commit.template [14ms]
2025-06-14 13:04:14.996 [info] > git for-each-ref --format=%(refname)%00%(upstream:short)%00%(objectname)%00%(upstream:track)%00%(upstream:remotename)%00%(upstream:remoteref) refs/heads/b1 refs/remotes/b1 [2ms]
2025-06-14 13:04:15.013 [info] > git status -z -uall [7ms]
2025-06-14 13:04:15.014 [info] > git for-each-ref --sort -committerdate --format %(refname)%00%(objectname)%00%(*objectname) [1ms]
2025-06-14 13:04:33.387 [info] > git config --get commit.template [9ms]
2025-06-14 13:04:33.388 [info] > git for-each-ref --format=%(refname)%00%(upstream:short)%00%(objectname)%00%(upstream:track)%00%(upstream:remotename)%00%(upstream:remoteref) refs/heads/b1 refs/remotes/b1 [2ms]
2025-06-14 13:04:33.403 [info] > git status -z -uall [9ms]
2025-06-14 13:04:33.404 [info] > git for-each-ref --sort -committerdate --format %(refname)%00%(objectname)%00%(*objectname) [2ms]
2025-06-14 13:04:40.406 [info] > git config --get commit.template [1ms]
2025-06-14 13:04:40.420 [info] > git for-each-ref --format=%(refname)%00%(upstream:short)%00%(objectname)%00%(upstream:track)%00%(upstream:remotename)%00%(upstream:remoteref) refs/heads/b1 refs/remotes/b1 [1ms]
2025-06-14 13:04:40.439 [info] > git status -z -uall [8ms]
2025-06-14 13:04:40.440 [info] > git for-each-ref --sort -committerdate --format %(refname)%00%(objectname)%00%(*objectname) [1ms]
2025-06-14 13:08:45.084 [info] > git config --get commit.template [8ms]
2025-06-14 13:08:45.084 [info] > git for-each-ref --format=%(refname)%00%(upstream:short)%00%(objectname)%00%(upstream:track)%00%(upstream:remotename)%00%(upstream:remoteref) refs/heads/b1 refs/remotes/b1 [1ms]
2025-06-14 13:08:45.100 [info] > git status -z -uall [7ms]
2025-06-14 13:08:45.101 [info] > git for-each-ref --sort -committerdate --format %(refname)%00%(objectname)%00%(*objectname) [2ms]
2025-06-14 13:09:03.406 [info] > git config --get commit.template [14ms]
2025-06-14 13:09:03.407 [info] > git for-each-ref --format=%(refname)%00%(upstream:short)%00%(objectname)%00%(upstream:track)%00%(upstream:remotename)%00%(upstream:remoteref) refs/heads/b1 refs/remotes/b1 [2ms]
2025-06-14 13:09:03.426 [info] > git status -z -uall [9ms]
2025-06-14 13:09:03.427 [info] > git for-each-ref --sort -committerdate --format %(refname)%00%(objectname)%00%(*objectname) [2ms]
2025-06-14 13:09:08.450 [info] > git config --get commit.template [11ms]
2025-06-14 13:09:08.452 [info] > git for-each-ref --format=%(refname)%00%(upstream:short)%00%(objectname)%00%(upstream:track)%00%(upstream:remotename)%00%(upstream:remoteref) refs/heads/b1 refs/remotes/b1 [2ms]
2025-06-14 13:09:08.470 [info] > git status -z -uall [9ms]
2025-06-14 13:09:08.471 [info] > git for-each-ref --sort -committerdate --format %(refname)%00%(objectname)%00%(*objectname) [2ms]
2025-06-14 13:09:08.802 [info] > git show --textconv :LinkedLists/reorderList.cpp [13ms]
2025-06-14 13:09:08.803 [info] > git ls-files --stage -- LinkedLists/reorderList.cpp [2ms]
2025-06-14 13:09:08.814 [info] > git cat-file -s 617ab9d8245a52d487a63512dba0a8f91ff229f2 [1ms]
2025-06-14 13:09:08.841 [info] > git blame --root --incremental f2cfa8f540c216119937fcae8876156fb29f921f -- LinkedLists/reorderList.cpp [3ms]
2025-06-14 13:09:11.788 [info] > git check-ignore -v -z --stdin [3ms]
2025-06-14 13:09:13.725 [info] > git show --textconv :LinkedLists/mergeSortLL.cpp [10ms]
2025-06-14 13:09:13.728 [info] > git ls-files --stage -- LinkedLists/mergeSortLL.cpp [3ms]
2025-06-14 13:09:13.740 [info] > git cat-file -s e69de29bb2d1d6434b8b29ae775ad8c2e48c5391 [1ms]
2025-06-14 13:09:18.324 [info] > git blame --root --incremental f2cfa8f540c216119937fcae8876156fb29f921f -- LinkedLists/mergeSortLL.cpp [3ms]
2025-06-14 13:09:30.190 [info] > git show --textconv :LinkedLists/reorderList.cpp [8ms]
2025-06-14 13:09:30.191 [info] > git ls-files --stage -- LinkedLists/reorderList.cpp [1ms]
2025-06-14 13:09:30.200 [info] > git cat-file -s 617ab9d8245a52d487a63512dba0a8f91ff229f2 [1ms]
2025-06-14 13:09:45.293 [info] > git show --textconv :LinkedLists/mergeSortLL.cpp [14ms]
2025-06-14 13:09:45.294 [info] > git ls-files --stage -- LinkedLists/mergeSortLL.cpp [1ms]
2025-06-14 13:09:45.302 [info] > git cat-file -s e69de29bb2d1d6434b8b29ae775ad8c2e48c5391 [1ms]
2025-06-14 13:24:05.651 [info] > git config --get commit.template [7ms]
2025-06-14 13:24:05.652 [info] > git for-each-ref --format=%(refname)%00%(upstream:short)%00%(objectname)%00%(upstream:track)%00%(upstream:remotename)%00%(upstream:remoteref) refs/heads/b1 refs/remotes/b1 [2ms]
2025-06-14 13:24:05.671 [info] > git status -z -uall [10ms]
2025-06-14 13:24:05.673 [info] > git for-each-ref --sort -committerdate --format %(refname)%00%(objectname)%00%(*objectname) [3ms]
2025-06-14 13:29:24.358 [info] > git config --get commit.template [3ms]
2025-06-14 13:29:24.370 [info] > git for-each-ref --format=%(refname)%00%(upstream:short)%00%(objectname)%00%(upstream:track)%00%(upstream:remotename)%00%(upstream:remoteref) refs/heads/b1 refs/remotes/b1 [2ms]
2025-06-14 13:29:24.389 [info] > git status -z -uall [9ms]
2025-06-14 13:29:24.390 [info] > git for-each-ref --sort -committerdate --format %(refname)%00%(objectname)%00%(*objectname) [2ms]
2025-06-14 13:29:29.401 [info] > git config --get commit.template [1ms]
2025-06-14 13:29:29.407 [info] > git for-each-ref --format=%(refname)%00%(upstream:short)%00%(objectname)%00%(upstream:track)%00%(upstream:remotename)%00%(upstream:remoteref) refs/heads/b1 refs/remotes/b1 [1ms]
2025-06-14 13:29:29.419 [info] > git status -z -uall [6ms]
2025-06-14 13:29:29.420 [info] > git for-each-ref --sort -committerdate --format %(refname)%00%(objectname)%00%(*objectname) [1ms]
2025-06-14 13:31:24.070 [info] > git config --get commit.template [2ms]
2025-06-14 13:31:24.079 [info] > git for-each-ref --format=%(refname)%00%(upstream:short)%00%(objectname)%00%(upstream:track)%00%(upstream:remotename)%00%(upstream:remoteref) refs/heads/b1 refs/remotes/b1 [1ms]
2025-06-14 13:31:24.092 [info] > git status -z -uall [8ms]
2025-06-14 13:31:24.093 [info] > git for-each-ref --sort -committerdate --format %(refname)%00%(objectname)%00%(*objectname) [1ms]
2025-06-14 13:46:40.966 [info] > git config --get commit.template [12ms]
2025-06-14 13:46:40.966 [info] > git for-each-ref --format=%(refname)%00%(upstream:short)%00%(objectname)%00%(upstream:track)%00%(upstream:remotename)%00%(upstream:remoteref) refs/heads/b1 refs/remotes/b1 [2ms]
2025-06-14 13:46:40.979 [info] > git status -z -uall [7ms]
2025-06-14 13:46:40.981 [info] > git for-each-ref --sort -committerdate --format %(refname)%00%(objectname)%00%(*objectname) [2ms]
2025-06-14 13:46:46.006 [info] > git config --get commit.template [13ms]
2025-06-14 13:46:46.006 [info] > git for-each-ref --format=%(refname)%00%(upstream:short)%00%(objectname)%00%(upstream:track)%00%(upstream:remotename)%00%(upstream:remoteref) refs/heads/b1 refs/remotes/b1 [1ms]
2025-06-14 13:46:46.022 [info] > git status -z -uall [8ms]
2025-06-14 13:46:46.024 [info] > git for-each-ref --sort -committerdate --format %(refname)%00%(objectname)%00%(*objectname) [2ms]
2025-06-14 13:48:30.953 [info] > git config --get commit.template [1ms]
2025-06-14 13:48:30.962 [info] > git for-each-ref --format=%(refname)%00%(upstream:short)%00%(objectname)%00%(upstream:track)%00%(upstream:remotename)%00%(upstream:remoteref) refs/heads/b1 refs/remotes/b1 [1ms]
2025-06-14 13:48:30.976 [info] > git status -z -uall [7ms]
2025-06-14 13:48:30.977 [info] > git for-each-ref --sort -committerdate --format %(refname)%00%(objectname)%00%(*objectname) [2ms]
2025-06-14 13:48:36.001 [info] > git config --get commit.template [9ms]
2025-06-14 13:48:36.001 [info] > git for-each-ref --format=%(refname)%00%(upstream:short)%00%(objectname)%00%(upstream:track)%00%(upstream:remotename)%00%(upstream:remoteref) refs/heads/b1 refs/remotes/b1 [1ms]
2025-06-14 13:48:36.020 [info] > git status -z -uall [11ms]
2025-06-14 13:48:36.020 [info] > git for-each-ref --sort -committerdate --format %(refname)%00%(objectname)%00%(*objectname) [1ms]
2025-06-14 13:48:41.042 [info] > git config --get commit.template [10ms]
2025-06-14 13:48:41.043 [info] > git for-each-ref --format=%(refname)%00%(upstream:short)%00%(objectname)%00%(upstream:track)%00%(upstream:remotename)%00%(upstream:remoteref) refs/heads/b1 refs/remotes/b1 [2ms]
2025-06-14 13:48:41.061 [info] > git status -z -uall [9ms]
2025-06-14 13:48:41.062 [info] > git for-each-ref --sort -committerdate --format %(refname)%00%(objectname)%00%(*objectname) [2ms]
2025-06-14 13:53:20.208 [info] > git config --get commit.template [13ms]
2025-06-14 13:53:20.209 [info] > git for-each-ref --format=%(refname)%00%(upstream:short)%00%(objectname)%00%(upstream:track)%00%(upstream:remotename)%00%(upstream:remoteref) refs/heads/b1 refs/remotes/b1 [1ms]
2025-06-14 13:53:20.226 [info] > git status -z -uall [7ms]
2025-06-14 13:53:20.226 [info] > git for-each-ref --sort -committerdate --format %(refname)%00%(objectname)%00%(*objectname) [1ms]
2025-06-14 13:53:25.254 [info] > git config --get commit.template [12ms]
2025-06-14 13:53:25.255 [info] > git for-each-ref --format=%(refname)%00%(upstream:short)%00%(objectname)%00%(upstream:track)%00%(upstream:remotename)%00%(upstream:remoteref) refs/heads/b1 refs/remotes/b1 [1ms]
2025-06-14 13:53:25.271 [info] > git status -z -uall [9ms]
2025-06-14 13:53:25.271 [info] > git for-each-ref --sort -committerdate --format %(refname)%00%(objectname)%00%(*objectname) [1ms]
2025-06-14 13:53:39.355 [info] > git config --get commit.template [8ms]
2025-06-14 13:53:39.355 [info] > git for-each-ref --format=%(refname)%00%(upstream:short)%00%(objectname)%00%(upstream:track)%00%(upstream:remotename)%00%(upstream:remoteref) refs/heads/b1 refs/remotes/b1 [1ms]
2025-06-14 13:53:39.371 [info] > git status -z -uall [7ms]
2025-06-14 13:53:39.372 [info] > git for-each-ref --sort -committerdate --format %(refname)%00%(objectname)%00%(*objectname) [2ms]
2025-06-14 13:53:45.294 [info] > git config --get commit.template [12ms]
2025-06-14 13:53:45.295 [info] > git for-each-ref --format=%(refname)%00%(upstream:short)%00%(objectname)%00%(upstream:track)%00%(upstream:remotename)%00%(upstream:remoteref) refs/heads/b1 refs/remotes/b1 [2ms]
2025-06-14 13:53:45.316 [info] > git status -z -uall [10ms]
2025-06-14 13:53:45.317 [info] > git for-each-ref --sort -committerdate --format %(refname)%00%(objectname)%00%(*objectname) [2ms]
2025-06-14 13:54:24.092 [info] > git config --get commit.template [12ms]
2025-06-14 13:54:24.093 [info] > git for-each-ref --format=%(refname)%00%(upstream:short)%00%(objectname)%00%(upstream:track)%00%(upstream:remotename)%00%(upstream:remoteref) refs/heads/b1 refs/remotes/b1 [2ms]
2025-06-14 13:54:24.113 [info] > git status -z -uall [10ms]
2025-06-14 13:54:24.114 [info] > git for-each-ref --sort -committerdate --format %(refname)%00%(objectname)%00%(*objectname) [1ms]
2025-06-14 13:54:46.264 [info] > git config --get commit.template [13ms]
2025-06-14 13:54:46.265 [info] > git for-each-ref --format=%(refname)%00%(upstream:short)%00%(objectname)%00%(upstream:track)%00%(upstream:remotename)%00%(upstream:remoteref) refs/heads/b1 refs/remotes/b1 [2ms]
2025-06-14 13:54:46.287 [info] > git status -z -uall [12ms]
2025-06-14 13:54:46.288 [info] > git for-each-ref --sort -committerdate --format %(refname)%00%(objectname)%00%(*objectname) [2ms]
2025-06-14 13:57:49.084 [info] > git config --get commit.template [13ms]
2025-06-14 13:57:49.085 [info] > git for-each-ref --format=%(refname)%00%(upstream:short)%00%(objectname)%00%(upstream:track)%00%(upstream:remotename)%00%(upstream:remoteref) refs/heads/b1 refs/remotes/b1 [2ms]
2025-06-14 13:57:49.100 [info] > git status -z -uall [9ms]
2025-06-14 13:57:49.101 [info] > git for-each-ref --sort -committerdate --format %(refname)%00%(objectname)%00%(*objectname) [2ms]
2025-06-14 14:28:58.012 [info] > git config --get commit.template [12ms]
2025-06-14 14:28:58.013 [info] > git for-each-ref --format=%(refname)%00%(upstream:short)%00%(objectname)%00%(upstream:track)%00%(upstream:remotename)%00%(upstream:remoteref) refs/heads/b1 refs/remotes/b1 [2ms]
2025-06-14 14:28:58.028 [info] > git status -z -uall [8ms]
2025-06-14 14:28:58.029 [info] > git for-each-ref --sort -committerdate --format %(refname)%00%(objectname)%00%(*objectname) [2ms]
2025-06-14 14:29:04.330 [info] > git config --get commit.template [8ms]
2025-06-14 14:29:04.331 [info] > git for-each-ref --format=%(refname)%00%(upstream:short)%00%(objectname)%00%(upstream:track)%00%(upstream:remotename)%00%(upstream:remoteref) refs/heads/b1 refs/remotes/b1 [2ms]
2025-06-14 14:29:04.347 [info] > git status -z -uall [9ms]
2025-06-14 14:29:04.349 [info] > git for-each-ref --sort -committerdate --format %(refname)%00%(objectname)%00%(*objectname) [3ms]
2025-06-14 14:29:16.540 [info] > git config --get commit.template [1ms]
2025-06-14 14:29:16.550 [info] > git for-each-ref --format=%(refname)%00%(upstream:short)%00%(objectname)%00%(upstream:track)%00%(upstream:remotename)%00%(upstream:remoteref) refs/heads/b1 refs/remotes/b1 [2ms]
2025-06-14 14:29:16.567 [info] > git status -z -uall [9ms]
2025-06-14 14:29:16.567 [info] > git for-each-ref --sort -committerdate --format %(refname)%00%(objectname)%00%(*objectname) [1ms]
2025-06-14 14:29:17.622 [info] > git config --get commit.template [12ms]
2025-06-14 14:29:17.623 [info] > git for-each-ref --format=%(refname)%00%(upstream:short)%00%(objectname)%00%(upstream:track)%00%(upstream:remotename)%00%(upstream:remoteref) refs/heads/b1 refs/remotes/b1 [2ms]
2025-06-14 14:29:17.640 [info] > git status -z -uall [8ms]
2025-06-14 14:29:17.640 [info] > git for-each-ref --sort -committerdate --format %(refname)%00%(objectname)%00%(*objectname) [1ms]
2025-06-14 14:29:17.714 [info] > git ls-files --stage -- LinkedLists/mergeSortLL.cpp [2ms]
2025-06-14 14:29:17.724 [info] > git cat-file -s e69de29bb2d1d6434b8b29ae775ad8c2e48c5391 [2ms]
2025-06-14 14:29:17.735 [info] > git show --textconv :LinkedLists/mergeSortLL.cpp [1ms]
2025-06-14 14:29:23.174 [info] > git config --get commit.template [13ms]
2025-06-14 14:29:23.174 [info] > git for-each-ref --format=%(refname)%00%(upstream:short)%00%(objectname)%00%(upstream:track)%00%(upstream:remotename)%00%(upstream:remoteref) refs/heads/b1 refs/remotes/b1 [1ms]
2025-06-14 14:29:23.191 [info] > git status -z -uall [8ms]
2025-06-14 14:29:23.192 [info] > git for-each-ref --sort -committerdate --format %(refname)%00%(objectname)%00%(*objectname) [1ms]
2025-06-14 14:29:23.269 [info] > git ls-files --stage -- LinkedLists/mergeSortLL.cpp [2ms]
2025-06-14 14:29:23.281 [info] > git cat-file -s e69de29bb2d1d6434b8b29ae775ad8c2e48c5391 [0ms]
2025-06-14 14:29:23.291 [info] > git show --textconv :LinkedLists/mergeSortLL.cpp [1ms]
2025-06-14 14:29:56.111 [info] > git config --get commit.template [14ms]
2025-06-14 14:29:56.112 [info] > git for-each-ref --format=%(refname)%00%(upstream:short)%00%(objectname)%00%(upstream:track)%00%(upstream:remotename)%00%(upstream:remoteref) refs/heads/b1 refs/remotes/b1 [2ms]
2025-06-14 14:29:56.129 [info] > git status -z -uall [8ms]
2025-06-14 14:29:56.130 [info] > git for-each-ref --sort -committerdate --format %(refname)%00%(objectname)%00%(*objectname) [1ms]
2025-06-14 14:30:01.009 [info] > git ls-files --stage -- LinkedLists/mergeSortLL.cpp [2ms]
2025-06-14 14:30:01.023 [info] > git cat-file -s a8c2f74a59fc993fc9668465e96a4e410a708985 [1ms]
2025-06-14 14:30:01.037 [info] > git show --textconv :LinkedLists/mergeSortLL.cpp [2ms]
2025-06-14 14:30:01.160 [info] > git config --get commit.template [14ms]
2025-06-14 14:30:01.161 [info] > git for-each-ref --format=%(refname)%00%(upstream:short)%00%(objectname)%00%(upstream:track)%00%(upstream:remotename)%00%(upstream:remoteref) refs/heads/b1 refs/remotes/b1 [2ms]
2025-06-14 14:30:01.179 [info] > git status -z -uall [8ms]
2025-06-14 14:30:01.181 [info] > git for-each-ref --sort -committerdate --format %(refname)%00%(objectname)%00%(*objectname) [1ms]
2025-06-14 14:30:01.194 [info] > git blame --root --incremental c4271fc31bda1aedf43f227b9822fcec04ea601c -- LinkedLists/mergeSortLL.cpp [1ms]
2025-06-14 14:30:04.726 [info] > git ls-files --stage -- LinkedLists/mergeSortedLL.cpp [0ms]
2025-06-14 14:30:04.735 [info] > git show --textconv :LinkedLists/mergeSortedLL.cpp [18ms]
2025-06-14 14:30:04.736 [info] > git cat-file -s a674b0476f94ed862b5d80c221a822c113c06530 [2ms]
2025-06-14 14:30:04.752 [info] > git blame --root --incremental c4271fc31bda1aedf43f227b9822fcec04ea601c -- LinkedLists/mergeSortedLL.cpp [4ms]
2025-06-14 14:30:05.952 [info] > git show --textconv :LinkedLists/mergeSortLL.cpp [13ms]
2025-06-14 14:30:05.952 [info] > git ls-files --stage -- LinkedLists/mergeSortLL.cpp [1ms]
2025-06-14 14:30:05.961 [info] > git cat-file -s a8c2f74a59fc993fc9668465e96a4e410a708985 [2ms]
2025-06-14 14:30:11.499 [info] > git check-ignore -v -z --stdin [1ms]
2025-06-14 14:30:11.620 [info] > git show --textconv :student.cpp [10ms]
2025-06-14 14:30:11.621 [info] > git ls-files --stage -- student.cpp [1ms]
2025-06-14 14:30:11.628 [info] > git cat-file -s 6bfe7fe91681b1008dba8cc6f1e6572b66b11f2c [1ms]
2025-06-14 14:30:11.679 [info] > git blame --root --incremental c4271fc31bda1aedf43f227b9822fcec04ea601c -- student.cpp [40ms]
2025-06-14 14:30:13.072 [info] > git show --textconv :mergeSort.cpp [10ms]
2025-06-14 14:30:13.073 [info] > git ls-files --stage -- mergeSort.cpp [1ms]
2025-06-14 14:30:13.084 [info] > git cat-file -s cf64fa5787921d9c82136ffe4b9ae176b91cd329 [1ms]
2025-06-14 14:30:19.708 [info] > git show --textconv :LinkedLists/mergeSortedLL.cpp [9ms]
2025-06-14 14:30:19.709 [info] > git ls-files --stage -- LinkedLists/mergeSortedLL.cpp [2ms]
2025-06-14 14:30:19.718 [info] > git cat-file -s a674b0476f94ed862b5d80c221a822c113c06530 [1ms]
2025-06-14 14:30:28.308 [info] > git show --textconv :LinkedLists/mergeSortLL.cpp [9ms]
2025-06-14 14:30:28.309 [info] > git ls-files --stage -- LinkedLists/mergeSortLL.cpp [2ms]
2025-06-14 14:30:28.318 [info] > git cat-file -s a8c2f74a59fc993fc9668465e96a4e410a708985 [1ms]
2025-06-14 14:30:45.385 [info] > git config --get commit.template [8ms]
2025-06-14 14:30:45.385 [info] > git for-each-ref --format=%(refname)%00%(upstream:short)%00%(objectname)%00%(upstream:track)%00%(upstream:remotename)%00%(upstream:remoteref) refs/heads/main refs/remotes/main [1ms]
2025-06-14 14:30:45.402 [info] > git status -z -uall [9ms]
2025-06-14 14:30:45.403 [info] > git for-each-ref --sort -committerdate --format %(refname)%00%(objectname)%00%(*objectname) [1ms]
2025-06-14 14:30:45.416 [info] > git for-each-ref --format=%(refname)%00%(upstream:short)%00%(objectname)%00%(upstream:track)%00%(upstream:remotename)%00%(upstream:remoteref) refs/heads/main refs/remotes/main [2ms]
2025-06-14 14:30:45.424 [info] > git config --get --local branch.main.vscode-merge-base [1ms]
2025-06-14 14:30:45.434 [info] > git for-each-ref --format=%(refname)%00%(upstream:short)%00%(objectname)%00%(upstream:track)%00%(upstream:remotename)%00%(upstream:remoteref) refs/heads/origin/main refs/remotes/origin/main [1ms]
2025-06-14 14:30:45.446 [info] > git merge-base refs/heads/main refs/remotes/origin/main [1ms]
2025-06-14 14:30:45.454 [info] > git diff --name-status -z --diff-filter=ADMR 5559f169b5e5d7443fb720470a70db700e81a27d...refs/remotes/origin/main [2ms]
2025-06-14 14:30:46.476 [info] > git for-each-ref --format=%(refname)%00%(upstream:short)%00%(objectname)%00%(upstream:track)%00%(upstream:remotename)%00%(upstream:remoteref) refs/heads/main refs/remotes/main [12ms]
2025-06-14 14:30:46.477 [info] > git config --get commit.template [27ms]
2025-06-14 14:30:46.477 [info] > git check-ignore -v -z --stdin [2ms]
2025-06-14 14:30:46.495 [info] > git status -z -uall [10ms]
2025-06-14 14:30:46.496 [info] > git for-each-ref --sort -committerdate --format %(refname)%00%(objectname)%00%(*objectname) [2ms]
2025-06-14 14:30:46.561 [info] > git ls-files --stage -- LinkedLists/mergeSortLL.cpp [6ms]
2025-06-14 14:30:46.571 [info] > git hash-object -t tree /dev/null [2ms]
2025-06-14 14:30:46.572 [warning] [GitFileSystemProvider][stat] File not found - git:/home/sammy/Desktop/temp/hello-world/LinkedLists/mergeSortLL.cpp.git?%7B%22path%22%3A%22%2Fhome%2Fsammy%2FDesktop%2Ftemp%2Fhello-world%2FLinkedLists%2FmergeSortLL.cpp%22%2C%22ref%22%3A%22%22%7D
2025-06-14 14:31:41.820 [info] > git for-each-ref --format=%(refname)%00%(upstream:short)%00%(objectname)%00%(upstream:track)%00%(upstream:remotename)%00%(upstream:remoteref) refs/heads/main refs/remotes/main [2ms]
2025-06-14 14:31:41.840 [info] > git status -z -uall [9ms]
2025-06-14 14:31:41.840 [info] > git for-each-ref --sort -committerdate --format %(refname)%00%(objectname)%00%(*objectname) [1ms]
2025-06-14 14:31:41.919 [info] > git ls-files --stage -- LinkedLists/mergeSortLL.cpp [3ms]
2025-06-14 14:31:41.929 [info] > git cat-file -s a8c2f74a59fc993fc9668465e96a4e410a708985 [2ms]
2025-06-14 14:31:41.939 [info] > git show --textconv :LinkedLists/mergeSortLL.cpp [1ms]
2025-06-14 14:31:42.173 [info] > git show --textconv HEAD:LinkedLists/mergeSortLL.cpp [11ms]
2025-06-14 14:31:42.174 [warning] [GitFileSystemProvider][readFile] File not found - git:/home/sammy/Desktop/temp/hello-world/LinkedLists/mergeSortLL.cpp.git?%7B%22path%22%3A%22%2Fhome%2Fsammy%2FDesktop%2Ftemp%2Fhello-world%2FLinkedLists%2FmergeSortLL.cpp%22%2C%22ref%22%3A%22HEAD%22%7D
2025-06-14 14:31:42.174 [info] > git ls-tree -l HEAD -- LinkedLists/mergeSortLL.cpp [1ms]
2025-06-14 14:31:42.174 [warning] [GitFileSystemProvider][stat] File not found - git:/home/sammy/Desktop/temp/hello-world/LinkedLists/mergeSortLL.cpp.git?%7B%22path%22%3A%22%2Fhome%2Fsammy%2FDesktop%2Ftemp%2Fhello-world%2FLinkedLists%2FmergeSortLL.cpp%22%2C%22ref%22%3A%22HEAD%22%7D
2025-06-14 14:31:42.301 [info] > git config --get commit.template [10ms]
2025-06-14 14:31:42.302 [info] > git for-each-ref --format=%(refname)%00%(upstream:short)%00%(objectname)%00%(upstream:track)%00%(upstream:remotename)%00%(upstream:remoteref) refs/heads/main refs/remotes/main [1ms]
2025-06-14 14:31:42.319 [info] > git status -z -uall [9ms]
2025-06-14 14:31:42.320 [info] > git for-each-ref --sort -committerdate --format %(refname)%00%(objectname)%00%(*objectname) [1ms]
2025-06-14 14:31:42.331 [info] > git merge-base refs/heads/main refs/remotes/origin/main [2ms]
2025-06-14 14:31:42.341 [info] > git diff --name-status -z --diff-filter=ADMR 5559f169b5e5d7443fb720470a70db700e81a27d...refs/remotes/origin/main [2ms]
2025-06-14 14:31:43.535 [info] > git ls-files --stage -- LinkedLists/mergeSortLL.cpp [2ms]
2025-06-14 14:31:43.547 [info] > git cat-file -s a8c2f74a59fc993fc9668465e96a4e410a708985 [2ms]
2025-06-14 14:31:43.560 [info] > git show --textconv :LinkedLists/mergeSortLL.cpp [2ms]
2025-06-14 14:31:46.864 [info] > git config --get commit.template [11ms]
2025-06-14 14:31:46.864 [info] > git for-each-ref --format=%(refname)%00%(upstream:short)%00%(objectname)%00%(upstream:track)%00%(upstream:remotename)%00%(upstream:remoteref) refs/heads/main refs/remotes/main [1ms]
2025-06-14 14:31:46.883 [info] > git status -z -uall [9ms]
2025-06-14 14:31:46.884 [info] > git for-each-ref --sort -committerdate --format %(refname)%00%(objectname)%00%(*objectname) [1ms]
2025-06-14 14:31:56.842 [info] > git config --get commit.template [8ms]
2025-06-14 14:31:56.843 [info] > git for-each-ref --format=%(refname)%00%(upstream:short)%00%(objectname)%00%(upstream:track)%00%(upstream:remotename)%00%(upstream:remoteref) refs/heads/main refs/remotes/main [2ms]
2025-06-14 14:31:56.861 [info] > git status -z -uall [9ms]
2025-06-14 14:31:56.862 [info] > git for-each-ref --sort -committerdate --format %(refname)%00%(objectname)%00%(*objectname) [2ms]
2025-06-14 14:31:56.874 [info] > git merge-base refs/heads/main refs/remotes/origin/main [2ms]
2025-06-14 14:31:56.882 [info] > git diff --name-status -z --diff-filter=ADMR ce8ffea9435177b4b8d3ce3dd1aa8e6b4fd3c916...refs/remotes/origin/main [1ms]
2025-06-14 14:31:56.939 [info] > git ls-files --stage -- LinkedLists/mergeSortLL.cpp [2ms]
2025-06-14 14:31:56.953 [info] > git cat-file -s a8c2f74a59fc993fc9668465e96a4e410a708985 [2ms]
2025-06-14 14:31:56.970 [info] > git show --textconv :LinkedLists/mergeSortLL.cpp [2ms]
2025-06-14 14:32:19.686 [info] > git config --get commit.template [9ms]
2025-06-14 14:32:19.686 [info] > git for-each-ref --format=%(refname)%00%(upstream:short)%00%(objectname)%00%(upstream:track)%00%(upstream:remotename)%00%(upstream:remoteref) refs/heads/b1 refs/remotes/b1 [1ms]
2025-06-14 14:32:19.705 [info] > git status -z -uall [10ms]
2025-06-14 14:32:19.706 [info] > git for-each-ref --sort -committerdate --format %(refname)%00%(objectname)%00%(*objectname) [2ms]
2025-06-14 14:32:19.718 [info] > git for-each-ref --format=%(refname)%00%(upstream:short)%00%(objectname)%00%(upstream:track)%00%(upstream:remotename)%00%(upstream:remoteref) refs/heads/b1 refs/remotes/b1 [1ms]
2025-06-14 14:32:19.728 [info] > git config --get --local branch.b1.vscode-merge-base [1ms]
2025-06-14 14:32:19.735 [info] > git for-each-ref --format=%(refname)%00%(upstream:short)%00%(objectname)%00%(upstream:track)%00%(upstream:remotename)%00%(upstream:remoteref) refs/heads/origin/main refs/remotes/origin/main [0ms]
2025-06-14 14:32:20.749 [info] > git config --get commit.template [1ms]
2025-06-14 14:32:20.763 [info] > git for-each-ref --format=%(refname)%00%(upstream:short)%00%(objectname)%00%(upstream:track)%00%(upstream:remotename)%00%(upstream:remoteref) refs/heads/b1 refs/remotes/b1 [3ms]
2025-06-14 14:32:20.784 [info] > git status -z -uall [10ms]
2025-06-14 14:32:20.785 [info] > git for-each-ref --sort -committerdate --format %(refname)%00%(objectname)%00%(*objectname) [1ms]
2025-06-14 14:32:20.854 [info] > git ls-files --stage -- LinkedLists/mergeSortLL.cpp [2ms]
2025-06-14 14:32:20.868 [info] > git cat-file -s a8c2f74a59fc993fc9668465e96a4e410a708985 [3ms]
2025-06-14 14:32:20.881 [info] > git show --textconv :LinkedLists/mergeSortLL.cpp [2ms]
