2025-06-07 14:57:54.534 [info] [main] Log level: Info
2025-06-07 14:57:54.534 [info] [main] Validating found git in: "git"
2025-06-07 14:57:54.534 [info] [main] Using git "2.43.0" from "git"
2025-06-07 14:57:54.534 [info] [Model][doInitialScan] Initial repository scan started
2025-06-07 14:57:54.534 [info] > git rev-parse --show-toplevel [139ms]
2025-06-07 14:57:54.534 [info] > git rev-parse --git-dir --git-common-dir [52ms]
2025-06-07 14:57:54.534 [info] [Model][openRepository] Opened repository (path): /home/sammy/Desktop/temp/hello-world
2025-06-07 14:57:54.534 [info] [Model][openRepository] Opened repository (real path): /home/sammy/Desktop/temp/hello-world
2025-06-07 14:57:54.535 [info] > git rev-parse --show-toplevel [44ms]
2025-06-07 14:57:54.535 [info] > git config --get commit.template [48ms]
2025-06-07 14:57:54.616 [info] > git rev-parse --show-toplevel [63ms]
2025-06-07 14:57:54.633 [info] > git for-each-ref --format=%(refname)%00%(upstream:short)%00%(objectname)%00%(upstream:track)%00%(upstream:remotename)%00%(upstream:remoteref) refs/heads/b1 refs/remotes/b1 [20ms]
2025-06-07 14:57:54.657 [info] > git status -z -uall [16ms]
2025-06-07 14:57:54.657 [info] > git for-each-ref --sort -committerdate --format %(refname)%00%(objectname)%00%(*objectname) [4ms]
2025-06-07 14:57:54.687 [info] > git rev-parse --show-toplevel [55ms]
2025-06-07 14:57:54.689 [info] [Model][doInitialScan] Initial repository scan completed - repositories (1), closed repositories (0), parent repositories (0), unsafe repositories (0)
2025-06-07 14:57:54.700 [info] > git for-each-ref --format=%(refname)%00%(upstream:short)%00%(objectname)%00%(upstream:track)%00%(upstream:remotename)%00%(upstream:remoteref) refs/heads/b1 refs/remotes/b1 [16ms]
2025-06-07 14:57:54.715 [info] > git config --get --local branch.b1.vscode-merge-base [4ms]
2025-06-07 14:57:54.726 [info] > git config --get commit.template [29ms]
2025-06-07 14:57:54.756 [info] > git for-each-ref --format=%(refname)%00%(upstream:short)%00%(objectname)%00%(upstream:track)%00%(upstream:remotename)%00%(upstream:remoteref) refs/heads/origin/main refs/remotes/origin/main [32ms]
2025-06-07 14:57:54.838 [info] > git for-each-ref --format=%(refname)%00%(upstream:short)%00%(objectname)%00%(upstream:track)%00%(upstream:remotename)%00%(upstream:remoteref) refs/heads/b1 refs/remotes/b1 [51ms]
2025-06-07 14:57:54.879 [info] > git status -z -uall [31ms]
2025-06-07 14:57:54.881 [info] > git for-each-ref --sort -committerdate --format %(refname)%00%(objectname)%00%(*objectname) [26ms]
2025-06-07 14:57:54.906 [info] > git show --textconv :hash-freq.cpp [15ms]
2025-06-07 14:57:54.908 [info] > git ls-files --stage -- hash-freq.cpp [8ms]
2025-06-07 14:57:54.924 [info] > git cat-file -s 7b4a572d994136a2aa902cba1e96468abaa92fdd [5ms]
2025-06-07 14:57:54.975 [info] > git blame --root --incremental 23dbbc5d4401b2188bdea1aa661929d6351615d8 -- hash-freq.cpp [3ms]
2025-06-07 14:57:55.024 [info] > git check-ignore -v -z --stdin [2ms]
2025-06-07 14:59:05.518 [info] > git show --textconv :binarySearch.cpp [14ms]
2025-06-07 14:59:05.527 [info] > git ls-files --stage -- binarySearch.cpp [11ms]
2025-06-07 14:59:05.534 [info] > git hash-object -t tree /dev/null [8ms]
2025-06-07 14:59:05.534 [warning] [GitFileSystemProvider][readFile] File not found - git:/home/sammy/Desktop/temp/hello-world/binarySearch.cpp.git?%7B%22path%22%3A%22%2Fhome%2Fsammy%2FDesktop%2Ftemp%2Fhello-world%2FbinarySearch.cpp%22%2C%22ref%22%3A%22%22%7D
2025-06-07 14:59:05.536 [info] > git hash-object -t tree /dev/null [2ms]
2025-06-07 14:59:05.536 [warning] [GitFileSystemProvider][stat] File not found - git:/home/sammy/Desktop/temp/hello-world/binarySearch.cpp.git?%7B%22path%22%3A%22%2Fhome%2Fsammy%2FDesktop%2Ftemp%2Fhello-world%2FbinarySearch.cpp%22%2C%22ref%22%3A%22%22%7D
2025-06-07 14:59:05.784 [info] > git check-ignore -v -z --stdin [2ms]
2025-06-07 14:59:06.352 [info] > git config --get commit.template [9ms]
2025-06-07 14:59:06.352 [info] > git for-each-ref --format=%(refname)%00%(upstream:short)%00%(objectname)%00%(upstream:track)%00%(upstream:remotename)%00%(upstream:remoteref) refs/heads/b1 refs/remotes/b1 [1ms]
2025-06-07 14:59:06.368 [info] > git status -z -uall [9ms]
2025-06-07 14:59:06.368 [info] > git for-each-ref --sort -committerdate --format %(refname)%00%(objectname)%00%(*objectname) [2ms]
2025-06-07 15:06:44.738 [info] > git config --get commit.template [14ms]
2025-06-07 15:06:44.739 [info] > git for-each-ref --format=%(refname)%00%(upstream:short)%00%(objectname)%00%(upstream:track)%00%(upstream:remotename)%00%(upstream:remoteref) refs/heads/b1 refs/remotes/b1 [2ms]
2025-06-07 15:06:44.755 [info] > git status -z -uall [9ms]
2025-06-07 15:06:44.755 [info] > git for-each-ref --sort -committerdate --format %(refname)%00%(objectname)%00%(*objectname) [1ms]
2025-06-07 15:07:27.645 [info] > git config --get commit.template [5ms]
2025-06-07 15:07:27.655 [info] > git for-each-ref --format=%(refname)%00%(upstream:short)%00%(objectname)%00%(upstream:track)%00%(upstream:remotename)%00%(upstream:remoteref) refs/heads/b1 refs/remotes/b1 [1ms]
2025-06-07 15:07:27.670 [info] > git status -z -uall [7ms]
2025-06-07 15:07:27.670 [info] > git for-each-ref --sort -committerdate --format %(refname)%00%(objectname)%00%(*objectname) [1ms]
2025-06-07 15:07:51.410 [info] > git config --get commit.template [5ms]
2025-06-07 15:07:51.411 [info] > git for-each-ref --format=%(refname)%00%(upstream:short)%00%(objectname)%00%(upstream:track)%00%(upstream:remotename)%00%(upstream:remoteref) refs/heads/b1 refs/remotes/b1 [1ms]
2025-06-07 15:07:51.424 [info] > git status -z -uall [7ms]
2025-06-07 15:07:51.424 [info] > git for-each-ref --sort -committerdate --format %(refname)%00%(objectname)%00%(*objectname) [1ms]
2025-06-07 15:08:57.128 [info] > git config --get commit.template [11ms]
2025-06-07 15:08:57.128 [info] > git for-each-ref --format=%(refname)%00%(upstream:short)%00%(objectname)%00%(upstream:track)%00%(upstream:remotename)%00%(upstream:remoteref) refs/heads/b1 refs/remotes/b1 [1ms]
2025-06-07 15:08:57.145 [info] > git status -z -uall [10ms]
2025-06-07 15:08:57.145 [info] > git for-each-ref --sort -committerdate --format %(refname)%00%(objectname)%00%(*objectname) [1ms]
2025-06-07 15:09:02.158 [info] > git config --get commit.template [5ms]
2025-06-07 15:09:02.158 [info] > git for-each-ref --format=%(refname)%00%(upstream:short)%00%(objectname)%00%(upstream:track)%00%(upstream:remotename)%00%(upstream:remoteref) refs/heads/b1 refs/remotes/b1 [1ms]
2025-06-07 15:09:02.168 [info] > git status -z -uall [5ms]
2025-06-07 15:09:02.169 [info] > git for-each-ref --sort -committerdate --format %(refname)%00%(objectname)%00%(*objectname) [1ms]
2025-06-07 15:13:15.410 [info] > git config --get commit.template [2ms]
2025-06-07 15:13:15.420 [info] > git for-each-ref --format=%(refname)%00%(upstream:short)%00%(objectname)%00%(upstream:track)%00%(upstream:remotename)%00%(upstream:remoteref) refs/heads/b1 refs/remotes/b1 [2ms]
2025-06-07 15:13:15.431 [info] > git status -z -uall [6ms]
2025-06-07 15:13:15.432 [info] > git for-each-ref --sort -committerdate --format %(refname)%00%(objectname)%00%(*objectname) [2ms]
2025-06-07 15:13:20.457 [info] > git config --get commit.template [12ms]
2025-06-07 15:13:20.457 [info] > git for-each-ref --format=%(refname)%00%(upstream:short)%00%(objectname)%00%(upstream:track)%00%(upstream:remotename)%00%(upstream:remoteref) refs/heads/b1 refs/remotes/b1 [1ms]
2025-06-07 15:13:20.473 [info] > git status -z -uall [8ms]
2025-06-07 15:13:20.474 [info] > git for-each-ref --sort -committerdate --format %(refname)%00%(objectname)%00%(*objectname) [1ms]
2025-06-07 15:13:25.495 [info] > git config --get commit.template [9ms]
2025-06-07 15:13:25.496 [info] > git for-each-ref --format=%(refname)%00%(upstream:short)%00%(objectname)%00%(upstream:track)%00%(upstream:remotename)%00%(upstream:remoteref) refs/heads/b1 refs/remotes/b1 [1ms]
2025-06-07 15:13:25.511 [info] > git status -z -uall [9ms]
2025-06-07 15:13:25.512 [info] > git for-each-ref --sort -committerdate --format %(refname)%00%(objectname)%00%(*objectname) [1ms]
2025-06-07 15:17:44.158 [info] > git config --get commit.template [8ms]
2025-06-07 15:17:44.158 [info] > git for-each-ref --format=%(refname)%00%(upstream:short)%00%(objectname)%00%(upstream:track)%00%(upstream:remotename)%00%(upstream:remoteref) refs/heads/b1 refs/remotes/b1 [1ms]
2025-06-07 15:17:44.172 [info] > git status -z -uall [7ms]
2025-06-07 15:17:44.173 [info] > git for-each-ref --sort -committerdate --format %(refname)%00%(objectname)%00%(*objectname) [1ms]
2025-06-07 15:17:49.191 [info] > git config --get commit.template [6ms]
2025-06-07 15:17:49.193 [info] > git for-each-ref --format=%(refname)%00%(upstream:short)%00%(objectname)%00%(upstream:track)%00%(upstream:remotename)%00%(upstream:remoteref) refs/heads/b1 refs/remotes/b1 [2ms]
2025-06-07 15:17:49.206 [info] > git status -z -uall [6ms]
2025-06-07 15:17:49.207 [info] > git for-each-ref --sort -committerdate --format %(refname)%00%(objectname)%00%(*objectname) [1ms]
2025-06-07 15:18:35.886 [info] > git config --get commit.template [10ms]
2025-06-07 15:18:35.887 [info] > git for-each-ref --format=%(refname)%00%(upstream:short)%00%(objectname)%00%(upstream:track)%00%(upstream:remotename)%00%(upstream:remoteref) refs/heads/b1 refs/remotes/b1 [1ms]
2025-06-07 15:18:35.901 [info] > git status -z -uall [8ms]
2025-06-07 15:18:35.901 [info] > git for-each-ref --sort -committerdate --format %(refname)%00%(objectname)%00%(*objectname) [2ms]
2025-06-07 15:18:40.918 [info] > git config --get commit.template [6ms]
2025-06-07 15:18:40.918 [info] > git for-each-ref --format=%(refname)%00%(upstream:short)%00%(objectname)%00%(upstream:track)%00%(upstream:remotename)%00%(upstream:remoteref) refs/heads/b1 refs/remotes/b1 [1ms]
2025-06-07 15:18:40.929 [info] > git status -z -uall [5ms]
2025-06-07 15:18:40.930 [info] > git for-each-ref --sort -committerdate --format %(refname)%00%(objectname)%00%(*objectname) [1ms]
2025-06-07 15:18:41.246 [info] > git show --textconv :binarySearch.cpp [7ms]
2025-06-07 15:18:41.247 [info] > git ls-files --stage -- binarySearch.cpp [2ms]
2025-06-07 15:18:41.253 [info] > git cat-file -s e2dccb9e9a3b36cd287a23edc95b294d2169415d [1ms]
2025-06-07 15:18:41.266 [info] > git blame --root --incremental 5f5ef37067bf1f1632b78f3a36d4ef81ae70a5e5 -- binarySearch.cpp [1ms]
2025-06-07 15:19:10.639 [info] > git config --get commit.template [9ms]
2025-06-07 15:19:10.640 [info] > git for-each-ref --format=%(refname)%00%(upstream:short)%00%(objectname)%00%(upstream:track)%00%(upstream:remotename)%00%(upstream:remoteref) refs/heads/b1 refs/remotes/b1 [1ms]
2025-06-07 15:19:10.655 [info] > git status -z -uall [10ms]
2025-06-07 15:19:10.656 [info] > git for-each-ref --sort -committerdate --format %(refname)%00%(objectname)%00%(*objectname) [2ms]
2025-06-07 15:19:12.490 [info] > git log --format=%H%n%aN%n%aE%n%at%n%ct%n%P%n%D%n%B -z --shortstat --diff-merges=first-parent -n50 --skip=0 --topo-order --decorate=full --stdin [30ms]
2025-06-07 15:19:13.060 [info] > git check-ignore -v -z --stdin [1ms]
2025-06-07 15:24:23.845 [info] > git config --get commit.template [4ms]
2025-06-07 15:24:23.856 [info] > git for-each-ref --format=%(refname)%00%(upstream:short)%00%(objectname)%00%(upstream:track)%00%(upstream:remotename)%00%(upstream:remoteref) refs/heads/b1 refs/remotes/b1 [1ms]
2025-06-07 15:24:23.871 [info] > git status -z -uall [9ms]
2025-06-07 15:24:23.872 [info] > git for-each-ref --sort -committerdate --format %(refname)%00%(objectname)%00%(*objectname) [2ms]
2025-06-07 15:30:49.195 [info] > git config --get commit.template [11ms]
2025-06-07 15:30:49.196 [info] > git for-each-ref --format=%(refname)%00%(upstream:short)%00%(objectname)%00%(upstream:track)%00%(upstream:remotename)%00%(upstream:remoteref) refs/heads/b1 refs/remotes/b1 [2ms]
2025-06-07 15:30:49.210 [info] > git status -z -uall [8ms]
2025-06-07 15:30:49.212 [info] > git for-each-ref --sort -committerdate --format %(refname)%00%(objectname)%00%(*objectname) [4ms]
2025-06-07 15:30:58.835 [info] > git config --get commit.template [1ms]
2025-06-07 15:30:58.849 [info] > git for-each-ref --format=%(refname)%00%(upstream:short)%00%(objectname)%00%(upstream:track)%00%(upstream:remotename)%00%(upstream:remoteref) refs/heads/b1 refs/remotes/b1 [2ms]
2025-06-07 15:30:58.868 [info] > git status -z -uall [11ms]
2025-06-07 15:30:58.868 [info] > git for-each-ref --sort -committerdate --format %(refname)%00%(objectname)%00%(*objectname) [1ms]
2025-06-07 15:45:31.218 [info] > git config --get commit.template [7ms]
2025-06-07 15:45:31.218 [info] > git for-each-ref --format=%(refname)%00%(upstream:short)%00%(objectname)%00%(upstream:track)%00%(upstream:remotename)%00%(upstream:remoteref) refs/heads/b1 refs/remotes/b1 [1ms]
2025-06-07 15:45:31.233 [info] > git status -z -uall [5ms]
2025-06-07 15:45:31.234 [info] > git for-each-ref --sort -committerdate --format %(refname)%00%(objectname)%00%(*objectname) [1ms]
2025-06-07 15:45:44.976 [info] > git config --get commit.template [1ms]
2025-06-07 15:45:44.983 [info] > git for-each-ref --format=%(refname)%00%(upstream:short)%00%(objectname)%00%(upstream:track)%00%(upstream:remotename)%00%(upstream:remoteref) refs/heads/b1 refs/remotes/b1 [1ms]
2025-06-07 15:45:44.998 [info] > git status -z -uall [6ms]
2025-06-07 15:45:44.998 [info] > git for-each-ref --sort -committerdate --format %(refname)%00%(objectname)%00%(*objectname) [1ms]
2025-06-07 15:45:50.017 [info] > git config --get commit.template [10ms]
2025-06-07 15:45:50.018 [info] > git for-each-ref --format=%(refname)%00%(upstream:short)%00%(objectname)%00%(upstream:track)%00%(upstream:remotename)%00%(upstream:remoteref) refs/heads/b1 refs/remotes/b1 [2ms]
2025-06-07 15:45:50.033 [info] > git status -z -uall [6ms]
2025-06-07 15:45:50.033 [info] > git for-each-ref --sort -committerdate --format %(refname)%00%(objectname)%00%(*objectname) [1ms]
2025-06-07 15:45:50.350 [info] > git show --textconv :bsCount.cpp [7ms]
2025-06-07 15:45:50.352 [info] > git ls-files --stage -- bsCount.cpp [3ms]
2025-06-07 15:45:50.358 [info] > git cat-file -s bd00937413d2fea4114676dfad9aa220a721916a [1ms]
2025-06-07 15:45:50.372 [info] > git blame --root --incremental 36a9d7fbaf6e8060eece1782fdd157f5b9409c62 -- bsCount.cpp [2ms]
2025-06-07 16:10:25.662 [info] > git config --get commit.template [6ms]
2025-06-07 16:10:25.662 [info] > git for-each-ref --format=%(refname)%00%(upstream:short)%00%(objectname)%00%(upstream:track)%00%(upstream:remotename)%00%(upstream:remoteref) refs/heads/b1 refs/remotes/b1 [1ms]
2025-06-07 16:10:25.678 [info] > git status -z -uall [8ms]
2025-06-07 16:10:25.680 [info] > git for-each-ref --sort -committerdate --format %(refname)%00%(objectname)%00%(*objectname) [2ms]
2025-06-07 16:10:31.610 [info] > git config --get commit.template [7ms]
2025-06-07 16:10:31.611 [info] > git for-each-ref --format=%(refname)%00%(upstream:short)%00%(objectname)%00%(upstream:track)%00%(upstream:remotename)%00%(upstream:remoteref) refs/heads/b1 refs/remotes/b1 [1ms]
2025-06-07 16:10:31.627 [info] > git status -z -uall [7ms]
2025-06-07 16:10:31.629 [info] > git for-each-ref --sort -committerdate --format %(refname)%00%(objectname)%00%(*objectname) [2ms]
2025-06-07 16:10:37.563 [info] > git config --get commit.template [7ms]
2025-06-07 16:10:37.564 [info] > git for-each-ref --format=%(refname)%00%(upstream:short)%00%(objectname)%00%(upstream:track)%00%(upstream:remotename)%00%(upstream:remoteref) refs/heads/b1 refs/remotes/b1 [1ms]
2025-06-07 16:10:37.578 [info] > git status -z -uall [8ms]
2025-06-07 16:10:37.579 [info] > git for-each-ref --sort -committerdate --format %(refname)%00%(objectname)%00%(*objectname) [2ms]
2025-06-07 16:10:40.363 [info] > git check-ignore -v -z --stdin [1ms]
2025-06-07 16:21:08.807 [info] > git config --get commit.template [10ms]
2025-06-07 16:21:08.808 [info] > git for-each-ref --format=%(refname)%00%(upstream:short)%00%(objectname)%00%(upstream:track)%00%(upstream:remotename)%00%(upstream:remoteref) refs/heads/b1 refs/remotes/b1 [4ms]
2025-06-07 16:21:08.826 [info] > git status -z -uall [11ms]
2025-06-07 16:21:08.826 [info] > git for-each-ref --sort -committerdate --format %(refname)%00%(objectname)%00%(*objectname) [2ms]
2025-06-07 16:21:13.843 [info] > git config --get commit.template [7ms]
2025-06-07 16:21:13.843 [info] > git for-each-ref --format=%(refname)%00%(upstream:short)%00%(objectname)%00%(upstream:track)%00%(upstream:remotename)%00%(upstream:remoteref) refs/heads/b1 refs/remotes/b1 [1ms]
2025-06-07 16:21:13.856 [info] > git status -z -uall [7ms]
2025-06-07 16:21:13.856 [info] > git for-each-ref --sort -committerdate --format %(refname)%00%(objectname)%00%(*objectname) [1ms]
2025-06-07 16:21:55.827 [info] > git config --get commit.template [2ms]
2025-06-07 16:21:55.840 [info] > git for-each-ref --format=%(refname)%00%(upstream:short)%00%(objectname)%00%(upstream:track)%00%(upstream:remotename)%00%(upstream:remoteref) refs/heads/b1 refs/remotes/b1 [2ms]
2025-06-07 16:21:55.861 [info] > git status -z -uall [11ms]
2025-06-07 16:21:55.863 [info] > git for-each-ref --sort -committerdate --format %(refname)%00%(objectname)%00%(*objectname) [3ms]
2025-06-07 16:22:43.419 [info] > git config --get commit.template [9ms]
2025-06-07 16:22:43.420 [info] > git for-each-ref --format=%(refname)%00%(upstream:short)%00%(objectname)%00%(upstream:track)%00%(upstream:remotename)%00%(upstream:remoteref) refs/heads/b1 refs/remotes/b1 [1ms]
2025-06-07 16:22:43.436 [info] > git status -z -uall [10ms]
2025-06-07 16:22:43.436 [info] > git for-each-ref --sort -committerdate --format %(refname)%00%(objectname)%00%(*objectname) [1ms]
2025-06-07 16:22:48.459 [info] > git config --get commit.template [8ms]
2025-06-07 16:22:48.459 [info] > git for-each-ref --format=%(refname)%00%(upstream:short)%00%(objectname)%00%(upstream:track)%00%(upstream:remotename)%00%(upstream:remoteref) refs/heads/b1 refs/remotes/b1 [1ms]
2025-06-07 16:22:48.481 [info] > git status -z -uall [13ms]
2025-06-07 16:22:48.482 [info] > git for-each-ref --sort -committerdate --format %(refname)%00%(objectname)%00%(*objectname) [4ms]
2025-06-07 16:22:53.496 [info] > git config --get commit.template [6ms]
2025-06-07 16:22:53.496 [info] > git for-each-ref --format=%(refname)%00%(upstream:short)%00%(objectname)%00%(upstream:track)%00%(upstream:remotename)%00%(upstream:remoteref) refs/heads/b1 refs/remotes/b1 [0ms]
2025-06-07 16:22:53.509 [info] > git status -z -uall [7ms]
2025-06-07 16:22:53.510 [info] > git for-each-ref --sort -committerdate --format %(refname)%00%(objectname)%00%(*objectname) [2ms]
2025-06-07 16:43:52.291 [info] > git config --get commit.template [9ms]
2025-06-07 16:43:52.291 [info] > git for-each-ref --format=%(refname)%00%(upstream:short)%00%(objectname)%00%(upstream:track)%00%(upstream:remotename)%00%(upstream:remoteref) refs/heads/b1 refs/remotes/b1 [2ms]
2025-06-07 16:43:52.308 [info] > git status -z -uall [9ms]
2025-06-07 16:43:52.309 [info] > git for-each-ref --sort -committerdate --format %(refname)%00%(objectname)%00%(*objectname) [1ms]
2025-06-07 16:44:03.938 [info] > git config --get commit.template [6ms]
2025-06-07 16:44:03.939 [info] > git for-each-ref --format=%(refname)%00%(upstream:short)%00%(objectname)%00%(upstream:track)%00%(upstream:remotename)%00%(upstream:remoteref) refs/heads/b1 refs/remotes/b1 [2ms]
2025-06-07 16:44:03.958 [info] > git status -z -uall [8ms]
2025-06-07 16:44:03.959 [info] > git for-each-ref --sort -committerdate --format %(refname)%00%(objectname)%00%(*objectname) [2ms]
2025-06-07 16:45:46.299 [info] > git config --get commit.template [8ms]
2025-06-07 16:45:46.300 [info] > git for-each-ref --format=%(refname)%00%(upstream:short)%00%(objectname)%00%(upstream:track)%00%(upstream:remotename)%00%(upstream:remoteref) refs/heads/b1 refs/remotes/b1 [2ms]
2025-06-07 16:45:46.316 [info] > git status -z -uall [10ms]
2025-06-07 16:45:46.318 [info] > git for-each-ref --sort -committerdate --format %(refname)%00%(objectname)%00%(*objectname) [3ms]
2025-06-07 16:45:58.996 [info] > git config --get commit.template [9ms]
2025-06-07 16:45:58.996 [info] > git for-each-ref --format=%(refname)%00%(upstream:short)%00%(objectname)%00%(upstream:track)%00%(upstream:remotename)%00%(upstream:remoteref) refs/heads/b1 refs/remotes/b1 [1ms]
2025-06-07 16:45:59.021 [info] > git status -z -uall [11ms]
2025-06-07 16:45:59.022 [info] > git for-each-ref --sort -committerdate --format %(refname)%00%(objectname)%00%(*objectname) [1ms]
2025-06-07 16:46:10.669 [info] > git config --get commit.template [7ms]
2025-06-07 16:46:10.670 [info] > git for-each-ref --format=%(refname)%00%(upstream:short)%00%(objectname)%00%(upstream:track)%00%(upstream:remotename)%00%(upstream:remoteref) refs/heads/b1 refs/remotes/b1 [1ms]
2025-06-07 16:46:10.689 [info] > git status -z -uall [10ms]
2025-06-07 16:46:10.689 [info] > git for-each-ref --sort -committerdate --format %(refname)%00%(objectname)%00%(*objectname) [1ms]
2025-06-07 17:01:45.878 [info] > git config --get commit.template [10ms]
2025-06-07 17:01:45.878 [info] > git for-each-ref --format=%(refname)%00%(upstream:short)%00%(objectname)%00%(upstream:track)%00%(upstream:remotename)%00%(upstream:remoteref) refs/heads/b1 refs/remotes/b1 [1ms]
2025-06-07 17:01:45.894 [info] > git status -z -uall [7ms]
2025-06-07 17:01:45.895 [info] > git for-each-ref --sort -committerdate --format %(refname)%00%(objectname)%00%(*objectname) [2ms]
2025-06-07 17:02:02.150 [info] > git config --get commit.template [1ms]
2025-06-07 17:02:02.157 [info] > git for-each-ref --format=%(refname)%00%(upstream:short)%00%(objectname)%00%(upstream:track)%00%(upstream:remotename)%00%(upstream:remoteref) refs/heads/b1 refs/remotes/b1 [2ms]
2025-06-07 17:02:02.171 [info] > git status -z -uall [6ms]
2025-06-07 17:02:02.172 [info] > git for-each-ref --sort -committerdate --format %(refname)%00%(objectname)%00%(*objectname) [2ms]
2025-06-07 17:02:07.182 [info] > git config --get commit.template [1ms]
2025-06-07 17:02:07.189 [info] > git for-each-ref --format=%(refname)%00%(upstream:short)%00%(objectname)%00%(upstream:track)%00%(upstream:remotename)%00%(upstream:remoteref) refs/heads/b1 refs/remotes/b1 [1ms]
2025-06-07 17:02:07.200 [info] > git status -z -uall [5ms]
2025-06-07 17:02:07.201 [info] > git for-each-ref --sort -committerdate --format %(refname)%00%(objectname)%00%(*objectname) [1ms]
2025-06-07 17:20:16.434 [info] > git config --get commit.template [10ms]
2025-06-07 17:20:16.435 [info] > git for-each-ref --format=%(refname)%00%(upstream:short)%00%(objectname)%00%(upstream:track)%00%(upstream:remotename)%00%(upstream:remoteref) refs/heads/b1 refs/remotes/b1 [1ms]
2025-06-07 17:20:16.453 [info] > git status -z -uall [12ms]
2025-06-07 17:20:16.454 [info] > git for-each-ref --sort -committerdate --format %(refname)%00%(objectname)%00%(*objectname) [1ms]
2025-06-07 17:20:21.464 [info] > git config --get commit.template [2ms]
2025-06-07 17:20:21.473 [info] > git for-each-ref --format=%(refname)%00%(upstream:short)%00%(objectname)%00%(upstream:track)%00%(upstream:remotename)%00%(upstream:remoteref) refs/heads/b1 refs/remotes/b1 [1ms]
2025-06-07 17:20:21.492 [info] > git status -z -uall [8ms]
2025-06-07 17:20:21.493 [info] > git for-each-ref --sort -committerdate --format %(refname)%00%(objectname)%00%(*objectname) [2ms]
2025-06-07 17:21:02.731 [info] > git config --get commit.template [0ms]
2025-06-07 17:21:02.740 [info] > git for-each-ref --format=%(refname)%00%(upstream:short)%00%(objectname)%00%(upstream:track)%00%(upstream:remotename)%00%(upstream:remoteref) refs/heads/b1 refs/remotes/b1 [1ms]
2025-06-07 17:21:02.756 [info] > git status -z -uall [9ms]
2025-06-07 17:21:02.758 [info] > git for-each-ref --sort -committerdate --format %(refname)%00%(objectname)%00%(*objectname) [2ms]
2025-06-07 17:21:26.255 [info] > git config --get commit.template [6ms]
2025-06-07 17:21:26.256 [info] > git for-each-ref --format=%(refname)%00%(upstream:short)%00%(objectname)%00%(upstream:track)%00%(upstream:remotename)%00%(upstream:remoteref) refs/heads/b1 refs/remotes/b1 [1ms]
2025-06-07 17:21:26.268 [info] > git status -z -uall [7ms]
2025-06-07 17:21:26.268 [info] > git for-each-ref --sort -committerdate --format %(refname)%00%(objectname)%00%(*objectname) [1ms]
2025-06-07 17:21:34.019 [info] > git config --get commit.template [9ms]
2025-06-07 17:21:34.020 [info] > git for-each-ref --format=%(refname)%00%(upstream:short)%00%(objectname)%00%(upstream:track)%00%(upstream:remotename)%00%(upstream:remoteref) refs/heads/b1 refs/remotes/b1 [2ms]
2025-06-07 17:21:34.034 [info] > git status -z -uall [7ms]
2025-06-07 17:21:34.035 [info] > git for-each-ref --sort -committerdate --format %(refname)%00%(objectname)%00%(*objectname) [2ms]
2025-06-07 17:21:39.052 [info] > git config --get commit.template [7ms]
2025-06-07 17:21:39.053 [info] > git for-each-ref --format=%(refname)%00%(upstream:short)%00%(objectname)%00%(upstream:track)%00%(upstream:remotename)%00%(upstream:remoteref) refs/heads/b1 refs/remotes/b1 [2ms]
2025-06-07 17:21:39.065 [info] > git status -z -uall [6ms]
2025-06-07 17:21:39.065 [info] > git for-each-ref --sort -committerdate --format %(refname)%00%(objectname)%00%(*objectname) [1ms]
2025-06-07 17:21:58.504 [info] > git config --get commit.template [9ms]
2025-06-07 17:21:58.505 [info] > git for-each-ref --format=%(refname)%00%(upstream:short)%00%(objectname)%00%(upstream:track)%00%(upstream:remotename)%00%(upstream:remoteref) refs/heads/b1 refs/remotes/b1 [1ms]
2025-06-07 17:21:58.523 [info] > git status -z -uall [11ms]
2025-06-07 17:21:58.523 [info] > git for-each-ref --sort -committerdate --format %(refname)%00%(objectname)%00%(*objectname) [1ms]
2025-06-07 17:22:15.712 [info] > git config --get commit.template [8ms]
2025-06-07 17:22:15.712 [info] > git for-each-ref --format=%(refname)%00%(upstream:short)%00%(objectname)%00%(upstream:track)%00%(upstream:remotename)%00%(upstream:remoteref) refs/heads/b1 refs/remotes/b1 [1ms]
2025-06-07 17:22:15.727 [info] > git status -z -uall [7ms]
2025-06-07 17:22:15.728 [info] > git for-each-ref --sort -committerdate --format %(refname)%00%(objectname)%00%(*objectname) [1ms]
2025-06-07 17:22:28.967 [info] > git config --get commit.template [1ms]
2025-06-07 17:22:28.975 [info] > git for-each-ref --format=%(refname)%00%(upstream:short)%00%(objectname)%00%(upstream:track)%00%(upstream:remotename)%00%(upstream:remoteref) refs/heads/b1 refs/remotes/b1 [2ms]
2025-06-07 17:22:28.991 [info] > git status -z -uall [6ms]
2025-06-07 17:22:28.992 [info] > git for-each-ref --sort -committerdate --format %(refname)%00%(objectname)%00%(*objectname) [1ms]
2025-06-07 17:22:34.007 [info] > git config --get commit.template [7ms]
2025-06-07 17:22:34.007 [info] > git for-each-ref --format=%(refname)%00%(upstream:short)%00%(objectname)%00%(upstream:track)%00%(upstream:remotename)%00%(upstream:remoteref) refs/heads/b1 refs/remotes/b1 [1ms]
2025-06-07 17:22:34.020 [info] > git status -z -uall [7ms]
2025-06-07 17:22:34.021 [info] > git for-each-ref --sort -committerdate --format %(refname)%00%(objectname)%00%(*objectname) [2ms]
2025-06-07 17:22:34.337 [info] > git show --textconv :sorting.cpp [7ms]
2025-06-07 17:22:34.338 [info] > git ls-files --stage -- sorting.cpp [2ms]
2025-06-07 17:22:34.344 [info] > git cat-file -s 73af77bb89195e4571113b3084fe696cc6190528 [1ms]
2025-06-07 17:22:34.360 [info] > git blame --root --incremental f925af994458f9971fee476d66ab589af501987a -- sorting.cpp [1ms]
2025-06-07 19:26:31.617 [info] > git config --get commit.template [9ms]
2025-06-07 19:26:31.618 [info] > git for-each-ref --format=%(refname)%00%(upstream:short)%00%(objectname)%00%(upstream:track)%00%(upstream:remotename)%00%(upstream:remoteref) refs/heads/b1 refs/remotes/b1 [1ms]
2025-06-07 19:26:31.634 [info] > git status -z -uall [8ms]
2025-06-07 19:26:31.636 [info] > git for-each-ref --sort -committerdate --format %(refname)%00%(objectname)%00%(*objectname) [3ms]
2025-06-07 21:16:27.708 [info] > git config --get commit.template [21ms]
2025-06-07 21:16:27.708 [info] > git for-each-ref --format=%(refname)%00%(upstream:short)%00%(objectname)%00%(upstream:track)%00%(upstream:remotename)%00%(upstream:remoteref) refs/heads/b1 refs/remotes/b1 [12ms]
2025-06-07 21:16:27.728 [info] > git status -z -uall [10ms]
2025-06-07 21:16:27.728 [info] > git for-each-ref --sort -committerdate --format %(refname)%00%(objectname)%00%(*objectname) [1ms]
2025-06-07 21:17:33.988 [info] > git config --get commit.template [10ms]
2025-06-07 21:17:33.989 [info] > git for-each-ref --format=%(refname)%00%(upstream:short)%00%(objectname)%00%(upstream:track)%00%(upstream:remotename)%00%(upstream:remoteref) refs/heads/b1 refs/remotes/b1 [1ms]
2025-06-07 21:17:34.006 [info] > git status -z -uall [11ms]
2025-06-07 21:17:34.007 [info] > git for-each-ref --sort -committerdate --format %(refname)%00%(objectname)%00%(*objectname) [1ms]
2025-06-07 21:17:52.783 [info] > git config --get commit.template [12ms]
2025-06-07 21:17:52.784 [info] > git for-each-ref --format=%(refname)%00%(upstream:short)%00%(objectname)%00%(upstream:track)%00%(upstream:remotename)%00%(upstream:remoteref) refs/heads/b1 refs/remotes/b1 [2ms]
2025-06-07 21:17:52.802 [info] > git status -z -uall [12ms]
2025-06-07 21:17:52.803 [info] > git for-each-ref --sort -committerdate --format %(refname)%00%(objectname)%00%(*objectname) [1ms]
2025-06-07 21:18:30.269 [info] > git config --get commit.template [8ms]
2025-06-07 21:18:30.270 [info] > git for-each-ref --format=%(refname)%00%(upstream:short)%00%(objectname)%00%(upstream:track)%00%(upstream:remotename)%00%(upstream:remoteref) refs/heads/b1 refs/remotes/b1 [2ms]
2025-06-07 21:18:30.287 [info] > git status -z -uall [7ms]
2025-06-07 21:18:30.288 [info] > git for-each-ref --sort -committerdate --format %(refname)%00%(objectname)%00%(*objectname) [2ms]
2025-06-07 21:19:04.672 [info] > git config --get commit.template [12ms]
2025-06-07 21:19:04.673 [info] > git for-each-ref --format=%(refname)%00%(upstream:short)%00%(objectname)%00%(upstream:track)%00%(upstream:remotename)%00%(upstream:remoteref) refs/heads/b1 refs/remotes/b1 [1ms]
2025-06-07 21:19:04.692 [info] > git status -z -uall [12ms]
2025-06-07 21:19:04.693 [info] > git for-each-ref --sort -committerdate --format %(refname)%00%(objectname)%00%(*objectname) [1ms]
2025-06-07 21:19:11.888 [info] > git check-ignore -v -z --stdin [1ms]
2025-06-07 21:19:11.992 [info] > git config --get commit.template [11ms]
2025-06-07 21:19:11.992 [info] > git for-each-ref --format=%(refname)%00%(upstream:short)%00%(objectname)%00%(upstream:track)%00%(upstream:remotename)%00%(upstream:remoteref) refs/heads/b1 refs/remotes/b1 [0ms]
2025-06-07 21:19:12.011 [info] > git status -z -uall [11ms]
2025-06-07 21:19:12.011 [info] > git for-each-ref --sort -committerdate --format %(refname)%00%(objectname)%00%(*objectname) [1ms]
2025-06-07 21:19:38.023 [info] > git config --get commit.template [10ms]
2025-06-07 21:19:38.024 [info] > git for-each-ref --format=%(refname)%00%(upstream:short)%00%(objectname)%00%(upstream:track)%00%(upstream:remotename)%00%(upstream:remoteref) refs/heads/b1 refs/remotes/b1 [1ms]
2025-06-07 21:19:38.042 [info] > git status -z -uall [8ms]
2025-06-07 21:19:38.043 [info] > git for-each-ref --sort -committerdate --format %(refname)%00%(objectname)%00%(*objectname) [1ms]
2025-06-07 21:19:46.372 [info] > git config --get commit.template [7ms]
2025-06-07 21:19:46.372 [info] > git for-each-ref --format=%(refname)%00%(upstream:short)%00%(objectname)%00%(upstream:track)%00%(upstream:remotename)%00%(upstream:remoteref) refs/heads/b1 refs/remotes/b1 [1ms]
2025-06-07 21:19:46.389 [info] > git status -z -uall [6ms]
2025-06-07 21:19:46.390 [info] > git for-each-ref --sort -committerdate --format %(refname)%00%(objectname)%00%(*objectname) [1ms]
2025-06-07 21:19:55.913 [info] > git config --get commit.template [10ms]
2025-06-07 21:19:55.913 [info] > git for-each-ref --format=%(refname)%00%(upstream:short)%00%(objectname)%00%(upstream:track)%00%(upstream:remotename)%00%(upstream:remoteref) refs/heads/b1 refs/remotes/b1 [2ms]
2025-06-07 21:19:55.929 [info] > git status -z -uall [9ms]
2025-06-07 21:19:55.930 [info] > git for-each-ref --sort -committerdate --format %(refname)%00%(objectname)%00%(*objectname) [1ms]
2025-06-07 21:20:00.949 [info] > git config --get commit.template [11ms]
2025-06-07 21:20:00.949 [info] > git for-each-ref --format=%(refname)%00%(upstream:short)%00%(objectname)%00%(upstream:track)%00%(upstream:remotename)%00%(upstream:remoteref) refs/heads/b1 refs/remotes/b1 [1ms]
2025-06-07 21:20:00.966 [info] > git status -z -uall [11ms]
2025-06-07 21:20:00.966 [info] > git for-each-ref --sort -committerdate --format %(refname)%00%(objectname)%00%(*objectname) [1ms]
2025-06-07 21:20:05.981 [info] > git config --get commit.template [7ms]
2025-06-07 21:20:05.981 [info] > git for-each-ref --format=%(refname)%00%(upstream:short)%00%(objectname)%00%(upstream:track)%00%(upstream:remotename)%00%(upstream:remoteref) refs/heads/b1 refs/remotes/b1 [0ms]
2025-06-07 21:20:05.993 [info] > git status -z -uall [5ms]
2025-06-07 21:20:05.994 [info] > git for-each-ref --sort -committerdate --format %(refname)%00%(objectname)%00%(*objectname) [1ms]
2025-06-07 21:20:11.014 [info] > git config --get commit.template [11ms]
2025-06-07 21:20:11.015 [info] > git for-each-ref --format=%(refname)%00%(upstream:short)%00%(objectname)%00%(upstream:track)%00%(upstream:remotename)%00%(upstream:remoteref) refs/heads/b1 refs/remotes/b1 [1ms]
2025-06-07 21:20:11.031 [info] > git status -z -uall [10ms]
2025-06-07 21:20:11.032 [info] > git for-each-ref --sort -committerdate --format %(refname)%00%(objectname)%00%(*objectname) [2ms]
2025-06-07 21:20:23.955 [info] > git config --get commit.template [2ms]
2025-06-07 21:20:23.965 [info] > git for-each-ref --format=%(refname)%00%(upstream:short)%00%(objectname)%00%(upstream:track)%00%(upstream:remotename)%00%(upstream:remoteref) refs/heads/b1 refs/remotes/b1 [1ms]
2025-06-07 21:20:23.984 [info] > git status -z -uall [10ms]
2025-06-07 21:20:23.985 [info] > git for-each-ref --sort -committerdate --format %(refname)%00%(objectname)%00%(*objectname) [1ms]
2025-06-07 21:20:30.730 [info] > git config --get commit.template [9ms]
2025-06-07 21:20:30.731 [info] > git for-each-ref --format=%(refname)%00%(upstream:short)%00%(objectname)%00%(upstream:track)%00%(upstream:remotename)%00%(upstream:remoteref) refs/heads/b1 refs/remotes/b1 [1ms]
2025-06-07 21:20:30.748 [info] > git status -z -uall [10ms]
2025-06-07 21:20:30.749 [info] > git for-each-ref --sort -committerdate --format %(refname)%00%(objectname)%00%(*objectname) [1ms]
2025-06-07 21:21:19.187 [info] > git config --get commit.template [12ms]
2025-06-07 21:21:19.187 [info] > git for-each-ref --format=%(refname)%00%(upstream:short)%00%(objectname)%00%(upstream:track)%00%(upstream:remotename)%00%(upstream:remoteref) refs/heads/b1 refs/remotes/b1 [1ms]
2025-06-07 21:21:19.205 [info] > git status -z -uall [12ms]
2025-06-07 21:21:19.206 [info] > git for-each-ref --sort -committerdate --format %(refname)%00%(objectname)%00%(*objectname) [2ms]
2025-06-07 21:21:24.227 [info] > git config --get commit.template [7ms]
2025-06-07 21:21:24.227 [info] > git for-each-ref --format=%(refname)%00%(upstream:short)%00%(objectname)%00%(upstream:track)%00%(upstream:remotename)%00%(upstream:remoteref) refs/heads/b1 refs/remotes/b1 [1ms]
2025-06-07 21:21:24.246 [info] > git status -z -uall [9ms]
2025-06-07 21:21:24.247 [info] > git for-each-ref --sort -committerdate --format %(refname)%00%(objectname)%00%(*objectname) [2ms]
2025-06-07 21:21:29.256 [info] > git config --get commit.template [1ms]
2025-06-07 21:21:29.263 [info] > git for-each-ref --format=%(refname)%00%(upstream:short)%00%(objectname)%00%(upstream:track)%00%(upstream:remotename)%00%(upstream:remoteref) refs/heads/b1 refs/remotes/b1 [1ms]
2025-06-07 21:21:29.277 [info] > git status -z -uall [8ms]
2025-06-07 21:21:29.278 [info] > git for-each-ref --sort -committerdate --format %(refname)%00%(objectname)%00%(*objectname) [2ms]
2025-06-07 21:21:34.293 [info] > git config --get commit.template [6ms]
2025-06-07 21:21:34.294 [info] > git for-each-ref --format=%(refname)%00%(upstream:short)%00%(objectname)%00%(upstream:track)%00%(upstream:remotename)%00%(upstream:remoteref) refs/heads/b1 refs/remotes/b1 [2ms]
2025-06-07 21:21:34.307 [info] > git status -z -uall [7ms]
2025-06-07 21:21:34.307 [info] > git for-each-ref --sort -committerdate --format %(refname)%00%(objectname)%00%(*objectname) [1ms]
2025-06-07 21:21:53.070 [info] > git config --get commit.template [10ms]
2025-06-07 21:21:53.071 [info] > git for-each-ref --format=%(refname)%00%(upstream:short)%00%(objectname)%00%(upstream:track)%00%(upstream:remotename)%00%(upstream:remoteref) refs/heads/b1 refs/remotes/b1 [1ms]
2025-06-07 21:21:53.089 [info] > git status -z -uall [8ms]
2025-06-07 21:21:53.089 [info] > git for-each-ref --sort -committerdate --format %(refname)%00%(objectname)%00%(*objectname) [1ms]
2025-06-07 21:22:24.231 [info] > git config --get commit.template [9ms]
2025-06-07 21:22:24.231 [info] > git for-each-ref --format=%(refname)%00%(upstream:short)%00%(objectname)%00%(upstream:track)%00%(upstream:remotename)%00%(upstream:remoteref) refs/heads/b1 refs/remotes/b1 [1ms]
2025-06-07 21:22:24.250 [info] > git status -z -uall [8ms]
2025-06-07 21:22:24.251 [info] > git for-each-ref --sort -committerdate --format %(refname)%00%(objectname)%00%(*objectname) [1ms]
2025-06-07 21:22:29.563 [info] > git config --get commit.template [8ms]
2025-06-07 21:22:29.564 [info] > git for-each-ref --format=%(refname)%00%(upstream:short)%00%(objectname)%00%(upstream:track)%00%(upstream:remotename)%00%(upstream:remoteref) refs/heads/b1 refs/remotes/b1 [1ms]
2025-06-07 21:22:29.581 [info] > git status -z -uall [11ms]
2025-06-07 21:22:29.582 [info] > git for-each-ref --sort -committerdate --format %(refname)%00%(objectname)%00%(*objectname) [1ms]
2025-06-07 21:23:12.088 [info] > git config --get commit.template [11ms]
2025-06-07 21:23:12.098 [info] > git for-each-ref --format=%(refname)%00%(upstream:short)%00%(objectname)%00%(upstream:track)%00%(upstream:remotename)%00%(upstream:remoteref) refs/heads/b1 refs/remotes/b1 [1ms]
2025-06-07 21:23:12.121 [info] > git status -z -uall [13ms]
2025-06-07 21:23:12.122 [info] > git for-each-ref --sort -committerdate --format %(refname)%00%(objectname)%00%(*objectname) [2ms]
2025-06-07 21:23:17.137 [info] > git config --get commit.template [7ms]
2025-06-07 21:23:17.138 [info] > git for-each-ref --format=%(refname)%00%(upstream:short)%00%(objectname)%00%(upstream:track)%00%(upstream:remotename)%00%(upstream:remoteref) refs/heads/b1 refs/remotes/b1 [1ms]
2025-06-07 21:23:17.151 [info] > git status -z -uall [8ms]
2025-06-07 21:23:17.151 [info] > git for-each-ref --sort -committerdate --format %(refname)%00%(objectname)%00%(*objectname) [1ms]
2025-06-07 21:24:23.064 [info] > git config --get commit.template [1ms]
2025-06-07 21:24:23.077 [info] > git for-each-ref --format=%(refname)%00%(upstream:short)%00%(objectname)%00%(upstream:track)%00%(upstream:remotename)%00%(upstream:remoteref) refs/heads/b1 refs/remotes/b1 [2ms]
2025-06-07 21:24:23.095 [info] > git status -z -uall [12ms]
2025-06-07 21:24:23.096 [info] > git for-each-ref --sort -committerdate --format %(refname)%00%(objectname)%00%(*objectname) [1ms]
2025-06-07 21:25:30.454 [info] > git config --get commit.template [13ms]
2025-06-07 21:25:30.454 [info] > git for-each-ref --format=%(refname)%00%(upstream:short)%00%(objectname)%00%(upstream:track)%00%(upstream:remotename)%00%(upstream:remoteref) refs/heads/b1 refs/remotes/b1 [1ms]
2025-06-07 21:25:30.471 [info] > git status -z -uall [11ms]
2025-06-07 21:25:30.472 [info] > git for-each-ref --sort -committerdate --format %(refname)%00%(objectname)%00%(*objectname) [1ms]
2025-06-07 21:25:35.486 [info] > git config --get commit.template [1ms]
2025-06-07 21:25:35.494 [info] > git for-each-ref --format=%(refname)%00%(upstream:short)%00%(objectname)%00%(upstream:track)%00%(upstream:remotename)%00%(upstream:remoteref) refs/heads/b1 refs/remotes/b1 [1ms]
2025-06-07 21:25:35.515 [info] > git status -z -uall [11ms]
2025-06-07 21:25:35.517 [info] > git for-each-ref --sort -committerdate --format %(refname)%00%(objectname)%00%(*objectname) [3ms]
2025-06-07 21:25:40.540 [info] > git config --get commit.template [14ms]
2025-06-07 21:25:40.540 [info] > git for-each-ref --format=%(refname)%00%(upstream:short)%00%(objectname)%00%(upstream:track)%00%(upstream:remotename)%00%(upstream:remoteref) refs/heads/b1 refs/remotes/b1 [1ms]
2025-06-07 21:25:40.560 [info] > git status -z -uall [8ms]
2025-06-07 21:25:40.561 [info] > git for-each-ref --sort -committerdate --format %(refname)%00%(objectname)%00%(*objectname) [2ms]
2025-06-07 21:25:45.577 [info] > git config --get commit.template [7ms]
2025-06-07 21:25:45.577 [info] > git for-each-ref --format=%(refname)%00%(upstream:short)%00%(objectname)%00%(upstream:track)%00%(upstream:remotename)%00%(upstream:remoteref) refs/heads/b1 refs/remotes/b1 [0ms]
2025-06-07 21:25:45.590 [info] > git status -z -uall [6ms]
2025-06-07 21:25:45.591 [info] > git for-each-ref --sort -committerdate --format %(refname)%00%(objectname)%00%(*objectname) [1ms]
2025-06-07 21:26:14.258 [info] > git config --get commit.template [9ms]
2025-06-07 21:26:14.259 [info] > git for-each-ref --format=%(refname)%00%(upstream:short)%00%(objectname)%00%(upstream:track)%00%(upstream:remotename)%00%(upstream:remoteref) refs/heads/b1 refs/remotes/b1 [1ms]
2025-06-07 21:26:14.279 [info] > git status -z -uall [11ms]
2025-06-07 21:26:14.279 [info] > git for-each-ref --sort -committerdate --format %(refname)%00%(objectname)%00%(*objectname) [2ms]
2025-06-07 21:26:24.283 [info] > git config --get commit.template [1ms]
2025-06-07 21:26:24.295 [info] > git for-each-ref --format=%(refname)%00%(upstream:short)%00%(objectname)%00%(upstream:track)%00%(upstream:remotename)%00%(upstream:remoteref) refs/heads/b1 refs/remotes/b1 [2ms]
2025-06-07 21:26:24.315 [info] > git status -z -uall [13ms]
2025-06-07 21:26:24.316 [info] > git for-each-ref --sort -committerdate --format %(refname)%00%(objectname)%00%(*objectname) [1ms]
2025-06-07 21:26:29.331 [info] > git config --get commit.template [7ms]
2025-06-07 21:26:29.331 [info] > git for-each-ref --format=%(refname)%00%(upstream:short)%00%(objectname)%00%(upstream:track)%00%(upstream:remotename)%00%(upstream:remoteref) refs/heads/b1 refs/remotes/b1 [1ms]
2025-06-07 21:26:29.345 [info] > git status -z -uall [7ms]
2025-06-07 21:26:29.346 [info] > git for-each-ref --sort -committerdate --format %(refname)%00%(objectname)%00%(*objectname) [1ms]
2025-06-07 21:26:34.381 [info] > git for-each-ref --format=%(refname)%00%(upstream:short)%00%(objectname)%00%(upstream:track)%00%(upstream:remotename)%00%(upstream:remoteref) refs/heads/b1 refs/remotes/b1 [1ms]
2025-06-07 21:26:34.381 [info] > git config --get commit.template [18ms]
2025-06-07 21:26:34.402 [info] > git status -z -uall [8ms]
2025-06-07 21:26:34.403 [info] > git for-each-ref --sort -committerdate --format %(refname)%00%(objectname)%00%(*objectname) [1ms]
2025-06-07 21:26:39.423 [info] > git config --get commit.template [7ms]
2025-06-07 21:26:39.424 [info] > git for-each-ref --format=%(refname)%00%(upstream:short)%00%(objectname)%00%(upstream:track)%00%(upstream:remotename)%00%(upstream:remoteref) refs/heads/b1 refs/remotes/b1 [1ms]
2025-06-07 21:26:39.438 [info] > git status -z -uall [8ms]
2025-06-07 21:26:39.439 [info] > git for-each-ref --sort -committerdate --format %(refname)%00%(objectname)%00%(*objectname) [1ms]
2025-06-07 21:27:10.530 [info] > git config --get commit.template [7ms]
2025-06-07 21:27:10.531 [info] > git for-each-ref --format=%(refname)%00%(upstream:short)%00%(objectname)%00%(upstream:track)%00%(upstream:remotename)%00%(upstream:remoteref) refs/heads/b1 refs/remotes/b1 [2ms]
2025-06-07 21:27:10.549 [info] > git status -z -uall [8ms]
2025-06-07 21:27:10.550 [info] > git for-each-ref --sort -committerdate --format %(refname)%00%(objectname)%00%(*objectname) [2ms]
2025-06-07 21:28:25.263 [info] > git config --get commit.template [12ms]
2025-06-07 21:28:25.263 [info] > git for-each-ref --format=%(refname)%00%(upstream:short)%00%(objectname)%00%(upstream:track)%00%(upstream:remotename)%00%(upstream:remoteref) refs/heads/b1 refs/remotes/b1 [1ms]
2025-06-07 21:28:25.281 [info] > git status -z -uall [10ms]
2025-06-07 21:28:25.282 [info] > git for-each-ref --sort -committerdate --format %(refname)%00%(objectname)%00%(*objectname) [1ms]
2025-06-07 21:28:39.961 [info] > git config --get commit.template [7ms]
2025-06-07 21:28:39.961 [info] > git for-each-ref --format=%(refname)%00%(upstream:short)%00%(objectname)%00%(upstream:track)%00%(upstream:remotename)%00%(upstream:remoteref) refs/heads/b1 refs/remotes/b1 [0ms]
2025-06-07 21:28:39.976 [info] > git status -z -uall [8ms]
2025-06-07 21:28:39.977 [info] > git for-each-ref --sort -committerdate --format %(refname)%00%(objectname)%00%(*objectname) [2ms]
2025-06-07 21:28:59.087 [info] > git for-each-ref --format=%(refname)%00%(upstream:short)%00%(objectname)%00%(upstream:track)%00%(upstream:remotename)%00%(upstream:remoteref) refs/heads/b1 refs/remotes/b1 [2ms]
2025-06-07 21:28:59.087 [info] > git config --get commit.template [10ms]
2025-06-07 21:28:59.108 [info] > git status -z -uall [13ms]
2025-06-07 21:28:59.109 [info] > git for-each-ref --sort -committerdate --format %(refname)%00%(objectname)%00%(*objectname) [1ms]
2025-06-07 21:29:04.124 [info] > git config --get commit.template [6ms]
2025-06-07 21:29:04.125 [info] > git for-each-ref --format=%(refname)%00%(upstream:short)%00%(objectname)%00%(upstream:track)%00%(upstream:remotename)%00%(upstream:remoteref) refs/heads/b1 refs/remotes/b1 [1ms]
2025-06-07 21:29:04.138 [info] > git status -z -uall [8ms]
2025-06-07 21:29:04.139 [info] > git for-each-ref --sort -committerdate --format %(refname)%00%(objectname)%00%(*objectname) [1ms]
2025-06-07 21:30:24.178 [info] > git config --get commit.template [11ms]
2025-06-07 21:30:24.179 [info] > git for-each-ref --format=%(refname)%00%(upstream:short)%00%(objectname)%00%(upstream:track)%00%(upstream:remotename)%00%(upstream:remoteref) refs/heads/b1 refs/remotes/b1 [1ms]
2025-06-07 21:30:24.197 [info] > git status -z -uall [11ms]
2025-06-07 21:30:24.198 [info] > git for-each-ref --sort -committerdate --format %(refname)%00%(objectname)%00%(*objectname) [2ms]
2025-06-07 21:30:29.770 [info] > git config --get commit.template [8ms]
2025-06-07 21:30:29.770 [info] > git for-each-ref --format=%(refname)%00%(upstream:short)%00%(objectname)%00%(upstream:track)%00%(upstream:remotename)%00%(upstream:remoteref) refs/heads/b1 refs/remotes/b1 [1ms]
2025-06-07 21:30:29.784 [info] > git status -z -uall [7ms]
2025-06-07 21:30:29.785 [info] > git for-each-ref --sort -committerdate --format %(refname)%00%(objectname)%00%(*objectname) [1ms]
2025-06-07 21:30:47.952 [info] > git config --get commit.template [8ms]
2025-06-07 21:30:47.952 [info] > git for-each-ref --format=%(refname)%00%(upstream:short)%00%(objectname)%00%(upstream:track)%00%(upstream:remotename)%00%(upstream:remoteref) refs/heads/b1 refs/remotes/b1 [1ms]
2025-06-07 21:30:47.969 [info] > git status -z -uall [8ms]
2025-06-07 21:30:47.970 [info] > git for-each-ref --sort -committerdate --format %(refname)%00%(objectname)%00%(*objectname) [2ms]
2025-06-07 21:31:26.405 [info] > git config --get commit.template [12ms]
2025-06-07 21:31:26.405 [info] > git for-each-ref --format=%(refname)%00%(upstream:short)%00%(objectname)%00%(upstream:track)%00%(upstream:remotename)%00%(upstream:remoteref) refs/heads/b1 refs/remotes/b1 [0ms]
2025-06-07 21:31:26.423 [info] > git status -z -uall [11ms]
2025-06-07 21:31:26.424 [info] > git for-each-ref --sort -committerdate --format %(refname)%00%(objectname)%00%(*objectname) [1ms]
2025-06-07 21:31:34.305 [info] > git config --get commit.template [11ms]
2025-06-07 21:31:34.306 [info] > git for-each-ref --format=%(refname)%00%(upstream:short)%00%(objectname)%00%(upstream:track)%00%(upstream:remotename)%00%(upstream:remoteref) refs/heads/b1 refs/remotes/b1 [1ms]
2025-06-07 21:31:34.323 [info] > git status -z -uall [8ms]
2025-06-07 21:31:34.324 [info] > git for-each-ref --sort -committerdate --format %(refname)%00%(objectname)%00%(*objectname) [1ms]
2025-06-07 21:31:39.340 [info] > git config --get commit.template [8ms]
2025-06-07 21:31:39.340 [info] > git for-each-ref --format=%(refname)%00%(upstream:short)%00%(objectname)%00%(upstream:track)%00%(upstream:remotename)%00%(upstream:remoteref) refs/heads/b1 refs/remotes/b1 [1ms]
2025-06-07 21:31:39.354 [info] > git status -z -uall [7ms]
2025-06-07 21:31:39.355 [info] > git for-each-ref --sort -committerdate --format %(refname)%00%(objectname)%00%(*objectname) [1ms]
2025-06-07 21:35:48.645 [info] > git config --get commit.template [9ms]
2025-06-07 21:35:48.646 [info] > git for-each-ref --format=%(refname)%00%(upstream:short)%00%(objectname)%00%(upstream:track)%00%(upstream:remotename)%00%(upstream:remoteref) refs/heads/b1 refs/remotes/b1 [2ms]
2025-06-07 21:35:48.665 [info] > git status -z -uall [9ms]
2025-06-07 21:35:48.666 [info] > git for-each-ref --sort -committerdate --format %(refname)%00%(objectname)%00%(*objectname) [2ms]
2025-06-07 21:35:54.858 [info] > git config --get commit.template [1ms]
2025-06-07 21:35:54.871 [info] > git for-each-ref --format=%(refname)%00%(upstream:short)%00%(objectname)%00%(upstream:track)%00%(upstream:remotename)%00%(upstream:remoteref) refs/heads/b1 refs/remotes/b1 [1ms]
2025-06-07 21:35:54.888 [info] > git status -z -uall [10ms]
2025-06-07 21:35:54.889 [info] > git for-each-ref --sort -committerdate --format %(refname)%00%(objectname)%00%(*objectname) [1ms]
2025-06-07 21:35:59.899 [info] > git config --get commit.template [2ms]
2025-06-07 21:35:59.911 [info] > git for-each-ref --format=%(refname)%00%(upstream:short)%00%(objectname)%00%(upstream:track)%00%(upstream:remotename)%00%(upstream:remoteref) refs/heads/b1 refs/remotes/b1 [1ms]
2025-06-07 21:35:59.927 [info] > git status -z -uall [7ms]
2025-06-07 21:35:59.928 [info] > git for-each-ref --sort -committerdate --format %(refname)%00%(objectname)%00%(*objectname) [1ms]
2025-06-07 21:37:04.923 [info] > git config --get commit.template [10ms]
2025-06-07 21:37:04.923 [info] > git for-each-ref --format=%(refname)%00%(upstream:short)%00%(objectname)%00%(upstream:track)%00%(upstream:remotename)%00%(upstream:remoteref) refs/heads/b1 refs/remotes/b1 [2ms]
2025-06-07 21:37:04.944 [info] > git status -z -uall [15ms]
2025-06-07 21:37:04.945 [info] > git for-each-ref --sort -committerdate --format %(refname)%00%(objectname)%00%(*objectname) [2ms]
2025-06-07 21:37:10.562 [info] > git config --get commit.template [9ms]
2025-06-07 21:37:10.562 [info] > git for-each-ref --format=%(refname)%00%(upstream:short)%00%(objectname)%00%(upstream:track)%00%(upstream:remotename)%00%(upstream:remoteref) refs/heads/b1 refs/remotes/b1 [0ms]
2025-06-07 21:37:10.582 [info] > git status -z -uall [8ms]
2025-06-07 21:37:10.582 [info] > git for-each-ref --sort -committerdate --format %(refname)%00%(objectname)%00%(*objectname) [1ms]
2025-06-07 21:37:13.119 [info] > git ls-files --stage -- sorting.cpp [1ms]
2025-06-07 21:37:13.126 [info] > git cat-file -s f43511cb091b475f0ac6f8b61accbdc149095491 [1ms]
2025-06-07 21:37:13.134 [info] > git show --textconv :sorting.cpp [1ms]
2025-06-07 21:37:15.600 [info] > git config --get commit.template [8ms]
2025-06-07 21:37:15.600 [info] > git for-each-ref --format=%(refname)%00%(upstream:short)%00%(objectname)%00%(upstream:track)%00%(upstream:remotename)%00%(upstream:remoteref) refs/heads/b1 refs/remotes/b1 [1ms]
2025-06-07 21:37:15.614 [info] > git status -z -uall [8ms]
2025-06-07 21:37:15.614 [info] > git for-each-ref --sort -committerdate --format %(refname)%00%(objectname)%00%(*objectname) [1ms]
2025-06-07 21:37:15.625 [info] > git blame --root --incremental bb0d6dff10b0f96fbe8cd2ba7c2837ebc961c90e -- sorting.cpp [1ms]
2025-06-07 21:42:51.081 [info] > git config --get commit.template [11ms]
2025-06-07 21:42:51.081 [info] > git check-ignore -v -z --stdin [1ms]
2025-06-07 21:42:51.089 [info] > git for-each-ref --format=%(refname)%00%(upstream:short)%00%(objectname)%00%(upstream:track)%00%(upstream:remotename)%00%(upstream:remoteref) refs/heads/b1 refs/remotes/b1 [2ms]
2025-06-07 21:42:51.107 [info] > git status -z -uall [9ms]
2025-06-07 21:42:51.107 [info] > git for-each-ref --sort -committerdate --format %(refname)%00%(objectname)%00%(*objectname) [1ms]
2025-06-07 21:43:00.004 [info] > git show --textconv :sorting.cpp [12ms]
2025-06-07 21:43:00.004 [info] > git ls-files --stage -- sorting.cpp [1ms]
2025-06-07 21:43:00.015 [info] > git cat-file -s f43511cb091b475f0ac6f8b61accbdc149095491 [1ms]
2025-06-07 21:43:08.676 [info] > git config --get commit.template [12ms]
2025-06-07 21:43:08.677 [info] > git for-each-ref --format=%(refname)%00%(upstream:short)%00%(objectname)%00%(upstream:track)%00%(upstream:remotename)%00%(upstream:remoteref) refs/heads/b1 refs/remotes/b1 [2ms]
2025-06-07 21:43:08.694 [info] > git status -z -uall [11ms]
2025-06-07 21:43:08.695 [info] > git for-each-ref --sort -committerdate --format %(refname)%00%(objectname)%00%(*objectname) [1ms]
2025-06-07 21:45:23.667 [info] > git show --textconv :sorting.cpp [9ms]
2025-06-07 21:45:23.668 [info] > git ls-files --stage -- sorting.cpp [1ms]
2025-06-07 21:45:23.680 [info] > git cat-file -s f43511cb091b475f0ac6f8b61accbdc149095491 [1ms]
2025-06-07 21:45:36.210 [info] > git config --get commit.template [13ms]
2025-06-07 21:45:36.211 [info] > git for-each-ref --format=%(refname)%00%(upstream:short)%00%(objectname)%00%(upstream:track)%00%(upstream:remotename)%00%(upstream:remoteref) refs/heads/b1 refs/remotes/b1 [1ms]
2025-06-07 21:45:36.239 [info] > git status -z -uall [21ms]
2025-06-07 21:45:36.240 [info] > git for-each-ref --sort -committerdate --format %(refname)%00%(objectname)%00%(*objectname) [12ms]
2025-06-07 21:45:43.958 [info] > git config --get commit.template [11ms]
2025-06-07 21:45:43.958 [info] > git for-each-ref --format=%(refname)%00%(upstream:short)%00%(objectname)%00%(upstream:track)%00%(upstream:remotename)%00%(upstream:remoteref) refs/heads/b1 refs/remotes/b1 [1ms]
2025-06-07 21:45:43.975 [info] > git status -z -uall [11ms]
2025-06-07 21:45:43.976 [info] > git for-each-ref --sort -committerdate --format %(refname)%00%(objectname)%00%(*objectname) [2ms]
2025-06-07 21:46:00.073 [info] > git config --get commit.template [12ms]
2025-06-07 21:46:00.073 [info] > git for-each-ref --format=%(refname)%00%(upstream:short)%00%(objectname)%00%(upstream:track)%00%(upstream:remotename)%00%(upstream:remoteref) refs/heads/b1 refs/remotes/b1 [1ms]
2025-06-07 21:46:00.092 [info] > git status -z -uall [13ms]
2025-06-07 21:46:00.092 [info] > git for-each-ref --sort -committerdate --format %(refname)%00%(objectname)%00%(*objectname) [1ms]
2025-06-07 21:46:06.107 [info] > git config --get commit.template [11ms]
2025-06-07 21:46:06.107 [info] > git for-each-ref --format=%(refname)%00%(upstream:short)%00%(objectname)%00%(upstream:track)%00%(upstream:remotename)%00%(upstream:remoteref) refs/heads/b1 refs/remotes/b1 [1ms]
2025-06-07 21:46:06.126 [info] > git status -z -uall [10ms]
2025-06-07 21:46:06.127 [info] > git for-each-ref --sort -committerdate --format %(refname)%00%(objectname)%00%(*objectname) [2ms]
2025-06-07 21:46:08.445 [info] > git ls-files --stage -- sorting.cpp [1ms]
2025-06-07 21:46:08.452 [info] > git cat-file -s b4026be2a033de6d17cbe96990fb6a96322219ae [1ms]
2025-06-07 21:46:08.460 [info] > git show --textconv :sorting.cpp [1ms]
2025-06-07 21:46:11.141 [info] > git config --get commit.template [6ms]
2025-06-07 21:46:11.142 [info] > git for-each-ref --format=%(refname)%00%(upstream:short)%00%(objectname)%00%(upstream:track)%00%(upstream:remotename)%00%(upstream:remoteref) refs/heads/b1 refs/remotes/b1 [1ms]
2025-06-07 21:46:11.156 [info] > git status -z -uall [6ms]
2025-06-07 21:46:11.156 [info] > git for-each-ref --sort -committerdate --format %(refname)%00%(objectname)%00%(*objectname) [1ms]
2025-06-07 21:46:11.170 [info] > git blame --root --incremental 4a520a1101f83cf39f96ac6a9242aa1b3e7891d0 -- sorting.cpp [3ms]
2025-06-07 21:46:25.441 [info] > git show --textconv :mergeSort [12ms]
2025-06-07 21:46:25.442 [info] > git ls-files --stage -- mergeSort [1ms]
2025-06-07 21:46:25.453 [info] > git cat-file -s e69de29bb2d1d6434b8b29ae775ad8c2e48c5391 [1ms]
2025-06-07 21:46:25.464 [info] > git blame --root --incremental 4a520a1101f83cf39f96ac6a9242aa1b3e7891d0 -- mergeSort [1ms]
2025-06-07 21:49:35.596 [info] > git config --get commit.template [12ms]
2025-06-07 21:49:35.596 [info] > git for-each-ref --format=%(refname)%00%(upstream:short)%00%(objectname)%00%(upstream:track)%00%(upstream:remotename)%00%(upstream:remoteref) refs/heads/b1 refs/remotes/b1 [1ms]
2025-06-07 21:49:35.616 [info] > git status -z -uall [11ms]
2025-06-07 21:49:35.617 [info] > git for-each-ref --sort -committerdate --format %(refname)%00%(objectname)%00%(*objectname) [1ms]
2025-06-07 22:06:16.726 [info] > git config --get commit.template [11ms]
2025-06-07 22:06:16.727 [info] > git for-each-ref --format=%(refname)%00%(upstream:short)%00%(objectname)%00%(upstream:track)%00%(upstream:remotename)%00%(upstream:remoteref) refs/heads/b1 refs/remotes/b1 [2ms]
2025-06-07 22:06:16.746 [info] > git status -z -uall [11ms]
2025-06-07 22:06:16.747 [info] > git for-each-ref --sort -committerdate --format %(refname)%00%(objectname)%00%(*objectname) [2ms]
2025-06-07 22:07:08.930 [info] > git config --get commit.template [7ms]
2025-06-07 22:07:08.931 [info] > git check-ignore -v -z --stdin [2ms]
2025-06-07 22:07:08.942 [info] > git for-each-ref --format=%(refname)%00%(upstream:short)%00%(objectname)%00%(upstream:track)%00%(upstream:remotename)%00%(upstream:remoteref) refs/heads/b1 refs/remotes/b1 [0ms]
2025-06-07 22:07:08.960 [info] > git status -z -uall [9ms]
2025-06-07 22:07:08.961 [info] > git for-each-ref --sort -committerdate --format %(refname)%00%(objectname)%00%(*objectname) [2ms]
2025-06-07 22:07:32.209 [info] > git config --get commit.template [9ms]
2025-06-07 22:07:32.210 [info] > git for-each-ref --format=%(refname)%00%(upstream:short)%00%(objectname)%00%(upstream:track)%00%(upstream:remotename)%00%(upstream:remoteref) refs/heads/b1 refs/remotes/b1 [1ms]
2025-06-07 22:07:32.227 [info] > git status -z -uall [7ms]
2025-06-07 22:07:32.228 [info] > git for-each-ref --sort -committerdate --format %(refname)%00%(objectname)%00%(*objectname) [2ms]
2025-06-07 23:21:35.596 [info] > git config --get commit.template [8ms]
2025-06-07 23:21:35.597 [info] > git for-each-ref --format=%(refname)%00%(upstream:short)%00%(objectname)%00%(upstream:track)%00%(upstream:remotename)%00%(upstream:remoteref) refs/heads/b1 refs/remotes/b1 [2ms]
2025-06-07 23:21:35.618 [info] > git status -z -uall [13ms]
2025-06-07 23:21:35.619 [info] > git for-each-ref --sort -committerdate --format %(refname)%00%(objectname)%00%(*objectname) [2ms]
2025-06-07 23:21:40.636 [info] > git config --get commit.template [8ms]
2025-06-07 23:21:40.637 [info] > git for-each-ref --format=%(refname)%00%(upstream:short)%00%(objectname)%00%(upstream:track)%00%(upstream:remotename)%00%(upstream:remoteref) refs/heads/b1 refs/remotes/b1 [1ms]
2025-06-07 23:21:40.651 [info] > git status -z -uall [7ms]
2025-06-07 23:21:40.652 [info] > git for-each-ref --sort -committerdate --format %(refname)%00%(objectname)%00%(*objectname) [1ms]
2025-06-07 23:29:27.091 [info] > git config --get commit.template [2ms]
2025-06-07 23:29:27.101 [info] > git for-each-ref --format=%(refname)%00%(upstream:short)%00%(objectname)%00%(upstream:track)%00%(upstream:remotename)%00%(upstream:remoteref) refs/heads/b1 refs/remotes/b1 [2ms]
2025-06-07 23:29:27.122 [info] > git status -z -uall [11ms]
2025-06-07 23:29:27.123 [info] > git for-each-ref --sort -committerdate --format %(refname)%00%(objectname)%00%(*objectname) [2ms]
2025-06-07 23:29:47.559 [info] > git config --get commit.template [9ms]
2025-06-07 23:29:47.559 [info] > git for-each-ref --format=%(refname)%00%(upstream:short)%00%(objectname)%00%(upstream:track)%00%(upstream:remotename)%00%(upstream:remoteref) refs/heads/b1 refs/remotes/b1 [1ms]
2025-06-07 23:29:47.577 [info] > git status -z -uall [8ms]
2025-06-07 23:29:47.577 [info] > git for-each-ref --sort -committerdate --format %(refname)%00%(objectname)%00%(*objectname) [1ms]
2025-06-07 23:30:24.326 [info] > git config --get commit.template [9ms]
2025-06-07 23:30:24.327 [info] > git for-each-ref --format=%(refname)%00%(upstream:short)%00%(objectname)%00%(upstream:track)%00%(upstream:remotename)%00%(upstream:remoteref) refs/heads/b1 refs/remotes/b1 [2ms]
2025-06-07 23:30:24.346 [info] > git status -z -uall [11ms]
2025-06-07 23:30:24.346 [info] > git for-each-ref --sort -committerdate --format %(refname)%00%(objectname)%00%(*objectname) [1ms]
2025-06-07 23:30:29.362 [info] > git config --get commit.template [6ms]
2025-06-07 23:30:29.362 [info] > git for-each-ref --format=%(refname)%00%(upstream:short)%00%(objectname)%00%(upstream:track)%00%(upstream:remotename)%00%(upstream:remoteref) refs/heads/b1 refs/remotes/b1 [1ms]
2025-06-07 23:30:29.376 [info] > git status -z -uall [7ms]
2025-06-07 23:30:29.377 [info] > git for-each-ref --sort -committerdate --format %(refname)%00%(objectname)%00%(*objectname) [1ms]
2025-06-07 23:30:38.816 [info] > git config --get commit.template [11ms]
2025-06-07 23:30:38.816 [info] > git for-each-ref --format=%(refname)%00%(upstream:short)%00%(objectname)%00%(upstream:track)%00%(upstream:remotename)%00%(upstream:remoteref) refs/heads/b1 refs/remotes/b1 [1ms]
2025-06-07 23:30:38.833 [info] > git status -z -uall [8ms]
2025-06-07 23:30:38.834 [info] > git for-each-ref --sort -committerdate --format %(refname)%00%(objectname)%00%(*objectname) [1ms]
2025-06-07 23:30:44.850 [info] > git config --get commit.template [7ms]
2025-06-07 23:30:44.850 [info] > git for-each-ref --format=%(refname)%00%(upstream:short)%00%(objectname)%00%(upstream:track)%00%(upstream:remotename)%00%(upstream:remoteref) refs/heads/b1 refs/remotes/b1 [0ms]
2025-06-07 23:30:44.864 [info] > git status -z -uall [7ms]
2025-06-07 23:30:44.865 [info] > git for-each-ref --sort -committerdate --format %(refname)%00%(objectname)%00%(*objectname) [1ms]
2025-06-07 23:34:32.877 [info] > git config --get commit.template [8ms]
2025-06-07 23:34:32.878 [info] > git for-each-ref --format=%(refname)%00%(upstream:short)%00%(objectname)%00%(upstream:track)%00%(upstream:remotename)%00%(upstream:remoteref) refs/heads/b1 refs/remotes/b1 [2ms]
2025-06-07 23:34:32.899 [info] > git status -z -uall [11ms]
2025-06-07 23:34:32.900 [info] > git for-each-ref --sort -committerdate --format %(refname)%00%(objectname)%00%(*objectname) [2ms]
2025-06-07 23:34:37.910 [info] > git config --get commit.template [1ms]
2025-06-07 23:34:37.917 [info] > git for-each-ref --format=%(refname)%00%(upstream:short)%00%(objectname)%00%(upstream:track)%00%(upstream:remotename)%00%(upstream:remoteref) refs/heads/b1 refs/remotes/b1 [1ms]
2025-06-07 23:34:37.930 [info] > git status -z -uall [7ms]
2025-06-07 23:34:37.931 [info] > git for-each-ref --sort -committerdate --format %(refname)%00%(objectname)%00%(*objectname) [1ms]
2025-06-08 00:38:13.244 [info] > git config --get commit.template [11ms]
2025-06-08 00:38:13.252 [info] > git for-each-ref --format=%(refname)%00%(upstream:short)%00%(objectname)%00%(upstream:track)%00%(upstream:remotename)%00%(upstream:remoteref) refs/heads/b1 refs/remotes/b1 [9ms]
2025-06-08 00:38:13.269 [info] > git status -z -uall [9ms]
2025-06-08 00:38:13.271 [info] > git for-each-ref --sort -committerdate --format %(refname)%00%(objectname)%00%(*objectname) [2ms]
2025-06-08 00:38:18.291 [info] > git config --get commit.template [11ms]
2025-06-08 00:38:18.292 [info] > git for-each-ref --format=%(refname)%00%(upstream:short)%00%(objectname)%00%(upstream:track)%00%(upstream:remotename)%00%(upstream:remoteref) refs/heads/b1 refs/remotes/b1 [1ms]
2025-06-08 00:38:18.309 [info] > git status -z -uall [11ms]
2025-06-08 00:38:18.309 [info] > git for-each-ref --sort -committerdate --format %(refname)%00%(objectname)%00%(*objectname) [1ms]
2025-06-08 00:38:38.150 [info] > git config --get commit.template [9ms]
2025-06-08 00:38:38.150 [info] > git for-each-ref --format=%(refname)%00%(upstream:short)%00%(objectname)%00%(upstream:track)%00%(upstream:remotename)%00%(upstream:remoteref) refs/heads/b1 refs/remotes/b1 [1ms]
2025-06-08 00:38:38.170 [info] > git status -z -uall [12ms]
2025-06-08 00:38:38.171 [info] > git for-each-ref --sort -committerdate --format %(refname)%00%(objectname)%00%(*objectname) [3ms]
2025-06-08 00:38:48.344 [info] > git config --get commit.template [8ms]
2025-06-08 00:38:48.345 [info] > git for-each-ref --format=%(refname)%00%(upstream:short)%00%(objectname)%00%(upstream:track)%00%(upstream:remotename)%00%(upstream:remoteref) refs/heads/b1 refs/remotes/b1 [1ms]
2025-06-08 00:38:48.361 [info] > git status -z -uall [7ms]
2025-06-08 00:38:48.362 [info] > git for-each-ref --sort -committerdate --format %(refname)%00%(objectname)%00%(*objectname) [1ms]
2025-06-08 00:38:48.681 [info] > git show --textconv :mergeSort.cpp [8ms]
2025-06-08 00:38:48.682 [info] > git ls-files --stage -- mergeSort.cpp [1ms]
2025-06-08 00:38:48.689 [info] > git cat-file -s cf64fa5787921d9c82136ffe4b9ae176b91cd329 [1ms]
2025-06-08 00:38:48.704 [info] > git blame --root --incremental b1acca4fdef472955f8d41e362f350f97dbab53d -- mergeSort.cpp [2ms]
2025-06-08 00:38:54.423 [info] > git config --get commit.template [11ms]
2025-06-08 00:38:54.424 [info] > git for-each-ref --format=%(refname)%00%(upstream:short)%00%(objectname)%00%(upstream:track)%00%(upstream:remotename)%00%(upstream:remoteref) refs/heads/main refs/remotes/main [1ms]
2025-06-08 00:38:54.445 [info] > git status -z -uall [8ms]
2025-06-08 00:38:54.446 [info] > git for-each-ref --sort -committerdate --format %(refname)%00%(objectname)%00%(*objectname) [2ms]
2025-06-08 00:38:54.475 [info] > git blame --root --incremental 2a8d55a4de4762e4a05b2425d79c1cc6c8d49b20 -- mergeSort.cpp [15ms]
2025-06-08 00:38:54.475 [info] fatal: no such path mergeSort.cpp in 2a8d55a4de4762e4a05b2425d79c1cc6c8d49b20
2025-06-08 00:38:54.476 [info] > git for-each-ref --format=%(refname)%00%(upstream:short)%00%(objectname)%00%(upstream:track)%00%(upstream:remotename)%00%(upstream:remoteref) refs/heads/main refs/remotes/main [3ms]
2025-06-08 00:38:54.488 [info] > git config --get --local branch.main.vscode-merge-base [2ms]
2025-06-08 00:38:54.496 [info] > git for-each-ref --format=%(refname)%00%(upstream:short)%00%(objectname)%00%(upstream:track)%00%(upstream:remotename)%00%(upstream:remoteref) refs/heads/origin/main refs/remotes/origin/main [2ms]
2025-06-08 00:38:54.509 [info] > git merge-base refs/heads/main refs/remotes/origin/main [1ms]
2025-06-08 00:38:54.520 [info] > git diff --name-status -z --diff-filter=ADMR 2a8d55a4de4762e4a05b2425d79c1cc6c8d49b20...refs/remotes/origin/main [1ms]
2025-06-08 00:38:55.496 [info] > git config --get commit.template [8ms]
2025-06-08 00:38:55.497 [info] > git for-each-ref --format=%(refname)%00%(upstream:short)%00%(objectname)%00%(upstream:track)%00%(upstream:remotename)%00%(upstream:remoteref) refs/heads/main refs/remotes/main [1ms]
2025-06-08 00:38:55.517 [info] > git status -z -uall [10ms]
2025-06-08 00:38:55.518 [info] > git for-each-ref --sort -committerdate --format %(refname)%00%(objectname)%00%(*objectname) [2ms]
2025-06-08 00:38:55.589 [info] > git ls-files --stage -- mergeSort.cpp [1ms]
2025-06-08 00:38:55.589 [warning] [GitFileSystemProvider][stat] File not found - git:/home/sammy/Desktop/temp/hello-world/mergeSort.cpp.git?%7B%22path%22%3A%22%2Fhome%2Fsammy%2FDesktop%2Ftemp%2Fhello-world%2FmergeSort.cpp%22%2C%22ref%22%3A%22%22%7D
2025-06-08 00:38:58.903 [info] > git ls-files --stage -- mergeSort.cpp [1ms]
2025-06-08 00:38:58.904 [warning] [GitFileSystemProvider][stat] File not found - git:/home/sammy/Desktop/temp/hello-world/mergeSort.cpp.git?%7B%22path%22%3A%22%2Fhome%2Fsammy%2FDesktop%2Ftemp%2Fhello-world%2FmergeSort.cpp%22%2C%22ref%22%3A%22%22%7D
2025-06-08 00:39:00.534 [info] > git config --get commit.template [7ms]
2025-06-08 00:39:00.535 [info] > git for-each-ref --format=%(refname)%00%(upstream:short)%00%(objectname)%00%(upstream:track)%00%(upstream:remotename)%00%(upstream:remoteref) refs/heads/main refs/remotes/main [1ms]
2025-06-08 00:39:00.549 [info] > git status -z -uall [8ms]
2025-06-08 00:39:00.549 [info] > git for-each-ref --sort -committerdate --format %(refname)%00%(objectname)%00%(*objectname) [1ms]
2025-06-08 00:39:05.274 [info] > git ls-files --stage -- mergeSort.cpp [1ms]
2025-06-08 00:39:05.287 [info] > git cat-file -s cf64fa5787921d9c82136ffe4b9ae176b91cd329 [1ms]
2025-06-08 00:39:05.297 [info] > git show --textconv :mergeSort.cpp [2ms]
2025-06-08 00:39:05.561 [info] > git for-each-ref --format=%(refname)%00%(upstream:short)%00%(objectname)%00%(upstream:track)%00%(upstream:remotename)%00%(upstream:remoteref) refs/heads/main refs/remotes/main [2ms]
2025-06-08 00:39:05.580 [info] > git status -z -uall [9ms]
2025-06-08 00:39:05.581 [info] > git for-each-ref --sort -committerdate --format %(refname)%00%(objectname)%00%(*objectname) [1ms]
2025-06-08 00:39:05.900 [info] > git show --textconv HEAD:mergeSort.cpp [8ms]
2025-06-08 00:39:05.900 [warning] [GitFileSystemProvider][readFile] File not found - git:/home/sammy/Desktop/temp/hello-world/mergeSort.cpp.git?%7B%22path%22%3A%22%2Fhome%2Fsammy%2FDesktop%2Ftemp%2Fhello-world%2FmergeSort.cpp%22%2C%22ref%22%3A%22HEAD%22%7D
2025-06-08 00:39:05.901 [info] > git ls-tree -l HEAD -- mergeSort.cpp [2ms]
2025-06-08 00:39:05.901 [warning] [GitFileSystemProvider][stat] File not found - git:/home/sammy/Desktop/temp/hello-world/mergeSort.cpp.git?%7B%22path%22%3A%22%2Fhome%2Fsammy%2FDesktop%2Ftemp%2Fhello-world%2FmergeSort.cpp%22%2C%22ref%22%3A%22HEAD%22%7D
2025-06-08 00:39:06.619 [info] > git for-each-ref --format=%(refname)%00%(upstream:short)%00%(objectname)%00%(upstream:track)%00%(upstream:remotename)%00%(upstream:remoteref) refs/heads/main refs/remotes/main [3ms]
2025-06-08 00:39:06.619 [info] > git config --get commit.template [14ms]
2025-06-08 00:39:06.643 [info] > git status -z -uall [13ms]
2025-06-08 00:39:06.644 [info] > git for-each-ref --sort -committerdate --format %(refname)%00%(objectname)%00%(*objectname) [2ms]
2025-06-08 00:39:06.668 [info] > git blame --root --incremental 74fc36c65111eeaabe3530ed8012397f78c4f815 -- mergeSort.cpp [12ms]
2025-06-08 00:39:06.669 [info] > git merge-base refs/heads/main refs/remotes/origin/main [3ms]
2025-06-08 00:39:06.680 [info] > git diff --name-status -z --diff-filter=ADMR 2a8d55a4de4762e4a05b2425d79c1cc6c8d49b20...refs/remotes/origin/main [2ms]
2025-06-08 00:39:07.780 [info] > git ls-files --stage -- mergeSort.cpp [3ms]
2025-06-08 00:39:07.790 [info] > git cat-file -s cf64fa5787921d9c82136ffe4b9ae176b91cd329 [1ms]
2025-06-08 00:39:07.805 [info] > git show --textconv :mergeSort.cpp [1ms]
2025-06-08 00:39:10.596 [info] > git config --get commit.template [7ms]
2025-06-08 00:39:10.597 [info] > git for-each-ref --format=%(refname)%00%(upstream:short)%00%(objectname)%00%(upstream:track)%00%(upstream:remotename)%00%(upstream:remoteref) refs/heads/main refs/remotes/main [1ms]
2025-06-08 00:39:10.611 [info] > git status -z -uall [7ms]
2025-06-08 00:39:10.611 [info] > git for-each-ref --sort -committerdate --format %(refname)%00%(objectname)%00%(*objectname) [1ms]
2025-06-08 00:39:24.011 [info] > git config --get commit.template [9ms]
2025-06-08 00:39:24.012 [info] > git for-each-ref --format=%(refname)%00%(upstream:short)%00%(objectname)%00%(upstream:track)%00%(upstream:remotename)%00%(upstream:remoteref) refs/heads/main refs/remotes/main [2ms]
2025-06-08 00:39:24.033 [info] > git status -z -uall [11ms]
2025-06-08 00:39:24.034 [info] > git for-each-ref --sort -committerdate --format %(refname)%00%(objectname)%00%(*objectname) [2ms]
2025-06-08 00:39:24.046 [info] > git merge-base refs/heads/main refs/remotes/origin/main [2ms]
2025-06-08 00:39:24.056 [info] > git diff --name-status -z --diff-filter=ADMR 74fc36c65111eeaabe3530ed8012397f78c4f815...refs/remotes/origin/main [1ms]
2025-06-08 00:39:24.103 [info] > git ls-files --stage -- mergeSort.cpp [1ms]
2025-06-08 00:39:24.112 [info] > git cat-file -s cf64fa5787921d9c82136ffe4b9ae176b91cd329 [1ms]
2025-06-08 00:39:24.123 [info] > git show --textconv :mergeSort.cpp [1ms]
2025-06-08 00:39:32.449 [info] > git config --get commit.template [7ms]
2025-06-08 00:39:32.450 [info] > git for-each-ref --format=%(refname)%00%(upstream:short)%00%(objectname)%00%(upstream:track)%00%(upstream:remotename)%00%(upstream:remoteref) refs/heads/b1 refs/remotes/b1 [1ms]
2025-06-08 00:39:32.469 [info] > git status -z -uall [12ms]
2025-06-08 00:39:32.470 [info] > git for-each-ref --sort -committerdate --format %(refname)%00%(objectname)%00%(*objectname) [1ms]
2025-06-08 00:39:32.486 [info] > git for-each-ref --format=%(refname)%00%(upstream:short)%00%(objectname)%00%(upstream:track)%00%(upstream:remotename)%00%(upstream:remoteref) refs/heads/b1 refs/remotes/b1 [2ms]
2025-06-08 00:39:32.497 [info] > git config --get --local branch.b1.vscode-merge-base [1ms]
2025-06-08 00:39:32.507 [info] > git for-each-ref --format=%(refname)%00%(upstream:short)%00%(objectname)%00%(upstream:track)%00%(upstream:remotename)%00%(upstream:remoteref) refs/heads/origin/main refs/remotes/origin/main [2ms]
2025-06-08 00:39:33.522 [info] > git config --get commit.template [1ms]
2025-06-08 00:39:33.534 [info] > git for-each-ref --format=%(refname)%00%(upstream:short)%00%(objectname)%00%(upstream:track)%00%(upstream:remotename)%00%(upstream:remoteref) refs/heads/b1 refs/remotes/b1 [1ms]
2025-06-08 00:39:33.553 [info] > git status -z -uall [12ms]
2025-06-08 00:39:33.554 [info] > git for-each-ref --sort -committerdate --format %(refname)%00%(objectname)%00%(*objectname) [1ms]
2025-06-08 00:39:33.620 [info] > git ls-files --stage -- mergeSort.cpp [1ms]
2025-06-08 00:39:33.631 [info] > git cat-file -s cf64fa5787921d9c82136ffe4b9ae176b91cd329 [2ms]
2025-06-08 00:39:33.640 [info] > git show --textconv :mergeSort.cpp [1ms]
