2025-06-13 13:06:05.787 [info] Reading sessions from keychain...
2025-06-13 13:06:05.787 [info] Getting sessions for all scopes...
2025-06-13 13:06:05.787 [info] Getting sessions for all scopes...
2025-06-13 13:06:05.787 [info] Getting sessions for all scopes...
2025-06-13 13:06:05.787 [info] Getting sessions for all scopes...
2025-06-13 13:06:05.787 [info] Getting sessions for all scopes...
2025-06-13 13:06:05.787 [info] Getting sessions for all scopes...
2025-06-13 13:06:05.787 [info] Getting sessions for all scopes...
2025-06-13 13:06:05.945 [info] Got stored sessions!
2025-06-13 13:06:05.945 [info] Got 1 verified sessions.
2025-06-13 13:06:05.945 [info] Got 1 sessions for ...
2025-06-13 13:06:05.945 [info] Got 1 sessions for ...
2025-06-13 13:06:05.945 [info] Got 1 sessions for ...
2025-06-13 13:06:05.945 [info] Got 1 sessions for ...
2025-06-13 13:06:05.945 [info] Got 1 sessions for ...
2025-06-13 13:06:05.945 [info] Got 1 sessions for ...
2025-06-13 13:06:05.945 [info] Got 1 sessions for ...
2025-06-13 13:06:06.022 [info] Getting sessions for all scopes...
2025-06-13 13:06:06.022 [info] Got 1 sessions for ...
2025-06-13 13:06:06.067 [info] Getting sessions for all scopes...
2025-06-13 13:06:06.067 [info] Got 1 sessions for ...
2025-06-13 13:06:06.067 [info] Getting sessions for all scopes...
2025-06-13 13:06:06.067 [info] Got 1 sessions for ...
2025-06-13 13:06:06.067 [info] Getting sessions for all scopes...
2025-06-13 13:06:06.067 [info] Got 1 sessions for ...
2025-06-13 13:06:06.067 [info] Getting sessions for all scopes...
2025-06-13 13:06:06.067 [info] Got 1 sessions for ...
2025-06-13 13:06:06.068 [info] Getting sessions for all scopes...
2025-06-13 13:06:06.068 [info] Got 1 sessions for ...
2025-06-13 13:06:06.408 [info] Getting sessions for all scopes...
2025-06-13 13:06:06.408 [info] Got 1 sessions for ...
2025-06-13 13:06:07.045 [info] Getting sessions for all scopes...
2025-06-13 13:06:07.045 [info] Got 1 sessions for ...
2025-06-13 13:06:07.694 [info] Getting sessions for read:user,repo,user:email,workflow...
2025-06-13 13:06:07.695 [info] Got 1 sessions for read:user,repo,user:email,workflow...
2025-06-13 13:06:07.877 [info] Getting sessions for all scopes...
2025-06-13 13:06:07.877 [info] Got 1 sessions for ...
