Jun 05, 2025 8:18:18 PM org.apache.aries.spifly.BaseActivator log
INFO: Registered provider ch.qos.logback.classic.spi.LogbackServiceProvider of service org.slf4j.spi.SLF4JServiceProvider in bundle ch.qos.logback.classic
Jun 05, 2025 8:18:26 PM com.microsoft.java.debug.plugin.internal.JavaDebuggerServerPlugin start
INFO: Starting com.microsoft.java.debug.plugin
Jun 05, 2025 8:18:40 PM org.eclipse.lsp4j.jsonrpc.RemoteEndpoint handleCancellation
WARNING: Unmatched cancel notification for request id 41
Jun 05, 2025 8:19:39 PM org.eclipse.lsp4j.jsonrpc.RemoteEndpoint handleCancellation
WARNING: Unmatched cancel notification for request id 266
[Error - 20:19:59] 05-Jun-2025, 8:19:59 pm request timed out
request timed out
java.net.http.HttpTimeoutException: request timed out
	at java.net.http/jdk.internal.net.http.HttpClientImpl.send(Unknown Source)
	at java.net.http/jdk.internal.net.http.HttpClientFacade.send(Unknown Source)
	at org.eclipse.jdt.ls.core.internal.managers.MavenCentralIdentifier.find(MavenCentralIdentifier.java:119)
	at org.eclipse.jdt.ls.core.internal.managers.MavenCentralIdentifier.identifySha1(MavenCentralIdentifier.java:81)
	at org.eclipse.jdt.ls.core.internal.managers.MavenCentralIdentifier.identify(MavenCentralIdentifier.java:72)
	at org.eclipse.jdt.ls.core.internal.managers.MavenCentralIdentifier.identify(MavenCentralIdentifier.java:58)
	at org.eclipse.jdt.ls.core.internal.managers.MavenSourceDownloader.discoverSource(MavenSourceDownloader.java:78)
	at org.eclipse.jdt.ls.core.internal.managers.InvisibleProjectBuildSupport.discoverSource(InvisibleProjectBuildSupport.java:103)
	at org.eclipse.jdt.ls.core.internal.HoverInfoProvider.computeHover(HoverInfoProvider.java:135)
	at org.eclipse.jdt.ls.core.internal.handlers.HoverHandler.computeHover(HoverHandler.java:57)
	at org.eclipse.jdt.ls.core.internal.handlers.HoverHandler.hover(HoverHandler.java:43)
	at org.eclipse.jdt.ls.core.internal.handlers.JDTLanguageServer.lambda$5(JDTLanguageServer.java:666)
	at org.eclipse.jdt.ls.core.internal.BaseJDTLanguageServer.lambda$0(BaseJDTLanguageServer.java:87)
	at java.base/java.util.concurrent.CompletableFuture$UniApply.tryFire(Unknown Source)
	at java.base/java.util.concurrent.CompletableFuture$Completion.exec(Unknown Source)
	at java.base/java.util.concurrent.ForkJoinTask.doExec(Unknown Source)
	at java.base/java.util.concurrent.ForkJoinPool$WorkQueue.topLevelExec(Unknown Source)
	at java.base/java.util.concurrent.ForkJoinPool.scan(Unknown Source)
	at java.base/java.util.concurrent.ForkJoinPool.runWorker(Unknown Source)
	at java.base/java.util.concurrent.ForkJoinWorkerThread.run(Unknown Source)

Jun 05, 2025 8:23:19 PM org.eclipse.lsp4j.jsonrpc.RemoteEndpoint handleCancellation
WARNING: Unmatched cancel notification for request id 1422
