2025-06-24 19:29:16.740 [info] [main] Log level: Info
2025-06-24 19:29:16.740 [info] [main] Validating found git in: "git"
2025-06-24 19:29:16.740 [info] [main] Using git "2.43.0" from "git"
2025-06-24 19:29:16.740 [info] [Model][doInitialScan] Initial repository scan started
2025-06-24 19:29:16.740 [info] > git rev-parse --show-toplevel [155ms]
2025-06-24 19:29:16.740 [info] > git rev-parse --git-dir --git-common-dir [4ms]
2025-06-24 19:29:16.740 [info] [Model][openRepository] Opened repository (path): /home/sammy/Desktop/temp/hello-world
2025-06-24 19:29:16.740 [info] [Model][openRepository] Opened repository (real path): /home/sammy/Desktop/temp/hello-world
2025-06-24 19:29:16.740 [info] > git rev-parse --show-toplevel [18ms]
2025-06-24 19:29:16.740 [info] > git config --get commit.template [26ms]
2025-06-24 19:29:16.788 [info] > git for-each-ref --format=%(refname)%00%(upstream:short)%00%(objectname)%00%(upstream:track)%00%(upstream:remotename)%00%(upstream:remoteref) refs/heads/b1 refs/remotes/b1 [48ms]
2025-06-24 19:29:16.824 [info] > git status -z -uall [21ms]
2025-06-24 19:29:16.824 [info] > git for-each-ref --sort -committerdate --format %(refname)%00%(objectname)%00%(*objectname) [8ms]
2025-06-24 19:29:16.868 [info] > git rev-parse --show-toplevel [100ms]
2025-06-24 19:29:16.902 [info] > git for-each-ref --format=%(refname)%00%(upstream:short)%00%(objectname)%00%(upstream:track)%00%(upstream:remotename)%00%(upstream:remoteref) refs/heads/b1 refs/remotes/b1 [40ms]
2025-06-24 19:29:16.932 [info] > git config --get --local branch.b1.vscode-merge-base [18ms]
2025-06-24 19:29:16.938 [info] > git rev-parse --show-toplevel [40ms]
2025-06-24 19:29:16.938 [info] > git config --get commit.template [57ms]
2025-06-24 19:29:16.956 [info] > git for-each-ref --format=%(refname)%00%(upstream:short)%00%(objectname)%00%(upstream:track)%00%(upstream:remotename)%00%(upstream:remoteref) refs/heads/origin/main refs/remotes/origin/main [19ms]
2025-06-24 19:29:16.969 [info] > git rev-parse --show-toplevel [15ms]
2025-06-24 19:29:16.985 [info] > git for-each-ref --format=%(refname)%00%(upstream:short)%00%(objectname)%00%(upstream:track)%00%(upstream:remotename)%00%(upstream:remoteref) refs/heads/b1 refs/remotes/b1 [18ms]
2025-06-24 19:29:17.003 [info] > git status -z -uall [12ms]
2025-06-24 19:29:17.005 [info] > git rev-parse --show-toplevel [27ms]
2025-06-24 19:29:17.036 [info] > git for-each-ref --sort -committerdate --format %(refname)%00%(objectname)%00%(*objectname) [36ms]
2025-06-24 19:29:17.040 [info] > git rev-parse --show-toplevel [5ms]
2025-06-24 19:29:17.052 [info] > git rev-parse --show-toplevel [2ms]
2025-06-24 19:29:17.064 [info] > git rev-parse --show-toplevel [2ms]
2025-06-24 19:29:17.066 [info] [Model][doInitialScan] Initial repository scan completed - repositories (1), closed repositories (0), parent repositories (0), unsafe repositories (0)
2025-06-24 19:29:17.087 [info] > git show --textconv :Stacks-Queues/nextGreater.cpp [12ms]
2025-06-24 19:29:17.088 [info] > git ls-files --stage -- Stacks-Queues/nextGreater.cpp [2ms]
2025-06-24 19:29:17.101 [info] > git cat-file -s 51357fb1577bfe119baa4e5456865ceccb222988 [2ms]
2025-06-24 19:29:17.156 [info] > git blame --root --incremental 4375344a7a60b044eca1222518db6d13bd8e1afe -- Stacks-Queues/nextGreater.cpp [3ms]
2025-06-24 19:29:17.531 [info] > git check-ignore -v -z --stdin [10ms]
2025-06-24 19:39:44.467 [info] > git config --get commit.template [11ms]
2025-06-24 19:39:44.467 [info] > git for-each-ref --format=%(refname)%00%(upstream:short)%00%(objectname)%00%(upstream:track)%00%(upstream:remotename)%00%(upstream:remoteref) refs/heads/b1 refs/remotes/b1 [2ms]
2025-06-24 19:39:44.489 [info] > git status -z -uall [15ms]
2025-06-24 19:39:44.489 [info] > git check-ignore -v -z --stdin [1ms]
2025-06-24 19:39:44.490 [info] > git for-each-ref --sort -committerdate --format %(refname)%00%(objectname)%00%(*objectname) [9ms]
2025-06-24 19:40:06.478 [info] > git config --get commit.template [11ms]
2025-06-24 19:40:06.478 [info] > git for-each-ref --format=%(refname)%00%(upstream:short)%00%(objectname)%00%(upstream:track)%00%(upstream:remotename)%00%(upstream:remoteref) refs/heads/b1 refs/remotes/b1 [1ms]
2025-06-24 19:40:06.506 [info] > git status -z -uall [18ms]
2025-06-24 19:40:06.506 [info] > git for-each-ref --sort -committerdate --format %(refname)%00%(objectname)%00%(*objectname) [8ms]
2025-06-24 19:40:06.508 [info] > git check-ignore -v -z --stdin [3ms]
2025-06-24 19:46:15.874 [info] > git config --get commit.template [12ms]
2025-06-24 19:46:15.874 [info] > git for-each-ref --format=%(refname)%00%(upstream:short)%00%(objectname)%00%(upstream:track)%00%(upstream:remotename)%00%(upstream:remoteref) refs/heads/b1 refs/remotes/b1 [3ms]
2025-06-24 19:46:15.887 [info] > git status -z -uall [7ms]
2025-06-24 19:46:15.888 [info] > git for-each-ref --sort -committerdate --format %(refname)%00%(objectname)%00%(*objectname) [2ms]
2025-06-24 19:46:25.934 [info] > git config --get commit.template [2ms]
2025-06-24 19:46:25.944 [info] > git for-each-ref --format=%(refname)%00%(upstream:short)%00%(objectname)%00%(upstream:track)%00%(upstream:remotename)%00%(upstream:remoteref) refs/heads/b1 refs/remotes/b1 [1ms]
2025-06-24 19:46:25.959 [info] > git status -z -uall [9ms]
2025-06-24 19:46:25.960 [info] > git for-each-ref --sort -committerdate --format %(refname)%00%(objectname)%00%(*objectname) [2ms]
2025-06-24 19:47:55.453 [info] > git config --get commit.template [14ms]
2025-06-24 19:47:55.454 [info] > git for-each-ref --format=%(refname)%00%(upstream:short)%00%(objectname)%00%(upstream:track)%00%(upstream:remotename)%00%(upstream:remoteref) refs/heads/b1 refs/remotes/b1 [2ms]
2025-06-24 19:47:55.474 [info] > git status -z -uall [9ms]
2025-06-24 19:47:55.475 [info] > git for-each-ref --sort -committerdate --format %(refname)%00%(objectname)%00%(*objectname) [2ms]
2025-06-24 19:48:13.760 [info] > git config --get commit.template [12ms]
2025-06-24 19:48:13.760 [info] > git for-each-ref --format=%(refname)%00%(upstream:short)%00%(objectname)%00%(upstream:track)%00%(upstream:remotename)%00%(upstream:remoteref) refs/heads/b1 refs/remotes/b1 [2ms]
2025-06-24 19:48:13.776 [info] > git status -z -uall [8ms]
2025-06-24 19:48:13.776 [info] > git for-each-ref --sort -committerdate --format %(refname)%00%(objectname)%00%(*objectname) [1ms]
2025-06-24 19:48:18.788 [info] > git config --get commit.template [1ms]
2025-06-24 19:48:18.800 [info] > git for-each-ref --format=%(refname)%00%(upstream:short)%00%(objectname)%00%(upstream:track)%00%(upstream:remotename)%00%(upstream:remoteref) refs/heads/b1 refs/remotes/b1 [1ms]
2025-06-24 19:48:18.814 [info] > git status -z -uall [7ms]
2025-06-24 19:48:18.815 [info] > git for-each-ref --sort -committerdate --format %(refname)%00%(objectname)%00%(*objectname) [1ms]
2025-06-24 19:48:19.149 [info] > git show --textconv :Stacks-Queues/queueUsingStacks.cpp [13ms]
2025-06-24 19:48:19.150 [info] > git ls-files --stage -- Stacks-Queues/queueUsingStacks.cpp [2ms]
2025-06-24 19:48:19.160 [info] > git cat-file -s 12121e149167f1cf96231037845d7506be3deace [1ms]
2025-06-24 19:48:19.185 [info] > git blame --root --incremental d57a2dce205392715dd624e331dc43724c03fb80 -- Stacks-Queues/queueUsingStacks.cpp [1ms]
2025-06-24 19:50:24.413 [info] > git check-ignore -v -z --stdin [2ms]
2025-06-24 19:50:25.734 [info] > git show --textconv :Stacks-Queues/reverseStringStack.cpp [9ms]
2025-06-24 19:50:25.735 [info] > git ls-files --stage -- Stacks-Queues/reverseStringStack.cpp [1ms]
2025-06-24 19:50:25.743 [info] > git cat-file -s 38943e4916e8307305a7c2340c880fb74bdea227 [1ms]
2025-06-24 19:50:33.477 [info] > git show --textconv :Stacks-Queues/queueUsingStacks.cpp [11ms]
2025-06-24 19:50:33.478 [info] > git ls-files --stage -- Stacks-Queues/queueUsingStacks.cpp [2ms]
2025-06-24 19:50:33.485 [info] > git cat-file -s 12121e149167f1cf96231037845d7506be3deace [1ms]
2025-06-24 19:51:04.383 [info] > git config --get commit.template [4ms]
2025-06-24 19:51:04.399 [info] > git for-each-ref --format=%(refname)%00%(upstream:short)%00%(objectname)%00%(upstream:track)%00%(upstream:remotename)%00%(upstream:remoteref) refs/heads/b1 refs/remotes/b1 [7ms]
2025-06-24 19:51:04.413 [info] > git check-ignore -v -z --stdin [15ms]
2025-06-24 19:51:04.414 [info] > git status -z -uall [8ms]
2025-06-24 19:51:04.414 [info] > git for-each-ref --sort -committerdate --format %(refname)%00%(objectname)%00%(*objectname) [1ms]
2025-06-24 19:54:46.111 [info] > git check-ignore -v -z --stdin [1ms]
2025-06-24 19:54:47.567 [info] > git check-ignore -v -z --stdin [2ms]
2025-06-24 19:54:52.158 [info] > git show --textconv :Stacks-Queues/queueUsingStacks.cpp [11ms]
2025-06-24 19:54:52.159 [info] > git ls-files --stage -- Stacks-Queues/queueUsingStacks.cpp [3ms]
2025-06-24 19:54:52.166 [info] > git cat-file -s 12121e149167f1cf96231037845d7506be3deace [2ms]
2025-06-24 19:55:53.302 [info] > git config --get commit.template [15ms]
2025-06-24 19:55:53.303 [info] > git for-each-ref --format=%(refname)%00%(upstream:short)%00%(objectname)%00%(upstream:track)%00%(upstream:remotename)%00%(upstream:remoteref) refs/heads/b1 refs/remotes/b1 [3ms]
2025-06-24 19:55:53.320 [info] > git status -z -uall [8ms]
2025-06-24 19:55:53.321 [info] > git for-each-ref --sort -committerdate --format %(refname)%00%(objectname)%00%(*objectname) [1ms]
2025-06-24 19:55:58.344 [info] > git config --get commit.template [7ms]
2025-06-24 19:55:58.345 [info] > git for-each-ref --format=%(refname)%00%(upstream:short)%00%(objectname)%00%(upstream:track)%00%(upstream:remotename)%00%(upstream:remoteref) refs/heads/b1 refs/remotes/b1 [0ms]
2025-06-24 19:55:58.357 [info] > git status -z -uall [6ms]
2025-06-24 19:55:58.358 [info] > git for-each-ref --sort -committerdate --format %(refname)%00%(objectname)%00%(*objectname) [1ms]
2025-06-24 19:56:19.135 [info] > git config --get commit.template [12ms]
2025-06-24 19:56:19.136 [info] > git for-each-ref --format=%(refname)%00%(upstream:short)%00%(objectname)%00%(upstream:track)%00%(upstream:remotename)%00%(upstream:remoteref) refs/heads/b1 refs/remotes/b1 [2ms]
2025-06-24 19:56:19.153 [info] > git status -z -uall [7ms]
2025-06-24 19:56:19.154 [info] > git for-each-ref --sort -committerdate --format %(refname)%00%(objectname)%00%(*objectname) [1ms]
2025-06-24 19:56:24.180 [info] > git config --get commit.template [12ms]
2025-06-24 19:56:24.180 [info] > git for-each-ref --format=%(refname)%00%(upstream:short)%00%(objectname)%00%(upstream:track)%00%(upstream:remotename)%00%(upstream:remoteref) refs/heads/b1 refs/remotes/b1 [0ms]
2025-06-24 19:56:24.198 [info] > git status -z -uall [10ms]
2025-06-24 19:56:24.198 [info] > git for-each-ref --sort -committerdate --format %(refname)%00%(objectname)%00%(*objectname) [2ms]
2025-06-24 19:56:24.530 [info] > git show --textconv :Stacks-Queues/stackUsingQueue.cpp [13ms]
2025-06-24 19:56:24.531 [info] > git ls-files --stage -- Stacks-Queues/stackUsingQueue.cpp [2ms]
2025-06-24 19:56:24.542 [info] > git cat-file -s 8f254d3f3168f2a890f892e8fc4b3641c9b54136 [1ms]
2025-06-24 19:56:24.567 [info] > git blame --root --incremental 697203fb9d51f636ba5a8387c49183742f30b7f0 -- Stacks-Queues/stackUsingQueue.cpp [3ms]
2025-06-24 20:33:31.603 [info] > git for-each-ref --format=%(refname)%00%(upstream:short)%00%(objectname)%00%(upstream:track)%00%(upstream:remotename)%00%(upstream:remoteref) refs/heads/b1 refs/remotes/b1 [8ms]
2025-06-24 20:33:31.603 [info] > git config --get commit.template [21ms]
2025-06-24 20:33:31.619 [info] > git check-ignore -v -z --stdin [16ms]
2025-06-24 20:33:31.619 [info] > git status -z -uall [8ms]
2025-06-24 20:33:31.619 [info] > git for-each-ref --sort -committerdate --format %(refname)%00%(objectname)%00%(*objectname) [1ms]
2025-06-24 20:37:04.383 [info] > git show --textconv :Stacks-Queues/stackUsingQueue.cpp [14ms]
2025-06-24 20:37:04.385 [info] > git ls-files --stage -- Stacks-Queues/stackUsingQueue.cpp [3ms]
2025-06-24 20:37:04.402 [info] > git cat-file -s 8f254d3f3168f2a890f892e8fc4b3641c9b54136 [1ms]
2025-06-24 20:38:31.369 [info] > git config --get commit.template [1ms]
2025-06-24 20:38:31.381 [info] > git for-each-ref --format=%(refname)%00%(upstream:short)%00%(objectname)%00%(upstream:track)%00%(upstream:remotename)%00%(upstream:remoteref) refs/heads/b1 refs/remotes/b1 [2ms]
2025-06-24 20:38:31.393 [info] > git status -z -uall [5ms]
2025-06-24 20:38:31.394 [info] > git for-each-ref --sort -committerdate --format %(refname)%00%(objectname)%00%(*objectname) [1ms]
2025-06-24 20:38:43.782 [info] > git config --get commit.template [12ms]
2025-06-24 20:38:43.783 [info] > git for-each-ref --format=%(refname)%00%(upstream:short)%00%(objectname)%00%(upstream:track)%00%(upstream:remotename)%00%(upstream:remoteref) refs/heads/b1 refs/remotes/b1 [2ms]
2025-06-24 20:38:43.803 [info] > git status -z -uall [10ms]
2025-06-24 20:38:43.804 [info] > git for-each-ref --sort -committerdate --format %(refname)%00%(objectname)%00%(*objectname) [2ms]
2025-06-24 20:38:48.828 [info] > git config --get commit.template [12ms]
2025-06-24 20:38:48.828 [info] > git for-each-ref --format=%(refname)%00%(upstream:short)%00%(objectname)%00%(upstream:track)%00%(upstream:remotename)%00%(upstream:remoteref) refs/heads/b1 refs/remotes/b1 [1ms]
2025-06-24 20:38:48.843 [info] > git status -z -uall [9ms]
2025-06-24 20:38:48.844 [info] > git for-each-ref --sort -committerdate --format %(refname)%00%(objectname)%00%(*objectname) [2ms]
2025-06-24 20:38:49.176 [info] > git show --textconv :Stacks-Queues/reverseQueue.cpp [12ms]
2025-06-24 20:38:49.177 [info] > git ls-files --stage -- Stacks-Queues/reverseQueue.cpp [2ms]
2025-06-24 20:38:49.188 [info] > git cat-file -s 1d8466c773eb1535db97981322578001937181c9 [2ms]
2025-06-24 20:38:49.213 [info] > git blame --root --incremental b47316766067d48d82ebfd029191400ba2c8100d -- Stacks-Queues/reverseQueue.cpp [3ms]
2025-06-24 20:39:52.096 [info] > git show --textconv :Stacks-Queues/stackUsingQueue.cpp [9ms]
2025-06-24 20:39:52.096 [info] > git ls-files --stage -- Stacks-Queues/stackUsingQueue.cpp [1ms]
2025-06-24 20:39:52.103 [info] > git cat-file -s 8f254d3f3168f2a890f892e8fc4b3641c9b54136 [1ms]
2025-06-24 20:40:34.529 [info] > git show --textconv :Stacks-Queues/Queue-Array.cpp [7ms]
2025-06-24 20:40:34.530 [info] > git ls-files --stage -- Stacks-Queues/Queue-Array.cpp [1ms]
2025-06-24 20:40:34.539 [info] > git cat-file -s a95f6c09a86dfdd8d0cdd9ab6066e5d82b2ed60a [1ms]
2025-06-24 20:40:38.330 [info] > git show --textconv :Stacks-Queues/queueUsingStacks.cpp [7ms]
2025-06-24 20:40:38.333 [info] > git ls-files --stage -- Stacks-Queues/queueUsingStacks.cpp [3ms]
2025-06-24 20:40:38.340 [info] > git cat-file -s b97425639a26a9a7a96dea48b8349520e0e5383d [1ms]
2025-06-24 20:40:38.353 [info] > git blame --root --incremental b47316766067d48d82ebfd029191400ba2c8100d -- Stacks-Queues/queueUsingStacks.cpp [2ms]
2025-06-24 20:40:47.660 [info] > git show --textconv :Stacks-Queues/nextGreater.cpp [15ms]
2025-06-24 20:40:47.660 [info] > git ls-files --stage -- Stacks-Queues/nextGreater.cpp [2ms]
2025-06-24 20:40:47.671 [info] > git cat-file -s 51357fb1577bfe119baa4e5456865ceccb222988 [2ms]
2025-06-24 20:40:47.690 [info] > git blame --root --incremental b47316766067d48d82ebfd029191400ba2c8100d -- Stacks-Queues/nextGreater.cpp [2ms]
2025-06-24 20:40:49.609 [info] > git show --textconv :Stacks-Queues/queueUsingStacks.cpp [6ms]
2025-06-24 20:40:49.610 [info] > git ls-files --stage -- Stacks-Queues/queueUsingStacks.cpp [1ms]
2025-06-24 20:40:49.618 [info] > git cat-file -s b97425639a26a9a7a96dea48b8349520e0e5383d [1ms]
2025-06-24 20:40:57.018 [info] > git config --get commit.template [13ms]
2025-06-24 20:40:57.019 [info] > git for-each-ref --format=%(refname)%00%(upstream:short)%00%(objectname)%00%(upstream:track)%00%(upstream:remotename)%00%(upstream:remoteref) refs/heads/b1 refs/remotes/b1 [1ms]
2025-06-24 20:40:57.043 [info] > git status -z -uall [15ms]
2025-06-24 20:40:57.043 [info] > git check-ignore -v -z --stdin [2ms]
2025-06-24 20:40:57.043 [info] > git for-each-ref --sort -committerdate --format %(refname)%00%(objectname)%00%(*objectname) [8ms]
2025-06-24 20:47:07.158 [info] > git show --textconv :Stacks-Queues/Queue-Array.cpp [8ms]
2025-06-24 20:47:07.159 [info] > git ls-files --stage -- Stacks-Queues/Queue-Array.cpp [2ms]
2025-06-24 20:47:07.169 [info] > git cat-file -s a95f6c09a86dfdd8d0cdd9ab6066e5d82b2ed60a [1ms]
2025-06-24 20:47:07.682 [info] > git blame --root --incremental b47316766067d48d82ebfd029191400ba2c8100d -- Stacks-Queues/Queue-Array.cpp [11ms]
2025-06-24 20:47:13.650 [info] > git show --textconv :Stacks-Queues/Stack-Array.cpp [9ms]
2025-06-24 20:47:13.650 [info] > git ls-files --stage -- Stacks-Queues/Stack-Array.cpp [1ms]
2025-06-24 20:47:13.657 [info] > git cat-file -s 817dacf2105d2c3c94ab7801c32850a18963f847 [1ms]
2025-06-24 20:47:14.878 [info] > git blame --root --incremental b47316766067d48d82ebfd029191400ba2c8100d -- Stacks-Queues/Stack-Array.cpp [15ms]
2025-06-24 20:50:39.188 [info] > git config --get commit.template [8ms]
2025-06-24 20:50:39.188 [info] > git for-each-ref --format=%(refname)%00%(upstream:short)%00%(objectname)%00%(upstream:track)%00%(upstream:remotename)%00%(upstream:remoteref) refs/heads/b1 refs/remotes/b1 [1ms]
2025-06-24 20:50:39.202 [info] > git status -z -uall [6ms]
2025-06-24 20:50:39.203 [info] > git for-each-ref --sort -committerdate --format %(refname)%00%(objectname)%00%(*objectname) [1ms]
2025-06-24 20:52:15.202 [info] > git config --get commit.template [7ms]
2025-06-24 20:52:15.203 [info] > git for-each-ref --format=%(refname)%00%(upstream:short)%00%(objectname)%00%(upstream:track)%00%(upstream:remotename)%00%(upstream:remoteref) refs/heads/b1 refs/remotes/b1 [1ms]
2025-06-24 20:52:15.217 [info] > git status -z -uall [7ms]
2025-06-24 20:52:15.218 [info] > git for-each-ref --sort -committerdate --format %(refname)%00%(objectname)%00%(*objectname) [1ms]
2025-06-24 20:54:12.241 [info] > git config --get commit.template [4ms]
2025-06-24 20:54:12.256 [info] > git for-each-ref --format=%(refname)%00%(upstream:short)%00%(objectname)%00%(upstream:track)%00%(upstream:remotename)%00%(upstream:remoteref) refs/heads/b1 refs/remotes/b1 [3ms]
2025-06-24 20:54:12.286 [info] > git status -z -uall [18ms]
2025-06-24 20:54:12.289 [info] > git for-each-ref --sort -committerdate --format %(refname)%00%(objectname)%00%(*objectname) [7ms]
2025-06-24 20:57:05.383 [info] > git config --get commit.template [7ms]
2025-06-24 20:57:05.384 [info] > git for-each-ref --format=%(refname)%00%(upstream:short)%00%(objectname)%00%(upstream:track)%00%(upstream:remotename)%00%(upstream:remoteref) refs/heads/b1 refs/remotes/b1 [2ms]
2025-06-24 20:57:05.398 [info] > git status -z -uall [7ms]
2025-06-24 20:57:05.399 [info] > git for-each-ref --sort -committerdate --format %(refname)%00%(objectname)%00%(*objectname) [1ms]
2025-06-24 21:13:57.690 [info] > git config --get commit.template [11ms]
2025-06-24 21:13:57.690 [info] > git for-each-ref --format=%(refname)%00%(upstream:short)%00%(objectname)%00%(upstream:track)%00%(upstream:remotename)%00%(upstream:remoteref) refs/heads/b1 refs/remotes/b1 [1ms]
2025-06-24 21:13:57.707 [info] > git status -z -uall [9ms]
2025-06-24 21:13:57.708 [info] > git for-each-ref --sort -committerdate --format %(refname)%00%(objectname)%00%(*objectname) [1ms]
2025-06-24 21:14:07.873 [info] > git config --get commit.template [7ms]
2025-06-24 21:14:07.874 [info] > git for-each-ref --format=%(refname)%00%(upstream:short)%00%(objectname)%00%(upstream:track)%00%(upstream:remotename)%00%(upstream:remoteref) refs/heads/b1 refs/remotes/b1 [1ms]
2025-06-24 21:14:07.892 [info] > git status -z -uall [7ms]
2025-06-24 21:14:07.893 [info] > git for-each-ref --sort -committerdate --format %(refname)%00%(objectname)%00%(*objectname) [2ms]
2025-06-24 21:14:16.088 [info] > git config --get commit.template [11ms]
2025-06-24 21:14:16.088 [info] > git for-each-ref --format=%(refname)%00%(upstream:short)%00%(objectname)%00%(upstream:track)%00%(upstream:remotename)%00%(upstream:remoteref) refs/heads/b1 refs/remotes/b1 [1ms]
2025-06-24 21:14:16.105 [info] > git status -z -uall [8ms]
2025-06-24 21:14:16.105 [info] > git for-each-ref --sort -committerdate --format %(refname)%00%(objectname)%00%(*objectname) [1ms]
2025-06-24 21:14:21.121 [info] > git config --get commit.template [8ms]
2025-06-24 21:14:21.122 [info] > git for-each-ref --format=%(refname)%00%(upstream:short)%00%(objectname)%00%(upstream:track)%00%(upstream:remotename)%00%(upstream:remoteref) refs/heads/b1 refs/remotes/b1 [1ms]
2025-06-24 21:14:21.135 [info] > git status -z -uall [8ms]
2025-06-24 21:14:21.135 [info] > git for-each-ref --sort -committerdate --format %(refname)%00%(objectname)%00%(*objectname) [1ms]
2025-06-24 21:14:21.453 [info] > git show --textconv :Stacks-Queues/circularQueue.cpp [8ms]
2025-06-24 21:14:21.454 [info] > git ls-files --stage -- Stacks-Queues/circularQueue.cpp [1ms]
2025-06-24 21:14:21.461 [info] > git cat-file -s 08e2ed04790fe64fee6a22ba957036b9d9c415b7 [0ms]
2025-06-24 21:14:21.477 [info] > git blame --root --incremental 001e54c69435755d4b3df366068356f7354608e4 -- Stacks-Queues/circularQueue.cpp [2ms]
2025-06-24 21:14:25.848 [info] > git check-ignore -v -z --stdin [2ms]
2025-06-24 21:14:26.152 [info] > git config --get commit.template [8ms]
2025-06-24 21:14:26.152 [info] > git for-each-ref --format=%(refname)%00%(upstream:short)%00%(objectname)%00%(upstream:track)%00%(upstream:remotename)%00%(upstream:remoteref) refs/heads/b1 refs/remotes/b1 [1ms]
2025-06-24 21:14:26.165 [info] > git status -z -uall [6ms]
2025-06-24 21:14:26.166 [info] > git for-each-ref --sort -committerdate --format %(refname)%00%(objectname)%00%(*objectname) [2ms]
2025-06-24 21:20:02.680 [info] > git config --get commit.template [3ms]
2025-06-24 21:20:02.693 [info] > git for-each-ref --format=%(refname)%00%(upstream:short)%00%(objectname)%00%(upstream:track)%00%(upstream:remotename)%00%(upstream:remoteref) refs/heads/b1 refs/remotes/b1 [1ms]
2025-06-24 21:20:02.734 [info] > git status -z -uall [27ms]
2025-06-24 21:20:02.734 [info] > git for-each-ref --sort -committerdate --format %(refname)%00%(objectname)%00%(*objectname) [15ms]
2025-06-24 21:21:03.736 [info] > git config --get commit.template [8ms]
2025-06-24 21:21:03.737 [info] > git for-each-ref --format=%(refname)%00%(upstream:short)%00%(objectname)%00%(upstream:track)%00%(upstream:remotename)%00%(upstream:remoteref) refs/heads/b1 refs/remotes/b1 [1ms]
2025-06-24 21:21:03.755 [info] > git status -z -uall [10ms]
2025-06-24 21:21:03.756 [info] > git for-each-ref --sort -committerdate --format %(refname)%00%(objectname)%00%(*objectname) [2ms]
2025-06-24 21:21:08.772 [info] > git config --get commit.template [7ms]
2025-06-24 21:21:08.772 [info] > git for-each-ref --format=%(refname)%00%(upstream:short)%00%(objectname)%00%(upstream:track)%00%(upstream:remotename)%00%(upstream:remoteref) refs/heads/b1 refs/remotes/b1 [1ms]
2025-06-24 21:21:08.785 [info] > git status -z -uall [7ms]
2025-06-24 21:21:08.786 [info] > git for-each-ref --sort -committerdate --format %(refname)%00%(objectname)%00%(*objectname) [1ms]
2025-06-24 21:21:09.102 [info] > git show --textconv :Stacks-Queues/firstNonRptChar.cpp [6ms]
2025-06-24 21:21:09.103 [info] > git ls-files --stage -- Stacks-Queues/firstNonRptChar.cpp [2ms]
2025-06-24 21:21:09.110 [info] > git cat-file -s ede503ffd4bdec8679cd7287749c7fec9d404aaf [1ms]
2025-06-24 21:21:09.124 [info] > git blame --root --incremental bd23beb96159cdb2c8dbb4723b23f799c1fa320e -- Stacks-Queues/firstNonRptChar.cpp [1ms]
2025-06-24 21:23:48.343 [info] > git config --get commit.template [10ms]
2025-06-24 21:23:48.343 [info] > git for-each-ref --format=%(refname)%00%(upstream:short)%00%(objectname)%00%(upstream:track)%00%(upstream:remotename)%00%(upstream:remoteref) refs/heads/b1 refs/remotes/b1 [0ms]
2025-06-24 21:23:48.362 [info] > git status -z -uall [7ms]
2025-06-24 21:23:48.362 [info] > git for-each-ref --sort -committerdate --format %(refname)%00%(objectname)%00%(*objectname) [1ms]
2025-06-24 21:23:53.379 [info] > git config --get commit.template [7ms]
2025-06-24 21:23:53.379 [info] > git for-each-ref --format=%(refname)%00%(upstream:short)%00%(objectname)%00%(upstream:track)%00%(upstream:remotename)%00%(upstream:remoteref) refs/heads/b1 refs/remotes/b1 [1ms]
2025-06-24 21:23:53.393 [info] > git status -z -uall [7ms]
2025-06-24 21:23:53.394 [info] > git for-each-ref --sort -committerdate --format %(refname)%00%(objectname)%00%(*objectname) [1ms]
2025-06-24 21:23:58.411 [info] > git config --get commit.template [6ms]
2025-06-24 21:23:58.412 [info] > git for-each-ref --format=%(refname)%00%(upstream:short)%00%(objectname)%00%(upstream:track)%00%(upstream:remotename)%00%(upstream:remoteref) refs/heads/b1 refs/remotes/b1 [1ms]
2025-06-24 21:23:58.426 [info] > git status -z -uall [7ms]
2025-06-24 21:23:58.426 [info] > git for-each-ref --sort -committerdate --format %(refname)%00%(objectname)%00%(*objectname) [1ms]
2025-06-24 21:24:03.438 [info] > git config --get commit.template [1ms]
2025-06-24 21:24:03.445 [info] > git for-each-ref --format=%(refname)%00%(upstream:short)%00%(objectname)%00%(upstream:track)%00%(upstream:remotename)%00%(upstream:remoteref) refs/heads/b1 refs/remotes/b1 [1ms]
2025-06-24 21:24:03.457 [info] > git status -z -uall [6ms]
2025-06-24 21:24:03.458 [info] > git for-each-ref --sort -committerdate --format %(refname)%00%(objectname)%00%(*objectname) [1ms]
2025-06-24 21:24:06.411 [info] > git ls-files --stage -- Stacks-Queues/firstNonRptChar.cpp [1ms]
2025-06-24 21:24:06.418 [info] > git cat-file -s 5a4b834696156feaaa14f8790be1e9bfec2c8a21 [2ms]
2025-06-24 21:24:06.426 [info] > git show --textconv :Stacks-Queues/firstNonRptChar.cpp [1ms]
2025-06-24 21:24:08.472 [info] > git config --get commit.template [7ms]
2025-06-24 21:24:08.473 [info] > git for-each-ref --format=%(refname)%00%(upstream:short)%00%(objectname)%00%(upstream:track)%00%(upstream:remotename)%00%(upstream:remoteref) refs/heads/b1 refs/remotes/b1 [1ms]
2025-06-24 21:24:08.486 [info] > git status -z -uall [7ms]
2025-06-24 21:24:08.487 [info] > git for-each-ref --sort -committerdate --format %(refname)%00%(objectname)%00%(*objectname) [1ms]
2025-06-24 21:24:08.498 [info] > git blame --root --incremental 6f649951dc3917b93a3ef597c1b2a5c28685982a -- Stacks-Queues/firstNonRptChar.cpp [2ms]
2025-06-24 21:42:34.579 [info] > git config --get commit.template [10ms]
2025-06-24 21:42:34.579 [info] > git for-each-ref --format=%(refname)%00%(upstream:short)%00%(objectname)%00%(upstream:track)%00%(upstream:remotename)%00%(upstream:remoteref) refs/heads/b1 refs/remotes/b1 [1ms]
2025-06-24 21:42:34.597 [info] > git status -z -uall [11ms]
2025-06-24 21:42:34.598 [info] > git for-each-ref --sort -committerdate --format %(refname)%00%(objectname)%00%(*objectname) [1ms]
2025-06-24 21:42:36.399 [info] > git log --format=%H%n%aN%n%aE%n%at%n%ct%n%P%n%D%n%B -z --shortstat --diff-merges=first-parent -n50 --skip=0 --topo-order --decorate=full --stdin [59ms]
2025-06-24 21:42:36.935 [info] > git check-ignore -v -z --stdin [0ms]
2025-06-24 21:42:40.282 [info] > git diff-tree -r --name-status -z --diff-filter=ADMR --find-renames=50% bd23beb96159cdb2c8dbb4723b23f799c1fa320e 6f649951dc3917b93a3ef597c1b2a5c28685982a [9ms]
2025-06-24 21:42:40.801 [info] > git check-ignore -v -z --stdin [1ms]
2025-06-24 21:47:05.006 [info] > git show --textconv :Stacks-Queues/Queue-LL.cpp [11ms]
2025-06-24 21:47:05.007 [info] > git ls-files --stage -- Stacks-Queues/Queue-LL.cpp [1ms]
2025-06-24 21:47:05.016 [info] > git cat-file -s 9c5e8487214cad059721f4615dd00c6e858c6dd2 [2ms]
2025-06-24 21:47:06.772 [info] > git blame --root --incremental 6f649951dc3917b93a3ef597c1b2a5c28685982a -- Stacks-Queues/Queue-LL.cpp [2ms]
2025-06-24 21:59:41.538 [info] > git config --get commit.template [13ms]
2025-06-24 21:59:41.539 [info] > git for-each-ref --format=%(refname)%00%(upstream:short)%00%(objectname)%00%(upstream:track)%00%(upstream:remotename)%00%(upstream:remoteref) refs/heads/b1 refs/remotes/b1 [1ms]
2025-06-24 21:59:41.566 [info] > git status -z -uall [17ms]
2025-06-24 21:59:41.566 [info] > git for-each-ref --sort -committerdate --format %(refname)%00%(objectname)%00%(*objectname) [3ms]
2025-06-24 22:00:51.831 [info] > git config --get commit.template [10ms]
2025-06-24 22:00:51.832 [info] > git for-each-ref --format=%(refname)%00%(upstream:short)%00%(objectname)%00%(upstream:track)%00%(upstream:remotename)%00%(upstream:remoteref) refs/heads/b1 refs/remotes/b1 [2ms]
2025-06-24 22:00:51.850 [info] > git status -z -uall [12ms]
2025-06-24 22:00:51.851 [info] > git for-each-ref --sort -committerdate --format %(refname)%00%(objectname)%00%(*objectname) [1ms]
2025-06-24 22:02:07.553 [info] > git config --get commit.template [13ms]
2025-06-24 22:02:07.554 [info] > git for-each-ref --format=%(refname)%00%(upstream:short)%00%(objectname)%00%(upstream:track)%00%(upstream:remotename)%00%(upstream:remoteref) refs/heads/b1 refs/remotes/b1 [1ms]
2025-06-24 22:02:07.573 [info] > git status -z -uall [9ms]
2025-06-24 22:02:07.574 [info] > git for-each-ref --sort -committerdate --format %(refname)%00%(objectname)%00%(*objectname) [1ms]
2025-06-24 22:02:24.799 [info] > git config --get commit.template [11ms]
2025-06-24 22:02:24.799 [info] > git for-each-ref --format=%(refname)%00%(upstream:short)%00%(objectname)%00%(upstream:track)%00%(upstream:remotename)%00%(upstream:remoteref) refs/heads/b1 refs/remotes/b1 [1ms]
2025-06-24 22:02:24.818 [info] > git status -z -uall [12ms]
2025-06-24 22:02:24.819 [info] > git for-each-ref --sort -committerdate --format %(refname)%00%(objectname)%00%(*objectname) [0ms]
2025-06-24 22:02:29.832 [info] > git config --get commit.template [6ms]
2025-06-24 22:02:29.833 [info] > git for-each-ref --format=%(refname)%00%(upstream:short)%00%(objectname)%00%(upstream:track)%00%(upstream:remotename)%00%(upstream:remoteref) refs/heads/b1 refs/remotes/b1 [2ms]
2025-06-24 22:02:29.845 [info] > git status -z -uall [6ms]
2025-06-24 22:02:29.846 [info] > git for-each-ref --sort -committerdate --format %(refname)%00%(objectname)%00%(*objectname) [1ms]
2025-06-24 22:02:30.163 [info] > git show --textconv :Stacks-Queues/deQueue-LL.cpp [7ms]
2025-06-24 22:02:30.163 [info] > git ls-files --stage -- Stacks-Queues/deQueue-LL.cpp [1ms]
2025-06-24 22:02:30.171 [info] > git cat-file -s 33b53fb2828f3ba80029328e2dfa987e2cf5d117 [1ms]
2025-06-24 22:02:30.188 [info] > git blame --root --incremental ef8faf0e2057e2aa6c4c9059a8466caeddb0f11f -- Stacks-Queues/deQueue-LL.cpp [1ms]
2025-06-24 22:04:17.869 [info] > git show --textconv :Stacks-Queues/firstNonRptChar.cpp [13ms]
2025-06-24 22:04:17.869 [info] > git ls-files --stage -- Stacks-Queues/firstNonRptChar.cpp [1ms]
2025-06-24 22:04:17.878 [info] > git cat-file -s 5a4b834696156feaaa14f8790be1e9bfec2c8a21 [2ms]
2025-06-24 22:04:17.894 [info] > git blame --root --incremental ef8faf0e2057e2aa6c4c9059a8466caeddb0f11f -- Stacks-Queues/firstNonRptChar.cpp [4ms]
2025-06-24 22:04:43.616 [info] > git show --textconv :Stacks-Queues/circularQueue.cpp [13ms]
2025-06-24 22:04:43.617 [info] > git ls-files --stage -- Stacks-Queues/circularQueue.cpp [2ms]
2025-06-24 22:04:43.628 [info] > git cat-file -s 08e2ed04790fe64fee6a22ba957036b9d9c415b7 [2ms]
2025-06-24 22:04:43.642 [info] > git blame --root --incremental ef8faf0e2057e2aa6c4c9059a8466caeddb0f11f -- Stacks-Queues/circularQueue.cpp [3ms]
2025-06-24 22:04:45.199 [info] > git show --textconv :Stacks-Queues/deQueue-LL.cpp [12ms]
2025-06-24 22:04:45.199 [info] > git ls-files --stage -- Stacks-Queues/deQueue-LL.cpp [1ms]
2025-06-24 22:04:45.210 [info] > git cat-file -s 33b53fb2828f3ba80029328e2dfa987e2cf5d117 [2ms]
2025-06-24 22:10:33.996 [info] > git config --get commit.template [8ms]
2025-06-24 22:10:33.996 [info] > git for-each-ref --format=%(refname)%00%(upstream:short)%00%(objectname)%00%(upstream:track)%00%(upstream:remotename)%00%(upstream:remoteref) refs/heads/main refs/remotes/main [1ms]
2025-06-24 22:10:34.020 [info] > git status -z -uall [14ms]
2025-06-24 22:10:34.021 [info] > git for-each-ref --sort -committerdate --format %(refname)%00%(objectname)%00%(*objectname) [2ms]
2025-06-24 22:10:34.042 [info] > git blame --root --incremental 09d2e4985be79c3e96efafeb219e72c70ae54d75 -- Stacks-Queues/deQueue-LL.cpp [9ms]
2025-06-24 22:10:34.042 [info] fatal: no such path Stacks-Queues/deQueue-LL.cpp in 09d2e4985be79c3e96efafeb219e72c70ae54d75
2025-06-24 22:10:34.044 [info] > git for-each-ref --format=%(refname)%00%(upstream:short)%00%(objectname)%00%(upstream:track)%00%(upstream:remotename)%00%(upstream:remoteref) refs/heads/main refs/remotes/main [3ms]
2025-06-24 22:10:34.057 [info] > git config --get --local branch.main.vscode-merge-base [1ms]
2025-06-24 22:10:34.069 [info] > git for-each-ref --format=%(refname)%00%(upstream:short)%00%(objectname)%00%(upstream:track)%00%(upstream:remotename)%00%(upstream:remoteref) refs/heads/origin/main refs/remotes/origin/main [1ms]
2025-06-24 22:10:34.078 [info] > git merge-base refs/heads/main refs/remotes/origin/main [2ms]
2025-06-24 22:10:34.090 [info] > git diff --name-status -z --diff-filter=ADMR 09d2e4985be79c3e96efafeb219e72c70ae54d75...refs/remotes/origin/main [1ms]
2025-06-24 22:10:35.057 [info] > git config --get commit.template [1ms]
2025-06-24 22:10:35.069 [info] > git for-each-ref --format=%(refname)%00%(upstream:short)%00%(objectname)%00%(upstream:track)%00%(upstream:remotename)%00%(upstream:remoteref) refs/heads/main refs/remotes/main [2ms]
2025-06-24 22:10:35.088 [info] > git status -z -uall [13ms]
2025-06-24 22:10:35.089 [info] > git for-each-ref --sort -committerdate --format %(refname)%00%(objectname)%00%(*objectname) [1ms]
2025-06-24 22:10:35.157 [info] > git ls-files --stage -- Stacks-Queues/deQueue-LL.cpp [1ms]
2025-06-24 22:10:35.169 [info] > git hash-object -t tree /dev/null [1ms]
2025-06-24 22:10:35.169 [warning] [GitFileSystemProvider][stat] File not found - git:/home/sammy/Desktop/temp/hello-world/Stacks-Queues/deQueue-LL.cpp.git?%7B%22path%22%3A%22%2Fhome%2Fsammy%2FDesktop%2Ftemp%2Fhello-world%2FStacks-Queues%2FdeQueue-LL.cpp%22%2C%22ref%22%3A%22%22%7D
2025-06-24 22:10:44.269 [info] > git config --get commit.template [0ms]
2025-06-24 22:10:44.282 [info] > git for-each-ref --format=%(refname)%00%(upstream:short)%00%(objectname)%00%(upstream:track)%00%(upstream:remotename)%00%(upstream:remoteref) refs/heads/main refs/remotes/main [3ms]
2025-06-24 22:10:44.303 [info] > git status -z -uall [11ms]
2025-06-24 22:10:44.304 [info] > git for-each-ref --sort -committerdate --format %(refname)%00%(objectname)%00%(*objectname) [2ms]
2025-06-24 22:10:44.327 [info] > git blame --root --incremental ada85b7003d5bb6eea6f2ce1fe384ab8d6695ac0 -- Stacks-Queues/deQueue-LL.cpp [10ms]
2025-06-24 22:10:44.329 [info] > git merge-base refs/heads/main refs/remotes/origin/main [4ms]
2025-06-24 22:10:44.338 [info] > git diff --name-status -z --diff-filter=ADMR 09d2e4985be79c3e96efafeb219e72c70ae54d75...refs/remotes/origin/main [1ms]
2025-06-24 22:10:45.344 [info] > git config --get commit.template [7ms]
2025-06-24 22:10:45.345 [info] > git for-each-ref --format=%(refname)%00%(upstream:short)%00%(objectname)%00%(upstream:track)%00%(upstream:remotename)%00%(upstream:remoteref) refs/heads/main refs/remotes/main [2ms]
2025-06-24 22:10:45.365 [info] > git status -z -uall [11ms]
2025-06-24 22:10:45.366 [info] > git for-each-ref --sort -committerdate --format %(refname)%00%(objectname)%00%(*objectname) [2ms]
2025-06-24 22:10:45.438 [info] > git ls-files --stage -- Stacks-Queues/deQueue-LL.cpp [1ms]
2025-06-24 22:10:45.448 [info] > git cat-file -s 33b53fb2828f3ba80029328e2dfa987e2cf5d117 [2ms]
2025-06-24 22:10:45.475 [info] > git show --textconv :Stacks-Queues/deQueue-LL.cpp [14ms]
2025-06-24 22:10:54.070 [info] > git config --get commit.template [7ms]
2025-06-24 22:10:54.071 [info] > git for-each-ref --format=%(refname)%00%(upstream:short)%00%(objectname)%00%(upstream:track)%00%(upstream:remotename)%00%(upstream:remoteref) refs/heads/main refs/remotes/main [2ms]
2025-06-24 22:10:54.088 [info] > git status -z -uall [7ms]
2025-06-24 22:10:54.089 [info] > git for-each-ref --sort -committerdate --format %(refname)%00%(objectname)%00%(*objectname) [1ms]
2025-06-24 22:10:54.104 [info] > git merge-base refs/heads/main refs/remotes/origin/main [2ms]
2025-06-24 22:10:54.115 [info] > git diff --name-status -z --diff-filter=ADMR ada85b7003d5bb6eea6f2ce1fe384ab8d6695ac0...refs/remotes/origin/main [1ms]
2025-06-24 22:10:54.164 [info] > git ls-files --stage -- Stacks-Queues/deQueue-LL.cpp [1ms]
2025-06-24 22:10:54.171 [info] > git cat-file -s 33b53fb2828f3ba80029328e2dfa987e2cf5d117 [1ms]
2025-06-24 22:10:54.184 [info] > git show --textconv :Stacks-Queues/deQueue-LL.cpp [2ms]
2025-06-24 22:11:13.702 [info] > git config --get commit.template [10ms]
2025-06-24 22:11:13.702 [info] > git for-each-ref --format=%(refname)%00%(upstream:short)%00%(objectname)%00%(upstream:track)%00%(upstream:remotename)%00%(upstream:remoteref) refs/heads/b1 refs/remotes/b1 [1ms]
2025-06-24 22:11:13.722 [info] > git status -z -uall [10ms]
2025-06-24 22:11:13.723 [info] > git for-each-ref --sort -committerdate --format %(refname)%00%(objectname)%00%(*objectname) [2ms]
2025-06-24 22:11:13.743 [info] > git for-each-ref --format=%(refname)%00%(upstream:short)%00%(objectname)%00%(upstream:track)%00%(upstream:remotename)%00%(upstream:remoteref) refs/heads/b1 refs/remotes/b1 [2ms]
2025-06-24 22:11:13.757 [info] > git config --get --local branch.b1.vscode-merge-base [1ms]
2025-06-24 22:11:13.768 [info] > git for-each-ref --format=%(refname)%00%(upstream:short)%00%(objectname)%00%(upstream:track)%00%(upstream:remotename)%00%(upstream:remoteref) refs/heads/origin/main refs/remotes/origin/main [0ms]
2025-06-24 22:11:14.773 [info] > git config --get commit.template [8ms]
2025-06-24 22:11:14.774 [info] > git for-each-ref --format=%(refname)%00%(upstream:short)%00%(objectname)%00%(upstream:track)%00%(upstream:remotename)%00%(upstream:remoteref) refs/heads/b1 refs/remotes/b1 [2ms]
2025-06-24 22:11:14.791 [info] > git status -z -uall [9ms]
2025-06-24 22:11:14.793 [info] > git for-each-ref --sort -committerdate --format %(refname)%00%(objectname)%00%(*objectname) [3ms]
2025-06-24 22:11:14.867 [info] > git ls-files --stage -- Stacks-Queues/deQueue-LL.cpp [1ms]
2025-06-24 22:11:14.877 [info] > git cat-file -s 33b53fb2828f3ba80029328e2dfa987e2cf5d117 [2ms]
2025-06-24 22:11:14.886 [info] > git show --textconv :Stacks-Queues/deQueue-LL.cpp [1ms]
