2025-06-08 14:44:10.237 [info] Reading sessions from keychain...
2025-06-08 14:44:10.237 [info] Getting sessions for all scopes...
2025-06-08 14:44:10.237 [info] Getting sessions for all scopes...
2025-06-08 14:44:10.237 [info] Getting sessions for all scopes...
2025-06-08 14:44:10.237 [info] Getting sessions for all scopes...
2025-06-08 14:44:10.237 [info] Getting sessions for all scopes...
2025-06-08 14:44:10.237 [info] Getting sessions for all scopes...
2025-06-08 14:44:10.237 [info] Getting sessions for all scopes...
2025-06-08 14:44:10.283 [info] Got stored sessions!
2025-06-08 14:44:10.283 [info] Got 1 verified sessions.
2025-06-08 14:44:10.283 [info] Got 1 sessions for ...
2025-06-08 14:44:10.283 [info] Got 1 sessions for ...
2025-06-08 14:44:10.283 [info] Got 1 sessions for ...
2025-06-08 14:44:10.283 [info] Got 1 sessions for ...
2025-06-08 14:44:10.283 [info] Got 1 sessions for ...
2025-06-08 14:44:10.283 [info] Got 1 sessions for ...
2025-06-08 14:44:10.283 [info] Got 1 sessions for ...
2025-06-08 14:44:10.386 [info] Getting sessions for all scopes...
2025-06-08 14:44:10.386 [info] Got 1 sessions for ...
2025-06-08 14:44:10.386 [info] Getting sessions for all scopes...
2025-06-08 14:44:10.386 [info] Got 1 sessions for ...
2025-06-08 14:44:10.386 [info] Getting sessions for all scopes...
2025-06-08 14:44:10.386 [info] Got 1 sessions for ...
2025-06-08 14:44:10.386 [info] Getting sessions for all scopes...
2025-06-08 14:44:10.386 [info] Got 1 sessions for ...
2025-06-08 14:44:10.387 [info] Getting sessions for all scopes...
2025-06-08 14:44:10.387 [info] Got 1 sessions for ...
2025-06-08 14:44:10.387 [info] Getting sessions for all scopes...
2025-06-08 14:44:10.387 [info] Got 1 sessions for ...
2025-06-08 14:44:10.387 [info] Getting sessions for all scopes...
2025-06-08 14:44:10.387 [info] Got 1 sessions for ...
2025-06-08 14:44:11.095 [info] Getting sessions for all scopes...
2025-06-08 14:44:11.095 [info] Got 1 sessions for ...
2025-06-08 14:44:11.430 [info] Getting sessions for all scopes...
2025-06-08 14:44:11.430 [info] Got 1 sessions for ...
2025-06-08 14:44:11.862 [info] Getting sessions for read:user,repo,user:email,workflow...
2025-06-08 14:44:11.863 [info] Got 1 sessions for read:user,repo,user:email,workflow...
2025-06-08 15:52:28.810 [info] Getting sessions for read:user,repo,user:email,workflow...
2025-06-08 15:52:28.810 [info] Got 1 sessions for read:user,repo,user:email,workflow...
