2025-06-03 21:59:05.318 [info] Reading sessions from keychain...
2025-06-03 21:59:05.318 [info] Getting sessions for all scopes...
2025-06-03 21:59:05.318 [info] Getting sessions for all scopes...
2025-06-03 21:59:05.318 [info] Getting sessions for all scopes...
2025-06-03 21:59:05.318 [info] Getting sessions for all scopes...
2025-06-03 21:59:05.318 [info] Getting sessions for all scopes...
2025-06-03 21:59:05.318 [info] Getting sessions for all scopes...
2025-06-03 21:59:05.318 [info] Getting sessions for all scopes...
2025-06-03 21:59:05.318 [info] Getting sessions for all scopes...
2025-06-03 21:59:05.318 [info] Got stored sessions!
2025-06-03 21:59:05.318 [info] Got 1 verified sessions.
2025-06-03 21:59:05.318 [info] Got 1 sessions for ...
2025-06-03 21:59:05.318 [info] Got 1 sessions for ...
2025-06-03 21:59:05.318 [info] Got 1 sessions for ...
2025-06-03 21:59:05.318 [info] Got 1 sessions for ...
2025-06-03 21:59:05.318 [info] Got 1 sessions for ...
2025-06-03 21:59:05.318 [info] Got 1 sessions for ...
2025-06-03 21:59:05.318 [info] Got 1 sessions for ...
2025-06-03 21:59:05.318 [info] Got 1 sessions for ...
2025-06-03 21:59:05.318 [info] Getting sessions for all scopes...
2025-06-03 21:59:05.318 [info] Got 1 sessions for ...
2025-06-03 21:59:05.318 [info] Getting sessions for all scopes...
2025-06-03 21:59:05.318 [info] Got 1 sessions for ...
2025-06-03 21:59:05.318 [info] Getting sessions for all scopes...
2025-06-03 21:59:05.318 [info] Got 1 sessions for ...
2025-06-03 21:59:05.318 [info] Getting sessions for all scopes...
2025-06-03 21:59:05.318 [info] Got 1 sessions for ...
2025-06-03 21:59:05.318 [info] Getting sessions for all scopes...
2025-06-03 21:59:05.318 [info] Got 1 sessions for ...
2025-06-03 21:59:05.318 [info] Getting sessions for all scopes...
2025-06-03 21:59:05.318 [info] Got 1 sessions for ...
2025-06-03 21:59:05.318 [info] Getting sessions for all scopes...
2025-06-03 21:59:05.318 [info] Got 1 sessions for ...
2025-06-03 21:59:05.499 [info] Getting sessions for all scopes...
2025-06-03 21:59:05.499 [info] Got 1 sessions for ...
2025-06-03 21:59:06.035 [info] Getting sessions for read:user,repo,user:email,workflow...
2025-06-03 21:59:06.035 [info] Got 1 sessions for read:user,repo,user:email,workflow...
2025-06-03 21:59:06.953 [info] Getting sessions for read:user,repo,user:email,workflow...
2025-06-03 21:59:06.953 [info] Got 1 sessions for read:user,repo,user:email,workflow...
2025-06-03 22:28:13.516 [info] Getting sessions for read:user,repo,user:email,workflow...
2025-06-03 22:28:13.516 [info] Got 1 sessions for read:user,repo,user:email,workflow...
2025-06-03 22:30:23.378 [info] Getting sessions for read:user,repo,user:email,workflow...
2025-06-03 22:30:23.378 [info] Got 1 sessions for read:user,repo,user:email,workflow...
2025-06-03 22:33:13.997 [info] Getting sessions for read:user,repo,user:email,workflow...
2025-06-03 22:33:13.997 [info] Got 1 sessions for read:user,repo,user:email,workflow...
2025-06-03 23:36:42.867 [info] Getting sessions for read:user,repo,user:email,workflow...
2025-06-03 23:36:42.867 [info] Got 1 sessions for read:user,repo,user:email,workflow...
2025-06-03 23:39:00.177 [info] Getting sessions for read:user,repo,user:email,workflow...
2025-06-03 23:39:00.177 [info] Got 1 sessions for read:user,repo,user:email,workflow...
2025-06-03 23:42:07.845 [info] Getting sessions for read:user,repo,user:email,workflow...
2025-06-03 23:42:07.845 [info] Got 1 sessions for read:user,repo,user:email,workflow...
2025-06-03 23:43:19.362 [info] Getting sessions for read:user,repo,user:email,workflow...
2025-06-03 23:43:19.362 [info] Got 1 sessions for read:user,repo,user:email,workflow...
2025-06-03 23:44:38.663 [info] Getting sessions for read:user,repo,user:email,workflow...
2025-06-03 23:44:38.663 [info] Got 1 sessions for read:user,repo,user:email,workflow...
