2025-06-12 13:21:40.454 [info] [main] Log level: Info
2025-06-12 13:21:40.454 [info] [main] Validating found git in: "git"
2025-06-12 13:21:40.454 [info] [main] Using git "2.43.0" from "git"
2025-06-12 13:21:40.454 [info] [Model][doInitialScan] Initial repository scan started
2025-06-12 13:21:40.454 [info] > git rev-parse --show-toplevel [124ms]
2025-06-12 13:21:40.454 [info] > git rev-parse --git-dir --git-common-dir [50ms]
2025-06-12 13:21:40.454 [info] [Model][openRepository] Opened repository (path): /home/sammy/Desktop/temp/hello-world
2025-06-12 13:21:40.454 [info] [Model][openRepository] Opened repository (real path): /home/sammy/Desktop/temp/hello-world
2025-06-12 13:21:40.457 [info] > git rev-parse --show-toplevel [28ms]
2025-06-12 13:21:40.458 [info] > git config --get commit.template [37ms]
2025-06-12 13:21:40.503 [info] > git rev-parse --show-toplevel [18ms]
2025-06-12 13:21:40.521 [info] > git for-each-ref --format=%(refname)%00%(upstream:short)%00%(objectname)%00%(upstream:track)%00%(upstream:remotename)%00%(upstream:remoteref) refs/heads/b1 refs/remotes/b1 [21ms]
2025-06-12 13:21:40.557 [info] > git status -z -uall [17ms]
2025-06-12 13:21:40.567 [info] > git rev-parse --show-toplevel [50ms]
2025-06-12 13:21:40.582 [info] > git for-each-ref --sort -committerdate --format %(refname)%00%(objectname)%00%(*objectname) [28ms]
2025-06-12 13:21:40.633 [info] > git for-each-ref --format=%(refname)%00%(upstream:short)%00%(objectname)%00%(upstream:track)%00%(upstream:remotename)%00%(upstream:remoteref) refs/heads/b1 refs/remotes/b1 [16ms]
2025-06-12 13:21:40.639 [info] > git rev-parse --show-toplevel [60ms]
2025-06-12 13:21:40.649 [info] > git config --get --local branch.b1.vscode-merge-base [10ms]
2025-06-12 13:21:40.656 [info] > git config --get commit.template [24ms]
2025-06-12 13:21:40.659 [info] > git for-each-ref --format=%(refname)%00%(upstream:short)%00%(objectname)%00%(upstream:track)%00%(upstream:remotename)%00%(upstream:remoteref) refs/heads/origin/main refs/remotes/origin/main [4ms]
2025-06-12 13:21:40.660 [info] > git rev-parse --show-toplevel [12ms]
2025-06-12 13:21:40.679 [info] > git rev-parse --show-toplevel [4ms]
2025-06-12 13:21:40.681 [info] [Model][doInitialScan] Initial repository scan completed - repositories (1), closed repositories (0), parent repositories (0), unsafe repositories (0)
2025-06-12 13:21:40.682 [info] > git for-each-ref --format=%(refname)%00%(upstream:short)%00%(objectname)%00%(upstream:track)%00%(upstream:remotename)%00%(upstream:remoteref) refs/heads/b1 refs/remotes/b1 [14ms]
2025-06-12 13:21:40.718 [info] > git status -z -uall [27ms]
2025-06-12 13:21:40.718 [info] > git for-each-ref --sort -committerdate --format %(refname)%00%(objectname)%00%(*objectname) [17ms]
2025-06-12 13:21:40.770 [info] > git show --textconv :stringProblems/longestCommonPrefix.cpp [7ms]
2025-06-12 13:21:40.781 [info] > git ls-files --stage -- stringProblems/longestCommonPrefix.cpp [12ms]
2025-06-12 13:21:40.791 [info] > git cat-file -s 2ddef501c054b44e5d202e6aad6a93272d49b826 [4ms]
2025-06-12 13:21:40.843 [info] > git blame --root --incremental f97f306485e8ee648ed316eec2c05f6815675447 -- stringProblems/longestCommonPrefix.cpp [26ms]
2025-06-12 13:21:41.333 [info] > git check-ignore -v -z --stdin [57ms]
2025-06-12 13:22:15.136 [info] > git ls-files --stage -- stringProblems/longestSubStrNoRpt.cpp [1ms]
2025-06-12 13:22:15.142 [info] > git show --textconv :stringProblems/longestSubStrNoRpt.cpp [16ms]
2025-06-12 13:22:15.144 [info] > git cat-file -s 13a94011f984c4230e2059334ee2b070e983c231 [1ms]
2025-06-12 13:22:15.158 [info] > git blame --root --incremental f97f306485e8ee648ed316eec2c05f6815675447 -- stringProblems/longestSubStrNoRpt.cpp [4ms]
2025-06-12 13:22:37.893 [info] > git show --textconv :arrayProblems/rotateRK.cpp [6ms]
2025-06-12 13:22:37.894 [info] > git ls-files --stage -- arrayProblems/rotateRK.cpp [2ms]
2025-06-12 13:22:37.902 [info] > git cat-file -s a3620092bdbc76004f5d5b2aa0d402059300913f [1ms]
2025-06-12 13:22:38.810 [info] > git show --textconv :arrayProblems/remDupSorted.cpp [8ms]
2025-06-12 13:22:38.811 [info] > git ls-files --stage -- arrayProblems/remDupSorted.cpp [3ms]
2025-06-12 13:22:38.819 [info] > git cat-file -s 3ae933c95880f954f8ccd9f85c8838a1dbce6738 [1ms]
2025-06-12 13:22:47.100 [info] > git blame --root --incremental f97f306485e8ee648ed316eec2c05f6815675447 -- arrayProblems/remDupSorted.cpp [19ms]
2025-06-12 13:24:16.006 [info] > git ls-files --stage -- arrayProblems/missingNo.cpp [1ms]
2025-06-12 13:24:16.016 [info] > git show --textconv :arrayProblems/missingNo.cpp [16ms]
2025-06-12 13:24:16.017 [info] > git cat-file -s 78ee841b4678529b3aca90061802c686ba3a545b [2ms]
2025-06-12 13:24:16.030 [info] > git blame --root --incremental f97f306485e8ee648ed316eec2c05f6815675447 -- arrayProblems/missingNo.cpp [3ms]
2025-06-12 13:24:43.136 [info] > git show --textconv :arrayProblems/maxSubarSum.cpp [9ms]
2025-06-12 13:24:43.137 [info] > git ls-files --stage -- arrayProblems/maxSubarSum.cpp [2ms]
2025-06-12 13:24:43.144 [info] > git cat-file -s 9c44e2fa9169cfcb0ada7e850a56980904bd0c8b [1ms]
2025-06-12 13:24:43.160 [info] > git blame --root --incremental f97f306485e8ee648ed316eec2c05f6815675447 -- arrayProblems/maxSubarSum.cpp [3ms]
2025-06-12 13:24:58.633 [info] > git show --textconv :arrayProblems/remDupSorted.cpp [9ms]
2025-06-12 13:24:58.633 [info] > git ls-files --stage -- arrayProblems/remDupSorted.cpp [1ms]
2025-06-12 13:24:58.641 [info] > git cat-file -s 3ae933c95880f954f8ccd9f85c8838a1dbce6738 [2ms]
2025-06-12 13:33:15.037 [info] > git check-ignore -v -z --stdin [2ms]
2025-06-12 13:33:17.500 [info] > git show --textconv :arrayProblems/majorityEl.cpp [10ms]
2025-06-12 13:33:17.501 [info] > git ls-files --stage -- arrayProblems/majorityEl.cpp [2ms]
2025-06-12 13:33:17.508 [info] > git cat-file -s d109208101a500e30ab75fb3add07ec92476c204 [1ms]
2025-06-12 13:33:17.522 [info] > git blame --root --incremental f97f306485e8ee648ed316eec2c05f6815675447 -- arrayProblems/majorityEl.cpp [2ms]
2025-06-12 13:33:33.341 [info] > git show --textconv :stringProblems/isomorphic.cpp [6ms]
2025-06-12 13:33:33.342 [info] > git ls-files --stage -- stringProblems/isomorphic.cpp [1ms]
2025-06-12 13:33:33.351 [info] > git cat-file -s fff193735e1def7dcb86ad28d5608c4f00038938 [2ms]
2025-06-12 13:33:33.365 [info] > git blame --root --incremental f97f306485e8ee648ed316eec2c05f6815675447 -- stringProblems/isomorphic.cpp [3ms]
2025-06-12 13:34:09.554 [info] > git show --textconv :binarySearch.cpp [10ms]
2025-06-12 13:34:09.554 [info] > git ls-files --stage -- binarySearch.cpp [1ms]
2025-06-12 13:34:09.561 [info] > git cat-file -s e2dccb9e9a3b36cd287a23edc95b294d2169415d [1ms]
2025-06-12 13:40:21.215 [info] > git show --textconv :arrayProblems/intersection.cpp [9ms]
2025-06-12 13:40:21.216 [info] > git ls-files --stage -- arrayProblems/intersection.cpp [1ms]
2025-06-12 13:40:21.225 [info] > git cat-file -s 6d68d1c4114e46c09b8e14dd567ceafe46265e2f [1ms]
2025-06-12 13:40:21.235 [info] > git blame --root --incremental f97f306485e8ee648ed316eec2c05f6815675447 -- arrayProblems/intersection.cpp [2ms]
2025-06-12 13:42:08.292 [info] > git show --textconv :arrayProblems/rotateRK.cpp [6ms]
2025-06-12 13:42:08.293 [info] > git ls-files --stage -- arrayProblems/rotateRK.cpp [2ms]
2025-06-12 13:42:08.301 [info] > git cat-file -s a3620092bdbc76004f5d5b2aa0d402059300913f [1ms]
2025-06-12 13:42:58.654 [info] > git show --textconv :arrayProblems/intersection.cpp [8ms]
2025-06-12 13:42:58.654 [info] > git ls-files --stage -- arrayProblems/intersection.cpp [1ms]
2025-06-12 13:42:58.671 [info] > git cat-file -s 6d68d1c4114e46c09b8e14dd567ceafe46265e2f [2ms]
2025-06-12 13:43:00.154 [info] > git show --textconv :arrayProblems/2Sum.cpp [8ms]
2025-06-12 13:43:00.155 [info] > git ls-files --stage -- arrayProblems/2Sum.cpp [1ms]
2025-06-12 13:43:00.163 [info] > git cat-file -s 9342b033633943aa0afbabd8f663f48c59791a51 [1ms]
2025-06-12 13:43:00.175 [info] > git blame --root --incremental f97f306485e8ee648ed316eec2c05f6815675447 -- arrayProblems/2Sum.cpp [3ms]
2025-06-12 13:43:02.987 [info] > git show --textconv :arrayProblems/remDupSorted.cpp [7ms]
2025-06-12 13:43:02.988 [info] > git ls-files --stage -- arrayProblems/remDupSorted.cpp [2ms]
2025-06-12 13:43:02.996 [info] > git cat-file -s 3ae933c95880f954f8ccd9f85c8838a1dbce6738 [2ms]
2025-06-12 13:44:52.055 [info] > git show --textconv :arrayProblems/zeroEnd.cpp [6ms]
2025-06-12 13:44:52.055 [info] > git ls-files --stage -- arrayProblems/zeroEnd.cpp [2ms]
2025-06-12 13:44:52.066 [info] > git cat-file -s 8888877fa47369678a87dd5690aab9918a52479c [2ms]
2025-06-12 13:48:09.124 [info] > git config --get commit.template [2ms]
2025-06-12 13:48:09.137 [info] > git for-each-ref --format=%(refname)%00%(upstream:short)%00%(objectname)%00%(upstream:track)%00%(upstream:remotename)%00%(upstream:remoteref) refs/heads/b1 refs/remotes/b1 [2ms]
2025-06-12 13:48:09.157 [info] > git status -z -uall [13ms]
2025-06-12 13:48:09.157 [info] > git check-ignore -v -z --stdin [1ms]
2025-06-12 13:48:09.158 [info] > git for-each-ref --sort -committerdate --format %(refname)%00%(objectname)%00%(*objectname) [7ms]
2025-06-12 14:16:45.529 [info] > git config --get commit.template [1ms]
2025-06-12 14:16:45.537 [info] > git for-each-ref --format=%(refname)%00%(upstream:short)%00%(objectname)%00%(upstream:track)%00%(upstream:remotename)%00%(upstream:remoteref) refs/heads/b1 refs/remotes/b1 [2ms]
2025-06-12 14:16:45.553 [info] > git status -z -uall [8ms]
2025-06-12 14:16:45.554 [info] > git for-each-ref --sort -committerdate --format %(refname)%00%(objectname)%00%(*objectname) [2ms]
2025-06-12 14:16:50.581 [info] > git config --get commit.template [10ms]
2025-06-12 14:16:50.581 [info] > git for-each-ref --format=%(refname)%00%(upstream:short)%00%(objectname)%00%(upstream:track)%00%(upstream:remotename)%00%(upstream:remoteref) refs/heads/b1 refs/remotes/b1 [1ms]
2025-06-12 14:16:50.595 [info] > git status -z -uall [8ms]
2025-06-12 14:16:50.595 [info] > git for-each-ref --sort -committerdate --format %(refname)%00%(objectname)%00%(*objectname) [1ms]
2025-06-12 14:16:57.405 [info] > git config --get commit.template [1ms]
2025-06-12 14:16:57.415 [info] > git for-each-ref --format=%(refname)%00%(upstream:short)%00%(objectname)%00%(upstream:track)%00%(upstream:remotename)%00%(upstream:remoteref) refs/heads/b1 refs/remotes/b1 [2ms]
2025-06-12 14:16:57.430 [info] > git status -z -uall [9ms]
2025-06-12 14:16:57.431 [info] > git for-each-ref --sort -committerdate --format %(refname)%00%(objectname)%00%(*objectname) [2ms]
2025-06-12 14:17:34.955 [info] > git config --get commit.template [11ms]
2025-06-12 14:17:34.956 [info] > git for-each-ref --format=%(refname)%00%(upstream:short)%00%(objectname)%00%(upstream:track)%00%(upstream:remotename)%00%(upstream:remoteref) refs/heads/b1 refs/remotes/b1 [1ms]
2025-06-12 14:17:34.973 [info] > git status -z -uall [10ms]
2025-06-12 14:17:34.974 [info] > git for-each-ref --sort -committerdate --format %(refname)%00%(objectname)%00%(*objectname) [2ms]
2025-06-12 14:17:49.448 [info] > git ls-files --stage -- arrayProblems/maxSubarPdt.cpp [2ms]
2025-06-12 14:17:49.457 [info] > git show --textconv :arrayProblems/maxSubarPdt.cpp [18ms]
2025-06-12 14:17:49.457 [info] > git cat-file -s 5244614d78a2ff72745541ac0da080e2ce0f0732 [1ms]
2025-06-12 14:17:49.473 [info] > git blame --root --incremental f97f306485e8ee648ed316eec2c05f6815675447 -- arrayProblems/maxSubarPdt.cpp [2ms]
2025-06-12 14:17:50.106 [info] > git show --textconv :arrayProblems/maxSubarSum.cpp [7ms]
2025-06-12 14:17:50.107 [info] > git ls-files --stage -- arrayProblems/maxSubarSum.cpp [1ms]
2025-06-12 14:17:50.113 [info] > git cat-file -s 9c44e2fa9169cfcb0ada7e850a56980904bd0c8b [1ms]
2025-06-12 14:18:30.785 [info] > git config --get commit.template [10ms]
2025-06-12 14:18:30.785 [info] > git for-each-ref --format=%(refname)%00%(upstream:short)%00%(objectname)%00%(upstream:track)%00%(upstream:remotename)%00%(upstream:remoteref) refs/heads/b1 refs/remotes/b1 [1ms]
2025-06-12 14:18:30.799 [info] > git status -z -uall [9ms]
2025-06-12 14:18:30.799 [info] > git for-each-ref --sort -committerdate --format %(refname)%00%(objectname)%00%(*objectname) [1ms]
2025-06-12 14:18:44.109 [info] > git log --format=%H%n%aN%n%aE%n%at%n%ct%n%P%n%D%n%B -z --shortstat --diff-merges=first-parent -n50 --skip=0 --topo-order --decorate=full --stdin [57ms]
2025-06-12 14:18:44.622 [info] > git check-ignore -v -z --stdin [1ms]
2025-06-12 14:19:02.071 [info] > git config --get commit.template [13ms]
2025-06-12 14:19:02.072 [info] > git for-each-ref --format=%(refname)%00%(upstream:short)%00%(objectname)%00%(upstream:track)%00%(upstream:remotename)%00%(upstream:remoteref) refs/heads/b1 refs/remotes/b1 [2ms]
2025-06-12 14:19:02.087 [info] > git status -z -uall [7ms]
2025-06-12 14:19:02.087 [info] > git for-each-ref --sort -committerdate --format %(refname)%00%(objectname)%00%(*objectname) [1ms]
2025-06-12 14:19:09.729 [info] > git config --get commit.template [12ms]
2025-06-12 14:19:09.730 [info] > git for-each-ref --format=%(refname)%00%(upstream:short)%00%(objectname)%00%(upstream:track)%00%(upstream:remotename)%00%(upstream:remoteref) refs/heads/b1 refs/remotes/b1 [1ms]
2025-06-12 14:19:09.746 [info] > git status -z -uall [9ms]
2025-06-12 14:19:09.747 [info] > git for-each-ref --sort -committerdate --format %(refname)%00%(objectname)%00%(*objectname) [1ms]
2025-06-12 14:19:17.247 [info] > git config --get commit.template [7ms]
2025-06-12 14:19:17.248 [info] > git for-each-ref --format=%(refname)%00%(upstream:short)%00%(objectname)%00%(upstream:track)%00%(upstream:remotename)%00%(upstream:remoteref) refs/heads/b1 refs/remotes/b1 [2ms]
2025-06-12 14:19:17.265 [info] > git status -z -uall [8ms]
2025-06-12 14:19:17.266 [info] > git for-each-ref --sort -committerdate --format %(refname)%00%(objectname)%00%(*objectname) [1ms]
2025-06-12 14:19:17.595 [info] > git show --textconv :stringProblems/intToRoman.cpp [12ms]
2025-06-12 14:19:17.596 [info] > git ls-files --stage -- stringProblems/intToRoman.cpp [2ms]
2025-06-12 14:19:17.607 [info] > git cat-file -s 1e39fc3bd112e6874a0fb44ab8777af0d84b763f [2ms]
2025-06-12 14:19:17.621 [info] > git blame --root --incremental 735158672ced2530e9a590f110824dcde8276725 -- stringProblems/intToRoman.cpp [1ms]
2025-06-12 14:27:09.741 [info] > git config --get commit.template [12ms]
2025-06-12 14:27:09.742 [info] > git for-each-ref --format=%(refname)%00%(upstream:short)%00%(objectname)%00%(upstream:track)%00%(upstream:remotename)%00%(upstream:remoteref) refs/heads/b1 refs/remotes/b1 [2ms]
2025-06-12 14:27:09.759 [info] > git status -z -uall [8ms]
2025-06-12 14:27:09.760 [info] > git for-each-ref --sort -committerdate --format %(refname)%00%(objectname)%00%(*objectname) [2ms]
2025-06-12 14:27:14.939 [info] > git config --get commit.template [11ms]
2025-06-12 14:27:14.940 [info] > git for-each-ref --format=%(refname)%00%(upstream:short)%00%(objectname)%00%(upstream:track)%00%(upstream:remotename)%00%(upstream:remoteref) refs/heads/b1 refs/remotes/b1 [2ms]
2025-06-12 14:27:14.959 [info] > git status -z -uall [9ms]
2025-06-12 14:27:14.960 [info] > git for-each-ref --sort -committerdate --format %(refname)%00%(objectname)%00%(*objectname) [2ms]
2025-06-12 14:27:14.972 [info] > git blame --root --incremental c58491900b823d62a34269cd52d218b525392c55 -- stringProblems/intToRoman.cpp [2ms]
2025-06-12 14:27:15.030 [info] > git ls-files --stage -- stringProblems/intToRoman.cpp [2ms]
2025-06-12 14:27:15.042 [info] > git cat-file -s 182a208cc0f7f6117f1b3fb75d8f26dc984d5e85 [2ms]
2025-06-12 14:27:15.056 [info] > git show --textconv :stringProblems/intToRoman.cpp [2ms]
2025-06-12 14:27:27.750 [info] > git config --get commit.template [13ms]
2025-06-12 14:27:27.751 [info] > git for-each-ref --format=%(refname)%00%(upstream:short)%00%(objectname)%00%(upstream:track)%00%(upstream:remotename)%00%(upstream:remoteref) refs/heads/b1 refs/remotes/b1 [2ms]
2025-06-12 14:27:27.769 [info] > git status -z -uall [8ms]
2025-06-12 14:27:27.770 [info] > git for-each-ref --sort -committerdate --format %(refname)%00%(objectname)%00%(*objectname) [1ms]
2025-06-12 14:27:39.931 [info] > git config --get commit.template [2ms]
2025-06-12 14:27:39.944 [info] > git for-each-ref --format=%(refname)%00%(upstream:short)%00%(objectname)%00%(upstream:track)%00%(upstream:remotename)%00%(upstream:remoteref) refs/heads/b1 refs/remotes/b1 [2ms]
2025-06-12 14:27:39.959 [info] > git status -z -uall [8ms]
2025-06-12 14:27:39.960 [info] > git for-each-ref --sort -committerdate --format %(refname)%00%(objectname)%00%(*objectname) [2ms]
2025-06-12 14:27:54.098 [info] > git for-each-ref --format=%(refname)%00%(upstream:short)%00%(objectname)%00%(upstream:track)%00%(upstream:remotename)%00%(upstream:remoteref) refs/heads/b1 refs/remotes/b1 [7ms]
2025-06-12 14:27:54.098 [info] > git config --get commit.template [18ms]
2025-06-12 14:27:54.119 [info] > git check-ignore -v -z --stdin [21ms]
2025-06-12 14:27:54.119 [info] > git status -z -uall [15ms]
2025-06-12 14:27:54.120 [info] > git for-each-ref --sort -committerdate --format %(refname)%00%(objectname)%00%(*objectname) [3ms]
2025-06-12 14:33:45.939 [info] > git config --get commit.template [15ms]
2025-06-12 14:33:45.947 [info] > git for-each-ref --format=%(refname)%00%(upstream:short)%00%(objectname)%00%(upstream:track)%00%(upstream:remotename)%00%(upstream:remoteref) refs/heads/b1 refs/remotes/b1 [1ms]
2025-06-12 14:33:45.962 [info] > git status -z -uall [9ms]
2025-06-12 14:33:45.962 [info] > git for-each-ref --sort -committerdate --format %(refname)%00%(objectname)%00%(*objectname) [1ms]
2025-06-12 14:34:04.951 [info] > git config --get commit.template [8ms]
2025-06-12 14:34:04.952 [info] > git for-each-ref --format=%(refname)%00%(upstream:short)%00%(objectname)%00%(upstream:track)%00%(upstream:remotename)%00%(upstream:remoteref) refs/heads/b1 refs/remotes/b1 [2ms]
2025-06-12 14:34:04.966 [info] > git status -z -uall [6ms]
2025-06-12 14:34:04.967 [info] > git for-each-ref --sort -committerdate --format %(refname)%00%(objectname)%00%(*objectname) [2ms]
2025-06-12 14:39:33.480 [info] > git config --get commit.template [12ms]
2025-06-12 14:39:33.481 [info] > git for-each-ref --format=%(refname)%00%(upstream:short)%00%(objectname)%00%(upstream:track)%00%(upstream:remotename)%00%(upstream:remoteref) refs/heads/b1 refs/remotes/b1 [1ms]
2025-06-12 14:39:33.498 [info] > git status -z -uall [11ms]
2025-06-12 14:39:33.498 [info] > git for-each-ref --sort -committerdate --format %(refname)%00%(objectname)%00%(*objectname) [1ms]
2025-06-12 14:40:06.499 [info] > git log --format=%H%n%aN%n%aE%n%at%n%ct%n%P%n%D%n%B -z --shortstat --diff-merges=first-parent -n50 --skip=0 --topo-order --decorate=full --stdin [8ms]
2025-06-12 14:43:45.520 [info] > git config --get commit.template [7ms]
2025-06-12 14:43:45.528 [info] > git for-each-ref --format=%(refname)%00%(upstream:short)%00%(objectname)%00%(upstream:track)%00%(upstream:remotename)%00%(upstream:remoteref) refs/heads/b1 refs/remotes/b1 [9ms]
2025-06-12 14:43:45.546 [info] > git status -z -uall [12ms]
2025-06-12 14:43:45.547 [info] > git for-each-ref --sort -committerdate --format %(refname)%00%(objectname)%00%(*objectname) [1ms]
2025-06-12 14:43:51.562 [info] > git config --get commit.template [13ms]
2025-06-12 14:43:51.562 [info] > git for-each-ref --format=%(refname)%00%(upstream:short)%00%(objectname)%00%(upstream:track)%00%(upstream:remotename)%00%(upstream:remoteref) refs/heads/b1 refs/remotes/b1 [1ms]
2025-06-12 14:43:51.583 [info] > git status -z -uall [12ms]
2025-06-12 14:43:51.584 [info] > git for-each-ref --sort -committerdate --format %(refname)%00%(objectname)%00%(*objectname) [1ms]
2025-06-12 14:45:02.125 [info] > git config --get commit.template [14ms]
2025-06-12 14:45:02.126 [info] > git for-each-ref --format=%(refname)%00%(upstream:short)%00%(objectname)%00%(upstream:track)%00%(upstream:remotename)%00%(upstream:remoteref) refs/heads/b1 refs/remotes/b1 [3ms]
2025-06-12 14:45:02.156 [info] > git status -z -uall [18ms]
2025-06-12 14:45:02.158 [info] > git for-each-ref --sort -committerdate --format %(refname)%00%(objectname)%00%(*objectname) [2ms]
2025-06-12 14:45:14.859 [info] > git config --get commit.template [1ms]
2025-06-12 14:45:14.871 [info] > git for-each-ref --format=%(refname)%00%(upstream:short)%00%(objectname)%00%(upstream:track)%00%(upstream:remotename)%00%(upstream:remoteref) refs/heads/b1 refs/remotes/b1 [2ms]
2025-06-12 14:45:14.893 [info] > git status -z -uall [12ms]
2025-06-12 14:45:14.895 [info] > git for-each-ref --sort -committerdate --format %(refname)%00%(objectname)%00%(*objectname) [2ms]
2025-06-12 14:45:19.913 [info] > git config --get commit.template [8ms]
2025-06-12 14:45:19.913 [info] > git for-each-ref --format=%(refname)%00%(upstream:short)%00%(objectname)%00%(upstream:track)%00%(upstream:remotename)%00%(upstream:remoteref) refs/heads/b1 refs/remotes/b1 [1ms]
2025-06-12 14:45:19.927 [info] > git status -z -uall [7ms]
2025-06-12 14:45:19.927 [info] > git for-each-ref --sort -committerdate --format %(refname)%00%(objectname)%00%(*objectname) [1ms]
2025-06-12 14:45:20.248 [info] > git show --textconv :stringProblems/romanToInt.cpp [8ms]
2025-06-12 14:45:20.249 [info] > git ls-files --stage -- stringProblems/romanToInt.cpp [1ms]
2025-06-12 14:45:20.256 [info] > git cat-file -s 833f1f3b69be74fa0284bcfaf9d8674ab3958b08 [1ms]
2025-06-12 14:45:20.267 [info] > git blame --root --incremental b3c41860e1b6478b7bebadadef7539918b9fa60d -- stringProblems/romanToInt.cpp [2ms]
2025-06-12 17:59:17.074 [info] > git show --textconv :shallow-deep.cpp [6ms]
2025-06-12 17:59:17.075 [info] > git ls-files --stage -- shallow-deep.cpp [1ms]
2025-06-12 17:59:17.084 [info] > git cat-file -s d7e0ac5b82cd03ee57b7f8a1929f67b82c530dbf [1ms]
2025-06-12 17:59:19.580 [info] > git blame --root --incremental b3c41860e1b6478b7bebadadef7539918b9fa60d -- shallow-deep.cpp [10ms]
2025-06-12 18:45:56.674 [info] > git show --textconv :linked-list.cpp [9ms]
2025-06-12 18:45:56.674 [info] > git ls-files --stage -- linked-list.cpp [1ms]
2025-06-12 18:45:56.681 [info] > git cat-file -s e440dbfbe09f423d1e8db455e7cc23e399b5eedf [1ms]
2025-06-12 18:45:56.696 [info] > git blame --root --incremental b3c41860e1b6478b7bebadadef7539918b9fa60d -- linked-list.cpp [3ms]
2025-06-12 19:45:34.016 [info] > git config --get commit.template [22ms]
2025-06-12 19:45:34.016 [info] > git for-each-ref --format=%(refname)%00%(upstream:short)%00%(objectname)%00%(upstream:track)%00%(upstream:remotename)%00%(upstream:remoteref) refs/heads/b1 refs/remotes/b1 [9ms]
2025-06-12 19:45:34.031 [info] > git check-ignore -v -z --stdin [16ms]
2025-06-12 19:45:34.032 [info] > git status -z -uall [9ms]
2025-06-12 19:45:34.032 [info] > git for-each-ref --sort -committerdate --format %(refname)%00%(objectname)%00%(*objectname) [1ms]
2025-06-12 19:46:15.365 [info] > git config --get commit.template [9ms]
2025-06-12 19:46:15.366 [info] > git for-each-ref --format=%(refname)%00%(upstream:short)%00%(objectname)%00%(upstream:track)%00%(upstream:remotename)%00%(upstream:remoteref) refs/heads/b1 refs/remotes/b1 [1ms]
2025-06-12 19:46:15.380 [info] > git status -z -uall [7ms]
2025-06-12 19:46:15.381 [info] > git for-each-ref --sort -committerdate --format %(refname)%00%(objectname)%00%(*objectname) [1ms]
2025-06-12 19:46:32.470 [info] > git config --get commit.template [13ms]
2025-06-12 19:46:32.471 [info] > git for-each-ref --format=%(refname)%00%(upstream:short)%00%(objectname)%00%(upstream:track)%00%(upstream:remotename)%00%(upstream:remoteref) refs/heads/b1 refs/remotes/b1 [2ms]
2025-06-12 19:46:32.488 [info] > git status -z -uall [8ms]
2025-06-12 19:46:32.489 [info] > git for-each-ref --sort -committerdate --format %(refname)%00%(objectname)%00%(*objectname) [2ms]
2025-06-12 19:46:47.364 [info] > git for-each-ref --format=%(refname)%00%(upstream:short)%00%(objectname)%00%(upstream:track)%00%(upstream:remotename)%00%(upstream:remoteref) refs/heads/b1 refs/remotes/b1 [13ms]
2025-06-12 19:46:47.364 [info] > git config --get commit.template [25ms]
2025-06-12 19:46:47.383 [info] > git check-ignore -v -z --stdin [20ms]
2025-06-12 19:46:47.384 [info] > git status -z -uall [11ms]
2025-06-12 19:46:47.384 [info] > git for-each-ref --sort -committerdate --format %(refname)%00%(objectname)%00%(*objectname) [1ms]
2025-06-12 19:46:56.493 [info] > git show --textconv :.gitignore [12ms]
2025-06-12 19:46:56.494 [info] > git ls-files --stage -- .gitignore [2ms]
2025-06-12 19:46:56.503 [info] > git cat-file -s 1d74e21965c4f858f5f818a270e64e1bfad7d843 [1ms]
2025-06-12 19:47:11.223 [info] > git config --get commit.template [10ms]
2025-06-12 19:47:11.224 [info] > git for-each-ref --format=%(refname)%00%(upstream:short)%00%(objectname)%00%(upstream:track)%00%(upstream:remotename)%00%(upstream:remoteref) refs/heads/b1 refs/remotes/b1 [2ms]
2025-06-12 19:47:11.243 [info] > git status -z -uall [9ms]
2025-06-12 19:47:11.243 [info] > git for-each-ref --sort -committerdate --format %(refname)%00%(objectname)%00%(*objectname) [1ms]
2025-06-12 19:47:11.316 [info] > git ls-files --stage -- .gitignore [2ms]
2025-06-12 19:47:11.328 [info] > git cat-file -s 1d74e21965c4f858f5f818a270e64e1bfad7d843 [2ms]
2025-06-12 19:47:11.340 [info] > git show --textconv :.gitignore [1ms]
2025-06-12 19:48:01.987 [info] > git config --get commit.template [9ms]
2025-06-12 19:48:01.988 [info] > git for-each-ref --format=%(refname)%00%(upstream:short)%00%(objectname)%00%(upstream:track)%00%(upstream:remotename)%00%(upstream:remoteref) refs/heads/b1 refs/remotes/b1 [2ms]
2025-06-12 19:48:02.006 [info] > git status -z -uall [9ms]
2025-06-12 19:48:02.007 [info] > git for-each-ref --sort -committerdate --format %(refname)%00%(objectname)%00%(*objectname) [2ms]
2025-06-12 19:48:04.050 [info] > git check-ignore -v -z --stdin [0ms]
2025-06-12 20:20:53.168 [info] > git config --get commit.template [2ms]
2025-06-12 20:20:53.182 [info] > git for-each-ref --format=%(refname)%00%(upstream:short)%00%(objectname)%00%(upstream:track)%00%(upstream:remotename)%00%(upstream:remoteref) refs/heads/b1 refs/remotes/b1 [2ms]
2025-06-12 20:20:53.201 [info] > git status -z -uall [10ms]
2025-06-12 20:20:53.201 [info] > git for-each-ref --sort -committerdate --format %(refname)%00%(objectname)%00%(*objectname) [1ms]
2025-06-12 20:32:31.787 [info] > git config --get commit.template [13ms]
2025-06-12 20:32:31.789 [info] > git for-each-ref --format=%(refname)%00%(upstream:short)%00%(objectname)%00%(upstream:track)%00%(upstream:remotename)%00%(upstream:remoteref) refs/heads/b1 refs/remotes/b1 [3ms]
2025-06-12 20:32:31.811 [info] > git status -z -uall [11ms]
2025-06-12 20:32:31.812 [info] > git for-each-ref --sort -committerdate --format %(refname)%00%(objectname)%00%(*objectname) [2ms]
2025-06-12 20:32:47.400 [info] > git config --get commit.template [10ms]
2025-06-12 20:32:47.401 [info] > git for-each-ref --format=%(refname)%00%(upstream:short)%00%(objectname)%00%(upstream:track)%00%(upstream:remotename)%00%(upstream:remoteref) refs/heads/b1 refs/remotes/b1 [1ms]
2025-06-12 20:32:47.417 [info] > git status -z -uall [7ms]
2025-06-12 20:32:47.418 [info] > git for-each-ref --sort -committerdate --format %(refname)%00%(objectname)%00%(*objectname) [2ms]
2025-06-12 20:33:00.591 [info] > git config --get commit.template [13ms]
2025-06-12 20:33:00.592 [info] > git for-each-ref --format=%(refname)%00%(upstream:short)%00%(objectname)%00%(upstream:track)%00%(upstream:remotename)%00%(upstream:remoteref) refs/heads/b1 refs/remotes/b1 [2ms]
2025-06-12 20:33:00.606 [info] > git status -z -uall [8ms]
2025-06-12 20:33:00.606 [info] > git for-each-ref --sort -committerdate --format %(refname)%00%(objectname)%00%(*objectname) [1ms]
2025-06-12 20:43:33.115 [info] > git log --format=%H%n%aN%n%aE%n%at%n%ct%n%P%n%D%n%B -z --shortstat --diff-merges=first-parent -n50 --skip=0 --topo-order --decorate=full --stdin [17ms]
2025-06-12 20:43:33.638 [info] > git check-ignore -v -z --stdin [2ms]
2025-06-12 20:44:53.543 [info] > git config --get commit.template [14ms]
2025-06-12 20:44:53.544 [info] > git for-each-ref --format=%(refname)%00%(upstream:short)%00%(objectname)%00%(upstream:track)%00%(upstream:remotename)%00%(upstream:remoteref) refs/heads/b1 refs/remotes/b1 [2ms]
2025-06-12 20:44:53.559 [info] > git status -z -uall [8ms]
2025-06-12 20:44:53.560 [info] > git for-each-ref --sort -committerdate --format %(refname)%00%(objectname)%00%(*objectname) [2ms]
2025-06-12 20:44:53.894 [info] > git show --textconv :linked-list.cpp [13ms]
2025-06-12 20:44:53.902 [info] > git ls-files --stage -- linked-list.cpp [10ms]
2025-06-12 20:44:53.910 [info] > git hash-object -t tree /dev/null [9ms]
2025-06-12 20:44:53.911 [warning] [GitFileSystemProvider][readFile] File not found - git:/home/sammy/Desktop/temp/hello-world/linked-list.cpp.git?%7B%22path%22%3A%22%2Fhome%2Fsammy%2FDesktop%2Ftemp%2Fhello-world%2Flinked-list.cpp%22%2C%22ref%22%3A%22%22%7D
2025-06-12 20:44:53.912 [info] > git hash-object -t tree /dev/null [4ms]
2025-06-12 20:44:53.913 [warning] [GitFileSystemProvider][stat] File not found - git:/home/sammy/Desktop/temp/hello-world/linked-list.cpp.git?%7B%22path%22%3A%22%2Fhome%2Fsammy%2FDesktop%2Ftemp%2Fhello-world%2Flinked-list.cpp%22%2C%22ref%22%3A%22%22%7D
2025-06-12 20:44:53.920 [info] > git blame --root --incremental ead604686b5b2a738c4cc7442de5dec7152a7b5d -- linked-list.cpp [1ms]
2025-06-12 20:44:53.920 [info] fatal: no such path linked-list.cpp in ead604686b5b2a738c4cc7442de5dec7152a7b5d
2025-06-12 20:45:01.383 [info] > git config --get commit.template [14ms]
2025-06-12 20:45:01.384 [info] > git for-each-ref --format=%(refname)%00%(upstream:short)%00%(objectname)%00%(upstream:track)%00%(upstream:remotename)%00%(upstream:remoteref) refs/heads/b1 refs/remotes/b1 [2ms]
2025-06-12 20:45:01.402 [info] > git status -z -uall [8ms]
2025-06-12 20:45:01.403 [info] > git for-each-ref --sort -committerdate --format %(refname)%00%(objectname)%00%(*objectname) [2ms]
2025-06-12 20:45:06.423 [info] > git config --get commit.template [7ms]
2025-06-12 20:45:06.424 [info] > git for-each-ref --format=%(refname)%00%(upstream:short)%00%(objectname)%00%(upstream:track)%00%(upstream:remotename)%00%(upstream:remoteref) refs/heads/b1 refs/remotes/b1 [2ms]
2025-06-12 20:45:06.443 [info] > git status -z -uall [9ms]
2025-06-12 20:45:06.444 [info] > git for-each-ref --sort -committerdate --format %(refname)%00%(objectname)%00%(*objectname) [2ms]
2025-06-12 20:45:06.458 [info] > git blame --root --incremental 6d84489e725307f957c4f571f1017c99806fba12 -- linked-list.cpp [2ms]
2025-06-12 20:45:06.458 [info] fatal: no such path linked-list.cpp in 6d84489e725307f957c4f571f1017c99806fba12
2025-06-12 20:50:07.755 [info] > git show --textconv :LinkedLists/singlyLLL.cpp [12ms]
2025-06-12 20:50:07.756 [info] > git ls-files --stage -- LinkedLists/singlyLLL.cpp [1ms]
2025-06-12 20:50:07.766 [info] > git cat-file -s cf9b80be10b8880fc801d8173b1c4d20ba429065 [1ms]
2025-06-12 20:50:07.780 [info] > git blame --root --incremental 6d84489e725307f957c4f571f1017c99806fba12 -- LinkedLists/singlyLLL.cpp [1ms]
2025-06-12 20:50:10.468 [info] > git show --textconv :stringProblems/isomorphic.cpp [6ms]
2025-06-12 20:50:10.469 [info] > git ls-files --stage -- stringProblems/isomorphic.cpp [1ms]
2025-06-12 20:50:10.478 [info] > git cat-file -s fff193735e1def7dcb86ad28d5608c4f00038938 [1ms]
2025-06-12 20:50:10.491 [info] > git blame --root --incremental 6d84489e725307f957c4f571f1017c99806fba12 -- stringProblems/isomorphic.cpp [2ms]
2025-06-12 20:50:12.265 [info] > git show --textconv :LinkedLists/singlyLLL.cpp [8ms]
2025-06-12 20:50:12.266 [info] > git ls-files --stage -- LinkedLists/singlyLLL.cpp [1ms]
2025-06-12 20:50:12.275 [info] > git cat-file -s cf9b80be10b8880fc801d8173b1c4d20ba429065 [1ms]
2025-06-12 20:55:30.590 [info] > git config --get commit.template [13ms]
2025-06-12 20:55:30.591 [info] > git for-each-ref --format=%(refname)%00%(upstream:short)%00%(objectname)%00%(upstream:track)%00%(upstream:remotename)%00%(upstream:remoteref) refs/heads/b1 refs/remotes/b1 [2ms]
2025-06-12 20:55:30.607 [info] > git status -z -uall [7ms]
2025-06-12 20:55:30.607 [info] > git for-each-ref --sort -committerdate --format %(refname)%00%(objectname)%00%(*objectname) [1ms]
2025-06-12 20:56:03.236 [info] > git config --get commit.template [14ms]
2025-06-12 20:56:03.237 [info] > git for-each-ref --format=%(refname)%00%(upstream:short)%00%(objectname)%00%(upstream:track)%00%(upstream:remotename)%00%(upstream:remoteref) refs/heads/b1 refs/remotes/b1 [2ms]
2025-06-12 20:56:03.255 [info] > git status -z -uall [7ms]
2025-06-12 20:56:03.255 [info] > git for-each-ref --sort -committerdate --format %(refname)%00%(objectname)%00%(*objectname) [1ms]
2025-06-12 20:56:08.272 [info] > git config --get commit.template [1ms]
2025-06-12 20:56:08.282 [info] > git for-each-ref --format=%(refname)%00%(upstream:short)%00%(objectname)%00%(upstream:track)%00%(upstream:remotename)%00%(upstream:remoteref) refs/heads/b1 refs/remotes/b1 [1ms]
2025-06-12 20:56:08.298 [info] > git status -z -uall [8ms]
2025-06-12 20:56:08.299 [info] > git for-each-ref --sort -committerdate --format %(refname)%00%(objectname)%00%(*objectname) [2ms]
2025-06-12 20:57:23.720 [info] > git config --get commit.template [14ms]
2025-06-12 20:57:23.721 [info] > git for-each-ref --format=%(refname)%00%(upstream:short)%00%(objectname)%00%(upstream:track)%00%(upstream:remotename)%00%(upstream:remoteref) refs/heads/b1 refs/remotes/b1 [2ms]
2025-06-12 20:57:23.738 [info] > git status -z -uall [9ms]
2025-06-12 20:57:23.738 [info] > git for-each-ref --sort -committerdate --format %(refname)%00%(objectname)%00%(*objectname) [1ms]
2025-06-12 20:58:47.009 [info] > git config --get commit.template [10ms]
2025-06-12 20:58:47.009 [info] > git for-each-ref --format=%(refname)%00%(upstream:short)%00%(objectname)%00%(upstream:track)%00%(upstream:remotename)%00%(upstream:remoteref) refs/heads/b1 refs/remotes/b1 [1ms]
2025-06-12 20:58:47.024 [info] > git status -z -uall [8ms]
2025-06-12 20:58:47.025 [info] > git for-each-ref --sort -committerdate --format %(refname)%00%(objectname)%00%(*objectname) [3ms]
2025-06-12 20:58:52.044 [info] > git config --get commit.template [1ms]
2025-06-12 20:58:52.055 [info] > git for-each-ref --format=%(refname)%00%(upstream:short)%00%(objectname)%00%(upstream:track)%00%(upstream:remotename)%00%(upstream:remoteref) refs/heads/b1 refs/remotes/b1 [1ms]
2025-06-12 20:58:52.075 [info] > git status -z -uall [10ms]
2025-06-12 20:58:52.076 [info] > git for-each-ref --sort -committerdate --format %(refname)%00%(objectname)%00%(*objectname) [2ms]
2025-06-12 20:59:39.856 [info] > git config --get commit.template [11ms]
2025-06-12 20:59:39.856 [info] > git for-each-ref --format=%(refname)%00%(upstream:short)%00%(objectname)%00%(upstream:track)%00%(upstream:remotename)%00%(upstream:remoteref) refs/heads/b1 refs/remotes/b1 [1ms]
2025-06-12 20:59:39.871 [info] > git status -z -uall [8ms]
2025-06-12 20:59:39.872 [info] > git for-each-ref --sort -committerdate --format %(refname)%00%(objectname)%00%(*objectname) [1ms]
2025-06-12 20:59:44.880 [info] > git config --get commit.template [2ms]
2025-06-12 20:59:44.888 [info] > git for-each-ref --format=%(refname)%00%(upstream:short)%00%(objectname)%00%(upstream:track)%00%(upstream:remotename)%00%(upstream:remoteref) refs/heads/b1 refs/remotes/b1 [1ms]
2025-06-12 20:59:44.902 [info] > git status -z -uall [8ms]
2025-06-12 20:59:44.902 [info] > git for-each-ref --sort -committerdate --format %(refname)%00%(objectname)%00%(*objectname) [1ms]
2025-06-12 21:04:10.089 [info] > git config --get commit.template [14ms]
2025-06-12 21:04:10.090 [info] > git for-each-ref --format=%(refname)%00%(upstream:short)%00%(objectname)%00%(upstream:track)%00%(upstream:remotename)%00%(upstream:remoteref) refs/heads/b1 refs/remotes/b1 [2ms]
2025-06-12 21:04:10.106 [info] > git status -z -uall [10ms]
2025-06-12 21:04:10.107 [info] > git for-each-ref --sort -committerdate --format %(refname)%00%(objectname)%00%(*objectname) [1ms]
2025-06-12 21:04:15.462 [info] > git config --get commit.template [12ms]
2025-06-12 21:04:15.463 [info] > git for-each-ref --format=%(refname)%00%(upstream:short)%00%(objectname)%00%(upstream:track)%00%(upstream:remotename)%00%(upstream:remoteref) refs/heads/b1 refs/remotes/b1 [2ms]
2025-06-12 21:04:15.482 [info] > git status -z -uall [9ms]
2025-06-12 21:04:15.483 [info] > git for-each-ref --sort -committerdate --format %(refname)%00%(objectname)%00%(*objectname) [2ms]
2025-06-12 21:05:52.416 [info] > git config --get commit.template [11ms]
2025-06-12 21:05:52.416 [info] > git for-each-ref --format=%(refname)%00%(upstream:short)%00%(objectname)%00%(upstream:track)%00%(upstream:remotename)%00%(upstream:remoteref) refs/heads/b1 refs/remotes/b1 [1ms]
2025-06-12 21:05:52.432 [info] > git status -z -uall [7ms]
2025-06-12 21:05:52.433 [info] > git for-each-ref --sort -committerdate --format %(refname)%00%(objectname)%00%(*objectname) [1ms]
2025-06-12 21:06:13.287 [info] > git config --get commit.template [13ms]
2025-06-12 21:06:13.288 [info] > git for-each-ref --format=%(refname)%00%(upstream:short)%00%(objectname)%00%(upstream:track)%00%(upstream:remotename)%00%(upstream:remoteref) refs/heads/b1 refs/remotes/b1 [1ms]
2025-06-12 21:06:13.305 [info] > git status -z -uall [10ms]
2025-06-12 21:06:13.306 [info] > git for-each-ref --sort -committerdate --format %(refname)%00%(objectname)%00%(*objectname) [1ms]
2025-06-12 21:06:15.692 [info] > git ls-files --stage -- LinkedLists/singlyLLL.cpp [1ms]
2025-06-12 21:06:15.703 [info] > git cat-file -s f1d09bc6531c9fe3045844caccea3da220815079 [1ms]
2025-06-12 21:06:15.714 [info] > git show --textconv :LinkedLists/singlyLLL.cpp [2ms]
2025-06-12 21:06:18.328 [info] > git config --get commit.template [9ms]
2025-06-12 21:06:18.329 [info] > git for-each-ref --format=%(refname)%00%(upstream:short)%00%(objectname)%00%(upstream:track)%00%(upstream:remotename)%00%(upstream:remoteref) refs/heads/b1 refs/remotes/b1 [2ms]
2025-06-12 21:06:18.346 [info] > git status -z -uall [8ms]
2025-06-12 21:06:18.347 [info] > git for-each-ref --sort -committerdate --format %(refname)%00%(objectname)%00%(*objectname) [1ms]
2025-06-12 21:06:18.357 [info] > git blame --root --incremental e2813dbe522cd24dd15cdbe0c54449b72c933187 -- LinkedLists/singlyLLL.cpp [1ms]
2025-06-12 21:24:58.578 [info] > git config --get commit.template [12ms]
2025-06-12 21:24:58.579 [info] > git for-each-ref --format=%(refname)%00%(upstream:short)%00%(objectname)%00%(upstream:track)%00%(upstream:remotename)%00%(upstream:remoteref) refs/heads/b1 refs/remotes/b1 [2ms]
2025-06-12 21:24:58.594 [info] > git status -z -uall [7ms]
2025-06-12 21:24:58.595 [info] > git for-each-ref --sort -committerdate --format %(refname)%00%(objectname)%00%(*objectname) [1ms]
2025-06-12 21:29:24.370 [info] > git config --get commit.template [10ms]
2025-06-12 21:29:24.370 [info] > git for-each-ref --format=%(refname)%00%(upstream:short)%00%(objectname)%00%(upstream:track)%00%(upstream:remotename)%00%(upstream:remoteref) refs/heads/b1 refs/remotes/b1 [1ms]
2025-06-12 21:29:24.385 [info] > git status -z -uall [9ms]
2025-06-12 21:29:24.386 [info] > git for-each-ref --sort -committerdate --format %(refname)%00%(objectname)%00%(*objectname) [2ms]
2025-06-12 21:30:06.156 [info] > git config --get commit.template [12ms]
2025-06-12 21:30:06.158 [info] > git for-each-ref --format=%(refname)%00%(upstream:short)%00%(objectname)%00%(upstream:track)%00%(upstream:remotename)%00%(upstream:remoteref) refs/heads/b1 refs/remotes/b1 [3ms]
2025-06-12 21:30:06.182 [info] > git status -z -uall [12ms]
2025-06-12 21:30:06.183 [info] > git for-each-ref --sort -committerdate --format %(refname)%00%(objectname)%00%(*objectname) [2ms]
2025-06-12 21:30:16.763 [info] > git config --get commit.template [13ms]
2025-06-12 21:30:16.764 [info] > git for-each-ref --format=%(refname)%00%(upstream:short)%00%(objectname)%00%(upstream:track)%00%(upstream:remotename)%00%(upstream:remoteref) refs/heads/b1 refs/remotes/b1 [2ms]
2025-06-12 21:30:16.783 [info] > git status -z -uall [9ms]
2025-06-12 21:30:16.784 [info] > git for-each-ref --sort -committerdate --format %(refname)%00%(objectname)%00%(*objectname) [2ms]
2025-06-12 21:38:56.023 [info] > git config --get commit.template [12ms]
2025-06-12 21:38:56.023 [info] > git for-each-ref --format=%(refname)%00%(upstream:short)%00%(objectname)%00%(upstream:track)%00%(upstream:remotename)%00%(upstream:remoteref) refs/heads/b1 refs/remotes/b1 [1ms]
2025-06-12 21:38:56.039 [info] > git status -z -uall [7ms]
2025-06-12 21:38:56.039 [info] > git for-each-ref --sort -committerdate --format %(refname)%00%(objectname)%00%(*objectname) [1ms]
2025-06-12 21:39:01.068 [info] > git config --get commit.template [13ms]
2025-06-12 21:39:01.069 [info] > git for-each-ref --format=%(refname)%00%(upstream:short)%00%(objectname)%00%(upstream:track)%00%(upstream:remotename)%00%(upstream:remoteref) refs/heads/b1 refs/remotes/b1 [2ms]
2025-06-12 21:39:01.087 [info] > git status -z -uall [9ms]
2025-06-12 21:39:01.088 [info] > git for-each-ref --sort -committerdate --format %(refname)%00%(objectname)%00%(*objectname) [1ms]
2025-06-12 22:00:57.809 [info] > git config --get commit.template [15ms]
2025-06-12 22:00:57.810 [info] > git for-each-ref --format=%(refname)%00%(upstream:short)%00%(objectname)%00%(upstream:track)%00%(upstream:remotename)%00%(upstream:remoteref) refs/heads/b1 refs/remotes/b1 [2ms]
2025-06-12 22:00:57.832 [info] > git status -z -uall [10ms]
2025-06-12 22:00:57.833 [info] > git for-each-ref --sort -committerdate --format %(refname)%00%(objectname)%00%(*objectname) [2ms]
2025-06-12 22:00:59.409 [info] > git ls-files --stage -- LinkedLists/singlyLLL.cpp [2ms]
2025-06-12 22:00:59.421 [info] > git cat-file -s 8f68b5cbf897182d030074f12caae7f617366bcb [2ms]
2025-06-12 22:00:59.436 [info] > git show --textconv :LinkedLists/singlyLLL.cpp [2ms]
2025-06-12 22:01:02.857 [info] > git config --get commit.template [12ms]
2025-06-12 22:01:02.857 [info] > git for-each-ref --format=%(refname)%00%(upstream:short)%00%(objectname)%00%(upstream:track)%00%(upstream:remotename)%00%(upstream:remoteref) refs/heads/b1 refs/remotes/b1 [1ms]
2025-06-12 22:01:02.872 [info] > git status -z -uall [8ms]
2025-06-12 22:01:02.873 [info] > git for-each-ref --sort -committerdate --format %(refname)%00%(objectname)%00%(*objectname) [1ms]
2025-06-12 22:01:02.884 [info] > git blame --root --incremental aeb0a8fe2bf3a49e2dd7cffa377cb7b7c5b6dd1b -- LinkedLists/singlyLLL.cpp [1ms]
