[Error - 20:22:17] 04-Jun-2025, 8:22:17 pm Problem with codeComplete for file:///home/sammy/Desktop/temp/hello-world/LibraryJava/Library.java
Range [3, 7) out of bounds for length 0
java.lang.StringIndexOutOfBoundsException: Range [3, 7) out of bounds for length 0
	at java.base/jdk.internal.util.Preconditions$1.apply(Unknown Source)
	at java.base/jdk.internal.util.Preconditions$1.apply(Unknown Source)
	at java.base/jdk.internal.util.Preconditions$4.apply(Unknown Source)
	at java.base/jdk.internal.util.Preconditions$4.apply(Unknown Source)
	at java.base/jdk.internal.util.Preconditions.outOfBounds(Unknown Source)
	at java.base/jdk.internal.util.Preconditions.outOfBoundsCheckFromToIndex(Unknown Source)
	at java.base/jdk.internal.util.Preconditions.checkFromToIndex(Unknown Source)
	at java.base/java.lang.String.checkBoundsBeginEnd(Unknown Source)
	at java.base/java.lang.String.substring(Unknown Source)
	at org.eclipse.jdt.ls.core.internal.handlers.CompletionHandler.isCompletionForConstructor(CompletionHandler.java:368)
	at org.eclipse.jdt.ls.core.internal.handlers.CompletionHandler.computeContentAssist(CompletionHandler.java:239)
	at org.eclipse.jdt.ls.core.internal.handlers.CompletionHandler.completion(CompletionHandler.java:121)
	at org.eclipse.jdt.ls.core.internal.syntaxserver.SyntaxLanguageServer.lambda$12(SyntaxLanguageServer.java:423)
	at org.eclipse.jdt.ls.core.internal.BaseJDTLanguageServer.lambda$0(BaseJDTLanguageServer.java:87)
	at java.base/java.util.concurrent.CompletableFuture$UniApply.tryFire(Unknown Source)
	at java.base/java.util.concurrent.CompletableFuture$Completion.exec(Unknown Source)
	at java.base/java.util.concurrent.ForkJoinTask.doExec(Unknown Source)
	at java.base/java.util.concurrent.ForkJoinPool$WorkQueue.topLevelExec(Unknown Source)
	at java.base/java.util.concurrent.ForkJoinPool.scan(Unknown Source)
	at java.base/java.util.concurrent.ForkJoinPool.runWorker(Unknown Source)
	at java.base/java.util.concurrent.ForkJoinWorkerThread.run(Unknown Source)

[Error - 20:22:17] 04-Jun-2025, 8:22:17 pm [Working copy] Library.java [in <default> [in src [in jdt.ls-java-project]]] does not exist
[Working copy] Library.java [in <default> [in src [in jdt.ls-java-project]]] does not exist
Java Model Exception: Error in Java Model (code 969): [Working copy] Library.java [in <default> [in src [in jdt.ls-java-project]]] does not exist
	at org.eclipse.jdt.internal.core.JavaElement.newNotPresentException(JavaElement.java:546)
	at org.eclipse.jdt.internal.core.Openable.getUnderlyingResource(Openable.java:342)
	at org.eclipse.jdt.internal.core.CompilationUnit.getUnderlyingResource(CompilationUnit.java:1095)
	at org.eclipse.jdt.ls.core.internal.handlers.BaseDiagnosticsHandler.collectNonJavaProblems(BaseDiagnosticsHandler.java:198)
	at org.eclipse.jdt.ls.core.internal.handlers.BaseDiagnosticsHandler.endReporting(BaseDiagnosticsHandler.java:149)
	at org.eclipse.jdt.internal.core.ReconcileWorkingCopyOperation.reportProblems(ReconcileWorkingCopyOperation.java:157)
	at org.eclipse.jdt.internal.core.ReconcileWorkingCopyOperation.executeOperation(ReconcileWorkingCopyOperation.java:126)
	at org.eclipse.jdt.internal.core.JavaModelOperation.run(JavaModelOperation.java:751)
	at org.eclipse.jdt.internal.core.JavaModelOperation.runOperation(JavaModelOperation.java:816)
	at org.eclipse.jdt.internal.core.CompilationUnit.reconcile(CompilationUnit.java:1431)
	at org.eclipse.jdt.ls.core.internal.handlers.BaseDocumentLifeCycleHandler.publishDiagnostics(BaseDocumentLifeCycleHandler.java:338)
	at org.eclipse.jdt.ls.core.internal.handlers.BaseDocumentLifeCycleHandler.publishDiagnostics(BaseDocumentLifeCycleHandler.java:301)
	at org.eclipse.jdt.ls.core.internal.handlers.BaseDocumentLifeCycleHandler$PublishDiagnosticJob.run(BaseDocumentLifeCycleHandler.java:798)
	at org.eclipse.core.internal.jobs.Worker.run(Worker.java:63)

[Error - 20:22:20] 04-Jun-2025, 8:22:20 pm Problem with codeComplete for file:///home/sammy/Desktop/temp/hello-world/LibraryJava/Library.java
Range [9, 13) out of bounds for length 0
java.lang.StringIndexOutOfBoundsException: Range [9, 13) out of bounds for length 0
	at java.base/jdk.internal.util.Preconditions$1.apply(Unknown Source)
	at java.base/jdk.internal.util.Preconditions$1.apply(Unknown Source)
	at java.base/jdk.internal.util.Preconditions$4.apply(Unknown Source)
	at java.base/jdk.internal.util.Preconditions$4.apply(Unknown Source)
	at java.base/jdk.internal.util.Preconditions.outOfBounds(Unknown Source)
	at java.base/jdk.internal.util.Preconditions.outOfBoundsCheckFromToIndex(Unknown Source)
	at java.base/jdk.internal.util.Preconditions.checkFromToIndex(Unknown Source)
	at java.base/java.lang.String.checkBoundsBeginEnd(Unknown Source)
	at java.base/java.lang.String.substring(Unknown Source)
	at org.eclipse.jdt.ls.core.internal.handlers.CompletionHandler.isCompletionForConstructor(CompletionHandler.java:368)
	at org.eclipse.jdt.ls.core.internal.handlers.CompletionHandler.computeContentAssist(CompletionHandler.java:239)
	at org.eclipse.jdt.ls.core.internal.handlers.CompletionHandler.completion(CompletionHandler.java:121)
	at org.eclipse.jdt.ls.core.internal.syntaxserver.SyntaxLanguageServer.lambda$12(SyntaxLanguageServer.java:423)
	at org.eclipse.jdt.ls.core.internal.BaseJDTLanguageServer.lambda$0(BaseJDTLanguageServer.java:87)
	at java.base/java.util.concurrent.CompletableFuture$UniApply.tryFire(Unknown Source)
	at java.base/java.util.concurrent.CompletableFuture$Completion.exec(Unknown Source)
	at java.base/java.util.concurrent.ForkJoinTask.doExec(Unknown Source)
	at java.base/java.util.concurrent.ForkJoinPool$WorkQueue.topLevelExec(Unknown Source)
	at java.base/java.util.concurrent.ForkJoinPool.scan(Unknown Source)
	at java.base/java.util.concurrent.ForkJoinPool.runWorker(Unknown Source)
	at java.base/java.util.concurrent.ForkJoinWorkerThread.run(Unknown Source)

