2025-06-25 18:39:23.194 [info] Reading sessions from keychain...
2025-06-25 18:39:23.194 [info] Getting sessions for all scopes...
2025-06-25 18:39:23.194 [info] Getting sessions for all scopes...
2025-06-25 18:39:23.194 [info] Getting sessions for all scopes...
2025-06-25 18:39:23.194 [info] Getting sessions for all scopes...
2025-06-25 18:39:23.194 [info] Getting sessions for all scopes...
2025-06-25 18:39:23.194 [info] Getting sessions for all scopes...
2025-06-25 18:39:23.194 [info] Getting sessions for all scopes...
2025-06-25 18:39:23.288 [info] Got stored sessions!
2025-06-25 18:39:23.288 [info] Got 1 verified sessions.
2025-06-25 18:39:23.288 [info] Got 1 sessions for ...
2025-06-25 18:39:23.288 [info] Got 1 sessions for ...
2025-06-25 18:39:23.288 [info] Got 1 sessions for ...
2025-06-25 18:39:23.288 [info] Got 1 sessions for ...
2025-06-25 18:39:23.288 [info] Got 1 sessions for ...
2025-06-25 18:39:23.288 [info] Got 1 sessions for ...
2025-06-25 18:39:23.288 [info] Got 1 sessions for ...
2025-06-25 18:39:23.395 [info] Getting sessions for all scopes...
2025-06-25 18:39:23.395 [info] Got 1 sessions for ...
2025-06-25 18:39:23.396 [info] Getting sessions for all scopes...
2025-06-25 18:39:23.396 [info] Got 1 sessions for ...
2025-06-25 18:39:23.396 [info] Getting sessions for all scopes...
2025-06-25 18:39:23.396 [info] Got 1 sessions for ...
2025-06-25 18:39:23.396 [info] Getting sessions for all scopes...
2025-06-25 18:39:23.396 [info] Got 1 sessions for ...
2025-06-25 18:39:23.396 [info] Getting sessions for all scopes...
2025-06-25 18:39:23.396 [info] Got 1 sessions for ...
2025-06-25 18:39:23.396 [info] Getting sessions for all scopes...
2025-06-25 18:39:23.396 [info] Got 1 sessions for ...
2025-06-25 18:39:23.513 [info] Getting sessions for all scopes...
2025-06-25 18:39:23.513 [info] Got 1 sessions for ...
2025-06-25 18:39:24.096 [info] Getting sessions for all scopes...
2025-06-25 18:39:24.096 [info] Got 1 sessions for ...
2025-06-25 18:39:24.353 [info] Getting sessions for all scopes...
2025-06-25 18:39:24.353 [info] Got 1 sessions for ...
2025-06-25 18:39:24.505 [info] Getting sessions for read:user,repo,user:email,workflow...
2025-06-25 18:39:24.505 [info] Got 1 sessions for read:user,repo,user:email,workflow...
2025-06-25 21:23:55.185 [info] Getting sessions for read:user,repo,user:email,workflow...
2025-06-25 21:23:55.185 [info] Got 1 sessions for read:user,repo,user:email,workflow...
2025-06-26 01:09:15.412 [info] Getting sessions for read:user,repo,user:email,workflow...
2025-06-26 01:09:15.420 [info] Got 1 sessions for read:user,repo,user:email,workflow...
