2025-06-15 20:44:09.286 [info] [main] Log level: Info
2025-06-15 20:44:09.286 [info] [main] Validating found git in: "git"
2025-06-15 20:44:09.286 [info] [main] Using git "2.43.0" from "git"
2025-06-15 20:44:09.286 [info] [Model][doInitialScan] Initial repository scan started
2025-06-15 20:44:09.286 [info] > git rev-parse --show-toplevel [49ms]
2025-06-15 20:44:09.286 [info] > git rev-parse --git-dir --git-common-dir [189ms]
2025-06-15 20:44:09.286 [info] [Model][openRepository] Opened repository (path): /home/sammy/Desktop/temp/hello-world
2025-06-15 20:44:09.286 [info] [Model][openRepository] Opened repository (real path): /home/sammy/Desktop/temp/hello-world
2025-06-15 20:44:09.287 [info] > git rev-parse --show-toplevel [49ms]
2025-06-15 20:44:09.288 [info] > git config --get commit.template [53ms]
2025-06-15 20:44:09.379 [info] > git rev-parse --show-toplevel [40ms]
2025-06-15 20:44:09.379 [info] > git for-each-ref --format=%(refname)%00%(upstream:short)%00%(objectname)%00%(upstream:track)%00%(upstream:remotename)%00%(upstream:remoteref) refs/heads/b1 refs/remotes/b1 [50ms]
2025-06-15 20:44:09.435 [info] > git status -z -uall [47ms]
2025-06-15 20:44:09.436 [info] > git for-each-ref --sort -committerdate --format %(refname)%00%(objectname)%00%(*objectname) [40ms]
2025-06-15 20:44:09.489 [info] > git for-each-ref --format=%(refname)%00%(upstream:short)%00%(objectname)%00%(upstream:track)%00%(upstream:remotename)%00%(upstream:remoteref) refs/heads/b1 refs/remotes/b1 [30ms]
2025-06-15 20:44:09.503 [info] > git rev-parse --show-toplevel [69ms]
2025-06-15 20:44:09.528 [info] > git config --get --local branch.b1.vscode-merge-base [25ms]
2025-06-15 20:44:09.539 [info] > git config --get commit.template [69ms]
2025-06-15 20:44:09.550 [info] > git for-each-ref --format=%(refname)%00%(upstream:short)%00%(objectname)%00%(upstream:track)%00%(upstream:remotename)%00%(upstream:remoteref) refs/heads/origin/main refs/remotes/origin/main [11ms]
2025-06-15 20:44:09.551 [info] > git rev-parse --show-toplevel [25ms]
2025-06-15 20:44:09.576 [info] > git rev-parse --show-toplevel [2ms]
2025-06-15 20:44:09.578 [info] > git for-each-ref --format=%(refname)%00%(upstream:short)%00%(objectname)%00%(upstream:track)%00%(upstream:remotename)%00%(upstream:remoteref) refs/heads/b1 refs/remotes/b1 [14ms]
2025-06-15 20:44:09.620 [info] > git status -z -uall [30ms]
2025-06-15 20:44:09.629 [info] > git for-each-ref --sort -committerdate --format %(refname)%00%(objectname)%00%(*objectname) [25ms]
2025-06-15 20:44:09.635 [info] > git rev-parse --show-toplevel [19ms]
2025-06-15 20:44:09.657 [info] > git rev-parse --show-toplevel [12ms]
2025-06-15 20:44:09.658 [info] [Model][doInitialScan] Initial repository scan completed - repositories (1), closed repositories (0), parent repositories (0), unsafe repositories (0)
2025-06-15 20:44:09.674 [info] > git show --textconv :LinkedLists/josephus.cpp [7ms]
2025-06-15 20:44:09.675 [info] > git ls-files --stage -- LinkedLists/josephus.cpp [2ms]
2025-06-15 20:44:09.701 [info] > git cat-file -s 3ff7e164e008320744cf206984136872f4d6a0b7 [18ms]
2025-06-15 20:44:09.745 [info] > git blame --root --incremental 8e5c8ada87051fad61f26a1033c60574e8802e91 -- LinkedLists/josephus.cpp [4ms]
2025-06-15 20:44:09.790 [info] > git check-ignore -v -z --stdin [1ms]
2025-06-15 20:44:49.232 [info] > git show --textconv :LinkedLists/deleteMid.cpp [8ms]
2025-06-15 20:44:49.233 [info] > git ls-files --stage -- LinkedLists/deleteMid.cpp [1ms]
2025-06-15 20:44:49.240 [info] > git cat-file -s 0846131dc4e0bc586f85cbcac19327255c876698 [2ms]
2025-06-15 20:44:51.991 [info] > git blame --root --incremental 8e5c8ada87051fad61f26a1033c60574e8802e91 -- LinkedLists/deleteMid.cpp [9ms]
2025-06-15 20:46:13.699 [info] > git show --textconv :LinkedLists/circularLLL.cpp [8ms]
2025-06-15 20:46:13.700 [info] > git ls-files --stage -- LinkedLists/circularLLL.cpp [2ms]
2025-06-15 20:46:13.709 [info] > git cat-file -s 7272f5d7996d1b44a6a5f5cd7558705a45c5e90e [1ms]
2025-06-15 20:46:15.221 [info] > git show --textconv :LinkedLists/flattenDFS.cpp [9ms]
2025-06-15 20:46:15.222 [info] > git ls-files --stage -- LinkedLists/flattenDFS.cpp [2ms]
2025-06-15 20:46:15.229 [info] > git cat-file -s 01d14bff326bd5eddf971f7fa39a869e25b6c4ba [2ms]
2025-06-15 20:46:15.242 [info] > git blame --root --incremental 8e5c8ada87051fad61f26a1033c60574e8802e91 -- LinkedLists/flattenDFS.cpp [2ms]
2025-06-15 20:47:59.276 [info] > git check-ignore -v -z --stdin [3ms]
2025-06-15 20:48:04.908 [info] > git check-ignore -v -z --stdin [2ms]
2025-06-15 20:48:35.078 [info] > git check-ignore -v -z --stdin [2ms]
2025-06-15 20:48:37.085 [info] > git check-ignore -v -z --stdin [0ms]
2025-06-15 21:15:36.329 [info] > git check-ignore -v -z --stdin [1ms]
2025-06-15 21:17:11.086 [info] > git show --textconv :LinkedLists/llIntersection.cpp [13ms]
2025-06-15 21:17:11.086 [info] > git ls-files --stage -- LinkedLists/llIntersection.cpp [1ms]
2025-06-15 21:17:11.094 [info] > git cat-file -s 4fd7e8bfab8efbeb5afb8558a59fe6217a25bf48 [2ms]
2025-06-15 21:17:11.113 [info] > git blame --root --incremental 8e5c8ada87051fad61f26a1033c60574e8802e91 -- LinkedLists/llIntersection.cpp [3ms]
