2025-06-26 20:53:45.893 [info] [main] Log level: Info
2025-06-26 20:53:45.893 [info] [main] Validating found git in: "git"
2025-06-26 20:53:45.893 [info] [main] Using git "2.43.0" from "git"
2025-06-26 20:53:45.893 [info] [Model][doInitialScan] Initial repository scan started
2025-06-26 20:53:45.893 [info] > git rev-parse --show-toplevel [8ms]
2025-06-26 20:53:45.893 [info] > git rev-parse --git-dir --git-common-dir [5ms]
2025-06-26 20:53:45.893 [info] [Model][openRepository] Opened repository (path): /home/sammy/Desktop/temp/hello-world
2025-06-26 20:53:45.893 [info] [Model][openRepository] Opened repository (real path): /home/sammy/Desktop/temp/hello-world
2025-06-26 20:53:45.893 [info] > git rev-parse --show-toplevel [186ms]
2025-06-26 20:53:45.893 [info] > git config --get commit.template [192ms]
2025-06-26 20:53:45.928 [info] > git for-each-ref --format=%(refname)%00%(upstream:short)%00%(objectname)%00%(upstream:track)%00%(upstream:remotename)%00%(upstream:remoteref) refs/heads/b1 refs/remotes/b1 [36ms]
2025-06-26 20:53:45.962 [info] > git status -z -uall [25ms]
2025-06-26 20:53:46.014 [info] > git for-each-ref --sort -committerdate --format %(refname)%00%(objectname)%00%(*objectname) [69ms]
2025-06-26 20:53:46.088 [info] > git for-each-ref --format=%(refname)%00%(upstream:short)%00%(objectname)%00%(upstream:track)%00%(upstream:remotename)%00%(upstream:remoteref) refs/heads/b1 refs/remotes/b1 [50ms]
2025-06-26 20:53:46.099 [info] > git rev-parse --show-toplevel [87ms]
2025-06-26 20:53:46.140 [info] > git config --get --local branch.b1.vscode-merge-base [41ms]
2025-06-26 20:53:46.147 [info] > git config --get commit.template [76ms]
2025-06-26 20:53:46.161 [info] > git check-ignore -v -z --stdin [4ms]
2025-06-26 20:53:46.162 [info] > git for-each-ref --format=%(refname)%00%(upstream:short)%00%(objectname)%00%(upstream:track)%00%(upstream:remotename)%00%(upstream:remoteref) refs/heads/origin/main refs/remotes/origin/main [15ms]
2025-06-26 20:53:46.164 [info] > git rev-parse --show-toplevel [25ms]
2025-06-26 20:53:46.191 [info] > git rev-parse --show-toplevel [11ms]
2025-06-26 20:53:46.191 [info] > git for-each-ref --format=%(refname)%00%(upstream:short)%00%(objectname)%00%(upstream:track)%00%(upstream:remotename)%00%(upstream:remoteref) refs/heads/b1 refs/remotes/b1 [16ms]
2025-06-26 20:53:46.211 [info] > git status -z -uall [15ms]
2025-06-26 20:53:46.217 [info] > git rev-parse --show-toplevel [7ms]
2025-06-26 20:53:46.218 [info] > git for-each-ref --sort -committerdate --format %(refname)%00%(objectname)%00%(*objectname) [13ms]
2025-06-26 20:53:46.228 [info] > git rev-parse --show-toplevel [1ms]
2025-06-26 20:53:46.237 [info] > git rev-parse --show-toplevel [3ms]
2025-06-26 20:53:46.246 [info] > git rev-parse --show-toplevel [2ms]
2025-06-26 20:53:46.256 [info] > git rev-parse --show-toplevel [2ms]
2025-06-26 20:53:46.279 [info] > git rev-parse --show-toplevel [19ms]
2025-06-26 20:53:46.282 [info] [Model][doInitialScan] Initial repository scan completed - repositories (1), closed repositories (0), parent repositories (0), unsafe repositories (0)
2025-06-26 20:53:46.324 [info] > git show --textconv :Heaps/kthLargest.cpp [32ms]
2025-06-26 20:53:46.325 [info] > git ls-files --stage -- Heaps/kthLargest.cpp [26ms]
2025-06-26 20:53:46.334 [info] > git cat-file -s cedec3c9d0d18b99dc5ef9eedf402b562a772420 [4ms]
2025-06-26 20:54:12.781 [info] [main] Log level: Info
2025-06-26 20:54:12.781 [info] [main] Validating found git in: "git"
2025-06-26 20:54:12.781 [info] [main] Using git "2.43.0" from "git"
2025-06-26 20:54:12.781 [info] [Model][doInitialScan] Initial repository scan started
2025-06-26 20:54:12.781 [info] > git rev-parse --show-toplevel [10ms]
2025-06-26 20:54:12.824 [info] > git rev-parse --git-dir --git-common-dir [39ms]
2025-06-26 20:54:12.834 [info] [Model][openRepository] Opened repository (path): /home/sammy/Desktop/temp/library-java
2025-06-26 20:54:12.834 [info] [Model][openRepository] Opened repository (real path): /home/sammy/Desktop/temp/library-java
2025-06-26 20:54:12.838 [info] [Model][doInitialScan] Initial repository scan completed - repositories (1), closed repositories (0), parent repositories (0), unsafe repositories (0)
2025-06-26 20:54:12.870 [info] > git config --get commit.template [25ms]
2025-06-26 20:54:12.907 [info] > git for-each-ref --format=%(refname)%00%(upstream:short)%00%(objectname)%00%(upstream:track)%00%(upstream:remotename)%00%(upstream:remoteref) refs/heads/main refs/remotes/main [1ms]
2025-06-26 20:54:12.911 [warning] [Git][revParse] Unable to read file: ENOENT: no such file or directory, open '/home/sammy/Desktop/temp/library-java/.git/refs/remotes/origin/main'
2025-06-26 20:54:12.912 [info] > git rev-parse refs/remotes/origin/main [1ms]
2025-06-26 20:54:12.923 [info] > git status -z -uall [6ms]
2025-06-26 20:54:12.923 [info] > git for-each-ref --sort -committerdate --format %(refname)%00%(objectname)%00%(*objectname) [1ms]
2025-06-26 20:54:12.946 [info] > git for-each-ref --format=%(refname)%00%(upstream:short)%00%(objectname)%00%(upstream:track)%00%(upstream:remotename)%00%(upstream:remoteref) refs/heads/main refs/remotes/main [9ms]
2025-06-26 20:54:12.951 [info] > git config --get commit.template [6ms]
2025-06-26 20:54:12.952 [info] > git config --get --local branch.main.vscode-merge-base [2ms]
2025-06-26 20:54:12.952 [warning] [Git][config] git config failed: Failed to execute git
2025-06-26 20:54:12.963 [info] > git reflog main --grep-reflog=branch: Created from *. [5ms]
2025-06-26 20:54:12.974 [info] > git for-each-ref --format=%(refname)%00%(upstream:short)%00%(objectname)%00%(upstream:track)%00%(upstream:remotename)%00%(upstream:remoteref) refs/heads/main refs/remotes/main [12ms]
2025-06-26 20:54:12.979 [warning] [Git][revParse] Unable to read file: ENOENT: no such file or directory, open '/home/sammy/Desktop/temp/library-java/.git/refs/remotes/origin/main'
2025-06-26 20:54:12.979 [info] > git symbolic-ref --short refs/remotes/origin/HEAD [12ms]
2025-06-26 20:54:12.984 [info] > git rev-parse refs/remotes/origin/main [5ms]
2025-06-26 20:54:12.995 [info] > git status -z -uall [7ms]
2025-06-26 20:54:12.995 [info] > git for-each-ref --sort -committerdate --format %(refname)%00%(objectname)%00%(*objectname) [3ms]
2025-06-26 20:54:13.002 [info] > git for-each-ref --format=%(refname)%00%(upstream:short)%00%(objectname)%00%(upstream:track)%00%(upstream:remotename)%00%(upstream:remoteref) refs/heads/origin/main refs/remotes/origin/main [20ms]
2025-06-26 20:54:13.008 [info] > git for-each-ref --format=%(refname)%00%(upstream:short)%00%(objectname)%00%(upstream:track)%00%(upstream:remotename)%00%(upstream:remoteref) refs/heads/main refs/remotes/main [7ms]
2025-06-26 20:54:13.009 [info] > git config --add --local branch.main.vscode-merge-base origin/main [2ms]
2025-06-26 20:54:13.017 [info] > git config --get --local branch.main.vscode-merge-base [4ms]
2025-06-26 20:54:13.022 [info] > git config --get commit.template [5ms]
2025-06-26 20:54:13.023 [info] > git for-each-ref --format=%(refname)%00%(upstream:short)%00%(objectname)%00%(upstream:track)%00%(upstream:remotename)%00%(upstream:remoteref) refs/heads/origin/main refs/remotes/origin/main [1ms]
2025-06-26 20:54:13.033 [info] > git merge-base refs/heads/main refs/remotes/origin/main [5ms]
2025-06-26 20:54:13.043 [info] > git for-each-ref --format=%(refname)%00%(upstream:short)%00%(objectname)%00%(upstream:track)%00%(upstream:remotename)%00%(upstream:remoteref) refs/heads/main refs/remotes/main [10ms]
2025-06-26 20:54:13.047 [warning] [Git][revParse] Unable to read file: ENOENT: no such file or directory, open '/home/sammy/Desktop/temp/library-java/.git/refs/remotes/origin/main'
2025-06-26 20:54:13.049 [info] > git diff --name-status -z --diff-filter=ADMR fae2a580787031a6f8ba5eabc874124ea4e27b19...refs/remotes/origin/main [11ms]
2025-06-26 20:54:13.050 [info] > git rev-parse refs/remotes/origin/main [3ms]
2025-06-26 20:54:13.074 [info] > git status -z -uall [20ms]
2025-06-26 20:54:13.074 [info] > git for-each-ref --sort -committerdate --format %(refname)%00%(objectname)%00%(*objectname) [15ms]
2025-06-26 20:54:13.381 [info] > git check-ignore -v -z --stdin [2ms]
2025-06-26 20:54:14.108 [info] > git config --get commit.template [10ms]
2025-06-26 20:54:14.108 [info] > git for-each-ref --format=%(refname)%00%(upstream:short)%00%(objectname)%00%(upstream:track)%00%(upstream:remotename)%00%(upstream:remoteref) refs/heads/main refs/remotes/main [1ms]
2025-06-26 20:54:14.115 [warning] [Git][revParse] Unable to read file: ENOENT: no such file or directory, open '/home/sammy/Desktop/temp/library-java/.git/refs/remotes/origin/main'
2025-06-26 20:54:14.116 [info] > git rev-parse refs/remotes/origin/main [2ms]
2025-06-26 20:54:14.130 [info] > git status -z -uall [7ms]
2025-06-26 20:54:14.131 [info] > git for-each-ref --sort -committerdate --format %(refname)%00%(objectname)%00%(*objectname) [2ms]
2025-06-26 20:54:17.616 [info] > git show --textconv :README.md [7ms]
2025-06-26 20:54:17.617 [info] > git ls-files --stage -- README.md [2ms]
2025-06-26 20:54:17.629 [info] > git cat-file -s 7c522638495fa4ec2b1722795af66bcf63d4b4ca [2ms]
2025-06-26 20:56:04.226 [info] > git blame --root --incremental fae2a580787031a6f8ba5eabc874124ea4e27b19 -- README.md [2ms]
2025-06-26 20:59:11.812 [info] > git show --textconv :README.md [14ms]
2025-06-26 20:59:11.813 [info] > git ls-files --stage -- README.md [2ms]
2025-06-26 20:59:11.821 [info] > git cat-file -s 7c522638495fa4ec2b1722795af66bcf63d4b4ca [1ms]
2025-06-26 21:03:51.925 [info] > git config --get commit.template [10ms]
2025-06-26 21:03:51.926 [info] > git for-each-ref --format=%(refname)%00%(upstream:short)%00%(objectname)%00%(upstream:track)%00%(upstream:remotename)%00%(upstream:remoteref) refs/heads/main refs/remotes/main [2ms]
2025-06-26 21:03:51.932 [warning] [Git][revParse] Unable to read file: ENOENT: no such file or directory, open '/home/sammy/Desktop/temp/library-java/.git/refs/remotes/origin/main'
2025-06-26 21:03:51.933 [info] > git rev-parse refs/remotes/origin/main [1ms]
2025-06-26 21:03:51.949 [info] > git status -z -uall [9ms]
2025-06-26 21:03:51.949 [info] > git for-each-ref --sort -committerdate --format %(refname)%00%(objectname)%00%(*objectname) [1ms]
2025-06-26 21:04:45.722 [info] > git show --textconv :README.md [10ms]
2025-06-26 21:04:45.723 [info] > git ls-files --stage -- README.md [2ms]
2025-06-26 21:04:45.730 [info] > git cat-file -s 7c522638495fa4ec2b1722795af66bcf63d4b4ca [1ms]
2025-06-26 21:04:59.285 [info] > git show --textconv :README.md [12ms]
2025-06-26 21:04:59.286 [info] > git ls-files --stage -- README.md [3ms]
2025-06-26 21:04:59.294 [info] > git cat-file -s 7c522638495fa4ec2b1722795af66bcf63d4b4ca [1ms]
2025-06-26 21:05:10.202 [info] > git show --textconv :README.md [12ms]
2025-06-26 21:05:10.203 [info] > git ls-files --stage -- README.md [2ms]
2025-06-26 21:05:10.211 [info] > git cat-file -s 7c522638495fa4ec2b1722795af66bcf63d4b4ca [1ms]
2025-06-26 21:05:12.229 [info] > git show --textconv :README.md [13ms]
2025-06-26 21:05:12.230 [info] > git ls-files --stage -- README.md [1ms]
2025-06-26 21:05:12.236 [info] > git cat-file -s 7c522638495fa4ec2b1722795af66bcf63d4b4ca [1ms]
2025-06-26 21:08:32.696 [info] > git config --get commit.template [5ms]
2025-06-26 21:08:32.696 [info] > git for-each-ref --format=%(refname)%00%(upstream:short)%00%(objectname)%00%(upstream:track)%00%(upstream:remotename)%00%(upstream:remoteref) refs/heads/main refs/remotes/main [1ms]
2025-06-26 21:08:32.702 [warning] [Git][revParse] Unable to read file: ENOENT: no such file or directory, open '/home/sammy/Desktop/temp/library-java/.git/refs/remotes/origin/main'
2025-06-26 21:08:32.702 [info] > git rev-parse refs/remotes/origin/main [0ms]
2025-06-26 21:08:32.714 [info] > git status -z -uall [6ms]
2025-06-26 21:08:32.715 [info] > git for-each-ref --sort -committerdate --format %(refname)%00%(objectname)%00%(*objectname) [1ms]
2025-06-26 21:08:32.729 [info] > git blame --root --incremental 33252c3c5554eb0987262b490ce338ff23cb4d68 -- README.md [8ms]
2025-06-26 21:08:32.730 [info] > git merge-base refs/heads/main refs/remotes/origin/main [3ms]
2025-06-26 21:08:32.736 [info] > git diff --name-status -z --diff-filter=ADMR fae2a580787031a6f8ba5eabc874124ea4e27b19...refs/remotes/origin/main [1ms]
2025-06-26 21:08:32.796 [info] > git ls-files --stage -- README.md [2ms]
2025-06-26 21:08:32.808 [info] > git cat-file -s 749e6885abe95b143feb47c0018157d1618aeafd [2ms]
2025-06-26 21:08:32.822 [info] > git show --textconv :README.md [3ms]
2025-06-26 21:08:37.586 [info] > git ls-files --stage -- README.md [1ms]
2025-06-26 21:08:37.593 [info] > git cat-file -s 749e6885abe95b143feb47c0018157d1618aeafd [1ms]
2025-06-26 21:08:37.602 [info] > git show --textconv :README.md [1ms]
2025-06-26 21:08:37.741 [info] > git config --get commit.template [2ms]
2025-06-26 21:08:37.753 [info] > git for-each-ref --format=%(refname)%00%(upstream:short)%00%(objectname)%00%(upstream:track)%00%(upstream:remotename)%00%(upstream:remoteref) refs/heads/main refs/remotes/main [2ms]
2025-06-26 21:08:37.771 [info] > git status -z -uall [9ms]
2025-06-26 21:08:37.772 [info] > git for-each-ref --sort -committerdate --format %(refname)%00%(objectname)%00%(*objectname) [2ms]
2025-06-26 21:08:37.781 [info] > git merge-base refs/heads/main refs/remotes/origin/main [2ms]
2025-06-26 21:08:37.786 [info] > git diff --name-status -z --diff-filter=ADMR 33252c3c5554eb0987262b490ce338ff23cb4d68...refs/remotes/origin/main [1ms]
2025-06-26 21:09:16.523 [info] > git for-each-ref --format=%(refname)%00%(upstream:short)%00%(objectname)%00%(upstream:track)%00%(upstream:remotename)%00%(upstream:remoteref) refs/heads/main refs/remotes/main [3ms]
2025-06-26 21:09:16.523 [info] > git config --get commit.template [13ms]
2025-06-26 21:09:16.540 [info] > git status -z -uall [8ms]
2025-06-26 21:09:16.541 [info] > git for-each-ref --sort -committerdate --format %(refname)%00%(objectname)%00%(*objectname) [2ms]
2025-06-26 21:09:16.617 [info] > git ls-files --stage -- README.md [2ms]
2025-06-26 21:09:16.628 [info] > git cat-file -s 749e6885abe95b143feb47c0018157d1618aeafd [2ms]
2025-06-26 21:09:16.642 [info] > git show --textconv :README.md [2ms]
2025-06-26 21:09:32.800 [info] > git config --get commit.template [12ms]
2025-06-26 21:09:32.800 [info] > git check-ignore -v -z --stdin [2ms]
2025-06-26 21:09:32.810 [info] > git for-each-ref --format=%(refname)%00%(upstream:short)%00%(objectname)%00%(upstream:track)%00%(upstream:remotename)%00%(upstream:remoteref) refs/heads/main refs/remotes/main [2ms]
2025-06-26 21:09:32.822 [info] > git status -z -uall [6ms]
2025-06-26 21:09:32.823 [info] > git for-each-ref --sort -committerdate --format %(refname)%00%(objectname)%00%(*objectname) [2ms]
2025-06-26 21:09:55.061 [info] > git config --get commit.template [13ms]
2025-06-26 21:09:55.062 [info] > git for-each-ref --format=%(refname)%00%(upstream:short)%00%(objectname)%00%(upstream:track)%00%(upstream:remotename)%00%(upstream:remoteref) refs/heads/main refs/remotes/main [2ms]
2025-06-26 21:09:55.092 [info] > git status -z -uall [18ms]
2025-06-26 21:09:55.092 [info] > git for-each-ref --sort -committerdate --format %(refname)%00%(objectname)%00%(*objectname) [4ms]
2025-06-26 21:16:44.439 [info] > git show --textconv :README.md [13ms]
2025-06-26 21:16:44.440 [info] > git ls-files --stage -- README.md [2ms]
2025-06-26 21:16:44.452 [info] > git cat-file -s 749e6885abe95b143feb47c0018157d1618aeafd [2ms]
2025-06-26 21:26:37.925 [info] > git config --get commit.template [12ms]
2025-06-26 21:26:37.933 [info] > git for-each-ref --format=%(refname)%00%(upstream:short)%00%(objectname)%00%(upstream:track)%00%(upstream:remotename)%00%(upstream:remoteref) refs/heads/main refs/remotes/main [10ms]
2025-06-26 21:26:37.958 [info] > git status -z -uall [14ms]
2025-06-26 21:26:37.961 [info] > git for-each-ref --sort -committerdate --format %(refname)%00%(objectname)%00%(*objectname) [4ms]
2025-06-26 21:27:17.683 [info] > git config --get commit.template [12ms]
2025-06-26 21:27:17.684 [info] > git for-each-ref --format=%(refname)%00%(upstream:short)%00%(objectname)%00%(upstream:track)%00%(upstream:remotename)%00%(upstream:remoteref) refs/heads/main refs/remotes/main [2ms]
2025-06-26 21:27:17.705 [info] > git status -z -uall [10ms]
2025-06-26 21:27:17.706 [info] > git for-each-ref --sort -committerdate --format %(refname)%00%(objectname)%00%(*objectname) [2ms]
2025-06-26 21:27:53.584 [info] > git log --format=%H%n%aN%n%aE%n%at%n%ct%n%P%n%D%n%B -z --shortstat --diff-merges=first-parent -n50 --skip=0 --topo-order --decorate=full --stdin [9ms]
2025-06-26 21:27:58.087 [info] > git show --textconv :README.md [8ms]
2025-06-26 21:27:58.088 [info] > git ls-files --stage -- README.md [1ms]
2025-06-26 21:27:58.097 [info] > git cat-file -s 749e6885abe95b143feb47c0018157d1618aeafd [1ms]
2025-06-26 21:28:22.586 [info] > git log --format=%H%n%aN%n%aE%n%at%n%ct%n%P%n%D%n%B -z --shortstat --diff-merges=first-parent -n50 --skip=0 --topo-order --decorate=full --stdin [2ms]
2025-06-26 21:28:30.024 [info] > git show --textconv :README.md [11ms]
2025-06-26 21:28:30.025 [info] > git ls-files --stage -- README.md [1ms]
2025-06-26 21:28:30.033 [info] > git cat-file -s 749e6885abe95b143feb47c0018157d1618aeafd [1ms]
2025-06-26 21:31:24.561 [info] > git show --textconv :README.md [11ms]
2025-06-26 21:31:24.562 [info] > git ls-files --stage -- README.md [2ms]
2025-06-26 21:31:24.570 [info] > git cat-file -s 749e6885abe95b143feb47c0018157d1618aeafd [2ms]
2025-06-26 21:34:49.427 [info] > git show --textconv :README.md [6ms]
2025-06-26 21:34:49.428 [info] > git ls-files --stage -- README.md [1ms]
2025-06-26 21:34:49.436 [info] > git cat-file -s 749e6885abe95b143feb47c0018157d1618aeafd [1ms]
2025-06-26 21:35:00.408 [info] > git show --textconv :README.md [9ms]
2025-06-26 21:35:00.408 [info] > git ls-files --stage -- README.md [1ms]
2025-06-26 21:35:00.416 [info] > git cat-file -s 749e6885abe95b143feb47c0018157d1618aeafd [1ms]
2025-06-26 21:37:37.457 [info] > git show --textconv :README.md [11ms]
2025-06-26 21:37:37.458 [info] > git ls-files --stage -- README.md [1ms]
2025-06-26 21:37:37.464 [info] > git cat-file -s 749e6885abe95b143feb47c0018157d1618aeafd [1ms]
2025-06-26 21:37:57.645 [info] > git config --get commit.template [6ms]
2025-06-26 21:37:57.646 [info] > git for-each-ref --format=%(refname)%00%(upstream:short)%00%(objectname)%00%(upstream:track)%00%(upstream:remotename)%00%(upstream:remoteref) refs/heads/main refs/remotes/main [1ms]
2025-06-26 21:37:57.658 [info] > git status -z -uall [6ms]
2025-06-26 21:37:57.658 [info] > git for-each-ref --sort -committerdate --format %(refname)%00%(objectname)%00%(*objectname) [1ms]
2025-06-26 21:39:56.716 [info] > git config --get commit.template [13ms]
2025-06-26 21:39:56.717 [info] > git for-each-ref --format=%(refname)%00%(upstream:short)%00%(objectname)%00%(upstream:track)%00%(upstream:remotename)%00%(upstream:remoteref) refs/heads/main refs/remotes/main [2ms]
2025-06-26 21:39:56.738 [info] > git status -z -uall [9ms]
2025-06-26 21:39:56.739 [info] > git for-each-ref --sort -committerdate --format %(refname)%00%(objectname)%00%(*objectname) [2ms]
2025-06-26 21:39:56.748 [info] > git merge-base refs/heads/main refs/remotes/origin/main [2ms]
2025-06-26 21:39:56.758 [info] > git diff --name-status -z --diff-filter=ADMR 33252c3c5554eb0987262b490ce338ff23cb4d68...refs/remotes/origin/main [1ms]
2025-06-26 21:39:57.071 [info] > git show --textconv :Library.java [12ms]
2025-06-26 21:39:57.072 [info] > git ls-files --stage -- Library.java [2ms]
2025-06-26 21:39:57.081 [info] > git cat-file -s 71f6dfe1640f85e9d3a85f1cedee38183a404a09 [1ms]
2025-06-26 21:39:57.095 [info] > git blame --root --incremental ffc168b3015327dc2786d5f3c462f42db4adb859 -- Library.java [2ms]
2025-06-26 21:40:00.691 [info] > git ls-files --stage -- Library.java [2ms]
2025-06-26 21:40:00.703 [info] > git cat-file -s 71f6dfe1640f85e9d3a85f1cedee38183a404a09 [1ms]
2025-06-26 21:40:00.714 [info] > git show --textconv :Library.java [2ms]
2025-06-26 21:40:01.767 [info] > git config --get commit.template [9ms]
2025-06-26 21:40:01.768 [info] > git for-each-ref --format=%(refname)%00%(upstream:short)%00%(objectname)%00%(upstream:track)%00%(upstream:remotename)%00%(upstream:remoteref) refs/heads/main refs/remotes/main [2ms]
2025-06-26 21:40:01.788 [info] > git status -z -uall [9ms]
2025-06-26 21:40:01.788 [info] > git for-each-ref --sort -committerdate --format %(refname)%00%(objectname)%00%(*objectname) [2ms]
2025-06-26 21:40:01.798 [info] > git merge-base refs/heads/main refs/remotes/origin/main [1ms]
2025-06-26 21:40:01.805 [info] > git diff --name-status -z --diff-filter=ADMR ffc168b3015327dc2786d5f3c462f42db4adb859...refs/remotes/origin/main [1ms]
2025-06-26 21:40:32.092 [info] > git show --textconv :README.md [9ms]
2025-06-26 21:40:32.093 [info] > git ls-files --stage -- README.md [2ms]
2025-06-26 21:40:32.102 [info] > git cat-file -s 2bd824eaa55c8c9e3157405e1c5746e5974d2203 [1ms]
2025-06-26 21:40:32.114 [info] > git blame --root --incremental ffc168b3015327dc2786d5f3c462f42db4adb859 -- README.md [2ms]
2025-06-26 21:40:33.801 [info] > git show --textconv :Library.java [13ms]
2025-06-26 21:40:33.807 [info] > git ls-files --stage -- Library.java [7ms]
2025-06-26 21:40:33.818 [info] > git cat-file -s 71f6dfe1640f85e9d3a85f1cedee38183a404a09 [2ms]
2025-06-26 21:52:38.263 [info] > git config --get commit.template [13ms]
2025-06-26 21:52:38.264 [info] > git for-each-ref --format=%(refname)%00%(upstream:short)%00%(objectname)%00%(upstream:track)%00%(upstream:remotename)%00%(upstream:remoteref) refs/heads/main refs/remotes/main [2ms]
2025-06-26 21:52:38.283 [info] > git status -z -uall [9ms]
2025-06-26 21:52:38.284 [info] > git for-each-ref --sort -committerdate --format %(refname)%00%(objectname)%00%(*objectname) [2ms]
2025-06-26 21:52:38.356 [info] > git ls-files --stage -- Library.java [2ms]
2025-06-26 21:52:38.369 [info] > git cat-file -s 71f6dfe1640f85e9d3a85f1cedee38183a404a09 [3ms]
2025-06-26 21:52:38.383 [info] > git show --textconv :Library.java [2ms]
2025-06-26 21:52:57.005 [info] > git for-each-ref --format=%(refname)%00%(upstream:short)%00%(objectname)%00%(upstream:track)%00%(upstream:remotename)%00%(upstream:remoteref) refs/heads/main refs/remotes/main [9ms]
2025-06-26 21:52:57.006 [info] > git config --get commit.template [15ms]
2025-06-26 21:52:57.006 [info] > git check-ignore -v -z --stdin [1ms]
2025-06-26 21:52:57.022 [info] > git status -z -uall [9ms]
2025-06-26 21:52:57.022 [info] > git for-each-ref --sort -committerdate --format %(refname)%00%(objectname)%00%(*objectname) [1ms]
2025-06-26 21:53:34.024 [info] > git show --textconv :Library.java [6ms]
2025-06-26 21:53:34.026 [info] > git ls-files --stage -- Library.java [2ms]
2025-06-26 21:53:34.036 [info] > git cat-file -s 71f6dfe1640f85e9d3a85f1cedee38183a404a09 [1ms]
2025-06-26 21:57:49.841 [info] > git show --textconv :Library.java [15ms]
2025-06-26 21:57:49.843 [info] > git ls-files --stage -- Library.java [3ms]
2025-06-26 21:57:49.859 [info] > git cat-file -s 71f6dfe1640f85e9d3a85f1cedee38183a404a09 [3ms]
2025-06-26 21:58:20.097 [info] > git show --textconv HEAD:Library.java [11ms]
2025-06-26 21:58:20.099 [info] > git ls-tree -l HEAD -- Library.java [1ms]
2025-06-26 21:58:21.313 [info] > git config --get commit.template [3ms]
2025-06-26 21:58:21.326 [info] > git for-each-ref --format=%(refname)%00%(upstream:short)%00%(objectname)%00%(upstream:track)%00%(upstream:remotename)%00%(upstream:remoteref) refs/heads/main refs/remotes/main [2ms]
2025-06-26 21:58:21.346 [info] > git status -z -uall [10ms]
2025-06-26 21:58:21.347 [info] > git for-each-ref --sort -committerdate --format %(refname)%00%(objectname)%00%(*objectname) [2ms]
2025-06-26 22:07:42.232 [info] > git show --textconv :Library.java [16ms]
2025-06-26 22:07:42.234 [info] > git ls-files --stage -- Library.java [3ms]
2025-06-26 22:07:42.249 [info] > git cat-file -s 71f6dfe1640f85e9d3a85f1cedee38183a404a09 [2ms]
2025-06-26 22:09:01.670 [info] > git show --textconv :README.md [11ms]
2025-06-26 22:09:01.671 [info] > git ls-files --stage -- README.md [1ms]
2025-06-26 22:09:01.677 [info] > git cat-file -s 2bd824eaa55c8c9e3157405e1c5746e5974d2203 [1ms]
2025-06-26 22:09:29.858 [info] > git show --textconv :Library.java [11ms]
2025-06-26 22:09:29.860 [info] > git ls-files --stage -- Library.java [2ms]
2025-06-26 22:09:29.869 [info] > git cat-file -s 71f6dfe1640f85e9d3a85f1cedee38183a404a09 [1ms]
2025-06-26 22:09:43.050 [info] > git show --textconv :README.md [12ms]
2025-06-26 22:09:43.050 [info] > git ls-files --stage -- README.md [1ms]
2025-06-26 22:09:43.059 [info] > git cat-file -s 2bd824eaa55c8c9e3157405e1c5746e5974d2203 [2ms]
2025-06-26 22:12:12.044 [info] > git show --textconv :Library.java [10ms]
2025-06-26 22:12:12.045 [info] > git ls-files --stage -- Library.java [2ms]
2025-06-26 22:12:12.054 [info] > git cat-file -s 71f6dfe1640f85e9d3a85f1cedee38183a404a09 [1ms]
2025-06-26 22:12:25.302 [info] > git show --textconv :Library.java [13ms]
2025-06-26 22:12:25.303 [info] > git ls-files --stage -- Library.java [1ms]
2025-06-26 22:12:25.312 [info] > git cat-file -s 71f6dfe1640f85e9d3a85f1cedee38183a404a09 [1ms]
2025-06-26 22:12:30.425 [info] > git show --textconv :Library.java [9ms]
2025-06-26 22:12:30.426 [info] > git ls-files --stage -- Library.java [2ms]
2025-06-26 22:12:30.436 [info] > git cat-file -s 71f6dfe1640f85e9d3a85f1cedee38183a404a09 [1ms]
2025-06-26 22:22:19.630 [info] > git show --textconv :Library.java [12ms]
2025-06-26 22:22:19.631 [info] > git ls-files --stage -- Library.java [1ms]
2025-06-26 22:22:19.642 [info] > git cat-file -s 71f6dfe1640f85e9d3a85f1cedee38183a404a09 [2ms]
2025-06-26 22:53:43.329 [info] > git config --get commit.template [9ms]
2025-06-26 22:53:43.331 [info] > git for-each-ref --format=%(refname)%00%(upstream:short)%00%(objectname)%00%(upstream:track)%00%(upstream:remotename)%00%(upstream:remoteref) refs/heads/main refs/remotes/main [3ms]
2025-06-26 22:53:43.355 [info] > git status -z -uall [12ms]
2025-06-26 22:53:43.356 [info] > git for-each-ref --sort -committerdate --format %(refname)%00%(objectname)%00%(*objectname) [2ms]
2025-06-26 23:04:57.719 [info] > git show --textconv :Library.java [11ms]
2025-06-26 23:04:57.720 [info] > git ls-files --stage -- Library.java [2ms]
2025-06-26 23:04:57.728 [info] > git cat-file -s 71f6dfe1640f85e9d3a85f1cedee38183a404a09 [1ms]
2025-06-26 23:06:02.791 [info] > git config --get commit.template [14ms]
2025-06-26 23:06:02.791 [info] > git for-each-ref --format=%(refname)%00%(upstream:short)%00%(objectname)%00%(upstream:track)%00%(upstream:remotename)%00%(upstream:remoteref) refs/heads/main refs/remotes/main [3ms]
2025-06-26 23:06:02.809 [info] > git status -z -uall [9ms]
2025-06-26 23:06:02.810 [info] > git for-each-ref --sort -committerdate --format %(refname)%00%(objectname)%00%(*objectname) [1ms]
2025-06-26 23:08:51.062 [info] > git config --get commit.template [3ms]
2025-06-26 23:08:51.074 [info] > git for-each-ref --format=%(refname)%00%(upstream:short)%00%(objectname)%00%(upstream:track)%00%(upstream:remotename)%00%(upstream:remoteref) refs/heads/main refs/remotes/main [1ms]
2025-06-26 23:08:51.092 [info] > git status -z -uall [9ms]
2025-06-26 23:08:51.093 [info] > git for-each-ref --sort -committerdate --format %(refname)%00%(objectname)%00%(*objectname) [2ms]
2025-06-26 23:08:59.793 [info] > git log --format=%H%n%aN%n%aE%n%at%n%ct%n%P%n%D%n%B -z --shortstat --diff-merges=first-parent -n50 --skip=0 --topo-order --decorate=full --stdin [1ms]
2025-06-26 23:12:38.235 [info] > git log --format=%H%n%aN%n%aE%n%at%n%ct%n%P%n%D%n%B -z --shortstat --diff-merges=first-parent -n50 --skip=0 --topo-order --decorate=full --stdin [1ms]
2025-06-26 23:12:57.776 [info] > git show --textconv :README.md [12ms]
2025-06-26 23:12:57.777 [info] > git ls-files --stage -- README.md [2ms]
2025-06-26 23:12:57.787 [info] > git cat-file -s 2bd824eaa55c8c9e3157405e1c5746e5974d2203 [0ms]
2025-06-26 23:18:47.777 [info] > git show --textconv :Library.java [12ms]
2025-06-26 23:18:47.778 [info] > git ls-files --stage -- Library.java [2ms]
2025-06-26 23:18:47.788 [info] > git cat-file -s 71f6dfe1640f85e9d3a85f1cedee38183a404a09 [1ms]
2025-06-26 23:19:46.468 [info] > git show --textconv :README.md [13ms]
2025-06-26 23:19:46.469 [info] > git ls-files --stage -- README.md [2ms]
2025-06-26 23:19:46.478 [info] > git cat-file -s 2bd824eaa55c8c9e3157405e1c5746e5974d2203 [1ms]
2025-06-26 23:20:05.714 [info] > git show --textconv :Library.java [16ms]
2025-06-26 23:20:05.715 [info] > git ls-files --stage -- Library.java [1ms]
2025-06-26 23:20:05.734 [info] > git cat-file -s 71f6dfe1640f85e9d3a85f1cedee38183a404a09 [3ms]
2025-06-26 23:41:14.858 [info] > git config --get commit.template [8ms]
2025-06-26 23:41:14.858 [info] > git for-each-ref --format=%(refname)%00%(upstream:short)%00%(objectname)%00%(upstream:track)%00%(upstream:remotename)%00%(upstream:remoteref) refs/heads/main refs/remotes/main [1ms]
2025-06-26 23:41:14.872 [info] > git status -z -uall [8ms]
2025-06-26 23:41:14.872 [info] > git for-each-ref --sort -committerdate --format %(refname)%00%(objectname)%00%(*objectname) [1ms]
2025-06-26 23:41:19.660 [info] > git show --textconv :README.md [14ms]
2025-06-26 23:41:19.660 [info] > git ls-files --stage -- README.md [2ms]
2025-06-26 23:41:19.671 [info] > git cat-file -s 2bd824eaa55c8c9e3157405e1c5746e5974d2203 [1ms]
2025-06-26 23:42:41.555 [info] > git show --textconv :Library.java [15ms]
2025-06-26 23:42:41.558 [info] > git ls-files --stage -- Library.java [4ms]
2025-06-26 23:42:41.574 [info] > git cat-file -s 71f6dfe1640f85e9d3a85f1cedee38183a404a09 [3ms]
2025-06-26 23:43:30.012 [info] > git config --get commit.template [13ms]
2025-06-26 23:43:30.014 [info] > git for-each-ref --format=%(refname)%00%(upstream:short)%00%(objectname)%00%(upstream:track)%00%(upstream:remotename)%00%(upstream:remoteref) refs/heads/main refs/remotes/main [3ms]
2025-06-26 23:43:30.033 [info] > git status -z -uall [9ms]
2025-06-26 23:43:30.034 [info] > git for-each-ref --sort -committerdate --format %(refname)%00%(objectname)%00%(*objectname) [2ms]
2025-06-26 23:50:14.834 [info] > git show --textconv :README.md [8ms]
2025-06-26 23:50:14.835 [info] > git ls-files --stage -- README.md [1ms]
2025-06-26 23:50:14.843 [info] > git cat-file -s 2bd824eaa55c8c9e3157405e1c5746e5974d2203 [1ms]
2025-06-26 23:50:40.460 [info] > git show --textconv :Library.java [12ms]
2025-06-26 23:50:40.461 [info] > git ls-files --stage -- Library.java [1ms]
2025-06-26 23:50:40.469 [info] > git cat-file -s 71f6dfe1640f85e9d3a85f1cedee38183a404a09 [1ms]
2025-06-26 23:52:47.385 [info] > git config --get commit.template [7ms]
2025-06-26 23:52:47.385 [info] > git for-each-ref --format=%(refname)%00%(upstream:short)%00%(objectname)%00%(upstream:track)%00%(upstream:remotename)%00%(upstream:remoteref) refs/heads/main refs/remotes/main [1ms]
2025-06-26 23:52:47.404 [info] > git status -z -uall [9ms]
2025-06-26 23:52:47.405 [info] > git for-each-ref --sort -committerdate --format %(refname)%00%(objectname)%00%(*objectname) [2ms]
2025-06-26 23:53:07.063 [info] > git show --textconv :README.md [15ms]
2025-06-26 23:53:07.064 [info] > git ls-files --stage -- README.md [2ms]
2025-06-26 23:53:07.079 [info] > git cat-file -s 2bd824eaa55c8c9e3157405e1c5746e5974d2203 [2ms]
2025-06-26 23:55:24.329 [info] > git show --textconv :Library.java [15ms]
2025-06-26 23:55:24.330 [info] > git ls-files --stage -- Library.java [2ms]
2025-06-26 23:55:24.345 [info] > git cat-file -s 71f6dfe1640f85e9d3a85f1cedee38183a404a09 [3ms]
2025-06-27 00:02:03.445 [info] > git show --textconv :README.md [14ms]
2025-06-27 00:02:03.446 [info] > git ls-files --stage -- README.md [2ms]
2025-06-27 00:02:03.455 [info] > git cat-file -s 2bd824eaa55c8c9e3157405e1c5746e5974d2203 [1ms]
2025-06-27 00:03:26.073 [info] > git show --textconv :README.md [12ms]
2025-06-27 00:03:26.074 [info] > git ls-files --stage -- README.md [1ms]
2025-06-27 00:03:26.083 [info] > git cat-file -s 2bd824eaa55c8c9e3157405e1c5746e5974d2203 [1ms]
2025-06-27 00:03:29.966 [info] > git show --textconv :Library.java [13ms]
2025-06-27 00:03:29.967 [info] > git ls-files --stage -- Library.java [1ms]
2025-06-27 00:03:29.974 [info] > git cat-file -s 71f6dfe1640f85e9d3a85f1cedee38183a404a09 [1ms]
2025-06-27 00:03:58.882 [info] > git config --get commit.template [11ms]
2025-06-27 00:03:58.883 [info] > git for-each-ref --format=%(refname)%00%(upstream:short)%00%(objectname)%00%(upstream:track)%00%(upstream:remotename)%00%(upstream:remoteref) refs/heads/main refs/remotes/main [1ms]
2025-06-27 00:03:58.902 [info] > git status -z -uall [12ms]
2025-06-27 00:03:58.902 [info] > git for-each-ref --sort -committerdate --format %(refname)%00%(objectname)%00%(*objectname) [0ms]
2025-06-27 00:05:08.100 [info] > git config --get commit.template [12ms]
2025-06-27 00:05:08.102 [info] > git for-each-ref --format=%(refname)%00%(upstream:short)%00%(objectname)%00%(upstream:track)%00%(upstream:remotename)%00%(upstream:remoteref) refs/heads/main refs/remotes/main [2ms]
2025-06-27 00:05:08.121 [info] > git status -z -uall [9ms]
2025-06-27 00:05:08.122 [info] > git for-each-ref --sort -committerdate --format %(refname)%00%(objectname)%00%(*objectname) [2ms]
2025-06-27 00:05:29.341 [info] > git config --get commit.template [7ms]
2025-06-27 00:05:29.342 [info] > git for-each-ref --format=%(refname)%00%(upstream:short)%00%(objectname)%00%(upstream:track)%00%(upstream:remotename)%00%(upstream:remoteref) refs/heads/main refs/remotes/main [1ms]
2025-06-27 00:05:29.357 [info] > git status -z -uall [7ms]
2025-06-27 00:05:29.358 [info] > git for-each-ref --sort -committerdate --format %(refname)%00%(objectname)%00%(*objectname) [2ms]
2025-06-27 00:06:18.167 [info] > git config --get commit.template [10ms]
2025-06-27 00:06:18.167 [info] > git for-each-ref --format=%(refname)%00%(upstream:short)%00%(objectname)%00%(upstream:track)%00%(upstream:remotename)%00%(upstream:remoteref) refs/heads/main refs/remotes/main [1ms]
2025-06-27 00:06:18.182 [info] > git status -z -uall [7ms]
2025-06-27 00:06:18.183 [info] > git for-each-ref --sort -committerdate --format %(refname)%00%(objectname)%00%(*objectname) [1ms]
2025-06-27 00:07:19.967 [info] > git show --textconv :README.md [7ms]
2025-06-27 00:07:19.968 [info] > git ls-files --stage -- README.md [1ms]
2025-06-27 00:07:19.977 [info] > git cat-file -s 2bd824eaa55c8c9e3157405e1c5746e5974d2203 [1ms]
2025-06-27 00:07:30.776 [info] > git show --textconv :Library.java [10ms]
2025-06-27 00:07:30.777 [info] > git ls-files --stage -- Library.java [2ms]
2025-06-27 00:07:30.783 [info] > git cat-file -s 71f6dfe1640f85e9d3a85f1cedee38183a404a09 [1ms]
2025-06-27 00:07:46.828 [info] > git config --get commit.template [9ms]
2025-06-27 00:07:46.837 [info] > git for-each-ref --format=%(refname)%00%(upstream:short)%00%(objectname)%00%(upstream:track)%00%(upstream:remotename)%00%(upstream:remoteref) refs/heads/main refs/remotes/main [10ms]
2025-06-27 00:07:46.860 [info] > git status -z -uall [10ms]
2025-06-27 00:07:46.861 [info] > git for-each-ref --sort -committerdate --format %(refname)%00%(objectname)%00%(*objectname) [1ms]
2025-06-27 00:07:46.882 [info] > git blame --root --incremental e3723e1ce38536577180dd1a38bf4405a36c08ea -- Library.java [11ms]
2025-06-27 00:07:46.883 [info] > git merge-base refs/heads/main refs/remotes/origin/main [2ms]
2025-06-27 00:07:46.892 [info] > git diff --name-status -z --diff-filter=ADMR ffc168b3015327dc2786d5f3c462f42db4adb859...refs/remotes/origin/main [2ms]
2025-06-27 00:07:46.918 [info] > git ls-files --stage -- Library.java [1ms]
2025-06-27 00:07:46.927 [info] > git cat-file -s 11ce629e4b374d683b9d6f4cd89edbcf4d2d082b [2ms]
2025-06-27 00:07:46.937 [info] > git show --textconv :Library.java [1ms]
2025-06-27 00:07:51.862 [info] > git ls-files --stage -- Library.java [0ms]
2025-06-27 00:07:51.873 [info] > git cat-file -s 11ce629e4b374d683b9d6f4cd89edbcf4d2d082b [1ms]
2025-06-27 00:07:51.891 [info] > git show --textconv :Library.java [10ms]
2025-06-27 00:07:51.891 [info] > git config --get commit.template [1ms]
2025-06-27 00:07:51.899 [info] > git for-each-ref --format=%(refname)%00%(upstream:short)%00%(objectname)%00%(upstream:track)%00%(upstream:remotename)%00%(upstream:remoteref) refs/heads/main refs/remotes/main [1ms]
2025-06-27 00:07:51.913 [info] > git status -z -uall [8ms]
2025-06-27 00:07:51.913 [info] > git for-each-ref --sort -committerdate --format %(refname)%00%(objectname)%00%(*objectname) [1ms]
2025-06-27 00:07:51.922 [info] > git merge-base refs/heads/main refs/remotes/origin/main [1ms]
2025-06-27 00:07:51.931 [info] > git diff --name-status -z --diff-filter=ADMR e3723e1ce38536577180dd1a38bf4405a36c08ea...refs/remotes/origin/main [1ms]
2025-06-27 00:08:20.642 [info] > git config --get commit.template [9ms]
2025-06-27 00:08:20.642 [info] > git for-each-ref --format=%(refname)%00%(upstream:short)%00%(objectname)%00%(upstream:track)%00%(upstream:remotename)%00%(upstream:remoteref) refs/heads/main refs/remotes/main [1ms]
2025-06-27 00:08:20.656 [info] > git status -z -uall [8ms]
2025-06-27 00:08:20.657 [info] > git for-each-ref --sort -committerdate --format %(refname)%00%(objectname)%00%(*objectname) [1ms]
2025-06-27 00:08:22.763 [info] > git show --textconv :README.md [11ms]
2025-06-27 00:08:22.763 [info] > git ls-files --stage -- README.md [1ms]
2025-06-27 00:08:22.771 [info] > git cat-file -s 7e110923926a3f2fc3f3420d709dec97e2232a83 [1ms]
2025-06-27 00:08:23.984 [info] > git blame --root --incremental e3723e1ce38536577180dd1a38bf4405a36c08ea -- README.md [2ms]
2025-06-27 00:08:32.232 [info] > git show --textconv :Library.java [9ms]
2025-06-27 00:08:32.233 [info] > git ls-files --stage -- Library.java [1ms]
2025-06-27 00:08:32.243 [info] > git cat-file -s 11ce629e4b374d683b9d6f4cd89edbcf4d2d082b [1ms]
2025-06-27 00:08:49.441 [info] > git show --textconv :README.md [11ms]
2025-06-27 00:08:49.442 [info] > git ls-files --stage -- README.md [2ms]
2025-06-27 00:08:49.449 [info] > git cat-file -s 7e110923926a3f2fc3f3420d709dec97e2232a83 [1ms]
2025-06-27 00:08:51.533 [info] > git config --get commit.template [15ms]
2025-06-27 00:08:51.535 [info] > git for-each-ref --format=%(refname)%00%(upstream:short)%00%(objectname)%00%(upstream:track)%00%(upstream:remotename)%00%(upstream:remoteref) refs/heads/main refs/remotes/main [3ms]
2025-06-27 00:08:51.555 [info] > git status -z -uall [10ms]
2025-06-27 00:08:51.556 [info] > git for-each-ref --sort -committerdate --format %(refname)%00%(objectname)%00%(*objectname) [2ms]
2025-06-27 00:08:52.223 [info] > git show --textconv :Library.java [12ms]
2025-06-27 00:08:52.224 [info] > git ls-files --stage -- Library.java [1ms]
2025-06-27 00:08:52.230 [info] > git cat-file -s 11ce629e4b374d683b9d6f4cd89edbcf4d2d082b [0ms]
2025-06-27 00:08:55.699 [info] > git ls-files --stage -- Library.java [2ms]
2025-06-27 00:08:55.713 [info] > git cat-file -s 11ce629e4b374d683b9d6f4cd89edbcf4d2d082b [2ms]
2025-06-27 00:08:55.727 [info] > git show --textconv :Library.java [2ms]
2025-06-27 00:08:56.584 [info] > git config --get commit.template [13ms]
2025-06-27 00:08:56.584 [info] > git for-each-ref --format=%(refname)%00%(upstream:short)%00%(objectname)%00%(upstream:track)%00%(upstream:remotename)%00%(upstream:remoteref) refs/heads/main refs/remotes/main [1ms]
2025-06-27 00:08:56.601 [info] > git status -z -uall [9ms]
2025-06-27 00:08:56.602 [info] > git for-each-ref --sort -committerdate --format %(refname)%00%(objectname)%00%(*objectname) [1ms]
2025-06-27 00:08:56.618 [info] > git blame --root --incremental 9d4e05833a128804f61267c5be11184f017adf95 -- Library.java [8ms]
2025-06-27 00:08:56.618 [info] > git merge-base refs/heads/main refs/remotes/origin/main [2ms]
2025-06-27 00:08:56.635 [info] > git diff --name-status -z --diff-filter=ADMR e3723e1ce38536577180dd1a38bf4405a36c08ea...refs/remotes/origin/main [5ms]
2025-06-27 00:08:59.556 [info] > git ls-files --stage -- Library.java [2ms]
2025-06-27 00:08:59.568 [info] > git cat-file -s 11ce629e4b374d683b9d6f4cd89edbcf4d2d082b [2ms]
2025-06-27 00:08:59.580 [info] > git show --textconv :Library.java [1ms]
2025-06-27 00:09:01.638 [info] > git config --get commit.template [9ms]
2025-06-27 00:09:01.640 [info] > git for-each-ref --format=%(refname)%00%(upstream:short)%00%(objectname)%00%(upstream:track)%00%(upstream:remotename)%00%(upstream:remoteref) refs/heads/main refs/remotes/main [3ms]
2025-06-27 00:09:01.658 [info] > git status -z -uall [8ms]
2025-06-27 00:09:01.659 [info] > git for-each-ref --sort -committerdate --format %(refname)%00%(objectname)%00%(*objectname) [2ms]
2025-06-27 00:09:01.669 [info] > git merge-base refs/heads/main refs/remotes/origin/main [2ms]
2025-06-27 00:09:01.677 [info] > git diff --name-status -z --diff-filter=ADMR 9d4e05833a128804f61267c5be11184f017adf95...refs/remotes/origin/main [1ms]
2025-06-27 00:13:10.465 [info] > git show --textconv :Book.java [11ms]
2025-06-27 00:13:10.466 [info] > git ls-files --stage -- Book.java [1ms]
2025-06-27 00:13:10.477 [info] > git cat-file -s e2be9933f5ddbe640c38603c484372adf0bc4560 [1ms]
2025-06-27 00:13:11.088 [info] > git blame --root --incremental 9d4e05833a128804f61267c5be11184f017adf95 -- Book.java [3ms]
2025-06-27 00:13:36.800 [info] > git config --get commit.template [14ms]
2025-06-27 00:13:36.802 [info] > git for-each-ref --format=%(refname)%00%(upstream:short)%00%(objectname)%00%(upstream:track)%00%(upstream:remotename)%00%(upstream:remoteref) refs/heads/main refs/remotes/main [3ms]
2025-06-27 00:13:36.818 [info] > git status -z -uall [7ms]
2025-06-27 00:13:36.819 [info] > git for-each-ref --sort -committerdate --format %(refname)%00%(objectname)%00%(*objectname) [2ms]
2025-06-27 00:13:39.460 [info] > git ls-files --stage -- Book.java [1ms]
2025-06-27 00:13:39.472 [info] > git cat-file -s cedc4db9d3c742e6b2135b81035ff047082a5d3c [2ms]
2025-06-27 00:13:39.484 [info] > git show --textconv :Book.java [1ms]
2025-06-27 00:13:41.845 [info] > git config --get commit.template [12ms]
2025-06-27 00:13:41.845 [info] > git for-each-ref --format=%(refname)%00%(upstream:short)%00%(objectname)%00%(upstream:track)%00%(upstream:remotename)%00%(upstream:remoteref) refs/heads/main refs/remotes/main [1ms]
2025-06-27 00:13:41.862 [info] > git status -z -uall [10ms]
2025-06-27 00:13:41.863 [info] > git for-each-ref --sort -committerdate --format %(refname)%00%(objectname)%00%(*objectname) [2ms]
2025-06-27 00:13:41.882 [info] > git blame --root --incremental 8c26b088a626acf866a27fd582e149957d59a691 -- Book.java [8ms]
2025-06-27 00:13:41.882 [info] > git merge-base refs/heads/main refs/remotes/origin/main [1ms]
2025-06-27 00:13:41.892 [info] > git diff --name-status -z --diff-filter=ADMR 9d4e05833a128804f61267c5be11184f017adf95...refs/remotes/origin/main [1ms]
2025-06-27 00:13:43.436 [info] > git ls-files --stage -- Book.java [3ms]
2025-06-27 00:13:43.449 [info] > git cat-file -s cedc4db9d3c742e6b2135b81035ff047082a5d3c [2ms]
2025-06-27 00:13:43.462 [info] > git show --textconv :Book.java [1ms]
2025-06-27 00:13:46.905 [info] > git config --get commit.template [13ms]
2025-06-27 00:13:46.906 [info] > git for-each-ref --format=%(refname)%00%(upstream:short)%00%(objectname)%00%(upstream:track)%00%(upstream:remotename)%00%(upstream:remoteref) refs/heads/main refs/remotes/main [2ms]
2025-06-27 00:13:46.925 [info] > git status -z -uall [9ms]
2025-06-27 00:13:46.926 [info] > git for-each-ref --sort -committerdate --format %(refname)%00%(objectname)%00%(*objectname) [1ms]
2025-06-27 00:13:46.936 [info] > git merge-base refs/heads/main refs/remotes/origin/main [1ms]
2025-06-27 00:13:46.944 [info] > git diff --name-status -z --diff-filter=ADMR 8c26b088a626acf866a27fd582e149957d59a691...refs/remotes/origin/main [1ms]
2025-06-27 00:15:28.776 [info] > git show --textconv :Library.java [10ms]
2025-06-27 00:15:28.777 [info] > git ls-files --stage -- Library.java [1ms]
2025-06-27 00:15:28.787 [info] > git cat-file -s 11ce629e4b374d683b9d6f4cd89edbcf4d2d082b [1ms]
2025-06-27 00:15:28.803 [info] > git blame --root --incremental 8c26b088a626acf866a27fd582e149957d59a691 -- Library.java [2ms]
