2025-06-04 14:51:26.251 [info] Started local extension host with pid 3273.
2025-06-04 14:51:26.342 [info] ComputeTargetPlatform: linux-x64
2025-06-04 14:51:27.119 [info] [Oracle.oracle-java]: Command `workbench.action.debug.run` already registered by Java (Oracle.oracle-java)
2025-06-04 14:51:27.120 [info] [Oracle.oracle-java]: Command `workbench.action.debug.start` already registered by Java (Oracle.oracle-java)
2025-06-04 14:51:27.120 [info] [Oracle.oracle-java]: Command `jdk.select.editor.projects` already registered by Java (Oracle.oracle-java)
2025-06-04 14:51:28.501 [info] Settings Sync: Account status changed from uninitialized to unavailable
2025-06-04 14:51:30.125 [info] [perf] Render performance baseline is 55ms
2025-06-04 15:08:35.544 [warning] Semantic token with invalid length detected at lineNumber 101, column 12
2025-06-04 15:34:29.058 [error] selectionRange must be contained in fullRange: Error: selectionRange must be contained in fullRange
	at Nf.validate (file:///usr/share/code/resources/app/out/vs/workbench/api/node/extensionHostProcess.js:115:22634)
	at new Nf (file:///usr/share/code/resources/app/out/vs/workbench/api/node/extensionHostProcess.js:115:22842)
	at asDocumentSymbol (/home/sammy/.vscode/extensions/oracle.oracle-java-24.0.0/node_modules/vscode-languageclient/lib/common/protocolConverter.js:604:22)
	at asDocumentSymbol (/home/sammy/.vscode/extensions/oracle.oracle-java-24.0.0/node_modules/vscode-languageclient/lib/common/protocolConverter.js:609:31)
	at convertBatch (/home/sammy/.vscode/extensions/oracle.oracle-java-24.0.0/node_modules/vscode-languageclient/lib/common/utils/async.js:193:25)
	at Object.map (/home/sammy/.vscode/extensions/oracle.oracle-java-24.0.0/node_modules/vscode-languageclient/lib/common/utils/async.js:202:17)
	at Object.asDocumentSymbols (/home/sammy/.vscode/extensions/oracle.oracle-java-24.0.0/node_modules/vscode-languageclient/lib/common/protocolConverter.js:601:22)
	at _provideDocumentSymbols (/home/sammy/.vscode/extensions/oracle.oracle-java-24.0.0/node_modules/vscode-languageclient/lib/common/documentSymbol.js:83:76)
	at runNextTicks (node:internal/process/task_queues:60:5)
	at process.processImmediate (node:internal/timers:454:9)
	at async T2.provideDocumentSymbols (file:///usr/share/code/resources/app/out/vs/workbench/api/node/extensionHostProcess.js:145:126055)
2025-06-04 15:34:29.069 [error] selectionRange must be contained in fullRange: Error: selectionRange must be contained in fullRange
	at Nf.validate (file:///usr/share/code/resources/app/out/vs/workbench/api/node/extensionHostProcess.js:115:22634)
	at new Nf (file:///usr/share/code/resources/app/out/vs/workbench/api/node/extensionHostProcess.js:115:22842)
	at asDocumentSymbol (/home/sammy/.vscode/extensions/oracle.oracle-java-24.0.0/node_modules/vscode-languageclient/lib/common/protocolConverter.js:604:22)
	at asDocumentSymbol (/home/sammy/.vscode/extensions/oracle.oracle-java-24.0.0/node_modules/vscode-languageclient/lib/common/protocolConverter.js:609:31)
	at convertBatch (/home/sammy/.vscode/extensions/oracle.oracle-java-24.0.0/node_modules/vscode-languageclient/lib/common/utils/async.js:193:25)
	at Object.map (/home/sammy/.vscode/extensions/oracle.oracle-java-24.0.0/node_modules/vscode-languageclient/lib/common/utils/async.js:202:17)
	at Object.asDocumentSymbols (/home/sammy/.vscode/extensions/oracle.oracle-java-24.0.0/node_modules/vscode-languageclient/lib/common/protocolConverter.js:601:22)
	at _provideDocumentSymbols (/home/sammy/.vscode/extensions/oracle.oracle-java-24.0.0/node_modules/vscode-languageclient/lib/common/documentSymbol.js:83:76)
	at async T2.provideDocumentSymbols (file:///usr/share/code/resources/app/out/vs/workbench/api/node/extensionHostProcess.js:145:126055)
2025-06-04 15:34:31.139 [error] selectionRange must be contained in fullRange: Error: selectionRange must be contained in fullRange
	at Nf.validate (file:///usr/share/code/resources/app/out/vs/workbench/api/node/extensionHostProcess.js:115:22634)
	at new Nf (file:///usr/share/code/resources/app/out/vs/workbench/api/node/extensionHostProcess.js:115:22842)
	at asDocumentSymbol (/home/sammy/.vscode/extensions/oracle.oracle-java-24.0.0/node_modules/vscode-languageclient/lib/common/protocolConverter.js:604:22)
	at asDocumentSymbol (/home/sammy/.vscode/extensions/oracle.oracle-java-24.0.0/node_modules/vscode-languageclient/lib/common/protocolConverter.js:609:31)
	at convertBatch (/home/sammy/.vscode/extensions/oracle.oracle-java-24.0.0/node_modules/vscode-languageclient/lib/common/utils/async.js:193:25)
	at Object.map (/home/sammy/.vscode/extensions/oracle.oracle-java-24.0.0/node_modules/vscode-languageclient/lib/common/utils/async.js:202:17)
	at Object.asDocumentSymbols (/home/sammy/.vscode/extensions/oracle.oracle-java-24.0.0/node_modules/vscode-languageclient/lib/common/protocolConverter.js:601:22)
	at _provideDocumentSymbols (/home/sammy/.vscode/extensions/oracle.oracle-java-24.0.0/node_modules/vscode-languageclient/lib/common/documentSymbol.js:83:76)
	at runNextTicks (node:internal/process/task_queues:60:5)
	at process.processImmediate (node:internal/timers:454:9)
	at async T2.provideDocumentSymbols (file:///usr/share/code/resources/app/out/vs/workbench/api/node/extensionHostProcess.js:145:126055)
2025-06-04 15:34:31.140 [error] selectionRange must be contained in fullRange: Error: selectionRange must be contained in fullRange
	at Nf.validate (file:///usr/share/code/resources/app/out/vs/workbench/api/node/extensionHostProcess.js:115:22634)
	at new Nf (file:///usr/share/code/resources/app/out/vs/workbench/api/node/extensionHostProcess.js:115:22842)
	at asDocumentSymbol (/home/sammy/.vscode/extensions/oracle.oracle-java-24.0.0/node_modules/vscode-languageclient/lib/common/protocolConverter.js:604:22)
	at asDocumentSymbol (/home/sammy/.vscode/extensions/oracle.oracle-java-24.0.0/node_modules/vscode-languageclient/lib/common/protocolConverter.js:609:31)
	at convertBatch (/home/sammy/.vscode/extensions/oracle.oracle-java-24.0.0/node_modules/vscode-languageclient/lib/common/utils/async.js:193:25)
	at Object.map (/home/sammy/.vscode/extensions/oracle.oracle-java-24.0.0/node_modules/vscode-languageclient/lib/common/utils/async.js:202:17)
	at Object.asDocumentSymbols (/home/sammy/.vscode/extensions/oracle.oracle-java-24.0.0/node_modules/vscode-languageclient/lib/common/protocolConverter.js:601:22)
	at _provideDocumentSymbols (/home/sammy/.vscode/extensions/oracle.oracle-java-24.0.0/node_modules/vscode-languageclient/lib/common/documentSymbol.js:83:76)
	at async T2.provideDocumentSymbols (file:///usr/share/code/resources/app/out/vs/workbench/api/node/extensionHostProcess.js:145:126055)
2025-06-04 15:34:32.054 [error] selectionRange must be contained in fullRange: Error: selectionRange must be contained in fullRange
	at Nf.validate (file:///usr/share/code/resources/app/out/vs/workbench/api/node/extensionHostProcess.js:115:22634)
	at new Nf (file:///usr/share/code/resources/app/out/vs/workbench/api/node/extensionHostProcess.js:115:22842)
	at asDocumentSymbol (/home/sammy/.vscode/extensions/oracle.oracle-java-24.0.0/node_modules/vscode-languageclient/lib/common/protocolConverter.js:604:22)
	at asDocumentSymbol (/home/sammy/.vscode/extensions/oracle.oracle-java-24.0.0/node_modules/vscode-languageclient/lib/common/protocolConverter.js:609:31)
	at convertBatch (/home/sammy/.vscode/extensions/oracle.oracle-java-24.0.0/node_modules/vscode-languageclient/lib/common/utils/async.js:193:25)
	at Object.map (/home/sammy/.vscode/extensions/oracle.oracle-java-24.0.0/node_modules/vscode-languageclient/lib/common/utils/async.js:202:17)
	at Object.asDocumentSymbols (/home/sammy/.vscode/extensions/oracle.oracle-java-24.0.0/node_modules/vscode-languageclient/lib/common/protocolConverter.js:601:22)
	at _provideDocumentSymbols (/home/sammy/.vscode/extensions/oracle.oracle-java-24.0.0/node_modules/vscode-languageclient/lib/common/documentSymbol.js:83:76)
	at runNextTicks (node:internal/process/task_queues:60:5)
	at process.processImmediate (node:internal/timers:454:9)
	at async T2.provideDocumentSymbols (file:///usr/share/code/resources/app/out/vs/workbench/api/node/extensionHostProcess.js:145:126055)
2025-06-04 15:34:32.054 [error] selectionRange must be contained in fullRange: Error: selectionRange must be contained in fullRange
	at Nf.validate (file:///usr/share/code/resources/app/out/vs/workbench/api/node/extensionHostProcess.js:115:22634)
	at new Nf (file:///usr/share/code/resources/app/out/vs/workbench/api/node/extensionHostProcess.js:115:22842)
	at asDocumentSymbol (/home/sammy/.vscode/extensions/oracle.oracle-java-24.0.0/node_modules/vscode-languageclient/lib/common/protocolConverter.js:604:22)
	at asDocumentSymbol (/home/sammy/.vscode/extensions/oracle.oracle-java-24.0.0/node_modules/vscode-languageclient/lib/common/protocolConverter.js:609:31)
	at convertBatch (/home/sammy/.vscode/extensions/oracle.oracle-java-24.0.0/node_modules/vscode-languageclient/lib/common/utils/async.js:193:25)
	at Object.map (/home/sammy/.vscode/extensions/oracle.oracle-java-24.0.0/node_modules/vscode-languageclient/lib/common/utils/async.js:202:17)
	at Object.asDocumentSymbols (/home/sammy/.vscode/extensions/oracle.oracle-java-24.0.0/node_modules/vscode-languageclient/lib/common/protocolConverter.js:601:22)
	at _provideDocumentSymbols (/home/sammy/.vscode/extensions/oracle.oracle-java-24.0.0/node_modules/vscode-languageclient/lib/common/documentSymbol.js:83:76)
	at async T2.provideDocumentSymbols (file:///usr/share/code/resources/app/out/vs/workbench/api/node/extensionHostProcess.js:145:126055)
2025-06-04 15:50:26.736 [error] An unknown error occurred. Please consult the log for more details.
2025-06-04 15:50:33.910 [error] An unknown error occurred. Please consult the log for more details.
2025-06-04 15:50:37.781 [error] An unknown error occurred. Please consult the log for more details.
2025-06-04 15:51:09.770 [error] An unknown error occurred. Please consult the log for more details.
2025-06-04 15:51:25.755 [error] An unknown error occurred. Please consult the log for more details.
2025-06-04 15:51:30.534 [error] An unknown error occurred. Please consult the log for more details.
2025-06-04 15:51:34.846 [error] An unknown error occurred. Please consult the log for more details.
2025-06-04 15:51:39.468 [error] An unknown error occurred. Please consult the log for more details.
2025-06-04 15:51:57.522 [error] An unknown error occurred. Please consult the log for more details.
2025-06-04 16:15:28.316 [error] An unknown error occurred. Please consult the log for more details.
2025-06-04 16:15:32.776 [error] An unknown error occurred. Please consult the log for more details.
2025-06-04 16:15:35.857 [error] An unknown error occurred. Please consult the log for more details.
2025-06-04 16:15:42.738 [error] An unknown error occurred. Please consult the log for more details.
2025-06-04 16:15:59.755 [error] An unknown error occurred. Please consult the log for more details.
