2025-06-04 17:13:43.996 [info] Started local extension host with pid 33043.
2025-06-04 17:13:44.114 [info] ComputeTargetPlatform: linux-x64
2025-06-04 17:13:44.587 [info] [Oracle.oracle-java]: Command `workbench.action.debug.run` already registered by Java (Oracle.oracle-java)
2025-06-04 17:13:44.587 [info] [Oracle.oracle-java]: Command `workbench.action.debug.start` already registered by Java (Oracle.oracle-java)
2025-06-04 17:13:44.588 [info] [Oracle.oracle-java]: Command `jdk.select.editor.projects` already registered by Java (Oracle.oracle-java)
2025-06-04 17:13:45.942 [info] Settings Sync: Account status changed from uninitialized to unavailable
2025-06-04 17:13:46.841 [info] [perf] Render performance baseline is 39ms
2025-06-04 17:14:59.801 [info] Started local extension host with pid 33989.
2025-06-04 17:14:59.913 [info] ComputeTargetPlatform: linux-x64
2025-06-04 17:15:00.340 [info] [Oracle.oracle-java]: Command `workbench.action.debug.run` already registered by Java (Oracle.oracle-java)
2025-06-04 17:15:00.340 [info] [Oracle.oracle-java]: Command `workbench.action.debug.start` already registered by Java (Oracle.oracle-java)
2025-06-04 17:15:00.340 [info] [Oracle.oracle-java]: Command `jdk.select.editor.projects` already registered by Java (Oracle.oracle-java)
2025-06-04 17:15:00.873 [info] Settings Sync: Account status changed from uninitialized to unavailable
2025-06-04 17:15:02.557 [info] [perf] Render performance baseline is 34ms
2025-06-04 17:53:11.818 [error] An unknown error occurred. Please consult the log for more details.
2025-06-04 17:53:24.263 [error] An unknown error occurred. Please consult the log for more details.
2025-06-04 17:53:31.065 [error] An unknown error occurred. Please consult the log for more details.
2025-06-04 17:53:49.456 [error] An unknown error occurred. Please consult the log for more details.
2025-06-04 17:53:55.581 [error] An unknown error occurred. Please consult the log for more details.
2025-06-04 17:55:21.566 [error] An unknown error occurred. Please consult the log for more details.
2025-06-04 17:55:38.250 [error] An unknown error occurred. Please consult the log for more details.
2025-06-04 17:55:42.646 [error] An unknown error occurred. Please consult the log for more details.
2025-06-04 17:55:54.897 [error] An unknown error occurred. Please consult the log for more details.
2025-06-04 17:56:01.092 [error] An unknown error occurred. Please consult the log for more details.
2025-06-04 18:11:11.851 [error] An unknown error occurred. Please consult the log for more details.
2025-06-04 18:11:25.564 [error] An unknown error occurred. Please consult the log for more details.
