2025-06-27 00:28:56.828 [info] [main] Log level: Info
2025-06-27 00:28:56.828 [info] [main] Validating found git in: "git"
2025-06-27 00:28:56.828 [info] [main] Using git "2.43.0" from "git"
2025-06-27 00:28:56.828 [info] [Model][doInitialScan] Initial repository scan started
2025-06-27 00:28:56.828 [info] > git rev-parse --show-toplevel [6ms]
2025-06-27 00:28:56.828 [info] > git rev-parse --git-dir --git-common-dir [10ms]
2025-06-27 00:28:56.828 [info] [Model][openRepository] Opened repository (path): /home/sammy/Desktop/temp/library-java
2025-06-27 00:28:56.828 [info] [Model][openRepository] Opened repository (real path): /home/sammy/Desktop/temp/library-java
2025-06-27 00:28:56.828 [info] [Model][doInitialScan] Initial repository scan completed - repositories (1), closed repositories (0), parent repositories (0), unsafe repositories (0)
2025-06-27 00:28:56.828 [info] > git config --get commit.template [71ms]
2025-06-27 00:28:56.900 [info] > git for-each-ref --format=%(refname)%00%(upstream:short)%00%(objectname)%00%(upstream:track)%00%(upstream:remotename)%00%(upstream:remoteref) refs/heads/main refs/remotes/main [20ms]
2025-06-27 00:28:57.252 [info] > git status -z -uall [94ms]
2025-06-27 00:28:57.422 [info] > git for-each-ref --sort -committerdate --format %(refname)%00%(objectname)%00%(*objectname) [251ms]
2025-06-27 00:28:57.600 [info] > git check-ignore -v -z --stdin [147ms]
2025-06-27 00:28:57.601 [info] > git for-each-ref --format=%(refname)%00%(upstream:short)%00%(objectname)%00%(upstream:track)%00%(upstream:remotename)%00%(upstream:remoteref) refs/heads/main refs/remotes/main [159ms]
2025-06-27 00:28:57.718 [info] > git show --textconv :Library.java [94ms]
2025-06-27 00:28:57.718 [info] > git ls-files --stage -- Library.java [82ms]
2025-06-27 00:28:57.732 [info] > git config --get --local branch.main.vscode-merge-base [122ms]
2025-06-27 00:28:57.742 [info] > git config --get commit.template [142ms]
2025-06-27 00:28:57.764 [info] > git for-each-ref --format=%(refname)%00%(upstream:short)%00%(objectname)%00%(upstream:track)%00%(upstream:remotename)%00%(upstream:remoteref) refs/heads/origin/main refs/remotes/origin/main [23ms]
2025-06-27 00:28:57.784 [info] > git cat-file -s 11ce629e4b374d683b9d6f4cd89edbcf4d2d082b [54ms]
2025-06-27 00:28:57.827 [info] > git merge-base refs/heads/main refs/remotes/origin/main [45ms]
2025-06-27 00:28:57.842 [info] > git for-each-ref --format=%(refname)%00%(upstream:short)%00%(objectname)%00%(upstream:track)%00%(upstream:remotename)%00%(upstream:remoteref) refs/heads/main refs/remotes/main [16ms]
2025-06-27 00:28:57.845 [info] > git diff --name-status -z --diff-filter=ADMR 8c26b088a626acf866a27fd582e149957d59a691...refs/remotes/origin/main [6ms]
2025-06-27 00:28:57.870 [info] > git status -z -uall [13ms]
2025-06-27 00:28:57.871 [info] > git for-each-ref --sort -committerdate --format %(refname)%00%(objectname)%00%(*objectname) [2ms]
2025-06-27 00:28:57.935 [info] > git blame --root --incremental 8c26b088a626acf866a27fd582e149957d59a691 -- Library.java [39ms]
2025-06-27 00:29:21.251 [info] > git config --get commit.template [1ms]
2025-06-27 00:29:21.261 [info] > git for-each-ref --format=%(refname)%00%(upstream:short)%00%(objectname)%00%(upstream:track)%00%(upstream:remotename)%00%(upstream:remoteref) refs/heads/main refs/remotes/main [2ms]
2025-06-27 00:29:21.279 [info] > git status -z -uall [10ms]
2025-06-27 00:29:21.280 [info] > git for-each-ref --sort -committerdate --format %(refname)%00%(objectname)%00%(*objectname) [1ms]
2025-06-27 00:29:23.969 [info] [main] Log level: Info
2025-06-27 00:29:23.969 [info] [main] Validating found git in: "git"
2025-06-27 00:29:23.969 [info] [main] Using git "2.43.0" from "git"
2025-06-27 00:29:23.969 [info] [Model][doInitialScan] Initial repository scan started
2025-06-27 00:29:23.969 [info] > git rev-parse --show-toplevel [29ms]
2025-06-27 00:29:23.997 [info] > git rev-parse --git-dir --git-common-dir [49ms]
2025-06-27 00:29:24.007 [info] [Model][openRepository] Opened repository (path): /home/sammy/Desktop/temp/hello-world
2025-06-27 00:29:24.007 [info] [Model][openRepository] Opened repository (real path): /home/sammy/Desktop/temp/hello-world
2025-06-27 00:29:24.119 [info] > git rev-parse --show-toplevel [64ms]
2025-06-27 00:29:24.119 [info] > git config --get commit.template [71ms]
2025-06-27 00:29:24.138 [info] > git for-each-ref --format=%(refname)%00%(upstream:short)%00%(objectname)%00%(upstream:track)%00%(upstream:remotename)%00%(upstream:remoteref) refs/heads/b1 refs/remotes/b1 [3ms]
2025-06-27 00:29:24.174 [info] > git status -z -uall [25ms]
2025-06-27 00:29:24.183 [info] > git for-each-ref --sort -committerdate --format %(refname)%00%(objectname)%00%(*objectname) [20ms]
2025-06-27 00:29:24.220 [info] > git for-each-ref --format=%(refname)%00%(upstream:short)%00%(objectname)%00%(upstream:track)%00%(upstream:remotename)%00%(upstream:remoteref) refs/heads/b1 refs/remotes/b1 [15ms]
2025-06-27 00:29:24.231 [info] > git rev-parse --show-toplevel [59ms]
2025-06-27 00:29:24.245 [info] > git config --get --local branch.b1.vscode-merge-base [14ms]
2025-06-27 00:29:24.254 [info] > git config --get commit.template [38ms]
2025-06-27 00:29:24.257 [info] > git for-each-ref --format=%(refname)%00%(upstream:short)%00%(objectname)%00%(upstream:track)%00%(upstream:remotename)%00%(upstream:remoteref) refs/heads/origin/main refs/remotes/origin/main [3ms]
2025-06-27 00:29:24.258 [info] > git rev-parse --show-toplevel [14ms]
2025-06-27 00:29:24.280 [info] > git rev-parse --show-toplevel [3ms]
2025-06-27 00:29:24.280 [info] > git for-each-ref --format=%(refname)%00%(upstream:short)%00%(objectname)%00%(upstream:track)%00%(upstream:remotename)%00%(upstream:remoteref) refs/heads/b1 refs/remotes/b1 [12ms]
2025-06-27 00:29:24.304 [info] > git status -z -uall [18ms]
2025-06-27 00:29:24.305 [info] > git for-each-ref --sort -committerdate --format %(refname)%00%(objectname)%00%(*objectname) [10ms]
2025-06-27 00:29:24.317 [info] > git rev-parse --show-toplevel [14ms]
2025-06-27 00:29:24.334 [info] > git rev-parse --show-toplevel [2ms]
2025-06-27 00:29:24.377 [info] > git rev-parse --show-toplevel [28ms]
2025-06-27 00:29:24.433 [info] > git rev-parse --show-toplevel [12ms]
2025-06-27 00:29:24.444 [info] > git rev-parse --show-toplevel [2ms]
2025-06-27 00:29:24.447 [info] [Model][doInitialScan] Initial repository scan completed - repositories (1), closed repositories (0), parent repositories (0), unsafe repositories (0)
2025-06-27 00:29:24.492 [info] > git show --textconv :Heaps/kthLargest.cpp [11ms]
2025-06-27 00:29:24.525 [info] > git ls-files --stage -- Heaps/kthLargest.cpp [33ms]
2025-06-27 00:29:24.541 [info] > git cat-file -s cedec3c9d0d18b99dc5ef9eedf402b562a772420 [5ms]
2025-06-27 00:29:24.596 [info] > git check-ignore -v -z --stdin [3ms]
2025-06-27 00:30:01.616 [info] > git config --get commit.template [7ms]
2025-06-27 00:30:01.616 [info] > git for-each-ref --format=%(refname)%00%(upstream:short)%00%(objectname)%00%(upstream:track)%00%(upstream:remotename)%00%(upstream:remoteref) refs/heads/main refs/remotes/main [0ms]
2025-06-27 00:30:01.632 [info] > git status -z -uall [8ms]
2025-06-27 00:30:01.633 [info] > git for-each-ref --sort -committerdate --format %(refname)%00%(objectname)%00%(*objectname) [1ms]
2025-06-27 00:30:01.645 [info] > git for-each-ref --format=%(refname)%00%(upstream:short)%00%(objectname)%00%(upstream:track)%00%(upstream:remotename)%00%(upstream:remoteref) refs/heads/main refs/remotes/main [1ms]
2025-06-27 00:30:01.652 [info] > git config --get --local branch.main.vscode-merge-base [1ms]
2025-06-27 00:30:01.661 [info] > git for-each-ref --format=%(refname)%00%(upstream:short)%00%(objectname)%00%(upstream:track)%00%(upstream:remotename)%00%(upstream:remoteref) refs/heads/origin/main refs/remotes/origin/main [1ms]
2025-06-27 00:30:01.670 [info] > git merge-base refs/heads/main refs/remotes/origin/main [3ms]
2025-06-27 00:30:01.677 [info] > git diff --name-status -z --diff-filter=ADMR d78e26582a00782a192f4a55a8fe5d1aebb3d81e...refs/remotes/origin/main [1ms]
2025-06-27 00:30:02.710 [info] > git for-each-ref --format=%(refname)%00%(upstream:short)%00%(objectname)%00%(upstream:track)%00%(upstream:remotename)%00%(upstream:remoteref) refs/heads/main refs/remotes/main [12ms]
2025-06-27 00:30:02.710 [info] > git config --get commit.template [25ms]
2025-06-27 00:30:02.710 [info] > git check-ignore -v -z --stdin [1ms]
2025-06-27 00:30:02.727 [info] > git status -z -uall [10ms]
2025-06-27 00:30:02.727 [info] > git for-each-ref --sort -committerdate --format %(refname)%00%(objectname)%00%(*objectname) [1ms]
2025-06-27 00:30:02.788 [info] > git ls-files --stage -- Heaps/kthLargest.cpp [2ms]
2025-06-27 00:30:02.800 [info] > git cat-file -s cedec3c9d0d18b99dc5ef9eedf402b562a772420 [1ms]
2025-06-27 00:30:02.817 [info] > git show --textconv :Heaps/kthLargest.cpp [3ms]
2025-06-27 00:30:09.809 [info] > git for-each-ref --format=%(refname)%00%(upstream:short)%00%(objectname)%00%(upstream:track)%00%(upstream:remotename)%00%(upstream:remoteref) refs/heads/main refs/remotes/main [3ms]
2025-06-27 00:30:09.829 [info] > git status -z -uall [9ms]
2025-06-27 00:30:09.830 [info] > git for-each-ref --sort -committerdate --format %(refname)%00%(objectname)%00%(*objectname) [1ms]
2025-06-27 00:30:09.907 [info] > git ls-files --stage -- Heaps/kthLargest.cpp [2ms]
2025-06-27 00:30:09.921 [info] > git cat-file -s cedec3c9d0d18b99dc5ef9eedf402b562a772420 [2ms]
2025-06-27 00:30:09.936 [info] > git show --textconv :Heaps/kthLargest.cpp [4ms]
2025-06-27 00:30:11.150 [info] > git config --get commit.template [9ms]
2025-06-27 00:30:11.151 [info] > git for-each-ref --format=%(refname)%00%(upstream:short)%00%(objectname)%00%(upstream:track)%00%(upstream:remotename)%00%(upstream:remoteref) refs/heads/main refs/remotes/main [2ms]
2025-06-27 00:30:11.167 [info] > git status -z -uall [7ms]
2025-06-27 00:30:11.168 [info] > git for-each-ref --sort -committerdate --format %(refname)%00%(objectname)%00%(*objectname) [2ms]
2025-06-27 00:30:11.181 [info] > git merge-base refs/heads/main refs/remotes/origin/main [2ms]
2025-06-27 00:30:11.191 [info] > git diff --name-status -z --diff-filter=ADMR d78e26582a00782a192f4a55a8fe5d1aebb3d81e...refs/remotes/origin/main [1ms]
2025-06-27 00:30:12.296 [info] > git ls-files --stage -- Heaps/kthLargest.cpp [1ms]
2025-06-27 00:30:12.305 [info] > git cat-file -s cedec3c9d0d18b99dc5ef9eedf402b562a772420 [2ms]
2025-06-27 00:30:12.317 [info] > git show --textconv :Heaps/kthLargest.cpp [2ms]
2025-06-27 00:30:14.855 [info] > git config --get commit.template [12ms]
2025-06-27 00:30:14.856 [info] > git for-each-ref --format=%(refname)%00%(upstream:short)%00%(objectname)%00%(upstream:track)%00%(upstream:remotename)%00%(upstream:remoteref) refs/heads/main refs/remotes/main [2ms]
2025-06-27 00:30:14.874 [info] > git status -z -uall [8ms]
2025-06-27 00:30:14.875 [info] > git for-each-ref --sort -committerdate --format %(refname)%00%(objectname)%00%(*objectname) [2ms]
2025-06-27 00:30:36.432 [info] > git config --get commit.template [12ms]
2025-06-27 00:30:36.433 [info] > git for-each-ref --format=%(refname)%00%(upstream:short)%00%(objectname)%00%(upstream:track)%00%(upstream:remotename)%00%(upstream:remoteref) refs/heads/main refs/remotes/main [1ms]
2025-06-27 00:30:36.450 [info] > git status -z -uall [9ms]
2025-06-27 00:30:36.451 [info] > git for-each-ref --sort -committerdate --format %(refname)%00%(objectname)%00%(*objectname) [2ms]
2025-06-27 00:30:36.461 [info] > git merge-base refs/heads/main refs/remotes/origin/main [1ms]
2025-06-27 00:30:36.468 [info] > git diff --name-status -z --diff-filter=ADMR ffbaee20f2b1f07e8e327994ca862943a2af4233...refs/remotes/origin/main [1ms]
2025-06-27 00:30:36.527 [info] > git ls-files --stage -- Heaps/kthLargest.cpp [2ms]
2025-06-27 00:30:36.540 [info] > git cat-file -s cedec3c9d0d18b99dc5ef9eedf402b562a772420 [2ms]
2025-06-27 00:30:36.554 [info] > git show --textconv :Heaps/kthLargest.cpp [2ms]
2025-06-27 00:31:16.944 [info] > git config --get commit.template [8ms]
2025-06-27 00:31:16.944 [info] > git for-each-ref --format=%(refname)%00%(upstream:short)%00%(objectname)%00%(upstream:track)%00%(upstream:remotename)%00%(upstream:remoteref) refs/heads/b1 refs/remotes/b1 [1ms]
2025-06-27 00:31:16.959 [info] > git status -z -uall [8ms]
2025-06-27 00:31:16.959 [info] > git for-each-ref --sort -committerdate --format %(refname)%00%(objectname)%00%(*objectname) [1ms]
2025-06-27 00:31:16.971 [info] > git for-each-ref --format=%(refname)%00%(upstream:short)%00%(objectname)%00%(upstream:track)%00%(upstream:remotename)%00%(upstream:remoteref) refs/heads/b1 refs/remotes/b1 [1ms]
2025-06-27 00:31:16.977 [info] > git config --get --local branch.b1.vscode-merge-base [1ms]
2025-06-27 00:31:16.986 [info] > git for-each-ref --format=%(refname)%00%(upstream:short)%00%(objectname)%00%(upstream:track)%00%(upstream:remotename)%00%(upstream:remoteref) refs/heads/origin/main refs/remotes/origin/main [1ms]
2025-06-27 00:31:18.010 [info] > git config --get commit.template [2ms]
2025-06-27 00:31:18.023 [info] > git for-each-ref --format=%(refname)%00%(upstream:short)%00%(objectname)%00%(upstream:track)%00%(upstream:remotename)%00%(upstream:remoteref) refs/heads/b1 refs/remotes/b1 [2ms]
2025-06-27 00:31:18.041 [info] > git status -z -uall [8ms]
2025-06-27 00:31:18.042 [info] > git for-each-ref --sort -committerdate --format %(refname)%00%(objectname)%00%(*objectname) [1ms]
2025-06-27 00:31:18.112 [info] > git ls-files --stage -- Heaps/kthLargest.cpp [2ms]
2025-06-27 00:31:18.125 [info] > git cat-file -s cedec3c9d0d18b99dc5ef9eedf402b562a772420 [2ms]
2025-06-27 00:31:18.140 [info] > git show --textconv :Heaps/kthLargest.cpp [3ms]
2025-06-27 00:31:59.576 [info] [main] Log level: Info
2025-06-27 00:31:59.576 [info] [main] Validating found git in: "git"
2025-06-27 00:31:59.576 [info] [main] Using git "2.43.0" from "git"
2025-06-27 00:31:59.576 [info] [Model][doInitialScan] Initial repository scan started
2025-06-27 00:31:59.576 [info] > git rev-parse --show-toplevel [8ms]
2025-06-27 00:31:59.601 [info] > git rev-parse --git-dir --git-common-dir [5ms]
2025-06-27 00:31:59.617 [info] [Model][openRepository] Opened repository (path): /home/sammy/Desktop/temp/library-java
2025-06-27 00:31:59.617 [info] [Model][openRepository] Opened repository (real path): /home/sammy/Desktop/temp/library-java
2025-06-27 00:31:59.622 [info] [Model][doInitialScan] Initial repository scan completed - repositories (1), closed repositories (0), parent repositories (0), unsafe repositories (0)
2025-06-27 00:31:59.730 [info] > git config --get commit.template [90ms]
2025-06-27 00:31:59.840 [info] > git for-each-ref --format=%(refname)%00%(upstream:short)%00%(objectname)%00%(upstream:track)%00%(upstream:remotename)%00%(upstream:remoteref) refs/heads/main refs/remotes/main [42ms]
2025-06-27 00:32:00.002 [info] > git status -z -uall [92ms]
2025-06-27 00:32:00.092 [info] > git for-each-ref --sort -committerdate --format %(refname)%00%(objectname)%00%(*objectname) [170ms]
2025-06-27 00:32:00.286 [info] > git for-each-ref --format=%(refname)%00%(upstream:short)%00%(objectname)%00%(upstream:track)%00%(upstream:remotename)%00%(upstream:remoteref) refs/heads/main refs/remotes/main [176ms]
2025-06-27 00:32:00.463 [info] > git check-ignore -v -z --stdin [157ms]
2025-06-27 00:32:00.464 [info] > git config --get --local branch.main.vscode-merge-base [169ms]
2025-06-27 00:32:00.477 [info] > git config --get commit.template [192ms]
2025-06-27 00:32:00.576 [info] > git for-each-ref --format=%(refname)%00%(upstream:short)%00%(objectname)%00%(upstream:track)%00%(upstream:remotename)%00%(upstream:remoteref) refs/heads/origin/main refs/remotes/origin/main [98ms]
2025-06-27 00:32:00.690 [info] > git show --textconv :Library.java [77ms]
2025-06-27 00:32:00.690 [info] > git ls-files --stage -- Library.java [61ms]
2025-06-27 00:32:00.708 [info] > git merge-base refs/heads/main refs/remotes/origin/main [116ms]
2025-06-27 00:32:00.744 [info] > git diff --name-status -z --diff-filter=ADMR 8c26b088a626acf866a27fd582e149957d59a691...refs/remotes/origin/main [19ms]
2025-06-27 00:32:00.745 [info] > git cat-file -s 11ce629e4b374d683b9d6f4cd89edbcf4d2d082b [38ms]
2025-06-27 00:32:00.746 [info] > git for-each-ref --format=%(refname)%00%(upstream:short)%00%(objectname)%00%(upstream:track)%00%(upstream:remotename)%00%(upstream:remoteref) refs/heads/main refs/remotes/main [77ms]
2025-06-27 00:32:00.828 [info] > git status -z -uall [36ms]
2025-06-27 00:32:00.829 [info] > git for-each-ref --sort -committerdate --format %(refname)%00%(objectname)%00%(*objectname) [3ms]
2025-06-27 00:32:00.866 [info] > git blame --root --incremental 8c26b088a626acf866a27fd582e149957d59a691 -- Library.java [7ms]
2025-06-27 00:32:08.018 [info] > git config --get commit.template [1ms]
2025-06-27 00:32:08.048 [info] > git for-each-ref --format=%(refname)%00%(upstream:short)%00%(objectname)%00%(upstream:track)%00%(upstream:remotename)%00%(upstream:remoteref) refs/heads/b1 refs/remotes/b1 [4ms]
2025-06-27 00:32:08.115 [info] > git status -z -uall [30ms]
2025-06-27 00:32:08.115 [info] > git for-each-ref --sort -committerdate --format %(refname)%00%(objectname)%00%(*objectname) [6ms]
2025-06-27 00:32:08.145 [info] > git for-each-ref --format=%(refname)%00%(upstream:short)%00%(objectname)%00%(upstream:track)%00%(upstream:remotename)%00%(upstream:remoteref) refs/heads/b1 refs/remotes/b1 [4ms]
2025-06-27 00:32:08.168 [info] > git config --get --local branch.b1.vscode-merge-base [3ms]
2025-06-27 00:32:08.168 [warning] [Git][config] git config failed: Failed to execute git
2025-06-27 00:32:08.187 [info] > git reflog b1 --grep-reflog=branch: Created from *. [4ms]
2025-06-27 00:32:08.210 [info] > git reflog HEAD --grep-reflog=checkout: moving from .* to b1 [5ms]
2025-06-27 00:32:08.230 [info] > git for-each-ref --format=%(refname)%00%(upstream:short)%00%(objectname)%00%(upstream:track)%00%(upstream:remotename)%00%(upstream:remoteref) refs/heads/main refs/remotes/main [2ms]
2025-06-27 00:32:08.251 [info] > git for-each-ref --format=%(refname)%00%(upstream:short)%00%(objectname)%00%(upstream:track)%00%(upstream:remotename)%00%(upstream:remoteref) refs/remotes/origin/main [3ms]
2025-06-27 00:32:08.274 [info] > git config --add --local branch.b1.vscode-merge-base origin/main [1ms]
2025-06-27 00:32:08.296 [info] > git config --get commit.template [1ms]
2025-06-27 00:32:08.316 [info] > git for-each-ref --format=%(refname)%00%(upstream:short)%00%(objectname)%00%(upstream:track)%00%(upstream:remotename)%00%(upstream:remoteref) refs/heads/b1 refs/remotes/b1 [2ms]
2025-06-27 00:32:08.352 [info] > git status -z -uall [19ms]
2025-06-27 00:32:08.352 [info] > git for-each-ref --sort -committerdate --format %(refname)%00%(objectname)%00%(*objectname) [1ms]
2025-06-27 00:32:08.383 [info] > git for-each-ref --format=%(refname)%00%(upstream:short)%00%(objectname)%00%(upstream:track)%00%(upstream:remotename)%00%(upstream:remoteref) refs/heads/b1 refs/remotes/b1 [3ms]
2025-06-27 00:32:08.405 [info] > git config --get --local branch.b1.vscode-merge-base [3ms]
2025-06-27 00:32:08.427 [info] > git for-each-ref --format=%(refname)%00%(upstream:short)%00%(objectname)%00%(upstream:track)%00%(upstream:remotename)%00%(upstream:remoteref) refs/heads/origin/main refs/remotes/origin/main [3ms]
2025-06-27 00:32:09.503 [info] > git config --get commit.template [9ms]
2025-06-27 00:32:09.543 [info] > git for-each-ref --format=%(refname)%00%(upstream:short)%00%(objectname)%00%(upstream:track)%00%(upstream:remotename)%00%(upstream:remoteref) refs/heads/b1 refs/remotes/b1 [5ms]
2025-06-27 00:32:09.662 [info] > git status -z -uall [76ms]
2025-06-27 00:32:09.662 [info] > git for-each-ref --sort -committerdate --format %(refname)%00%(objectname)%00%(*objectname) [42ms]
2025-06-27 00:32:09.672 [info] > git ls-files --stage -- Library.java [11ms]
2025-06-27 00:32:09.700 [info] > git cat-file -s 11ce629e4b374d683b9d6f4cd89edbcf4d2d082b [4ms]
2025-06-27 00:32:09.726 [info] > git show --textconv :Library.java [2ms]
2025-06-27 00:32:19.771 [info] > git config --get commit.template [9ms]
2025-06-27 00:32:19.772 [info] > git for-each-ref --format=%(refname)%00%(upstream:short)%00%(objectname)%00%(upstream:track)%00%(upstream:remotename)%00%(upstream:remoteref) refs/heads/b1 refs/remotes/b1 [2ms]
2025-06-27 00:32:19.788 [info] > git status -z -uall [7ms]
2025-06-27 00:32:19.788 [info] > git for-each-ref --sort -committerdate --format %(refname)%00%(objectname)%00%(*objectname) [1ms]
2025-06-27 00:33:23.146 [info] > git config --get commit.template [10ms]
2025-06-27 00:33:23.147 [info] > git for-each-ref --format=%(refname)%00%(upstream:short)%00%(objectname)%00%(upstream:track)%00%(upstream:remotename)%00%(upstream:remoteref) refs/heads/main refs/remotes/main [2ms]
2025-06-27 00:33:23.163 [info] > git status -z -uall [9ms]
2025-06-27 00:33:23.164 [info] > git for-each-ref --sort -committerdate --format %(refname)%00%(objectname)%00%(*objectname) [1ms]
2025-06-27 00:33:23.176 [info] > git for-each-ref --format=%(refname)%00%(upstream:short)%00%(objectname)%00%(upstream:track)%00%(upstream:remotename)%00%(upstream:remoteref) refs/heads/main refs/remotes/main [2ms]
2025-06-27 00:33:23.183 [info] > git config --get --local branch.main.vscode-merge-base [1ms]
2025-06-27 00:33:23.192 [info] > git for-each-ref --format=%(refname)%00%(upstream:short)%00%(objectname)%00%(upstream:track)%00%(upstream:remotename)%00%(upstream:remoteref) refs/heads/origin/main refs/remotes/origin/main [0ms]
2025-06-27 00:33:23.200 [info] > git merge-base refs/heads/main refs/remotes/origin/main [1ms]
2025-06-27 00:33:23.211 [info] > git diff --name-status -z --diff-filter=ADMR 8c26b088a626acf866a27fd582e149957d59a691...refs/remotes/origin/main [1ms]
2025-06-27 00:33:24.223 [info] > git config --get commit.template [13ms]
2025-06-27 00:33:24.224 [info] > git for-each-ref --format=%(refname)%00%(upstream:short)%00%(objectname)%00%(upstream:track)%00%(upstream:remotename)%00%(upstream:remoteref) refs/heads/main refs/remotes/main [2ms]
2025-06-27 00:33:24.244 [info] > git status -z -uall [9ms]
2025-06-27 00:33:24.245 [info] > git for-each-ref --sort -committerdate --format %(refname)%00%(objectname)%00%(*objectname) [2ms]
2025-06-27 00:33:24.318 [info] > git ls-files --stage -- Library.java [2ms]
2025-06-27 00:33:24.332 [info] > git cat-file -s 11ce629e4b374d683b9d6f4cd89edbcf4d2d082b [3ms]
2025-06-27 00:33:24.348 [info] > git show --textconv :Library.java [2ms]
2025-06-27 00:33:26.176 [info] > git config --get commit.template [10ms]
2025-06-27 00:33:26.177 [info] > git for-each-ref --format=%(refname)%00%(upstream:short)%00%(objectname)%00%(upstream:track)%00%(upstream:remotename)%00%(upstream:remoteref) refs/heads/main refs/remotes/main [1ms]
2025-06-27 00:33:26.192 [info] > git status -z -uall [9ms]
2025-06-27 00:33:26.193 [info] > git for-each-ref --sort -committerdate --format %(refname)%00%(objectname)%00%(*objectname) [1ms]
2025-06-27 00:33:27.340 [info] > git ls-files --stage -- Library.java [1ms]
2025-06-27 00:33:27.350 [info] > git cat-file -s 11ce629e4b374d683b9d6f4cd89edbcf4d2d082b [2ms]
2025-06-27 00:33:27.364 [info] > git show --textconv :Library.java [2ms]
2025-06-27 00:33:29.271 [info] > git config --get commit.template [12ms]
2025-06-27 00:33:29.271 [info] > git for-each-ref --format=%(refname)%00%(upstream:short)%00%(objectname)%00%(upstream:track)%00%(upstream:remotename)%00%(upstream:remoteref) refs/heads/main refs/remotes/main [1ms]
2025-06-27 00:33:29.288 [info] > git status -z -uall [9ms]
2025-06-27 00:33:29.289 [info] > git for-each-ref --sort -committerdate --format %(refname)%00%(objectname)%00%(*objectname) [1ms]
2025-06-27 00:33:44.977 [info] > git config --get commit.template [10ms]
2025-06-27 00:33:44.978 [info] > git for-each-ref --format=%(refname)%00%(upstream:short)%00%(objectname)%00%(upstream:track)%00%(upstream:remotename)%00%(upstream:remoteref) refs/heads/main refs/remotes/main [1ms]
2025-06-27 00:33:44.995 [info] > git status -z -uall [10ms]
2025-06-27 00:33:44.995 [info] > git for-each-ref --sort -committerdate --format %(refname)%00%(objectname)%00%(*objectname) [1ms]
