2025-06-04 20:13:56.529 [info] Extension host with pid 63676 started
2025-06-04 20:13:56.529 [info] Skipping acquiring lock for /home/sammy/.config/Code/User/workspaceStorage/f0977eb9793bdba8cbd14f99ae931749.
2025-06-04 20:13:56.743 [info] ExtensionService#_doActivateExtension vscode.github-authentication, startup: false, activationEvent: 'onAuthenticationRequest:github'
2025-06-04 20:13:56.767 [info] ExtensionService#_doActivateExtension vscode.emmet, startup: false, activationEvent: 'onLanguage'
2025-06-04 20:13:56.790 [info] ExtensionService#_doActivateExtension Oracle.oracle-java, startup: false, activationEvent: 'onLanguage:java'
2025-06-04 20:13:56.861 [info] ExtensionService#_doActivateExtension redhat.java, startup: false, activationEvent: 'onLanguage:java'
2025-06-04 20:13:56.999 [info] ExtensionService#_doActivateExtension VisualStudioExptTeam.vscodeintellicode, startup: false, activationEvent: 'onLanguage:java'
2025-06-04 20:13:57.046 [info] ExtensionService#_doActivateExtension vscjava.vscode-java-debug, startup: false, activationEvent: 'onLanguage:java'
2025-06-04 20:13:57.108 [info] ExtensionService#_doActivateExtension vscjava.vscode-java-dependency, startup: false, activationEvent: 'onLanguage:java'
2025-06-04 20:13:57.183 [info] ExtensionService#_doActivateExtension vscjava.vscode-java-pack, startup: false, activationEvent: 'onLanguage:java'
2025-06-04 20:13:57.695 [info] ExtensionService#_doActivateExtension vscode.git-base, startup: true, activationEvent: '*', root cause: vscode.git
2025-06-04 20:13:57.700 [info] ExtensionService#_doActivateExtension vscode.configuration-editing, startup: false, activationEvent: 'onLanguage:jsonc'
2025-06-04 20:13:57.712 [info] ExtensionService#_doActivateExtension vscode.json-language-features, startup: false, activationEvent: 'onLanguage:jsonc'
2025-06-04 20:13:57.766 [info] ExtensionService#_doActivateExtension vscode.typescript-language-features, startup: false, activationEvent: 'onLanguage:jsonc'
2025-06-04 20:13:57.977 [info] ExtensionService#_doActivateExtension vscode.git, startup: true, activationEvent: '*'
2025-06-04 20:13:58.041 [info] ExtensionService#_doActivateExtension vscode.github, startup: true, activationEvent: '*'
2025-06-04 20:13:58.188 [info] Eager extensions activated
2025-06-04 20:13:58.241 [info] ExtensionService#_doActivateExtension vscode.debug-auto-launch, startup: false, activationEvent: 'onStartupFinished'
2025-06-04 20:13:58.244 [info] ExtensionService#_doActivateExtension vscode.merge-conflict, startup: false, activationEvent: 'onStartupFinished'
2025-06-04 20:13:58.672 [warning] [redhat.java] Accessing a resource scoped configuration without providing a resource is not expected. To get the effective value for '[java]', provide the URI of a resource or 'null' for any resource.
2025-06-04 20:13:58.893 [info] ExtensionService#_doActivateExtension vscjava.vscode-java-test, startup: false, activationEvent: 'onLanguage:java'
2025-06-04 20:13:59.185 [warning] [redhat.java] Accessing a resource scoped configuration without providing a resource is not expected. To get the effective value for '[java]', provide the URI of a resource or 'null' for any resource.
2025-06-04 20:14:04.927 [info] Extension host terminating: renderer closed the MessagePort
2025-06-04 20:14:05.166 [error] Error: Client is not running and can't be stopped. It's current state is: starting
	at c.shutdown (/home/sammy/.vscode/extensions/redhat.java-1.42.0-linux-x64/dist/extension.js:2:1126576)
	at c.stop (/home/sammy/.vscode/extensions/redhat.java-1.42.0-linux-x64/dist/extension.js:2:1126157)
	at c.stop (/home/sammy/.vscode/extensions/redhat.java-1.42.0-linux-x64/dist/extension.js:2:1292096)
	at c.stop (/home/sammy/.vscode/extensions/redhat.java-1.42.0-linux-x64/dist/extension.js:2:842553)
	at t.StandardLanguageClient.stop (/home/sammy/.vscode/extensions/redhat.java-1.42.0-linux-x64/dist/extension.js:2:1022983)
	at t.deactivate (/home/sammy/.vscode/extensions/redhat.java-1.42.0-linux-x64/dist/extension.js:2:894140)
	at PJ.eb (file:///usr/share/code/resources/app/out/vs/workbench/api/node/extensionHostProcess.js:123:11724)
	at file:///usr/share/code/resources/app/out/vs/workbench/api/node/extensionHostProcess.js:123:9874
	at Array.map (<anonymous>)
	at PJ.$ (file:///usr/share/code/resources/app/out/vs/workbench/api/node/extensionHostProcess.js:123:9862)
	at PJ.terminate (file:///usr/share/code/resources/app/out/vs/workbench/api/node/extensionHostProcess.js:123:10105)
	at v2.terminate (file:///usr/share/code/resources/app/out/vs/workbench/api/node/extensionHostProcess.js:124:1434)
	at us (file:///usr/share/code/resources/app/out/vs/workbench/api/node/extensionHostProcess.js:225:5702)
	at MessagePortMain.<anonymous> (file:///usr/share/code/resources/app/out/vs/workbench/api/node/extensionHostProcess.js:225:2249)
	at MessagePortMain.emit (node:events:524:28)
	at MessagePortMain._internalPort.emit (node:electron/js2c/utility_init:2:2949)
2025-06-04 20:14:05.276 [error] Error: Channel has been closed
	at s (file:///usr/share/code/resources/app/out/vs/workbench/api/node/extensionHostProcess.js:125:2431)
	at Object.appendLine (file:///usr/share/code/resources/app/out/vs/workbench/api/node/extensionHostProcess.js:125:2570)
	at R.logOutputMessage (/usr/share/code/resources/app/extensions/json-language-features/client/dist/node/jsonClientMain.js:2:290791)
	at R.info (/usr/share/code/resources/app/extensions/json-language-features/client/dist/node/jsonClientMain.js:2:290524)
	at ChildProcess.<anonymous> (/usr/share/code/resources/app/extensions/json-language-features/client/dist/node/jsonClientMain.js:2:514797)
	at ChildProcess.emit (node:events:524:28)
	at ChildProcess._handle.onexit (node:internal/child_process:293:12)
2025-06-04 20:14:05.330 [error] [redhat.java] provider FAILED
2025-06-04 20:14:05.330 [error] Error: The request (id: 1, method: 'textDocument/documentSymbol') has been cancelled
	at /home/sammy/.vscode/extensions/redhat.java-1.42.0-linux-x64/dist/extension.js:2:1069434
	at re (/home/sammy/.vscode/extensions/redhat.java-1.42.0-linux-x64/dist/extension.js:2:1069728)
	at /home/sammy/.vscode/extensions/redhat.java-1.42.0-linux-x64/dist/extension.js:2:1064512
	at Immediate.<anonymous> (/home/sammy/.vscode/extensions/redhat.java-1.42.0-linux-x64/dist/extension.js:2:1064532)
	at process.processImmediate (node:internal/timers:483:21)
2025-06-04 20:14:05.331 [error] [redhat.java] provider FAILED
2025-06-04 20:14:05.331 [error] Error: The request (id: 2, method: 'textDocument/documentSymbol') has been cancelled
	at /home/sammy/.vscode/extensions/redhat.java-1.42.0-linux-x64/dist/extension.js:2:1069434
	at re (/home/sammy/.vscode/extensions/redhat.java-1.42.0-linux-x64/dist/extension.js:2:1069728)
	at /home/sammy/.vscode/extensions/redhat.java-1.42.0-linux-x64/dist/extension.js:2:1064512
	at Immediate.<anonymous> (/home/sammy/.vscode/extensions/redhat.java-1.42.0-linux-x64/dist/extension.js:2:1064532)
	at process.processImmediate (node:internal/timers:483:21)
2025-06-04 20:14:05.385 [error] [redhat.java] provider FAILED
2025-06-04 20:14:05.386 [error] Error: Pending response rejected since connection got disposed
	at Object.dispose (/home/sammy/.vscode/extensions/redhat.java-1.42.0-linux-x64/dist/extension.js:2:1076182)
	at Object.dispose (/home/sammy/.vscode/extensions/redhat.java-1.42.0-linux-x64/dist/extension.js:2:1131254)
	at /home/sammy/.vscode/extensions/redhat.java-1.42.0-linux-x64/dist/extension.js:2:1127029
	at process.processTicksAndRejections (node:internal/process/task_queues:95:5)
	at async Promise.all (index 1)
2025-06-04 20:14:05.386 [error] [redhat.java] provider FAILED
2025-06-04 20:14:05.386 [error] Error: Pending response rejected since connection got disposed
	at Object.dispose (/home/sammy/.vscode/extensions/redhat.java-1.42.0-linux-x64/dist/extension.js:2:1076182)
	at Object.dispose (/home/sammy/.vscode/extensions/redhat.java-1.42.0-linux-x64/dist/extension.js:2:1131254)
	at /home/sammy/.vscode/extensions/redhat.java-1.42.0-linux-x64/dist/extension.js:2:1127029
	at process.processTicksAndRejections (node:internal/process/task_queues:95:5)
	at async Promise.all (index 1)
2025-06-04 20:14:05.822 [error] Error: Pending response rejected since connection got disposed
	at Object.dispose (/home/sammy/.vscode/extensions/oracle.oracle-java-24.0.0/node_modules/vscode-jsonrpc/lib/common/connection.js:1167:27)
	at Object.dispose (/home/sammy/.vscode/extensions/oracle.oracle-java-24.0.0/node_modules/vscode-languageclient/lib/common/client.js:1586:35)
	at NbLanguageClient.handleConnectionClosed (/home/sammy/.vscode/extensions/oracle.oracle-java-24.0.0/node_modules/vscode-languageclient/lib/common/client.js:1155:34)
	at NbLanguageClient.handleConnectionClosed (/home/sammy/.vscode/extensions/oracle.oracle-java-24.0.0/node_modules/vscode-languageclient/lib/node/main.js:180:22)
	at closeHandler (/home/sammy/.vscode/extensions/oracle.oracle-java-24.0.0/node_modules/vscode-languageclient/lib/common/client.js:1142:18)
	at CallbackList.invoke (/home/sammy/.vscode/extensions/oracle.oracle-java-24.0.0/node_modules/vscode-jsonrpc/lib/common/events.js:55:39)
	at Emitter.fire (/home/sammy/.vscode/extensions/oracle.oracle-java-24.0.0/node_modules/vscode-jsonrpc/lib/common/events.js:117:36)
	at closeHandler (/home/sammy/.vscode/extensions/oracle.oracle-java-24.0.0/node_modules/vscode-jsonrpc/lib/common/connection.js:314:26)
	at CallbackList.invoke (/home/sammy/.vscode/extensions/oracle.oracle-java-24.0.0/node_modules/vscode-jsonrpc/lib/common/events.js:55:39)
	at Emitter.fire (/home/sammy/.vscode/extensions/oracle.oracle-java-24.0.0/node_modules/vscode-jsonrpc/lib/common/events.js:117:36)
	at StreamMessageWriter.fireClose (/home/sammy/.vscode/extensions/oracle.oracle-java-24.0.0/node_modules/vscode-jsonrpc/lib/common/messageWriter.js:42:27)
	at Socket.<anonymous> (/home/sammy/.vscode/extensions/oracle.oracle-java-24.0.0/node_modules/vscode-jsonrpc/lib/common/messageWriter.js:74:42)
	at Socket.emit (node:events:536:35)
	at TCP.<anonymous> (node:net:343:12)
2025-06-04 20:14:05.822 [info] Extension host with pid 63676 exiting with code 0
2025-06-04 20:14:08.127 [info] Extension host with pid 64303 started
2025-06-04 20:14:08.127 [info] Skipping acquiring lock for /home/sammy/.config/Code/User/workspaceStorage/dd918b45ff2846cfdfc8919a1dd5fea0.
2025-06-04 20:14:08.503 [info] ExtensionService#_doActivateExtension vscode.github-authentication, startup: false, activationEvent: 'onAuthenticationRequest:github'
2025-06-04 20:14:08.557 [info] ExtensionService#_doActivateExtension vscode.emmet, startup: false, activationEvent: 'onLanguage'
2025-06-04 20:14:08.592 [info] ExtensionService#_doActivateExtension Oracle.oracle-java, startup: false, activationEvent: 'onLanguage:java'
2025-06-04 20:14:08.770 [info] ExtensionService#_doActivateExtension redhat.java, startup: false, activationEvent: 'onLanguage:java'
2025-06-04 20:14:09.037 [info] ExtensionService#_doActivateExtension VisualStudioExptTeam.vscodeintellicode, startup: false, activationEvent: 'onLanguage:java'
2025-06-04 20:14:09.112 [info] ExtensionService#_doActivateExtension vscjava.vscode-java-debug, startup: false, activationEvent: 'onLanguage:java'
2025-06-04 20:14:09.216 [info] ExtensionService#_doActivateExtension vscjava.vscode-java-dependency, startup: false, activationEvent: 'onLanguage:java'
2025-06-04 20:14:09.368 [info] ExtensionService#_doActivateExtension vscjava.vscode-java-pack, startup: false, activationEvent: 'onLanguage:java'
2025-06-04 20:14:09.976 [info] ExtensionService#_doActivateExtension vscode.git-base, startup: true, activationEvent: '*', root cause: vscode.git
2025-06-04 20:14:09.985 [info] ExtensionService#_doActivateExtension vscode.configuration-editing, startup: false, activationEvent: 'onLanguage:jsonc'
2025-06-04 20:14:10.009 [info] ExtensionService#_doActivateExtension vscode.json-language-features, startup: false, activationEvent: 'onLanguage:jsonc'
2025-06-04 20:14:10.165 [info] ExtensionService#_doActivateExtension vscode.typescript-language-features, startup: false, activationEvent: 'onLanguage:jsonc'
2025-06-04 20:14:10.785 [info] ExtensionService#_doActivateExtension vscode.git, startup: true, activationEvent: '*'
2025-06-04 20:14:10.878 [info] ExtensionService#_doActivateExtension vscode.github, startup: true, activationEvent: '*'
2025-06-04 20:14:11.185 [info] Eager extensions activated
2025-06-04 20:14:11.335 [info] ExtensionService#_doActivateExtension vscode.debug-auto-launch, startup: false, activationEvent: 'onStartupFinished'
2025-06-04 20:14:11.347 [info] ExtensionService#_doActivateExtension vscode.merge-conflict, startup: false, activationEvent: 'onStartupFinished'
2025-06-04 20:14:12.373 [warning] [redhat.java] Accessing a resource scoped configuration without providing a resource is not expected. To get the effective value for '[java]', provide the URI of a resource or 'null' for any resource.
2025-06-04 20:14:12.604 [info] ExtensionService#_doActivateExtension vscjava.vscode-java-test, startup: false, activationEvent: 'onLanguage:java'
2025-06-04 20:14:12.916 [warning] [redhat.java] Accessing a resource scoped configuration without providing a resource is not expected. To get the effective value for '[java]', provide the URI of a resource or 'null' for any resource.
2025-06-04 20:14:31.149 [error] [redhat.java] provider FAILED
2025-06-04 20:14:31.155 [error] Error: The request (id: 20, method: 'textDocument/documentSymbol') has been cancelled
	at /home/sammy/.vscode/extensions/redhat.java-1.42.0-linux-x64/dist/extension.js:2:1069434
	at re (/home/sammy/.vscode/extensions/redhat.java-1.42.0-linux-x64/dist/extension.js:2:1069728)
	at /home/sammy/.vscode/extensions/redhat.java-1.42.0-linux-x64/dist/extension.js:2:1064512
	at Immediate.<anonymous> (/home/sammy/.vscode/extensions/redhat.java-1.42.0-linux-x64/dist/extension.js:2:1064532)
	at process.processImmediate (node:internal/timers:483:21)
2025-06-04 20:14:31.158 [error] [redhat.java] provider FAILED
2025-06-04 20:14:31.158 [error] Error: The request (id: 22, method: 'textDocument/documentSymbol') has been cancelled
	at /home/sammy/.vscode/extensions/redhat.java-1.42.0-linux-x64/dist/extension.js:2:1069434
	at re (/home/sammy/.vscode/extensions/redhat.java-1.42.0-linux-x64/dist/extension.js:2:1069728)
	at /home/sammy/.vscode/extensions/redhat.java-1.42.0-linux-x64/dist/extension.js:2:1064512
	at Immediate.<anonymous> (/home/sammy/.vscode/extensions/redhat.java-1.42.0-linux-x64/dist/extension.js:2:1064532)
	at process.processImmediate (node:internal/timers:483:21)
2025-06-04 20:14:31.170 [error] [redhat.java] provider FAILED
2025-06-04 20:14:31.170 [error] Error: The request (id: 32, method: 'textDocument/hover') has been cancelled
	at /home/sammy/.vscode/extensions/redhat.java-1.42.0-linux-x64/dist/extension.js:2:1069434
	at re (/home/sammy/.vscode/extensions/redhat.java-1.42.0-linux-x64/dist/extension.js:2:1069728)
	at /home/sammy/.vscode/extensions/redhat.java-1.42.0-linux-x64/dist/extension.js:2:1064512
	at Immediate.<anonymous> (/home/sammy/.vscode/extensions/redhat.java-1.42.0-linux-x64/dist/extension.js:2:1064532)
	at process.processImmediate (node:internal/timers:483:21)
2025-06-04 20:14:31.172 [error] [redhat.java] provider FAILED
2025-06-04 20:14:31.172 [error] Error: The request (id: 29, method: 'textDocument/documentSymbol') has been cancelled
	at /home/sammy/.vscode/extensions/redhat.java-1.42.0-linux-x64/dist/extension.js:2:1069434
	at re (/home/sammy/.vscode/extensions/redhat.java-1.42.0-linux-x64/dist/extension.js:2:1069728)
	at /home/sammy/.vscode/extensions/redhat.java-1.42.0-linux-x64/dist/extension.js:2:1064512
	at Immediate.<anonymous> (/home/sammy/.vscode/extensions/redhat.java-1.42.0-linux-x64/dist/extension.js:2:1064532)
	at process.processImmediate (node:internal/timers:483:21)
2025-06-04 20:14:31.409 [error] [redhat.java] provider FAILED
2025-06-04 20:14:31.409 [error] Error: The request (id: 40, method: 'textDocument/documentSymbol') has been cancelled
	at /home/sammy/.vscode/extensions/redhat.java-1.42.0-linux-x64/dist/extension.js:2:1069434
	at re (/home/sammy/.vscode/extensions/redhat.java-1.42.0-linux-x64/dist/extension.js:2:1069728)
	at /home/sammy/.vscode/extensions/redhat.java-1.42.0-linux-x64/dist/extension.js:2:1064512
	at Immediate.<anonymous> (/home/sammy/.vscode/extensions/redhat.java-1.42.0-linux-x64/dist/extension.js:2:1064532)
	at process.processImmediate (node:internal/timers:483:21)
2025-06-04 20:14:51.506 [error] [redhat.java] provider FAILED
2025-06-04 20:14:51.506 [error] Error: The request (id: 132, method: 'textDocument/documentSymbol') has been cancelled
	at /home/sammy/.vscode/extensions/redhat.java-1.42.0-linux-x64/dist/extension.js:2:1069434
	at re (/home/sammy/.vscode/extensions/redhat.java-1.42.0-linux-x64/dist/extension.js:2:1069728)
	at /home/sammy/.vscode/extensions/redhat.java-1.42.0-linux-x64/dist/extension.js:2:1064512
	at Immediate.<anonymous> (/home/sammy/.vscode/extensions/redhat.java-1.42.0-linux-x64/dist/extension.js:2:1064532)
	at process.processImmediate (node:internal/timers:483:21)
2025-06-04 20:14:53.517 [error] [redhat.java] provider FAILED
2025-06-04 20:14:53.517 [error] Error: The request (id: 152, method: 'textDocument/documentSymbol') has been cancelled
	at /home/sammy/.vscode/extensions/redhat.java-1.42.0-linux-x64/dist/extension.js:2:1069434
	at re (/home/sammy/.vscode/extensions/redhat.java-1.42.0-linux-x64/dist/extension.js:2:1069728)
	at /home/sammy/.vscode/extensions/redhat.java-1.42.0-linux-x64/dist/extension.js:2:1064512
	at Immediate.<anonymous> (/home/sammy/.vscode/extensions/redhat.java-1.42.0-linux-x64/dist/extension.js:2:1064532)
	at process.processImmediate (node:internal/timers:483:21)
2025-06-04 20:14:54.624 [error] [redhat.java] provider FAILED
2025-06-04 20:14:54.624 [error] Error: The request (id: 172, method: 'textDocument/documentSymbol') has been cancelled
	at /home/sammy/.vscode/extensions/redhat.java-1.42.0-linux-x64/dist/extension.js:2:1069434
	at re (/home/sammy/.vscode/extensions/redhat.java-1.42.0-linux-x64/dist/extension.js:2:1069728)
	at /home/sammy/.vscode/extensions/redhat.java-1.42.0-linux-x64/dist/extension.js:2:1064512
	at Immediate.<anonymous> (/home/sammy/.vscode/extensions/redhat.java-1.42.0-linux-x64/dist/extension.js:2:1064532)
	at process.processImmediate (node:internal/timers:483:21)
2025-06-04 20:15:10.248 [error] [redhat.java] provider FAILED
2025-06-04 20:15:10.248 [error] Error: Internal error.
	at /home/sammy/.vscode/extensions/redhat.java-1.42.0-linux-x64/dist/extension.js:2:1069434
	at re (/home/sammy/.vscode/extensions/redhat.java-1.42.0-linux-x64/dist/extension.js:2:1069728)
	at /home/sammy/.vscode/extensions/redhat.java-1.42.0-linux-x64/dist/extension.js:2:1064512
	at Immediate.<anonymous> (/home/sammy/.vscode/extensions/redhat.java-1.42.0-linux-x64/dist/extension.js:2:1064532)
	at process.processImmediate (node:internal/timers:483:21)
2025-06-04 20:16:12.186 [error] [redhat.java] provider FAILED
2025-06-04 20:16:12.186 [error] Error: The request (id: 456, method: 'textDocument/documentSymbol') has been cancelled
	at /home/sammy/.vscode/extensions/redhat.java-1.42.0-linux-x64/dist/extension.js:2:1069434
	at re (/home/sammy/.vscode/extensions/redhat.java-1.42.0-linux-x64/dist/extension.js:2:1069728)
	at /home/sammy/.vscode/extensions/redhat.java-1.42.0-linux-x64/dist/extension.js:2:1064512
	at Immediate.<anonymous> (/home/sammy/.vscode/extensions/redhat.java-1.42.0-linux-x64/dist/extension.js:2:1064532)
	at process.processImmediate (node:internal/timers:483:21)
2025-06-04 20:16:32.032 [error] [redhat.java] provider FAILED
2025-06-04 20:16:32.033 [error] Error: The request (id: 576, method: 'textDocument/documentSymbol') has been cancelled
	at /home/sammy/.vscode/extensions/redhat.java-1.42.0-linux-x64/dist/extension.js:2:1069434
	at re (/home/sammy/.vscode/extensions/redhat.java-1.42.0-linux-x64/dist/extension.js:2:1069728)
	at /home/sammy/.vscode/extensions/redhat.java-1.42.0-linux-x64/dist/extension.js:2:1064512
	at Immediate.<anonymous> (/home/sammy/.vscode/extensions/redhat.java-1.42.0-linux-x64/dist/extension.js:2:1064532)
	at process.processImmediate (node:internal/timers:483:21)
2025-06-04 20:17:22.310 [error] [redhat.java] provider FAILED
2025-06-04 20:17:22.311 [error] Error: The request (id: 988, method: 'textDocument/documentSymbol') has been cancelled
	at /home/sammy/.vscode/extensions/redhat.java-1.42.0-linux-x64/dist/extension.js:2:1069434
	at re (/home/sammy/.vscode/extensions/redhat.java-1.42.0-linux-x64/dist/extension.js:2:1069728)
	at /home/sammy/.vscode/extensions/redhat.java-1.42.0-linux-x64/dist/extension.js:2:1064512
	at Immediate.<anonymous> (/home/sammy/.vscode/extensions/redhat.java-1.42.0-linux-x64/dist/extension.js:2:1064532)
	at process.processImmediate (node:internal/timers:483:21)
2025-06-04 20:18:10.818 [error] [redhat.java] provider FAILED
2025-06-04 20:18:10.818 [error] Error: The request (id: 1188, method: 'textDocument/documentSymbol') has been cancelled
	at /home/sammy/.vscode/extensions/redhat.java-1.42.0-linux-x64/dist/extension.js:2:1069434
	at re (/home/sammy/.vscode/extensions/redhat.java-1.42.0-linux-x64/dist/extension.js:2:1069728)
	at /home/sammy/.vscode/extensions/redhat.java-1.42.0-linux-x64/dist/extension.js:2:1064512
	at Immediate.<anonymous> (/home/sammy/.vscode/extensions/redhat.java-1.42.0-linux-x64/dist/extension.js:2:1064532)
	at process.processImmediate (node:internal/timers:483:21)
2025-06-04 20:18:20.024 [error] [redhat.java] provider FAILED
2025-06-04 20:18:20.024 [error] Error: The request (id: 1280, method: 'textDocument/documentSymbol') has been cancelled
	at /home/sammy/.vscode/extensions/redhat.java-1.42.0-linux-x64/dist/extension.js:2:1069434
	at re (/home/sammy/.vscode/extensions/redhat.java-1.42.0-linux-x64/dist/extension.js:2:1069728)
	at /home/sammy/.vscode/extensions/redhat.java-1.42.0-linux-x64/dist/extension.js:2:1064512
	at Immediate.<anonymous> (/home/sammy/.vscode/extensions/redhat.java-1.42.0-linux-x64/dist/extension.js:2:1064532)
	at process.processImmediate (node:internal/timers:483:21)
2025-06-04 20:18:33.299 [error] [redhat.java] provider FAILED
2025-06-04 20:18:33.299 [error] Error: Internal error.
	at /home/sammy/.vscode/extensions/redhat.java-1.42.0-linux-x64/dist/extension.js:2:1069434
	at re (/home/sammy/.vscode/extensions/redhat.java-1.42.0-linux-x64/dist/extension.js:2:1069728)
	at /home/sammy/.vscode/extensions/redhat.java-1.42.0-linux-x64/dist/extension.js:2:1064512
	at Immediate.<anonymous> (/home/sammy/.vscode/extensions/redhat.java-1.42.0-linux-x64/dist/extension.js:2:1064532)
	at process.processImmediate (node:internal/timers:483:21)
2025-06-04 20:18:34.350 [error] [redhat.java] provider FAILED
2025-06-04 20:18:34.350 [error] Error: Internal error.
	at /home/sammy/.vscode/extensions/redhat.java-1.42.0-linux-x64/dist/extension.js:2:1069434
	at re (/home/sammy/.vscode/extensions/redhat.java-1.42.0-linux-x64/dist/extension.js:2:1069728)
	at /home/sammy/.vscode/extensions/redhat.java-1.42.0-linux-x64/dist/extension.js:2:1064512
	at Immediate.<anonymous> (/home/sammy/.vscode/extensions/redhat.java-1.42.0-linux-x64/dist/extension.js:2:1064532)
	at process.processImmediate (node:internal/timers:483:21)
2025-06-04 20:19:04.946 [error] Error: ENOENT: no such file or directory, lstat '/home/sammy/Desktop/temp/hello-world/Library.java'
2025-06-04 20:19:59.087 [info] ExtensionService#_doActivateExtension vscode.npm, startup: false, activationEvent: 'onTerminalQuickFixRequest:ms-vscode.npm-command'
2025-06-04 20:20:46.056 [info] Extension host terminating: renderer closed the MessagePort
2025-06-04 20:20:46.134 [error] Error: Channel has been closed
	at s (file:///usr/share/code/resources/app/out/vs/workbench/api/node/extensionHostProcess.js:125:2431)
	at Object.appendLine (file:///usr/share/code/resources/app/out/vs/workbench/api/node/extensionHostProcess.js:125:2570)
	at R.logOutputMessage (/usr/share/code/resources/app/extensions/json-language-features/client/dist/node/jsonClientMain.js:2:290791)
	at R.info (/usr/share/code/resources/app/extensions/json-language-features/client/dist/node/jsonClientMain.js:2:290524)
	at ChildProcess.<anonymous> (/usr/share/code/resources/app/extensions/json-language-features/client/dist/node/jsonClientMain.js:2:514797)
	at ChildProcess.emit (node:events:524:28)
	at ChildProcess._handle.onexit (node:internal/child_process:293:12)
2025-06-04 20:20:46.443 [error] Error: Pending response rejected since connection got disposed
	at Object.dispose (/home/sammy/.vscode/extensions/oracle.oracle-java-24.0.0/node_modules/vscode-jsonrpc/lib/common/connection.js:1167:27)
	at Object.dispose (/home/sammy/.vscode/extensions/oracle.oracle-java-24.0.0/node_modules/vscode-languageclient/lib/common/client.js:1586:35)
	at NbLanguageClient.handleConnectionClosed (/home/sammy/.vscode/extensions/oracle.oracle-java-24.0.0/node_modules/vscode-languageclient/lib/common/client.js:1155:34)
	at NbLanguageClient.handleConnectionClosed (/home/sammy/.vscode/extensions/oracle.oracle-java-24.0.0/node_modules/vscode-languageclient/lib/node/main.js:180:22)
	at closeHandler (/home/sammy/.vscode/extensions/oracle.oracle-java-24.0.0/node_modules/vscode-languageclient/lib/common/client.js:1142:18)
	at CallbackList.invoke (/home/sammy/.vscode/extensions/oracle.oracle-java-24.0.0/node_modules/vscode-jsonrpc/lib/common/events.js:55:39)
	at Emitter.fire (/home/sammy/.vscode/extensions/oracle.oracle-java-24.0.0/node_modules/vscode-jsonrpc/lib/common/events.js:117:36)
	at closeHandler (/home/sammy/.vscode/extensions/oracle.oracle-java-24.0.0/node_modules/vscode-jsonrpc/lib/common/connection.js:314:26)
	at CallbackList.invoke (/home/sammy/.vscode/extensions/oracle.oracle-java-24.0.0/node_modules/vscode-jsonrpc/lib/common/events.js:55:39)
	at Emitter.fire (/home/sammy/.vscode/extensions/oracle.oracle-java-24.0.0/node_modules/vscode-jsonrpc/lib/common/events.js:117:36)
	at StreamMessageWriter.fireClose (/home/sammy/.vscode/extensions/oracle.oracle-java-24.0.0/node_modules/vscode-jsonrpc/lib/common/messageWriter.js:42:27)
	at Socket.<anonymous> (/home/sammy/.vscode/extensions/oracle.oracle-java-24.0.0/node_modules/vscode-jsonrpc/lib/common/messageWriter.js:74:42)
	at Socket.emit (node:events:536:35)
	at TCP.<anonymous> (node:net:343:12)
2025-06-04 20:20:46.443 [info] Extension host with pid 64303 exiting with code 0
2025-06-04 20:20:47.162 [info] Extension host with pid 67025 started
2025-06-04 20:20:47.162 [info] Skipping acquiring lock for /home/sammy/.config/Code/User/workspaceStorage/764bcbee02c4adacee1bfc61d25b042c.
2025-06-04 20:20:47.193 [info] ExtensionService#_doActivateExtension vscode.github-authentication, startup: false, activationEvent: 'onAuthenticationRequest:github'
2025-06-04 20:20:47.256 [info] ExtensionService#_doActivateExtension vscode.git-base, startup: true, activationEvent: '*', root cause: vscode.git
2025-06-04 20:20:47.321 [info] ExtensionService#_doActivateExtension vscode.git, startup: true, activationEvent: '*'
2025-06-04 20:20:47.364 [info] ExtensionService#_doActivateExtension vscode.github, startup: true, activationEvent: '*'
2025-06-04 20:20:47.430 [info] ExtensionService#_doActivateExtension vscode.configuration-editing, startup: false, activationEvent: 'onLanguage:jsonc'
2025-06-04 20:20:47.438 [info] ExtensionService#_doActivateExtension vscode.json-language-features, startup: false, activationEvent: 'onLanguage:jsonc'
2025-06-04 20:20:47.486 [info] ExtensionService#_doActivateExtension vscode.typescript-language-features, startup: false, activationEvent: 'onLanguage:jsonc'
2025-06-04 20:20:47.532 [info] ExtensionService#_doActivateExtension vscode.emmet, startup: false, activationEvent: 'onLanguage'
2025-06-04 20:20:47.546 [info] ExtensionService#_doActivateExtension Oracle.oracle-java, startup: true, activationEvent: 'workspaceContains:**/*.java'
2025-06-04 20:20:47.683 [info] Eager extensions activated
2025-06-04 20:20:47.704 [info] ExtensionService#_doActivateExtension vscode.debug-auto-launch, startup: false, activationEvent: 'onStartupFinished'
2025-06-04 20:20:47.705 [info] ExtensionService#_doActivateExtension vscode.merge-conflict, startup: false, activationEvent: 'onStartupFinished'
2025-06-04 20:22:08.982 [info] ExtensionService#_doActivateExtension redhat.java, startup: false, activationEvent: 'onLanguage:java'
2025-06-04 20:22:09.203 [info] ExtensionService#_doActivateExtension VisualStudioExptTeam.vscodeintellicode, startup: false, activationEvent: 'onLanguage:java'
2025-06-04 20:22:09.287 [info] ExtensionService#_doActivateExtension vscjava.vscode-java-debug, startup: false, activationEvent: 'onLanguage:java'
2025-06-04 20:22:09.349 [info] ExtensionService#_doActivateExtension vscjava.vscode-java-dependency, startup: false, activationEvent: 'onLanguage:java'
2025-06-04 20:22:09.447 [info] ExtensionService#_doActivateExtension vscjava.vscode-java-pack, startup: false, activationEvent: 'onLanguage:java'
2025-06-04 20:22:10.120 [warning] [redhat.java] Accessing a resource scoped configuration without providing a resource is not expected. To get the effective value for '[java]', provide the URI of a resource or 'null' for any resource.
2025-06-04 20:22:10.303 [info] ExtensionService#_doActivateExtension vscjava.vscode-java-test, startup: false, activationEvent: 'onLanguage:java'
2025-06-04 20:22:10.511 [warning] [redhat.java] Accessing a resource scoped configuration without providing a resource is not expected. To get the effective value for '[java]', provide the URI of a resource or 'null' for any resource.
2025-06-04 20:22:11.829 [error] Error: ENOENT: no such file or directory, open '/home/sammy/.config/Code/User/workspaceStorage/764bcbee02c4adacee1bfc61d25b042c/redhat.java/jdt_ws/.metadata/.log'
	at async open (node:internal/fs/promises:641:25)
	at async Object.readFile (node:internal/fs/promises:1262:14)
2025-06-04 20:22:15.472 [error] Error: ENOENT: no such file or directory, open '/home/sammy/.config/Code/User/workspaceStorage/764bcbee02c4adacee1bfc61d25b042c/redhat.java/jdt_ws/.metadata/.log'
	at async open (node:internal/fs/promises:641:25)
	at async Object.readFile (node:internal/fs/promises:1262:14)
2025-06-04 20:22:27.854 [error] [redhat.java] provider FAILED
2025-06-04 20:22:27.854 [error] Error: The request (id: 14, method: 'textDocument/documentSymbol') has been cancelled
	at /home/sammy/.vscode/extensions/redhat.java-1.42.0-linux-x64/dist/extension.js:2:1069434
	at re (/home/sammy/.vscode/extensions/redhat.java-1.42.0-linux-x64/dist/extension.js:2:1069728)
	at /home/sammy/.vscode/extensions/redhat.java-1.42.0-linux-x64/dist/extension.js:2:1064512
	at Immediate.<anonymous> (/home/sammy/.vscode/extensions/redhat.java-1.42.0-linux-x64/dist/extension.js:2:1064532)
	at process.processImmediate (node:internal/timers:483:21)
2025-06-04 20:22:27.856 [error] Error: The request (id: 18, method: 'workspace/executeCommand') has been cancelled
	at /home/sammy/.vscode/extensions/redhat.java-1.42.0-linux-x64/dist/extension.js:2:1069434
	at re (/home/sammy/.vscode/extensions/redhat.java-1.42.0-linux-x64/dist/extension.js:2:1069728)
	at /home/sammy/.vscode/extensions/redhat.java-1.42.0-linux-x64/dist/extension.js:2:1064512
	at Immediate.<anonymous> (/home/sammy/.vscode/extensions/redhat.java-1.42.0-linux-x64/dist/extension.js:2:1064532)
	at process.processImmediate (node:internal/timers:483:21) java.execute.workspaceCommand {"value":"redhat.java","_lower":"redhat.java"}
2025-06-04 20:22:27.862 [error] [redhat.java] provider FAILED
2025-06-04 20:22:27.862 [error] Error: The request (id: 24, method: 'textDocument/documentSymbol') has been cancelled
	at /home/sammy/.vscode/extensions/redhat.java-1.42.0-linux-x64/dist/extension.js:2:1069434
	at re (/home/sammy/.vscode/extensions/redhat.java-1.42.0-linux-x64/dist/extension.js:2:1069728)
	at /home/sammy/.vscode/extensions/redhat.java-1.42.0-linux-x64/dist/extension.js:2:1064512
	at Immediate.<anonymous> (/home/sammy/.vscode/extensions/redhat.java-1.42.0-linux-x64/dist/extension.js:2:1064532)
	at process.processImmediate (node:internal/timers:483:21)
2025-06-04 20:22:27.866 [error] [redhat.java] provider FAILED
2025-06-04 20:22:27.866 [error] Error: The request (id: 31, method: 'textDocument/documentSymbol') has been cancelled
	at /home/sammy/.vscode/extensions/redhat.java-1.42.0-linux-x64/dist/extension.js:2:1069434
	at re (/home/sammy/.vscode/extensions/redhat.java-1.42.0-linux-x64/dist/extension.js:2:1069728)
	at /home/sammy/.vscode/extensions/redhat.java-1.42.0-linux-x64/dist/extension.js:2:1064512
	at Immediate.<anonymous> (/home/sammy/.vscode/extensions/redhat.java-1.42.0-linux-x64/dist/extension.js:2:1064532)
	at process.processImmediate (node:internal/timers:483:21)
2025-06-04 20:22:27.979 [error] [redhat.java] provider FAILED
2025-06-04 20:22:27.979 [error] Error: The request (id: 33, method: 'textDocument/documentSymbol') has been cancelled
	at /home/sammy/.vscode/extensions/redhat.java-1.42.0-linux-x64/dist/extension.js:2:1069434
	at re (/home/sammy/.vscode/extensions/redhat.java-1.42.0-linux-x64/dist/extension.js:2:1069728)
	at /home/sammy/.vscode/extensions/redhat.java-1.42.0-linux-x64/dist/extension.js:2:1064512
	at Immediate.<anonymous> (/home/sammy/.vscode/extensions/redhat.java-1.42.0-linux-x64/dist/extension.js:2:1064532)
	at process.processImmediate (node:internal/timers:483:21)
2025-06-04 20:23:25.557 [error] [redhat.java] provider FAILED
2025-06-04 20:23:25.557 [error] Error: The request (id: 345, method: 'textDocument/documentSymbol') has been cancelled
	at /home/sammy/.vscode/extensions/redhat.java-1.42.0-linux-x64/dist/extension.js:2:1069434
	at re (/home/sammy/.vscode/extensions/redhat.java-1.42.0-linux-x64/dist/extension.js:2:1069728)
	at /home/sammy/.vscode/extensions/redhat.java-1.42.0-linux-x64/dist/extension.js:2:1064512
	at Immediate.<anonymous> (/home/sammy/.vscode/extensions/redhat.java-1.42.0-linux-x64/dist/extension.js:2:1064532)
	at process.processImmediate (node:internal/timers:483:21)
2025-06-04 20:23:35.265 [error] [redhat.java] provider FAILED
2025-06-04 20:23:35.265 [error] Error: The request (id: 430, method: 'textDocument/documentSymbol') has been cancelled
	at /home/sammy/.vscode/extensions/redhat.java-1.42.0-linux-x64/dist/extension.js:2:1069434
	at re (/home/sammy/.vscode/extensions/redhat.java-1.42.0-linux-x64/dist/extension.js:2:1069728)
	at /home/sammy/.vscode/extensions/redhat.java-1.42.0-linux-x64/dist/extension.js:2:1064512
	at Immediate.<anonymous> (/home/sammy/.vscode/extensions/redhat.java-1.42.0-linux-x64/dist/extension.js:2:1064532)
	at process.processImmediate (node:internal/timers:483:21)
2025-06-04 20:23:39.937 [error] [redhat.java] provider FAILED
2025-06-04 20:23:39.937 [error] Error: The request (id: 476, method: 'textDocument/documentSymbol') has been cancelled
	at /home/sammy/.vscode/extensions/redhat.java-1.42.0-linux-x64/dist/extension.js:2:1069434
	at re (/home/sammy/.vscode/extensions/redhat.java-1.42.0-linux-x64/dist/extension.js:2:1069728)
	at /home/sammy/.vscode/extensions/redhat.java-1.42.0-linux-x64/dist/extension.js:2:1064512
	at Immediate.<anonymous> (/home/sammy/.vscode/extensions/redhat.java-1.42.0-linux-x64/dist/extension.js:2:1064532)
	at process.processImmediate (node:internal/timers:483:21)
2025-06-04 20:23:44.964 [error] [redhat.java] provider FAILED
2025-06-04 20:23:44.964 [error] Error: The request (id: 537, method: 'textDocument/documentSymbol') has been cancelled
	at /home/sammy/.vscode/extensions/redhat.java-1.42.0-linux-x64/dist/extension.js:2:1069434
	at re (/home/sammy/.vscode/extensions/redhat.java-1.42.0-linux-x64/dist/extension.js:2:1069728)
	at /home/sammy/.vscode/extensions/redhat.java-1.42.0-linux-x64/dist/extension.js:2:1064512
	at Immediate.<anonymous> (/home/sammy/.vscode/extensions/redhat.java-1.42.0-linux-x64/dist/extension.js:2:1064532)
	at process.processImmediate (node:internal/timers:483:21)
2025-06-04 20:23:45.450 [error] [redhat.java] provider FAILED
2025-06-04 20:23:45.450 [error] Error: The request (id: 544, method: 'textDocument/documentSymbol') has been cancelled
	at /home/sammy/.vscode/extensions/redhat.java-1.42.0-linux-x64/dist/extension.js:2:1069434
	at re (/home/sammy/.vscode/extensions/redhat.java-1.42.0-linux-x64/dist/extension.js:2:1069728)
	at /home/sammy/.vscode/extensions/redhat.java-1.42.0-linux-x64/dist/extension.js:2:1064512
	at Immediate.<anonymous> (/home/sammy/.vscode/extensions/redhat.java-1.42.0-linux-x64/dist/extension.js:2:1064532)
	at process.processImmediate (node:internal/timers:483:21)
2025-06-04 20:23:55.599 [error] [redhat.java] provider FAILED
2025-06-04 20:23:55.599 [error] Error: The request (id: 646, method: 'textDocument/documentSymbol') has been cancelled
	at /home/sammy/.vscode/extensions/redhat.java-1.42.0-linux-x64/dist/extension.js:2:1069434
	at re (/home/sammy/.vscode/extensions/redhat.java-1.42.0-linux-x64/dist/extension.js:2:1069728)
	at /home/sammy/.vscode/extensions/redhat.java-1.42.0-linux-x64/dist/extension.js:2:1064512
	at Immediate.<anonymous> (/home/sammy/.vscode/extensions/redhat.java-1.42.0-linux-x64/dist/extension.js:2:1064532)
	at process.processImmediate (node:internal/timers:483:21)
2025-06-04 20:24:35.233 [error] [redhat.java] provider FAILED
2025-06-04 20:24:35.233 [error] Error: The request (id: 936, method: 'textDocument/documentSymbol') has been cancelled
	at /home/sammy/.vscode/extensions/redhat.java-1.42.0-linux-x64/dist/extension.js:2:1069434
	at re (/home/sammy/.vscode/extensions/redhat.java-1.42.0-linux-x64/dist/extension.js:2:1069728)
	at /home/sammy/.vscode/extensions/redhat.java-1.42.0-linux-x64/dist/extension.js:2:1064512
	at Immediate.<anonymous> (/home/sammy/.vscode/extensions/redhat.java-1.42.0-linux-x64/dist/extension.js:2:1064532)
	at process.processImmediate (node:internal/timers:483:21)
2025-06-04 20:25:05.989 [error] [redhat.java] provider FAILED
2025-06-04 20:25:05.989 [error] Error: The request (id: 1098, method: 'textDocument/documentSymbol') has been cancelled
	at /home/sammy/.vscode/extensions/redhat.java-1.42.0-linux-x64/dist/extension.js:2:1069434
	at re (/home/sammy/.vscode/extensions/redhat.java-1.42.0-linux-x64/dist/extension.js:2:1069728)
	at /home/sammy/.vscode/extensions/redhat.java-1.42.0-linux-x64/dist/extension.js:2:1064512
	at Immediate.<anonymous> (/home/sammy/.vscode/extensions/redhat.java-1.42.0-linux-x64/dist/extension.js:2:1064532)
	at process.processImmediate (node:internal/timers:483:21)
2025-06-04 20:25:40.548 [error] [redhat.java] provider FAILED
2025-06-04 20:25:40.548 [error] Error: The request (id: 1264, method: 'textDocument/hover') has been cancelled
	at /home/sammy/.vscode/extensions/redhat.java-1.42.0-linux-x64/dist/extension.js:2:1069434
	at re (/home/sammy/.vscode/extensions/redhat.java-1.42.0-linux-x64/dist/extension.js:2:1069728)
	at /home/sammy/.vscode/extensions/redhat.java-1.42.0-linux-x64/dist/extension.js:2:1064512
	at Immediate.<anonymous> (/home/sammy/.vscode/extensions/redhat.java-1.42.0-linux-x64/dist/extension.js:2:1064532)
	at process.processImmediate (node:internal/timers:483:21)
2025-06-04 20:26:02.513 [error] [redhat.java] provider FAILED
2025-06-04 20:26:02.513 [error] Error: The request (id: 1371, method: 'textDocument/documentSymbol') has been cancelled
	at /home/sammy/.vscode/extensions/redhat.java-1.42.0-linux-x64/dist/extension.js:2:1069434
	at re (/home/sammy/.vscode/extensions/redhat.java-1.42.0-linux-x64/dist/extension.js:2:1069728)
	at /home/sammy/.vscode/extensions/redhat.java-1.42.0-linux-x64/dist/extension.js:2:1064512
	at Immediate.<anonymous> (/home/sammy/.vscode/extensions/redhat.java-1.42.0-linux-x64/dist/extension.js:2:1064532)
	at process.processImmediate (node:internal/timers:483:21)
2025-06-04 20:26:03.831 [error] [redhat.java] provider FAILED
2025-06-04 20:26:03.831 [error] Error: The request (id: 1386, method: 'textDocument/documentSymbol') has been cancelled
	at /home/sammy/.vscode/extensions/redhat.java-1.42.0-linux-x64/dist/extension.js:2:1069434
	at re (/home/sammy/.vscode/extensions/redhat.java-1.42.0-linux-x64/dist/extension.js:2:1069728)
	at /home/sammy/.vscode/extensions/redhat.java-1.42.0-linux-x64/dist/extension.js:2:1064512
	at Immediate.<anonymous> (/home/sammy/.vscode/extensions/redhat.java-1.42.0-linux-x64/dist/extension.js:2:1064532)
	at process.processImmediate (node:internal/timers:483:21)
2025-06-04 20:26:04.299 [error] [redhat.java] provider FAILED
2025-06-04 20:26:04.299 [error] Error: The request (id: 1392, method: 'textDocument/documentSymbol') has been cancelled
	at /home/sammy/.vscode/extensions/redhat.java-1.42.0-linux-x64/dist/extension.js:2:1069434
	at re (/home/sammy/.vscode/extensions/redhat.java-1.42.0-linux-x64/dist/extension.js:2:1069728)
	at /home/sammy/.vscode/extensions/redhat.java-1.42.0-linux-x64/dist/extension.js:2:1064512
	at Immediate.<anonymous> (/home/sammy/.vscode/extensions/redhat.java-1.42.0-linux-x64/dist/extension.js:2:1064532)
	at process.processImmediate (node:internal/timers:483:21)
2025-06-04 20:26:18.727 [error] [redhat.java] provider FAILED
2025-06-04 20:26:18.727 [error] Error: The request (id: 1517, method: 'textDocument/documentSymbol') has been cancelled
	at /home/sammy/.vscode/extensions/redhat.java-1.42.0-linux-x64/dist/extension.js:2:1069434
	at re (/home/sammy/.vscode/extensions/redhat.java-1.42.0-linux-x64/dist/extension.js:2:1069728)
	at /home/sammy/.vscode/extensions/redhat.java-1.42.0-linux-x64/dist/extension.js:2:1064512
	at Immediate.<anonymous> (/home/sammy/.vscode/extensions/redhat.java-1.42.0-linux-x64/dist/extension.js:2:1064532)
	at process.processImmediate (node:internal/timers:483:21)
2025-06-04 20:26:39.936 [error] [redhat.java] provider FAILED
2025-06-04 20:26:39.937 [error] Error: The request (id: 1774, method: 'textDocument/documentSymbol') has been cancelled
	at /home/sammy/.vscode/extensions/redhat.java-1.42.0-linux-x64/dist/extension.js:2:1069434
	at re (/home/sammy/.vscode/extensions/redhat.java-1.42.0-linux-x64/dist/extension.js:2:1069728)
	at /home/sammy/.vscode/extensions/redhat.java-1.42.0-linux-x64/dist/extension.js:2:1064512
	at Immediate.<anonymous> (/home/sammy/.vscode/extensions/redhat.java-1.42.0-linux-x64/dist/extension.js:2:1064532)
	at process.processImmediate (node:internal/timers:483:21)
2025-06-04 20:26:40.875 [error] [redhat.java] provider FAILED
2025-06-04 20:26:40.875 [error] Error: The request (id: 1791, method: 'textDocument/documentSymbol') has been cancelled
	at /home/sammy/.vscode/extensions/redhat.java-1.42.0-linux-x64/dist/extension.js:2:1069434
	at re (/home/sammy/.vscode/extensions/redhat.java-1.42.0-linux-x64/dist/extension.js:2:1069728)
	at /home/sammy/.vscode/extensions/redhat.java-1.42.0-linux-x64/dist/extension.js:2:1064512
	at Immediate.<anonymous> (/home/sammy/.vscode/extensions/redhat.java-1.42.0-linux-x64/dist/extension.js:2:1064532)
	at process.processImmediate (node:internal/timers:483:21)
2025-06-04 20:26:44.257 [error] [redhat.java] provider FAILED
2025-06-04 20:26:44.257 [error] Error: The request (id: 1840, method: 'textDocument/documentSymbol') has been cancelled
	at /home/sammy/.vscode/extensions/redhat.java-1.42.0-linux-x64/dist/extension.js:2:1069434
	at re (/home/sammy/.vscode/extensions/redhat.java-1.42.0-linux-x64/dist/extension.js:2:1069728)
	at /home/sammy/.vscode/extensions/redhat.java-1.42.0-linux-x64/dist/extension.js:2:1064512
	at Immediate.<anonymous> (/home/sammy/.vscode/extensions/redhat.java-1.42.0-linux-x64/dist/extension.js:2:1064532)
	at process.processImmediate (node:internal/timers:483:21)
2025-06-04 20:27:54.357 [error] [redhat.java] provider FAILED
2025-06-04 20:27:54.357 [error] Error: The request (id: 2107, method: 'textDocument/documentSymbol') has been cancelled
	at /home/sammy/.vscode/extensions/redhat.java-1.42.0-linux-x64/dist/extension.js:2:1069434
	at re (/home/sammy/.vscode/extensions/redhat.java-1.42.0-linux-x64/dist/extension.js:2:1069728)
	at /home/sammy/.vscode/extensions/redhat.java-1.42.0-linux-x64/dist/extension.js:2:1064512
	at Immediate.<anonymous> (/home/sammy/.vscode/extensions/redhat.java-1.42.0-linux-x64/dist/extension.js:2:1064532)
	at process.processImmediate (node:internal/timers:483:21)
2025-06-04 20:29:04.982 [error] [redhat.java] provider FAILED
2025-06-04 20:29:04.982 [error] Error: The request (id: 2561, method: 'textDocument/documentSymbol') has been cancelled
	at /home/sammy/.vscode/extensions/redhat.java-1.42.0-linux-x64/dist/extension.js:2:1069434
	at re (/home/sammy/.vscode/extensions/redhat.java-1.42.0-linux-x64/dist/extension.js:2:1069728)
	at /home/sammy/.vscode/extensions/redhat.java-1.42.0-linux-x64/dist/extension.js:2:1064512
	at Immediate.<anonymous> (/home/sammy/.vscode/extensions/redhat.java-1.42.0-linux-x64/dist/extension.js:2:1064532)
	at process.processImmediate (node:internal/timers:483:21)
2025-06-04 20:29:10.067 [error] [redhat.java] provider FAILED
2025-06-04 20:29:10.067 [error] Error: The request (id: 2602, method: 'textDocument/documentSymbol') has been cancelled
	at /home/sammy/.vscode/extensions/redhat.java-1.42.0-linux-x64/dist/extension.js:2:1069434
	at re (/home/sammy/.vscode/extensions/redhat.java-1.42.0-linux-x64/dist/extension.js:2:1069728)
	at /home/sammy/.vscode/extensions/redhat.java-1.42.0-linux-x64/dist/extension.js:2:1064512
	at Immediate.<anonymous> (/home/sammy/.vscode/extensions/redhat.java-1.42.0-linux-x64/dist/extension.js:2:1064532)
	at process.processImmediate (node:internal/timers:483:21)
2025-06-04 20:29:12.292 [error] [redhat.java] provider FAILED
2025-06-04 20:29:12.292 [error] Error: The request (id: 2636, method: 'textDocument/documentSymbol') has been cancelled
	at /home/sammy/.vscode/extensions/redhat.java-1.42.0-linux-x64/dist/extension.js:2:1069434
	at re (/home/sammy/.vscode/extensions/redhat.java-1.42.0-linux-x64/dist/extension.js:2:1069728)
	at /home/sammy/.vscode/extensions/redhat.java-1.42.0-linux-x64/dist/extension.js:2:1064512
	at Immediate.<anonymous> (/home/sammy/.vscode/extensions/redhat.java-1.42.0-linux-x64/dist/extension.js:2:1064532)
	at process.processImmediate (node:internal/timers:483:21)
2025-06-04 20:31:30.909 [error] [redhat.java] provider FAILED
2025-06-04 20:31:30.909 [error] Error: The request (id: 2798, method: 'textDocument/documentSymbol') has been cancelled
	at /home/sammy/.vscode/extensions/redhat.java-1.42.0-linux-x64/dist/extension.js:2:1069434
	at re (/home/sammy/.vscode/extensions/redhat.java-1.42.0-linux-x64/dist/extension.js:2:1069728)
	at /home/sammy/.vscode/extensions/redhat.java-1.42.0-linux-x64/dist/extension.js:2:1064512
	at Immediate.<anonymous> (/home/sammy/.vscode/extensions/redhat.java-1.42.0-linux-x64/dist/extension.js:2:1064532)
	at process.processImmediate (node:internal/timers:483:21)
2025-06-04 20:33:27.941 [error] [redhat.java] provider FAILED
2025-06-04 20:33:27.942 [error] Error: The request (id: 3350, method: 'textDocument/documentSymbol') has been cancelled
	at /home/sammy/.vscode/extensions/redhat.java-1.42.0-linux-x64/dist/extension.js:2:1069434
	at re (/home/sammy/.vscode/extensions/redhat.java-1.42.0-linux-x64/dist/extension.js:2:1069728)
	at /home/sammy/.vscode/extensions/redhat.java-1.42.0-linux-x64/dist/extension.js:2:1064512
	at Immediate.<anonymous> (/home/sammy/.vscode/extensions/redhat.java-1.42.0-linux-x64/dist/extension.js:2:1064532)
	at process.processImmediate (node:internal/timers:483:21)
2025-06-04 20:34:07.090 [error] [redhat.java] provider FAILED
2025-06-04 20:34:07.090 [error] Error: The request (id: 3579, method: 'textDocument/documentSymbol') has been cancelled
	at /home/sammy/.vscode/extensions/redhat.java-1.42.0-linux-x64/dist/extension.js:2:1069434
	at re (/home/sammy/.vscode/extensions/redhat.java-1.42.0-linux-x64/dist/extension.js:2:1069728)
	at /home/sammy/.vscode/extensions/redhat.java-1.42.0-linux-x64/dist/extension.js:2:1064512
	at Immediate.<anonymous> (/home/sammy/.vscode/extensions/redhat.java-1.42.0-linux-x64/dist/extension.js:2:1064532)
	at process.processImmediate (node:internal/timers:483:21)
2025-06-04 20:34:08.909 [error] [redhat.java] provider FAILED
2025-06-04 20:34:08.909 [error] Error: The request (id: 3601, method: 'textDocument/documentSymbol') has been cancelled
	at /home/sammy/.vscode/extensions/redhat.java-1.42.0-linux-x64/dist/extension.js:2:1069434
	at re (/home/sammy/.vscode/extensions/redhat.java-1.42.0-linux-x64/dist/extension.js:2:1069728)
	at /home/sammy/.vscode/extensions/redhat.java-1.42.0-linux-x64/dist/extension.js:2:1064512
	at Immediate.<anonymous> (/home/sammy/.vscode/extensions/redhat.java-1.42.0-linux-x64/dist/extension.js:2:1064532)
	at process.processImmediate (node:internal/timers:483:21)
2025-06-04 20:34:34.326 [error] [redhat.java] provider FAILED
2025-06-04 20:34:34.327 [error] Error: The request (id: 3887, method: 'textDocument/documentSymbol') has been cancelled
	at /home/sammy/.vscode/extensions/redhat.java-1.42.0-linux-x64/dist/extension.js:2:1069434
	at re (/home/sammy/.vscode/extensions/redhat.java-1.42.0-linux-x64/dist/extension.js:2:1069728)
	at /home/sammy/.vscode/extensions/redhat.java-1.42.0-linux-x64/dist/extension.js:2:1064512
	at Immediate.<anonymous> (/home/sammy/.vscode/extensions/redhat.java-1.42.0-linux-x64/dist/extension.js:2:1064532)
	at process.processImmediate (node:internal/timers:483:21)
2025-06-04 20:34:51.638 [error] [redhat.java] provider FAILED
2025-06-04 20:34:51.638 [error] Error: The request (id: 4079, method: 'textDocument/documentSymbol') has been cancelled
	at /home/sammy/.vscode/extensions/redhat.java-1.42.0-linux-x64/dist/extension.js:2:1069434
	at re (/home/sammy/.vscode/extensions/redhat.java-1.42.0-linux-x64/dist/extension.js:2:1069728)
	at /home/sammy/.vscode/extensions/redhat.java-1.42.0-linux-x64/dist/extension.js:2:1064512
	at Immediate.<anonymous> (/home/sammy/.vscode/extensions/redhat.java-1.42.0-linux-x64/dist/extension.js:2:1064532)
	at process.processImmediate (node:internal/timers:483:21)
2025-06-04 20:35:02.893 [error] [redhat.java] provider FAILED
2025-06-04 20:35:02.894 [error] Error: The request (id: 4224, method: 'textDocument/documentSymbol') has been cancelled
	at /home/sammy/.vscode/extensions/redhat.java-1.42.0-linux-x64/dist/extension.js:2:1069434
	at re (/home/sammy/.vscode/extensions/redhat.java-1.42.0-linux-x64/dist/extension.js:2:1069728)
	at /home/sammy/.vscode/extensions/redhat.java-1.42.0-linux-x64/dist/extension.js:2:1064512
	at Immediate.<anonymous> (/home/sammy/.vscode/extensions/redhat.java-1.42.0-linux-x64/dist/extension.js:2:1064532)
	at process.processImmediate (node:internal/timers:483:21)
2025-06-04 20:35:04.067 [error] [redhat.java] provider FAILED
2025-06-04 20:35:04.067 [error] Error: The request (id: 4245, method: 'textDocument/documentSymbol') has been cancelled
	at /home/sammy/.vscode/extensions/redhat.java-1.42.0-linux-x64/dist/extension.js:2:1069434
	at re (/home/sammy/.vscode/extensions/redhat.java-1.42.0-linux-x64/dist/extension.js:2:1069728)
	at /home/sammy/.vscode/extensions/redhat.java-1.42.0-linux-x64/dist/extension.js:2:1064512
	at Immediate.<anonymous> (/home/sammy/.vscode/extensions/redhat.java-1.42.0-linux-x64/dist/extension.js:2:1064532)
	at process.processImmediate (node:internal/timers:483:21)
2025-06-04 20:35:11.037 [error] [redhat.java] provider FAILED
2025-06-04 20:35:11.037 [error] Error: The request (id: 4338, method: 'textDocument/documentSymbol') has been cancelled
	at /home/sammy/.vscode/extensions/redhat.java-1.42.0-linux-x64/dist/extension.js:2:1069434
	at re (/home/sammy/.vscode/extensions/redhat.java-1.42.0-linux-x64/dist/extension.js:2:1069728)
	at /home/sammy/.vscode/extensions/redhat.java-1.42.0-linux-x64/dist/extension.js:2:1064512
	at Immediate.<anonymous> (/home/sammy/.vscode/extensions/redhat.java-1.42.0-linux-x64/dist/extension.js:2:1064532)
	at process.processImmediate (node:internal/timers:483:21)
2025-06-04 20:35:14.254 [error] [redhat.java] provider FAILED
2025-06-04 20:35:14.254 [error] Error: The request (id: 4373, method: 'textDocument/documentSymbol') has been cancelled
	at /home/sammy/.vscode/extensions/redhat.java-1.42.0-linux-x64/dist/extension.js:2:1069434
	at re (/home/sammy/.vscode/extensions/redhat.java-1.42.0-linux-x64/dist/extension.js:2:1069728)
	at /home/sammy/.vscode/extensions/redhat.java-1.42.0-linux-x64/dist/extension.js:2:1064512
	at Immediate.<anonymous> (/home/sammy/.vscode/extensions/redhat.java-1.42.0-linux-x64/dist/extension.js:2:1064532)
	at process.processImmediate (node:internal/timers:483:21)
2025-06-04 20:35:21.281 [error] [redhat.java] provider FAILED
2025-06-04 20:35:21.281 [error] Error: The request (id: 4430, method: 'textDocument/documentSymbol') has been cancelled
	at /home/sammy/.vscode/extensions/redhat.java-1.42.0-linux-x64/dist/extension.js:2:1069434
	at re (/home/sammy/.vscode/extensions/redhat.java-1.42.0-linux-x64/dist/extension.js:2:1069728)
	at /home/sammy/.vscode/extensions/redhat.java-1.42.0-linux-x64/dist/extension.js:2:1064512
	at Immediate.<anonymous> (/home/sammy/.vscode/extensions/redhat.java-1.42.0-linux-x64/dist/extension.js:2:1064532)
	at process.processImmediate (node:internal/timers:483:21)
2025-06-04 20:35:34.292 [error] [redhat.java] provider FAILED
2025-06-04 20:35:34.292 [error] Error: The request (id: 4578, method: 'textDocument/documentSymbol') has been cancelled
	at /home/sammy/.vscode/extensions/redhat.java-1.42.0-linux-x64/dist/extension.js:2:1069434
	at re (/home/sammy/.vscode/extensions/redhat.java-1.42.0-linux-x64/dist/extension.js:2:1069728)
	at /home/sammy/.vscode/extensions/redhat.java-1.42.0-linux-x64/dist/extension.js:2:1064512
	at Immediate.<anonymous> (/home/sammy/.vscode/extensions/redhat.java-1.42.0-linux-x64/dist/extension.js:2:1064532)
	at process.processImmediate (node:internal/timers:483:21)
2025-06-04 20:35:37.830 [error] [redhat.java] provider FAILED
2025-06-04 20:35:37.830 [error] Error: The request (id: 4612, method: 'textDocument/documentSymbol') has been cancelled
	at /home/sammy/.vscode/extensions/redhat.java-1.42.0-linux-x64/dist/extension.js:2:1069434
	at re (/home/sammy/.vscode/extensions/redhat.java-1.42.0-linux-x64/dist/extension.js:2:1069728)
	at /home/sammy/.vscode/extensions/redhat.java-1.42.0-linux-x64/dist/extension.js:2:1064512
	at Immediate.<anonymous> (/home/sammy/.vscode/extensions/redhat.java-1.42.0-linux-x64/dist/extension.js:2:1064532)
	at process.processImmediate (node:internal/timers:483:21)
2025-06-04 20:36:52.746 [error] [redhat.java] provider FAILED
2025-06-04 20:36:52.746 [error] Error: The request (id: 5047, method: 'textDocument/documentSymbol') has been cancelled
	at /home/sammy/.vscode/extensions/redhat.java-1.42.0-linux-x64/dist/extension.js:2:1069434
	at re (/home/sammy/.vscode/extensions/redhat.java-1.42.0-linux-x64/dist/extension.js:2:1069728)
	at /home/sammy/.vscode/extensions/redhat.java-1.42.0-linux-x64/dist/extension.js:2:1064512
	at Immediate.<anonymous> (/home/sammy/.vscode/extensions/redhat.java-1.42.0-linux-x64/dist/extension.js:2:1064532)
	at process.processImmediate (node:internal/timers:483:21)
2025-06-04 20:36:53.062 [error] [redhat.java] provider FAILED
2025-06-04 20:36:53.062 [error] Error: The request (id: 5052, method: 'textDocument/documentSymbol') has been cancelled
	at /home/sammy/.vscode/extensions/redhat.java-1.42.0-linux-x64/dist/extension.js:2:1069434
	at re (/home/sammy/.vscode/extensions/redhat.java-1.42.0-linux-x64/dist/extension.js:2:1069728)
	at /home/sammy/.vscode/extensions/redhat.java-1.42.0-linux-x64/dist/extension.js:2:1064512
	at Immediate.<anonymous> (/home/sammy/.vscode/extensions/redhat.java-1.42.0-linux-x64/dist/extension.js:2:1064532)
	at process.processImmediate (node:internal/timers:483:21)
2025-06-04 20:38:05.812 [error] [redhat.java] provider FAILED
2025-06-04 20:38:05.812 [error] Error: selectionRange must be contained in fullRange
	at Nf.validate (file:///usr/share/code/resources/app/out/vs/workbench/api/node/extensionHostProcess.js:115:22634)
	at new Nf (file:///usr/share/code/resources/app/out/vs/workbench/api/node/extensionHostProcess.js:115:22842)
	at G (/home/sammy/.vscode/extensions/redhat.java-1.42.0-linux-x64/dist/extension.js:2:1244047)
	at c (/home/sammy/.vscode/extensions/redhat.java-1.42.0-linux-x64/dist/extension.js:2:1282563)
	at t.map (/home/sammy/.vscode/extensions/redhat.java-1.42.0-linux-x64/dist/extension.js:2:1282649)
	at Object.asDocumentSymbols (/home/sammy/.vscode/extensions/redhat.java-1.42.0-linux-x64/dist/extension.js:2:1252103)
	at /home/sammy/.vscode/extensions/redhat.java-1.42.0-linux-x64/dist/extension.js:2:945493
	at Generator.next (<anonymous>)
	at s (/home/sammy/.vscode/extensions/redhat.java-1.42.0-linux-x64/dist/extension.js:2:944549)
	at runNextTicks (node:internal/process/task_queues:60:5)
	at process.processImmediate (node:internal/timers:454:9)
2025-06-04 20:38:05.812 [error] [redhat.java] provider FAILED
2025-06-04 20:38:05.812 [error] Error: selectionRange must be contained in fullRange
	at Nf.validate (file:///usr/share/code/resources/app/out/vs/workbench/api/node/extensionHostProcess.js:115:22634)
	at new Nf (file:///usr/share/code/resources/app/out/vs/workbench/api/node/extensionHostProcess.js:115:22842)
	at G (/home/sammy/.vscode/extensions/redhat.java-1.42.0-linux-x64/dist/extension.js:2:1244047)
	at c (/home/sammy/.vscode/extensions/redhat.java-1.42.0-linux-x64/dist/extension.js:2:1282563)
	at t.map (/home/sammy/.vscode/extensions/redhat.java-1.42.0-linux-x64/dist/extension.js:2:1282649)
	at Object.asDocumentSymbols (/home/sammy/.vscode/extensions/redhat.java-1.42.0-linux-x64/dist/extension.js:2:1252103)
	at /home/sammy/.vscode/extensions/redhat.java-1.42.0-linux-x64/dist/extension.js:2:945493
	at Generator.next (<anonymous>)
	at s (/home/sammy/.vscode/extensions/redhat.java-1.42.0-linux-x64/dist/extension.js:2:944549)
2025-06-04 20:38:17.848 [error] [redhat.java] provider FAILED
2025-06-04 20:38:17.848 [error] Error: The request (id: 5230, method: 'textDocument/documentSymbol') has been cancelled
	at /home/sammy/.vscode/extensions/redhat.java-1.42.0-linux-x64/dist/extension.js:2:1069434
	at re (/home/sammy/.vscode/extensions/redhat.java-1.42.0-linux-x64/dist/extension.js:2:1069728)
	at /home/sammy/.vscode/extensions/redhat.java-1.42.0-linux-x64/dist/extension.js:2:1064512
	at Immediate.<anonymous> (/home/sammy/.vscode/extensions/redhat.java-1.42.0-linux-x64/dist/extension.js:2:1064532)
	at process.processImmediate (node:internal/timers:483:21)
2025-06-04 20:38:19.829 [error] [redhat.java] provider FAILED
2025-06-04 20:38:19.829 [error] Error: The request (id: 5252, method: 'textDocument/documentSymbol') has been cancelled
	at /home/sammy/.vscode/extensions/redhat.java-1.42.0-linux-x64/dist/extension.js:2:1069434
	at re (/home/sammy/.vscode/extensions/redhat.java-1.42.0-linux-x64/dist/extension.js:2:1069728)
	at /home/sammy/.vscode/extensions/redhat.java-1.42.0-linux-x64/dist/extension.js:2:1064512
	at Immediate.<anonymous> (/home/sammy/.vscode/extensions/redhat.java-1.42.0-linux-x64/dist/extension.js:2:1064532)
	at process.processImmediate (node:internal/timers:483:21)
2025-06-04 20:39:01.082 [error] [redhat.java] provider FAILED
2025-06-04 20:39:01.082 [error] Error: The request (id: 5413, method: 'textDocument/documentSymbol') has been cancelled
	at /home/sammy/.vscode/extensions/redhat.java-1.42.0-linux-x64/dist/extension.js:2:1069434
	at re (/home/sammy/.vscode/extensions/redhat.java-1.42.0-linux-x64/dist/extension.js:2:1069728)
	at /home/sammy/.vscode/extensions/redhat.java-1.42.0-linux-x64/dist/extension.js:2:1064512
	at Immediate.<anonymous> (/home/sammy/.vscode/extensions/redhat.java-1.42.0-linux-x64/dist/extension.js:2:1064532)
	at process.processImmediate (node:internal/timers:483:21)
2025-06-04 20:39:33.459 [error] [redhat.java] provider FAILED
2025-06-04 20:39:33.459 [error] Error: The request (id: 5656, method: 'textDocument/documentSymbol') has been cancelled
	at /home/sammy/.vscode/extensions/redhat.java-1.42.0-linux-x64/dist/extension.js:2:1069434
	at re (/home/sammy/.vscode/extensions/redhat.java-1.42.0-linux-x64/dist/extension.js:2:1069728)
	at /home/sammy/.vscode/extensions/redhat.java-1.42.0-linux-x64/dist/extension.js:2:1064512
	at Immediate.<anonymous> (/home/sammy/.vscode/extensions/redhat.java-1.42.0-linux-x64/dist/extension.js:2:1064532)
	at process.processImmediate (node:internal/timers:483:21)
2025-06-04 20:39:34.697 [error] [redhat.java] provider FAILED
2025-06-04 20:39:34.697 [error] Error: The request (id: 5672, method: 'textDocument/documentSymbol') has been cancelled
	at /home/sammy/.vscode/extensions/redhat.java-1.42.0-linux-x64/dist/extension.js:2:1069434
	at re (/home/sammy/.vscode/extensions/redhat.java-1.42.0-linux-x64/dist/extension.js:2:1069728)
	at /home/sammy/.vscode/extensions/redhat.java-1.42.0-linux-x64/dist/extension.js:2:1064512
	at Immediate.<anonymous> (/home/sammy/.vscode/extensions/redhat.java-1.42.0-linux-x64/dist/extension.js:2:1064532)
	at process.processImmediate (node:internal/timers:483:21)
2025-06-04 20:41:05.675 [error] [redhat.java] provider FAILED
2025-06-04 20:41:05.675 [error] Error: The request (id: 5838, method: 'textDocument/documentSymbol') has been cancelled
	at /home/sammy/.vscode/extensions/redhat.java-1.42.0-linux-x64/dist/extension.js:2:1069434
	at re (/home/sammy/.vscode/extensions/redhat.java-1.42.0-linux-x64/dist/extension.js:2:1069728)
	at /home/sammy/.vscode/extensions/redhat.java-1.42.0-linux-x64/dist/extension.js:2:1064512
	at Immediate.<anonymous> (/home/sammy/.vscode/extensions/redhat.java-1.42.0-linux-x64/dist/extension.js:2:1064532)
	at process.processImmediate (node:internal/timers:483:21)
2025-06-04 20:41:26.410 [error] [redhat.java] provider FAILED
2025-06-04 20:41:26.411 [error] Error: The request (id: 5905, method: 'textDocument/documentSymbol') has been cancelled
	at /home/sammy/.vscode/extensions/redhat.java-1.42.0-linux-x64/dist/extension.js:2:1069434
	at re (/home/sammy/.vscode/extensions/redhat.java-1.42.0-linux-x64/dist/extension.js:2:1069728)
	at /home/sammy/.vscode/extensions/redhat.java-1.42.0-linux-x64/dist/extension.js:2:1064512
	at Immediate.<anonymous> (/home/sammy/.vscode/extensions/redhat.java-1.42.0-linux-x64/dist/extension.js:2:1064532)
	at process.processImmediate (node:internal/timers:483:21)
2025-06-04 20:42:01.075 [error] [redhat.java] provider FAILED
2025-06-04 20:42:01.075 [error] Error: The request (id: 6075, method: 'textDocument/documentSymbol') has been cancelled
	at /home/sammy/.vscode/extensions/redhat.java-1.42.0-linux-x64/dist/extension.js:2:1069434
	at re (/home/sammy/.vscode/extensions/redhat.java-1.42.0-linux-x64/dist/extension.js:2:1069728)
	at /home/sammy/.vscode/extensions/redhat.java-1.42.0-linux-x64/dist/extension.js:2:1064512
	at Immediate.<anonymous> (/home/sammy/.vscode/extensions/redhat.java-1.42.0-linux-x64/dist/extension.js:2:1064532)
	at process.processImmediate (node:internal/timers:483:21)
2025-06-04 20:42:02.621 [error] [redhat.java] provider FAILED
2025-06-04 20:42:02.621 [error] Error: The request (id: 6103, method: 'textDocument/documentSymbol') has been cancelled
	at /home/sammy/.vscode/extensions/redhat.java-1.42.0-linux-x64/dist/extension.js:2:1069434
	at re (/home/sammy/.vscode/extensions/redhat.java-1.42.0-linux-x64/dist/extension.js:2:1069728)
	at /home/sammy/.vscode/extensions/redhat.java-1.42.0-linux-x64/dist/extension.js:2:1064512
	at Immediate.<anonymous> (/home/sammy/.vscode/extensions/redhat.java-1.42.0-linux-x64/dist/extension.js:2:1064532)
	at process.processImmediate (node:internal/timers:483:21)
2025-06-04 20:42:12.539 [error] [redhat.java] provider FAILED
2025-06-04 20:42:12.539 [error] Error: The request (id: 6226, method: 'textDocument/documentSymbol') has been cancelled
	at /home/sammy/.vscode/extensions/redhat.java-1.42.0-linux-x64/dist/extension.js:2:1069434
	at re (/home/sammy/.vscode/extensions/redhat.java-1.42.0-linux-x64/dist/extension.js:2:1069728)
	at /home/sammy/.vscode/extensions/redhat.java-1.42.0-linux-x64/dist/extension.js:2:1064512
	at Immediate.<anonymous> (/home/sammy/.vscode/extensions/redhat.java-1.42.0-linux-x64/dist/extension.js:2:1064532)
	at process.processImmediate (node:internal/timers:483:21)
2025-06-04 20:42:12.836 [error] [redhat.java] provider FAILED
2025-06-04 20:42:12.836 [error] Error: The request (id: 6232, method: 'textDocument/documentSymbol') has been cancelled
	at /home/sammy/.vscode/extensions/redhat.java-1.42.0-linux-x64/dist/extension.js:2:1069434
	at re (/home/sammy/.vscode/extensions/redhat.java-1.42.0-linux-x64/dist/extension.js:2:1069728)
	at /home/sammy/.vscode/extensions/redhat.java-1.42.0-linux-x64/dist/extension.js:2:1064512
	at Immediate.<anonymous> (/home/sammy/.vscode/extensions/redhat.java-1.42.0-linux-x64/dist/extension.js:2:1064532)
	at process.processImmediate (node:internal/timers:483:21)
2025-06-04 20:46:23.886 [error] [redhat.java] provider FAILED
2025-06-04 20:46:23.887 [error] Error: The request (id: 7248, method: 'textDocument/documentSymbol') has been cancelled
	at /home/sammy/.vscode/extensions/redhat.java-1.42.0-linux-x64/dist/extension.js:2:1069434
	at re (/home/sammy/.vscode/extensions/redhat.java-1.42.0-linux-x64/dist/extension.js:2:1069728)
	at /home/sammy/.vscode/extensions/redhat.java-1.42.0-linux-x64/dist/extension.js:2:1064512
	at Immediate.<anonymous> (/home/sammy/.vscode/extensions/redhat.java-1.42.0-linux-x64/dist/extension.js:2:1064532)
	at process.processImmediate (node:internal/timers:483:21)
2025-06-04 20:46:25.354 [error] [redhat.java] provider FAILED
2025-06-04 20:46:25.355 [error] Error: The request (id: 7267, method: 'textDocument/documentSymbol') has been cancelled
	at /home/sammy/.vscode/extensions/redhat.java-1.42.0-linux-x64/dist/extension.js:2:1069434
	at re (/home/sammy/.vscode/extensions/redhat.java-1.42.0-linux-x64/dist/extension.js:2:1069728)
	at /home/sammy/.vscode/extensions/redhat.java-1.42.0-linux-x64/dist/extension.js:2:1064512
	at Immediate.<anonymous> (/home/sammy/.vscode/extensions/redhat.java-1.42.0-linux-x64/dist/extension.js:2:1064532)
	at process.processImmediate (node:internal/timers:483:21)
2025-06-04 20:47:52.543 [error] [redhat.java] provider FAILED
2025-06-04 20:47:52.543 [error] Error: The request (id: 7367, method: 'textDocument/hover') has been cancelled
	at /home/sammy/.vscode/extensions/redhat.java-1.42.0-linux-x64/dist/extension.js:2:1069434
	at re (/home/sammy/.vscode/extensions/redhat.java-1.42.0-linux-x64/dist/extension.js:2:1069728)
	at /home/sammy/.vscode/extensions/redhat.java-1.42.0-linux-x64/dist/extension.js:2:1064512
	at Immediate.<anonymous> (/home/sammy/.vscode/extensions/redhat.java-1.42.0-linux-x64/dist/extension.js:2:1064532)
	at process.processImmediate (node:internal/timers:483:21)
2025-06-04 20:48:01.055 [error] [redhat.java] provider FAILED
2025-06-04 20:48:01.055 [error] Error: The request (id: 7445, method: 'textDocument/documentSymbol') has been cancelled
	at /home/sammy/.vscode/extensions/redhat.java-1.42.0-linux-x64/dist/extension.js:2:1069434
	at re (/home/sammy/.vscode/extensions/redhat.java-1.42.0-linux-x64/dist/extension.js:2:1069728)
	at /home/sammy/.vscode/extensions/redhat.java-1.42.0-linux-x64/dist/extension.js:2:1064512
	at Immediate.<anonymous> (/home/sammy/.vscode/extensions/redhat.java-1.42.0-linux-x64/dist/extension.js:2:1064532)
	at process.processImmediate (node:internal/timers:483:21)
2025-06-04 20:48:08.453 [error] [redhat.java] provider FAILED
2025-06-04 20:48:08.453 [error] Error: The request (id: 7500, method: 'textDocument/documentSymbol') has been cancelled
	at /home/sammy/.vscode/extensions/redhat.java-1.42.0-linux-x64/dist/extension.js:2:1069434
	at re (/home/sammy/.vscode/extensions/redhat.java-1.42.0-linux-x64/dist/extension.js:2:1069728)
	at /home/sammy/.vscode/extensions/redhat.java-1.42.0-linux-x64/dist/extension.js:2:1064512
	at Immediate.<anonymous> (/home/sammy/.vscode/extensions/redhat.java-1.42.0-linux-x64/dist/extension.js:2:1064532)
	at process.processImmediate (node:internal/timers:483:21)
2025-06-04 20:48:38.995 [error] [redhat.java] provider FAILED
2025-06-04 20:48:38.995 [error] Error: The request (id: 7718, method: 'textDocument/documentSymbol') has been cancelled
	at /home/sammy/.vscode/extensions/redhat.java-1.42.0-linux-x64/dist/extension.js:2:1069434
	at re (/home/sammy/.vscode/extensions/redhat.java-1.42.0-linux-x64/dist/extension.js:2:1069728)
	at /home/sammy/.vscode/extensions/redhat.java-1.42.0-linux-x64/dist/extension.js:2:1064512
	at Immediate.<anonymous> (/home/sammy/.vscode/extensions/redhat.java-1.42.0-linux-x64/dist/extension.js:2:1064532)
	at process.processImmediate (node:internal/timers:483:21)
2025-06-04 20:48:48.209 [error] [redhat.java] provider FAILED
2025-06-04 20:48:48.209 [error] Error: The request (id: 7809, method: 'textDocument/documentSymbol') has been cancelled
	at /home/sammy/.vscode/extensions/redhat.java-1.42.0-linux-x64/dist/extension.js:2:1069434
	at re (/home/sammy/.vscode/extensions/redhat.java-1.42.0-linux-x64/dist/extension.js:2:1069728)
	at /home/sammy/.vscode/extensions/redhat.java-1.42.0-linux-x64/dist/extension.js:2:1064512
	at Immediate.<anonymous> (/home/sammy/.vscode/extensions/redhat.java-1.42.0-linux-x64/dist/extension.js:2:1064532)
	at process.processImmediate (node:internal/timers:483:21)
2025-06-04 20:48:53.487 [error] [redhat.java] provider FAILED
2025-06-04 20:48:53.487 [error] Error: The request (id: 7882, method: 'textDocument/documentSymbol') has been cancelled
	at /home/sammy/.vscode/extensions/redhat.java-1.42.0-linux-x64/dist/extension.js:2:1069434
	at re (/home/sammy/.vscode/extensions/redhat.java-1.42.0-linux-x64/dist/extension.js:2:1069728)
	at /home/sammy/.vscode/extensions/redhat.java-1.42.0-linux-x64/dist/extension.js:2:1064512
	at Immediate.<anonymous> (/home/sammy/.vscode/extensions/redhat.java-1.42.0-linux-x64/dist/extension.js:2:1064532)
	at process.processImmediate (node:internal/timers:483:21)
2025-06-04 20:49:02.790 [error] [redhat.java] provider FAILED
2025-06-04 20:49:02.791 [error] Error: The request (id: 8014, method: 'textDocument/documentSymbol') has been cancelled
	at /home/sammy/.vscode/extensions/redhat.java-1.42.0-linux-x64/dist/extension.js:2:1069434
	at re (/home/sammy/.vscode/extensions/redhat.java-1.42.0-linux-x64/dist/extension.js:2:1069728)
	at /home/sammy/.vscode/extensions/redhat.java-1.42.0-linux-x64/dist/extension.js:2:1064512
	at Immediate.<anonymous> (/home/sammy/.vscode/extensions/redhat.java-1.42.0-linux-x64/dist/extension.js:2:1064532)
	at process.processImmediate (node:internal/timers:483:21)
2025-06-04 20:49:23.730 [error] [redhat.java] provider FAILED
2025-06-04 20:49:23.730 [error] Error: The request (id: 8164, method: 'textDocument/documentSymbol') has been cancelled
	at /home/sammy/.vscode/extensions/redhat.java-1.42.0-linux-x64/dist/extension.js:2:1069434
	at re (/home/sammy/.vscode/extensions/redhat.java-1.42.0-linux-x64/dist/extension.js:2:1069728)
	at /home/sammy/.vscode/extensions/redhat.java-1.42.0-linux-x64/dist/extension.js:2:1064512
	at Immediate.<anonymous> (/home/sammy/.vscode/extensions/redhat.java-1.42.0-linux-x64/dist/extension.js:2:1064532)
	at process.processImmediate (node:internal/timers:483:21)
2025-06-04 20:49:24.970 [error] [redhat.java] provider FAILED
2025-06-04 20:49:24.970 [error] Error: The request (id: 8183, method: 'textDocument/documentSymbol') has been cancelled
	at /home/sammy/.vscode/extensions/redhat.java-1.42.0-linux-x64/dist/extension.js:2:1069434
	at re (/home/sammy/.vscode/extensions/redhat.java-1.42.0-linux-x64/dist/extension.js:2:1069728)
	at /home/sammy/.vscode/extensions/redhat.java-1.42.0-linux-x64/dist/extension.js:2:1064512
	at Immediate.<anonymous> (/home/sammy/.vscode/extensions/redhat.java-1.42.0-linux-x64/dist/extension.js:2:1064532)
	at process.processImmediate (node:internal/timers:483:21)
2025-06-04 20:49:42.470 [error] [redhat.java] provider FAILED
2025-06-04 20:49:42.470 [error] Error: The request (id: 8310, method: 'textDocument/documentSymbol') has been cancelled
	at /home/sammy/.vscode/extensions/redhat.java-1.42.0-linux-x64/dist/extension.js:2:1069434
	at re (/home/sammy/.vscode/extensions/redhat.java-1.42.0-linux-x64/dist/extension.js:2:1069728)
	at /home/sammy/.vscode/extensions/redhat.java-1.42.0-linux-x64/dist/extension.js:2:1064512
	at Immediate.<anonymous> (/home/sammy/.vscode/extensions/redhat.java-1.42.0-linux-x64/dist/extension.js:2:1064532)
	at process.processImmediate (node:internal/timers:483:21)
2025-06-04 20:50:50.916 [info] ExtensionService#_doActivateExtension vscode.npm, startup: false, activationEvent: 'onTerminalQuickFixRequest:ms-vscode.npm-command'
2025-06-04 20:51:52.792 [error] [redhat.java] provider FAILED
2025-06-04 20:51:52.792 [error] Error: The request (id: 8566, method: 'textDocument/documentSymbol') has been cancelled
	at /home/sammy/.vscode/extensions/redhat.java-1.42.0-linux-x64/dist/extension.js:2:1069434
	at re (/home/sammy/.vscode/extensions/redhat.java-1.42.0-linux-x64/dist/extension.js:2:1069728)
	at /home/sammy/.vscode/extensions/redhat.java-1.42.0-linux-x64/dist/extension.js:2:1064512
	at Immediate.<anonymous> (/home/sammy/.vscode/extensions/redhat.java-1.42.0-linux-x64/dist/extension.js:2:1064532)
	at process.processImmediate (node:internal/timers:483:21)
2025-06-04 20:51:59.048 [error] [redhat.java] provider FAILED
2025-06-04 20:51:59.048 [error] Error: The request (id: 8619, method: 'textDocument/documentSymbol') has been cancelled
	at /home/sammy/.vscode/extensions/redhat.java-1.42.0-linux-x64/dist/extension.js:2:1069434
	at re (/home/sammy/.vscode/extensions/redhat.java-1.42.0-linux-x64/dist/extension.js:2:1069728)
	at /home/sammy/.vscode/extensions/redhat.java-1.42.0-linux-x64/dist/extension.js:2:1064512
	at Immediate.<anonymous> (/home/sammy/.vscode/extensions/redhat.java-1.42.0-linux-x64/dist/extension.js:2:1064532)
	at process.processImmediate (node:internal/timers:483:21)
2025-06-04 20:51:59.409 [error] [redhat.java] provider FAILED
2025-06-04 20:51:59.409 [error] Error: The request (id: 8627, method: 'textDocument/documentSymbol') has been cancelled
	at /home/sammy/.vscode/extensions/redhat.java-1.42.0-linux-x64/dist/extension.js:2:1069434
	at re (/home/sammy/.vscode/extensions/redhat.java-1.42.0-linux-x64/dist/extension.js:2:1069728)
	at /home/sammy/.vscode/extensions/redhat.java-1.42.0-linux-x64/dist/extension.js:2:1064512
	at Immediate.<anonymous> (/home/sammy/.vscode/extensions/redhat.java-1.42.0-linux-x64/dist/extension.js:2:1064532)
	at process.processImmediate (node:internal/timers:483:21)
2025-06-04 20:52:01.029 [error] [redhat.java] provider FAILED
2025-06-04 20:52:01.029 [error] Error: The request (id: 8649, method: 'textDocument/documentSymbol') has been cancelled
	at /home/sammy/.vscode/extensions/redhat.java-1.42.0-linux-x64/dist/extension.js:2:1069434
	at re (/home/sammy/.vscode/extensions/redhat.java-1.42.0-linux-x64/dist/extension.js:2:1069728)
	at /home/sammy/.vscode/extensions/redhat.java-1.42.0-linux-x64/dist/extension.js:2:1064512
	at Immediate.<anonymous> (/home/sammy/.vscode/extensions/redhat.java-1.42.0-linux-x64/dist/extension.js:2:1064532)
	at process.processImmediate (node:internal/timers:483:21)
2025-06-04 20:52:43.422 [error] [redhat.java] provider FAILED
2025-06-04 20:52:43.422 [error] Error: The request (id: 8710, method: 'textDocument/documentSymbol') has been cancelled
	at /home/sammy/.vscode/extensions/redhat.java-1.42.0-linux-x64/dist/extension.js:2:1069434
	at re (/home/sammy/.vscode/extensions/redhat.java-1.42.0-linux-x64/dist/extension.js:2:1069728)
	at /home/sammy/.vscode/extensions/redhat.java-1.42.0-linux-x64/dist/extension.js:2:1064512
	at Immediate.<anonymous> (/home/sammy/.vscode/extensions/redhat.java-1.42.0-linux-x64/dist/extension.js:2:1064532)
	at process.processImmediate (node:internal/timers:483:21)
2025-06-04 20:52:43.751 [error] [redhat.java] provider FAILED
2025-06-04 20:52:43.751 [error] Error: The request (id: 8716, method: 'textDocument/documentSymbol') has been cancelled
	at /home/sammy/.vscode/extensions/redhat.java-1.42.0-linux-x64/dist/extension.js:2:1069434
	at re (/home/sammy/.vscode/extensions/redhat.java-1.42.0-linux-x64/dist/extension.js:2:1069728)
	at /home/sammy/.vscode/extensions/redhat.java-1.42.0-linux-x64/dist/extension.js:2:1064512
	at Immediate.<anonymous> (/home/sammy/.vscode/extensions/redhat.java-1.42.0-linux-x64/dist/extension.js:2:1064532)
	at process.processImmediate (node:internal/timers:483:21)
2025-06-04 20:54:13.117 [error] Error: ENOENT: no such file or directory, lstat '/home/sammy/Desktop/temp/hello-world/LibraryJava/Main.java.git'
2025-06-04 20:54:48.768 [error] Error: ENOENT: no such file or directory, lstat '/home/sammy/Desktop/temp/hello-world/LibraryJava/Main.java.git'
2025-06-04 20:54:53.660 [error] Error: ENOENT: no such file or directory, lstat '/home/sammy/Desktop/temp/hello-world/LibraryJava/Main.java.git'
2025-06-04 20:55:00.369 [error] Error: ENOENT: no such file or directory, lstat '/home/sammy/Desktop/temp/hello-world/LibraryJava/Main.java.git'
2025-06-04 20:55:00.369 [error] Error: ENOENT: no such file or directory, lstat '/home/sammy/Desktop/temp/hello-world/LibraryJava/Main.java.git'
2025-06-04 20:55:19.356 [error] Error: ENOENT: no such file or directory, lstat '/home/sammy/Desktop/temp/hello-world/LibraryJava/Main.java.git'
2025-06-04 20:55:19.356 [error] Error: ENOENT: no such file or directory, lstat '/home/sammy/Desktop/temp/hello-world/LibraryJava/Main.java.git'
2025-06-04 20:55:26.924 [error] Error: ENOENT: no such file or directory, lstat '/home/sammy/Desktop/temp/hello-world/LibraryJava/Main.java.git'
2025-06-04 20:55:26.924 [error] Error: ENOENT: no such file or directory, lstat '/home/sammy/Desktop/temp/hello-world/LibraryJava/Main.java.git'
2025-06-04 20:56:28.719 [info] Extension host terminating: renderer closed the MessagePort
2025-06-04 20:56:28.850 [error] Error: Channel has been closed
	at s (file:///usr/share/code/resources/app/out/vs/workbench/api/node/extensionHostProcess.js:125:2431)
	at Object.appendLine (file:///usr/share/code/resources/app/out/vs/workbench/api/node/extensionHostProcess.js:125:2570)
	at R.logOutputMessage (/usr/share/code/resources/app/extensions/json-language-features/client/dist/node/jsonClientMain.js:2:290791)
	at R.info (/usr/share/code/resources/app/extensions/json-language-features/client/dist/node/jsonClientMain.js:2:290524)
	at ChildProcess.<anonymous> (/usr/share/code/resources/app/extensions/json-language-features/client/dist/node/jsonClientMain.js:2:514797)
	at ChildProcess.emit (node:events:524:28)
	at ChildProcess._handle.onexit (node:internal/child_process:293:12)
2025-06-04 20:56:29.132 [error] Error: Pending response rejected since connection got disposed
	at Object.dispose (/home/sammy/.vscode/extensions/oracle.oracle-java-24.0.0/node_modules/vscode-jsonrpc/lib/common/connection.js:1167:27)
	at Object.dispose (/home/sammy/.vscode/extensions/oracle.oracle-java-24.0.0/node_modules/vscode-languageclient/lib/common/client.js:1586:35)
	at NbLanguageClient.handleConnectionClosed (/home/sammy/.vscode/extensions/oracle.oracle-java-24.0.0/node_modules/vscode-languageclient/lib/common/client.js:1155:34)
	at NbLanguageClient.handleConnectionClosed (/home/sammy/.vscode/extensions/oracle.oracle-java-24.0.0/node_modules/vscode-languageclient/lib/node/main.js:180:22)
	at closeHandler (/home/sammy/.vscode/extensions/oracle.oracle-java-24.0.0/node_modules/vscode-languageclient/lib/common/client.js:1142:18)
	at CallbackList.invoke (/home/sammy/.vscode/extensions/oracle.oracle-java-24.0.0/node_modules/vscode-jsonrpc/lib/common/events.js:55:39)
	at Emitter.fire (/home/sammy/.vscode/extensions/oracle.oracle-java-24.0.0/node_modules/vscode-jsonrpc/lib/common/events.js:117:36)
	at closeHandler (/home/sammy/.vscode/extensions/oracle.oracle-java-24.0.0/node_modules/vscode-jsonrpc/lib/common/connection.js:314:26)
	at CallbackList.invoke (/home/sammy/.vscode/extensions/oracle.oracle-java-24.0.0/node_modules/vscode-jsonrpc/lib/common/events.js:55:39)
	at Emitter.fire (/home/sammy/.vscode/extensions/oracle.oracle-java-24.0.0/node_modules/vscode-jsonrpc/lib/common/events.js:117:36)
	at StreamMessageWriter.fireClose (/home/sammy/.vscode/extensions/oracle.oracle-java-24.0.0/node_modules/vscode-jsonrpc/lib/common/messageWriter.js:42:27)
	at Socket.<anonymous> (/home/sammy/.vscode/extensions/oracle.oracle-java-24.0.0/node_modules/vscode-jsonrpc/lib/common/messageWriter.js:74:42)
	at Socket.emit (node:events:536:35)
	at TCP.<anonymous> (node:net:343:12)
2025-06-04 20:56:29.132 [info] Extension host with pid 67025 exiting with code 0
2025-06-04 20:56:29.935 [info] Extension host with pid 78071 started
2025-06-04 20:56:29.935 [info] Skipping acquiring lock for /home/sammy/.config/Code/User/workspaceStorage/dd918b45ff2846cfdfc8919a1dd5fea0.
2025-06-04 20:56:30.093 [info] ExtensionService#_doActivateExtension vscode.github-authentication, startup: false, activationEvent: 'onAuthenticationRequest:github'
2025-06-04 20:56:30.194 [info] ExtensionService#_doActivateExtension vscode.git-base, startup: true, activationEvent: '*', root cause: vscode.git
2025-06-04 20:56:30.265 [info] ExtensionService#_doActivateExtension vscode.git, startup: true, activationEvent: '*'
2025-06-04 20:56:30.305 [info] ExtensionService#_doActivateExtension vscode.github, startup: true, activationEvent: '*'
2025-06-04 20:56:30.367 [info] ExtensionService#_doActivateExtension Oracle.oracle-java, startup: true, activationEvent: 'workspaceContains:**/*.java'
2025-06-04 20:56:30.474 [info] Eager extensions activated
2025-06-04 20:56:30.527 [info] ExtensionService#_doActivateExtension vscode.debug-auto-launch, startup: false, activationEvent: 'onStartupFinished'
2025-06-04 20:56:30.529 [info] ExtensionService#_doActivateExtension vscode.merge-conflict, startup: false, activationEvent: 'onStartupFinished'
2025-06-04 20:56:30.547 [info] ExtensionService#_doActivateExtension vscode.configuration-editing, startup: false, activationEvent: 'onLanguage:jsonc'
2025-06-04 20:56:30.555 [info] ExtensionService#_doActivateExtension vscode.json-language-features, startup: false, activationEvent: 'onLanguage:jsonc'
2025-06-04 20:56:30.620 [info] ExtensionService#_doActivateExtension vscode.typescript-language-features, startup: false, activationEvent: 'onLanguage:jsonc'
2025-06-04 20:56:30.684 [info] ExtensionService#_doActivateExtension vscode.emmet, startup: false, activationEvent: 'onLanguage'
2025-06-04 20:59:47.631 [info] ExtensionService#_doActivateExtension redhat.java, startup: false, activationEvent: 'onLanguage:java'
2025-06-04 20:59:47.854 [info] ExtensionService#_doActivateExtension VisualStudioExptTeam.vscodeintellicode, startup: false, activationEvent: 'onLanguage:java'
2025-06-04 20:59:47.918 [info] ExtensionService#_doActivateExtension vscjava.vscode-java-debug, startup: false, activationEvent: 'onLanguage:java'
2025-06-04 20:59:47.996 [info] ExtensionService#_doActivateExtension vscjava.vscode-java-dependency, startup: false, activationEvent: 'onLanguage:java'
2025-06-04 20:59:48.122 [info] ExtensionService#_doActivateExtension vscjava.vscode-java-pack, startup: false, activationEvent: 'onLanguage:java'
2025-06-04 20:59:48.858 [warning] [redhat.java] Accessing a resource scoped configuration without providing a resource is not expected. To get the effective value for '[java]', provide the URI of a resource or 'null' for any resource.
2025-06-04 20:59:49.060 [info] ExtensionService#_doActivateExtension vscjava.vscode-java-test, startup: false, activationEvent: 'onLanguage:java'
2025-06-04 20:59:49.296 [warning] [redhat.java] Accessing a resource scoped configuration without providing a resource is not expected. To get the effective value for '[java]', provide the URI of a resource or 'null' for any resource.
2025-06-04 20:59:50.556 [info] ExtensionService#_doActivateExtension ms-vscode.cpptools, startup: false, activationEvent: 'onLanguage:cpp'
2025-06-04 20:59:53.297 [error] [redhat.java] provider FAILED
2025-06-04 20:59:53.300 [error] Error: The request (id: 1, method: 'textDocument/documentSymbol') has been cancelled
	at /home/sammy/.vscode/extensions/redhat.java-1.42.0-linux-x64/dist/extension.js:2:1069434
	at re (/home/sammy/.vscode/extensions/redhat.java-1.42.0-linux-x64/dist/extension.js:2:1069728)
	at /home/sammy/.vscode/extensions/redhat.java-1.42.0-linux-x64/dist/extension.js:2:1064512
	at Immediate.<anonymous> (/home/sammy/.vscode/extensions/redhat.java-1.42.0-linux-x64/dist/extension.js:2:1064532)
	at process.processImmediate (node:internal/timers:483:21)
2025-06-04 20:59:53.301 [error] [redhat.java] provider FAILED
2025-06-04 20:59:53.302 [error] Error: The request (id: 2, method: 'textDocument/documentSymbol') has been cancelled
	at /home/sammy/.vscode/extensions/redhat.java-1.42.0-linux-x64/dist/extension.js:2:1069434
	at re (/home/sammy/.vscode/extensions/redhat.java-1.42.0-linux-x64/dist/extension.js:2:1069728)
	at /home/sammy/.vscode/extensions/redhat.java-1.42.0-linux-x64/dist/extension.js:2:1064512
	at Immediate.<anonymous> (/home/sammy/.vscode/extensions/redhat.java-1.42.0-linux-x64/dist/extension.js:2:1064532)
	at process.processImmediate (node:internal/timers:483:21)
2025-06-04 21:04:02.406 [info] Extension host terminating: renderer closed the MessagePort
2025-06-04 21:04:02.497 [error] Error: Channel has been closed
	at s (file:///usr/share/code/resources/app/out/vs/workbench/api/node/extensionHostProcess.js:125:2431)
	at Object.appendLine (file:///usr/share/code/resources/app/out/vs/workbench/api/node/extensionHostProcess.js:125:2570)
	at R.logOutputMessage (/usr/share/code/resources/app/extensions/json-language-features/client/dist/node/jsonClientMain.js:2:290791)
	at R.info (/usr/share/code/resources/app/extensions/json-language-features/client/dist/node/jsonClientMain.js:2:290524)
	at ChildProcess.<anonymous> (/usr/share/code/resources/app/extensions/json-language-features/client/dist/node/jsonClientMain.js:2:514797)
	at ChildProcess.emit (node:events:524:28)
	at ChildProcess._handle.onexit (node:internal/child_process:293:12)
2025-06-04 21:04:02.790 [error] Error: Pending response rejected since connection got disposed
	at Object.dispose (/home/sammy/.vscode/extensions/oracle.oracle-java-24.0.0/node_modules/vscode-jsonrpc/lib/common/connection.js:1167:27)
	at Object.dispose (/home/sammy/.vscode/extensions/oracle.oracle-java-24.0.0/node_modules/vscode-languageclient/lib/common/client.js:1586:35)
	at NbLanguageClient.handleConnectionClosed (/home/sammy/.vscode/extensions/oracle.oracle-java-24.0.0/node_modules/vscode-languageclient/lib/common/client.js:1155:34)
	at NbLanguageClient.handleConnectionClosed (/home/sammy/.vscode/extensions/oracle.oracle-java-24.0.0/node_modules/vscode-languageclient/lib/node/main.js:180:22)
	at closeHandler (/home/sammy/.vscode/extensions/oracle.oracle-java-24.0.0/node_modules/vscode-languageclient/lib/common/client.js:1142:18)
	at CallbackList.invoke (/home/sammy/.vscode/extensions/oracle.oracle-java-24.0.0/node_modules/vscode-jsonrpc/lib/common/events.js:55:39)
	at Emitter.fire (/home/sammy/.vscode/extensions/oracle.oracle-java-24.0.0/node_modules/vscode-jsonrpc/lib/common/events.js:117:36)
	at closeHandler (/home/sammy/.vscode/extensions/oracle.oracle-java-24.0.0/node_modules/vscode-jsonrpc/lib/common/connection.js:314:26)
	at CallbackList.invoke (/home/sammy/.vscode/extensions/oracle.oracle-java-24.0.0/node_modules/vscode-jsonrpc/lib/common/events.js:55:39)
	at Emitter.fire (/home/sammy/.vscode/extensions/oracle.oracle-java-24.0.0/node_modules/vscode-jsonrpc/lib/common/events.js:117:36)
	at StreamMessageWriter.fireClose (/home/sammy/.vscode/extensions/oracle.oracle-java-24.0.0/node_modules/vscode-jsonrpc/lib/common/messageWriter.js:42:27)
	at Socket.<anonymous> (/home/sammy/.vscode/extensions/oracle.oracle-java-24.0.0/node_modules/vscode-jsonrpc/lib/common/messageWriter.js:74:42)
	at Socket.emit (node:events:536:35)
	at TCP.<anonymous> (node:net:343:12)
2025-06-04 21:04:02.790 [info] Extension host with pid 78071 exiting with code 0
2025-06-04 21:04:03.586 [info] Extension host with pid 80343 started
2025-06-04 21:04:03.586 [info] Skipping acquiring lock for /home/sammy/.config/Code/User/workspaceStorage/f0977eb9793bdba8cbd14f99ae931749.
2025-06-04 21:04:03.778 [info] ExtensionService#_doActivateExtension vscode.github-authentication, startup: false, activationEvent: 'onAuthenticationRequest:github'
2025-06-04 21:04:03.801 [info] ExtensionService#_doActivateExtension vscode.emmet, startup: false, activationEvent: 'onLanguage'
2025-06-04 21:04:03.824 [info] ExtensionService#_doActivateExtension Oracle.oracle-java, startup: false, activationEvent: 'onLanguage:java'
2025-06-04 21:04:03.913 [info] ExtensionService#_doActivateExtension redhat.java, startup: false, activationEvent: 'onLanguage:java'
2025-06-04 21:04:04.046 [info] ExtensionService#_doActivateExtension VisualStudioExptTeam.vscodeintellicode, startup: false, activationEvent: 'onLanguage:java'
2025-06-04 21:04:04.085 [info] ExtensionService#_doActivateExtension vscjava.vscode-java-debug, startup: false, activationEvent: 'onLanguage:java'
2025-06-04 21:04:04.130 [info] ExtensionService#_doActivateExtension vscjava.vscode-java-dependency, startup: false, activationEvent: 'onLanguage:java'
2025-06-04 21:04:04.191 [info] ExtensionService#_doActivateExtension vscjava.vscode-java-pack, startup: false, activationEvent: 'onLanguage:java'
2025-06-04 21:04:04.545 [info] ExtensionService#_doActivateExtension vscode.configuration-editing, startup: false, activationEvent: 'onLanguage:jsonc'
2025-06-04 21:04:04.557 [info] ExtensionService#_doActivateExtension vscode.json-language-features, startup: false, activationEvent: 'onLanguage:jsonc'
2025-06-04 21:04:04.613 [info] ExtensionService#_doActivateExtension vscode.typescript-language-features, startup: false, activationEvent: 'onLanguage:jsonc'
2025-06-04 21:04:04.801 [info] ExtensionService#_doActivateExtension vscode.git-base, startup: true, activationEvent: '*', root cause: vscode.git
2025-06-04 21:04:04.931 [info] ExtensionService#_doActivateExtension vscode.git, startup: true, activationEvent: '*'
2025-06-04 21:04:04.990 [info] ExtensionService#_doActivateExtension vscode.github, startup: true, activationEvent: '*'
2025-06-04 21:04:05.133 [info] Eager extensions activated
2025-06-04 21:04:05.200 [info] ExtensionService#_doActivateExtension vscode.debug-auto-launch, startup: false, activationEvent: 'onStartupFinished'
2025-06-04 21:04:05.203 [info] ExtensionService#_doActivateExtension vscode.merge-conflict, startup: false, activationEvent: 'onStartupFinished'
2025-06-04 21:04:05.723 [warning] [redhat.java] Accessing a resource scoped configuration without providing a resource is not expected. To get the effective value for '[java]', provide the URI of a resource or 'null' for any resource.
2025-06-04 21:04:05.916 [info] ExtensionService#_doActivateExtension vscjava.vscode-java-test, startup: false, activationEvent: 'onLanguage:java'
2025-06-04 21:04:06.160 [warning] [redhat.java] Accessing a resource scoped configuration without providing a resource is not expected. To get the effective value for '[java]', provide the URI of a resource or 'null' for any resource.
2025-06-04 21:04:12.276 [error] [redhat.java] provider FAILED
2025-06-04 21:04:12.285 [error] Error: The request (id: 1, method: 'textDocument/documentSymbol') has been cancelled
	at /home/sammy/.vscode/extensions/redhat.java-1.42.0-linux-x64/dist/extension.js:2:1069434
	at re (/home/sammy/.vscode/extensions/redhat.java-1.42.0-linux-x64/dist/extension.js:2:1069728)
	at /home/sammy/.vscode/extensions/redhat.java-1.42.0-linux-x64/dist/extension.js:2:1064512
	at Immediate.<anonymous> (/home/sammy/.vscode/extensions/redhat.java-1.42.0-linux-x64/dist/extension.js:2:1064532)
	at process.processImmediate (node:internal/timers:483:21)
2025-06-04 21:04:12.287 [error] [redhat.java] provider FAILED
2025-06-04 21:04:12.287 [error] Error: The request (id: 2, method: 'textDocument/documentSymbol') has been cancelled
	at /home/sammy/.vscode/extensions/redhat.java-1.42.0-linux-x64/dist/extension.js:2:1069434
	at re (/home/sammy/.vscode/extensions/redhat.java-1.42.0-linux-x64/dist/extension.js:2:1069728)
	at /home/sammy/.vscode/extensions/redhat.java-1.42.0-linux-x64/dist/extension.js:2:1064512
	at Immediate.<anonymous> (/home/sammy/.vscode/extensions/redhat.java-1.42.0-linux-x64/dist/extension.js:2:1064532)
	at process.processImmediate (node:internal/timers:483:21)
2025-06-04 21:07:10.266 [error] [redhat.java] provider FAILED
2025-06-04 21:07:10.266 [error] Error: The request (id: 159, method: 'textDocument/documentSymbol') has been cancelled
	at /home/sammy/.vscode/extensions/redhat.java-1.42.0-linux-x64/dist/extension.js:2:1069434
	at re (/home/sammy/.vscode/extensions/redhat.java-1.42.0-linux-x64/dist/extension.js:2:1069728)
	at /home/sammy/.vscode/extensions/redhat.java-1.42.0-linux-x64/dist/extension.js:2:1064512
	at Immediate.<anonymous> (/home/sammy/.vscode/extensions/redhat.java-1.42.0-linux-x64/dist/extension.js:2:1064532)
	at process.processImmediate (node:internal/timers:483:21)
2025-06-04 21:09:12.871 [error] Error: ENOENT: no such file or directory, lstat '/home/sammy/Desktop/temp/pong-game/GamePanel.java.git'
2025-06-04 21:09:18.156 [error] Error: ENOENT: no such file or directory, lstat '/home/sammy/Desktop/temp/pong-game/GamePanel.java.git'
2025-06-04 21:09:21.067 [error] Error: ENOENT: no such file or directory, lstat '/home/sammy/Desktop/temp/pong-game/GamePanel.java.git'
2025-06-04 21:09:43.534 [error] Error: ENOENT: no such file or directory, lstat '/home/sammy/Desktop/temp/pong-game/GamePanel.java.git'
2025-06-04 21:09:58.846 [error] Error: ENOENT: no such file or directory, lstat '/home/sammy/Desktop/temp/pong-game/GamePanel.java.git'
2025-06-04 21:12:11.352 [info] Extension host terminating: renderer closed the MessagePort
2025-06-04 21:12:11.441 [error] Error: Channel has been closed
	at s (file:///usr/share/code/resources/app/out/vs/workbench/api/node/extensionHostProcess.js:125:2431)
	at Object.appendLine (file:///usr/share/code/resources/app/out/vs/workbench/api/node/extensionHostProcess.js:125:2570)
	at R.logOutputMessage (/usr/share/code/resources/app/extensions/json-language-features/client/dist/node/jsonClientMain.js:2:290791)
	at R.info (/usr/share/code/resources/app/extensions/json-language-features/client/dist/node/jsonClientMain.js:2:290524)
	at ChildProcess.<anonymous> (/usr/share/code/resources/app/extensions/json-language-features/client/dist/node/jsonClientMain.js:2:514797)
	at ChildProcess.emit (node:events:524:28)
	at ChildProcess._handle.onexit (node:internal/child_process:293:12)
2025-06-04 21:12:11.746 [error] Error: Pending response rejected since connection got disposed
	at Object.dispose (/home/sammy/.vscode/extensions/oracle.oracle-java-24.0.0/node_modules/vscode-jsonrpc/lib/common/connection.js:1167:27)
	at Object.dispose (/home/sammy/.vscode/extensions/oracle.oracle-java-24.0.0/node_modules/vscode-languageclient/lib/common/client.js:1586:35)
	at NbLanguageClient.handleConnectionClosed (/home/sammy/.vscode/extensions/oracle.oracle-java-24.0.0/node_modules/vscode-languageclient/lib/common/client.js:1155:34)
	at NbLanguageClient.handleConnectionClosed (/home/sammy/.vscode/extensions/oracle.oracle-java-24.0.0/node_modules/vscode-languageclient/lib/node/main.js:180:22)
	at closeHandler (/home/sammy/.vscode/extensions/oracle.oracle-java-24.0.0/node_modules/vscode-languageclient/lib/common/client.js:1142:18)
	at CallbackList.invoke (/home/sammy/.vscode/extensions/oracle.oracle-java-24.0.0/node_modules/vscode-jsonrpc/lib/common/events.js:55:39)
	at Emitter.fire (/home/sammy/.vscode/extensions/oracle.oracle-java-24.0.0/node_modules/vscode-jsonrpc/lib/common/events.js:117:36)
	at closeHandler (/home/sammy/.vscode/extensions/oracle.oracle-java-24.0.0/node_modules/vscode-jsonrpc/lib/common/connection.js:314:26)
	at CallbackList.invoke (/home/sammy/.vscode/extensions/oracle.oracle-java-24.0.0/node_modules/vscode-jsonrpc/lib/common/events.js:55:39)
	at Emitter.fire (/home/sammy/.vscode/extensions/oracle.oracle-java-24.0.0/node_modules/vscode-jsonrpc/lib/common/events.js:117:36)
	at StreamMessageWriter.fireClose (/home/sammy/.vscode/extensions/oracle.oracle-java-24.0.0/node_modules/vscode-jsonrpc/lib/common/messageWriter.js:42:27)
	at Socket.<anonymous> (/home/sammy/.vscode/extensions/oracle.oracle-java-24.0.0/node_modules/vscode-jsonrpc/lib/common/messageWriter.js:74:42)
	at Socket.emit (node:events:536:35)
	at TCP.<anonymous> (node:net:343:12)
2025-06-04 21:12:11.746 [info] Extension host with pid 80343 exiting with code 0
