2025-06-24 19:29:15.532 [info] Reading sessions from keychain...
2025-06-24 19:29:15.532 [info] Getting sessions for all scopes...
2025-06-24 19:29:15.532 [info] Getting sessions for all scopes...
2025-06-24 19:29:15.532 [info] Getting sessions for all scopes...
2025-06-24 19:29:15.532 [info] Getting sessions for all scopes...
2025-06-24 19:29:15.532 [info] Getting sessions for all scopes...
2025-06-24 19:29:15.532 [info] Getting sessions for all scopes...
2025-06-24 19:29:15.532 [info] Getting sessions for all scopes...
2025-06-24 19:29:15.638 [info] Got stored sessions!
2025-06-24 19:29:15.638 [info] Got 1 verified sessions.
2025-06-24 19:29:15.638 [info] Got 1 sessions for ...
2025-06-24 19:29:15.638 [info] Got 1 sessions for ...
2025-06-24 19:29:15.638 [info] Got 1 sessions for ...
2025-06-24 19:29:15.638 [info] Got 1 sessions for ...
2025-06-24 19:29:15.638 [info] Got 1 sessions for ...
2025-06-24 19:29:15.638 [info] Got 1 sessions for ...
2025-06-24 19:29:15.638 [info] Got 1 sessions for ...
2025-06-24 19:29:15.639 [info] Getting sessions for all scopes...
2025-06-24 19:29:15.639 [info] Got 1 sessions for ...
2025-06-24 19:29:15.725 [info] Getting sessions for all scopes...
2025-06-24 19:29:15.725 [info] Got 1 sessions for ...
2025-06-24 19:29:15.725 [info] Getting sessions for all scopes...
2025-06-24 19:29:15.725 [info] Got 1 sessions for ...
2025-06-24 19:29:15.725 [info] Getting sessions for all scopes...
2025-06-24 19:29:15.725 [info] Got 1 sessions for ...
2025-06-24 19:29:15.726 [info] Getting sessions for all scopes...
2025-06-24 19:29:15.726 [info] Got 1 sessions for ...
2025-06-24 19:29:15.726 [info] Getting sessions for all scopes...
2025-06-24 19:29:15.726 [info] Got 1 sessions for ...
2025-06-24 19:29:15.726 [info] Getting sessions for all scopes...
2025-06-24 19:29:15.726 [info] Got 1 sessions for ...
2025-06-24 19:29:16.417 [info] Getting sessions for all scopes...
2025-06-24 19:29:16.417 [info] Got 1 sessions for ...
2025-06-24 19:29:16.820 [info] Getting sessions for all scopes...
2025-06-24 19:29:16.820 [info] Got 1 sessions for ...
2025-06-24 19:29:16.940 [info] Getting sessions for read:user,repo,user:email,workflow...
2025-06-24 19:29:16.940 [info] Got 1 sessions for read:user,repo,user:email,workflow...
2025-06-24 22:10:51.502 [info] Getting sessions for read:user,repo,user:email,workflow...
2025-06-24 22:10:51.503 [info] Got 1 sessions for read:user,repo,user:email,workflow...
