2025-06-12 22:02:27.867 [info] [main] Log level: Info
2025-06-12 22:02:27.867 [info] [main] Validating found git in: "git"
2025-06-12 22:02:27.867 [info] [main] Using git "2.43.0" from "git"
2025-06-12 22:02:27.867 [info] [Model][doInitialScan] Initial repository scan started
2025-06-12 22:02:27.867 [info] > git rev-parse --show-toplevel [113ms]
2025-06-12 22:02:27.867 [info] > git rev-parse --git-dir --git-common-dir [28ms]
2025-06-12 22:02:27.867 [info] [Model][openRepository] Opened repository (path): /home/sammy/Desktop/temp/hello-world
2025-06-12 22:02:27.867 [info] [Model][openRepository] Opened repository (real path): /home/sammy/Desktop/temp/hello-world
2025-06-12 22:02:27.872 [info] > git rev-parse --show-toplevel [72ms]
2025-06-12 22:02:27.874 [info] > git config --get commit.template [85ms]
2025-06-12 22:02:27.949 [info] > git for-each-ref --format=%(refname)%00%(upstream:short)%00%(objectname)%00%(upstream:track)%00%(upstream:remotename)%00%(upstream:remoteref) refs/heads/b1 refs/remotes/b1 [7ms]
2025-06-12 22:02:27.967 [info] > git rev-parse --show-toplevel [35ms]
2025-06-12 22:02:27.983 [info] > git status -z -uall [27ms]
2025-06-12 22:02:27.983 [info] > git for-each-ref --sort -committerdate --format %(refname)%00%(objectname)%00%(*objectname) [16ms]
2025-06-12 22:02:28.017 [info] > git for-each-ref --format=%(refname)%00%(upstream:short)%00%(objectname)%00%(upstream:track)%00%(upstream:remotename)%00%(upstream:remoteref) refs/heads/b1 refs/remotes/b1 [14ms]
2025-06-12 22:02:28.025 [info] > git rev-parse --show-toplevel [44ms]
2025-06-12 22:02:28.046 [info] > git config --get --local branch.b1.vscode-merge-base [22ms]
2025-06-12 22:02:28.054 [info] > git config --get commit.template [38ms]
2025-06-12 22:02:28.058 [info] > git for-each-ref --format=%(refname)%00%(upstream:short)%00%(objectname)%00%(upstream:track)%00%(upstream:remotename)%00%(upstream:remoteref) refs/heads/origin/main refs/remotes/origin/main [4ms]
2025-06-12 22:02:28.059 [info] > git rev-parse --show-toplevel [26ms]
2025-06-12 22:02:28.086 [info] > git rev-parse --show-toplevel [3ms]
2025-06-12 22:02:28.086 [info] > git for-each-ref --format=%(refname)%00%(upstream:short)%00%(objectname)%00%(upstream:track)%00%(upstream:remotename)%00%(upstream:remoteref) refs/heads/b1 refs/remotes/b1 [13ms]
2025-06-12 22:02:28.120 [info] > git status -z -uall [24ms]
2025-06-12 22:02:28.121 [info] > git for-each-ref --sort -committerdate --format %(refname)%00%(objectname)%00%(*objectname) [20ms]
2025-06-12 22:02:28.124 [info] > git rev-parse --show-toplevel [3ms]
2025-06-12 22:02:28.134 [info] > git rev-parse --show-toplevel [1ms]
2025-06-12 22:02:28.137 [info] [Model][doInitialScan] Initial repository scan completed - repositories (1), closed repositories (0), parent repositories (0), unsafe repositories (0)
2025-06-12 22:02:28.190 [info] > git show --textconv :LinkedLists/singlyLLL.cpp [8ms]
2025-06-12 22:02:28.193 [info] > git ls-files --stage -- LinkedLists/singlyLLL.cpp [4ms]
2025-06-12 22:02:28.202 [info] > git cat-file -s 8f68b5cbf897182d030074f12caae7f617366bcb [2ms]
2025-06-12 22:02:28.239 [info] > git blame --root --incremental aeb0a8fe2bf3a49e2dd7cffa377cb7b7c5b6dd1b -- LinkedLists/singlyLLL.cpp [3ms]
2025-06-12 22:02:28.575 [info] > git check-ignore -v -z --stdin [9ms]
2025-06-12 22:02:37.628 [info] > git show --textconv :stringProblems/intToRoman.cpp [8ms]
2025-06-12 22:02:37.629 [info] > git ls-files --stage -- stringProblems/intToRoman.cpp [1ms]
2025-06-12 22:02:37.636 [info] > git cat-file -s 182a208cc0f7f6117f1b3fb75d8f26dc984d5e85 [1ms]
2025-06-12 22:02:37.649 [info] > git blame --root --incremental aeb0a8fe2bf3a49e2dd7cffa377cb7b7c5b6dd1b -- stringProblems/intToRoman.cpp [1ms]
2025-06-12 22:31:26.466 [info] > git show --textconv :LinkedLists/singlyLLL.cpp [10ms]
2025-06-12 22:31:26.468 [info] > git ls-files --stage -- LinkedLists/singlyLLL.cpp [2ms]
2025-06-12 22:31:26.479 [info] > git cat-file -s 8f68b5cbf897182d030074f12caae7f617366bcb [1ms]
2025-06-12 22:33:37.254 [info] > git config --get commit.template [2ms]
2025-06-12 22:33:37.262 [info] > git for-each-ref --format=%(refname)%00%(upstream:short)%00%(objectname)%00%(upstream:track)%00%(upstream:remotename)%00%(upstream:remoteref) refs/heads/b1 refs/remotes/b1 [1ms]
2025-06-12 22:33:37.277 [info] > git status -z -uall [7ms]
2025-06-12 22:33:37.278 [info] > git for-each-ref --sort -committerdate --format %(refname)%00%(objectname)%00%(*objectname) [2ms]
2025-06-12 22:34:03.318 [info] > git config --get commit.template [14ms]
2025-06-12 22:34:03.319 [info] > git for-each-ref --format=%(refname)%00%(upstream:short)%00%(objectname)%00%(upstream:track)%00%(upstream:remotename)%00%(upstream:remoteref) refs/heads/b1 refs/remotes/b1 [3ms]
2025-06-12 22:34:03.337 [info] > git status -z -uall [11ms]
2025-06-12 22:34:03.338 [info] > git for-each-ref --sort -committerdate --format %(refname)%00%(objectname)%00%(*objectname) [3ms]
2025-06-12 22:34:08.349 [info] > git config --get commit.template [1ms]
2025-06-12 22:34:08.355 [info] > git for-each-ref --format=%(refname)%00%(upstream:short)%00%(objectname)%00%(upstream:track)%00%(upstream:remotename)%00%(upstream:remoteref) refs/heads/b1 refs/remotes/b1 [1ms]
2025-06-12 22:34:08.369 [info] > git status -z -uall [8ms]
2025-06-12 22:34:08.369 [info] > git for-each-ref --sort -committerdate --format %(refname)%00%(objectname)%00%(*objectname) [0ms]
2025-06-12 22:34:16.070 [info] > git config --get commit.template [11ms]
2025-06-12 22:34:16.071 [info] > git for-each-ref --format=%(refname)%00%(upstream:short)%00%(objectname)%00%(upstream:track)%00%(upstream:remotename)%00%(upstream:remoteref) refs/heads/b1 refs/remotes/b1 [2ms]
2025-06-12 22:34:16.086 [info] > git status -z -uall [7ms]
2025-06-12 22:34:16.086 [info] > git for-each-ref --sort -committerdate --format %(refname)%00%(objectname)%00%(*objectname) [1ms]
2025-06-12 22:34:31.352 [info] > git config --get commit.template [11ms]
2025-06-12 22:34:31.353 [info] > git for-each-ref --format=%(refname)%00%(upstream:short)%00%(objectname)%00%(upstream:track)%00%(upstream:remotename)%00%(upstream:remoteref) refs/heads/b1 refs/remotes/b1 [2ms]
2025-06-12 22:34:31.367 [info] > git status -z -uall [7ms]
2025-06-12 22:34:31.368 [info] > git for-each-ref --sort -committerdate --format %(refname)%00%(objectname)%00%(*objectname) [1ms]
2025-06-12 22:34:44.167 [info] > git config --get commit.template [13ms]
2025-06-12 22:34:44.168 [info] > git for-each-ref --format=%(refname)%00%(upstream:short)%00%(objectname)%00%(upstream:track)%00%(upstream:remotename)%00%(upstream:remoteref) refs/heads/b1 refs/remotes/b1 [2ms]
2025-06-12 22:34:44.186 [info] > git status -z -uall [9ms]
2025-06-12 22:34:44.187 [info] > git for-each-ref --sort -committerdate --format %(refname)%00%(objectname)%00%(*objectname) [2ms]
2025-06-12 22:34:46.449 [info] > git ls-files --stage -- LinkedLists/singlyLLL.cpp [1ms]
2025-06-12 22:34:46.460 [info] > git cat-file -s 5cc561de5d9b32c5c89ba23dfed6cbe68b809718 [1ms]
2025-06-12 22:34:46.470 [info] > git show --textconv :LinkedLists/singlyLLL.cpp [1ms]
2025-06-12 22:34:49.212 [info] > git config --get commit.template [9ms]
2025-06-12 22:34:49.213 [info] > git for-each-ref --format=%(refname)%00%(upstream:short)%00%(objectname)%00%(upstream:track)%00%(upstream:remotename)%00%(upstream:remoteref) refs/heads/b1 refs/remotes/b1 [2ms]
2025-06-12 22:34:49.231 [info] > git status -z -uall [9ms]
2025-06-12 22:34:49.232 [info] > git for-each-ref --sort -committerdate --format %(refname)%00%(objectname)%00%(*objectname) [2ms]
2025-06-12 22:34:49.242 [info] > git blame --root --incremental 3859152f688a7d286f257df3e9a080fd6a0d5c25 -- LinkedLists/singlyLLL.cpp [2ms]
2025-06-12 22:35:07.625 [info] > git config --get commit.template [13ms]
2025-06-12 22:35:07.626 [info] > git for-each-ref --format=%(refname)%00%(upstream:short)%00%(objectname)%00%(upstream:track)%00%(upstream:remotename)%00%(upstream:remoteref) refs/heads/b1 refs/remotes/b1 [2ms]
2025-06-12 22:35:07.642 [info] > git status -z -uall [9ms]
2025-06-12 22:35:07.642 [info] > git for-each-ref --sort -committerdate --format %(refname)%00%(objectname)%00%(*objectname) [1ms]
2025-06-12 23:42:16.493 [info] > git show --textconv :stringProblems/anagram.cpp [8ms]
2025-06-12 23:42:16.494 [info] > git ls-files --stage -- stringProblems/anagram.cpp [2ms]
2025-06-12 23:42:16.502 [info] > git cat-file -s 2597edaba712e7732d3138d4e4eaab9d8c618945 [1ms]
2025-06-12 23:42:16.517 [info] > git blame --root --incremental 3859152f688a7d286f257df3e9a080fd6a0d5c25 -- stringProblems/anagram.cpp [2ms]
2025-06-12 23:42:41.791 [info] > git show --textconv :stringProblems/isomorphic.cpp [9ms]
2025-06-12 23:42:41.792 [info] > git ls-files --stage -- stringProblems/isomorphic.cpp [3ms]
2025-06-12 23:42:41.799 [info] > git cat-file -s fff193735e1def7dcb86ad28d5608c4f00038938 [1ms]
2025-06-12 23:42:41.812 [info] > git blame --root --incremental 3859152f688a7d286f257df3e9a080fd6a0d5c25 -- stringProblems/isomorphic.cpp [2ms]
2025-06-12 23:43:20.350 [info] > git show --textconv :stringProblems/longestCommonPrefix.cpp [7ms]
2025-06-12 23:43:20.351 [info] > git ls-files --stage -- stringProblems/longestCommonPrefix.cpp [1ms]
2025-06-12 23:43:20.360 [info] > git cat-file -s 2ddef501c054b44e5d202e6aad6a93272d49b826 [1ms]
2025-06-12 23:43:20.374 [info] > git blame --root --incremental 3859152f688a7d286f257df3e9a080fd6a0d5c25 -- stringProblems/longestCommonPrefix.cpp [2ms]
2025-06-12 23:44:40.762 [info] > git show --textconv :stringProblems/longestSubStrNoRpt.cpp [7ms]
2025-06-12 23:44:40.763 [info] > git ls-files --stage -- stringProblems/longestSubStrNoRpt.cpp [1ms]
2025-06-12 23:44:40.772 [info] > git cat-file -s 13a94011f984c4230e2059334ee2b070e983c231 [1ms]
2025-06-12 23:44:40.786 [info] > git blame --root --incremental 3859152f688a7d286f257df3e9a080fd6a0d5c25 -- stringProblems/longestSubStrNoRpt.cpp [2ms]
2025-06-12 23:45:18.034 [info] > git show --textconv :stringProblems/romanToInt.cpp [10ms]
2025-06-12 23:45:18.035 [info] > git ls-files --stage -- stringProblems/romanToInt.cpp [2ms]
2025-06-12 23:45:18.043 [info] > git cat-file -s 833f1f3b69be74fa0284bcfaf9d8674ab3958b08 [1ms]
2025-06-12 23:45:18.057 [info] > git blame --root --incremental 3859152f688a7d286f257df3e9a080fd6a0d5c25 -- stringProblems/romanToInt.cpp [1ms]
2025-06-12 23:45:20.112 [info] > git show --textconv :stringProblems/revWords.cpp [7ms]
2025-06-12 23:45:20.113 [info] > git ls-files --stage -- stringProblems/revWords.cpp [2ms]
2025-06-12 23:45:20.122 [info] > git cat-file -s ea3bd1bdba5360d7bf14bca843814f576171c596 [1ms]
2025-06-12 23:45:21.972 [info] > git show --textconv :stringProblems/romanToInt.cpp [9ms]
2025-06-12 23:45:21.973 [info] > git ls-files --stage -- stringProblems/romanToInt.cpp [1ms]
2025-06-12 23:45:21.980 [info] > git cat-file -s 833f1f3b69be74fa0284bcfaf9d8674ab3958b08 [1ms]
2025-06-12 23:46:00.411 [info] > git show --textconv :stringProblems/longestCommonPrefix.cpp [7ms]
2025-06-12 23:46:00.412 [info] > git ls-files --stage -- stringProblems/longestCommonPrefix.cpp [2ms]
2025-06-12 23:46:00.421 [info] > git cat-file -s 2ddef501c054b44e5d202e6aad6a93272d49b826 [1ms]
2025-06-12 23:46:03.206 [info] > git show --textconv :stringProblems/revWords.cpp [10ms]
2025-06-12 23:46:03.206 [info] > git ls-files --stage -- stringProblems/revWords.cpp [1ms]
2025-06-12 23:46:03.213 [info] > git cat-file -s ea3bd1bdba5360d7bf14bca843814f576171c596 [1ms]
2025-06-12 23:46:55.023 [info] > git check-ignore -v -z --stdin [1ms]
2025-06-12 23:47:01.193 [info] > git show --textconv :arrayProblems/0s1s2s.cpp [8ms]
2025-06-12 23:47:01.193 [info] > git ls-files --stage -- arrayProblems/0s1s2s.cpp [1ms]
2025-06-12 23:47:01.202 [info] > git cat-file -s 61ca47df7f51815ccda1887532d863de9036b7c7 [1ms]
2025-06-12 23:47:01.212 [info] > git blame --root --incremental 3859152f688a7d286f257df3e9a080fd6a0d5c25 -- arrayProblems/0s1s2s.cpp [2ms]
2025-06-12 23:48:10.094 [info] > git show --textconv :arrayProblems/maxSubarSum.cpp [6ms]
2025-06-12 23:48:10.096 [info] > git ls-files --stage -- arrayProblems/maxSubarSum.cpp [2ms]
2025-06-12 23:48:10.105 [info] > git cat-file -s bc8a4f04e7036f949200eacea9fae26b4755c827 [1ms]
2025-06-12 23:48:10.117 [info] > git blame --root --incremental 3859152f688a7d286f257df3e9a080fd6a0d5c25 -- arrayProblems/maxSubarSum.cpp [2ms]
2025-06-12 23:48:29.215 [info] > git show --textconv :arrayProblems/maxSubarPdt.cpp [7ms]
2025-06-12 23:48:29.216 [info] > git ls-files --stage -- arrayProblems/maxSubarPdt.cpp [1ms]
2025-06-12 23:48:29.224 [info] > git cat-file -s 5244614d78a2ff72745541ac0da080e2ce0f0732 [1ms]
2025-06-12 23:48:29.237 [info] > git blame --root --incremental 3859152f688a7d286f257df3e9a080fd6a0d5c25 -- arrayProblems/maxSubarPdt.cpp [2ms]
2025-06-12 23:48:48.889 [info] > git show --textconv :arrayProblems/union.cpp [10ms]
2025-06-12 23:48:48.890 [info] > git ls-files --stage -- arrayProblems/union.cpp [1ms]
2025-06-12 23:48:48.896 [info] > git cat-file -s e21027c0c8b668a12c07783ed5e82847d16cb5fd [1ms]
2025-06-12 23:48:48.908 [info] > git blame --root --incremental 3859152f688a7d286f257df3e9a080fd6a0d5c25 -- arrayProblems/union.cpp [2ms]
2025-06-12 23:49:26.771 [info] > git show --textconv :arrayProblems/0s1s2s.cpp [9ms]
2025-06-12 23:49:26.772 [info] > git ls-files --stage -- arrayProblems/0s1s2s.cpp [1ms]
2025-06-12 23:49:26.779 [info] > git cat-file -s 61ca47df7f51815ccda1887532d863de9036b7c7 [1ms]
2025-06-12 23:49:50.040 [info] > git show --textconv :arrayProblems/subarSumK.cpp [9ms]
2025-06-12 23:49:50.041 [info] > git ls-files --stage -- arrayProblems/subarSumK.cpp [0ms]
2025-06-12 23:49:50.049 [info] > git cat-file -s 1bf392ccfd6ec180e875ebcabea2d23d62c3f1ce [1ms]
2025-06-12 23:49:50.060 [info] > git blame --root --incremental 3859152f688a7d286f257df3e9a080fd6a0d5c25 -- arrayProblems/subarSumK.cpp [2ms]
