2025-06-03 20:21:45.734 [info] Reading sessions from keychain...
2025-06-03 20:21:45.734 [info] Getting sessions for all scopes...
2025-06-03 20:21:45.734 [info] Getting sessions for all scopes...
2025-06-03 20:21:45.734 [info] Getting sessions for all scopes...
2025-06-03 20:21:45.734 [info] Getting sessions for all scopes...
2025-06-03 20:21:45.734 [info] Getting sessions for all scopes...
2025-06-03 20:21:45.734 [info] Getting sessions for all scopes...
2025-06-03 20:21:45.734 [info] Getting sessions for all scopes...
2025-06-03 20:21:45.734 [info] Getting sessions for all scopes...
2025-06-03 20:21:45.734 [info] Getting sessions for all scopes...
2025-06-03 20:21:45.734 [info] Got stored sessions!
2025-06-03 20:21:45.734 [info] Got 1 verified sessions.
2025-06-03 20:21:45.734 [info] Got 1 sessions for ...
2025-06-03 20:21:45.734 [info] Got 1 sessions for ...
2025-06-03 20:21:45.734 [info] Got 1 sessions for ...
2025-06-03 20:21:45.734 [info] Got 1 sessions for ...
2025-06-03 20:21:45.734 [info] Got 1 sessions for ...
2025-06-03 20:21:45.734 [info] Got 1 sessions for ...
2025-06-03 20:21:45.734 [info] Got 1 sessions for ...
2025-06-03 20:21:45.734 [info] Got 1 sessions for ...
2025-06-03 20:21:45.734 [info] Got 1 sessions for ...
2025-06-03 20:21:45.734 [info] Getting sessions for all scopes...
2025-06-03 20:21:45.734 [info] Got 1 sessions for ...
2025-06-03 20:21:45.734 [info] Getting sessions for all scopes...
2025-06-03 20:21:45.734 [info] Got 1 sessions for ...
2025-06-03 20:21:45.734 [info] Getting sessions for all scopes...
2025-06-03 20:21:45.734 [info] Got 1 sessions for ...
2025-06-03 20:21:45.734 [info] Getting sessions for all scopes...
2025-06-03 20:21:45.734 [info] Got 1 sessions for ...
2025-06-03 20:21:45.734 [info] Getting sessions for all scopes...
2025-06-03 20:21:45.734 [info] Got 1 sessions for ...
2025-06-03 20:21:45.734 [info] Getting sessions for all scopes...
2025-06-03 20:21:45.734 [info] Got 1 sessions for ...
2025-06-03 20:21:47.210 [info] Getting sessions for all scopes...
2025-06-03 20:21:47.210 [info] Got 1 sessions for ...
2025-06-03 20:21:56.888 [info] Reading sessions from keychain...
2025-06-03 20:21:56.888 [info] Getting sessions for all scopes...
2025-06-03 20:21:56.888 [info] Getting sessions for all scopes...
2025-06-03 20:21:56.888 [info] Getting sessions for all scopes...
2025-06-03 20:21:56.888 [info] Getting sessions for all scopes...
2025-06-03 20:21:56.888 [info] Getting sessions for all scopes...
2025-06-03 20:21:56.888 [info] Getting sessions for all scopes...
2025-06-03 20:21:56.888 [info] Getting sessions for all scopes...
2025-06-03 20:21:56.988 [info] Got stored sessions!
2025-06-03 20:21:56.989 [info] Got 1 verified sessions.
2025-06-03 20:21:56.989 [info] Got 1 sessions for ...
2025-06-03 20:21:56.989 [info] Got 1 sessions for ...
2025-06-03 20:21:56.989 [info] Got 1 sessions for ...
2025-06-03 20:21:56.989 [info] Got 1 sessions for ...
2025-06-03 20:21:56.989 [info] Got 1 sessions for ...
2025-06-03 20:21:56.989 [info] Got 1 sessions for ...
2025-06-03 20:21:56.989 [info] Got 1 sessions for ...
2025-06-03 20:21:57.173 [info] Getting sessions for all scopes...
2025-06-03 20:21:57.175 [info] Got 1 sessions for ...
2025-06-03 20:21:57.175 [info] Getting sessions for all scopes...
2025-06-03 20:21:57.175 [info] Got 1 sessions for ...
2025-06-03 20:21:57.175 [info] Getting sessions for all scopes...
2025-06-03 20:21:57.175 [info] Got 1 sessions for ...
2025-06-03 20:21:57.175 [info] Getting sessions for all scopes...
2025-06-03 20:21:57.176 [info] Got 1 sessions for ...
2025-06-03 20:21:57.176 [info] Getting sessions for all scopes...
2025-06-03 20:21:57.176 [info] Got 1 sessions for ...
2025-06-03 20:21:57.176 [info] Getting sessions for all scopes...
2025-06-03 20:21:57.176 [info] Got 1 sessions for ...
2025-06-03 20:21:57.405 [info] Getting sessions for all scopes...
2025-06-03 20:21:57.405 [info] Got 1 sessions for ...
2025-06-03 20:21:57.672 [info] Getting sessions for all scopes...
2025-06-03 20:21:57.672 [info] Got 1 sessions for ...
2025-06-03 20:21:57.875 [info] Getting sessions for read:user,repo,user:email,workflow...
2025-06-03 20:21:57.875 [info] Got 1 sessions for read:user,repo,user:email,workflow...
2025-06-03 20:21:58.359 [info] Getting sessions for all scopes...
2025-06-03 20:21:58.359 [info] Got 1 sessions for ...
2025-06-03 20:21:58.826 [info] Getting sessions for read:user,repo,user:email,workflow...
2025-06-03 20:21:58.826 [info] Got 1 sessions for read:user,repo,user:email,workflow...
2025-06-03 20:23:07.155 [info] Getting sessions for read:user,repo,user:email,workflow...
2025-06-03 20:23:07.155 [info] Got 1 sessions for read:user,repo,user:email,workflow...
2025-06-03 20:23:43.077 [info] Getting sessions for read:user,repo,user:email,workflow...
2025-06-03 20:23:43.077 [info] Got 1 sessions for read:user,repo,user:email,workflow...
