00:00:00.122379 VirtualBox GUI VM Selector Window 7.0.16_Ubuntu r162802 linux.amd64 (Aug 25 2024 22:41:46) release log
00:00:00.122380 Log opened 2025-06-05T18:06:05.269437000Z
00:00:00.122380 Build Type: release
00:00:00.122384 OS Product: Linux
00:00:00.122384 OS Release: 6.8.0-60-generic
00:00:00.122385 OS Version: #63-Ubuntu SMP PREEMPT_DYNAMIC Tue Apr 15 19:04:15 UTC 2025
00:00:00.122405 DMI Product Name: HP Laptop 15s-du3xxx
00:00:00.122409 DMI Product Version: Type1ProductConfigId
00:00:00.122415 Firmware type: UEFI
00:00:00.123699 Secure Boot: Disabled
00:00:00.123745 Host RAM: 7696MB (7.5GB) total, 6825MB (6.6GB) available
00:00:00.123768 Executable: /usr/lib/virtualbox/VirtualBox
00:00:00.123768 Process ID: 54216
00:00:00.123768 Package type: LINUX_64BITS_GENERIC (OSE)
00:00:00.123810 Qt version: 5.15.13
00:00:00.124243 GUI: UIMediumEnumerator: Initial medium-enumeration finished!
00:00:00.131982 GUI: UIMediumEnumerator: Medium-enumeration started...
00:00:00.560167 GUI: UIDesktopWidgetWatchdog::sltHandleHostScreenAvailableGeometryCalculated: Screen 0 work area is actually resized to: 0x0 x 1920x1040
00:00:00.577128 GUI: UIMediumEnumerator: Medium-enumeration finished!
00:00:22.288605 GUI: UICommon: Handling aboutToQuit request..
00:00:23.191634 GUI: UICommon: aboutToQuit request handled!
