2025-06-04 17:13:47.060 [info] [main] Log level: Info
2025-06-04 17:13:47.061 [info] [main] Validating found git in: "git"
2025-06-04 17:13:47.061 [info] [main] Using git "2.43.0" from "git"
2025-06-04 17:13:47.061 [info] [Model][doInitialScan] Initial repository scan started
2025-06-04 17:13:47.061 [info] > git rev-parse --show-toplevel [224ms]
2025-06-04 17:13:47.061 [info] > git rev-parse --git-dir --git-common-dir [4ms]
2025-06-04 17:13:47.061 [info] [Model][openRepository] Opened repository (path): /home/sammy/Desktop/temp/hello-world
2025-06-04 17:13:47.061 [info] [Model][openRepository] Opened repository (real path): /home/sammy/Desktop/temp/hello-world
2025-06-04 17:13:47.125 [info] > git rev-parse --show-toplevel [41ms]
2025-06-04 17:13:47.128 [info] [Model][doInitialScan] Initial repository scan completed - repositories (1), closed repositories (0), parent repositories (0), unsafe repositories (0)
2025-06-04 17:13:47.129 [info] > git config --get commit.template [54ms]
2025-06-04 17:13:47.170 [info] > git for-each-ref --format=%(refname)%00%(upstream:short)%00%(objectname)%00%(upstream:track)%00%(upstream:remotename)%00%(upstream:remoteref) refs/heads/b1 refs/remotes/b1 [7ms]
2025-06-04 17:13:47.216 [info] > git status -z -uall [27ms]
2025-06-04 17:13:47.219 [info] > git for-each-ref --sort -committerdate --format %(refname)%00%(objectname)%00%(*objectname) [10ms]
2025-06-04 17:13:47.276 [info] > git for-each-ref --format=%(refname)%00%(upstream:short)%00%(objectname)%00%(upstream:track)%00%(upstream:remotename)%00%(upstream:remoteref) refs/heads/b1 refs/remotes/b1 [34ms]
2025-06-04 17:13:47.286 [info] > git config --get commit.template [17ms]
2025-06-04 17:13:47.290 [info] > git config --get --local branch.b1.vscode-merge-base [5ms]
2025-06-04 17:13:47.313 [info] > git for-each-ref --format=%(refname)%00%(upstream:short)%00%(objectname)%00%(upstream:track)%00%(upstream:remotename)%00%(upstream:remoteref) refs/heads/b1 refs/remotes/b1 [5ms]
2025-06-04 17:13:47.347 [info] > git for-each-ref --format=%(refname)%00%(upstream:short)%00%(objectname)%00%(upstream:track)%00%(upstream:remotename)%00%(upstream:remoteref) refs/heads/origin/main refs/remotes/origin/main [48ms]
2025-06-04 17:13:47.355 [info] > git status -z -uall [30ms]
2025-06-04 17:13:47.355 [info] > git for-each-ref --sort -committerdate --format %(refname)%00%(objectname)%00%(*objectname) [9ms]
2025-06-04 17:13:47.644 [info] > git check-ignore -v -z --stdin [3ms]
2025-06-04 17:13:47.692 [info] > git show --textconv :JavaCalc.java [16ms]
2025-06-04 17:13:47.694 [info] > git ls-files --stage -- JavaCalc.java [3ms]
2025-06-04 17:13:47.715 [info] > git cat-file -s 2c438503483ec75d6aa9e6bfab87f003d0c846e6 [1ms]
2025-06-04 17:13:47.749 [info] > git blame --root --incremental cd6f0d2b3d408e21f6ca20aeff2e5dddcb1f2b3e -- JavaCalc.java [6ms]
2025-06-04 17:14:05.680 [info] > git config --get commit.template [9ms]
2025-06-04 17:14:05.681 [info] > git for-each-ref --format=%(refname)%00%(upstream:short)%00%(objectname)%00%(upstream:track)%00%(upstream:remotename)%00%(upstream:remoteref) refs/heads/b1 refs/remotes/b1 [2ms]
2025-06-04 17:14:05.701 [info] > git status -z -uall [10ms]
2025-06-04 17:14:05.702 [info] > git for-each-ref --sort -committerdate --format %(refname)%00%(objectname)%00%(*objectname) [2ms]
2025-06-04 17:15:01.177 [info] [main] Log level: Info
2025-06-04 17:15:01.177 [info] [main] Validating found git in: "git"
2025-06-04 17:15:01.177 [info] [main] Using git "2.43.0" from "git"
2025-06-04 17:15:01.177 [info] [Model][doInitialScan] Initial repository scan started
2025-06-04 17:15:01.177 [info] > git rev-parse --show-toplevel [171ms]
2025-06-04 17:15:01.178 [info] > git rev-parse --git-dir --git-common-dir [34ms]
2025-06-04 17:15:01.189 [info] [Model][openRepository] Opened repository (path): /home/sammy/Desktop/temp/pong-game
2025-06-04 17:15:01.189 [info] [Model][openRepository] Opened repository (real path): /home/sammy/Desktop/temp/pong-game
2025-06-04 17:15:01.280 [info] > git rev-parse --show-toplevel [16ms]
2025-06-04 17:15:01.283 [info] [Model][doInitialScan] Initial repository scan completed - repositories (1), closed repositories (0), parent repositories (0), unsafe repositories (0)
2025-06-04 17:15:01.283 [info] > git config --get commit.template [23ms]
2025-06-04 17:15:01.293 [info] > git for-each-ref --format=%(refname)%00%(upstream:short)%00%(objectname)%00%(upstream:track)%00%(upstream:remotename)%00%(upstream:remoteref) refs/heads/b1 refs/remotes/b1 [1ms]
2025-06-04 17:15:01.310 [info] > git status -z -uall [10ms]
2025-06-04 17:15:01.310 [info] > git for-each-ref --sort -committerdate --format %(refname)%00%(objectname)%00%(*objectname) [1ms]
2025-06-04 17:15:01.341 [info] > git for-each-ref --format=%(refname)%00%(upstream:short)%00%(objectname)%00%(upstream:track)%00%(upstream:remotename)%00%(upstream:remoteref) refs/heads/b1 refs/remotes/b1 [13ms]
2025-06-04 17:15:01.348 [info] > git config --get --local branch.b1.vscode-merge-base [2ms]
2025-06-04 17:15:01.357 [info] > git config --get commit.template [18ms]
2025-06-04 17:15:01.363 [info] > git for-each-ref --format=%(refname)%00%(upstream:short)%00%(objectname)%00%(upstream:track)%00%(upstream:remotename)%00%(upstream:remoteref) refs/heads/origin/main refs/remotes/origin/main [7ms]
2025-06-04 17:15:01.376 [info] > git for-each-ref --format=%(refname)%00%(upstream:short)%00%(objectname)%00%(upstream:track)%00%(upstream:remotename)%00%(upstream:remoteref) refs/heads/b1 refs/remotes/b1 [13ms]
2025-06-04 17:15:01.390 [info] > git status -z -uall [9ms]
2025-06-04 17:15:01.413 [info] > git for-each-ref --sort -committerdate --format %(refname)%00%(objectname)%00%(*objectname) [24ms]
2025-06-04 17:15:01.781 [info] > git check-ignore -v -z --stdin [1ms]
2025-06-04 17:15:03.729 [info] > git show --textconv :GamePanel.java [137ms]
2025-06-04 17:15:03.755 [info] > git ls-files --stage -- GamePanel.java [151ms]
2025-06-04 17:15:03.783 [info] > git cat-file -s b18f00bfe024fcd8df6a613a7d0248069a210a49 [20ms]
2025-06-04 17:15:06.494 [info] > git blame --root --incremental 1423b9641ce1002defa6490b77331ecfa555f488 -- GamePanel.java [8ms]
2025-06-04 17:15:25.206 [info] > git config --get commit.template [1ms]
2025-06-04 17:15:25.220 [info] > git for-each-ref --format=%(refname)%00%(upstream:short)%00%(objectname)%00%(upstream:track)%00%(upstream:remotename)%00%(upstream:remoteref) refs/heads/b1 refs/remotes/b1 [3ms]
2025-06-04 17:15:25.243 [info] > git status -z -uall [16ms]
2025-06-04 17:15:25.246 [info] > git for-each-ref --sort -committerdate --format %(refname)%00%(objectname)%00%(*objectname) [5ms]
2025-06-04 17:18:14.978 [info] > git config --get commit.template [2ms]
2025-06-04 17:18:14.987 [info] > git for-each-ref --format=%(refname)%00%(upstream:short)%00%(objectname)%00%(upstream:track)%00%(upstream:remotename)%00%(upstream:remoteref) refs/heads/b1 refs/remotes/b1 [1ms]
2025-06-04 17:18:15.002 [info] > git status -z -uall [9ms]
2025-06-04 17:18:15.002 [info] > git for-each-ref --sort -committerdate --format %(refname)%00%(objectname)%00%(*objectname) [2ms]
2025-06-04 17:19:30.726 [info] > git config --get commit.template [11ms]
2025-06-04 17:19:30.727 [info] > git for-each-ref --format=%(refname)%00%(upstream:short)%00%(objectname)%00%(upstream:track)%00%(upstream:remotename)%00%(upstream:remoteref) refs/heads/b1 refs/remotes/b1 [2ms]
2025-06-04 17:19:30.740 [info] > git status -z -uall [7ms]
2025-06-04 17:19:30.741 [info] > git for-each-ref --sort -committerdate --format %(refname)%00%(objectname)%00%(*objectname) [2ms]
2025-06-04 17:19:37.407 [info] > git config --get commit.template [12ms]
2025-06-04 17:19:37.408 [info] > git for-each-ref --format=%(refname)%00%(upstream:short)%00%(objectname)%00%(upstream:track)%00%(upstream:remotename)%00%(upstream:remoteref) refs/heads/b1 refs/remotes/b1 [2ms]
2025-06-04 17:19:37.424 [info] > git status -z -uall [8ms]
2025-06-04 17:19:37.425 [info] > git for-each-ref --sort -committerdate --format %(refname)%00%(objectname)%00%(*objectname) [1ms]
2025-06-04 17:20:34.081 [info] > git config --get commit.template [2ms]
2025-06-04 17:20:34.090 [info] > git for-each-ref --format=%(refname)%00%(upstream:short)%00%(objectname)%00%(upstream:track)%00%(upstream:remotename)%00%(upstream:remoteref) refs/heads/b1 refs/remotes/b1 [1ms]
2025-06-04 17:20:34.104 [info] > git status -z -uall [9ms]
2025-06-04 17:20:34.104 [info] > git for-each-ref --sort -committerdate --format %(refname)%00%(objectname)%00%(*objectname) [1ms]
2025-06-04 17:20:39.114 [info] > git config --get commit.template [2ms]
2025-06-04 17:20:39.123 [info] > git for-each-ref --format=%(refname)%00%(upstream:short)%00%(objectname)%00%(upstream:track)%00%(upstream:remotename)%00%(upstream:remoteref) refs/heads/b1 refs/remotes/b1 [1ms]
2025-06-04 17:20:39.136 [info] > git status -z -uall [6ms]
2025-06-04 17:20:39.136 [info] > git for-each-ref --sort -committerdate --format %(refname)%00%(objectname)%00%(*objectname) [1ms]
2025-06-04 17:22:56.509 [info] > git config --get commit.template [10ms]
2025-06-04 17:22:56.510 [info] > git for-each-ref --format=%(refname)%00%(upstream:short)%00%(objectname)%00%(upstream:track)%00%(upstream:remotename)%00%(upstream:remoteref) refs/heads/b1 refs/remotes/b1 [1ms]
2025-06-04 17:22:56.525 [info] > git status -z -uall [9ms]
2025-06-04 17:22:56.526 [info] > git for-each-ref --sort -committerdate --format %(refname)%00%(objectname)%00%(*objectname) [1ms]
2025-06-04 17:23:07.637 [info] > git config --get commit.template [1ms]
2025-06-04 17:23:07.643 [info] > git for-each-ref --format=%(refname)%00%(upstream:short)%00%(objectname)%00%(upstream:track)%00%(upstream:remotename)%00%(upstream:remoteref) refs/heads/b1 refs/remotes/b1 [1ms]
2025-06-04 17:23:07.659 [info] > git status -z -uall [10ms]
2025-06-04 17:23:07.660 [info] > git for-each-ref --sort -committerdate --format %(refname)%00%(objectname)%00%(*objectname) [1ms]
2025-06-04 17:24:45.602 [info] > git config --get commit.template [1ms]
2025-06-04 17:24:45.611 [info] > git for-each-ref --format=%(refname)%00%(upstream:short)%00%(objectname)%00%(upstream:track)%00%(upstream:remotename)%00%(upstream:remoteref) refs/heads/b1 refs/remotes/b1 [1ms]
2025-06-04 17:24:45.624 [info] > git status -z -uall [8ms]
2025-06-04 17:24:45.625 [info] > git for-each-ref --sort -committerdate --format %(refname)%00%(objectname)%00%(*objectname) [2ms]
2025-06-04 17:24:53.647 [info] > git config --get commit.template [12ms]
2025-06-04 17:24:53.648 [info] > git for-each-ref --format=%(refname)%00%(upstream:short)%00%(objectname)%00%(upstream:track)%00%(upstream:remotename)%00%(upstream:remoteref) refs/heads/b1 refs/remotes/b1 [2ms]
2025-06-04 17:24:53.663 [info] > git status -z -uall [8ms]
2025-06-04 17:24:53.664 [info] > git for-each-ref --sort -committerdate --format %(refname)%00%(objectname)%00%(*objectname) [1ms]
2025-06-04 17:25:03.499 [info] > git config --get commit.template [1ms]
2025-06-04 17:25:03.509 [info] > git for-each-ref --format=%(refname)%00%(upstream:short)%00%(objectname)%00%(upstream:track)%00%(upstream:remotename)%00%(upstream:remoteref) refs/heads/b1 refs/remotes/b1 [1ms]
2025-06-04 17:25:03.522 [info] > git status -z -uall [7ms]
2025-06-04 17:25:03.523 [info] > git for-each-ref --sort -committerdate --format %(refname)%00%(objectname)%00%(*objectname) [2ms]
2025-06-04 17:26:46.109 [info] > git config --get commit.template [10ms]
2025-06-04 17:26:46.110 [info] > git for-each-ref --format=%(refname)%00%(upstream:short)%00%(objectname)%00%(upstream:track)%00%(upstream:remotename)%00%(upstream:remoteref) refs/heads/b1 refs/remotes/b1 [3ms]
2025-06-04 17:26:46.125 [info] > git status -z -uall [7ms]
2025-06-04 17:26:46.126 [info] > git for-each-ref --sort -committerdate --format %(refname)%00%(objectname)%00%(*objectname) [1ms]
2025-06-04 17:26:52.276 [info] > git config --get commit.template [7ms]
2025-06-04 17:26:52.276 [info] > git for-each-ref --format=%(refname)%00%(upstream:short)%00%(objectname)%00%(upstream:track)%00%(upstream:remotename)%00%(upstream:remoteref) refs/heads/b1 refs/remotes/b1 [1ms]
2025-06-04 17:26:52.290 [info] > git status -z -uall [7ms]
2025-06-04 17:26:52.291 [info] > git for-each-ref --sort -committerdate --format %(refname)%00%(objectname)%00%(*objectname) [2ms]
2025-06-04 17:27:09.861 [info] > git for-each-ref --format=%(refname)%00%(upstream:short)%00%(objectname)%00%(upstream:track)%00%(upstream:remotename)%00%(upstream:remoteref) refs/heads/b1 refs/remotes/b1 [3ms]
2025-06-04 17:27:09.861 [info] > git config --get commit.template [13ms]
2025-06-04 17:27:09.880 [info] > git status -z -uall [9ms]
2025-06-04 17:27:09.881 [info] > git for-each-ref --sort -committerdate --format %(refname)%00%(objectname)%00%(*objectname) [2ms]
2025-06-04 17:27:30.637 [info] > git config --get commit.template [10ms]
2025-06-04 17:27:30.638 [info] > git for-each-ref --format=%(refname)%00%(upstream:short)%00%(objectname)%00%(upstream:track)%00%(upstream:remotename)%00%(upstream:remoteref) refs/heads/b1 refs/remotes/b1 [2ms]
2025-06-04 17:27:30.652 [info] > git status -z -uall [6ms]
2025-06-04 17:27:30.653 [info] > git for-each-ref --sort -committerdate --format %(refname)%00%(objectname)%00%(*objectname) [1ms]
2025-06-04 17:28:40.821 [info] > git config --get commit.template [2ms]
2025-06-04 17:28:40.831 [info] > git for-each-ref --format=%(refname)%00%(upstream:short)%00%(objectname)%00%(upstream:track)%00%(upstream:remotename)%00%(upstream:remoteref) refs/heads/b1 refs/remotes/b1 [2ms]
2025-06-04 17:28:40.845 [info] > git status -z -uall [5ms]
2025-06-04 17:28:40.846 [info] > git for-each-ref --sort -committerdate --format %(refname)%00%(objectname)%00%(*objectname) [1ms]
2025-06-04 17:35:44.099 [info] > git config --get commit.template [1ms]
2025-06-04 17:35:44.115 [info] > git for-each-ref --format=%(refname)%00%(upstream:short)%00%(objectname)%00%(upstream:track)%00%(upstream:remotename)%00%(upstream:remoteref) refs/heads/b1 refs/remotes/b1 [3ms]
2025-06-04 17:35:44.136 [info] > git status -z -uall [12ms]
2025-06-04 17:35:44.136 [info] > git for-each-ref --sort -committerdate --format %(refname)%00%(objectname)%00%(*objectname) [2ms]
2025-06-04 17:35:52.432 [info] > git config --get commit.template [2ms]
2025-06-04 17:35:52.439 [info] > git for-each-ref --format=%(refname)%00%(upstream:short)%00%(objectname)%00%(upstream:track)%00%(upstream:remotename)%00%(upstream:remoteref) refs/heads/b1 refs/remotes/b1 [1ms]
2025-06-04 17:35:52.454 [info] > git status -z -uall [6ms]
2025-06-04 17:35:52.454 [info] > git for-each-ref --sort -committerdate --format %(refname)%00%(objectname)%00%(*objectname) [1ms]
2025-06-04 17:36:49.913 [info] > git config --get commit.template [1ms]
2025-06-04 17:36:49.930 [info] > git for-each-ref --format=%(refname)%00%(upstream:short)%00%(objectname)%00%(upstream:track)%00%(upstream:remotename)%00%(upstream:remoteref) refs/heads/b1 refs/remotes/b1 [6ms]
2025-06-04 17:36:49.962 [info] > git status -z -uall [16ms]
2025-06-04 17:36:49.964 [info] > git for-each-ref --sort -committerdate --format %(refname)%00%(objectname)%00%(*objectname) [3ms]
2025-06-04 17:37:20.841 [info] > git config --get commit.template [1ms]
2025-06-04 17:37:20.850 [info] > git for-each-ref --format=%(refname)%00%(upstream:short)%00%(objectname)%00%(upstream:track)%00%(upstream:remotename)%00%(upstream:remoteref) refs/heads/b1 refs/remotes/b1 [2ms]
2025-06-04 17:37:20.864 [info] > git status -z -uall [6ms]
2025-06-04 17:37:20.865 [info] > git for-each-ref --sort -committerdate --format %(refname)%00%(objectname)%00%(*objectname) [1ms]
2025-06-04 17:39:48.581 [info] > git config --get commit.template [10ms]
2025-06-04 17:39:48.582 [info] > git for-each-ref --format=%(refname)%00%(upstream:short)%00%(objectname)%00%(upstream:track)%00%(upstream:remotename)%00%(upstream:remoteref) refs/heads/b1 refs/remotes/b1 [1ms]
2025-06-04 17:39:48.597 [info] > git status -z -uall [6ms]
2025-06-04 17:39:48.597 [info] > git for-each-ref --sort -committerdate --format %(refname)%00%(objectname)%00%(*objectname) [1ms]
2025-06-04 17:40:12.677 [info] > git config --get commit.template [1ms]
2025-06-04 17:40:12.686 [info] > git for-each-ref --format=%(refname)%00%(upstream:short)%00%(objectname)%00%(upstream:track)%00%(upstream:remotename)%00%(upstream:remoteref) refs/heads/b1 refs/remotes/b1 [1ms]
2025-06-04 17:40:12.700 [info] > git status -z -uall [6ms]
2025-06-04 17:40:12.701 [info] > git for-each-ref --sort -committerdate --format %(refname)%00%(objectname)%00%(*objectname) [1ms]
2025-06-04 17:44:49.646 [info] > git config --get commit.template [9ms]
2025-06-04 17:44:49.646 [info] > git for-each-ref --format=%(refname)%00%(upstream:short)%00%(objectname)%00%(upstream:track)%00%(upstream:remotename)%00%(upstream:remoteref) refs/heads/b1 refs/remotes/b1 [1ms]
2025-06-04 17:44:49.661 [info] > git status -z -uall [10ms]
2025-06-04 17:44:49.662 [info] > git for-each-ref --sort -committerdate --format %(refname)%00%(objectname)%00%(*objectname) [1ms]
2025-06-04 17:44:54.797 [info] > git config --get commit.template [10ms]
2025-06-04 17:44:54.798 [info] > git for-each-ref --format=%(refname)%00%(upstream:short)%00%(objectname)%00%(upstream:track)%00%(upstream:remotename)%00%(upstream:remoteref) refs/heads/b1 refs/remotes/b1 [2ms]
2025-06-04 17:44:54.816 [info] > git status -z -uall [9ms]
2025-06-04 17:44:54.817 [info] > git for-each-ref --sort -committerdate --format %(refname)%00%(objectname)%00%(*objectname) [2ms]
2025-06-04 17:45:24.737 [info] > git config --get commit.template [9ms]
2025-06-04 17:45:24.738 [info] > git for-each-ref --format=%(refname)%00%(upstream:short)%00%(objectname)%00%(upstream:track)%00%(upstream:remotename)%00%(upstream:remoteref) refs/heads/b1 refs/remotes/b1 [2ms]
2025-06-04 17:45:24.752 [info] > git status -z -uall [7ms]
2025-06-04 17:45:24.753 [info] > git for-each-ref --sort -committerdate --format %(refname)%00%(objectname)%00%(*objectname) [1ms]
2025-06-04 17:45:44.040 [info] > git config --get commit.template [1ms]
2025-06-04 17:45:44.049 [info] > git for-each-ref --format=%(refname)%00%(upstream:short)%00%(objectname)%00%(upstream:track)%00%(upstream:remotename)%00%(upstream:remoteref) refs/heads/b1 refs/remotes/b1 [2ms]
2025-06-04 17:45:44.066 [info] > git status -z -uall [7ms]
2025-06-04 17:45:44.067 [info] > git for-each-ref --sort -committerdate --format %(refname)%00%(objectname)%00%(*objectname) [2ms]
2025-06-04 17:45:56.943 [info] > git config --get commit.template [12ms]
2025-06-04 17:45:56.944 [info] > git for-each-ref --format=%(refname)%00%(upstream:short)%00%(objectname)%00%(upstream:track)%00%(upstream:remotename)%00%(upstream:remoteref) refs/heads/b1 refs/remotes/b1 [2ms]
2025-06-04 17:45:56.960 [info] > git status -z -uall [8ms]
2025-06-04 17:45:56.960 [info] > git for-each-ref --sort -committerdate --format %(refname)%00%(objectname)%00%(*objectname) [1ms]
2025-06-04 17:46:18.604 [info] > git config --get commit.template [1ms]
2025-06-04 17:46:18.614 [info] > git for-each-ref --format=%(refname)%00%(upstream:short)%00%(objectname)%00%(upstream:track)%00%(upstream:remotename)%00%(upstream:remoteref) refs/heads/b1 refs/remotes/b1 [1ms]
2025-06-04 17:46:18.631 [info] > git status -z -uall [7ms]
2025-06-04 17:46:18.633 [info] > git for-each-ref --sort -committerdate --format %(refname)%00%(objectname)%00%(*objectname) [2ms]
2025-06-04 17:48:01.149 [info] > git config --get commit.template [1ms]
2025-06-04 17:48:01.159 [info] > git for-each-ref --format=%(refname)%00%(upstream:short)%00%(objectname)%00%(upstream:track)%00%(upstream:remotename)%00%(upstream:remoteref) refs/heads/b1 refs/remotes/b1 [1ms]
2025-06-04 17:48:01.172 [info] > git status -z -uall [7ms]
2025-06-04 17:48:01.173 [info] > git for-each-ref --sort -committerdate --format %(refname)%00%(objectname)%00%(*objectname) [2ms]
2025-06-04 17:48:06.196 [info] > git config --get commit.template [10ms]
2025-06-04 17:48:06.197 [info] > git for-each-ref --format=%(refname)%00%(upstream:short)%00%(objectname)%00%(upstream:track)%00%(upstream:remotename)%00%(upstream:remoteref) refs/heads/b1 refs/remotes/b1 [2ms]
2025-06-04 17:48:06.215 [info] > git status -z -uall [9ms]
2025-06-04 17:48:06.216 [info] > git for-each-ref --sort -committerdate --format %(refname)%00%(objectname)%00%(*objectname) [1ms]
2025-06-04 17:49:13.343 [info] > git show --textconv :README.md [11ms]
2025-06-04 17:49:13.344 [info] > git ls-files --stage -- README.md [2ms]
2025-06-04 17:49:13.356 [info] > git cat-file -s f102b3d033d9f9c76b4c35249c13422b70d79789 [1ms]
2025-06-04 17:49:13.389 [info] > git blame --root --incremental 1423b9641ce1002defa6490b77331ecfa555f488 -- README.md [3ms]
2025-06-04 17:52:44.297 [info] > git config --get commit.template [1ms]
2025-06-04 17:52:44.303 [info] > git for-each-ref --format=%(refname)%00%(upstream:short)%00%(objectname)%00%(upstream:track)%00%(upstream:remotename)%00%(upstream:remoteref) refs/heads/b1 refs/remotes/b1 [0ms]
2025-06-04 17:52:44.318 [info] > git status -z -uall [7ms]
2025-06-04 17:52:44.319 [info] > git for-each-ref --sort -committerdate --format %(refname)%00%(objectname)%00%(*objectname) [1ms]
2025-06-04 17:52:48.925 [info] > git show --textconv :GamePanel.java [10ms]
2025-06-04 17:52:48.927 [info] > git ls-files --stage -- GamePanel.java [3ms]
2025-06-04 17:52:48.935 [info] > git cat-file -s b18f00bfe024fcd8df6a613a7d0248069a210a49 [1ms]
2025-06-04 17:53:09.668 [info] > git config --get commit.template [7ms]
2025-06-04 17:53:09.668 [info] > git for-each-ref --format=%(refname)%00%(upstream:short)%00%(objectname)%00%(upstream:track)%00%(upstream:remotename)%00%(upstream:remoteref) refs/heads/b1 refs/remotes/b1 [1ms]
2025-06-04 17:53:09.682 [info] > git status -z -uall [6ms]
2025-06-04 17:53:09.683 [info] > git for-each-ref --sort -committerdate --format %(refname)%00%(objectname)%00%(*objectname) [2ms]
2025-06-04 17:53:09.696 [info] > git blame --root --incremental c9777ce8e44541881ed2da0ec37c1cd693031d8b -- GamePanel.java [2ms]
2025-06-04 17:53:10.725 [info] > git config --get commit.template [3ms]
2025-06-04 17:53:10.737 [info] > git for-each-ref --format=%(refname)%00%(upstream:short)%00%(objectname)%00%(upstream:track)%00%(upstream:remotename)%00%(upstream:remoteref) refs/heads/b1 refs/remotes/b1 [2ms]
2025-06-04 17:53:10.754 [info] > git status -z -uall [8ms]
2025-06-04 17:53:10.755 [info] > git for-each-ref --sort -committerdate --format %(refname)%00%(objectname)%00%(*objectname) [1ms]
2025-06-04 17:53:10.822 [info] > git ls-files --stage -- GamePanel.java [1ms]
2025-06-04 17:53:10.834 [info] > git cat-file -s 4ef9e7c9a22a63622bf84e083394e29415765d8a [3ms]
2025-06-04 17:53:10.847 [info] > git show --textconv :GamePanel.java [2ms]
2025-06-04 17:53:22.107 [info] > git config --get commit.template [2ms]
2025-06-04 17:53:22.115 [info] > git for-each-ref --format=%(refname)%00%(upstream:short)%00%(objectname)%00%(upstream:track)%00%(upstream:remotename)%00%(upstream:remoteref) refs/heads/main refs/remotes/main [0ms]
2025-06-04 17:53:22.129 [info] > git status -z -uall [7ms]
2025-06-04 17:53:22.130 [info] > git for-each-ref --sort -committerdate --format %(refname)%00%(objectname)%00%(*objectname) [1ms]
2025-06-04 17:53:22.144 [info] > git for-each-ref --format=%(refname)%00%(upstream:short)%00%(objectname)%00%(upstream:track)%00%(upstream:remotename)%00%(upstream:remoteref) refs/heads/main refs/remotes/main [2ms]
2025-06-04 17:53:22.150 [info] > git config --get --local branch.main.vscode-merge-base [1ms]
2025-06-04 17:53:22.161 [info] > git for-each-ref --format=%(refname)%00%(upstream:short)%00%(objectname)%00%(upstream:track)%00%(upstream:remotename)%00%(upstream:remoteref) refs/heads/origin/main refs/remotes/origin/main [2ms]
2025-06-04 17:53:22.172 [info] > git merge-base refs/heads/main refs/remotes/origin/main [2ms]
2025-06-04 17:53:22.180 [info] > git diff --name-status -z --diff-filter=ADMR 1423b9641ce1002defa6490b77331ecfa555f488...refs/remotes/origin/main [1ms]
2025-06-04 17:53:23.184 [info] > git config --get commit.template [11ms]
2025-06-04 17:53:23.185 [info] > git for-each-ref --format=%(refname)%00%(upstream:short)%00%(objectname)%00%(upstream:track)%00%(upstream:remotename)%00%(upstream:remoteref) refs/heads/main refs/remotes/main [2ms]
2025-06-04 17:53:23.199 [info] > git status -z -uall [6ms]
2025-06-04 17:53:23.200 [info] > git for-each-ref --sort -committerdate --format %(refname)%00%(objectname)%00%(*objectname) [1ms]
2025-06-04 17:53:23.269 [info] > git ls-files --stage -- GamePanel.java [1ms]
2025-06-04 17:53:23.278 [info] > git cat-file -s b18f00bfe024fcd8df6a613a7d0248069a210a49 [1ms]
2025-06-04 17:53:23.287 [info] > git show --textconv :GamePanel.java [1ms]
2025-06-04 17:53:28.910 [info] > git config --get commit.template [2ms]
2025-06-04 17:53:28.920 [info] > git for-each-ref --format=%(refname)%00%(upstream:short)%00%(objectname)%00%(upstream:track)%00%(upstream:remotename)%00%(upstream:remoteref) refs/heads/main refs/remotes/main [1ms]
2025-06-04 17:53:28.935 [info] > git status -z -uall [8ms]
2025-06-04 17:53:28.935 [info] > git for-each-ref --sort -committerdate --format %(refname)%00%(objectname)%00%(*objectname) [1ms]
2025-06-04 17:53:28.949 [info] > git merge-base refs/heads/main refs/remotes/origin/main [2ms]
2025-06-04 17:53:28.963 [info] > git diff --name-status -z --diff-filter=ADMR 1423b9641ce1002defa6490b77331ecfa555f488...refs/remotes/origin/main [2ms]
2025-06-04 17:53:29.986 [info] > git config --get commit.template [10ms]
2025-06-04 17:53:29.987 [info] > git for-each-ref --format=%(refname)%00%(upstream:short)%00%(objectname)%00%(upstream:track)%00%(upstream:remotename)%00%(upstream:remoteref) refs/heads/main refs/remotes/main [2ms]
2025-06-04 17:53:30.003 [info] > git status -z -uall [8ms]
2025-06-04 17:53:30.003 [info] > git for-each-ref --sort -committerdate --format %(refname)%00%(objectname)%00%(*objectname) [1ms]
2025-06-04 17:53:30.072 [info] > git ls-files --stage -- GamePanel.java [1ms]
2025-06-04 17:53:30.080 [info] > git cat-file -s 4ef9e7c9a22a63622bf84e083394e29415765d8a [1ms]
2025-06-04 17:53:30.090 [info] > git show --textconv :GamePanel.java [1ms]
2025-06-04 17:53:47.309 [info] > git config --get commit.template [1ms]
2025-06-04 17:53:47.323 [info] > git for-each-ref --format=%(refname)%00%(upstream:short)%00%(objectname)%00%(upstream:track)%00%(upstream:remotename)%00%(upstream:remoteref) refs/heads/main refs/remotes/main [1ms]
2025-06-04 17:53:47.342 [info] > git status -z -uall [10ms]
2025-06-04 17:53:47.342 [info] > git for-each-ref --sort -committerdate --format %(refname)%00%(objectname)%00%(*objectname) [1ms]
2025-06-04 17:53:47.353 [info] > git merge-base refs/heads/main refs/remotes/origin/main [3ms]
2025-06-04 17:53:47.360 [info] > git diff --name-status -z --diff-filter=ADMR c9777ce8e44541881ed2da0ec37c1cd693031d8b...refs/remotes/origin/main [1ms]
2025-06-04 17:53:48.376 [info] > git config --get commit.template [12ms]
2025-06-04 17:53:48.377 [info] > git for-each-ref --format=%(refname)%00%(upstream:short)%00%(objectname)%00%(upstream:track)%00%(upstream:remotename)%00%(upstream:remoteref) refs/heads/main refs/remotes/main [2ms]
2025-06-04 17:53:48.395 [info] > git status -z -uall [9ms]
2025-06-04 17:53:48.396 [info] > git for-each-ref --sort -committerdate --format %(refname)%00%(objectname)%00%(*objectname) [2ms]
2025-06-04 17:53:48.467 [info] > git ls-files --stage -- GamePanel.java [2ms]
2025-06-04 17:53:48.479 [info] > git cat-file -s 4ef9e7c9a22a63622bf84e083394e29415765d8a [2ms]
2025-06-04 17:53:48.492 [info] > git show --textconv :GamePanel.java [2ms]
2025-06-04 17:53:53.414 [info] > git config --get commit.template [1ms]
2025-06-04 17:53:53.422 [info] > git for-each-ref --format=%(refname)%00%(upstream:short)%00%(objectname)%00%(upstream:track)%00%(upstream:remotename)%00%(upstream:remoteref) refs/heads/b1 refs/remotes/b1 [1ms]
2025-06-04 17:53:53.437 [info] > git status -z -uall [8ms]
2025-06-04 17:53:53.438 [info] > git for-each-ref --sort -committerdate --format %(refname)%00%(objectname)%00%(*objectname) [1ms]
2025-06-04 17:53:53.446 [info] > git for-each-ref --format=%(refname)%00%(upstream:short)%00%(objectname)%00%(upstream:track)%00%(upstream:remotename)%00%(upstream:remoteref) refs/heads/b1 refs/remotes/b1 [1ms]
2025-06-04 17:53:53.454 [info] > git config --get --local branch.b1.vscode-merge-base [1ms]
2025-06-04 17:53:53.460 [info] > git for-each-ref --format=%(refname)%00%(upstream:short)%00%(objectname)%00%(upstream:track)%00%(upstream:remotename)%00%(upstream:remoteref) refs/heads/origin/main refs/remotes/origin/main [1ms]
2025-06-04 17:53:54.491 [info] > git config --get commit.template [2ms]
2025-06-04 17:53:54.503 [info] > git for-each-ref --format=%(refname)%00%(upstream:short)%00%(objectname)%00%(upstream:track)%00%(upstream:remotename)%00%(upstream:remoteref) refs/heads/b1 refs/remotes/b1 [2ms]
2025-06-04 17:53:54.521 [info] > git status -z -uall [9ms]
2025-06-04 17:53:54.522 [info] > git for-each-ref --sort -committerdate --format %(refname)%00%(objectname)%00%(*objectname) [2ms]
2025-06-04 17:53:54.591 [info] > git ls-files --stage -- GamePanel.java [1ms]
2025-06-04 17:53:54.601 [info] > git cat-file -s 4ef9e7c9a22a63622bf84e083394e29415765d8a [2ms]
2025-06-04 17:53:54.612 [info] > git show --textconv :GamePanel.java [2ms]
2025-06-04 17:54:29.723 [info] > git config --get commit.template [11ms]
2025-06-04 17:54:29.725 [info] > git for-each-ref --format=%(refname)%00%(upstream:short)%00%(objectname)%00%(upstream:track)%00%(upstream:remotename)%00%(upstream:remoteref) refs/heads/b1 refs/remotes/b1 [1ms]
2025-06-04 17:54:29.743 [info] > git status -z -uall [9ms]
2025-06-04 17:54:29.744 [info] > git for-each-ref --sort -committerdate --format %(refname)%00%(objectname)%00%(*objectname) [1ms]
2025-06-04 17:55:12.911 [info] > git config --get commit.template [8ms]
2025-06-04 17:55:12.911 [info] > git for-each-ref --format=%(refname)%00%(upstream:short)%00%(objectname)%00%(upstream:track)%00%(upstream:remotename)%00%(upstream:remoteref) refs/heads/b1 refs/remotes/b1 [1ms]
2025-06-04 17:55:12.924 [info] > git status -z -uall [6ms]
2025-06-04 17:55:12.925 [info] > git for-each-ref --sort -committerdate --format %(refname)%00%(objectname)%00%(*objectname) [2ms]
2025-06-04 17:55:19.404 [info] > git config --get commit.template [7ms]
2025-06-04 17:55:19.404 [info] > git for-each-ref --format=%(refname)%00%(upstream:short)%00%(objectname)%00%(upstream:track)%00%(upstream:remotename)%00%(upstream:remoteref) refs/heads/b1 refs/remotes/b1 [1ms]
2025-06-04 17:55:19.418 [info] > git status -z -uall [5ms]
2025-06-04 17:55:19.419 [info] > git for-each-ref --sort -committerdate --format %(refname)%00%(objectname)%00%(*objectname) [1ms]
2025-06-04 17:55:19.431 [info] > git blame --root --incremental 449a71f6eaae499f7d7ebd1bfe6d170c9ad462d9 -- GamePanel.java [3ms]
2025-06-04 17:55:20.469 [info] > git config --get commit.template [10ms]
2025-06-04 17:55:20.470 [info] > git for-each-ref --format=%(refname)%00%(upstream:short)%00%(objectname)%00%(upstream:track)%00%(upstream:remotename)%00%(upstream:remoteref) refs/heads/b1 refs/remotes/b1 [1ms]
2025-06-04 17:55:20.483 [info] > git status -z -uall [8ms]
2025-06-04 17:55:20.484 [info] > git for-each-ref --sort -committerdate --format %(refname)%00%(objectname)%00%(*objectname) [1ms]
2025-06-04 17:55:20.564 [info] > git ls-files --stage -- GamePanel.java [2ms]
2025-06-04 17:55:20.577 [info] > git cat-file -s 284bc037f73e3ce7bcd3f46a0a2b017741971d52 [3ms]
2025-06-04 17:55:20.590 [info] > git show --textconv :GamePanel.java [2ms]
2025-06-04 17:55:36.091 [info] > git config --get commit.template [9ms]
2025-06-04 17:55:36.092 [info] > git for-each-ref --format=%(refname)%00%(upstream:short)%00%(objectname)%00%(upstream:track)%00%(upstream:remotename)%00%(upstream:remoteref) refs/heads/main refs/remotes/main [1ms]
2025-06-04 17:55:36.105 [info] > git status -z -uall [7ms]
2025-06-04 17:55:36.106 [info] > git for-each-ref --sort -committerdate --format %(refname)%00%(objectname)%00%(*objectname) [2ms]
2025-06-04 17:55:36.115 [info] > git for-each-ref --format=%(refname)%00%(upstream:short)%00%(objectname)%00%(upstream:track)%00%(upstream:remotename)%00%(upstream:remoteref) refs/heads/main refs/remotes/main [1ms]
2025-06-04 17:55:36.122 [info] > git config --get --local branch.main.vscode-merge-base [1ms]
2025-06-04 17:55:36.131 [info] > git for-each-ref --format=%(refname)%00%(upstream:short)%00%(objectname)%00%(upstream:track)%00%(upstream:remotename)%00%(upstream:remoteref) refs/heads/origin/main refs/remotes/origin/main [1ms]
2025-06-04 17:55:36.138 [info] > git merge-base refs/heads/main refs/remotes/origin/main [1ms]
2025-06-04 17:55:36.148 [info] > git diff --name-status -z --diff-filter=ADMR c9777ce8e44541881ed2da0ec37c1cd693031d8b...refs/remotes/origin/main [2ms]
2025-06-04 17:55:37.171 [info] > git config --get commit.template [11ms]
2025-06-04 17:55:37.173 [info] > git for-each-ref --format=%(refname)%00%(upstream:short)%00%(objectname)%00%(upstream:track)%00%(upstream:remotename)%00%(upstream:remoteref) refs/heads/main refs/remotes/main [3ms]
2025-06-04 17:55:37.194 [info] > git status -z -uall [11ms]
2025-06-04 17:55:37.196 [info] > git for-each-ref --sort -committerdate --format %(refname)%00%(objectname)%00%(*objectname) [3ms]
2025-06-04 17:55:37.257 [info] > git ls-files --stage -- GamePanel.java [1ms]
2025-06-04 17:55:37.263 [info] > git cat-file -s 4ef9e7c9a22a63622bf84e083394e29415765d8a [1ms]
2025-06-04 17:55:37.272 [info] > git show --textconv :GamePanel.java [1ms]
2025-06-04 17:55:40.489 [info] > git config --get commit.template [1ms]
2025-06-04 17:55:40.498 [info] > git for-each-ref --format=%(refname)%00%(upstream:short)%00%(objectname)%00%(upstream:track)%00%(upstream:remotename)%00%(upstream:remoteref) refs/heads/main refs/remotes/main [1ms]
2025-06-04 17:55:40.512 [info] > git status -z -uall [8ms]
2025-06-04 17:55:40.512 [info] > git for-each-ref --sort -committerdate --format %(refname)%00%(objectname)%00%(*objectname) [1ms]
2025-06-04 17:55:40.521 [info] > git merge-base refs/heads/main refs/remotes/origin/main [2ms]
2025-06-04 17:55:40.529 [info] > git diff --name-status -z --diff-filter=ADMR c9777ce8e44541881ed2da0ec37c1cd693031d8b...refs/remotes/origin/main [1ms]
2025-06-04 17:55:41.652 [info] > git ls-files --stage -- GamePanel.java [1ms]
2025-06-04 17:55:41.659 [info] > git cat-file -s 284bc037f73e3ce7bcd3f46a0a2b017741971d52 [1ms]
2025-06-04 17:55:41.666 [info] > git show --textconv :GamePanel.java [1ms]
2025-06-04 17:55:42.210 [info] > git config --get commit.template [5ms]
2025-06-04 17:55:42.211 [info] > git for-each-ref --format=%(refname)%00%(upstream:short)%00%(objectname)%00%(upstream:track)%00%(upstream:remotename)%00%(upstream:remoteref) refs/heads/main refs/remotes/main [1ms]
2025-06-04 17:55:42.222 [info] > git status -z -uall [6ms]
2025-06-04 17:55:42.222 [info] > git for-each-ref --sort -committerdate --format %(refname)%00%(objectname)%00%(*objectname) [1ms]
2025-06-04 17:55:52.734 [info] > git config --get commit.template [2ms]
2025-06-04 17:55:52.744 [info] > git for-each-ref --format=%(refname)%00%(upstream:short)%00%(objectname)%00%(upstream:track)%00%(upstream:remotename)%00%(upstream:remoteref) refs/heads/main refs/remotes/main [1ms]
2025-06-04 17:55:52.759 [info] > git status -z -uall [9ms]
2025-06-04 17:55:52.759 [info] > git for-each-ref --sort -committerdate --format %(refname)%00%(objectname)%00%(*objectname) [1ms]
2025-06-04 17:55:52.776 [info] > git merge-base refs/heads/main refs/remotes/origin/main [3ms]
2025-06-04 17:55:52.792 [info] > git diff --name-status -z --diff-filter=ADMR 449a71f6eaae499f7d7ebd1bfe6d170c9ad462d9...refs/remotes/origin/main [2ms]
2025-06-04 17:55:53.815 [info] > git config --get commit.template [10ms]
2025-06-04 17:55:53.816 [info] > git for-each-ref --format=%(refname)%00%(upstream:short)%00%(objectname)%00%(upstream:track)%00%(upstream:remotename)%00%(upstream:remoteref) refs/heads/main refs/remotes/main [2ms]
2025-06-04 17:55:53.836 [info] > git status -z -uall [9ms]
2025-06-04 17:55:53.837 [info] > git for-each-ref --sort -committerdate --format %(refname)%00%(objectname)%00%(*objectname) [2ms]
2025-06-04 17:55:53.917 [info] > git ls-files --stage -- GamePanel.java [11ms]
2025-06-04 17:55:53.928 [info] > git cat-file -s 284bc037f73e3ce7bcd3f46a0a2b017741971d52 [2ms]
2025-06-04 17:55:53.940 [info] > git show --textconv :GamePanel.java [1ms]
2025-06-04 17:55:58.937 [info] > git config --get commit.template [8ms]
2025-06-04 17:55:58.938 [info] > git for-each-ref --format=%(refname)%00%(upstream:short)%00%(objectname)%00%(upstream:track)%00%(upstream:remotename)%00%(upstream:remoteref) refs/heads/b1 refs/remotes/b1 [1ms]
2025-06-04 17:55:58.953 [info] > git status -z -uall [9ms]
2025-06-04 17:55:58.954 [info] > git for-each-ref --sort -committerdate --format %(refname)%00%(objectname)%00%(*objectname) [2ms]
2025-06-04 17:55:58.963 [info] > git for-each-ref --format=%(refname)%00%(upstream:short)%00%(objectname)%00%(upstream:track)%00%(upstream:remotename)%00%(upstream:remoteref) refs/heads/b1 refs/remotes/b1 [2ms]
2025-06-04 17:55:58.971 [info] > git config --get --local branch.b1.vscode-merge-base [1ms]
2025-06-04 17:55:58.979 [info] > git for-each-ref --format=%(refname)%00%(upstream:short)%00%(objectname)%00%(upstream:track)%00%(upstream:remotename)%00%(upstream:remoteref) refs/heads/origin/main refs/remotes/origin/main [1ms]
2025-06-04 17:56:00.012 [info] > git config --get commit.template [12ms]
2025-06-04 17:56:00.013 [info] > git for-each-ref --format=%(refname)%00%(upstream:short)%00%(objectname)%00%(upstream:track)%00%(upstream:remotename)%00%(upstream:remoteref) refs/heads/b1 refs/remotes/b1 [2ms]
2025-06-04 17:56:00.031 [info] > git status -z -uall [8ms]
2025-06-04 17:56:00.032 [info] > git for-each-ref --sort -committerdate --format %(refname)%00%(objectname)%00%(*objectname) [1ms]
2025-06-04 17:56:00.103 [info] > git ls-files --stage -- GamePanel.java [2ms]
2025-06-04 17:56:00.116 [info] > git cat-file -s 284bc037f73e3ce7bcd3f46a0a2b017741971d52 [3ms]
2025-06-04 17:56:00.129 [info] > git show --textconv :GamePanel.java [2ms]
2025-06-04 18:11:09.697 [info] > git config --get commit.template [8ms]
2025-06-04 18:11:09.698 [info] > git for-each-ref --format=%(refname)%00%(upstream:short)%00%(objectname)%00%(upstream:track)%00%(upstream:remotename)%00%(upstream:remoteref) refs/heads/main refs/remotes/main [2ms]
2025-06-04 18:11:09.712 [info] > git status -z -uall [7ms]
2025-06-04 18:11:09.713 [info] > git for-each-ref --sort -committerdate --format %(refname)%00%(objectname)%00%(*objectname) [2ms]
2025-06-04 18:11:09.725 [info] > git for-each-ref --format=%(refname)%00%(upstream:short)%00%(objectname)%00%(upstream:track)%00%(upstream:remotename)%00%(upstream:remoteref) refs/heads/main refs/remotes/main [1ms]
2025-06-04 18:11:09.731 [info] > git config --get --local branch.main.vscode-merge-base [1ms]
2025-06-04 18:11:09.739 [info] > git for-each-ref --format=%(refname)%00%(upstream:short)%00%(objectname)%00%(upstream:track)%00%(upstream:remotename)%00%(upstream:remoteref) refs/heads/origin/main refs/remotes/origin/main [1ms]
2025-06-04 18:11:09.746 [info] > git merge-base refs/heads/main refs/remotes/origin/main [1ms]
2025-06-04 18:11:09.752 [info] > git diff --name-status -z --diff-filter=ADMR 449a71f6eaae499f7d7ebd1bfe6d170c9ad462d9...refs/remotes/origin/main [1ms]
2025-06-04 18:11:10.768 [info] > git config --get commit.template [12ms]
2025-06-04 18:11:10.769 [info] > git for-each-ref --format=%(refname)%00%(upstream:short)%00%(objectname)%00%(upstream:track)%00%(upstream:remotename)%00%(upstream:remoteref) refs/heads/main refs/remotes/main [2ms]
2025-06-04 18:11:10.789 [info] > git status -z -uall [9ms]
2025-06-04 18:11:10.791 [info] > git for-each-ref --sort -committerdate --format %(refname)%00%(objectname)%00%(*objectname) [2ms]
2025-06-04 18:11:10.861 [info] > git ls-files --stage -- GamePanel.java [2ms]
2025-06-04 18:11:10.873 [info] > git cat-file -s 284bc037f73e3ce7bcd3f46a0a2b017741971d52 [2ms]
2025-06-04 18:11:10.888 [info] > git show --textconv :GamePanel.java [3ms]
2025-06-04 18:11:23.410 [info] > git config --get commit.template [8ms]
2025-06-04 18:11:23.410 [info] > git for-each-ref --format=%(refname)%00%(upstream:short)%00%(objectname)%00%(upstream:track)%00%(upstream:remotename)%00%(upstream:remoteref) refs/heads/b1 refs/remotes/b1 [1ms]
2025-06-04 18:11:23.424 [info] > git status -z -uall [7ms]
2025-06-04 18:11:23.425 [info] > git for-each-ref --sort -committerdate --format %(refname)%00%(objectname)%00%(*objectname) [2ms]
2025-06-04 18:11:23.436 [info] > git for-each-ref --format=%(refname)%00%(upstream:short)%00%(objectname)%00%(upstream:track)%00%(upstream:remotename)%00%(upstream:remoteref) refs/heads/b1 refs/remotes/b1 [3ms]
2025-06-04 18:11:23.442 [info] > git config --get --local branch.b1.vscode-merge-base [1ms]
2025-06-04 18:11:23.449 [info] > git for-each-ref --format=%(refname)%00%(upstream:short)%00%(objectname)%00%(upstream:track)%00%(upstream:remotename)%00%(upstream:remoteref) refs/heads/origin/main refs/remotes/origin/main [1ms]
2025-06-04 18:11:24.483 [info] > git config --get commit.template [11ms]
2025-06-04 18:11:24.484 [info] > git for-each-ref --format=%(refname)%00%(upstream:short)%00%(objectname)%00%(upstream:track)%00%(upstream:remotename)%00%(upstream:remoteref) refs/heads/b1 refs/remotes/b1 [2ms]
2025-06-04 18:11:24.501 [info] > git status -z -uall [8ms]
2025-06-04 18:11:24.502 [info] > git for-each-ref --sort -committerdate --format %(refname)%00%(objectname)%00%(*objectname) [2ms]
2025-06-04 18:11:24.575 [info] > git ls-files --stage -- GamePanel.java [2ms]
2025-06-04 18:11:24.587 [info] > git cat-file -s 284bc037f73e3ce7bcd3f46a0a2b017741971d52 [3ms]
2025-06-04 18:11:24.601 [info] > git show --textconv :GamePanel.java [3ms]
