2025-06-14 12:55:24.161 [info] Reading sessions from keychain...
2025-06-14 12:55:24.161 [info] Getting sessions for all scopes...
2025-06-14 12:55:24.161 [info] Getting sessions for all scopes...
2025-06-14 12:55:24.161 [info] Getting sessions for all scopes...
2025-06-14 12:55:24.161 [info] Getting sessions for all scopes...
2025-06-14 12:55:24.161 [info] Getting sessions for all scopes...
2025-06-14 12:55:24.161 [info] Getting sessions for all scopes...
2025-06-14 12:55:24.161 [info] Getting sessions for all scopes...
2025-06-14 12:55:24.332 [info] Got stored sessions!
2025-06-14 12:55:24.332 [info] Got 1 verified sessions.
2025-06-14 12:55:24.332 [info] Got 1 sessions for ...
2025-06-14 12:55:24.332 [info] Got 1 sessions for ...
2025-06-14 12:55:24.332 [info] Got 1 sessions for ...
2025-06-14 12:55:24.332 [info] Got 1 sessions for ...
2025-06-14 12:55:24.332 [info] Got 1 sessions for ...
2025-06-14 12:55:24.332 [info] Got 1 sessions for ...
2025-06-14 12:55:24.332 [info] Got 1 sessions for ...
2025-06-14 12:55:24.430 [info] Getting sessions for all scopes...
2025-06-14 12:55:24.430 [info] Got 1 sessions for ...
2025-06-14 12:55:24.430 [info] Getting sessions for all scopes...
2025-06-14 12:55:24.430 [info] Got 1 sessions for ...
2025-06-14 12:55:24.430 [info] Getting sessions for all scopes...
2025-06-14 12:55:24.430 [info] Got 1 sessions for ...
2025-06-14 12:55:24.430 [info] Getting sessions for all scopes...
2025-06-14 12:55:24.430 [info] Got 1 sessions for ...
2025-06-14 12:55:24.430 [info] Getting sessions for all scopes...
2025-06-14 12:55:24.430 [info] Got 1 sessions for ...
2025-06-14 12:55:24.430 [info] Getting sessions for all scopes...
2025-06-14 12:55:24.430 [info] Got 1 sessions for ...
2025-06-14 12:55:24.537 [info] Getting sessions for all scopes...
2025-06-14 12:55:24.537 [info] Got 1 sessions for ...
2025-06-14 12:55:25.146 [info] Getting sessions for all scopes...
2025-06-14 12:55:25.146 [info] Got 1 sessions for ...
2025-06-14 12:55:26.176 [info] Getting sessions for read:user,repo,user:email,workflow...
2025-06-14 12:55:26.176 [info] Got 1 sessions for read:user,repo,user:email,workflow...
2025-06-14 12:55:26.639 [info] Getting sessions for all scopes...
2025-06-14 12:55:26.639 [info] Got 1 sessions for ...
2025-06-14 14:31:54.219 [info] Getting sessions for read:user,repo,user:email,workflow...
2025-06-14 14:31:54.219 [info] Got 1 sessions for read:user,repo,user:email,workflow...
