2025-06-13 12:44:16.558 [info] [main] Log level: Info
2025-06-13 12:44:16.558 [info] [main] Validating found git in: "git"
2025-06-13 12:44:16.558 [info] [main] Using git "2.43.0" from "git"
2025-06-13 12:44:16.558 [info] [Model][doInitialScan] Initial repository scan started
2025-06-13 12:44:16.558 [info] > git rev-parse --show-toplevel [263ms]
2025-06-13 12:44:16.558 [info] > git rev-parse --git-dir --git-common-dir [8ms]
2025-06-13 12:44:16.558 [info] [Model][openRepository] Opened repository (path): /home/sammy/Desktop/temp/hello-world
2025-06-13 12:44:16.558 [info] [Model][openRepository] Opened repository (real path): /home/sammy/Desktop/temp/hello-world
2025-06-13 12:44:16.565 [info] > git rev-parse --show-toplevel [55ms]
2025-06-13 12:44:16.565 [info] > git config --get commit.template [62ms]
2025-06-13 12:44:16.631 [info] > git for-each-ref --format=%(refname)%00%(upstream:short)%00%(objectname)%00%(upstream:track)%00%(upstream:remotename)%00%(upstream:remoteref) refs/heads/b1 refs/remotes/b1 [6ms]
2025-06-13 12:44:16.646 [info] > git rev-parse --show-toplevel [30ms]
2025-06-13 12:44:16.656 [info] > git status -z -uall [20ms]
2025-06-13 12:44:16.657 [info] > git for-each-ref --sort -committerdate --format %(refname)%00%(objectname)%00%(*objectname) [12ms]
2025-06-13 12:44:16.696 [info] > git for-each-ref --format=%(refname)%00%(upstream:short)%00%(objectname)%00%(upstream:track)%00%(upstream:remotename)%00%(upstream:remoteref) refs/heads/b1 refs/remotes/b1 [13ms]
2025-06-13 12:44:16.705 [info] > git rev-parse --show-toplevel [51ms]
2025-06-13 12:44:16.717 [info] > git config --get --local branch.b1.vscode-merge-base [13ms]
2025-06-13 12:44:16.725 [info] > git config --get commit.template [29ms]
2025-06-13 12:44:16.727 [info] > git for-each-ref --format=%(refname)%00%(upstream:short)%00%(objectname)%00%(upstream:track)%00%(upstream:remotename)%00%(upstream:remoteref) refs/heads/origin/main refs/remotes/origin/main [3ms]
2025-06-13 12:44:16.730 [info] > git rev-parse --show-toplevel [15ms]
2025-06-13 12:44:16.749 [info] > git rev-parse --show-toplevel [2ms]
2025-06-13 12:44:16.749 [info] > git for-each-ref --format=%(refname)%00%(upstream:short)%00%(objectname)%00%(upstream:track)%00%(upstream:remotename)%00%(upstream:remoteref) refs/heads/b1 refs/remotes/b1 [11ms]
2025-06-13 12:44:16.791 [info] > git status -z -uall [35ms]
2025-06-13 12:44:16.792 [info] > git for-each-ref --sort -committerdate --format %(refname)%00%(objectname)%00%(*objectname) [27ms]
2025-06-13 12:44:16.830 [info] > git rev-parse --show-toplevel [40ms]
2025-06-13 12:44:16.848 [info] > git rev-parse --show-toplevel [8ms]
2025-06-13 12:44:16.851 [info] [Model][doInitialScan] Initial repository scan completed - repositories (1), closed repositories (0), parent repositories (0), unsafe repositories (0)
2025-06-13 12:44:16.870 [info] > git show --textconv :arrayProblems/subarSumK.cpp [12ms]
2025-06-13 12:44:16.873 [info] > git ls-files --stage -- arrayProblems/subarSumK.cpp [5ms]
2025-06-13 12:44:16.884 [info] > git cat-file -s 1bf392ccfd6ec180e875ebcabea2d23d62c3f1ce [2ms]
2025-06-13 12:44:16.979 [info] > git blame --root --incremental 3859152f688a7d286f257df3e9a080fd6a0d5c25 -- arrayProblems/subarSumK.cpp [30ms]
2025-06-13 12:44:17.465 [info] > git check-ignore -v -z --stdin [65ms]
2025-06-13 12:48:44.616 [info] > git ls-files --stage -- arrayProblems/union.cpp [1ms]
2025-06-13 12:48:44.624 [info] > git show --textconv :arrayProblems/union.cpp [15ms]
2025-06-13 12:48:44.624 [info] > git cat-file -s e21027c0c8b668a12c07783ed5e82847d16cb5fd [1ms]
2025-06-13 12:48:44.637 [info] > git blame --root --incremental 3859152f688a7d286f257df3e9a080fd6a0d5c25 -- arrayProblems/union.cpp [4ms]
2025-06-13 12:48:50.541 [info] > git show --textconv :arrayProblems/remDupSorted.cpp [10ms]
2025-06-13 12:48:50.542 [info] > git ls-files --stage -- arrayProblems/remDupSorted.cpp [2ms]
2025-06-13 12:48:50.548 [info] > git cat-file -s 3ae933c95880f954f8ccd9f85c8838a1dbce6738 [1ms]
2025-06-13 12:48:50.566 [info] > git blame --root --incremental 3859152f688a7d286f257df3e9a080fd6a0d5c25 -- arrayProblems/remDupSorted.cpp [7ms]
2025-06-13 12:53:19.166 [info] > git show --textconv :stringProblems/isomorphic.cpp [9ms]
2025-06-13 12:53:19.167 [info] > git ls-files --stage -- stringProblems/isomorphic.cpp [2ms]
2025-06-13 12:53:19.173 [info] > git cat-file -s fff193735e1def7dcb86ad28d5608c4f00038938 [1ms]
2025-06-13 12:53:19.190 [info] > git blame --root --incremental 3859152f688a7d286f257df3e9a080fd6a0d5c25 -- stringProblems/isomorphic.cpp [5ms]
2025-06-13 12:53:22.674 [info] > git ls-files --stage -- stringProblems/longestSubStrNoRpt.cpp [1ms]
2025-06-13 12:53:22.681 [info] > git show --textconv :stringProblems/longestSubStrNoRpt.cpp [14ms]
2025-06-13 12:53:22.682 [info] > git cat-file -s 13a94011f984c4230e2059334ee2b070e983c231 [2ms]
2025-06-13 12:53:22.697 [info] > git blame --root --incremental 3859152f688a7d286f257df3e9a080fd6a0d5c25 -- stringProblems/longestSubStrNoRpt.cpp [6ms]
