2025-06-14 20:11:36.086 [info] Reading sessions from keychain...
2025-06-14 20:11:36.086 [info] Getting sessions for all scopes...
2025-06-14 20:11:36.086 [info] Getting sessions for all scopes...
2025-06-14 20:11:36.086 [info] Getting sessions for all scopes...
2025-06-14 20:11:36.086 [info] Getting sessions for all scopes...
2025-06-14 20:11:36.086 [info] Getting sessions for all scopes...
2025-06-14 20:11:36.086 [info] Getting sessions for all scopes...
2025-06-14 20:11:36.086 [info] Getting sessions for all scopes...
2025-06-14 20:11:36.175 [info] Got stored sessions!
2025-06-14 20:11:36.175 [info] Got 1 verified sessions.
2025-06-14 20:11:36.175 [info] Got 1 sessions for ...
2025-06-14 20:11:36.175 [info] Got 1 sessions for ...
2025-06-14 20:11:36.175 [info] Got 1 sessions for ...
2025-06-14 20:11:36.175 [info] Got 1 sessions for ...
2025-06-14 20:11:36.175 [info] Got 1 sessions for ...
2025-06-14 20:11:36.175 [info] Got 1 sessions for ...
2025-06-14 20:11:36.175 [info] Got 1 sessions for ...
2025-06-14 20:11:36.222 [info] Getting sessions for all scopes...
2025-06-14 20:11:36.222 [info] Got 1 sessions for ...
2025-06-14 20:11:36.222 [info] Getting sessions for all scopes...
2025-06-14 20:11:36.222 [info] Got 1 sessions for ...
2025-06-14 20:11:36.222 [info] Getting sessions for all scopes...
2025-06-14 20:11:36.222 [info] Got 1 sessions for ...
2025-06-14 20:11:36.222 [info] Getting sessions for all scopes...
2025-06-14 20:11:36.222 [info] Got 1 sessions for ...
2025-06-14 20:11:36.222 [info] Getting sessions for all scopes...
2025-06-14 20:11:36.222 [info] Got 1 sessions for ...
2025-06-14 20:11:36.222 [info] Getting sessions for all scopes...
2025-06-14 20:11:36.222 [info] Got 1 sessions for ...
2025-06-14 20:11:36.342 [info] Getting sessions for all scopes...
2025-06-14 20:11:36.342 [info] Got 1 sessions for ...
2025-06-14 20:11:36.838 [info] Getting sessions for all scopes...
2025-06-14 20:11:36.838 [info] Got 1 sessions for ...
2025-06-14 20:11:37.295 [info] Getting sessions for all scopes...
2025-06-14 20:11:37.295 [info] Got 1 sessions for ...
2025-06-14 20:11:37.338 [info] Getting sessions for read:user,repo,user:email,workflow...
2025-06-14 20:11:37.338 [info] Got 1 sessions for read:user,repo,user:email,workflow...
2025-06-14 22:09:07.275 [info] Getting sessions for read:user,repo,user:email,workflow...
2025-06-14 22:09:07.275 [info] Got 1 sessions for read:user,repo,user:email,workflow...
