2025-06-03 19:14:14.578 [info] [main] Log level: Info
2025-06-03 19:14:14.578 [info] [main] Validating found git in: "git"
2025-06-03 19:14:14.578 [info] [main] Using git "2.43.0" from "git"
2025-06-03 19:14:14.578 [info] [Model][doInitialScan] Initial repository scan started
2025-06-03 19:14:14.578 [info] > git rev-parse --show-toplevel [26ms]
2025-06-03 19:14:14.578 [info] > git rev-parse --git-dir --git-common-dir [10ms]
2025-06-03 19:14:14.578 [info] [Model][openRepository] Opened repository (path): /home/sammy/Desktop/temp/hello-world
2025-06-03 19:14:14.578 [info] [Model][openRepository] Opened repository (real path): /home/sammy/Desktop/temp/hello-world
2025-06-03 19:14:14.677 [info] > git rev-parse --show-toplevel [86ms]
2025-06-03 19:14:14.679 [info] [Model][doInitialScan] Initial repository scan completed - repositories (1), closed repositories (0), parent repositories (0), unsafe repositories (0)
2025-06-03 19:14:14.679 [info] > git config --get commit.template [95ms]
2025-06-03 19:14:14.955 [info] > git for-each-ref --format=%(refname)%00%(upstream:short)%00%(objectname)%00%(upstream:track)%00%(upstream:remotename)%00%(upstream:remoteref) refs/heads/b1 refs/remotes/b1 [40ms]
2025-06-03 19:14:14.978 [info] > git status -z -uall [16ms]
2025-06-03 19:14:14.978 [info] > git for-each-ref --sort -committerdate --format %(refname)%00%(objectname)%00%(*objectname) [9ms]
2025-06-03 19:14:15.025 [info] > git for-each-ref --format=%(refname)%00%(upstream:short)%00%(objectname)%00%(upstream:track)%00%(upstream:remotename)%00%(upstream:remoteref) refs/heads/b1 refs/remotes/b1 [30ms]
2025-06-03 19:14:15.057 [info] > git show --textconv :JavaCalc.java [16ms]
2025-06-03 19:14:15.057 [info] > git ls-files --stage -- JavaCalc.java [5ms]
2025-06-03 19:14:15.081 [info] > git config --get --local branch.b1.vscode-merge-base [48ms]
2025-06-03 19:14:15.088 [info] > git config --get commit.template [71ms]
2025-06-03 19:14:15.095 [info] > git for-each-ref --format=%(refname)%00%(upstream:short)%00%(objectname)%00%(upstream:track)%00%(upstream:remotename)%00%(upstream:remoteref) refs/heads/origin/main refs/remotes/origin/main [7ms]
2025-06-03 19:14:15.096 [info] > git hash-object -t tree /dev/null [16ms]
2025-06-03 19:14:15.097 [warning] [GitFileSystemProvider][readFile] File not found - git:/home/sammy/Desktop/temp/hello-world/JavaCalc.java.git?%7B%22path%22%3A%22%2Fhome%2Fsammy%2FDesktop%2Ftemp%2Fhello-world%2FJavaCalc.java%22%2C%22ref%22%3A%22%22%7D
2025-06-03 19:14:15.098 [info] > git hash-object -t tree /dev/null [30ms]
2025-06-03 19:14:15.098 [warning] [GitFileSystemProvider][stat] File not found - git:/home/sammy/Desktop/temp/hello-world/JavaCalc.java.git?%7B%22path%22%3A%22%2Fhome%2Fsammy%2FDesktop%2Ftemp%2Fhello-world%2FJavaCalc.java%22%2C%22ref%22%3A%22%22%7D
2025-06-03 19:14:15.123 [info] > git for-each-ref --format=%(refname)%00%(upstream:short)%00%(objectname)%00%(upstream:track)%00%(upstream:remotename)%00%(upstream:remoteref) refs/heads/b1 refs/remotes/b1 [2ms]
2025-06-03 19:14:15.166 [info] > git status -z -uall [34ms]
2025-06-03 19:14:15.166 [info] > git for-each-ref --sort -committerdate --format %(refname)%00%(objectname)%00%(*objectname) [24ms]
2025-06-03 19:14:15.196 [info] > git check-ignore -v -z --stdin [3ms]
2025-06-03 19:14:15.197 [info] > git blame --root --incremental 63094520b07f2eee63061a62c80dd0ab2c35910d -- JavaCalc.java [15ms]
2025-06-03 19:14:15.197 [info] fatal: no such path JavaCalc.java in 63094520b07f2eee63061a62c80dd0ab2c35910d
2025-06-03 19:14:35.517 [info] > git config --get commit.template [10ms]
2025-06-03 19:14:35.517 [info] > git for-each-ref --format=%(refname)%00%(upstream:short)%00%(objectname)%00%(upstream:track)%00%(upstream:remotename)%00%(upstream:remoteref) refs/heads/b1 refs/remotes/b1 [1ms]
2025-06-03 19:14:35.533 [info] > git status -z -uall [9ms]
2025-06-03 19:14:35.535 [info] > git for-each-ref --sort -committerdate --format %(refname)%00%(objectname)%00%(*objectname) [3ms]
2025-06-03 19:14:54.685 [info] > git config --get commit.template [1ms]
2025-06-03 19:14:54.697 [info] > git for-each-ref --format=%(refname)%00%(upstream:short)%00%(objectname)%00%(upstream:track)%00%(upstream:remotename)%00%(upstream:remoteref) refs/heads/b1 refs/remotes/b1 [2ms]
2025-06-03 19:14:54.715 [info] > git status -z -uall [9ms]
2025-06-03 19:14:54.716 [info] > git for-each-ref --sort -committerdate --format %(refname)%00%(objectname)%00%(*objectname) [1ms]
2025-06-03 19:15:16.906 [info] > git config --get commit.template [2ms]
2025-06-03 19:15:16.912 [info] > git for-each-ref --format=%(refname)%00%(upstream:short)%00%(objectname)%00%(upstream:track)%00%(upstream:remotename)%00%(upstream:remoteref) refs/heads/b1 refs/remotes/b1 [1ms]
2025-06-03 19:15:16.925 [info] > git status -z -uall [7ms]
2025-06-03 19:15:16.925 [info] > git for-each-ref --sort -committerdate --format %(refname)%00%(objectname)%00%(*objectname) [1ms]
2025-06-03 19:15:17.251 [info] > git show --textconv :JavaCalc.java [11ms]
2025-06-03 19:15:17.252 [info] > git ls-files --stage -- JavaCalc.java [3ms]
2025-06-03 19:15:17.261 [info] > git cat-file -s 2c438503483ec75d6aa9e6bfab87f003d0c846e6 [2ms]
2025-06-03 19:15:17.283 [info] > git blame --root --incremental cd6f0d2b3d408e21f6ca20aeff2e5dddcb1f2b3e -- JavaCalc.java [2ms]
2025-06-03 19:15:17.959 [info] > git config --get commit.template [4ms]
2025-06-03 19:15:17.974 [info] > git for-each-ref --format=%(refname)%00%(upstream:short)%00%(objectname)%00%(upstream:track)%00%(upstream:remotename)%00%(upstream:remoteref) refs/heads/b1 refs/remotes/b1 [1ms]
2025-06-03 19:15:17.987 [info] > git status -z -uall [6ms]
2025-06-03 19:15:17.988 [info] > git for-each-ref --sort -committerdate --format %(refname)%00%(objectname)%00%(*objectname) [1ms]
2025-06-03 19:15:18.057 [info] > git ls-files --stage -- JavaCalc.java [2ms]
2025-06-03 19:15:18.068 [info] > git cat-file -s 2c438503483ec75d6aa9e6bfab87f003d0c846e6 [2ms]
2025-06-03 19:15:18.079 [info] > git show --textconv :JavaCalc.java [2ms]
2025-06-03 19:15:26.930 [info] > git config --get commit.template [1ms]
2025-06-03 19:15:26.938 [info] > git for-each-ref --format=%(refname)%00%(upstream:short)%00%(objectname)%00%(upstream:track)%00%(upstream:remotename)%00%(upstream:remoteref) refs/heads/main refs/remotes/main [2ms]
2025-06-03 19:15:26.952 [info] > git status -z -uall [8ms]
2025-06-03 19:15:26.953 [info] > git for-each-ref --sort -committerdate --format %(refname)%00%(objectname)%00%(*objectname) [2ms]
2025-06-03 19:15:26.969 [info] > git blame --root --incremental 633348e3748f62969c3bf4826244fbea3290f97e -- JavaCalc.java [9ms]
2025-06-03 19:15:26.969 [info] fatal: no such path JavaCalc.java in 633348e3748f62969c3bf4826244fbea3290f97e
2025-06-03 19:15:26.970 [info] > git for-each-ref --format=%(refname)%00%(upstream:short)%00%(objectname)%00%(upstream:track)%00%(upstream:remotename)%00%(upstream:remoteref) refs/heads/main refs/remotes/main [3ms]
2025-06-03 19:15:26.975 [info] > git config --get --local branch.main.vscode-merge-base [1ms]
2025-06-03 19:15:26.983 [info] > git for-each-ref --format=%(refname)%00%(upstream:short)%00%(objectname)%00%(upstream:track)%00%(upstream:remotename)%00%(upstream:remoteref) refs/heads/origin/main refs/remotes/origin/main [1ms]
2025-06-03 19:15:26.990 [info] > git merge-base refs/heads/main refs/remotes/origin/main [1ms]
2025-06-03 19:15:26.998 [info] > git diff --name-status -z --diff-filter=ADMR 633348e3748f62969c3bf4826244fbea3290f97e...refs/remotes/origin/main [2ms]
2025-06-03 19:15:28.002 [info] > git config --get commit.template [2ms]
2025-06-03 19:15:28.015 [info] > git for-each-ref --format=%(refname)%00%(upstream:short)%00%(objectname)%00%(upstream:track)%00%(upstream:remotename)%00%(upstream:remoteref) refs/heads/main refs/remotes/main [3ms]
2025-06-03 19:15:28.034 [info] > git status -z -uall [9ms]
2025-06-03 19:15:28.035 [info] > git for-each-ref --sort -committerdate --format %(refname)%00%(objectname)%00%(*objectname) [2ms]
2025-06-03 19:15:28.105 [info] > git ls-files --stage -- JavaCalc.java [2ms]
2025-06-03 19:15:28.106 [warning] [GitFileSystemProvider][stat] File not found - git:/home/sammy/Desktop/temp/hello-world/JavaCalc.java.git?%7B%22path%22%3A%22%2Fhome%2Fsammy%2FDesktop%2Ftemp%2Fhello-world%2FJavaCalc.java%22%2C%22ref%22%3A%22%22%7D
2025-06-03 19:15:33.831 [info] > git for-each-ref --format=%(refname)%00%(upstream:short)%00%(objectname)%00%(upstream:track)%00%(upstream:remotename)%00%(upstream:remoteref) refs/heads/main refs/remotes/main [2ms]
2025-06-03 19:15:33.855 [info] > git status -z -uall [8ms]
2025-06-03 19:15:33.856 [info] > git for-each-ref --sort -committerdate --format %(refname)%00%(objectname)%00%(*objectname) [2ms]
2025-06-03 19:15:33.923 [info] > git ls-files --stage -- JavaCalc.java [1ms]
2025-06-03 19:15:33.928 [info] > git cat-file -s 2c438503483ec75d6aa9e6bfab87f003d0c846e6 [1ms]
2025-06-03 19:15:33.934 [info] > git show --textconv :JavaCalc.java [1ms]
2025-06-03 19:15:34.181 [info] > git show --textconv HEAD:JavaCalc.java [7ms]
2025-06-03 19:15:34.181 [warning] [GitFileSystemProvider][readFile] File not found - git:/home/sammy/Desktop/temp/hello-world/JavaCalc.java.git?%7B%22path%22%3A%22%2Fhome%2Fsammy%2FDesktop%2Ftemp%2Fhello-world%2FJavaCalc.java%22%2C%22ref%22%3A%22HEAD%22%7D
2025-06-03 19:15:34.182 [info] > git ls-tree -l HEAD -- JavaCalc.java [1ms]
2025-06-03 19:15:34.182 [warning] [GitFileSystemProvider][stat] File not found - git:/home/sammy/Desktop/temp/hello-world/JavaCalc.java.git?%7B%22path%22%3A%22%2Fhome%2Fsammy%2FDesktop%2Ftemp%2Fhello-world%2FJavaCalc.java%22%2C%22ref%22%3A%22HEAD%22%7D
2025-06-03 19:15:35.696 [info] > git ls-files --stage -- JavaCalc.java [2ms]
2025-06-03 19:15:35.706 [info] > git cat-file -s 2c438503483ec75d6aa9e6bfab87f003d0c846e6 [2ms]
2025-06-03 19:15:35.717 [info] > git show --textconv :JavaCalc.java [2ms]
2025-06-03 19:15:35.936 [info] > git config --get commit.template [1ms]
2025-06-03 19:15:35.943 [info] > git for-each-ref --format=%(refname)%00%(upstream:short)%00%(objectname)%00%(upstream:track)%00%(upstream:remotename)%00%(upstream:remoteref) refs/heads/main refs/remotes/main [1ms]
2025-06-03 19:15:35.956 [info] > git status -z -uall [6ms]
2025-06-03 19:15:35.957 [info] > git for-each-ref --sort -committerdate --format %(refname)%00%(objectname)%00%(*objectname) [2ms]
2025-06-03 19:15:35.975 [info] > git blame --root --incremental b28bab72766d225a261f16b245dea399526b781e -- JavaCalc.java [9ms]
2025-06-03 19:15:35.980 [info] > git merge-base refs/heads/main refs/remotes/origin/main [6ms]
2025-06-03 19:15:35.988 [info] > git diff --name-status -z --diff-filter=ADMR 633348e3748f62969c3bf4826244fbea3290f97e...refs/remotes/origin/main [1ms]
2025-06-03 19:15:37.089 [info] > git ls-files --stage -- JavaCalc.java [1ms]
2025-06-03 19:15:37.100 [info] > git cat-file -s 2c438503483ec75d6aa9e6bfab87f003d0c846e6 [2ms]
2025-06-03 19:15:37.112 [info] > git show --textconv :JavaCalc.java [2ms]
2025-06-03 19:15:38.882 [info] > git config --get commit.template [12ms]
2025-06-03 19:15:38.883 [info] > git for-each-ref --format=%(refname)%00%(upstream:short)%00%(objectname)%00%(upstream:track)%00%(upstream:remotename)%00%(upstream:remoteref) refs/heads/main refs/remotes/main [2ms]
2025-06-03 19:15:38.899 [info] > git status -z -uall [8ms]
2025-06-03 19:15:38.900 [info] > git for-each-ref --sort -committerdate --format %(refname)%00%(objectname)%00%(*objectname) [3ms]
2025-06-03 19:15:50.739 [info] > git config --get commit.template [6ms]
2025-06-03 19:15:50.740 [info] > git for-each-ref --format=%(refname)%00%(upstream:short)%00%(objectname)%00%(upstream:track)%00%(upstream:remotename)%00%(upstream:remoteref) refs/heads/main refs/remotes/main [2ms]
2025-06-03 19:15:50.754 [info] > git status -z -uall [7ms]
2025-06-03 19:15:50.754 [info] > git for-each-ref --sort -committerdate --format %(refname)%00%(objectname)%00%(*objectname) [1ms]
2025-06-03 19:15:50.764 [info] > git merge-base refs/heads/main refs/remotes/origin/main [1ms]
2025-06-03 19:15:50.771 [info] > git diff --name-status -z --diff-filter=ADMR b28bab72766d225a261f16b245dea399526b781e...refs/remotes/origin/main [2ms]
2025-06-03 19:15:51.818 [info] > git config --get commit.template [10ms]
2025-06-03 19:15:51.818 [info] > git for-each-ref --format=%(refname)%00%(upstream:short)%00%(objectname)%00%(upstream:track)%00%(upstream:remotename)%00%(upstream:remoteref) refs/heads/main refs/remotes/main [1ms]
2025-06-03 19:15:51.836 [info] > git status -z -uall [9ms]
2025-06-03 19:15:51.837 [info] > git for-each-ref --sort -committerdate --format %(refname)%00%(objectname)%00%(*objectname) [2ms]
2025-06-03 19:15:51.911 [info] > git ls-files --stage -- JavaCalc.java [2ms]
2025-06-03 19:15:51.923 [info] > git cat-file -s 2c438503483ec75d6aa9e6bfab87f003d0c846e6 [3ms]
2025-06-03 19:15:51.936 [info] > git show --textconv :JavaCalc.java [2ms]
2025-06-03 19:17:18.263 [info] > git config --get commit.template [1ms]
2025-06-03 19:17:18.273 [info] > git for-each-ref --format=%(refname)%00%(upstream:short)%00%(objectname)%00%(upstream:track)%00%(upstream:remotename)%00%(upstream:remoteref) refs/heads/b1 refs/remotes/b1 [1ms]
2025-06-03 19:17:18.287 [info] > git status -z -uall [9ms]
2025-06-03 19:17:18.287 [info] > git for-each-ref --sort -committerdate --format %(refname)%00%(objectname)%00%(*objectname) [1ms]
2025-06-03 19:17:18.298 [info] > git for-each-ref --format=%(refname)%00%(upstream:short)%00%(objectname)%00%(upstream:track)%00%(upstream:remotename)%00%(upstream:remoteref) refs/heads/b1 refs/remotes/b1 [2ms]
2025-06-03 19:17:18.305 [info] > git config --get --local branch.b1.vscode-merge-base [1ms]
2025-06-03 19:17:18.311 [info] > git for-each-ref --format=%(refname)%00%(upstream:short)%00%(objectname)%00%(upstream:track)%00%(upstream:remotename)%00%(upstream:remoteref) refs/heads/origin/main refs/remotes/origin/main [1ms]
2025-06-03 19:17:19.334 [info] > git config --get commit.template [3ms]
2025-06-03 19:17:19.346 [info] > git for-each-ref --format=%(refname)%00%(upstream:short)%00%(objectname)%00%(upstream:track)%00%(upstream:remotename)%00%(upstream:remoteref) refs/heads/b1 refs/remotes/b1 [2ms]
2025-06-03 19:17:19.364 [info] > git status -z -uall [9ms]
2025-06-03 19:17:19.365 [info] > git for-each-ref --sort -committerdate --format %(refname)%00%(objectname)%00%(*objectname) [2ms]
2025-06-03 19:17:19.435 [info] > git ls-files --stage -- JavaCalc.java [2ms]
2025-06-03 19:17:19.447 [info] > git cat-file -s 2c438503483ec75d6aa9e6bfab87f003d0c846e6 [2ms]
2025-06-03 19:17:19.461 [info] > git show --textconv :JavaCalc.java [2ms]
2025-06-03 19:17:42.464 [info] [main] Log level: Info
2025-06-03 19:17:42.464 [info] [main] Validating found git in: "git"
2025-06-03 19:17:42.464 [info] [main] Using git "2.43.0" from "git"
2025-06-03 19:17:42.464 [info] [Model][doInitialScan] Initial repository scan started
2025-06-03 19:17:42.464 [info] > git rev-parse --show-toplevel [3ms]
2025-06-03 19:17:42.482 [info] > git rev-parse --git-dir --git-common-dir [9ms]
2025-06-03 19:17:42.495 [info] [Model][openRepository] Opened repository (path): /home/sammy/Desktop/temp/flappy-bird
2025-06-03 19:17:42.495 [info] [Model][openRepository] Opened repository (real path): /home/sammy/Desktop/temp/flappy-bird
2025-06-03 19:17:42.699 [info] > git rev-parse --show-toplevel [183ms]
2025-06-03 19:17:42.700 [info] [Model][doInitialScan] Initial repository scan completed - repositories (1), closed repositories (0), parent repositories (0), unsafe repositories (0)
2025-06-03 19:17:42.701 [info] > git config --get commit.template [195ms]
2025-06-03 19:17:42.869 [info] > git show --textconv :main.cpp [8ms]
2025-06-03 19:17:42.870 [info] > git for-each-ref --format=%(refname)%00%(upstream:short)%00%(objectname)%00%(upstream:track)%00%(upstream:remotename)%00%(upstream:remoteref) refs/heads/b1 refs/remotes/b1 [25ms]
2025-06-03 19:17:42.908 [info] > git status -z -uall [30ms]
2025-06-03 19:17:42.917 [info] > git ls-files --stage -- main.cpp [49ms]
2025-06-03 19:17:42.938 [info] > git for-each-ref --sort -committerdate --format %(refname)%00%(objectname)%00%(*objectname) [53ms]
2025-06-03 19:17:43.002 [info] > git for-each-ref --format=%(refname)%00%(upstream:short)%00%(objectname)%00%(upstream:track)%00%(upstream:remotename)%00%(upstream:remoteref) refs/heads/b1 refs/remotes/b1 [45ms]
2025-06-03 19:17:43.011 [info] > git cat-file -s f5ecba2a65fb7f883974bdcd3a48a0b98207ffe3 [89ms]
2025-06-03 19:17:43.018 [info] > git config --get --local branch.b1.vscode-merge-base [6ms]
2025-06-03 19:17:43.018 [warning] [Git][config] git config failed: Failed to execute git
2025-06-03 19:17:43.025 [info] > git config --get commit.template [25ms]
2025-06-03 19:17:43.038 [info] > git reflog b1 --grep-reflog=branch: Created from *. [13ms]
2025-06-03 19:17:43.055 [info] > git reflog HEAD --grep-reflog=checkout: moving from .* to b1 [10ms]
2025-06-03 19:17:43.063 [info] > git for-each-ref --format=%(refname)%00%(upstream:short)%00%(objectname)%00%(upstream:track)%00%(upstream:remotename)%00%(upstream:remoteref) refs/heads/b1 refs/remotes/b1 [25ms]
2025-06-03 19:17:43.074 [info] > git status -z -uall [7ms]
2025-06-03 19:17:43.074 [info] > git for-each-ref --format=%(refname)%00%(upstream:short)%00%(objectname)%00%(upstream:track)%00%(upstream:remotename)%00%(upstream:remoteref) refs/heads/main refs/remotes/main [12ms]
2025-06-03 19:17:43.097 [info] > git symbolic-ref --short refs/remotes/origin/HEAD [16ms]
2025-06-03 19:17:43.097 [info] fatal: ref refs/remotes/origin/HEAD is not a symbolic ref
2025-06-03 19:17:43.097 [warning] [Repository][getDefaultBranch] Failed to get default branch details: Failed to execute git.
2025-06-03 19:17:43.098 [info] > git for-each-ref --sort -committerdate --format %(refname)%00%(objectname)%00%(*objectname) [26ms]
2025-06-03 19:17:43.121 [info] > git blame --root --incremental 17362e7e7c038bbcc7c67be179a8f200b853239d -- main.cpp [13ms]
2025-06-03 19:17:43.170 [info] > git check-ignore -v -z --stdin [1ms]
2025-06-03 19:22:56.216 [info] > git show --textconv :README.md [11ms]
2025-06-03 19:22:56.218 [info] > git ls-files --stage -- README.md [2ms]
2025-06-03 19:22:56.229 [info] > git cat-file -s f9278fd38d3a52e7b355c0fa3863e74daf257888 [1ms]
2025-06-03 19:22:56.246 [info] > git blame --root --incremental 17362e7e7c038bbcc7c67be179a8f200b853239d -- README.md [7ms]
2025-06-03 19:23:28.324 [info] [main] Log level: Info
2025-06-03 19:23:28.324 [info] [main] Validating found git in: "git"
2025-06-03 19:23:28.324 [info] [main] Using git "2.43.0" from "git"
2025-06-03 19:23:28.324 [info] [Model][doInitialScan] Initial repository scan started
2025-06-03 19:23:28.324 [info] > git rev-parse --show-toplevel [30ms]
2025-06-03 19:23:28.329 [info] > git rev-parse --git-dir --git-common-dir [1ms]
2025-06-03 19:23:28.338 [info] [Model][openRepository] Opened repository (path): /home/sammy/Desktop/temp/pong-game
2025-06-03 19:23:28.338 [info] [Model][openRepository] Opened repository (real path): /home/sammy/Desktop/temp/pong-game
2025-06-03 19:23:28.341 [info] [Model][doInitialScan] Initial repository scan completed - repositories (1), closed repositories (0), parent repositories (0), unsafe repositories (0)
2025-06-03 19:23:28.352 [info] > git config --get commit.template [5ms]
2025-06-03 19:23:28.358 [info] > git for-each-ref --format=%(refname)%00%(upstream:short)%00%(objectname)%00%(upstream:track)%00%(upstream:remotename)%00%(upstream:remoteref) refs/heads/main refs/remotes/main [1ms]
2025-06-03 19:23:28.362 [warning] [Git][revParse] Unable to read file: ENOENT: no such file or directory, open '/home/sammy/Desktop/temp/pong-game/.git/refs/remotes/origin/main'
2025-06-03 19:23:28.363 [info] > git rev-parse refs/remotes/origin/main [1ms]
2025-06-03 19:23:28.374 [info] > git status -z -uall [7ms]
2025-06-03 19:23:28.375 [info] > git for-each-ref --sort -committerdate --format %(refname)%00%(objectname)%00%(*objectname) [1ms]
2025-06-03 19:23:28.399 [info] > git for-each-ref --format=%(refname)%00%(upstream:short)%00%(objectname)%00%(upstream:track)%00%(upstream:remotename)%00%(upstream:remoteref) refs/heads/main refs/remotes/main [8ms]
2025-06-03 19:23:28.405 [info] > git config --get commit.template [7ms]
2025-06-03 19:23:28.406 [info] > git config --get --local branch.main.vscode-merge-base [2ms]
2025-06-03 19:23:28.406 [warning] [Git][config] git config failed: Failed to execute git
2025-06-03 19:23:28.423 [info] > git reflog main --grep-reflog=branch: Created from *. [13ms]
2025-06-03 19:23:28.427 [info] > git for-each-ref --format=%(refname)%00%(upstream:short)%00%(objectname)%00%(upstream:track)%00%(upstream:remotename)%00%(upstream:remoteref) refs/heads/main refs/remotes/main [4ms]
2025-06-03 19:23:28.448 [warning] [Git][revParse] Unable to read file: ENOENT: no such file or directory, open '/home/sammy/Desktop/temp/pong-game/.git/refs/remotes/origin/main'
2025-06-03 19:23:28.451 [info] > git symbolic-ref --short refs/remotes/origin/HEAD [24ms]
2025-06-03 19:23:28.464 [info] > git for-each-ref --format=%(refname)%00%(upstream:short)%00%(objectname)%00%(upstream:track)%00%(upstream:remotename)%00%(upstream:remoteref) refs/heads/origin/main refs/remotes/origin/main [9ms]
2025-06-03 19:23:28.470 [info] > git rev-parse refs/remotes/origin/main [22ms]
2025-06-03 19:23:28.478 [info] > git status -z -uall [4ms]
2025-06-03 19:23:28.479 [info] > git config --add --local branch.main.vscode-merge-base origin/main [10ms]
2025-06-03 19:23:28.480 [info] > git for-each-ref --sort -committerdate --format %(refname)%00%(objectname)%00%(*objectname) [2ms] (cancelled)
2025-06-03 19:23:28.493 [info] > git for-each-ref --format=%(refname)%00%(upstream:short)%00%(objectname)%00%(upstream:track)%00%(upstream:remotename)%00%(upstream:remoteref) refs/heads/main refs/remotes/main [9ms]
2025-06-03 19:23:28.499 [info] > git config --get --local branch.main.vscode-merge-base [1ms]
2025-06-03 19:23:28.503 [info] > git config --get commit.template [11ms]
2025-06-03 19:23:28.508 [info] > git for-each-ref --format=%(refname)%00%(upstream:short)%00%(objectname)%00%(upstream:track)%00%(upstream:remotename)%00%(upstream:remoteref) refs/heads/origin/main refs/remotes/origin/main [5ms]
2025-06-03 19:23:28.513 [info] > git for-each-ref --format=%(refname)%00%(upstream:short)%00%(objectname)%00%(upstream:track)%00%(upstream:remotename)%00%(upstream:remoteref) refs/heads/main refs/remotes/main [6ms]
2025-06-03 19:23:28.517 [warning] [Git][revParse] Unable to read file: ENOENT: no such file or directory, open '/home/sammy/Desktop/temp/pong-game/.git/refs/remotes/origin/main'
2025-06-03 19:23:28.517 [info] > git merge-base refs/heads/main refs/remotes/origin/main [4ms]
2025-06-03 19:23:28.522 [info] > git rev-parse refs/remotes/origin/main [5ms]
2025-06-03 19:23:28.531 [info] > git status -z -uall [5ms]
2025-06-03 19:23:28.531 [info] > git diff --name-status -z --diff-filter=ADMR f98a327cf1e953c2d75cf50af224261a8cdf88ff...refs/remotes/origin/main [9ms]
2025-06-03 19:23:28.532 [info] > git for-each-ref --sort -committerdate --format %(refname)%00%(objectname)%00%(*objectname) [2ms]
2025-06-03 19:23:28.865 [info] > git check-ignore -v -z --stdin [3ms]
2025-06-03 19:23:29.570 [info] > git config --get commit.template [11ms]
2025-06-03 19:23:29.571 [info] > git for-each-ref --format=%(refname)%00%(upstream:short)%00%(objectname)%00%(upstream:track)%00%(upstream:remotename)%00%(upstream:remoteref) refs/heads/main refs/remotes/main [2ms]
2025-06-03 19:23:29.579 [warning] [Git][revParse] Unable to read file: ENOENT: no such file or directory, open '/home/sammy/Desktop/temp/pong-game/.git/refs/remotes/origin/main'
2025-06-03 19:23:29.581 [info] > git rev-parse refs/remotes/origin/main [2ms]
2025-06-03 19:23:29.595 [info] > git status -z -uall [7ms]
2025-06-03 19:23:29.596 [info] > git for-each-ref --sort -committerdate --format %(refname)%00%(objectname)%00%(*objectname) [1ms]
2025-06-03 19:23:32.285 [info] > git show --textconv :README.md [10ms]
2025-06-03 19:23:32.286 [info] > git ls-files --stage -- README.md [2ms]
2025-06-03 19:23:32.292 [info] > git cat-file -s 918c3f0d6a11d6db90609d75f9de4916f435c9fa [1ms]
2025-06-03 19:23:33.278 [info] > git blame --root --incremental f98a327cf1e953c2d75cf50af224261a8cdf88ff -- README.md [2ms]
2025-06-03 19:24:59.831 [info] > git config --get commit.template [3ms]
2025-06-03 19:24:59.843 [info] > git for-each-ref --format=%(refname)%00%(upstream:short)%00%(objectname)%00%(upstream:track)%00%(upstream:remotename)%00%(upstream:remoteref) refs/heads/main refs/remotes/main [2ms]
2025-06-03 19:24:59.852 [warning] [Git][revParse] Unable to read file: ENOENT: no such file or directory, open '/home/sammy/Desktop/temp/pong-game/.git/refs/remotes/origin/main'
2025-06-03 19:24:59.854 [info] > git rev-parse refs/remotes/origin/main [2ms]
2025-06-03 19:24:59.870 [info] > git status -z -uall [8ms]
2025-06-03 19:24:59.871 [info] > git for-each-ref --sort -committerdate --format %(refname)%00%(objectname)%00%(*objectname) [3ms]
2025-06-03 19:25:28.813 [info] > git config --get commit.template [1ms]
2025-06-03 19:25:28.822 [info] > git for-each-ref --format=%(refname)%00%(upstream:short)%00%(objectname)%00%(upstream:track)%00%(upstream:remotename)%00%(upstream:remoteref) refs/heads/main refs/remotes/main [1ms]
2025-06-03 19:25:28.827 [warning] [Git][revParse] Unable to read file: ENOENT: no such file or directory, open '/home/sammy/Desktop/temp/pong-game/.git/refs/remotes/origin/main'
2025-06-03 19:25:28.827 [info] > git rev-parse refs/remotes/origin/main [0ms]
2025-06-03 19:25:28.840 [info] > git status -z -uall [8ms]
2025-06-03 19:25:28.840 [info] > git for-each-ref --sort -committerdate --format %(refname)%00%(objectname)%00%(*objectname) [1ms]
2025-06-03 19:25:28.855 [info] > git merge-base refs/heads/main refs/remotes/origin/main [1ms]
2025-06-03 19:25:28.860 [info] > git blame --root --incremental a90678bda2fccfaf5684c4c0a7158e2a245a42ea -- README.md [13ms]
2025-06-03 19:25:28.862 [info] > git diff --name-status -z --diff-filter=ADMR f98a327cf1e953c2d75cf50af224261a8cdf88ff...refs/remotes/origin/main [2ms]
2025-06-03 19:25:29.883 [info] > git config --get commit.template [8ms]
2025-06-03 19:25:29.885 [info] > git for-each-ref --format=%(refname)%00%(upstream:short)%00%(objectname)%00%(upstream:track)%00%(upstream:remotename)%00%(upstream:remoteref) refs/heads/main refs/remotes/main [3ms]
2025-06-03 19:25:29.893 [warning] [Git][revParse] Unable to read file: ENOENT: no such file or directory, open '/home/sammy/Desktop/temp/pong-game/.git/refs/remotes/origin/main'
2025-06-03 19:25:29.895 [info] > git rev-parse refs/remotes/origin/main [2ms]
2025-06-03 19:25:29.910 [info] > git status -z -uall [8ms]
2025-06-03 19:25:29.910 [info] > git for-each-ref --sort -committerdate --format %(refname)%00%(objectname)%00%(*objectname) [1ms]
2025-06-03 19:25:29.978 [info] > git ls-files --stage -- README.md [2ms]
2025-06-03 19:25:29.989 [info] > git cat-file -s 8a6be410308d5e3701652324dfcc0540763ef13f [2ms]
2025-06-03 19:25:30.002 [info] > git show --textconv :README.md [3ms]
2025-06-03 19:25:36.258 [info] > git config --get commit.template [1ms]
2025-06-03 19:25:36.264 [info] > git for-each-ref --format=%(refname)%00%(upstream:short)%00%(objectname)%00%(upstream:track)%00%(upstream:remotename)%00%(upstream:remoteref) refs/heads/main refs/remotes/main [1ms]
2025-06-03 19:25:36.276 [info] > git status -z -uall [6ms]
2025-06-03 19:25:36.276 [info] > git for-each-ref --sort -committerdate --format %(refname)%00%(objectname)%00%(*objectname) [1ms]
2025-06-03 19:25:36.287 [info] > git merge-base refs/heads/main refs/remotes/origin/main [1ms]
2025-06-03 19:25:36.293 [info] > git diff --name-status -z --diff-filter=ADMR a90678bda2fccfaf5684c4c0a7158e2a245a42ea...refs/remotes/origin/main [1ms]
2025-06-03 19:25:37.328 [info] > git config --get commit.template [10ms]
2025-06-03 19:25:37.328 [info] > git for-each-ref --format=%(refname)%00%(upstream:short)%00%(objectname)%00%(upstream:track)%00%(upstream:remotename)%00%(upstream:remoteref) refs/heads/main refs/remotes/main [1ms]
2025-06-03 19:25:37.342 [info] > git status -z -uall [8ms]
2025-06-03 19:25:37.343 [info] > git for-each-ref --sort -committerdate --format %(refname)%00%(objectname)%00%(*objectname) [2ms]
2025-06-03 19:25:37.424 [info] > git ls-files --stage -- README.md [1ms]
2025-06-03 19:25:37.432 [info] > git cat-file -s 8a6be410308d5e3701652324dfcc0540763ef13f [2ms]
2025-06-03 19:25:37.445 [info] > git show --textconv :README.md [2ms]
2025-06-03 19:26:09.203 [info] > git check-ignore -v -z --stdin [164ms]
2025-06-03 19:26:09.204 [info] > git show --textconv :Main.java [97ms]
2025-06-03 19:26:09.217 [info] > git hash-object -t tree /dev/null [4ms]
2025-06-03 19:26:09.217 [warning] [GitFileSystemProvider][readFile] File not found - git:/home/sammy/Desktop/temp/pong-game/Main.java.git?%7B%22path%22%3A%22%2Fhome%2Fsammy%2FDesktop%2Ftemp%2Fpong-game%2FMain.java%22%2C%22ref%22%3A%22%22%7D
2025-06-03 19:26:09.219 [info] > git ls-files --stage -- Main.java [103ms]
2025-06-03 19:26:09.219 [warning] [GitFileSystemProvider][stat] File not found - git:/home/sammy/Desktop/temp/pong-game/Main.java.git?%7B%22path%22%3A%22%2Fhome%2Fsammy%2FDesktop%2Ftemp%2Fpong-game%2FMain.java%22%2C%22ref%22%3A%22%22%7D
2025-06-03 19:26:09.624 [info] > git config --get commit.template [2ms]
2025-06-03 19:26:09.637 [info] > git for-each-ref --format=%(refname)%00%(upstream:short)%00%(objectname)%00%(upstream:track)%00%(upstream:remotename)%00%(upstream:remoteref) refs/heads/main refs/remotes/main [2ms]
2025-06-03 19:26:09.661 [info] > git status -z -uall [11ms]
2025-06-03 19:26:09.661 [info] > git for-each-ref --sort -committerdate --format %(refname)%00%(objectname)%00%(*objectname) [2ms]
2025-06-03 19:26:26.770 [info] > git config --get commit.template [2ms]
2025-06-03 19:26:26.790 [info] > git for-each-ref --format=%(refname)%00%(upstream:short)%00%(objectname)%00%(upstream:track)%00%(upstream:remotename)%00%(upstream:remoteref) refs/heads/main refs/remotes/main [2ms]
2025-06-03 19:26:26.821 [info] > git status -z -uall [17ms]
2025-06-03 19:26:26.821 [info] > git for-each-ref --sort -committerdate --format %(refname)%00%(objectname)%00%(*objectname) [2ms]
2025-06-03 19:27:02.013 [info] > git config --get commit.template [13ms]
2025-06-03 19:27:02.015 [info] > git for-each-ref --format=%(refname)%00%(upstream:short)%00%(objectname)%00%(upstream:track)%00%(upstream:remotename)%00%(upstream:remoteref) refs/heads/main refs/remotes/main [3ms]
2025-06-03 19:27:02.033 [info] > git status -z -uall [7ms]
2025-06-03 19:27:02.034 [info] > git for-each-ref --sort -committerdate --format %(refname)%00%(objectname)%00%(*objectname) [1ms]
2025-06-03 19:27:58.306 [info] > git config --get commit.template [13ms]
2025-06-03 19:27:58.307 [info] > git for-each-ref --format=%(refname)%00%(upstream:short)%00%(objectname)%00%(upstream:track)%00%(upstream:remotename)%00%(upstream:remoteref) refs/heads/main refs/remotes/main [2ms]
2025-06-03 19:27:58.322 [info] > git status -z -uall [7ms]
2025-06-03 19:27:58.323 [info] > git for-each-ref --sort -committerdate --format %(refname)%00%(objectname)%00%(*objectname) [0ms]
2025-06-03 19:28:29.469 [info] > git config --get commit.template [12ms]
2025-06-03 19:28:29.470 [info] > git for-each-ref --format=%(refname)%00%(upstream:short)%00%(objectname)%00%(upstream:track)%00%(upstream:remotename)%00%(upstream:remoteref) refs/heads/main refs/remotes/main [1ms]
2025-06-03 19:28:29.485 [info] > git status -z -uall [7ms]
2025-06-03 19:28:29.486 [info] > git for-each-ref --sort -committerdate --format %(refname)%00%(objectname)%00%(*objectname) [1ms]
2025-06-03 19:29:24.361 [info] > git config --get commit.template [7ms]
2025-06-03 19:29:24.362 [info] > git for-each-ref --format=%(refname)%00%(upstream:short)%00%(objectname)%00%(upstream:track)%00%(upstream:remotename)%00%(upstream:remoteref) refs/heads/main refs/remotes/main [1ms]
2025-06-03 19:29:24.375 [info] > git status -z -uall [8ms]
2025-06-03 19:29:24.376 [info] > git for-each-ref --sort -committerdate --format %(refname)%00%(objectname)%00%(*objectname) [1ms]
2025-06-03 19:32:53.517 [info] > git config --get commit.template [9ms]
2025-06-03 19:32:53.518 [info] > git for-each-ref --format=%(refname)%00%(upstream:short)%00%(objectname)%00%(upstream:track)%00%(upstream:remotename)%00%(upstream:remoteref) refs/heads/main refs/remotes/main [3ms]
2025-06-03 19:32:53.531 [info] > git status -z -uall [8ms]
2025-06-03 19:32:53.531 [info] > git for-each-ref --sort -committerdate --format %(refname)%00%(objectname)%00%(*objectname) [2ms]
2025-06-03 19:33:20.165 [info] > git log --format=%H%n%aN%n%aE%n%at%n%ct%n%P%n%D%n%B -z --shortstat --diff-merges=first-parent -n50 --skip=0 --topo-order --decorate=full --stdin [1ms]
2025-06-03 19:33:41.121 [info] > git config --get commit.template [14ms]
2025-06-03 19:33:41.123 [info] > git for-each-ref --format=%(refname)%00%(upstream:short)%00%(objectname)%00%(upstream:track)%00%(upstream:remotename)%00%(upstream:remoteref) refs/heads/main refs/remotes/main [3ms]
2025-06-03 19:33:41.144 [info] > git status -z -uall [10ms]
2025-06-03 19:33:41.145 [info] > git for-each-ref --sort -committerdate --format %(refname)%00%(objectname)%00%(*objectname) [2ms]
2025-06-03 19:33:54.405 [info] > git config --get commit.template [9ms]
2025-06-03 19:33:54.407 [info] > git for-each-ref --format=%(refname)%00%(upstream:short)%00%(objectname)%00%(upstream:track)%00%(upstream:remotename)%00%(upstream:remoteref) refs/heads/main refs/remotes/main [3ms]
2025-06-03 19:33:54.424 [info] > git status -z -uall [8ms]
2025-06-03 19:33:54.425 [info] > git for-each-ref --sort -committerdate --format %(refname)%00%(objectname)%00%(*objectname) [2ms]
2025-06-03 19:34:59.772 [info] > git config --get commit.template [11ms]
2025-06-03 19:34:59.773 [info] > git for-each-ref --format=%(refname)%00%(upstream:short)%00%(objectname)%00%(upstream:track)%00%(upstream:remotename)%00%(upstream:remoteref) refs/heads/main refs/remotes/main [2ms]
2025-06-03 19:34:59.790 [info] > git status -z -uall [9ms]
2025-06-03 19:34:59.791 [info] > git for-each-ref --sort -committerdate --format %(refname)%00%(objectname)%00%(*objectname) [2ms]
2025-06-03 19:35:02.404 [info] > git check-ignore -v -z --stdin [1ms]
2025-06-03 19:36:36.008 [info] > git show --textconv :PongGame [15ms]
2025-06-03 19:36:36.008 [warning] [GitFileSystemProvider][readFile] File not found - git:/home/sammy/Desktop/temp/pong-game/PongGame.git?%7B%22path%22%3A%22%2Fhome%2Fsammy%2FDesktop%2Ftemp%2Fpong-game%2FPongGame%22%2C%22ref%22%3A%22%22%7D
2025-06-03 19:36:36.009 [info] > git ls-files --stage -- PongGame [2ms]
2025-06-03 19:36:36.009 [warning] [GitFileSystemProvider][stat] File not found - git:/home/sammy/Desktop/temp/pong-game/PongGame.git?%7B%22path%22%3A%22%2Fhome%2Fsammy%2FDesktop%2Ftemp%2Fpong-game%2FPongGame%22%2C%22ref%22%3A%22%22%7D
2025-06-03 19:36:36.274 [info] > git check-ignore -v -z --stdin [3ms]
2025-06-03 19:36:36.835 [info] > git config --get commit.template [9ms]
2025-06-03 19:36:36.836 [info] > git for-each-ref --format=%(refname)%00%(upstream:short)%00%(objectname)%00%(upstream:track)%00%(upstream:remotename)%00%(upstream:remoteref) refs/heads/main refs/remotes/main [2ms]
2025-06-03 19:36:36.848 [info] > git status -z -uall [6ms]
2025-06-03 19:36:36.848 [info] > git for-each-ref --sort -committerdate --format %(refname)%00%(objectname)%00%(*objectname) [1ms]
2025-06-03 19:36:49.006 [info] > git config --get commit.template [12ms]
2025-06-03 19:36:49.006 [info] > git for-each-ref --format=%(refname)%00%(upstream:short)%00%(objectname)%00%(upstream:track)%00%(upstream:remotename)%00%(upstream:remoteref) refs/heads/main refs/remotes/main [1ms]
2025-06-03 19:36:49.020 [info] > git status -z -uall [8ms]
2025-06-03 19:36:49.020 [info] > git for-each-ref --sort -committerdate --format %(refname)%00%(objectname)%00%(*objectname) [1ms]
2025-06-03 19:37:03.750 [info] > git show --textconv :PongGame.java [10ms]
2025-06-03 19:37:03.750 [warning] [GitFileSystemProvider][readFile] File not found - git:/home/sammy/Desktop/temp/pong-game/PongGame.java.git?%7B%22path%22%3A%22%2Fhome%2Fsammy%2FDesktop%2Ftemp%2Fpong-game%2FPongGame.java%22%2C%22ref%22%3A%22%22%7D
2025-06-03 19:37:03.751 [info] > git ls-files --stage -- PongGame.java [2ms]
2025-06-03 19:37:03.752 [warning] [GitFileSystemProvider][stat] File not found - git:/home/sammy/Desktop/temp/pong-game/PongGame.java.git?%7B%22path%22%3A%22%2Fhome%2Fsammy%2FDesktop%2Ftemp%2Fpong-game%2FPongGame.java%22%2C%22ref%22%3A%22%22%7D
2025-06-03 19:37:04.025 [info] > git check-ignore -v -z --stdin [2ms]
2025-06-03 19:37:04.600 [info] > git config --get commit.template [12ms]
2025-06-03 19:37:04.601 [info] > git for-each-ref --format=%(refname)%00%(upstream:short)%00%(objectname)%00%(upstream:track)%00%(upstream:remotename)%00%(upstream:remoteref) refs/heads/main refs/remotes/main [2ms]
2025-06-03 19:37:04.619 [info] > git status -z -uall [7ms]
2025-06-03 19:37:04.620 [info] > git for-each-ref --sort -committerdate --format %(refname)%00%(objectname)%00%(*objectname) [1ms]
2025-06-03 19:48:18.209 [info] > git config --get commit.template [11ms]
2025-06-03 19:48:18.210 [info] > git for-each-ref --format=%(refname)%00%(upstream:short)%00%(objectname)%00%(upstream:track)%00%(upstream:remotename)%00%(upstream:remoteref) refs/heads/main refs/remotes/main [2ms]
2025-06-03 19:48:18.226 [info] > git status -z -uall [7ms]
2025-06-03 19:48:18.227 [info] > git for-each-ref --sort -committerdate --format %(refname)%00%(objectname)%00%(*objectname) [1ms]
2025-06-03 19:49:37.754 [info] > git config --get commit.template [13ms]
2025-06-03 19:49:37.755 [info] > git for-each-ref --format=%(refname)%00%(upstream:short)%00%(objectname)%00%(upstream:track)%00%(upstream:remotename)%00%(upstream:remoteref) refs/heads/main refs/remotes/main [3ms]
2025-06-03 19:49:37.770 [info] > git status -z -uall [5ms]
2025-06-03 19:49:37.770 [info] > git for-each-ref --sort -committerdate --format %(refname)%00%(objectname)%00%(*objectname) [1ms]
2025-06-03 19:49:43.303 [info] > git config --get commit.template [2ms]
2025-06-03 19:49:43.316 [info] > git for-each-ref --format=%(refname)%00%(upstream:short)%00%(objectname)%00%(upstream:track)%00%(upstream:remotename)%00%(upstream:remoteref) refs/heads/main refs/remotes/main [2ms]
2025-06-03 19:49:43.332 [info] > git status -z -uall [8ms]
2025-06-03 19:49:43.333 [info] > git for-each-ref --sort -committerdate --format %(refname)%00%(objectname)%00%(*objectname) [1ms]
2025-06-03 19:49:50.060 [info] > git check-ignore -v -z --stdin [2ms]
2025-06-03 19:49:50.139 [info] > git config --get commit.template [12ms]
2025-06-03 19:49:50.140 [info] > git for-each-ref --format=%(refname)%00%(upstream:short)%00%(objectname)%00%(upstream:track)%00%(upstream:remotename)%00%(upstream:remoteref) refs/heads/main refs/remotes/main [2ms]
2025-06-03 19:49:50.158 [info] > git status -z -uall [10ms]
2025-06-03 19:49:50.159 [info] > git for-each-ref --sort -committerdate --format %(refname)%00%(objectname)%00%(*objectname) [2ms]
2025-06-03 19:50:21.161 [info] > git config --get commit.template [13ms]
2025-06-03 19:50:21.161 [info] > git for-each-ref --format=%(refname)%00%(upstream:short)%00%(objectname)%00%(upstream:track)%00%(upstream:remotename)%00%(upstream:remoteref) refs/heads/main refs/remotes/main [1ms]
2025-06-03 19:50:21.178 [info] > git status -z -uall [8ms]
2025-06-03 19:50:21.178 [info] > git for-each-ref --sort -committerdate --format %(refname)%00%(objectname)%00%(*objectname) [1ms]
2025-06-03 19:50:26.202 [info] > git config --get commit.template [11ms]
2025-06-03 19:50:26.203 [info] > git for-each-ref --format=%(refname)%00%(upstream:short)%00%(objectname)%00%(upstream:track)%00%(upstream:remotename)%00%(upstream:remoteref) refs/heads/main refs/remotes/main [2ms]
2025-06-03 19:50:26.224 [info] > git status -z -uall [10ms]
2025-06-03 19:50:26.225 [info] > git for-each-ref --sort -committerdate --format %(refname)%00%(objectname)%00%(*objectname) [2ms]
2025-06-03 19:50:34.411 [info] > git config --get commit.template [11ms]
2025-06-03 19:50:34.411 [info] > git for-each-ref --format=%(refname)%00%(upstream:short)%00%(objectname)%00%(upstream:track)%00%(upstream:remotename)%00%(upstream:remoteref) refs/heads/main refs/remotes/main [1ms]
2025-06-03 19:50:34.427 [info] > git status -z -uall [9ms]
2025-06-03 19:50:34.428 [info] > git for-each-ref --sort -committerdate --format %(refname)%00%(objectname)%00%(*objectname) [1ms]
2025-06-03 19:50:43.041 [info] > git config --get commit.template [12ms]
2025-06-03 19:50:43.042 [info] > git for-each-ref --format=%(refname)%00%(upstream:short)%00%(objectname)%00%(upstream:track)%00%(upstream:remotename)%00%(upstream:remoteref) refs/heads/main refs/remotes/main [1ms]
2025-06-03 19:50:43.057 [info] > git status -z -uall [8ms]
2025-06-03 19:50:43.058 [info] > git for-each-ref --sort -committerdate --format %(refname)%00%(objectname)%00%(*objectname) [1ms]
2025-06-03 19:50:48.876 [info] > git config --get commit.template [7ms]
2025-06-03 19:50:48.877 [info] > git for-each-ref --format=%(refname)%00%(upstream:short)%00%(objectname)%00%(upstream:track)%00%(upstream:remotename)%00%(upstream:remoteref) refs/heads/main refs/remotes/main [1ms]
2025-06-03 19:50:48.892 [info] > git status -z -uall [8ms]
2025-06-03 19:50:48.893 [info] > git for-each-ref --sort -committerdate --format %(refname)%00%(objectname)%00%(*objectname) [2ms]
2025-06-03 19:51:14.645 [info] > git config --get commit.template [11ms]
2025-06-03 19:51:14.646 [info] > git for-each-ref --format=%(refname)%00%(upstream:short)%00%(objectname)%00%(upstream:track)%00%(upstream:remotename)%00%(upstream:remoteref) refs/heads/main refs/remotes/main [2ms]
2025-06-03 19:51:14.665 [info] > git status -z -uall [7ms]
2025-06-03 19:51:14.665 [info] > git for-each-ref --sort -committerdate --format %(refname)%00%(objectname)%00%(*objectname) [1ms]
2025-06-03 19:51:18.324 [info] > git show --textconv :README.md [9ms]
2025-06-03 19:51:18.324 [info] > git ls-files --stage -- README.md [1ms]
2025-06-03 19:51:18.334 [info] > git cat-file -s 8a6be410308d5e3701652324dfcc0540763ef13f [1ms]
2025-06-03 19:51:46.926 [info] > git config --get commit.template [2ms]
2025-06-03 19:51:46.939 [info] > git for-each-ref --format=%(refname)%00%(upstream:short)%00%(objectname)%00%(upstream:track)%00%(upstream:remotename)%00%(upstream:remoteref) refs/heads/main refs/remotes/main [3ms]
2025-06-03 19:51:46.957 [info] > git status -z -uall [9ms]
2025-06-03 19:51:46.958 [info] > git for-each-ref --sort -committerdate --format %(refname)%00%(objectname)%00%(*objectname) [2ms]
2025-06-03 19:53:27.908 [info] > git config --get commit.template [1ms]
2025-06-03 19:53:27.917 [info] > git for-each-ref --format=%(refname)%00%(upstream:short)%00%(objectname)%00%(upstream:track)%00%(upstream:remotename)%00%(upstream:remoteref) refs/heads/main refs/remotes/main [2ms]
2025-06-03 19:53:27.932 [info] > git status -z -uall [8ms]
2025-06-03 19:53:27.933 [info] > git for-each-ref --sort -committerdate --format %(refname)%00%(objectname)%00%(*objectname) [2ms]
2025-06-03 19:59:04.234 [info] > git config --get commit.template [12ms]
2025-06-03 19:59:04.234 [info] > git for-each-ref --format=%(refname)%00%(upstream:short)%00%(objectname)%00%(upstream:track)%00%(upstream:remotename)%00%(upstream:remoteref) refs/heads/main refs/remotes/main [1ms]
2025-06-03 19:59:04.250 [info] > git status -z -uall [8ms]
2025-06-03 19:59:04.250 [info] > git for-each-ref --sort -committerdate --format %(refname)%00%(objectname)%00%(*objectname) [1ms]
2025-06-03 20:01:36.979 [info] > git config --get commit.template [2ms]
2025-06-03 20:01:36.993 [info] > git for-each-ref --format=%(refname)%00%(upstream:short)%00%(objectname)%00%(upstream:track)%00%(upstream:remotename)%00%(upstream:remoteref) refs/heads/main refs/remotes/main [3ms]
2025-06-03 20:01:37.011 [info] > git status -z -uall [8ms]
2025-06-03 20:01:37.012 [info] > git for-each-ref --sort -committerdate --format %(refname)%00%(objectname)%00%(*objectname) [1ms]
2025-06-03 20:02:42.527 [info] > git for-each-ref --format=%(refname)%00%(upstream:short)%00%(objectname)%00%(upstream:track)%00%(upstream:remotename)%00%(upstream:remoteref) refs/heads/main refs/remotes/main [10ms]
2025-06-03 20:02:42.527 [info] > git config --get commit.template [21ms]
2025-06-03 20:02:42.527 [info] > git check-ignore -v -z --stdin [1ms]
2025-06-03 20:02:42.542 [info] > git status -z -uall [5ms]
2025-06-03 20:02:42.543 [info] > git for-each-ref --sort -committerdate --format %(refname)%00%(objectname)%00%(*objectname) [1ms]
2025-06-03 20:03:22.118 [info] > git config --get commit.template [2ms]
2025-06-03 20:03:22.127 [info] > git for-each-ref --format=%(refname)%00%(upstream:short)%00%(objectname)%00%(upstream:track)%00%(upstream:remotename)%00%(upstream:remoteref) refs/heads/main refs/remotes/main [2ms]
2025-06-03 20:03:22.147 [info] > git status -z -uall [11ms]
2025-06-03 20:03:22.148 [info] > git for-each-ref --sort -committerdate --format %(refname)%00%(objectname)%00%(*objectname) [2ms]
2025-06-03 20:03:30.982 [info] > git config --get commit.template [2ms]
2025-06-03 20:03:30.995 [info] > git for-each-ref --format=%(refname)%00%(upstream:short)%00%(objectname)%00%(upstream:track)%00%(upstream:remotename)%00%(upstream:remoteref) refs/heads/main refs/remotes/main [2ms]
2025-06-03 20:03:31.014 [info] > git status -z -uall [10ms]
2025-06-03 20:03:31.015 [info] > git for-each-ref --sort -committerdate --format %(refname)%00%(objectname)%00%(*objectname) [1ms]
2025-06-03 20:03:33.653 [info] > git check-ignore -v -z --stdin [2ms]
2025-06-03 20:03:39.301 [info] > git show --textconv :README.md [11ms]
2025-06-03 20:03:39.302 [info] > git ls-files --stage -- README.md [1ms]
2025-06-03 20:03:39.312 [info] > git cat-file -s 8a6be410308d5e3701652324dfcc0540763ef13f [2ms]
2025-06-03 20:07:02.733 [info] > git config --get commit.template [7ms]
2025-06-03 20:07:02.735 [info] > git for-each-ref --format=%(refname)%00%(upstream:short)%00%(objectname)%00%(upstream:track)%00%(upstream:remotename)%00%(upstream:remoteref) refs/heads/main refs/remotes/main [3ms]
2025-06-03 20:07:02.753 [info] > git status -z -uall [8ms]
2025-06-03 20:07:02.755 [info] > git for-each-ref --sort -committerdate --format %(refname)%00%(objectname)%00%(*objectname) [2ms]
2025-06-03 20:07:44.394 [info] > git show --textconv :README.md [12ms]
2025-06-03 20:07:44.395 [info] > git ls-files --stage -- README.md [1ms]
2025-06-03 20:07:44.405 [info] > git cat-file -s 8a6be410308d5e3701652324dfcc0540763ef13f [1ms]
2025-06-03 20:08:26.852 [info] > git config --get commit.template [11ms]
2025-06-03 20:08:26.852 [info] > git for-each-ref --format=%(refname)%00%(upstream:short)%00%(objectname)%00%(upstream:track)%00%(upstream:remotename)%00%(upstream:remoteref) refs/heads/main refs/remotes/main [1ms]
2025-06-03 20:08:26.869 [info] > git status -z -uall [8ms]
2025-06-03 20:08:26.870 [info] > git for-each-ref --sort -committerdate --format %(refname)%00%(objectname)%00%(*objectname) [1ms]
2025-06-03 20:08:58.322 [info] > git config --get commit.template [7ms]
2025-06-03 20:08:58.322 [info] > git for-each-ref --format=%(refname)%00%(upstream:short)%00%(objectname)%00%(upstream:track)%00%(upstream:remotename)%00%(upstream:remoteref) refs/heads/main refs/remotes/main [1ms]
2025-06-03 20:08:58.337 [info] > git status -z -uall [7ms]
2025-06-03 20:08:58.338 [info] > git for-each-ref --sort -committerdate --format %(refname)%00%(objectname)%00%(*objectname) [1ms]
2025-06-03 20:09:05.396 [info] > git config --get commit.template [11ms]
2025-06-03 20:09:05.397 [info] > git for-each-ref --format=%(refname)%00%(upstream:short)%00%(objectname)%00%(upstream:track)%00%(upstream:remotename)%00%(upstream:remoteref) refs/heads/main refs/remotes/main [1ms]
2025-06-03 20:09:05.411 [info] > git status -z -uall [7ms]
2025-06-03 20:09:05.412 [info] > git for-each-ref --sort -committerdate --format %(refname)%00%(objectname)%00%(*objectname) [1ms]
2025-06-03 20:09:08.989 [info] > git show --textconv :README.md [11ms]
2025-06-03 20:09:08.990 [info] > git ls-files --stage -- README.md [2ms]
2025-06-03 20:09:08.999 [info] > git cat-file -s 8a6be410308d5e3701652324dfcc0540763ef13f [2ms]
2025-06-03 20:09:15.565 [info] > git show --textconv :README.md [14ms]
2025-06-03 20:09:15.565 [info] > git ls-files --stage -- README.md [1ms]
2025-06-03 20:09:15.574 [info] > git cat-file -s 8a6be410308d5e3701652324dfcc0540763ef13f [2ms]
2025-06-03 20:10:34.298 [info] > git show --textconv :README.md [12ms]
2025-06-03 20:10:34.299 [info] > git ls-files --stage -- README.md [2ms]
2025-06-03 20:10:34.306 [info] > git cat-file -s 8a6be410308d5e3701652324dfcc0540763ef13f [0ms]
2025-06-03 20:17:28.314 [info] > git show --textconv :README.md [10ms]
2025-06-03 20:17:28.315 [info] > git ls-files --stage -- README.md [2ms]
2025-06-03 20:17:28.325 [info] > git cat-file -s 8a6be410308d5e3701652324dfcc0540763ef13f [1ms]
2025-06-03 20:17:54.387 [info] > git config --get commit.template [13ms]
2025-06-03 20:17:54.388 [info] > git for-each-ref --format=%(refname)%00%(upstream:short)%00%(objectname)%00%(upstream:track)%00%(upstream:remotename)%00%(upstream:remoteref) refs/heads/main refs/remotes/main [2ms]
2025-06-03 20:17:54.406 [info] > git status -z -uall [8ms]
2025-06-03 20:17:54.406 [info] > git for-each-ref --sort -committerdate --format %(refname)%00%(objectname)%00%(*objectname) [1ms]
2025-06-03 20:17:59.433 [info] > git for-each-ref --format=%(refname)%00%(upstream:short)%00%(objectname)%00%(upstream:track)%00%(upstream:remotename)%00%(upstream:remoteref) refs/heads/main refs/remotes/main [3ms]
2025-06-03 20:17:59.433 [info] > git config --get commit.template [13ms]
2025-06-03 20:17:59.452 [info] > git status -z -uall [10ms]
2025-06-03 20:17:59.453 [info] > git for-each-ref --sort -committerdate --format %(refname)%00%(objectname)%00%(*objectname) [1ms]
2025-06-03 20:18:09.853 [info] > git config --get commit.template [2ms]
2025-06-03 20:18:09.865 [info] > git for-each-ref --format=%(refname)%00%(upstream:short)%00%(objectname)%00%(upstream:track)%00%(upstream:remotename)%00%(upstream:remoteref) refs/heads/main refs/remotes/main [2ms]
2025-06-03 20:18:09.880 [info] > git status -z -uall [6ms]
2025-06-03 20:18:09.881 [info] > git for-each-ref --sort -committerdate --format %(refname)%00%(objectname)%00%(*objectname) [1ms]
2025-06-03 20:29:59.247 [info] > git show --textconv :README.md [9ms]
2025-06-03 20:29:59.247 [info] > git ls-files --stage -- README.md [1ms]
2025-06-03 20:29:59.257 [info] > git cat-file -s 8a6be410308d5e3701652324dfcc0540763ef13f [1ms]
2025-06-03 20:30:13.735 [info] > git config --get commit.template [2ms]
2025-06-03 20:30:13.743 [info] > git for-each-ref --format=%(refname)%00%(upstream:short)%00%(objectname)%00%(upstream:track)%00%(upstream:remotename)%00%(upstream:remoteref) refs/heads/b1 refs/remotes/b1 [1ms]
2025-06-03 20:30:13.758 [info] > git status -z -uall [10ms]
2025-06-03 20:30:13.759 [info] > git for-each-ref --sort -committerdate --format %(refname)%00%(objectname)%00%(*objectname) [1ms]
2025-06-03 20:30:13.773 [info] > git for-each-ref --format=%(refname)%00%(upstream:short)%00%(objectname)%00%(upstream:track)%00%(upstream:remotename)%00%(upstream:remoteref) refs/heads/b1 refs/remotes/b1 [1ms]
2025-06-03 20:30:13.780 [info] > git config --get --local branch.b1.vscode-merge-base [1ms]
2025-06-03 20:30:13.780 [warning] [Git][config] git config failed: Failed to execute git
2025-06-03 20:30:13.788 [info] > git reflog b1 --grep-reflog=branch: Created from *. [1ms]
2025-06-03 20:30:13.795 [info] > git reflog HEAD --grep-reflog=checkout: moving from .* to b1 [1ms]
2025-06-03 20:30:13.801 [info] > git for-each-ref --format=%(refname)%00%(upstream:short)%00%(objectname)%00%(upstream:track)%00%(upstream:remotename)%00%(upstream:remoteref) refs/heads/main refs/remotes/main [0ms]
2025-06-03 20:30:13.807 [info] > git for-each-ref --format=%(refname)%00%(upstream:short)%00%(objectname)%00%(upstream:track)%00%(upstream:remotename)%00%(upstream:remoteref) refs/remotes/origin/main [0ms]
2025-06-03 20:30:13.814 [info] > git config --add --local branch.b1.vscode-merge-base origin/main [1ms]
2025-06-03 20:30:13.825 [info] > git config --get commit.template [6ms]
2025-06-03 20:30:13.825 [info] > git for-each-ref --format=%(refname)%00%(upstream:short)%00%(objectname)%00%(upstream:track)%00%(upstream:remotename)%00%(upstream:remoteref) refs/heads/b1 refs/remotes/b1 [0ms]
2025-06-03 20:30:13.836 [info] > git status -z -uall [6ms]
2025-06-03 20:30:13.836 [info] > git for-each-ref --sort -committerdate --format %(refname)%00%(objectname)%00%(*objectname) [1ms]
2025-06-03 20:30:13.843 [info] > git for-each-ref --format=%(refname)%00%(upstream:short)%00%(objectname)%00%(upstream:track)%00%(upstream:remotename)%00%(upstream:remoteref) refs/heads/b1 refs/remotes/b1 [1ms]
2025-06-03 20:30:13.849 [info] > git config --get --local branch.b1.vscode-merge-base [1ms]
2025-06-03 20:30:13.855 [info] > git for-each-ref --format=%(refname)%00%(upstream:short)%00%(objectname)%00%(upstream:track)%00%(upstream:remotename)%00%(upstream:remoteref) refs/heads/origin/main refs/remotes/origin/main [1ms]
2025-06-03 20:30:14.967 [info] > git config --get commit.template [12ms]
2025-06-03 20:30:14.968 [info] > git for-each-ref --format=%(refname)%00%(upstream:short)%00%(objectname)%00%(upstream:track)%00%(upstream:remotename)%00%(upstream:remoteref) refs/heads/b1 refs/remotes/b1 [2ms]
2025-06-03 20:30:14.988 [info] > git status -z -uall [10ms]
2025-06-03 20:30:14.989 [info] > git for-each-ref --sort -committerdate --format %(refname)%00%(objectname)%00%(*objectname) [2ms]
2025-06-03 20:30:15.060 [info] > git ls-files --stage -- README.md [2ms]
2025-06-03 20:30:15.075 [info] > git cat-file -s 8a6be410308d5e3701652324dfcc0540763ef13f [2ms]
2025-06-03 20:30:15.090 [info] > git show --textconv :README.md [2ms]
2025-06-03 20:30:44.162 [info] > git config --get commit.template [1ms]
2025-06-03 20:30:44.171 [info] > git for-each-ref --format=%(refname)%00%(upstream:short)%00%(objectname)%00%(upstream:track)%00%(upstream:remotename)%00%(upstream:remoteref) refs/heads/b1 refs/remotes/b1 [1ms]
2025-06-03 20:30:44.185 [info] > git status -z -uall [8ms]
2025-06-03 20:30:44.186 [info] > git for-each-ref --sort -committerdate --format %(refname)%00%(objectname)%00%(*objectname) [2ms]
2025-06-03 20:30:44.194 [info] > git blame --root --incremental 1b365304ffc458de681f46dad7de106e97bf40f2 -- README.md [1ms]
2025-06-03 20:30:45.233 [info] > git config --get commit.template [13ms]
2025-06-03 20:30:45.234 [info] > git for-each-ref --format=%(refname)%00%(upstream:short)%00%(objectname)%00%(upstream:track)%00%(upstream:remotename)%00%(upstream:remoteref) refs/heads/b1 refs/remotes/b1 [2ms]
2025-06-03 20:30:45.246 [info] > git status -z -uall [7ms]
2025-06-03 20:30:45.247 [info] > git for-each-ref --sort -committerdate --format %(refname)%00%(objectname)%00%(*objectname) [2ms]
2025-06-03 20:30:45.324 [info] > git ls-files --stage -- README.md [2ms]
2025-06-03 20:30:45.337 [info] > git cat-file -s 445ae6326f7356cbbff007dfe6ecf18bc6671748 [1ms]
2025-06-03 20:30:45.348 [info] > git show --textconv :README.md [2ms]
2025-06-03 20:30:54.519 [info] > git show --textconv :Main.java [15ms]
2025-06-03 20:30:54.520 [info] > git ls-files --stage -- Main.java [2ms]
2025-06-03 20:30:54.530 [info] > git cat-file -s 8d38dff891d73c035a25d64dd4339382ddd5cddc [2ms]
2025-06-03 20:30:54.540 [info] > git blame --root --incremental 1b365304ffc458de681f46dad7de106e97bf40f2 -- Main.java [1ms]
2025-06-03 20:30:59.505 [info] > git show --textconv :PongGame.java [8ms]
2025-06-03 20:30:59.505 [info] > git ls-files --stage -- PongGame.java [1ms]
2025-06-03 20:30:59.515 [info] > git cat-file -s 9cc74faa051f9663d4204a8bf8b5e6369b8fcaeb [1ms]
2025-06-03 20:30:59.524 [info] > git blame --root --incremental 1b365304ffc458de681f46dad7de106e97bf40f2 -- PongGame.java [2ms]
2025-06-03 20:31:20.130 [info] > git config --get commit.template [9ms]
2025-06-03 20:31:20.130 [info] > git for-each-ref --format=%(refname)%00%(upstream:short)%00%(objectname)%00%(upstream:track)%00%(upstream:remotename)%00%(upstream:remoteref) refs/heads/main refs/remotes/main [1ms]
2025-06-03 20:31:20.144 [info] > git status -z -uall [8ms]
2025-06-03 20:31:20.145 [info] > git for-each-ref --sort -committerdate --format %(refname)%00%(objectname)%00%(*objectname) [1ms]
2025-06-03 20:31:20.160 [info] > git blame --root --incremental a90678bda2fccfaf5684c4c0a7158e2a245a42ea -- PongGame.java [8ms]
2025-06-03 20:31:20.160 [info] fatal: no such path PongGame.java in a90678bda2fccfaf5684c4c0a7158e2a245a42ea
2025-06-03 20:31:20.161 [info] > git for-each-ref --format=%(refname)%00%(upstream:short)%00%(objectname)%00%(upstream:track)%00%(upstream:remotename)%00%(upstream:remoteref) refs/heads/main refs/remotes/main [1ms]
2025-06-03 20:31:20.168 [info] > git config --get --local branch.main.vscode-merge-base [1ms]
2025-06-03 20:31:20.176 [info] > git for-each-ref --format=%(refname)%00%(upstream:short)%00%(objectname)%00%(upstream:track)%00%(upstream:remotename)%00%(upstream:remoteref) refs/heads/origin/main refs/remotes/origin/main [1ms]
2025-06-03 20:31:20.184 [info] > git merge-base refs/heads/main refs/remotes/origin/main [2ms]
2025-06-03 20:31:20.192 [info] > git diff --name-status -z --diff-filter=ADMR a90678bda2fccfaf5684c4c0a7158e2a245a42ea...refs/remotes/origin/main [2ms]
2025-06-03 20:31:21.207 [info] > git config --get commit.template [12ms]
2025-06-03 20:31:21.208 [info] > git for-each-ref --format=%(refname)%00%(upstream:short)%00%(objectname)%00%(upstream:track)%00%(upstream:remotename)%00%(upstream:remoteref) refs/heads/main refs/remotes/main [2ms]
2025-06-03 20:31:21.227 [info] > git status -z -uall [9ms]
2025-06-03 20:31:21.227 [info] > git for-each-ref --sort -committerdate --format %(refname)%00%(objectname)%00%(*objectname) [1ms]
2025-06-03 20:31:21.298 [info] > git ls-files --stage -- PongGame.java [1ms]
2025-06-03 20:31:21.299 [warning] [GitFileSystemProvider][stat] File not found - git:/home/sammy/Desktop/temp/pong-game/PongGame.java.git?%7B%22path%22%3A%22%2Fhome%2Fsammy%2FDesktop%2Ftemp%2Fpong-game%2FPongGame.java%22%2C%22ref%22%3A%22%22%7D
2025-06-03 20:31:24.908 [info] > git config --get commit.template [9ms]
2025-06-03 20:31:24.909 [info] > git for-each-ref --format=%(refname)%00%(upstream:short)%00%(objectname)%00%(upstream:track)%00%(upstream:remotename)%00%(upstream:remoteref) refs/heads/main refs/remotes/main [1ms]
2025-06-03 20:31:24.920 [info] > git status -z -uall [6ms]
2025-06-03 20:31:24.921 [info] > git for-each-ref --sort -committerdate --format %(refname)%00%(objectname)%00%(*objectname) [1ms]
2025-06-03 20:31:24.934 [info] > git merge-base refs/heads/main refs/remotes/origin/main [2ms]
2025-06-03 20:31:24.944 [info] > git diff --name-status -z --diff-filter=ADMR a90678bda2fccfaf5684c4c0a7158e2a245a42ea...refs/remotes/origin/main [2ms]
2025-06-03 20:31:26.065 [info] > git ls-files --stage -- PongGame.java [2ms]
2025-06-03 20:31:26.078 [info] > git cat-file -s 9cc74faa051f9663d4204a8bf8b5e6369b8fcaeb [3ms]
2025-06-03 20:31:26.092 [info] > git show --textconv :PongGame.java [2ms]
2025-06-03 20:31:26.243 [info] > git config --get commit.template [2ms]
2025-06-03 20:31:26.257 [info] > git for-each-ref --format=%(refname)%00%(upstream:short)%00%(objectname)%00%(upstream:track)%00%(upstream:remotename)%00%(upstream:remoteref) refs/heads/main refs/remotes/main [3ms]
2025-06-03 20:31:26.277 [info] > git status -z -uall [9ms]
2025-06-03 20:31:26.279 [info] > git for-each-ref --sort -committerdate --format %(refname)%00%(objectname)%00%(*objectname) [2ms]
2025-06-03 20:31:32.502 [info] > git config --get commit.template [8ms]
2025-06-03 20:31:32.502 [info] > git for-each-ref --format=%(refname)%00%(upstream:short)%00%(objectname)%00%(upstream:track)%00%(upstream:remotename)%00%(upstream:remoteref) refs/heads/main refs/remotes/main [1ms]
2025-06-03 20:31:32.516 [info] > git status -z -uall [6ms]
2025-06-03 20:31:32.517 [info] > git for-each-ref --sort -committerdate --format %(refname)%00%(objectname)%00%(*objectname) [2ms]
2025-06-03 20:31:32.528 [info] > git merge-base refs/heads/main refs/remotes/origin/main [1ms]
2025-06-03 20:31:32.535 [info] > git diff --name-status -z --diff-filter=ADMR 1b365304ffc458de681f46dad7de106e97bf40f2...refs/remotes/origin/main [1ms]
2025-06-03 20:31:33.575 [info] > git config --get commit.template [9ms]
2025-06-03 20:31:33.576 [info] > git for-each-ref --format=%(refname)%00%(upstream:short)%00%(objectname)%00%(upstream:track)%00%(upstream:remotename)%00%(upstream:remoteref) refs/heads/main refs/remotes/main [2ms]
2025-06-03 20:31:33.596 [info] > git status -z -uall [10ms]
2025-06-03 20:31:33.597 [info] > git for-each-ref --sort -committerdate --format %(refname)%00%(objectname)%00%(*objectname) [2ms]
2025-06-03 20:31:33.667 [info] > git ls-files --stage -- PongGame.java [2ms]
2025-06-03 20:31:33.679 [info] > git cat-file -s 9cc74faa051f9663d4204a8bf8b5e6369b8fcaeb [3ms]
2025-06-03 20:31:33.693 [info] > git show --textconv :PongGame.java [2ms]
2025-06-03 20:31:39.368 [info] > git config --get commit.template [8ms]
2025-06-03 20:31:39.369 [info] > git for-each-ref --format=%(refname)%00%(upstream:short)%00%(objectname)%00%(upstream:track)%00%(upstream:remotename)%00%(upstream:remoteref) refs/heads/b1 refs/remotes/b1 [1ms]
2025-06-03 20:31:39.383 [info] > git status -z -uall [7ms]
2025-06-03 20:31:39.384 [info] > git for-each-ref --sort -committerdate --format %(refname)%00%(objectname)%00%(*objectname) [2ms]
2025-06-03 20:31:39.396 [info] > git for-each-ref --format=%(refname)%00%(upstream:short)%00%(objectname)%00%(upstream:track)%00%(upstream:remotename)%00%(upstream:remoteref) refs/heads/b1 refs/remotes/b1 [1ms]
2025-06-03 20:31:39.402 [info] > git config --get --local branch.b1.vscode-merge-base [0ms]
2025-06-03 20:31:39.410 [info] > git for-each-ref --format=%(refname)%00%(upstream:short)%00%(objectname)%00%(upstream:track)%00%(upstream:remotename)%00%(upstream:remoteref) refs/heads/origin/main refs/remotes/origin/main [0ms]
2025-06-03 20:31:40.443 [info] > git config --get commit.template [12ms]
2025-06-03 20:31:40.444 [info] > git for-each-ref --format=%(refname)%00%(upstream:short)%00%(objectname)%00%(upstream:track)%00%(upstream:remotename)%00%(upstream:remoteref) refs/heads/b1 refs/remotes/b1 [2ms]
2025-06-03 20:31:40.463 [info] > git status -z -uall [9ms]
2025-06-03 20:31:40.464 [info] > git for-each-ref --sort -committerdate --format %(refname)%00%(objectname)%00%(*objectname) [2ms]
2025-06-03 20:31:40.533 [info] > git ls-files --stage -- PongGame.java [2ms]
2025-06-03 20:31:40.546 [info] > git cat-file -s 9cc74faa051f9663d4204a8bf8b5e6369b8fcaeb [2ms]
2025-06-03 20:31:40.559 [info] > git show --textconv :PongGame.java [2ms]
2025-06-03 20:36:42.113 [info] > git show --textconv :GamePanel.java [13ms]
2025-06-03 20:36:42.114 [warning] [GitFileSystemProvider][readFile] File not found - git:/home/sammy/Desktop/temp/pong-game/GamePanel.java.git?%7B%22path%22%3A%22%2Fhome%2Fsammy%2FDesktop%2Ftemp%2Fpong-game%2FGamePanel.java%22%2C%22ref%22%3A%22%22%7D
2025-06-03 20:36:42.115 [info] > git ls-files --stage -- GamePanel.java [3ms]
2025-06-03 20:36:42.116 [warning] [GitFileSystemProvider][stat] File not found - git:/home/sammy/Desktop/temp/pong-game/GamePanel.java.git?%7B%22path%22%3A%22%2Fhome%2Fsammy%2FDesktop%2Ftemp%2Fpong-game%2FGamePanel.java%22%2C%22ref%22%3A%22%22%7D
2025-06-03 20:36:42.391 [info] > git check-ignore -v -z --stdin [2ms]
2025-06-03 20:36:42.979 [info] > git config --get commit.template [9ms]
2025-06-03 20:36:42.980 [info] > git for-each-ref --format=%(refname)%00%(upstream:short)%00%(objectname)%00%(upstream:track)%00%(upstream:remotename)%00%(upstream:remoteref) refs/heads/b1 refs/remotes/b1 [2ms]
2025-06-03 20:36:42.995 [info] > git status -z -uall [7ms]
2025-06-03 20:36:42.995 [info] > git for-each-ref --sort -committerdate --format %(refname)%00%(objectname)%00%(*objectname) [1ms]
2025-06-03 20:37:45.941 [info] > git config --get commit.template [6ms]
2025-06-03 20:37:45.941 [info] > git for-each-ref --format=%(refname)%00%(upstream:short)%00%(objectname)%00%(upstream:track)%00%(upstream:remotename)%00%(upstream:remoteref) refs/heads/b1 refs/remotes/b1 [1ms]
2025-06-03 20:37:45.952 [info] > git status -z -uall [6ms]
2025-06-03 20:37:45.952 [info] > git for-each-ref --sort -committerdate --format %(refname)%00%(objectname)%00%(*objectname) [1ms]
2025-06-03 20:37:49.137 [info] > git show --textconv :Main.java [15ms]
2025-06-03 20:37:49.138 [info] > git ls-files --stage -- Main.java [4ms]
2025-06-03 20:37:49.149 [info] > git cat-file -s 8d38dff891d73c035a25d64dd4339382ddd5cddc [1ms]
2025-06-03 20:39:09.487 [info] > git show --textconv :PongGame.java [12ms]
2025-06-03 20:39:09.488 [info] > git ls-files --stage -- PongGame.java [1ms]
2025-06-03 20:39:09.498 [info] > git cat-file -s 9cc74faa051f9663d4204a8bf8b5e6369b8fcaeb [1ms]
2025-06-03 20:39:13.667 [info] > git show --textconv :Main.java [9ms]
2025-06-03 20:39:13.668 [info] > git ls-files --stage -- Main.java [1ms]
2025-06-03 20:39:13.674 [info] > git cat-file -s 8d38dff891d73c035a25d64dd4339382ddd5cddc [1ms]
2025-06-03 20:39:23.444 [info] > git show --textconv :PongGame.java [11ms]
2025-06-03 20:39:23.446 [info] > git ls-files --stage -- PongGame.java [3ms]
2025-06-03 20:39:23.452 [info] > git cat-file -s 9cc74faa051f9663d4204a8bf8b5e6369b8fcaeb [1ms]
2025-06-03 20:39:40.950 [info] > git config --get commit.template [9ms]
2025-06-03 20:39:40.951 [info] > git for-each-ref --format=%(refname)%00%(upstream:short)%00%(objectname)%00%(upstream:track)%00%(upstream:remotename)%00%(upstream:remoteref) refs/heads/b1 refs/remotes/b1 [2ms]
2025-06-03 20:39:40.972 [info] > git status -z -uall [7ms]
2025-06-03 20:39:40.972 [info] > git for-each-ref --sort -committerdate --format %(refname)%00%(objectname)%00%(*objectname) [2ms]
2025-06-03 20:39:46.846 [info] > git show --textconv :PongGame.java [8ms]
2025-06-03 20:39:46.847 [info] > git ls-files --stage -- PongGame.java [1ms]
2025-06-03 20:39:46.853 [info] > git cat-file -s 9cc74faa051f9663d4204a8bf8b5e6369b8fcaeb [1ms]
2025-06-03 20:40:44.747 [info] > git show --textconv :Main.java [14ms]
2025-06-03 20:40:44.748 [info] > git ls-files --stage -- Main.java [3ms]
2025-06-03 20:40:44.762 [info] > git cat-file -s 8d38dff891d73c035a25d64dd4339382ddd5cddc [3ms]
2025-06-03 20:40:48.343 [info] > git show --textconv :PongGame.java [12ms]
2025-06-03 20:40:48.345 [info] > git ls-files --stage -- PongGame.java [2ms]
2025-06-03 20:40:48.359 [info] > git cat-file -s 9cc74faa051f9663d4204a8bf8b5e6369b8fcaeb [1ms]
2025-06-03 20:41:09.127 [info] > git show --textconv :PongGame.java [8ms]
2025-06-03 20:41:09.129 [info] > git ls-files --stage -- PongGame.java [2ms]
2025-06-03 20:41:09.138 [info] > git cat-file -s 9cc74faa051f9663d4204a8bf8b5e6369b8fcaeb [1ms]
2025-06-03 20:41:50.249 [info] > git show --textconv :PongGame.java [13ms]
2025-06-03 20:41:50.250 [info] > git ls-files --stage -- PongGame.java [2ms]
2025-06-03 20:41:50.260 [info] > git cat-file -s 9cc74faa051f9663d4204a8bf8b5e6369b8fcaeb [2ms]
2025-06-03 20:41:55.150 [info] > git show --textconv :Main.java [13ms]
2025-06-03 20:41:55.151 [info] > git ls-files --stage -- Main.java [2ms]
2025-06-03 20:41:55.162 [info] > git cat-file -s 8d38dff891d73c035a25d64dd4339382ddd5cddc [1ms]
2025-06-03 20:41:56.270 [info] > git show --textconv :PongGame.java [14ms]
2025-06-03 20:41:56.272 [info] > git ls-files --stage -- PongGame.java [3ms]
2025-06-03 20:41:56.287 [info] > git cat-file -s 9cc74faa051f9663d4204a8bf8b5e6369b8fcaeb [3ms]
2025-06-03 20:41:58.414 [info] > git show --textconv :PongGame.java [12ms]
2025-06-03 20:41:58.415 [info] > git ls-files --stage -- PongGame.java [2ms]
2025-06-03 20:41:58.423 [info] > git cat-file -s 9cc74faa051f9663d4204a8bf8b5e6369b8fcaeb [2ms]
2025-06-03 20:42:00.877 [info] > git config --get commit.template [11ms]
2025-06-03 20:42:00.877 [info] > git for-each-ref --format=%(refname)%00%(upstream:short)%00%(objectname)%00%(upstream:track)%00%(upstream:remotename)%00%(upstream:remoteref) refs/heads/b1 refs/remotes/b1 [1ms]
2025-06-03 20:42:00.898 [info] > git status -z -uall [14ms]
2025-06-03 20:42:00.898 [info] > git for-each-ref --sort -committerdate --format %(refname)%00%(objectname)%00%(*objectname) [7ms]
2025-06-03 20:42:09.290 [info] > git config --get commit.template [9ms]
2025-06-03 20:42:09.291 [info] > git for-each-ref --format=%(refname)%00%(upstream:short)%00%(objectname)%00%(upstream:track)%00%(upstream:remotename)%00%(upstream:remoteref) refs/heads/b1 refs/remotes/b1 [2ms]
2025-06-03 20:42:09.310 [info] > git status -z -uall [9ms]
2025-06-03 20:42:09.311 [info] > git for-each-ref --sort -committerdate --format %(refname)%00%(objectname)%00%(*objectname) [1ms]
2025-06-03 20:42:28.827 [info] > git show --textconv :README.md [14ms]
2025-06-03 20:42:28.827 [info] > git ls-files --stage -- README.md [1ms]
2025-06-03 20:42:28.836 [info] > git cat-file -s 445ae6326f7356cbbff007dfe6ecf18bc6671748 [1ms]
2025-06-03 20:45:36.345 [info] > git config --get commit.template [9ms]
2025-06-03 20:45:36.347 [info] > git for-each-ref --format=%(refname)%00%(upstream:short)%00%(objectname)%00%(upstream:track)%00%(upstream:remotename)%00%(upstream:remoteref) refs/heads/b1 refs/remotes/b1 [3ms]
2025-06-03 20:45:36.367 [info] > git status -z -uall [10ms]
2025-06-03 20:45:36.368 [info] > git for-each-ref --sort -committerdate --format %(refname)%00%(objectname)%00%(*objectname) [1ms]
2025-06-03 20:45:44.706 [info] > git show --textconv :PongGame.java [13ms]
2025-06-03 20:45:44.707 [info] > git ls-files --stage -- PongGame.java [2ms]
2025-06-03 20:45:44.718 [info] > git cat-file -s 9cc74faa051f9663d4204a8bf8b5e6369b8fcaeb [1ms]
2025-06-03 20:45:47.448 [info] > git show --textconv :Main.java [12ms]
2025-06-03 20:45:47.450 [info] > git ls-files --stage -- Main.java [1ms]
2025-06-03 20:45:47.459 [info] > git cat-file -s 8d38dff891d73c035a25d64dd4339382ddd5cddc [2ms]
2025-06-03 20:45:51.785 [info] > git show --textconv :PongGame.java [12ms]
2025-06-03 20:45:51.786 [info] > git ls-files --stage -- PongGame.java [2ms]
2025-06-03 20:45:51.797 [info] > git cat-file -s 9cc74faa051f9663d4204a8bf8b5e6369b8fcaeb [2ms]
2025-06-03 20:46:26.816 [info] > git config --get commit.template [7ms]
2025-06-03 20:46:26.816 [info] > git for-each-ref --format=%(refname)%00%(upstream:short)%00%(objectname)%00%(upstream:track)%00%(upstream:remotename)%00%(upstream:remoteref) refs/heads/b1 refs/remotes/b1 [1ms]
2025-06-03 20:46:26.831 [info] > git status -z -uall [6ms]
2025-06-03 20:46:26.831 [info] > git for-each-ref --sort -committerdate --format %(refname)%00%(objectname)%00%(*objectname) [1ms]
2025-06-03 20:46:27.159 [info] > git show --textconv :GamePanel.java [11ms]
2025-06-03 20:46:27.160 [info] > git ls-files --stage -- GamePanel.java [2ms]
2025-06-03 20:46:27.169 [info] > git cat-file -s 023f9ac7f26b29ae90edc0d9696c7bab2136c5fd [2ms]
2025-06-03 20:46:27.182 [info] > git blame --root --incremental 534fc9a3b01df6490efe594926386329b14679a8 -- GamePanel.java [2ms]
2025-06-03 20:46:27.880 [info] > git config --get commit.template [11ms]
2025-06-03 20:46:27.881 [info] > git for-each-ref --format=%(refname)%00%(upstream:short)%00%(objectname)%00%(upstream:track)%00%(upstream:remotename)%00%(upstream:remoteref) refs/heads/b1 refs/remotes/b1 [2ms]
2025-06-03 20:46:27.899 [info] > git status -z -uall [9ms]
2025-06-03 20:46:27.900 [info] > git for-each-ref --sort -committerdate --format %(refname)%00%(objectname)%00%(*objectname) [2ms]
2025-06-03 20:46:27.973 [info] > git ls-files --stage -- GamePanel.java [2ms]
2025-06-03 20:46:27.984 [info] > git cat-file -s 023f9ac7f26b29ae90edc0d9696c7bab2136c5fd [2ms]
2025-06-03 20:46:27.998 [info] > git show --textconv :GamePanel.java [1ms]
2025-06-03 20:54:28.309 [info] > git config --get commit.template [3ms]
2025-06-03 20:54:28.324 [info] > git for-each-ref --format=%(refname)%00%(upstream:short)%00%(objectname)%00%(upstream:track)%00%(upstream:remotename)%00%(upstream:remoteref) refs/heads/b1 refs/remotes/b1 [9ms]
2025-06-03 20:54:28.336 [info] > git status -z -uall [7ms]
2025-06-03 20:54:28.336 [info] > git for-each-ref --sort -committerdate --format %(refname)%00%(objectname)%00%(*objectname) [1ms]
2025-06-03 20:59:28.971 [info] > git config --get commit.template [7ms]
2025-06-03 20:59:28.972 [info] > git for-each-ref --format=%(refname)%00%(upstream:short)%00%(objectname)%00%(upstream:track)%00%(upstream:remotename)%00%(upstream:remoteref) refs/heads/b1 refs/remotes/b1 [2ms]
2025-06-03 20:59:28.984 [info] > git status -z -uall [6ms]
2025-06-03 20:59:28.985 [info] > git for-each-ref --sort -committerdate --format %(refname)%00%(objectname)%00%(*objectname) [1ms]
2025-06-03 20:59:36.450 [info] > git config --get commit.template [10ms]
2025-06-03 20:59:36.451 [info] > git for-each-ref --format=%(refname)%00%(upstream:short)%00%(objectname)%00%(upstream:track)%00%(upstream:remotename)%00%(upstream:remoteref) refs/heads/b1 refs/remotes/b1 [2ms]
2025-06-03 20:59:36.469 [info] > git status -z -uall [9ms]
2025-06-03 20:59:36.471 [info] > git for-each-ref --sort -committerdate --format %(refname)%00%(objectname)%00%(*objectname) [2ms]
2025-06-03 21:00:07.723 [info] > git config --get commit.template [12ms]
2025-06-03 21:00:07.724 [info] > git for-each-ref --format=%(refname)%00%(upstream:short)%00%(objectname)%00%(upstream:track)%00%(upstream:remotename)%00%(upstream:remoteref) refs/heads/b1 refs/remotes/b1 [2ms]
2025-06-03 21:00:07.740 [info] > git status -z -uall [9ms]
2025-06-03 21:00:07.741 [info] > git for-each-ref --sort -committerdate --format %(refname)%00%(objectname)%00%(*objectname) [1ms]
2025-06-03 21:00:18.146 [info] > git config --get commit.template [7ms]
2025-06-03 21:00:18.147 [info] > git for-each-ref --format=%(refname)%00%(upstream:short)%00%(objectname)%00%(upstream:track)%00%(upstream:remotename)%00%(upstream:remoteref) refs/heads/b1 refs/remotes/b1 [1ms]
2025-06-03 21:00:18.162 [info] > git status -z -uall [8ms]
2025-06-03 21:00:18.162 [info] > git for-each-ref --sort -committerdate --format %(refname)%00%(objectname)%00%(*objectname) [1ms]
2025-06-03 21:04:04.271 [info] > git config --get commit.template [11ms]
2025-06-03 21:04:04.272 [info] > git for-each-ref --format=%(refname)%00%(upstream:short)%00%(objectname)%00%(upstream:track)%00%(upstream:remotename)%00%(upstream:remoteref) refs/heads/b1 refs/remotes/b1 [2ms]
2025-06-03 21:04:04.291 [info] > git status -z -uall [8ms]
2025-06-03 21:04:04.291 [info] > git for-each-ref --sort -committerdate --format %(refname)%00%(objectname)%00%(*objectname) [1ms]
2025-06-03 21:05:15.908 [info] > git show --textconv :PongGame.java [14ms]
2025-06-03 21:05:15.910 [info] > git ls-files --stage -- PongGame.java [2ms]
2025-06-03 21:05:15.925 [info] > git cat-file -s dcedf76721d3867616bce31676894494a120d886 [3ms]
2025-06-03 21:05:15.953 [info] > git blame --root --incremental 534fc9a3b01df6490efe594926386329b14679a8 -- PongGame.java [2ms]
2025-06-03 21:05:23.571 [info] > git show --textconv :GamePanel.java [8ms]
2025-06-03 21:05:23.572 [info] > git ls-files --stage -- GamePanel.java [1ms]
2025-06-03 21:05:23.580 [info] > git cat-file -s 023f9ac7f26b29ae90edc0d9696c7bab2136c5fd [1ms]
2025-06-03 21:05:25.777 [info] > git show --textconv :PongGame.java [16ms]
2025-06-03 21:05:25.778 [info] > git ls-files --stage -- PongGame.java [2ms]
2025-06-03 21:05:25.790 [info] > git cat-file -s dcedf76721d3867616bce31676894494a120d886 [2ms]
2025-06-03 21:05:28.124 [info] > git show --textconv :GamePanel.java [12ms]
2025-06-03 21:05:28.125 [info] > git ls-files --stage -- GamePanel.java [2ms]
2025-06-03 21:05:28.137 [info] > git cat-file -s 023f9ac7f26b29ae90edc0d9696c7bab2136c5fd [2ms]
2025-06-03 21:05:44.673 [info] > git show --textconv :PongGame.java [13ms]
2025-06-03 21:05:44.675 [info] > git ls-files --stage -- PongGame.java [3ms]
2025-06-03 21:05:44.689 [info] > git cat-file -s dcedf76721d3867616bce31676894494a120d886 [3ms]
2025-06-03 21:05:45.648 [info] > git show --textconv :README.md [12ms]
2025-06-03 21:05:45.649 [info] > git ls-files --stage -- README.md [2ms]
2025-06-03 21:05:45.656 [info] > git cat-file -s 13a7531c93cac3ef08271fc0611986d1e07ce2dc [1ms]
2025-06-03 21:05:45.671 [info] > git blame --root --incremental 534fc9a3b01df6490efe594926386329b14679a8 -- README.md [2ms]
2025-06-03 21:06:40.877 [info] > git show --textconv :GamePanel.java [12ms]
2025-06-03 21:06:40.878 [info] > git ls-files --stage -- GamePanel.java [2ms]
2025-06-03 21:06:40.884 [info] > git cat-file -s 023f9ac7f26b29ae90edc0d9696c7bab2136c5fd [1ms]
2025-06-03 21:06:42.760 [info] > git show --textconv :PongGame.java [13ms]
2025-06-03 21:06:42.761 [info] > git ls-files --stage -- PongGame.java [1ms]
2025-06-03 21:06:42.768 [info] > git cat-file -s dcedf76721d3867616bce31676894494a120d886 [1ms]
2025-06-03 21:06:44.898 [info] > git show --textconv :README.md [7ms]
2025-06-03 21:06:44.898 [info] > git ls-files --stage -- README.md [1ms]
2025-06-03 21:06:44.905 [info] > git cat-file -s 13a7531c93cac3ef08271fc0611986d1e07ce2dc [1ms]
2025-06-03 21:09:11.173 [info] > git config --get commit.template [6ms]
2025-06-03 21:09:11.173 [info] > git for-each-ref --format=%(refname)%00%(upstream:short)%00%(objectname)%00%(upstream:track)%00%(upstream:remotename)%00%(upstream:remoteref) refs/heads/b1 refs/remotes/b1 [0ms]
2025-06-03 21:09:11.185 [info] > git status -z -uall [6ms]
2025-06-03 21:09:11.186 [info] > git for-each-ref --sort -committerdate --format %(refname)%00%(objectname)%00%(*objectname) [2ms]
2025-06-03 21:09:25.941 [info] > git show --textconv :GamePanel.java [14ms]
2025-06-03 21:09:25.943 [info] > git ls-files --stage -- GamePanel.java [4ms]
2025-06-03 21:09:25.953 [info] > git cat-file -s 023f9ac7f26b29ae90edc0d9696c7bab2136c5fd [1ms]
2025-06-03 21:10:06.580 [info] > git show --textconv :README.md [15ms]
2025-06-03 21:10:06.581 [info] > git ls-files --stage -- README.md [3ms]
2025-06-03 21:10:06.590 [info] > git cat-file -s 13a7531c93cac3ef08271fc0611986d1e07ce2dc [1ms]
2025-06-03 21:10:09.004 [info] > git check-ignore -v -z --stdin [1ms]
2025-06-03 21:10:11.031 [info] > git show --textconv :GamePanel.java [9ms]
2025-06-03 21:10:11.032 [info] > git ls-files --stage -- GamePanel.java [2ms]
2025-06-03 21:10:11.042 [info] > git cat-file -s 023f9ac7f26b29ae90edc0d9696c7bab2136c5fd [1ms]
2025-06-03 21:10:19.829 [info] > git config --get commit.template [3ms]
2025-06-03 21:10:19.841 [info] > git for-each-ref --format=%(refname)%00%(upstream:short)%00%(objectname)%00%(upstream:track)%00%(upstream:remotename)%00%(upstream:remoteref) refs/heads/b1 refs/remotes/b1 [2ms]
2025-06-03 21:10:19.859 [info] > git status -z -uall [8ms]
2025-06-03 21:10:19.860 [info] > git for-each-ref --sort -committerdate --format %(refname)%00%(objectname)%00%(*objectname) [1ms]
2025-06-03 21:10:21.934 [info] > git config --get commit.template [2ms]
2025-06-03 21:10:21.942 [info] > git for-each-ref --format=%(refname)%00%(upstream:short)%00%(objectname)%00%(upstream:track)%00%(upstream:remotename)%00%(upstream:remoteref) refs/heads/b1 refs/remotes/b1 [1ms]
2025-06-03 21:10:21.955 [info] > git status -z -uall [8ms]
2025-06-03 21:10:21.956 [info] > git for-each-ref --sort -committerdate --format %(refname)%00%(objectname)%00%(*objectname) [2ms]
2025-06-03 21:10:21.963 [info] > git blame --root --incremental 4114a02bed8d826f6af38c15d47bffb2e7444649 -- GamePanel.java [1ms]
2025-06-03 21:10:23.097 [info] > git ls-files --stage -- GamePanel.java [1ms]
2025-06-03 21:10:23.105 [info] > git cat-file -s 2689ef86050c3d6047823b0357fe8c484d32aa74 [1ms]
2025-06-03 21:10:23.118 [info] > git show --textconv :GamePanel.java [2ms]
2025-06-03 21:10:24.873 [info] > git config --get commit.template [1ms]
2025-06-03 21:10:24.884 [info] > git for-each-ref --format=%(refname)%00%(upstream:short)%00%(objectname)%00%(upstream:track)%00%(upstream:remotename)%00%(upstream:remoteref) refs/heads/b1 refs/remotes/b1 [1ms]
2025-06-03 21:10:24.897 [info] > git status -z -uall [7ms]
2025-06-03 21:10:24.898 [info] > git for-each-ref --sort -committerdate --format %(refname)%00%(objectname)%00%(*objectname) [1ms]
2025-06-03 21:20:46.150 [info] > git config --get commit.template [11ms]
2025-06-03 21:20:46.152 [info] > git for-each-ref --format=%(refname)%00%(upstream:short)%00%(objectname)%00%(upstream:track)%00%(upstream:remotename)%00%(upstream:remoteref) refs/heads/b1 refs/remotes/b1 [2ms]
2025-06-03 21:20:46.172 [info] > git status -z -uall [10ms]
2025-06-03 21:20:46.174 [info] > git for-each-ref --sort -committerdate --format %(refname)%00%(objectname)%00%(*objectname) [2ms]
2025-06-03 21:21:16.893 [info] > git config --get commit.template [2ms]
2025-06-03 21:21:16.905 [info] > git for-each-ref --format=%(refname)%00%(upstream:short)%00%(objectname)%00%(upstream:track)%00%(upstream:remotename)%00%(upstream:remoteref) refs/heads/b1 refs/remotes/b1 [1ms]
2025-06-03 21:21:16.917 [info] > git status -z -uall [6ms]
2025-06-03 21:21:16.918 [info] > git for-each-ref --sort -committerdate --format %(refname)%00%(objectname)%00%(*objectname) [1ms]
2025-06-03 21:21:22.473 [info] > git config --get commit.template [3ms]
2025-06-03 21:21:22.486 [info] > git for-each-ref --format=%(refname)%00%(upstream:short)%00%(objectname)%00%(upstream:track)%00%(upstream:remotename)%00%(upstream:remoteref) refs/heads/b1 refs/remotes/b1 [3ms]
2025-06-03 21:21:22.501 [info] > git status -z -uall [7ms]
2025-06-03 21:21:22.502 [info] > git for-each-ref --sort -committerdate --format %(refname)%00%(objectname)%00%(*objectname) [1ms]
2025-06-03 21:27:32.942 [info] > git config --get commit.template [11ms]
2025-06-03 21:27:32.942 [info] > git for-each-ref --format=%(refname)%00%(upstream:short)%00%(objectname)%00%(upstream:track)%00%(upstream:remotename)%00%(upstream:remoteref) refs/heads/b1 refs/remotes/b1 [1ms]
2025-06-03 21:27:32.958 [info] > git status -z -uall [9ms]
2025-06-03 21:27:32.959 [info] > git for-each-ref --sort -committerdate --format %(refname)%00%(objectname)%00%(*objectname) [1ms]
2025-06-03 21:27:41.557 [info] > git config --get commit.template [12ms]
2025-06-03 21:27:41.558 [info] > git for-each-ref --format=%(refname)%00%(upstream:short)%00%(objectname)%00%(upstream:track)%00%(upstream:remotename)%00%(upstream:remoteref) refs/heads/b1 refs/remotes/b1 [2ms]
2025-06-03 21:27:41.578 [info] > git status -z -uall [10ms]
2025-06-03 21:27:41.580 [info] > git for-each-ref --sort -committerdate --format %(refname)%00%(objectname)%00%(*objectname) [2ms]
2025-06-03 21:29:04.202 [info] > git config --get commit.template [8ms]
2025-06-03 21:29:04.202 [info] > git for-each-ref --format=%(refname)%00%(upstream:short)%00%(objectname)%00%(upstream:track)%00%(upstream:remotename)%00%(upstream:remoteref) refs/heads/b1 refs/remotes/b1 [2ms]
2025-06-03 21:29:04.214 [info] > git status -z -uall [6ms]
2025-06-03 21:29:04.215 [info] > git for-each-ref --sort -committerdate --format %(refname)%00%(objectname)%00%(*objectname) [1ms]
2025-06-03 21:29:09.314 [info] > git config --get commit.template [2ms]
2025-06-03 21:29:09.326 [info] > git for-each-ref --format=%(refname)%00%(upstream:short)%00%(objectname)%00%(upstream:track)%00%(upstream:remotename)%00%(upstream:remoteref) refs/heads/b1 refs/remotes/b1 [2ms]
2025-06-03 21:29:09.344 [info] > git status -z -uall [9ms]
2025-06-03 21:29:09.345 [info] > git for-each-ref --sort -committerdate --format %(refname)%00%(objectname)%00%(*objectname) [1ms]
2025-06-03 21:30:04.338 [info] > git config --get commit.template [14ms]
2025-06-03 21:30:04.338 [info] > git for-each-ref --format=%(refname)%00%(upstream:short)%00%(objectname)%00%(upstream:track)%00%(upstream:remotename)%00%(upstream:remoteref) refs/heads/b1 refs/remotes/b1 [1ms]
2025-06-03 21:30:04.356 [info] > git status -z -uall [9ms]
2025-06-03 21:30:04.357 [info] > git for-each-ref --sort -committerdate --format %(refname)%00%(objectname)%00%(*objectname) [1ms]
2025-06-03 21:30:13.562 [info] > git config --get commit.template [1ms]
2025-06-03 21:30:13.574 [info] > git for-each-ref --format=%(refname)%00%(upstream:short)%00%(objectname)%00%(upstream:track)%00%(upstream:remotename)%00%(upstream:remoteref) refs/heads/b1 refs/remotes/b1 [1ms]
2025-06-03 21:30:13.589 [info] > git status -z -uall [6ms]
2025-06-03 21:30:13.590 [info] > git for-each-ref --sort -committerdate --format %(refname)%00%(objectname)%00%(*objectname) [1ms]
2025-06-03 21:34:52.014 [info] > git config --get commit.template [3ms]
2025-06-03 21:34:52.026 [info] > git for-each-ref --format=%(refname)%00%(upstream:short)%00%(objectname)%00%(upstream:track)%00%(upstream:remotename)%00%(upstream:remoteref) refs/heads/b1 refs/remotes/b1 [2ms]
2025-06-03 21:34:52.045 [info] > git status -z -uall [9ms]
2025-06-03 21:34:52.046 [info] > git for-each-ref --sort -committerdate --format %(refname)%00%(objectname)%00%(*objectname) [2ms]
2025-06-03 21:44:06.929 [info] > git config --get commit.template [12ms]
2025-06-03 21:44:06.930 [info] > git for-each-ref --format=%(refname)%00%(upstream:short)%00%(objectname)%00%(upstream:track)%00%(upstream:remotename)%00%(upstream:remoteref) refs/heads/b1 refs/remotes/b1 [2ms]
2025-06-03 21:44:06.948 [info] > git status -z -uall [9ms]
2025-06-03 21:44:06.948 [info] > git for-each-ref --sort -committerdate --format %(refname)%00%(objectname)%00%(*objectname) [1ms]
2025-06-03 21:44:22.061 [info] > git config --get commit.template [11ms]
2025-06-03 21:44:22.062 [info] > git for-each-ref --format=%(refname)%00%(upstream:short)%00%(objectname)%00%(upstream:track)%00%(upstream:remotename)%00%(upstream:remoteref) refs/heads/b1 refs/remotes/b1 [1ms]
2025-06-03 21:44:22.076 [info] > git status -z -uall [8ms]
2025-06-03 21:44:22.077 [info] > git for-each-ref --sort -committerdate --format %(refname)%00%(objectname)%00%(*objectname) [1ms]
2025-06-03 21:46:35.223 [info] > git config --get commit.template [12ms]
2025-06-03 21:46:35.225 [info] > git for-each-ref --format=%(refname)%00%(upstream:short)%00%(objectname)%00%(upstream:track)%00%(upstream:remotename)%00%(upstream:remoteref) refs/heads/b1 refs/remotes/b1 [3ms]
2025-06-03 21:46:35.245 [info] > git status -z -uall [11ms]
2025-06-03 21:46:35.245 [info] > git for-each-ref --sort -committerdate --format %(refname)%00%(objectname)%00%(*objectname) [1ms]
2025-06-03 21:46:57.917 [info] > git config --get commit.template [12ms]
2025-06-03 21:46:57.918 [info] > git for-each-ref --format=%(refname)%00%(upstream:short)%00%(objectname)%00%(upstream:track)%00%(upstream:remotename)%00%(upstream:remoteref) refs/heads/b1 refs/remotes/b1 [2ms]
2025-06-03 21:46:57.935 [info] > git status -z -uall [8ms]
2025-06-03 21:46:57.936 [info] > git for-each-ref --sort -committerdate --format %(refname)%00%(objectname)%00%(*objectname) [2ms]
2025-06-03 21:47:53.155 [info] > git show --textconv :README.md [13ms]
2025-06-03 21:47:53.156 [info] > git ls-files --stage -- README.md [1ms]
2025-06-03 21:47:53.169 [info] > git cat-file -s b4e72b10a07fed2f817cd56c15ab4aeb4efd688e [2ms]
2025-06-03 21:47:53.183 [info] > git blame --root --incremental 4114a02bed8d826f6af38c15d47bffb2e7444649 -- README.md [2ms]
2025-06-03 21:53:46.230 [info] > git show --textconv :GamePanel.java [11ms]
2025-06-03 21:53:46.231 [info] > git ls-files --stage -- GamePanel.java [1ms]
2025-06-03 21:53:46.241 [info] > git cat-file -s 2689ef86050c3d6047823b0357fe8c484d32aa74 [2ms]
2025-06-03 21:54:08.915 [info] > git config --get commit.template [11ms]
2025-06-03 21:54:08.916 [info] > git for-each-ref --format=%(refname)%00%(upstream:short)%00%(objectname)%00%(upstream:track)%00%(upstream:remotename)%00%(upstream:remoteref) refs/heads/b1 refs/remotes/b1 [2ms]
2025-06-03 21:54:08.941 [info] > git status -z -uall [14ms]
2025-06-03 21:54:08.942 [info] > git for-each-ref --sort -committerdate --format %(refname)%00%(objectname)%00%(*objectname) [3ms]
2025-06-03 21:54:13.964 [info] > git config --get commit.template [11ms]
2025-06-03 21:54:13.965 [info] > git for-each-ref --format=%(refname)%00%(upstream:short)%00%(objectname)%00%(upstream:track)%00%(upstream:remotename)%00%(upstream:remoteref) refs/heads/b1 refs/remotes/b1 [2ms]
2025-06-03 21:54:13.983 [info] > git status -z -uall [9ms]
2025-06-03 21:54:13.984 [info] > git for-each-ref --sort -committerdate --format %(refname)%00%(objectname)%00%(*objectname) [1ms]
2025-06-03 21:55:58.148 [info] > git show --textconv :PongGame.java [11ms]
2025-06-03 21:55:58.149 [info] > git ls-files --stage -- PongGame.java [1ms]
2025-06-03 21:55:58.156 [info] > git cat-file -s dcedf76721d3867616bce31676894494a120d886 [1ms]
2025-06-03 21:55:58.174 [info] > git blame --root --incremental 4114a02bed8d826f6af38c15d47bffb2e7444649 -- PongGame.java [1ms]
2025-06-03 21:56:00.160 [info] > git show --textconv :README.md [9ms]
2025-06-03 21:56:00.162 [info] > git ls-files --stage -- README.md [2ms]
2025-06-03 21:56:00.171 [info] > git cat-file -s b4e72b10a07fed2f817cd56c15ab4aeb4efd688e [2ms]
2025-06-03 21:56:25.163 [info] > git show --textconv :GamePanel.java [17ms]
2025-06-03 21:56:25.164 [info] > git ls-files --stage -- GamePanel.java [2ms]
2025-06-03 21:56:25.182 [info] > git cat-file -s 2689ef86050c3d6047823b0357fe8c484d32aa74 [2ms]
2025-06-03 21:56:27.502 [info] > git show --textconv :PongGame.java [7ms]
2025-06-03 21:56:27.503 [info] > git ls-files --stage -- PongGame.java [1ms]
2025-06-03 21:56:27.512 [info] > git cat-file -s dcedf76721d3867616bce31676894494a120d886 [1ms]
2025-06-03 21:56:28.905 [info] > git show --textconv :Main.java [9ms]
2025-06-03 21:56:28.906 [info] > git ls-files --stage -- Main.java [2ms]
2025-06-03 21:56:28.914 [info] > git cat-file -s 8d38dff891d73c035a25d64dd4339382ddd5cddc [1ms]
2025-06-03 21:56:31.665 [info] > git show --textconv :README.md [7ms]
2025-06-03 21:56:31.666 [info] > git ls-files --stage -- README.md [1ms]
2025-06-03 21:56:31.676 [info] > git cat-file -s b4e72b10a07fed2f817cd56c15ab4aeb4efd688e [1ms]
2025-06-03 21:58:57.113 [info] > git config --get commit.template [13ms]
2025-06-03 21:58:57.113 [info] > git for-each-ref --format=%(refname)%00%(upstream:short)%00%(objectname)%00%(upstream:track)%00%(upstream:remotename)%00%(upstream:remoteref) refs/heads/b1 refs/remotes/b1 [2ms]
2025-06-03 21:58:57.129 [info] > git status -z -uall [10ms]
2025-06-03 21:58:57.130 [info] > git for-each-ref --sort -committerdate --format %(refname)%00%(objectname)%00%(*objectname) [1ms]
