2025-06-04 14:51:29.685 [info] [main] Log level: Info
2025-06-04 14:51:29.685 [info] [main] Validating found git in: "git"
2025-06-04 14:51:29.685 [info] [main] Using git "2.43.0" from "git"
2025-06-04 14:51:29.685 [info] [Model][doInitialScan] Initial repository scan started
2025-06-04 14:51:29.685 [info] > git rev-parse --show-toplevel [41ms]
2025-06-04 14:51:29.685 [info] > git rev-parse --git-dir --git-common-dir [51ms]
2025-06-04 14:51:29.685 [info] [Model][openRepository] Opened repository (path): /home/sammy/Desktop/temp/pong-game
2025-06-04 14:51:29.685 [info] [Model][openRepository] Opened repository (real path): /home/sammy/Desktop/temp/pong-game
2025-06-04 14:51:29.702 [info] > git rev-parse --show-toplevel [57ms]
2025-06-04 14:51:29.705 [info] [Model][doInitialScan] Initial repository scan completed - repositories (1), closed repositories (0), parent repositories (0), unsafe repositories (0)
2025-06-04 14:51:29.705 [info] > git config --get commit.template [68ms]
2025-06-04 14:51:29.745 [info] > git for-each-ref --format=%(refname)%00%(upstream:short)%00%(objectname)%00%(upstream:track)%00%(upstream:remotename)%00%(upstream:remoteref) refs/heads/b1 refs/remotes/b1 [14ms]
2025-06-04 14:51:29.817 [info] > git status -z -uall [60ms]
2025-06-04 14:51:29.817 [info] > git for-each-ref --sort -committerdate --format %(refname)%00%(objectname)%00%(*objectname) [50ms]
2025-06-04 14:51:29.853 [info] > git for-each-ref --format=%(refname)%00%(upstream:short)%00%(objectname)%00%(upstream:track)%00%(upstream:remotename)%00%(upstream:remoteref) refs/heads/b1 refs/remotes/b1 [23ms]
2025-06-04 14:51:29.889 [info] > git config --get --local branch.b1.vscode-merge-base [30ms]
2025-06-04 14:51:29.898 [info] > git config --get commit.template [45ms]
2025-06-04 14:51:29.914 [info] > git for-each-ref --format=%(refname)%00%(upstream:short)%00%(objectname)%00%(upstream:track)%00%(upstream:remotename)%00%(upstream:remoteref) refs/heads/origin/main refs/remotes/origin/main [17ms]
2025-06-04 14:51:30.083 [info] > git for-each-ref --format=%(refname)%00%(upstream:short)%00%(objectname)%00%(upstream:track)%00%(upstream:remotename)%00%(upstream:remoteref) refs/heads/b1 refs/remotes/b1 [95ms]
2025-06-04 14:51:30.204 [info] > git status -z -uall [114ms]
2025-06-04 14:51:30.345 [info] > git show --textconv :GamePanel.java [135ms]
2025-06-04 14:51:30.345 [info] > git ls-files --stage -- GamePanel.java [129ms]
2025-06-04 14:51:30.355 [info] > git for-each-ref --sort -committerdate --format %(refname)%00%(objectname)%00%(*objectname) [259ms]
2025-06-04 14:51:30.474 [info] > git check-ignore -v -z --stdin [104ms]
2025-06-04 14:51:30.475 [info] > git cat-file -s aba7a4eeeafd102a66e78a40a8015ebece959fde [121ms]
2025-06-04 14:51:30.803 [info] > git blame --root --incremental 3bd41b0bfdbe82c845450aad87af1e23e05b73df -- GamePanel.java [24ms]
2025-06-04 14:51:52.603 [info] > git config --get commit.template [10ms]
2025-06-04 14:51:52.604 [info] > git for-each-ref --format=%(refname)%00%(upstream:short)%00%(objectname)%00%(upstream:track)%00%(upstream:remotename)%00%(upstream:remoteref) refs/heads/b1 refs/remotes/b1 [2ms]
2025-06-04 14:51:52.622 [info] > git status -z -uall [8ms]
2025-06-04 14:51:52.623 [info] > git for-each-ref --sort -committerdate --format %(refname)%00%(objectname)%00%(*objectname) [2ms]
2025-06-04 14:52:41.410 [info] > git config --get commit.template [11ms]
2025-06-04 14:52:41.411 [info] > git for-each-ref --format=%(refname)%00%(upstream:short)%00%(objectname)%00%(upstream:track)%00%(upstream:remotename)%00%(upstream:remoteref) refs/heads/b1 refs/remotes/b1 [2ms]
2025-06-04 14:52:41.429 [info] > git status -z -uall [10ms]
2025-06-04 14:52:41.430 [info] > git for-each-ref --sort -committerdate --format %(refname)%00%(objectname)%00%(*objectname) [2ms]
2025-06-04 14:52:44.972 [info] > git show --textconv :Main.java [9ms]
2025-06-04 14:52:44.972 [info] > git ls-files --stage -- Main.java [2ms]
2025-06-04 14:52:44.981 [info] > git cat-file -s 964b102bf68d8dfd3c56b7a23c29661724b6ab7f [2ms]
2025-06-04 14:52:44.992 [info] > git blame --root --incremental 3bd41b0bfdbe82c845450aad87af1e23e05b73df -- Main.java [2ms]
2025-06-04 14:52:48.652 [info] > git show --textconv :PongGame.java [8ms]
2025-06-04 14:52:48.653 [info] > git ls-files --stage -- PongGame.java [1ms]
2025-06-04 14:52:48.664 [info] > git cat-file -s dcedf76721d3867616bce31676894494a120d886 [2ms]
2025-06-04 14:52:48.677 [info] > git blame --root --incremental 3bd41b0bfdbe82c845450aad87af1e23e05b73df -- PongGame.java [2ms]
2025-06-04 14:52:50.358 [info] > git show --textconv :Main.java [12ms]
2025-06-04 14:52:50.359 [info] > git ls-files --stage -- Main.java [2ms]
2025-06-04 14:52:50.373 [info] > git cat-file -s 964b102bf68d8dfd3c56b7a23c29661724b6ab7f [3ms]
2025-06-04 14:54:01.924 [info] > git show --textconv :GamePanel.java [9ms]
2025-06-04 14:54:01.925 [info] > git ls-files --stage -- GamePanel.java [2ms]
2025-06-04 14:54:01.934 [info] > git cat-file -s aba7a4eeeafd102a66e78a40a8015ebece959fde [2ms]
2025-06-04 15:15:07.848 [info] > git config --get commit.template [12ms]
2025-06-04 15:15:07.848 [info] > git for-each-ref --format=%(refname)%00%(upstream:short)%00%(objectname)%00%(upstream:track)%00%(upstream:remotename)%00%(upstream:remoteref) refs/heads/b1 refs/remotes/b1 [3ms]
2025-06-04 15:15:07.864 [info] > git status -z -uall [7ms]
2025-06-04 15:15:07.865 [info] > git for-each-ref --sort -committerdate --format %(refname)%00%(objectname)%00%(*objectname) [2ms]
2025-06-04 15:15:28.207 [info] > git config --get commit.template [10ms]
2025-06-04 15:15:28.207 [info] > git for-each-ref --format=%(refname)%00%(upstream:short)%00%(objectname)%00%(upstream:track)%00%(upstream:remotename)%00%(upstream:remoteref) refs/heads/b1 refs/remotes/b1 [1ms]
2025-06-04 15:15:28.224 [info] > git status -z -uall [9ms]
2025-06-04 15:15:28.225 [info] > git for-each-ref --sort -committerdate --format %(refname)%00%(objectname)%00%(*objectname) [2ms]
2025-06-04 15:17:27.924 [info] > git config --get commit.template [12ms]
2025-06-04 15:17:27.925 [info] > git for-each-ref --format=%(refname)%00%(upstream:short)%00%(objectname)%00%(upstream:track)%00%(upstream:remotename)%00%(upstream:remoteref) refs/heads/b1 refs/remotes/b1 [3ms]
2025-06-04 15:17:27.944 [info] > git status -z -uall [10ms]
2025-06-04 15:17:27.944 [info] > git for-each-ref --sort -committerdate --format %(refname)%00%(objectname)%00%(*objectname) [1ms]
2025-06-04 15:19:28.078 [info] > git config --get commit.template [7ms]
2025-06-04 15:19:28.078 [info] > git for-each-ref --format=%(refname)%00%(upstream:short)%00%(objectname)%00%(upstream:track)%00%(upstream:remotename)%00%(upstream:remoteref) refs/heads/b1 refs/remotes/b1 [1ms]
2025-06-04 15:19:28.091 [info] > git status -z -uall [7ms]
2025-06-04 15:19:28.092 [info] > git for-each-ref --sort -committerdate --format %(refname)%00%(objectname)%00%(*objectname) [2ms]
2025-06-04 15:21:04.451 [info] > git config --get commit.template [9ms]
2025-06-04 15:21:04.451 [info] > git for-each-ref --format=%(refname)%00%(upstream:short)%00%(objectname)%00%(upstream:track)%00%(upstream:remotename)%00%(upstream:remoteref) refs/heads/b1 refs/remotes/b1 [2ms]
2025-06-04 15:21:04.466 [info] > git status -z -uall [6ms]
2025-06-04 15:21:04.467 [info] > git for-each-ref --sort -committerdate --format %(refname)%00%(objectname)%00%(*objectname) [2ms]
2025-06-04 15:21:09.490 [info] > git for-each-ref --format=%(refname)%00%(upstream:short)%00%(objectname)%00%(upstream:track)%00%(upstream:remotename)%00%(upstream:remoteref) refs/heads/b1 refs/remotes/b1 [2ms]
2025-06-04 15:21:09.490 [info] > git config --get commit.template [9ms]
2025-06-04 15:21:09.506 [info] > git status -z -uall [10ms]
2025-06-04 15:21:09.507 [info] > git for-each-ref --sort -committerdate --format %(refname)%00%(objectname)%00%(*objectname) [2ms]
2025-06-04 15:21:40.209 [info] > git config --get commit.template [12ms]
2025-06-04 15:21:40.210 [info] > git for-each-ref --format=%(refname)%00%(upstream:short)%00%(objectname)%00%(upstream:track)%00%(upstream:remotename)%00%(upstream:remoteref) refs/heads/b1 refs/remotes/b1 [2ms]
2025-06-04 15:21:40.226 [info] > git status -z -uall [8ms]
2025-06-04 15:21:40.227 [info] > git for-each-ref --sort -committerdate --format %(refname)%00%(objectname)%00%(*objectname) [1ms]
2025-06-04 15:32:28.469 [info] > git config --get commit.template [8ms]
2025-06-04 15:32:28.470 [info] > git for-each-ref --format=%(refname)%00%(upstream:short)%00%(objectname)%00%(upstream:track)%00%(upstream:remotename)%00%(upstream:remoteref) refs/heads/b1 refs/remotes/b1 [1ms]
2025-06-04 15:32:28.486 [info] > git status -z -uall [8ms]
2025-06-04 15:32:28.488 [info] > git for-each-ref --sort -committerdate --format %(refname)%00%(objectname)%00%(*objectname) [3ms]
2025-06-04 15:33:13.553 [info] > git config --get commit.template [1ms]
2025-06-04 15:33:13.562 [info] > git for-each-ref --format=%(refname)%00%(upstream:short)%00%(objectname)%00%(upstream:track)%00%(upstream:remotename)%00%(upstream:remoteref) refs/heads/b1 refs/remotes/b1 [2ms]
2025-06-04 15:33:13.580 [info] > git status -z -uall [8ms]
2025-06-04 15:33:13.581 [info] > git for-each-ref --sort -committerdate --format %(refname)%00%(objectname)%00%(*objectname) [2ms]
2025-06-04 15:35:03.314 [info] > git config --get commit.template [10ms]
2025-06-04 15:35:03.315 [info] > git for-each-ref --format=%(refname)%00%(upstream:short)%00%(objectname)%00%(upstream:track)%00%(upstream:remotename)%00%(upstream:remoteref) refs/heads/b1 refs/remotes/b1 [1ms]
2025-06-04 15:35:03.329 [info] > git status -z -uall [9ms]
2025-06-04 15:35:03.330 [info] > git for-each-ref --sort -committerdate --format %(refname)%00%(objectname)%00%(*objectname) [1ms]
2025-06-04 15:35:08.682 [info] > git config --get commit.template [9ms]
2025-06-04 15:35:08.683 [info] > git for-each-ref --format=%(refname)%00%(upstream:short)%00%(objectname)%00%(upstream:track)%00%(upstream:remotename)%00%(upstream:remoteref) refs/heads/b1 refs/remotes/b1 [2ms]
2025-06-04 15:35:08.700 [info] > git status -z -uall [8ms]
2025-06-04 15:35:08.700 [info] > git for-each-ref --sort -committerdate --format %(refname)%00%(objectname)%00%(*objectname) [1ms]
2025-06-04 15:35:40.169 [info] > git config --get commit.template [11ms]
2025-06-04 15:35:40.170 [info] > git for-each-ref --format=%(refname)%00%(upstream:short)%00%(objectname)%00%(upstream:track)%00%(upstream:remotename)%00%(upstream:remoteref) refs/heads/b1 refs/remotes/b1 [2ms]
2025-06-04 15:35:40.188 [info] > git status -z -uall [9ms]
2025-06-04 15:35:40.189 [info] > git for-each-ref --sort -committerdate --format %(refname)%00%(objectname)%00%(*objectname) [2ms]
2025-06-04 15:35:50.342 [info] > git config --get commit.template [10ms]
2025-06-04 15:35:50.342 [info] > git for-each-ref --format=%(refname)%00%(upstream:short)%00%(objectname)%00%(upstream:track)%00%(upstream:remotename)%00%(upstream:remoteref) refs/heads/b1 refs/remotes/b1 [1ms]
2025-06-04 15:35:50.357 [info] > git status -z -uall [8ms]
2025-06-04 15:35:50.358 [info] > git for-each-ref --sort -committerdate --format %(refname)%00%(objectname)%00%(*objectname) [2ms]
2025-06-04 15:36:21.358 [info] > git config --get commit.template [2ms]
2025-06-04 15:36:21.370 [info] > git for-each-ref --format=%(refname)%00%(upstream:short)%00%(objectname)%00%(upstream:track)%00%(upstream:remotename)%00%(upstream:remoteref) refs/heads/b1 refs/remotes/b1 [1ms]
2025-06-04 15:36:21.387 [info] > git status -z -uall [10ms]
2025-06-04 15:36:21.387 [info] > git for-each-ref --sort -committerdate --format %(refname)%00%(objectname)%00%(*objectname) [1ms]
2025-06-04 15:36:48.878 [info] > git config --get commit.template [11ms]
2025-06-04 15:36:48.879 [info] > git for-each-ref --format=%(refname)%00%(upstream:short)%00%(objectname)%00%(upstream:track)%00%(upstream:remotename)%00%(upstream:remoteref) refs/heads/b1 refs/remotes/b1 [2ms]
2025-06-04 15:36:48.897 [info] > git status -z -uall [8ms]
2025-06-04 15:36:48.898 [info] > git for-each-ref --sort -committerdate --format %(refname)%00%(objectname)%00%(*objectname) [1ms]
2025-06-04 15:40:50.362 [info] > git config --get commit.template [14ms]
2025-06-04 15:40:50.362 [info] > git for-each-ref --format=%(refname)%00%(upstream:short)%00%(objectname)%00%(upstream:track)%00%(upstream:remotename)%00%(upstream:remoteref) refs/heads/b1 refs/remotes/b1 [1ms]
2025-06-04 15:40:50.379 [info] > git status -z -uall [10ms]
2025-06-04 15:40:50.380 [info] > git for-each-ref --sort -committerdate --format %(refname)%00%(objectname)%00%(*objectname) [2ms]
2025-06-04 15:41:32.008 [info] > git config --get commit.template [1ms]
2025-06-04 15:41:32.016 [info] > git for-each-ref --format=%(refname)%00%(upstream:short)%00%(objectname)%00%(upstream:track)%00%(upstream:remotename)%00%(upstream:remoteref) refs/heads/b1 refs/remotes/b1 [2ms]
2025-06-04 15:41:32.030 [info] > git status -z -uall [6ms]
2025-06-04 15:41:32.031 [info] > git for-each-ref --sort -committerdate --format %(refname)%00%(objectname)%00%(*objectname) [1ms]
2025-06-04 15:45:30.437 [info] > git show --textconv :README.md [15ms]
2025-06-04 15:45:30.438 [info] > git ls-files --stage -- README.md [2ms]
2025-06-04 15:45:30.452 [info] > git cat-file -s a7586fe25c6a1770c96c814feb7d7d5d54c09ec4 [2ms]
2025-06-04 15:45:30.489 [info] > git blame --root --incremental 3bd41b0bfdbe82c845450aad87af1e23e05b73df -- README.md [10ms]
2025-06-04 15:48:46.470 [info] > git show --textconv :GamePanel.java [12ms]
2025-06-04 15:48:46.471 [info] > git ls-files --stage -- GamePanel.java [1ms]
2025-06-04 15:48:46.479 [info] > git cat-file -s aba7a4eeeafd102a66e78a40a8015ebece959fde [2ms]
2025-06-04 15:48:53.991 [info] > git show --textconv :README.md [10ms]
2025-06-04 15:48:53.992 [info] > git ls-files --stage -- README.md [2ms]
2025-06-04 15:48:54.001 [info] > git cat-file -s a7586fe25c6a1770c96c814feb7d7d5d54c09ec4 [3ms]
2025-06-04 15:49:01.860 [info] > git show --textconv :GamePanel.java [6ms]
2025-06-04 15:49:01.861 [info] > git ls-files --stage -- GamePanel.java [1ms]
2025-06-04 15:49:01.871 [info] > git cat-file -s aba7a4eeeafd102a66e78a40a8015ebece959fde [2ms]
2025-06-04 15:49:03.425 [info] > git show --textconv :PongGame.java [11ms]
2025-06-04 15:49:03.427 [info] > git ls-files --stage -- PongGame.java [2ms]
2025-06-04 15:49:03.437 [info] > git cat-file -s dcedf76721d3867616bce31676894494a120d886 [1ms]
2025-06-04 15:49:05.282 [info] > git show --textconv :README.md [10ms]
2025-06-04 15:49:05.283 [info] > git ls-files --stage -- README.md [2ms]
2025-06-04 15:49:05.290 [info] > git cat-file -s a7586fe25c6a1770c96c814feb7d7d5d54c09ec4 [1ms]
2025-06-04 15:49:54.583 [info] > git config --get commit.template [9ms]
2025-06-04 15:49:54.584 [info] > git for-each-ref --format=%(refname)%00%(upstream:short)%00%(objectname)%00%(upstream:track)%00%(upstream:remotename)%00%(upstream:remoteref) refs/heads/b1 refs/remotes/b1 [2ms]
2025-06-04 15:49:54.599 [info] > git status -z -uall [7ms]
2025-06-04 15:49:54.600 [info] > git for-each-ref --sort -committerdate --format %(refname)%00%(objectname)%00%(*objectname) [1ms]
2025-06-04 15:50:24.594 [info] > git config --get commit.template [1ms]
2025-06-04 15:50:24.602 [info] > git for-each-ref --format=%(refname)%00%(upstream:short)%00%(objectname)%00%(upstream:track)%00%(upstream:remotename)%00%(upstream:remoteref) refs/heads/b1 refs/remotes/b1 [1ms]
2025-06-04 15:50:24.617 [info] > git status -z -uall [7ms]
2025-06-04 15:50:24.617 [info] > git for-each-ref --sort -committerdate --format %(refname)%00%(objectname)%00%(*objectname) [1ms]
2025-06-04 15:50:24.632 [info] > git blame --root --incremental 7a18f798acb71021c6dc3f18486e27c8a78dc117 -- README.md [5ms]
2025-06-04 15:50:25.655 [info] > git config --get commit.template [10ms]
2025-06-04 15:50:25.655 [info] > git for-each-ref --format=%(refname)%00%(upstream:short)%00%(objectname)%00%(upstream:track)%00%(upstream:remotename)%00%(upstream:remoteref) refs/heads/b1 refs/remotes/b1 [1ms]
2025-06-04 15:50:25.669 [info] > git status -z -uall [6ms]
2025-06-04 15:50:25.670 [info] > git for-each-ref --sort -committerdate --format %(refname)%00%(objectname)%00%(*objectname) [2ms]
2025-06-04 15:50:25.749 [info] > git ls-files --stage -- README.md [3ms]
2025-06-04 15:50:25.758 [info] > git cat-file -s fe360318874e846739f36e2e132b272fefb0aad4 [1ms]
2025-06-04 15:50:25.768 [info] > git show --textconv :README.md [2ms]
2025-06-04 15:50:31.747 [info] > git config --get commit.template [7ms]
2025-06-04 15:50:31.748 [info] > git for-each-ref --format=%(refname)%00%(upstream:short)%00%(objectname)%00%(upstream:track)%00%(upstream:remotename)%00%(upstream:remoteref) refs/heads/main refs/remotes/main [1ms]
2025-06-04 15:50:31.765 [info] > git status -z -uall [8ms]
2025-06-04 15:50:31.766 [info] > git for-each-ref --sort -committerdate --format %(refname)%00%(objectname)%00%(*objectname) [1ms]
2025-06-04 15:50:31.782 [info] > git for-each-ref --format=%(refname)%00%(upstream:short)%00%(objectname)%00%(upstream:track)%00%(upstream:remotename)%00%(upstream:remoteref) refs/heads/main refs/remotes/main [2ms]
2025-06-04 15:50:31.789 [info] > git config --get --local branch.main.vscode-merge-base [1ms]
2025-06-04 15:50:31.797 [info] > git for-each-ref --format=%(refname)%00%(upstream:short)%00%(objectname)%00%(upstream:track)%00%(upstream:remotename)%00%(upstream:remoteref) refs/heads/origin/main refs/remotes/origin/main [1ms]
2025-06-04 15:50:31.807 [info] > git merge-base refs/heads/main refs/remotes/origin/main [3ms]
2025-06-04 15:50:31.817 [info] > git diff --name-status -z --diff-filter=ADMR 3bd41b0bfdbe82c845450aad87af1e23e05b73df...refs/remotes/origin/main [2ms]
2025-06-04 15:50:32.821 [info] > git config --get commit.template [3ms]
2025-06-04 15:50:32.830 [info] > git for-each-ref --format=%(refname)%00%(upstream:short)%00%(objectname)%00%(upstream:track)%00%(upstream:remotename)%00%(upstream:remoteref) refs/heads/main refs/remotes/main [1ms]
2025-06-04 15:50:32.845 [info] > git status -z -uall [9ms]
2025-06-04 15:50:32.845 [info] > git for-each-ref --sort -committerdate --format %(refname)%00%(objectname)%00%(*objectname) [1ms]
2025-06-04 15:50:32.916 [info] > git ls-files --stage -- README.md [1ms]
2025-06-04 15:50:32.925 [info] > git cat-file -s a7586fe25c6a1770c96c814feb7d7d5d54c09ec4 [2ms]
2025-06-04 15:50:32.933 [info] > git show --textconv :README.md [1ms]
2025-06-04 15:50:35.626 [info] > git config --get commit.template [8ms]
2025-06-04 15:50:35.626 [info] > git for-each-ref --format=%(refname)%00%(upstream:short)%00%(objectname)%00%(upstream:track)%00%(upstream:remotename)%00%(upstream:remoteref) refs/heads/main refs/remotes/main [1ms]
2025-06-04 15:50:35.639 [info] > git status -z -uall [7ms]
2025-06-04 15:50:35.640 [info] > git for-each-ref --sort -committerdate --format %(refname)%00%(objectname)%00%(*objectname) [1ms]
2025-06-04 15:50:35.651 [info] > git merge-base refs/heads/main refs/remotes/origin/main [1ms]
2025-06-04 15:50:35.662 [info] > git diff --name-status -z --diff-filter=ADMR 3bd41b0bfdbe82c845450aad87af1e23e05b73df...refs/remotes/origin/main [2ms]
2025-06-04 15:50:36.787 [info] > git ls-files --stage -- README.md [2ms]
2025-06-04 15:50:36.798 [info] > git cat-file -s fe360318874e846739f36e2e132b272fefb0aad4 [2ms]
2025-06-04 15:50:36.805 [info] > git show --textconv :README.md [1ms]
2025-06-04 15:50:37.862 [info] > git config --get commit.template [6ms]
2025-06-04 15:50:37.863 [info] > git for-each-ref --format=%(refname)%00%(upstream:short)%00%(objectname)%00%(upstream:track)%00%(upstream:remotename)%00%(upstream:remoteref) refs/heads/main refs/remotes/main [2ms]
2025-06-04 15:50:37.873 [info] > git status -z -uall [5ms]
2025-06-04 15:50:37.874 [info] > git for-each-ref --sort -committerdate --format %(refname)%00%(objectname)%00%(*objectname) [2ms]
2025-06-04 15:50:56.188 [info] > git config --get commit.template [11ms]
2025-06-04 15:50:56.190 [info] > git for-each-ref --format=%(refname)%00%(upstream:short)%00%(objectname)%00%(upstream:track)%00%(upstream:remotename)%00%(upstream:remoteref) refs/heads/main refs/remotes/main [3ms]
2025-06-04 15:50:56.210 [info] > git status -z -uall [9ms]
2025-06-04 15:50:56.211 [info] > git for-each-ref --sort -committerdate --format %(refname)%00%(objectname)%00%(*objectname) [2ms]
2025-06-04 15:51:07.619 [info] > git config --get commit.template [7ms]
2025-06-04 15:51:07.620 [info] > git for-each-ref --format=%(refname)%00%(upstream:short)%00%(objectname)%00%(upstream:track)%00%(upstream:remotename)%00%(upstream:remoteref) refs/heads/main refs/remotes/main [2ms]
2025-06-04 15:51:07.639 [info] > git status -z -uall [10ms]
2025-06-04 15:51:07.640 [info] > git for-each-ref --sort -committerdate --format %(refname)%00%(objectname)%00%(*objectname) [2ms]
2025-06-04 15:51:07.658 [info] > git blame --root --incremental 5ff9c87232b2822a4f5b96a35fe7f6c4a66184b5 -- README.md [11ms]
2025-06-04 15:51:07.659 [info] > git merge-base refs/heads/main refs/remotes/origin/main [3ms]
2025-06-04 15:51:07.667 [info] > git diff --name-status -z --diff-filter=ADMR 3bd41b0bfdbe82c845450aad87af1e23e05b73df...refs/remotes/origin/main [2ms]
2025-06-04 15:51:08.687 [info] > git config --get commit.template [11ms]
2025-06-04 15:51:08.689 [info] > git for-each-ref --format=%(refname)%00%(upstream:short)%00%(objectname)%00%(upstream:track)%00%(upstream:remotename)%00%(upstream:remoteref) refs/heads/main refs/remotes/main [2ms]
2025-06-04 15:51:08.700 [info] > git status -z -uall [6ms]
2025-06-04 15:51:08.701 [info] > git for-each-ref --sort -committerdate --format %(refname)%00%(objectname)%00%(*objectname) [1ms]
2025-06-04 15:51:08.780 [info] > git ls-files --stage -- README.md [2ms]
2025-06-04 15:51:08.793 [info] > git cat-file -s 1247d52e9d4a07c919938c5bdcc68be505f7c2fe [3ms]
2025-06-04 15:51:08.804 [info] > git show --textconv :README.md [2ms]
2025-06-04 15:51:23.612 [info] > git config --get commit.template [7ms]
2025-06-04 15:51:23.612 [info] > git for-each-ref --format=%(refname)%00%(upstream:short)%00%(objectname)%00%(upstream:track)%00%(upstream:remotename)%00%(upstream:remoteref) refs/heads/main refs/remotes/main [1ms]
2025-06-04 15:51:23.626 [info] > git status -z -uall [7ms]
2025-06-04 15:51:23.627 [info] > git for-each-ref --sort -committerdate --format %(refname)%00%(objectname)%00%(*objectname) [1ms]
2025-06-04 15:51:23.638 [info] > git merge-base refs/heads/main refs/remotes/origin/main [2ms]
2025-06-04 15:51:23.645 [info] > git diff --name-status -z --diff-filter=ADMR 5ff9c87232b2822a4f5b96a35fe7f6c4a66184b5...refs/remotes/origin/main [1ms]
2025-06-04 15:51:24.668 [info] > git config --get commit.template [7ms]
2025-06-04 15:51:24.669 [info] > git for-each-ref --format=%(refname)%00%(upstream:short)%00%(objectname)%00%(upstream:track)%00%(upstream:remotename)%00%(upstream:remoteref) refs/heads/main refs/remotes/main [2ms]
2025-06-04 15:51:24.686 [info] > git status -z -uall [8ms]
2025-06-04 15:51:24.687 [info] > git for-each-ref --sort -committerdate --format %(refname)%00%(objectname)%00%(*objectname) [2ms]
2025-06-04 15:51:24.765 [info] > git ls-files --stage -- README.md [2ms]
2025-06-04 15:51:24.777 [info] > git cat-file -s 1247d52e9d4a07c919938c5bdcc68be505f7c2fe [3ms]
2025-06-04 15:51:24.789 [info] > git show --textconv :README.md [2ms]
2025-06-04 15:51:28.375 [info] > git config --get commit.template [7ms]
2025-06-04 15:51:28.376 [info] > git for-each-ref --format=%(refname)%00%(upstream:short)%00%(objectname)%00%(upstream:track)%00%(upstream:remotename)%00%(upstream:remoteref) refs/heads/b1 refs/remotes/b1 [1ms]
2025-06-04 15:51:28.388 [info] > git status -z -uall [8ms]
2025-06-04 15:51:28.389 [info] > git for-each-ref --sort -committerdate --format %(refname)%00%(objectname)%00%(*objectname) [2ms]
2025-06-04 15:51:28.397 [info] > git for-each-ref --format=%(refname)%00%(upstream:short)%00%(objectname)%00%(upstream:track)%00%(upstream:remotename)%00%(upstream:remoteref) refs/heads/b1 refs/remotes/b1 [1ms]
2025-06-04 15:51:28.405 [info] > git config --get --local branch.b1.vscode-merge-base [1ms]
2025-06-04 15:51:28.412 [info] > git for-each-ref --format=%(refname)%00%(upstream:short)%00%(objectname)%00%(upstream:track)%00%(upstream:remotename)%00%(upstream:remoteref) refs/heads/origin/main refs/remotes/origin/main [1ms]
2025-06-04 15:51:29.544 [info] > git ls-files --stage -- README.md [2ms]
2025-06-04 15:51:29.556 [info] > git cat-file -s fe360318874e846739f36e2e132b272fefb0aad4 [3ms]
2025-06-04 15:51:29.569 [info] > git show --textconv :README.md [2ms]
2025-06-04 15:51:29.712 [info] > git config --get commit.template [10ms]
2025-06-04 15:51:29.713 [info] > git for-each-ref --format=%(refname)%00%(upstream:short)%00%(objectname)%00%(upstream:track)%00%(upstream:remotename)%00%(upstream:remoteref) refs/heads/b1 refs/remotes/b1 [2ms]
2025-06-04 15:51:29.728 [info] > git status -z -uall [8ms]
2025-06-04 15:51:29.729 [info] > git for-each-ref --sort -committerdate --format %(refname)%00%(objectname)%00%(*objectname) [2ms]
2025-06-04 15:51:32.694 [info] > git config --get commit.template [8ms]
2025-06-04 15:51:32.694 [info] > git for-each-ref --format=%(refname)%00%(upstream:short)%00%(objectname)%00%(upstream:track)%00%(upstream:remotename)%00%(upstream:remoteref) refs/heads/b1 refs/remotes/b1 [0ms]
2025-06-04 15:51:32.708 [info] > git status -z -uall [8ms]
2025-06-04 15:51:32.709 [info] > git for-each-ref --sort -committerdate --format %(refname)%00%(objectname)%00%(*objectname) [1ms]
2025-06-04 15:51:33.855 [info] > git ls-files --stage -- README.md [2ms]
2025-06-04 15:51:33.867 [info] > git cat-file -s 1247d52e9d4a07c919938c5bdcc68be505f7c2fe [2ms]
2025-06-04 15:51:33.881 [info] > git show --textconv :README.md [2ms]
2025-06-04 15:51:34.743 [info] > git config --get commit.template [1ms]
2025-06-04 15:51:34.752 [info] > git for-each-ref --format=%(refname)%00%(upstream:short)%00%(objectname)%00%(upstream:track)%00%(upstream:remotename)%00%(upstream:remoteref) refs/heads/b1 refs/remotes/b1 [2ms]
2025-06-04 15:51:34.765 [info] > git status -z -uall [7ms]
2025-06-04 15:51:34.766 [info] > git for-each-ref --sort -committerdate --format %(refname)%00%(objectname)%00%(*objectname) [1ms]
2025-06-04 15:51:37.311 [info] > git config --get commit.template [9ms]
2025-06-04 15:51:37.311 [info] > git for-each-ref --format=%(refname)%00%(upstream:short)%00%(objectname)%00%(upstream:track)%00%(upstream:remotename)%00%(upstream:remoteref) refs/heads/main refs/remotes/main [1ms]
2025-06-04 15:51:37.325 [info] > git status -z -uall [8ms]
2025-06-04 15:51:37.326 [info] > git for-each-ref --sort -committerdate --format %(refname)%00%(objectname)%00%(*objectname) [2ms]
2025-06-04 15:51:37.336 [info] > git for-each-ref --format=%(refname)%00%(upstream:short)%00%(objectname)%00%(upstream:track)%00%(upstream:remotename)%00%(upstream:remoteref) refs/heads/main refs/remotes/main [1ms]
2025-06-04 15:51:37.343 [info] > git config --get --local branch.main.vscode-merge-base [1ms]
2025-06-04 15:51:37.351 [info] > git for-each-ref --format=%(refname)%00%(upstream:short)%00%(objectname)%00%(upstream:track)%00%(upstream:remotename)%00%(upstream:remoteref) refs/heads/origin/main refs/remotes/origin/main [1ms]
2025-06-04 15:51:37.358 [info] > git merge-base refs/heads/main refs/remotes/origin/main [1ms]
2025-06-04 15:51:37.365 [info] > git diff --name-status -z --diff-filter=ADMR 5ff9c87232b2822a4f5b96a35fe7f6c4a66184b5...refs/remotes/origin/main [1ms]
2025-06-04 15:51:38.479 [info] > git ls-files --stage -- README.md [2ms]
2025-06-04 15:51:38.491 [info] > git cat-file -s 1247d52e9d4a07c919938c5bdcc68be505f7c2fe [2ms]
2025-06-04 15:51:38.505 [info] > git show --textconv :README.md [2ms]
2025-06-04 15:51:39.790 [info] > git config --get commit.template [11ms]
2025-06-04 15:51:39.791 [info] > git for-each-ref --format=%(refname)%00%(upstream:short)%00%(objectname)%00%(upstream:track)%00%(upstream:remotename)%00%(upstream:remoteref) refs/heads/main refs/remotes/main [2ms]
2025-06-04 15:51:39.808 [info] > git status -z -uall [8ms]
2025-06-04 15:51:39.809 [info] > git for-each-ref --sort -committerdate --format %(refname)%00%(objectname)%00%(*objectname) [2ms]
2025-06-04 15:51:55.357 [info] > git config --get commit.template [1ms]
2025-06-04 15:51:55.365 [info] > git for-each-ref --format=%(refname)%00%(upstream:short)%00%(objectname)%00%(upstream:track)%00%(upstream:remotename)%00%(upstream:remoteref) refs/heads/b1 refs/remotes/b1 [1ms]
2025-06-04 15:51:55.378 [info] > git status -z -uall [6ms]
2025-06-04 15:51:55.379 [info] > git for-each-ref --sort -committerdate --format %(refname)%00%(objectname)%00%(*objectname) [2ms]
2025-06-04 15:51:55.388 [info] > git for-each-ref --format=%(refname)%00%(upstream:short)%00%(objectname)%00%(upstream:track)%00%(upstream:remotename)%00%(upstream:remoteref) refs/heads/b1 refs/remotes/b1 [2ms]
2025-06-04 15:51:55.395 [info] > git config --get --local branch.b1.vscode-merge-base [1ms]
2025-06-04 15:51:55.404 [info] > git for-each-ref --format=%(refname)%00%(upstream:short)%00%(objectname)%00%(upstream:track)%00%(upstream:remotename)%00%(upstream:remoteref) refs/heads/origin/main refs/remotes/origin/main [1ms]
2025-06-04 15:51:56.440 [info] > git config --get commit.template [11ms]
2025-06-04 15:51:56.441 [info] > git for-each-ref --format=%(refname)%00%(upstream:short)%00%(objectname)%00%(upstream:track)%00%(upstream:remotename)%00%(upstream:remoteref) refs/heads/b1 refs/remotes/b1 [2ms]
2025-06-04 15:51:56.459 [info] > git status -z -uall [8ms]
2025-06-04 15:51:56.460 [info] > git for-each-ref --sort -committerdate --format %(refname)%00%(objectname)%00%(*objectname) [2ms]
2025-06-04 15:51:56.533 [info] > git ls-files --stage -- README.md [1ms]
2025-06-04 15:51:56.544 [info] > git cat-file -s 1247d52e9d4a07c919938c5bdcc68be505f7c2fe [2ms]
2025-06-04 15:51:56.557 [info] > git show --textconv :README.md [2ms]
2025-06-04 15:55:34.720 [info] > git config --get commit.template [12ms]
2025-06-04 15:55:34.721 [info] > git for-each-ref --format=%(refname)%00%(upstream:short)%00%(objectname)%00%(upstream:track)%00%(upstream:remotename)%00%(upstream:remoteref) refs/heads/b1 refs/remotes/b1 [2ms]
2025-06-04 15:55:34.738 [info] > git status -z -uall [8ms]
2025-06-04 15:55:34.739 [info] > git for-each-ref --sort -committerdate --format %(refname)%00%(objectname)%00%(*objectname) [2ms]
2025-06-04 15:55:52.549 [info] > git show --textconv :GamePanel.java [14ms]
2025-06-04 15:55:52.550 [info] > git ls-files --stage -- GamePanel.java [2ms]
2025-06-04 15:55:52.560 [info] > git cat-file -s 9f054c0dfb7de71921c1a04264495fbbb6a226ec [2ms]
2025-06-04 15:55:52.578 [info] > git blame --root --incremental 5ff9c87232b2822a4f5b96a35fe7f6c4a66184b5 -- GamePanel.java [5ms]
2025-06-04 15:58:45.684 [info] > git config --get commit.template [11ms]
2025-06-04 15:58:45.685 [info] > git for-each-ref --format=%(refname)%00%(upstream:short)%00%(objectname)%00%(upstream:track)%00%(upstream:remotename)%00%(upstream:remoteref) refs/heads/b1 refs/remotes/b1 [1ms]
2025-06-04 15:58:45.699 [info] > git status -z -uall [8ms]
2025-06-04 15:58:45.700 [info] > git for-each-ref --sort -committerdate --format %(refname)%00%(objectname)%00%(*objectname) [2ms]
2025-06-04 15:59:01.431 [info] > git config --get commit.template [7ms]
2025-06-04 15:59:01.432 [info] > git for-each-ref --format=%(refname)%00%(upstream:short)%00%(objectname)%00%(upstream:track)%00%(upstream:remotename)%00%(upstream:remoteref) refs/heads/b1 refs/remotes/b1 [2ms]
2025-06-04 15:59:01.448 [info] > git status -z -uall [8ms]
2025-06-04 15:59:01.449 [info] > git for-each-ref --sort -committerdate --format %(refname)%00%(objectname)%00%(*objectname) [2ms]
2025-06-04 16:08:11.271 [info] > git show --textconv :PongGame.java [13ms]
2025-06-04 16:08:11.273 [info] > git ls-files --stage -- PongGame.java [1ms]
2025-06-04 16:08:11.287 [info] > git cat-file -s dcedf76721d3867616bce31676894494a120d886 [2ms]
2025-06-04 16:08:11.324 [info] > git blame --root --incremental 5ff9c87232b2822a4f5b96a35fe7f6c4a66184b5 -- PongGame.java [11ms]
2025-06-04 16:08:16.532 [info] > git show --textconv :GamePanel.java [12ms]
2025-06-04 16:08:16.533 [info] > git ls-files --stage -- GamePanel.java [2ms]
2025-06-04 16:08:16.540 [info] > git cat-file -s 9f054c0dfb7de71921c1a04264495fbbb6a226ec [1ms]
2025-06-04 16:13:41.525 [info] > git config --get commit.template [11ms]
2025-06-04 16:13:41.526 [info] > git for-each-ref --format=%(refname)%00%(upstream:short)%00%(objectname)%00%(upstream:track)%00%(upstream:remotename)%00%(upstream:remoteref) refs/heads/b1 refs/remotes/b1 [1ms]
2025-06-04 16:13:41.543 [info] > git status -z -uall [8ms]
2025-06-04 16:13:41.544 [info] > git for-each-ref --sort -committerdate --format %(refname)%00%(objectname)%00%(*objectname) [2ms]
2025-06-04 16:14:15.446 [info] > git config --get commit.template [11ms]
2025-06-04 16:14:15.447 [info] > git for-each-ref --format=%(refname)%00%(upstream:short)%00%(objectname)%00%(upstream:track)%00%(upstream:remotename)%00%(upstream:remoteref) refs/heads/b1 refs/remotes/b1 [2ms]
2025-06-04 16:14:15.465 [info] > git status -z -uall [9ms]
2025-06-04 16:14:15.466 [info] > git for-each-ref --sort -committerdate --format %(refname)%00%(objectname)%00%(*objectname) [1ms]
2025-06-04 16:14:21.008 [info] > git show --textconv :README.md [10ms]
2025-06-04 16:14:21.009 [info] > git ls-files --stage -- README.md [2ms]
2025-06-04 16:14:21.016 [info] > git cat-file -s 1247d52e9d4a07c919938c5bdcc68be505f7c2fe [1ms]
2025-06-04 16:15:26.171 [info] > git config --get commit.template [8ms]
2025-06-04 16:15:26.172 [info] > git for-each-ref --format=%(refname)%00%(upstream:short)%00%(objectname)%00%(upstream:track)%00%(upstream:remotename)%00%(upstream:remoteref) refs/heads/b1 refs/remotes/b1 [2ms]
2025-06-04 16:15:26.187 [info] > git status -z -uall [10ms]
2025-06-04 16:15:26.187 [info] > git for-each-ref --sort -committerdate --format %(refname)%00%(objectname)%00%(*objectname) [1ms]
2025-06-04 16:15:26.197 [info] > git blame --root --incremental 1423b9641ce1002defa6490b77331ecfa555f488 -- README.md [3ms]
2025-06-04 16:15:27.231 [info] > git config --get commit.template [11ms]
2025-06-04 16:15:27.232 [info] > git for-each-ref --format=%(refname)%00%(upstream:short)%00%(objectname)%00%(upstream:track)%00%(upstream:remotename)%00%(upstream:remoteref) refs/heads/b1 refs/remotes/b1 [2ms]
2025-06-04 16:15:27.251 [info] > git status -z -uall [9ms]
2025-06-04 16:15:27.252 [info] > git for-each-ref --sort -committerdate --format %(refname)%00%(objectname)%00%(*objectname) [2ms]
2025-06-04 16:15:27.328 [info] > git ls-files --stage -- README.md [1ms]
2025-06-04 16:15:27.339 [info] > git cat-file -s f102b3d033d9f9c76b4c35249c13422b70d79789 [2ms]
2025-06-04 16:15:27.351 [info] > git show --textconv :README.md [2ms]
2025-06-04 16:15:30.614 [info] > git config --get commit.template [1ms]
2025-06-04 16:15:30.623 [info] > git for-each-ref --format=%(refname)%00%(upstream:short)%00%(objectname)%00%(upstream:track)%00%(upstream:remotename)%00%(upstream:remoteref) refs/heads/main refs/remotes/main [2ms]
2025-06-04 16:15:30.638 [info] > git status -z -uall [8ms]
2025-06-04 16:15:30.639 [info] > git for-each-ref --sort -committerdate --format %(refname)%00%(objectname)%00%(*objectname) [1ms]
2025-06-04 16:15:30.650 [info] > git for-each-ref --format=%(refname)%00%(upstream:short)%00%(objectname)%00%(upstream:track)%00%(upstream:remotename)%00%(upstream:remoteref) refs/heads/main refs/remotes/main [3ms]
2025-06-04 16:15:30.657 [info] > git config --get --local branch.main.vscode-merge-base [1ms]
2025-06-04 16:15:30.664 [info] > git for-each-ref --format=%(refname)%00%(upstream:short)%00%(objectname)%00%(upstream:track)%00%(upstream:remotename)%00%(upstream:remoteref) refs/heads/origin/main refs/remotes/origin/main [1ms]
2025-06-04 16:15:30.673 [info] > git merge-base refs/heads/main refs/remotes/origin/main [2ms]
2025-06-04 16:15:30.682 [info] > git diff --name-status -z --diff-filter=ADMR 5ff9c87232b2822a4f5b96a35fe7f6c4a66184b5...refs/remotes/origin/main [2ms]
2025-06-04 16:15:31.786 [info] > git ls-files --stage -- README.md [1ms]
2025-06-04 16:15:31.796 [info] > git cat-file -s 1247d52e9d4a07c919938c5bdcc68be505f7c2fe [1ms]
2025-06-04 16:15:31.809 [info] > git show --textconv :README.md [2ms]
2025-06-04 16:15:32.276 [info] > git config --get commit.template [13ms]
2025-06-04 16:15:32.276 [info] > git for-each-ref --format=%(refname)%00%(upstream:short)%00%(objectname)%00%(upstream:track)%00%(upstream:remotename)%00%(upstream:remoteref) refs/heads/main refs/remotes/main [1ms]
2025-06-04 16:15:32.295 [info] > git status -z -uall [10ms]
2025-06-04 16:15:32.296 [info] > git for-each-ref --sort -committerdate --format %(refname)%00%(objectname)%00%(*objectname) [2ms]
2025-06-04 16:15:33.699 [info] > git config --get commit.template [1ms]
2025-06-04 16:15:33.707 [info] > git for-each-ref --format=%(refname)%00%(upstream:short)%00%(objectname)%00%(upstream:track)%00%(upstream:remotename)%00%(upstream:remoteref) refs/heads/main refs/remotes/main [1ms]
2025-06-04 16:15:33.722 [info] > git status -z -uall [8ms]
2025-06-04 16:15:33.723 [info] > git for-each-ref --sort -committerdate --format %(refname)%00%(objectname)%00%(*objectname) [1ms]
2025-06-04 16:15:33.734 [info] > git merge-base refs/heads/main refs/remotes/origin/main [2ms]
2025-06-04 16:15:33.741 [info] > git diff --name-status -z --diff-filter=ADMR 5ff9c87232b2822a4f5b96a35fe7f6c4a66184b5...refs/remotes/origin/main [1ms]
2025-06-04 16:15:34.862 [info] > git ls-files --stage -- README.md [1ms]
2025-06-04 16:15:34.870 [info] > git cat-file -s f102b3d033d9f9c76b4c35249c13422b70d79789 [2ms]
2025-06-04 16:15:34.879 [info] > git show --textconv :README.md [2ms]
2025-06-04 16:15:37.321 [info] > git config --get commit.template [11ms]
2025-06-04 16:15:37.322 [info] > git for-each-ref --format=%(refname)%00%(upstream:short)%00%(objectname)%00%(upstream:track)%00%(upstream:remotename)%00%(upstream:remoteref) refs/heads/main refs/remotes/main [2ms]
2025-06-04 16:15:37.340 [info] > git status -z -uall [8ms]
2025-06-04 16:15:37.341 [info] > git for-each-ref --sort -committerdate --format %(refname)%00%(objectname)%00%(*objectname) [1ms]
2025-06-04 16:15:40.582 [info] > git config --get commit.template [2ms]
2025-06-04 16:15:40.592 [info] > git for-each-ref --format=%(refname)%00%(upstream:short)%00%(objectname)%00%(upstream:track)%00%(upstream:remotename)%00%(upstream:remoteref) refs/heads/main refs/remotes/main [1ms]
2025-06-04 16:15:40.607 [info] > git status -z -uall [7ms]
2025-06-04 16:15:40.607 [info] > git for-each-ref --sort -committerdate --format %(refname)%00%(objectname)%00%(*objectname) [1ms]
2025-06-04 16:15:40.621 [info] > git merge-base refs/heads/main refs/remotes/origin/main [1ms]
2025-06-04 16:15:40.628 [info] > git diff --name-status -z --diff-filter=ADMR 1423b9641ce1002defa6490b77331ecfa555f488...refs/remotes/origin/main [1ms]
2025-06-04 16:15:41.746 [info] > git ls-files --stage -- README.md [2ms]
2025-06-04 16:15:41.758 [info] > git cat-file -s f102b3d033d9f9c76b4c35249c13422b70d79789 [3ms]
2025-06-04 16:15:41.771 [info] > git show --textconv :README.md [1ms]
2025-06-04 16:15:42.365 [info] > git config --get commit.template [11ms]
2025-06-04 16:15:42.366 [info] > git for-each-ref --format=%(refname)%00%(upstream:short)%00%(objectname)%00%(upstream:track)%00%(upstream:remotename)%00%(upstream:remoteref) refs/heads/main refs/remotes/main [2ms]
2025-06-04 16:15:42.383 [info] > git status -z -uall [7ms]
2025-06-04 16:15:42.384 [info] > git for-each-ref --sort -committerdate --format %(refname)%00%(objectname)%00%(*objectname) [2ms]
2025-06-04 16:15:57.600 [info] > git config --get commit.template [6ms]
2025-06-04 16:15:57.601 [info] > git for-each-ref --format=%(refname)%00%(upstream:short)%00%(objectname)%00%(upstream:track)%00%(upstream:remotename)%00%(upstream:remoteref) refs/heads/b1 refs/remotes/b1 [1ms]
2025-06-04 16:15:57.616 [info] > git status -z -uall [9ms]
2025-06-04 16:15:57.617 [info] > git for-each-ref --sort -committerdate --format %(refname)%00%(objectname)%00%(*objectname) [2ms]
2025-06-04 16:15:57.626 [info] > git for-each-ref --format=%(refname)%00%(upstream:short)%00%(objectname)%00%(upstream:track)%00%(upstream:remotename)%00%(upstream:remoteref) refs/heads/b1 refs/remotes/b1 [1ms]
2025-06-04 16:15:57.636 [info] > git config --get --local branch.b1.vscode-merge-base [1ms]
2025-06-04 16:15:57.644 [info] > git for-each-ref --format=%(refname)%00%(upstream:short)%00%(objectname)%00%(upstream:track)%00%(upstream:remotename)%00%(upstream:remoteref) refs/heads/origin/main refs/remotes/origin/main [1ms]
2025-06-04 16:15:58.674 [info] > git config --get commit.template [11ms]
2025-06-04 16:15:58.675 [info] > git for-each-ref --format=%(refname)%00%(upstream:short)%00%(objectname)%00%(upstream:track)%00%(upstream:remotename)%00%(upstream:remoteref) refs/heads/b1 refs/remotes/b1 [2ms]
2025-06-04 16:15:58.694 [info] > git status -z -uall [9ms]
2025-06-04 16:15:58.695 [info] > git for-each-ref --sort -committerdate --format %(refname)%00%(objectname)%00%(*objectname) [2ms]
2025-06-04 16:15:58.766 [info] > git ls-files --stage -- README.md [2ms]
2025-06-04 16:15:58.778 [info] > git cat-file -s f102b3d033d9f9c76b4c35249c13422b70d79789 [2ms]
2025-06-04 16:15:58.792 [info] > git show --textconv :README.md [2ms]
2025-06-04 16:19:45.896 [info] > git show --textconv :Main.java [9ms]
2025-06-04 16:19:45.897 [info] > git ls-files --stage -- Main.java [3ms]
2025-06-04 16:19:45.913 [info] > git cat-file -s 964b102bf68d8dfd3c56b7a23c29661724b6ab7f [0ms]
2025-06-04 16:19:45.949 [info] > git blame --root --incremental 1423b9641ce1002defa6490b77331ecfa555f488 -- Main.java [3ms]
2025-06-04 16:19:50.735 [info] > git show --textconv :README.md [10ms]
2025-06-04 16:19:50.736 [info] > git ls-files --stage -- README.md [2ms]
2025-06-04 16:19:50.742 [info] > git cat-file -s f102b3d033d9f9c76b4c35249c13422b70d79789 [1ms]
