2025-06-08 17:28:19.501 [info] Reading sessions from keychain...
2025-06-08 17:28:19.501 [info] Getting sessions for all scopes...
2025-06-08 17:28:19.501 [info] Getting sessions for all scopes...
2025-06-08 17:28:19.501 [info] Getting sessions for all scopes...
2025-06-08 17:28:19.501 [info] Getting sessions for all scopes...
2025-06-08 17:28:19.501 [info] Getting sessions for all scopes...
2025-06-08 17:28:19.501 [info] Getting sessions for all scopes...
2025-06-08 17:28:19.501 [info] Getting sessions for all scopes...
2025-06-08 17:28:19.648 [info] Got stored sessions!
2025-06-08 17:28:19.648 [info] Got 1 verified sessions.
2025-06-08 17:28:19.648 [info] Got 1 sessions for ...
2025-06-08 17:28:19.648 [info] Got 1 sessions for ...
2025-06-08 17:28:19.648 [info] Got 1 sessions for ...
2025-06-08 17:28:19.648 [info] Got 1 sessions for ...
2025-06-08 17:28:19.648 [info] Got 1 sessions for ...
2025-06-08 17:28:19.648 [info] Got 1 sessions for ...
2025-06-08 17:28:19.648 [info] Got 1 sessions for ...
2025-06-08 17:28:19.851 [info] Getting sessions for all scopes...
2025-06-08 17:28:19.851 [info] Got 1 sessions for ...
2025-06-08 17:28:19.851 [info] Getting sessions for all scopes...
2025-06-08 17:28:19.852 [info] Got 1 sessions for ...
2025-06-08 17:28:19.852 [info] Getting sessions for all scopes...
2025-06-08 17:28:19.852 [info] Got 1 sessions for ...
2025-06-08 17:28:19.852 [info] Getting sessions for all scopes...
2025-06-08 17:28:19.852 [info] Got 1 sessions for ...
2025-06-08 17:28:19.852 [info] Getting sessions for all scopes...
2025-06-08 17:28:19.852 [info] Got 1 sessions for ...
2025-06-08 17:28:19.852 [info] Getting sessions for all scopes...
2025-06-08 17:28:19.852 [info] Got 1 sessions for ...
2025-06-08 17:28:20.189 [info] Getting sessions for all scopes...
2025-06-08 17:28:20.189 [info] Got 1 sessions for ...
2025-06-08 17:28:20.798 [info] Getting sessions for all scopes...
2025-06-08 17:28:20.798 [info] Got 1 sessions for ...
2025-06-08 17:28:21.364 [info] Getting sessions for all scopes...
2025-06-08 17:28:21.365 [info] Got 1 sessions for ...
2025-06-08 17:28:21.446 [info] Getting sessions for read:user,repo,user:email,workflow...
2025-06-08 17:28:21.446 [info] Got 1 sessions for read:user,repo,user:email,workflow...
2025-06-08 17:28:22.527 [info] Getting sessions for read:user,repo,user:email,workflow...
2025-06-08 17:28:22.527 [info] Got 1 sessions for read:user,repo,user:email,workflow...
2025-06-08 17:32:36.612 [info] Getting sessions for read:user,repo,user:email,workflow...
2025-06-08 17:32:36.613 [info] Got 1 sessions for read:user,repo,user:email,workflow...
2025-06-08 17:32:37.637 [info] Getting sessions for read:user,repo,user:email,workflow...
2025-06-08 17:32:37.637 [info] Got 1 sessions for read:user,repo,user:email,workflow...
2025-06-08 23:50:25.334 [info] Getting sessions for read:user,repo,user:email,workflow...
2025-06-08 23:50:25.334 [info] Got 1 sessions for read:user,repo,user:email,workflow...
