2025-06-20 16:02:23.611 [info] Reading sessions from keychain...
2025-06-20 16:02:23.612 [info] Getting sessions for all scopes...
2025-06-20 16:02:23.612 [info] Getting sessions for all scopes...
2025-06-20 16:02:23.612 [info] Getting sessions for all scopes...
2025-06-20 16:02:23.612 [info] Getting sessions for all scopes...
2025-06-20 16:02:23.612 [info] Getting sessions for all scopes...
2025-06-20 16:02:23.612 [info] Getting sessions for all scopes...
2025-06-20 16:02:23.612 [info] Getting sessions for all scopes...
2025-06-20 16:02:23.661 [info] Got stored sessions!
2025-06-20 16:02:23.661 [info] Got 1 verified sessions.
2025-06-20 16:02:23.661 [info] Got 1 sessions for ...
2025-06-20 16:02:23.661 [info] Got 1 sessions for ...
2025-06-20 16:02:23.661 [info] Got 1 sessions for ...
2025-06-20 16:02:23.661 [info] Got 1 sessions for ...
2025-06-20 16:02:23.661 [info] Got 1 sessions for ...
2025-06-20 16:02:23.661 [info] Got 1 sessions for ...
2025-06-20 16:02:23.661 [info] Got 1 sessions for ...
2025-06-20 16:02:23.668 [info] Getting sessions for all scopes...
2025-06-20 16:02:23.668 [info] Got 1 sessions for ...
2025-06-20 16:02:23.675 [info] Getting sessions for all scopes...
2025-06-20 16:02:23.675 [info] Got 1 sessions for ...
2025-06-20 16:02:23.729 [info] Getting sessions for all scopes...
2025-06-20 16:02:23.729 [info] Got 1 sessions for ...
2025-06-20 16:02:23.729 [info] Getting sessions for all scopes...
2025-06-20 16:02:23.729 [info] Got 1 sessions for ...
2025-06-20 16:02:23.729 [info] Getting sessions for all scopes...
2025-06-20 16:02:23.729 [info] Got 1 sessions for ...
2025-06-20 16:02:23.729 [info] Getting sessions for all scopes...
2025-06-20 16:02:23.729 [info] Got 1 sessions for ...
2025-06-20 16:02:23.747 [info] Getting sessions for all scopes...
2025-06-20 16:02:23.747 [info] Got 1 sessions for ...
2025-06-20 16:02:24.423 [info] Getting sessions for all scopes...
2025-06-20 16:02:24.424 [info] Got 1 sessions for ...
2025-06-20 16:02:24.793 [info] Getting sessions for all scopes...
2025-06-20 16:02:24.793 [info] Got 1 sessions for ...
2025-06-20 16:02:24.934 [info] Getting sessions for read:user,repo,user:email,workflow...
2025-06-20 16:02:24.934 [info] Got 1 sessions for read:user,repo,user:email,workflow...
