2025-06-06 17:06:44.550 [info] Reading sessions from keychain...
2025-06-06 17:06:44.550 [info] Getting sessions for all scopes...
2025-06-06 17:06:44.550 [info] Getting sessions for all scopes...
2025-06-06 17:06:44.550 [info] Getting sessions for all scopes...
2025-06-06 17:06:44.550 [info] Getting sessions for all scopes...
2025-06-06 17:06:44.550 [info] Getting sessions for all scopes...
2025-06-06 17:06:44.550 [info] Getting sessions for all scopes...
2025-06-06 17:06:44.550 [info] Getting sessions for all scopes...
2025-06-06 17:06:44.649 [info] Got stored sessions!
2025-06-06 17:06:44.649 [info] Got 1 verified sessions.
2025-06-06 17:06:44.649 [info] Got 1 sessions for ...
2025-06-06 17:06:44.649 [info] Got 1 sessions for ...
2025-06-06 17:06:44.649 [info] Got 1 sessions for ...
2025-06-06 17:06:44.649 [info] Got 1 sessions for ...
2025-06-06 17:06:44.649 [info] Got 1 sessions for ...
2025-06-06 17:06:44.649 [info] Got 1 sessions for ...
2025-06-06 17:06:44.649 [info] Got 1 sessions for ...
2025-06-06 17:06:44.727 [info] Getting sessions for all scopes...
2025-06-06 17:06:44.727 [info] Got 1 sessions for ...
2025-06-06 17:06:44.727 [info] Getting sessions for all scopes...
2025-06-06 17:06:44.727 [info] Got 1 sessions for ...
2025-06-06 17:06:44.728 [info] Getting sessions for all scopes...
2025-06-06 17:06:44.728 [info] Got 1 sessions for ...
2025-06-06 17:06:44.728 [info] Getting sessions for all scopes...
2025-06-06 17:06:44.728 [info] Got 1 sessions for ...
2025-06-06 17:06:44.728 [info] Getting sessions for all scopes...
2025-06-06 17:06:44.728 [info] Got 1 sessions for ...
2025-06-06 17:06:44.728 [info] Getting sessions for all scopes...
2025-06-06 17:06:44.728 [info] Got 1 sessions for ...
2025-06-06 17:06:44.965 [info] Getting sessions for all scopes...
2025-06-06 17:06:44.965 [info] Got 1 sessions for ...
2025-06-06 17:06:45.339 [info] Getting sessions for all scopes...
2025-06-06 17:06:45.339 [info] Got 1 sessions for ...
2025-06-06 17:06:45.923 [info] Getting sessions for read:user,repo,user:email,workflow...
2025-06-06 17:06:45.923 [info] Got 1 sessions for read:user,repo,user:email,workflow...
2025-06-06 17:06:46.021 [info] Getting sessions for all scopes...
2025-06-06 17:06:46.021 [info] Got 1 sessions for ...
2025-06-06 17:06:46.819 [info] Getting sessions for read:user,repo,user:email,workflow...
2025-06-06 17:06:46.819 [info] Got 1 sessions for read:user,repo,user:email,workflow...
2025-06-06 17:12:05.254 [info] Getting sessions for read:user,repo,user:email,workflow...
2025-06-06 17:12:05.254 [info] Got 1 sessions for read:user,repo,user:email,workflow...
2025-06-06 17:12:05.906 [info] Getting sessions for read:user,repo,user:email,workflow...
2025-06-06 17:12:05.906 [info] Got 1 sessions for read:user,repo,user:email,workflow...
2025-06-06 18:48:01.836 [info] Getting sessions for read:user,repo,user:email,workflow...
2025-06-06 18:48:01.836 [info] Got 1 sessions for read:user,repo,user:email,workflow...
2025-06-06 18:51:39.472 [info] Getting sessions for read:user,repo,user:email,workflow...
2025-06-06 18:51:39.473 [info] Got 1 sessions for read:user,repo,user:email,workflow...
2025-06-06 18:55:33.261 [info] Getting sessions for read:user,repo,user:email,workflow...
2025-06-06 18:55:33.261 [info] Got 1 sessions for read:user,repo,user:email,workflow...
2025-06-06 21:34:01.833 [info] Getting sessions for read:user,repo,user:email,workflow...
2025-06-06 21:34:01.833 [info] Got 1 sessions for read:user,repo,user:email,workflow...
2025-06-06 21:34:57.514 [info] Getting sessions for read:user,repo,user:email,workflow...
2025-06-06 21:34:57.514 [info] Got 1 sessions for read:user,repo,user:email,workflow...
