2025-06-26 20:53:44.766 [info] Reading sessions from keychain...
2025-06-26 20:53:44.766 [info] Getting sessions for all scopes...
2025-06-26 20:53:44.766 [info] Getting sessions for all scopes...
2025-06-26 20:53:44.766 [info] Getting sessions for all scopes...
2025-06-26 20:53:44.766 [info] Getting sessions for all scopes...
2025-06-26 20:53:44.766 [info] Getting sessions for all scopes...
2025-06-26 20:53:44.766 [info] Getting sessions for all scopes...
2025-06-26 20:53:44.766 [info] Getting sessions for all scopes...
2025-06-26 20:53:44.891 [info] Got stored sessions!
2025-06-26 20:53:44.891 [info] Got 1 verified sessions.
2025-06-26 20:53:44.891 [info] Got 1 sessions for ...
2025-06-26 20:53:44.891 [info] Got 1 sessions for ...
2025-06-26 20:53:44.891 [info] Got 1 sessions for ...
2025-06-26 20:53:44.891 [info] Got 1 sessions for ...
2025-06-26 20:53:44.891 [info] Got 1 sessions for ...
2025-06-26 20:53:44.891 [info] Got 1 sessions for ...
2025-06-26 20:53:44.891 [info] Got 1 sessions for ...
2025-06-26 20:53:45.000 [info] Getting sessions for all scopes...
2025-06-26 20:53:45.001 [info] Got 1 sessions for ...
2025-06-26 20:53:45.001 [info] Getting sessions for all scopes...
2025-06-26 20:53:45.001 [info] Got 1 sessions for ...
2025-06-26 20:53:45.002 [info] Getting sessions for all scopes...
2025-06-26 20:53:45.002 [info] Got 1 sessions for ...
2025-06-26 20:53:45.002 [info] Getting sessions for all scopes...
2025-06-26 20:53:45.002 [info] Got 1 sessions for ...
2025-06-26 20:53:45.002 [info] Getting sessions for all scopes...
2025-06-26 20:53:45.002 [info] Got 1 sessions for ...
2025-06-26 20:53:45.002 [info] Getting sessions for all scopes...
2025-06-26 20:53:45.002 [info] Got 1 sessions for ...
2025-06-26 20:53:45.239 [info] Getting sessions for all scopes...
2025-06-26 20:53:45.239 [info] Got 1 sessions for ...
2025-06-26 20:53:45.723 [info] Getting sessions for all scopes...
2025-06-26 20:53:45.723 [info] Got 1 sessions for ...
2025-06-26 20:53:46.006 [info] Getting sessions for all scopes...
2025-06-26 20:53:46.006 [info] Got 1 sessions for ...
2025-06-26 20:53:46.235 [info] Getting sessions for read:user,repo,user:email,workflow...
2025-06-26 20:53:46.236 [info] Got 1 sessions for read:user,repo,user:email,workflow...
2025-06-26 20:54:12.423 [info] Reading sessions from keychain...
2025-06-26 20:54:12.423 [info] Getting sessions for all scopes...
2025-06-26 20:54:12.423 [info] Getting sessions for all scopes...
2025-06-26 20:54:12.423 [info] Getting sessions for all scopes...
2025-06-26 20:54:12.437 [info] Getting sessions for all scopes...
2025-06-26 20:54:12.437 [info] Getting sessions for all scopes...
2025-06-26 20:54:12.437 [info] Getting sessions for all scopes...
2025-06-26 20:54:12.437 [info] Getting sessions for all scopes...
2025-06-26 20:54:12.438 [info] Getting sessions for all scopes...
2025-06-26 20:54:12.500 [info] Got stored sessions!
2025-06-26 20:54:12.500 [info] Got 1 verified sessions.
2025-06-26 20:54:12.500 [info] Got 1 sessions for ...
2025-06-26 20:54:12.500 [info] Got 1 sessions for ...
2025-06-26 20:54:12.500 [info] Got 1 sessions for ...
2025-06-26 20:54:12.500 [info] Got 1 sessions for ...
2025-06-26 20:54:12.500 [info] Got 1 sessions for ...
2025-06-26 20:54:12.500 [info] Got 1 sessions for ...
2025-06-26 20:54:12.500 [info] Got 1 sessions for ...
2025-06-26 20:54:12.500 [info] Got 1 sessions for ...
2025-06-26 20:54:12.546 [info] Getting sessions for all scopes...
2025-06-26 20:54:12.546 [info] Got 1 sessions for ...
2025-06-26 20:54:12.546 [info] Getting sessions for all scopes...
2025-06-26 20:54:12.546 [info] Got 1 sessions for ...
2025-06-26 20:54:12.546 [info] Getting sessions for all scopes...
2025-06-26 20:54:12.546 [info] Got 1 sessions for ...
2025-06-26 20:54:12.546 [info] Getting sessions for all scopes...
2025-06-26 20:54:12.546 [info] Got 1 sessions for ...
2025-06-26 20:54:12.546 [info] Getting sessions for all scopes...
2025-06-26 20:54:12.546 [info] Got 1 sessions for ...
2025-06-26 20:54:12.547 [info] Getting sessions for all scopes...
2025-06-26 20:54:12.547 [info] Got 1 sessions for ...
2025-06-26 20:54:12.710 [info] Getting sessions for all scopes...
2025-06-26 20:54:12.710 [info] Got 1 sessions for ...
2025-06-26 20:54:13.022 [info] Getting sessions for read:user,repo,user:email,workflow...
2025-06-26 20:54:13.022 [info] Got 1 sessions for read:user,repo,user:email,workflow...
2025-06-26 20:54:14.310 [info] Getting sessions for all scopes...
2025-06-26 20:54:14.310 [info] Got 1 sessions for ...
2025-06-26 21:08:34.964 [info] Getting sessions for read:user,repo,user:email,workflow...
2025-06-26 21:08:34.964 [info] Got 1 sessions for read:user,repo,user:email,workflow...
2025-06-26 21:39:58.182 [info] Getting sessions for read:user,repo,user:email,workflow...
2025-06-26 21:39:58.182 [info] Got 1 sessions for read:user,repo,user:email,workflow...
2025-06-27 00:07:49.474 [info] Getting sessions for read:user,repo,user:email,workflow...
2025-06-27 00:07:49.475 [info] Got 1 sessions for read:user,repo,user:email,workflow...
2025-06-27 00:08:57.140 [info] Getting sessions for read:user,repo,user:email,workflow...
2025-06-27 00:08:57.140 [info] Got 1 sessions for read:user,repo,user:email,workflow...
2025-06-27 00:13:41.108 [info] Getting sessions for read:user,repo,user:email,workflow...
2025-06-27 00:13:41.108 [info] Got 1 sessions for read:user,repo,user:email,workflow...
