2025-06-03 20:25:10.008 [info] Reading sessions from keychain...
2025-06-03 20:25:10.008 [info] Getting sessions for all scopes...
2025-06-03 20:25:10.008 [info] Getting sessions for all scopes...
2025-06-03 20:25:10.008 [info] Getting sessions for all scopes...
2025-06-03 20:25:10.008 [info] Getting sessions for all scopes...
2025-06-03 20:25:10.008 [info] Getting sessions for all scopes...
2025-06-03 20:25:10.008 [info] Getting sessions for all scopes...
2025-06-03 20:25:10.008 [info] Getting sessions for all scopes...
2025-06-03 20:25:10.008 [info] Getting sessions for all scopes...
2025-06-03 20:25:10.008 [info] Got stored sessions!
2025-06-03 20:25:10.008 [info] Got 1 verified sessions.
2025-06-03 20:25:10.008 [info] Got 1 sessions for ...
2025-06-03 20:25:10.008 [info] Got 1 sessions for ...
2025-06-03 20:25:10.008 [info] Got 1 sessions for ...
2025-06-03 20:25:10.008 [info] Got 1 sessions for ...
2025-06-03 20:25:10.008 [info] Got 1 sessions for ...
2025-06-03 20:25:10.008 [info] Got 1 sessions for ...
2025-06-03 20:25:10.008 [info] Got 1 sessions for ...
2025-06-03 20:25:10.008 [info] Got 1 sessions for ...
2025-06-03 20:25:10.008 [info] Getting sessions for all scopes...
2025-06-03 20:25:10.008 [info] Got 1 sessions for ...
2025-06-03 20:25:10.008 [info] Getting sessions for all scopes...
2025-06-03 20:25:10.008 [info] Got 1 sessions for ...
2025-06-03 20:25:10.008 [info] Getting sessions for all scopes...
2025-06-03 20:25:10.008 [info] Got 1 sessions for ...
2025-06-03 20:25:10.008 [info] Getting sessions for all scopes...
2025-06-03 20:25:10.008 [info] Got 1 sessions for ...
2025-06-03 20:25:10.008 [info] Getting sessions for all scopes...
2025-06-03 20:25:10.008 [info] Got 1 sessions for ...
2025-06-03 20:25:10.008 [info] Getting sessions for all scopes...
2025-06-03 20:25:10.008 [info] Got 1 sessions for ...
2025-06-03 20:25:10.008 [info] Getting sessions for all scopes...
2025-06-03 20:25:10.008 [info] Got 1 sessions for ...
2025-06-03 20:25:11.533 [info] Getting sessions for all scopes...
2025-06-03 20:25:11.533 [info] Got 1 sessions for ...
2025-06-03 20:25:22.785 [info] Reading sessions from keychain...
2025-06-03 20:25:22.785 [info] Getting sessions for all scopes...
2025-06-03 20:25:22.785 [info] Getting sessions for all scopes...
2025-06-03 20:25:22.785 [info] Getting sessions for all scopes...
2025-06-03 20:25:22.785 [info] Getting sessions for all scopes...
2025-06-03 20:25:22.785 [info] Getting sessions for all scopes...
2025-06-03 20:25:22.785 [info] Getting sessions for all scopes...
2025-06-03 20:25:22.785 [info] Getting sessions for all scopes...
2025-06-03 20:25:22.830 [info] Got stored sessions!
2025-06-03 20:25:22.830 [info] Got 1 verified sessions.
2025-06-03 20:25:22.830 [info] Got 1 sessions for ...
2025-06-03 20:25:22.830 [info] Got 1 sessions for ...
2025-06-03 20:25:22.830 [info] Got 1 sessions for ...
2025-06-03 20:25:22.830 [info] Got 1 sessions for ...
2025-06-03 20:25:22.830 [info] Got 1 sessions for ...
2025-06-03 20:25:22.830 [info] Got 1 sessions for ...
2025-06-03 20:25:22.830 [info] Got 1 sessions for ...
2025-06-03 20:25:23.014 [info] Getting sessions for all scopes...
2025-06-03 20:25:23.014 [info] Got 1 sessions for ...
2025-06-03 20:25:23.035 [info] Getting sessions for all scopes...
2025-06-03 20:25:23.035 [info] Got 1 sessions for ...
2025-06-03 20:25:23.040 [info] Getting sessions for all scopes...
2025-06-03 20:25:23.040 [info] Got 1 sessions for ...
2025-06-03 20:25:23.040 [info] Getting sessions for all scopes...
2025-06-03 20:25:23.040 [info] Got 1 sessions for ...
2025-06-03 20:25:23.040 [info] Getting sessions for all scopes...
2025-06-03 20:25:23.040 [info] Got 1 sessions for ...
2025-06-03 20:25:23.040 [info] Getting sessions for all scopes...
2025-06-03 20:25:23.040 [info] Got 1 sessions for ...
2025-06-03 20:25:23.313 [info] Getting sessions for all scopes...
2025-06-03 20:25:23.313 [info] Got 1 sessions for ...
2025-06-03 20:25:23.508 [info] Getting sessions for all scopes...
2025-06-03 20:25:23.508 [info] Got 1 sessions for ...
2025-06-03 20:25:23.738 [info] Getting sessions for read:user,repo,user:email,workflow...
2025-06-03 20:25:23.738 [info] Got 1 sessions for read:user,repo,user:email,workflow...
2025-06-03 20:25:24.316 [info] Getting sessions for all scopes...
2025-06-03 20:25:24.316 [info] Got 1 sessions for ...
2025-06-03 20:25:24.374 [info] Getting sessions for read:user,repo,user:email,workflow...
2025-06-03 20:25:24.374 [info] Got 1 sessions for read:user,repo,user:email,workflow...
2025-06-03 20:28:40.744 [info] Getting sessions for read:user,repo,user:email,workflow...
2025-06-03 20:28:40.744 [info] Got 1 sessions for read:user,repo,user:email,workflow...
