2025-06-21 15:58:14.415 [info] [main] Log level: Info
2025-06-21 15:58:14.415 [info] [main] Validating found git in: "git"
2025-06-21 15:58:14.415 [info] [main] Using git "2.43.0" from "git"
2025-06-21 15:58:14.415 [info] [Model][doInitialScan] Initial repository scan started
2025-06-21 15:58:14.415 [info] > git rev-parse --show-toplevel [123ms]
2025-06-21 15:58:14.415 [info] > git rev-parse --git-dir --git-common-dir [31ms]
2025-06-21 15:58:14.415 [info] [Model][openRepository] Opened repository (path): /home/sammy/Desktop/temp/hello-world
2025-06-21 15:58:14.415 [info] [Model][openRepository] Opened repository (real path): /home/sammy/Desktop/temp/hello-world
2025-06-21 15:58:14.415 [info] > git rev-parse --show-toplevel [33ms]
2025-06-21 15:58:14.415 [info] > git config --get commit.template [38ms]
2025-06-21 15:58:14.454 [info] > git rev-parse --show-toplevel [10ms]
2025-06-21 15:58:14.454 [info] > git for-each-ref --format=%(refname)%00%(upstream:short)%00%(objectname)%00%(upstream:track)%00%(upstream:remotename)%00%(upstream:remoteref) refs/heads/b1 refs/remotes/b1 [23ms]
2025-06-21 15:58:14.491 [info] > git status -z -uall [27ms]
2025-06-21 15:58:14.496 [info] > git rev-parse --show-toplevel [6ms]
2025-06-21 15:58:14.496 [info] > git for-each-ref --sort -committerdate --format %(refname)%00%(objectname)%00%(*objectname) [22ms]
2025-06-21 15:58:14.546 [info] > git for-each-ref --format=%(refname)%00%(upstream:short)%00%(objectname)%00%(upstream:track)%00%(upstream:remotename)%00%(upstream:remoteref) refs/heads/b1 refs/remotes/b1 [25ms]
2025-06-21 15:58:14.563 [info] > git config --get --local branch.b1.vscode-merge-base [5ms]
2025-06-21 15:58:14.575 [info] > git config --get commit.template [33ms]
2025-06-21 15:58:14.575 [info] > git rev-parse --show-toplevel [44ms]
2025-06-21 15:58:14.638 [info] > git for-each-ref --format=%(refname)%00%(upstream:short)%00%(objectname)%00%(upstream:track)%00%(upstream:remotename)%00%(upstream:remoteref) refs/heads/origin/main refs/remotes/origin/main [64ms]
2025-06-21 15:58:14.654 [info] > git rev-parse --show-toplevel [31ms]
2025-06-21 15:58:14.664 [info] > git for-each-ref --format=%(refname)%00%(upstream:short)%00%(objectname)%00%(upstream:track)%00%(upstream:remotename)%00%(upstream:remoteref) refs/heads/b1 refs/remotes/b1 [19ms]
2025-06-21 15:58:14.684 [info] > git status -z -uall [11ms]
2025-06-21 15:58:14.686 [info] > git for-each-ref --sort -committerdate --format %(refname)%00%(objectname)%00%(*objectname) [7ms]
2025-06-21 15:58:14.689 [info] > git rev-parse --show-toplevel [26ms]
2025-06-21 15:58:14.717 [info] > git rev-parse --show-toplevel [10ms]
2025-06-21 15:58:14.719 [info] [Model][doInitialScan] Initial repository scan completed - repositories (1), closed repositories (0), parent repositories (0), unsafe repositories (0)
2025-06-21 15:58:14.751 [info] > git show --textconv :stringProblems/isomorphic.cpp [13ms]
2025-06-21 15:58:14.751 [info] > git ls-files --stage -- stringProblems/isomorphic.cpp [3ms]
2025-06-21 15:58:14.762 [info] > git cat-file -s fff193735e1def7dcb86ad28d5608c4f00038938 [2ms]
2025-06-21 15:58:14.908 [info] > git blame --root --incremental 8e5c8ada87051fad61f26a1033c60574e8802e91 -- stringProblems/isomorphic.cpp [45ms]
2025-06-21 15:58:14.928 [info] > git check-ignore -v -z --stdin [2ms]
2025-06-21 16:18:47.628 [info] > git config --get commit.template [1ms]
2025-06-21 16:18:47.634 [info] > git for-each-ref --format=%(refname)%00%(upstream:short)%00%(objectname)%00%(upstream:track)%00%(upstream:remotename)%00%(upstream:remoteref) refs/heads/b1 refs/remotes/b1 [1ms]
2025-06-21 16:18:47.652 [info] > git status -z -uall [11ms]
2025-06-21 16:18:47.652 [info] > git for-each-ref --sort -committerdate --format %(refname)%00%(objectname)%00%(*objectname) [5ms]
2025-06-21 16:18:47.654 [info] > git check-ignore -v -z --stdin [2ms]
2025-06-21 16:19:05.453 [info] > git config --get commit.template [14ms]
2025-06-21 16:19:05.454 [info] > git for-each-ref --format=%(refname)%00%(upstream:short)%00%(objectname)%00%(upstream:track)%00%(upstream:remotename)%00%(upstream:remoteref) refs/heads/b1 refs/remotes/b1 [2ms]
2025-06-21 16:19:05.471 [info] > git status -z -uall [10ms]
2025-06-21 16:19:05.471 [info] > git for-each-ref --sort -committerdate --format %(refname)%00%(objectname)%00%(*objectname) [2ms]
2025-06-21 16:19:08.903 [info] > git check-ignore -v -z --stdin [2ms]
2025-06-21 16:30:30.159 [info] > git log --format=%H%n%aN%n%aE%n%at%n%ct%n%P%n%D%n%B -z --shortstat --diff-merges=first-parent -n50 --skip=0 --topo-order --decorate=full --stdin [61ms]
2025-06-21 16:30:32.066 [info] > git check-ignore -v -z --stdin [1ms]
2025-06-21 16:30:37.072 [info] > git config --get commit.template [7ms]
2025-06-21 16:30:37.073 [info] > git for-each-ref --format=%(refname)%00%(upstream:short)%00%(objectname)%00%(upstream:track)%00%(upstream:remotename)%00%(upstream:remoteref) refs/heads/b1 refs/remotes/b1 [2ms]
2025-06-21 16:30:37.091 [info] > git status -z -uall [9ms]
2025-06-21 16:30:37.092 [info] > git for-each-ref --sort -committerdate --format %(refname)%00%(objectname)%00%(*objectname) [3ms]
2025-06-21 16:30:50.141 [info] > git config --get commit.template [2ms]
2025-06-21 16:30:50.158 [info] > git for-each-ref --format=%(refname)%00%(upstream:short)%00%(objectname)%00%(upstream:track)%00%(upstream:remotename)%00%(upstream:remoteref) refs/heads/b1 refs/remotes/b1 [2ms]
2025-06-21 16:30:50.179 [info] > git status -z -uall [11ms]
2025-06-21 16:30:50.180 [info] > git for-each-ref --sort -committerdate --format %(refname)%00%(objectname)%00%(*objectname) [4ms]
2025-06-21 16:31:03.964 [info] > git config --get commit.template [1ms]
2025-06-21 16:31:03.970 [info] > git for-each-ref --format=%(refname)%00%(upstream:short)%00%(objectname)%00%(upstream:track)%00%(upstream:remotename)%00%(upstream:remoteref) refs/heads/b1 refs/remotes/b1 [1ms]
2025-06-21 16:31:03.987 [info] > git status -z -uall [7ms]
2025-06-21 16:31:03.988 [info] > git for-each-ref --sort -committerdate --format %(refname)%00%(objectname)%00%(*objectname) [2ms]
2025-06-21 16:31:09.002 [info] > git config --get commit.template [6ms]
2025-06-21 16:31:09.002 [info] > git for-each-ref --format=%(refname)%00%(upstream:short)%00%(objectname)%00%(upstream:track)%00%(upstream:remotename)%00%(upstream:remoteref) refs/heads/b1 refs/remotes/b1 [1ms]
2025-06-21 16:31:09.015 [info] > git status -z -uall [6ms]
2025-06-21 16:31:09.015 [info] > git for-each-ref --sort -committerdate --format %(refname)%00%(objectname)%00%(*objectname) [1ms]
2025-06-21 16:31:15.977 [info] > git config --get commit.template [10ms]
2025-06-21 16:31:15.978 [info] > git for-each-ref --format=%(refname)%00%(upstream:short)%00%(objectname)%00%(upstream:track)%00%(upstream:remotename)%00%(upstream:remoteref) refs/heads/b1 refs/remotes/b1 [2ms]
2025-06-21 16:31:15.994 [info] > git status -z -uall [10ms]
2025-06-21 16:31:15.995 [info] > git for-each-ref --sort -committerdate --format %(refname)%00%(objectname)%00%(*objectname) [1ms]
2025-06-21 16:31:28.014 [info] > git config --get commit.template [11ms]
2025-06-21 16:31:28.014 [info] > git for-each-ref --format=%(refname)%00%(upstream:short)%00%(objectname)%00%(upstream:track)%00%(upstream:remotename)%00%(upstream:remoteref) refs/heads/b1 refs/remotes/b1 [1ms]
2025-06-21 16:31:28.030 [info] > git status -z -uall [8ms]
2025-06-21 16:31:28.031 [info] > git for-each-ref --sort -committerdate --format %(refname)%00%(objectname)%00%(*objectname) [1ms]
2025-06-21 16:31:33.045 [info] > git config --get commit.template [7ms]
2025-06-21 16:31:33.045 [info] > git for-each-ref --format=%(refname)%00%(upstream:short)%00%(objectname)%00%(upstream:track)%00%(upstream:remotename)%00%(upstream:remoteref) refs/heads/b1 refs/remotes/b1 [1ms]
2025-06-21 16:31:33.058 [info] > git status -z -uall [6ms]
2025-06-21 16:31:33.058 [info] > git for-each-ref --sort -committerdate --format %(refname)%00%(objectname)%00%(*objectname) [1ms]
2025-06-21 16:31:33.377 [info] > git show --textconv :Stacks-Queues/Stack-Array.cpp [7ms]
2025-06-21 16:31:33.377 [info] > git ls-files --stage -- Stacks-Queues/Stack-Array.cpp [1ms]
2025-06-21 16:31:33.385 [info] > git cat-file -s 4b71d1a2cb54b5d74db864d561aee3593c1a7c1f [1ms]
2025-06-21 16:33:26.268 [info] > git config --get commit.template [12ms]
2025-06-21 16:33:26.269 [info] > git for-each-ref --format=%(refname)%00%(upstream:short)%00%(objectname)%00%(upstream:track)%00%(upstream:remotename)%00%(upstream:remoteref) refs/heads/b1 refs/remotes/b1 [0ms]
2025-06-21 16:33:26.286 [info] > git status -z -uall [11ms]
2025-06-21 16:33:26.286 [info] > git for-each-ref --sort -committerdate --format %(refname)%00%(objectname)%00%(*objectname) [1ms]
2025-06-21 16:33:32.851 [info] > git log --format=%H%n%aN%n%aE%n%at%n%ct%n%P%n%D%n%B -z --shortstat --diff-merges=first-parent -n50 --skip=0 --topo-order --decorate=full --stdin [13ms]
2025-06-21 16:33:33.373 [info] > git check-ignore -v -z --stdin [1ms]
2025-06-21 16:37:43.685 [info] > git show --textconv :LinkedLists/singlyLLL.cpp [11ms]
2025-06-21 16:37:43.686 [info] > git ls-files --stage -- LinkedLists/singlyLLL.cpp [3ms]
2025-06-21 16:37:43.696 [info] > git cat-file -s 5cc561de5d9b32c5c89ba23dfed6cbe68b809718 [1ms]
2025-06-21 16:37:43.723 [info] > git blame --root --incremental 166f04d224e2050506410d2f82c8faed3d35ab9d -- LinkedLists/singlyLLL.cpp [4ms]
2025-06-21 16:40:32.289 [info] > git show --textconv :LinkedLists/singlyLLL.cpp [8ms]
2025-06-21 16:40:32.290 [info] > git ls-files --stage -- LinkedLists/singlyLLL.cpp [1ms]
2025-06-21 16:40:32.300 [info] > git cat-file -s 5cc561de5d9b32c5c89ba23dfed6cbe68b809718 [1ms]
2025-06-21 16:53:39.142 [info] > git show --textconv :Stacks-Queues/Stack-Array.cpp [11ms]
2025-06-21 16:53:39.143 [info] > git ls-files --stage -- Stacks-Queues/Stack-Array.cpp [2ms]
2025-06-21 16:53:39.152 [info] > git cat-file -s 4b71d1a2cb54b5d74db864d561aee3593c1a7c1f [2ms]
2025-06-21 16:53:45.714 [info] > git blame --root --incremental 166f04d224e2050506410d2f82c8faed3d35ab9d -- Stacks-Queues/Stack-Array.cpp [1ms]
2025-06-21 16:54:01.055 [info] > git config --get commit.template [11ms]
2025-06-21 16:54:01.055 [info] > git for-each-ref --format=%(refname)%00%(upstream:short)%00%(objectname)%00%(upstream:track)%00%(upstream:remotename)%00%(upstream:remoteref) refs/heads/b1 refs/remotes/b1 [1ms]
2025-06-21 16:54:01.072 [info] > git status -z -uall [11ms]
2025-06-21 16:54:01.072 [info] > git for-each-ref --sort -committerdate --format %(refname)%00%(objectname)%00%(*objectname) [1ms]
2025-06-21 16:54:06.091 [info] > git config --get commit.template [10ms]
2025-06-21 16:54:06.091 [info] > git for-each-ref --format=%(refname)%00%(upstream:short)%00%(objectname)%00%(upstream:track)%00%(upstream:remotename)%00%(upstream:remoteref) refs/heads/b1 refs/remotes/b1 [1ms]
2025-06-21 16:54:06.106 [info] > git status -z -uall [9ms]
2025-06-21 16:54:06.107 [info] > git for-each-ref --sort -committerdate --format %(refname)%00%(objectname)%00%(*objectname) [1ms]
2025-06-21 16:54:24.340 [info] > git config --get commit.template [6ms]
2025-06-21 16:54:24.341 [info] > git for-each-ref --format=%(refname)%00%(upstream:short)%00%(objectname)%00%(upstream:track)%00%(upstream:remotename)%00%(upstream:remoteref) refs/heads/b1 refs/remotes/b1 [1ms]
2025-06-21 16:54:24.357 [info] > git status -z -uall [7ms]
2025-06-21 16:54:24.358 [info] > git for-each-ref --sort -committerdate --format %(refname)%00%(objectname)%00%(*objectname) [1ms]
2025-06-21 16:54:29.367 [info] > git config --get commit.template [1ms]
2025-06-21 16:54:29.373 [info] > git for-each-ref --format=%(refname)%00%(upstream:short)%00%(objectname)%00%(upstream:track)%00%(upstream:remotename)%00%(upstream:remoteref) refs/heads/b1 refs/remotes/b1 [1ms]
2025-06-21 16:54:29.386 [info] > git status -z -uall [7ms]
2025-06-21 16:54:29.387 [info] > git for-each-ref --sort -committerdate --format %(refname)%00%(objectname)%00%(*objectname) [1ms]
2025-06-21 16:54:29.702 [info] > git show --textconv :Stacks-Queues/Stack-LL.cpp [6ms]
2025-06-21 16:54:29.703 [info] > git ls-files --stage -- Stacks-Queues/Stack-LL.cpp [1ms]
2025-06-21 16:54:29.710 [info] > git cat-file -s 0814f1d87eadcfc209ab52ec9b34e860a8ecb20c [1ms]
2025-06-21 16:54:29.726 [info] > git blame --root --incremental 90e6744f8c244b3e8e7820e16a975a34b5d77464 -- Stacks-Queues/Stack-LL.cpp [1ms]
2025-06-21 17:00:42.942 [info] > git config --get commit.template [11ms]
2025-06-21 17:00:42.943 [info] > git for-each-ref --format=%(refname)%00%(upstream:short)%00%(objectname)%00%(upstream:track)%00%(upstream:remotename)%00%(upstream:remoteref) refs/heads/b1 refs/remotes/b1 [2ms]
2025-06-21 17:00:42.960 [info] > git status -z -uall [10ms]
2025-06-21 17:00:42.962 [info] > git for-each-ref --sort -committerdate --format %(refname)%00%(objectname)%00%(*objectname) [2ms]
2025-06-21 17:00:46.001 [info] > git ls-files --stage -- Stacks-Queues/Stack-LL.cpp [1ms]
2025-06-21 17:00:46.009 [info] > git cat-file -s f569feeef98eb47b8168b426dc77ca06c4f34fdb [1ms]
2025-06-21 17:00:46.018 [info] > git show --textconv :Stacks-Queues/Stack-LL.cpp [2ms]
2025-06-21 17:00:47.982 [info] > git config --get commit.template [9ms]
2025-06-21 17:00:47.983 [info] > git for-each-ref --format=%(refname)%00%(upstream:short)%00%(objectname)%00%(upstream:track)%00%(upstream:remotename)%00%(upstream:remoteref) refs/heads/b1 refs/remotes/b1 [2ms]
2025-06-21 17:00:47.998 [info] > git status -z -uall [8ms]
2025-06-21 17:00:47.999 [info] > git for-each-ref --sort -committerdate --format %(refname)%00%(objectname)%00%(*objectname) [2ms]
2025-06-21 17:00:48.011 [info] > git blame --root --incremental 9f3c4fff57a550cd132ac811a281bb27d044539b -- Stacks-Queues/Stack-LL.cpp [2ms]
2025-06-21 17:03:53.067 [info] > git config --get commit.template [9ms]
2025-06-21 17:03:53.067 [info] > git for-each-ref --format=%(refname)%00%(upstream:short)%00%(objectname)%00%(upstream:track)%00%(upstream:remotename)%00%(upstream:remoteref) refs/heads/b1 refs/remotes/b1 [1ms]
2025-06-21 17:03:53.084 [info] > git status -z -uall [11ms]
2025-06-21 17:03:53.085 [info] > git for-each-ref --sort -committerdate --format %(refname)%00%(objectname)%00%(*objectname) [2ms]
2025-06-21 17:04:02.770 [info] > git config --get commit.template [1ms]
2025-06-21 17:04:02.780 [info] > git for-each-ref --format=%(refname)%00%(upstream:short)%00%(objectname)%00%(upstream:track)%00%(upstream:remotename)%00%(upstream:remoteref) refs/heads/b1 refs/remotes/b1 [1ms]
2025-06-21 17:04:02.798 [info] > git status -z -uall [11ms]
2025-06-21 17:04:02.799 [info] > git for-each-ref --sort -committerdate --format %(refname)%00%(objectname)%00%(*objectname) [1ms]
2025-06-21 17:04:08.858 [info] > git config --get commit.template [8ms]
2025-06-21 17:04:08.858 [info] > git for-each-ref --format=%(refname)%00%(upstream:short)%00%(objectname)%00%(upstream:track)%00%(upstream:remotename)%00%(upstream:remoteref) refs/heads/b1 refs/remotes/b1 [1ms]
2025-06-21 17:04:08.874 [info] > git status -z -uall [8ms]
2025-06-21 17:04:08.875 [info] > git for-each-ref --sort -committerdate --format %(refname)%00%(objectname)%00%(*objectname) [2ms]
2025-06-21 17:04:10.686 [info] > git ls-files --stage -- Stacks-Queues/Stack-LL.cpp [1ms]
2025-06-21 17:04:10.693 [info] > git cat-file -s 18c2ea6215ef7e727bd1b87171889a2febe81ec2 [1ms]
2025-06-21 17:04:10.700 [info] > git show --textconv :Stacks-Queues/Stack-LL.cpp [1ms]
2025-06-21 17:04:13.892 [info] > git config --get commit.template [7ms]
2025-06-21 17:04:13.892 [info] > git for-each-ref --format=%(refname)%00%(upstream:short)%00%(objectname)%00%(upstream:track)%00%(upstream:remotename)%00%(upstream:remoteref) refs/heads/b1 refs/remotes/b1 [0ms]
2025-06-21 17:04:13.903 [info] > git status -z -uall [5ms]
2025-06-21 17:04:13.904 [info] > git for-each-ref --sort -committerdate --format %(refname)%00%(objectname)%00%(*objectname) [1ms]
2025-06-21 17:04:13.915 [info] > git blame --root --incremental 5a147ec8deb404c61b16a9fc4d58f02de7bc1da1 -- Stacks-Queues/Stack-LL.cpp [2ms]
2025-06-21 17:26:00.468 [info] > git show --textconv :Stacks-Queues/Stack-Array.cpp [8ms]
2025-06-21 17:26:00.468 [info] > git ls-files --stage -- Stacks-Queues/Stack-Array.cpp [1ms]
2025-06-21 17:26:00.478 [info] > git cat-file -s 4b71d1a2cb54b5d74db864d561aee3593c1a7c1f [1ms]
2025-06-21 17:26:00.498 [info] > git blame --root --incremental 5a147ec8deb404c61b16a9fc4d58f02de7bc1da1 -- Stacks-Queues/Stack-Array.cpp [2ms]
2025-06-21 17:26:10.614 [info] > git config --get commit.template [8ms]
2025-06-21 17:26:10.614 [info] > git for-each-ref --format=%(refname)%00%(upstream:short)%00%(objectname)%00%(upstream:track)%00%(upstream:remotename)%00%(upstream:remoteref) refs/heads/b1 refs/remotes/b1 [1ms]
2025-06-21 17:26:10.638 [info] > git status -z -uall [10ms]
2025-06-21 17:26:10.638 [info] > git for-each-ref --sort -committerdate --format %(refname)%00%(objectname)%00%(*objectname) [1ms]
2025-06-21 17:26:17.445 [info] > git config --get commit.template [8ms]
2025-06-21 17:26:17.445 [info] > git for-each-ref --format=%(refname)%00%(upstream:short)%00%(objectname)%00%(upstream:track)%00%(upstream:remotename)%00%(upstream:remoteref) refs/heads/b1 refs/remotes/b1 [1ms]
2025-06-21 17:26:17.462 [info] > git status -z -uall [6ms]
2025-06-21 17:26:17.463 [info] > git for-each-ref --sort -committerdate --format %(refname)%00%(objectname)%00%(*objectname) [1ms]
2025-06-21 17:26:26.831 [info] > git config --get commit.template [7ms]
2025-06-21 17:26:26.831 [info] > git for-each-ref --format=%(refname)%00%(upstream:short)%00%(objectname)%00%(upstream:track)%00%(upstream:remotename)%00%(upstream:remoteref) refs/heads/b1 refs/remotes/b1 [1ms]
2025-06-21 17:26:26.846 [info] > git status -z -uall [8ms]
2025-06-21 17:26:26.847 [info] > git for-each-ref --sort -committerdate --format %(refname)%00%(objectname)%00%(*objectname) [2ms]
2025-06-21 17:26:30.232 [info] > git ls-files --stage -- Stacks-Queues/Stack-Array.cpp [1ms]
2025-06-21 17:26:30.238 [info] > git cat-file -s 817dacf2105d2c3c94ab7801c32850a18963f847 [1ms]
2025-06-21 17:26:30.246 [info] > git show --textconv :Stacks-Queues/Stack-Array.cpp [1ms]
2025-06-21 17:26:31.861 [info] > git config --get commit.template [6ms]
2025-06-21 17:26:31.861 [info] > git for-each-ref --format=%(refname)%00%(upstream:short)%00%(objectname)%00%(upstream:track)%00%(upstream:remotename)%00%(upstream:remoteref) refs/heads/b1 refs/remotes/b1 [1ms]
2025-06-21 17:26:31.873 [info] > git status -z -uall [6ms]
2025-06-21 17:26:31.874 [info] > git for-each-ref --sort -committerdate --format %(refname)%00%(objectname)%00%(*objectname) [2ms]
2025-06-21 17:26:31.887 [info] > git blame --root --incremental 3c0f7070ca985dcc2a2e2b116c191b8962868a31 -- Stacks-Queues/Stack-Array.cpp [2ms]
2025-06-21 18:51:33.194 [info] > git config --get commit.template [6ms]
2025-06-21 18:51:33.204 [info] > git for-each-ref --format=%(refname)%00%(upstream:short)%00%(objectname)%00%(upstream:track)%00%(upstream:remotename)%00%(upstream:remoteref) refs/heads/b1 refs/remotes/b1 [11ms]
2025-06-21 18:51:33.224 [info] > git check-ignore -v -z --stdin [20ms]
2025-06-21 18:51:33.224 [info] > git status -z -uall [12ms]
2025-06-21 18:51:33.224 [info] > git for-each-ref --sort -committerdate --format %(refname)%00%(objectname)%00%(*objectname) [1ms]
2025-06-21 18:59:08.250 [info] > git for-each-ref --format=%(refname)%00%(upstream:short)%00%(objectname)%00%(upstream:track)%00%(upstream:remotename)%00%(upstream:remoteref) refs/heads/b1 refs/remotes/b1 [1ms]
2025-06-21 18:59:08.251 [info] > git config --get commit.template [10ms]
2025-06-21 18:59:08.268 [info] > git status -z -uall [7ms]
2025-06-21 18:59:08.269 [info] > git for-each-ref --sort -committerdate --format %(refname)%00%(objectname)%00%(*objectname) [2ms]
2025-06-21 18:59:19.911 [info] > git config --get commit.template [13ms]
2025-06-21 18:59:19.911 [info] > git for-each-ref --format=%(refname)%00%(upstream:short)%00%(objectname)%00%(upstream:track)%00%(upstream:remotename)%00%(upstream:remoteref) refs/heads/b1 refs/remotes/b1 [1ms]
2025-06-21 18:59:19.929 [info] > git status -z -uall [9ms]
2025-06-21 18:59:19.930 [info] > git for-each-ref --sort -committerdate --format %(refname)%00%(objectname)%00%(*objectname) [1ms]
2025-06-21 18:59:40.981 [info] > git config --get commit.template [7ms]
2025-06-21 18:59:40.982 [info] > git for-each-ref --format=%(refname)%00%(upstream:short)%00%(objectname)%00%(upstream:track)%00%(upstream:remotename)%00%(upstream:remoteref) refs/heads/b1 refs/remotes/b1 [2ms]
2025-06-21 18:59:40.999 [info] > git status -z -uall [8ms]
2025-06-21 18:59:41.000 [info] > git for-each-ref --sort -committerdate --format %(refname)%00%(objectname)%00%(*objectname) [3ms]
2025-06-21 18:59:46.016 [info] > git config --get commit.template [7ms]
2025-06-21 18:59:46.017 [info] > git for-each-ref --format=%(refname)%00%(upstream:short)%00%(objectname)%00%(upstream:track)%00%(upstream:remotename)%00%(upstream:remoteref) refs/heads/b1 refs/remotes/b1 [1ms]
2025-06-21 18:59:46.029 [info] > git status -z -uall [6ms]
2025-06-21 18:59:46.030 [info] > git for-each-ref --sort -committerdate --format %(refname)%00%(objectname)%00%(*objectname) [1ms]
2025-06-21 18:59:46.348 [info] > git show --textconv :Stacks-Queues/Queue-Array.cpp [7ms]
2025-06-21 18:59:46.348 [info] > git ls-files --stage -- Stacks-Queues/Queue-Array.cpp [2ms]
2025-06-21 18:59:46.356 [info] > git cat-file -s a95f6c09a86dfdd8d0cdd9ab6066e5d82b2ed60a [1ms]
2025-06-21 18:59:46.371 [info] > git blame --root --incremental 98624a62424cddbb81d056f4173099884deebcd5 -- Stacks-Queues/Queue-Array.cpp [1ms]
2025-06-21 19:02:47.434 [info] > git config --get commit.template [11ms]
2025-06-21 19:02:47.435 [info] > git for-each-ref --format=%(refname)%00%(upstream:short)%00%(objectname)%00%(upstream:track)%00%(upstream:remotename)%00%(upstream:remoteref) refs/heads/b1 refs/remotes/b1 [1ms]
2025-06-21 19:02:47.455 [info] > git status -z -uall [12ms]
2025-06-21 19:02:47.455 [info] > git for-each-ref --sort -committerdate --format %(refname)%00%(objectname)%00%(*objectname) [2ms]
2025-06-21 19:02:48.946 [info] > git log --format=%H%n%aN%n%aE%n%at%n%ct%n%P%n%D%n%B -z --shortstat --diff-merges=first-parent -n50 --skip=0 --topo-order --decorate=full --stdin [10ms]
2025-06-21 19:02:49.463 [info] > git check-ignore -v -z --stdin [2ms]
2025-06-21 19:09:09.376 [info] > git show --textconv :Stacks-Queues/Queue-Array.cpp [12ms]
2025-06-21 19:09:09.377 [info] > git ls-files --stage -- Stacks-Queues/Queue-Array.cpp [2ms]
2025-06-21 19:09:09.388 [info] > git cat-file -s a95f6c09a86dfdd8d0cdd9ab6066e5d82b2ed60a [1ms]
2025-06-21 19:09:21.632 [info] > git config --get commit.template [1ms]
2025-06-21 19:09:21.641 [info] > git for-each-ref --format=%(refname)%00%(upstream:short)%00%(objectname)%00%(upstream:track)%00%(upstream:remotename)%00%(upstream:remoteref) refs/heads/b1 refs/remotes/b1 [1ms]
2025-06-21 19:09:21.656 [info] > git status -z -uall [9ms]
2025-06-21 19:09:21.657 [info] > git for-each-ref --sort -committerdate --format %(refname)%00%(objectname)%00%(*objectname) [1ms]
2025-06-21 19:09:27.560 [info] > git config --get commit.template [8ms]
2025-06-21 19:09:27.561 [info] > git for-each-ref --format=%(refname)%00%(upstream:short)%00%(objectname)%00%(upstream:track)%00%(upstream:remotename)%00%(upstream:remoteref) refs/heads/b1 refs/remotes/b1 [1ms]
2025-06-21 19:09:27.592 [info] > git status -z -uall [19ms]
2025-06-21 19:09:27.592 [info] > git for-each-ref --sort -committerdate --format %(refname)%00%(objectname)%00%(*objectname) [2ms]
2025-06-21 19:10:40.885 [info] > git config --get commit.template [12ms]
2025-06-21 19:10:40.886 [info] > git for-each-ref --format=%(refname)%00%(upstream:short)%00%(objectname)%00%(upstream:track)%00%(upstream:remotename)%00%(upstream:remoteref) refs/heads/b1 refs/remotes/b1 [1ms]
2025-06-21 19:10:40.901 [info] > git status -z -uall [9ms]
2025-06-21 19:10:40.902 [info] > git for-each-ref --sort -committerdate --format %(refname)%00%(objectname)%00%(*objectname) [1ms]
2025-06-21 19:11:29.449 [info] > git config --get commit.template [12ms]
2025-06-21 19:11:29.449 [info] > git for-each-ref --format=%(refname)%00%(upstream:short)%00%(objectname)%00%(upstream:track)%00%(upstream:remotename)%00%(upstream:remoteref) refs/heads/b1 refs/remotes/b1 [1ms]
2025-06-21 19:11:29.466 [info] > git status -z -uall [11ms]
2025-06-21 19:11:29.467 [info] > git for-each-ref --sort -committerdate --format %(refname)%00%(objectname)%00%(*objectname) [1ms]
2025-06-21 19:11:34.483 [info] > git config --get commit.template [7ms]
2025-06-21 19:11:34.483 [info] > git for-each-ref --format=%(refname)%00%(upstream:short)%00%(objectname)%00%(upstream:track)%00%(upstream:remotename)%00%(upstream:remoteref) refs/heads/b1 refs/remotes/b1 [0ms]
2025-06-21 19:11:34.496 [info] > git status -z -uall [6ms]
2025-06-21 19:11:34.497 [info] > git for-each-ref --sort -committerdate --format %(refname)%00%(objectname)%00%(*objectname) [1ms]
2025-06-21 19:11:44.128 [info] > git config --get commit.template [9ms]
2025-06-21 19:11:44.128 [info] > git for-each-ref --format=%(refname)%00%(upstream:short)%00%(objectname)%00%(upstream:track)%00%(upstream:remotename)%00%(upstream:remoteref) refs/heads/b1 refs/remotes/b1 [1ms]
2025-06-21 19:11:44.146 [info] > git status -z -uall [11ms]
2025-06-21 19:11:44.147 [info] > git for-each-ref --sort -committerdate --format %(refname)%00%(objectname)%00%(*objectname) [2ms]
2025-06-21 19:11:49.160 [info] > git config --get commit.template [6ms]
2025-06-21 19:11:49.161 [info] > git for-each-ref --format=%(refname)%00%(upstream:short)%00%(objectname)%00%(upstream:track)%00%(upstream:remotename)%00%(upstream:remoteref) refs/heads/b1 refs/remotes/b1 [1ms]
2025-06-21 19:11:49.175 [info] > git status -z -uall [8ms]
2025-06-21 19:11:49.176 [info] > git for-each-ref --sort -committerdate --format %(refname)%00%(objectname)%00%(*objectname) [1ms]
2025-06-21 19:11:49.492 [info] > git show --textconv :Stacks-Queues/Queue-LL.cpp [6ms]
2025-06-21 19:11:49.493 [info] > git ls-files --stage -- Stacks-Queues/Queue-LL.cpp [1ms]
2025-06-21 19:11:49.499 [info] > git cat-file -s 9c5e8487214cad059721f4615dd00c6e858c6dd2 [1ms]
2025-06-21 19:11:49.515 [info] > git blame --root --incremental e02a7bc82119cca1ae8f4fc399ee934fa34f659b -- Stacks-Queues/Queue-LL.cpp [2ms]
2025-06-21 19:27:31.792 [info] > git show --textconv :Stacks-Queues/Stack-LL.cpp [11ms]
2025-06-21 19:27:31.793 [info] > git ls-files --stage -- Stacks-Queues/Stack-LL.cpp [2ms]
2025-06-21 19:27:31.800 [info] > git cat-file -s 18c2ea6215ef7e727bd1b87171889a2febe81ec2 [0ms]
2025-06-21 19:27:31.824 [info] > git blame --root --incremental e02a7bc82119cca1ae8f4fc399ee934fa34f659b -- Stacks-Queues/Stack-LL.cpp [3ms]
2025-06-21 19:36:46.055 [info] > git show --textconv :stringProblems/longestSubStrNoRpt.cpp [12ms]
2025-06-21 19:36:46.056 [info] > git ls-files --stage -- stringProblems/longestSubStrNoRpt.cpp [1ms]
2025-06-21 19:36:46.067 [info] > git cat-file -s 13a94011f984c4230e2059334ee2b070e983c231 [1ms]
2025-06-21 19:36:46.088 [info] > git blame --root --incremental e02a7bc82119cca1ae8f4fc399ee934fa34f659b -- stringProblems/longestSubStrNoRpt.cpp [2ms]
2025-06-21 19:37:37.705 [info] > git show --textconv :Stacks-Queues/Queue-LL.cpp [10ms]
2025-06-21 19:37:37.706 [info] > git ls-files --stage -- Stacks-Queues/Queue-LL.cpp [2ms]
2025-06-21 19:37:37.716 [info] > git cat-file -s 9c5e8487214cad059721f4615dd00c6e858c6dd2 [1ms]
2025-06-21 20:00:43.858 [info] > git show --textconv :stringProblems/isomorphic.cpp [13ms]
2025-06-21 20:00:43.859 [info] > git ls-files --stage -- stringProblems/isomorphic.cpp [1ms]
2025-06-21 20:00:43.873 [info] > git cat-file -s fff193735e1def7dcb86ad28d5608c4f00038938 [3ms]
2025-06-21 20:00:43.896 [info] > git blame --root --incremental e02a7bc82119cca1ae8f4fc399ee934fa34f659b -- stringProblems/isomorphic.cpp [3ms]
2025-06-21 20:00:46.139 [info] > git show --textconv :stringProblems/intToRoman.cpp [9ms]
2025-06-21 20:00:46.142 [info] > git ls-files --stage -- stringProblems/intToRoman.cpp [3ms]
2025-06-21 20:00:46.152 [info] > git cat-file -s 182a208cc0f7f6117f1b3fb75d8f26dc984d5e85 [2ms]
2025-06-21 20:01:09.383 [info] > git show --textconv :Stacks-Queues/Queue-LL.cpp [8ms]
2025-06-21 20:01:09.384 [info] > git ls-files --stage -- Stacks-Queues/Queue-LL.cpp [1ms]
2025-06-21 20:01:09.393 [info] > git cat-file -s 9c5e8487214cad059721f4615dd00c6e858c6dd2 [1ms]
2025-06-21 20:01:39.473 [info] > git show --textconv :Stacks-Queues/Stack-Array.cpp [42ms]
2025-06-21 20:01:39.473 [info] > git ls-files --stage -- Stacks-Queues/Stack-Array.cpp [4ms]
2025-06-21 20:01:39.489 [info] > git cat-file -s 817dacf2105d2c3c94ab7801c32850a18963f847 [1ms]
2025-06-21 20:01:40.597 [info] > git blame --root --incremental e02a7bc82119cca1ae8f4fc399ee934fa34f659b -- Stacks-Queues/Stack-Array.cpp [2ms]
2025-06-21 20:01:48.315 [info] > git show --textconv :Stacks-Queues/Queue-LL.cpp [8ms]
2025-06-21 20:01:48.317 [info] > git ls-files --stage -- Stacks-Queues/Queue-LL.cpp [2ms]
2025-06-21 20:01:48.326 [info] > git cat-file -s 9c5e8487214cad059721f4615dd00c6e858c6dd2 [0ms]
2025-06-21 20:07:27.851 [info] > git show --textconv :Stacks-Queues/Stack-LL.cpp [9ms]
2025-06-21 20:07:27.852 [info] > git ls-files --stage -- Stacks-Queues/Stack-LL.cpp [2ms]
2025-06-21 20:07:27.858 [info] > git cat-file -s 18c2ea6215ef7e727bd1b87171889a2febe81ec2 [1ms]
