2025-06-05 19:05:29.934 [info] Reading sessions from keychain...
2025-06-05 19:05:29.934 [info] Getting sessions for all scopes...
2025-06-05 19:05:29.934 [info] Getting sessions for all scopes...
2025-06-05 19:05:29.934 [info] Getting sessions for all scopes...
2025-06-05 19:05:29.934 [info] Getting sessions for all scopes...
2025-06-05 19:05:29.934 [info] Getting sessions for all scopes...
2025-06-05 19:05:29.934 [info] Getting sessions for all scopes...
2025-06-05 19:05:29.934 [info] Getting sessions for all scopes...
2025-06-05 19:05:29.934 [info] Getting sessions for all scopes...
2025-06-05 19:05:29.934 [info] Got stored sessions!
2025-06-05 19:05:29.934 [info] Got 1 verified sessions.
2025-06-05 19:05:29.934 [info] Got 1 sessions for ...
2025-06-05 19:05:29.934 [info] Got 1 sessions for ...
2025-06-05 19:05:29.934 [info] Got 1 sessions for ...
2025-06-05 19:05:29.934 [info] Got 1 sessions for ...
2025-06-05 19:05:29.934 [info] Got 1 sessions for ...
2025-06-05 19:05:29.934 [info] Got 1 sessions for ...
2025-06-05 19:05:29.934 [info] Got 1 sessions for ...
2025-06-05 19:05:29.934 [info] Got 1 sessions for ...
2025-06-05 19:05:29.934 [info] Getting sessions for all scopes...
2025-06-05 19:05:29.934 [info] Got 1 sessions for ...
2025-06-05 19:05:29.934 [info] Getting sessions for all scopes...
2025-06-05 19:05:29.934 [info] Got 1 sessions for ...
2025-06-05 19:05:29.934 [info] Getting sessions for all scopes...
2025-06-05 19:05:29.934 [info] Got 1 sessions for ...
2025-06-05 19:05:29.934 [info] Getting sessions for all scopes...
2025-06-05 19:05:29.934 [info] Got 1 sessions for ...
2025-06-05 19:05:29.934 [info] Getting sessions for all scopes...
2025-06-05 19:05:29.934 [info] Got 1 sessions for ...
2025-06-05 19:05:29.934 [info] Getting sessions for all scopes...
2025-06-05 19:05:29.934 [info] Got 1 sessions for ...
2025-06-05 19:05:29.934 [info] Getting sessions for all scopes...
2025-06-05 19:05:29.934 [info] Got 1 sessions for ...
2025-06-05 19:05:30.534 [info] Getting sessions for all scopes...
2025-06-05 19:05:30.534 [info] Got 1 sessions for ...
2025-06-05 19:05:30.708 [info] Getting sessions for read:user,repo,user:email,workflow...
2025-06-05 19:05:30.708 [info] Got 1 sessions for read:user,repo,user:email,workflow...
2025-06-05 19:05:31.597 [info] Getting sessions for read:user,repo,user:email,workflow...
2025-06-05 19:05:31.597 [info] Got 1 sessions for read:user,repo,user:email,workflow...
