2025-06-11 13:16:19.181 [info] Reading sessions from keychain...
2025-06-11 13:16:19.181 [info] Getting sessions for all scopes...
2025-06-11 13:16:19.181 [info] Getting sessions for all scopes...
2025-06-11 13:16:19.181 [info] Getting sessions for all scopes...
2025-06-11 13:16:19.181 [info] Getting sessions for all scopes...
2025-06-11 13:16:19.181 [info] Getting sessions for all scopes...
2025-06-11 13:16:19.181 [info] Getting sessions for all scopes...
2025-06-11 13:16:19.181 [info] Getting sessions for all scopes...
2025-06-11 13:16:19.287 [info] Got stored sessions!
2025-06-11 13:16:19.287 [info] Got 1 verified sessions.
2025-06-11 13:16:19.288 [info] Got 1 sessions for ...
2025-06-11 13:16:19.288 [info] Got 1 sessions for ...
2025-06-11 13:16:19.288 [info] Got 1 sessions for ...
2025-06-11 13:16:19.288 [info] Got 1 sessions for ...
2025-06-11 13:16:19.288 [info] Got 1 sessions for ...
2025-06-11 13:16:19.288 [info] Got 1 sessions for ...
2025-06-11 13:16:19.288 [info] Got 1 sessions for ...
2025-06-11 13:16:19.298 [info] Getting sessions for all scopes...
2025-06-11 13:16:19.298 [info] Got 1 sessions for ...
2025-06-11 13:16:19.298 [info] Getting sessions for all scopes...
2025-06-11 13:16:19.298 [info] Got 1 sessions for ...
2025-06-11 13:16:19.299 [info] Getting sessions for all scopes...
2025-06-11 13:16:19.299 [info] Got 1 sessions for ...
2025-06-11 13:16:19.300 [info] Getting sessions for all scopes...
2025-06-11 13:16:19.300 [info] Got 1 sessions for ...
2025-06-11 13:16:19.300 [info] Getting sessions for all scopes...
2025-06-11 13:16:19.300 [info] Got 1 sessions for ...
2025-06-11 13:16:19.300 [info] Getting sessions for all scopes...
2025-06-11 13:16:19.300 [info] Got 1 sessions for ...
2025-06-11 13:16:19.443 [info] Getting sessions for all scopes...
2025-06-11 13:16:19.443 [info] Got 1 sessions for ...
2025-06-11 13:16:19.985 [info] Getting sessions for all scopes...
2025-06-11 13:16:19.985 [info] Got 1 sessions for ...
2025-06-11 13:16:20.403 [info] Getting sessions for read:user,repo,user:email,workflow...
2025-06-11 13:16:20.403 [info] Got 1 sessions for read:user,repo,user:email,workflow...
2025-06-11 13:16:20.481 [info] Getting sessions for all scopes...
2025-06-11 13:16:20.481 [info] Got 1 sessions for ...
2025-06-11 13:16:21.376 [info] Getting sessions for read:user,repo,user:email,workflow...
2025-06-11 13:16:21.376 [info] Got 1 sessions for read:user,repo,user:email,workflow...
2025-06-11 17:22:42.699 [info] Getting sessions for read:user,repo,user:email,workflow...
2025-06-11 17:22:42.699 [info] Got 1 sessions for read:user,repo,user:email,workflow...
