2025-06-14 12:55:23.355 [info] Extension host with pid 3236 started
2025-06-14 12:55:23.355 [info] Skipping acquiring lock for /home/sammy/.config/Code/User/workspaceStorage/dd918b45ff2846cfdfc8919a1dd5fea0.
2025-06-14 12:55:23.662 [info] ExtensionService#_doActivateExtension vscode.github-authentication, startup: false, activationEvent: 'onAuthenticationRequest:github'
2025-06-14 12:55:23.696 [info] ExtensionService#_doActivateExtension vscode.emmet, startup: false, activationEvent: 'onLanguage'
2025-06-14 12:55:23.721 [info] ExtensionService#_doActivateExtension ms-vscode.cpptools, startup: false, activationEvent: 'onLanguage:cpp'
2025-06-14 12:55:24.370 [info] ExtensionService#_doActivateExtension vscode.git-base, startup: true, activationEvent: '*', root cause: vscode.git
2025-06-14 12:55:24.442 [info] ExtensionService#_doActivateExtension vscode.git, startup: true, activationEvent: '*'
2025-06-14 12:55:24.504 [info] ExtensionService#_doActivateExtension vscode.github, startup: true, activationEvent: '*'
2025-06-14 12:55:24.787 [info] ExtensionService#_doActivateExtension Oracle.oracle-java, startup: true, activationEvent: 'workspaceContains:**/*.java'
2025-06-14 12:55:25.141 [info] Eager extensions activated
2025-06-14 12:55:25.166 [info] ExtensionService#_doActivateExtension vscode.configuration-editing, startup: false, activationEvent: 'onLanguage:jsonc'
2025-06-14 12:55:25.177 [info] ExtensionService#_doActivateExtension vscode.json-language-features, startup: false, activationEvent: 'onLanguage:jsonc'
2025-06-14 12:55:25.272 [info] ExtensionService#_doActivateExtension vscode.typescript-language-features, startup: false, activationEvent: 'onLanguage:jsonc'
2025-06-14 12:55:25.398 [info] ExtensionService#_doActivateExtension vscode.debug-auto-launch, startup: false, activationEvent: 'onStartupFinished'
2025-06-14 12:55:25.403 [info] ExtensionService#_doActivateExtension vscode.merge-conflict, startup: false, activationEvent: 'onStartupFinished'
2025-06-14 13:04:35.439 [info] ExtensionService#_doActivateExtension ms-vscode.js-debug, startup: false, activationEvent: 'onDebugDynamicConfigurations'
2025-06-14 13:04:38.619 [info] ExtensionService#_doActivateExtension vscode.debug-server-ready, startup: false, activationEvent: 'onDebugResolve'
2025-06-14 13:29:30.963 [info] ExtensionService#_doActivateExtension vscode.npm, startup: false, activationEvent: 'onTerminalQuickFixRequest:ms-vscode.npm-command'
2025-06-14 13:46:21.408 [warning] ms-vscode.cpptools - Code actions of kind 'quickfix' requested but returned code action is of kind 'refactor.extract.function'. Code action will be dropped. Please check 'CodeActionContext.only' to only return requested code actions.
2025-06-14 14:37:35.709 [info] Extension host terminating: renderer closed the MessagePort
2025-06-14 14:37:35.837 [error] Error: Channel has been closed
	at n (file:///usr/share/code/resources/app/out/vs/workbench/api/node/extensionHostProcess.js:127:2816)
	at Object.info (file:///usr/share/code/resources/app/out/vs/workbench/api/node/extensionHostProcess.js:127:3161)
	at T.info (/usr/share/code/resources/app/extensions/json-language-features/client/dist/node/jsonClientMain.js:2:291132)
	at ChildProcess.<anonymous> (/usr/share/code/resources/app/extensions/json-language-features/client/dist/node/jsonClientMain.js:2:514808)
	at ChildProcess.emit (node:events:518:28)
	at ChildProcess._handle.onexit (node:internal/child_process:293:12)
2025-06-14 14:37:36.135 [error] Error: Pending response rejected since connection got disposed
	at Object.dispose (/home/sammy/.vscode/extensions/oracle.oracle-java-24.0.0/node_modules/vscode-jsonrpc/lib/common/connection.js:1167:27)
	at Object.dispose (/home/sammy/.vscode/extensions/oracle.oracle-java-24.0.0/node_modules/vscode-languageclient/lib/common/client.js:1586:35)
	at NbLanguageClient.handleConnectionClosed (/home/sammy/.vscode/extensions/oracle.oracle-java-24.0.0/node_modules/vscode-languageclient/lib/common/client.js:1155:34)
	at NbLanguageClient.handleConnectionClosed (/home/sammy/.vscode/extensions/oracle.oracle-java-24.0.0/node_modules/vscode-languageclient/lib/node/main.js:180:22)
	at closeHandler (/home/sammy/.vscode/extensions/oracle.oracle-java-24.0.0/node_modules/vscode-languageclient/lib/common/client.js:1142:18)
	at CallbackList.invoke (/home/sammy/.vscode/extensions/oracle.oracle-java-24.0.0/node_modules/vscode-jsonrpc/lib/common/events.js:55:39)
	at Emitter.fire (/home/sammy/.vscode/extensions/oracle.oracle-java-24.0.0/node_modules/vscode-jsonrpc/lib/common/events.js:117:36)
	at closeHandler (/home/sammy/.vscode/extensions/oracle.oracle-java-24.0.0/node_modules/vscode-jsonrpc/lib/common/connection.js:314:26)
	at CallbackList.invoke (/home/sammy/.vscode/extensions/oracle.oracle-java-24.0.0/node_modules/vscode-jsonrpc/lib/common/events.js:55:39)
	at Emitter.fire (/home/sammy/.vscode/extensions/oracle.oracle-java-24.0.0/node_modules/vscode-jsonrpc/lib/common/events.js:117:36)
	at StreamMessageWriter.fireClose (/home/sammy/.vscode/extensions/oracle.oracle-java-24.0.0/node_modules/vscode-jsonrpc/lib/common/messageWriter.js:42:27)
	at Socket.<anonymous> (/home/sammy/.vscode/extensions/oracle.oracle-java-24.0.0/node_modules/vscode-jsonrpc/lib/common/messageWriter.js:74:42)
	at Socket.emit (node:events:530:35)
	at TCP.<anonymous> (node:net:351:12)
2025-06-14 14:37:36.135 [info] Extension host with pid 3236 exiting with code 0
