2025-06-10 14:25:30.922 [info] Reading sessions from keychain...
2025-06-10 14:25:30.922 [info] Getting sessions for all scopes...
2025-06-10 14:25:30.922 [info] Getting sessions for all scopes...
2025-06-10 14:25:30.922 [info] Getting sessions for all scopes...
2025-06-10 14:25:30.922 [info] Getting sessions for all scopes...
2025-06-10 14:25:30.922 [info] Getting sessions for all scopes...
2025-06-10 14:25:30.922 [info] Getting sessions for all scopes...
2025-06-10 14:25:30.922 [info] Getting sessions for all scopes...
2025-06-10 14:25:31.100 [info] Got stored sessions!
2025-06-10 14:25:31.100 [info] Got 1 verified sessions.
2025-06-10 14:25:31.100 [info] Got 1 sessions for ...
2025-06-10 14:25:31.100 [info] Got 1 sessions for ...
2025-06-10 14:25:31.100 [info] Got 1 sessions for ...
2025-06-10 14:25:31.100 [info] Got 1 sessions for ...
2025-06-10 14:25:31.100 [info] Got 1 sessions for ...
2025-06-10 14:25:31.100 [info] Got 1 sessions for ...
2025-06-10 14:25:31.100 [info] Got 1 sessions for ...
2025-06-10 14:25:31.121 [info] Getting sessions for all scopes...
2025-06-10 14:25:31.121 [info] Got 1 sessions for ...
2025-06-10 14:25:31.122 [info] Getting sessions for all scopes...
2025-06-10 14:25:31.122 [info] Got 1 sessions for ...
2025-06-10 14:25:31.122 [info] Getting sessions for all scopes...
2025-06-10 14:25:31.123 [info] Got 1 sessions for ...
2025-06-10 14:25:31.123 [info] Getting sessions for all scopes...
2025-06-10 14:25:31.123 [info] Got 1 sessions for ...
2025-06-10 14:25:31.123 [info] Getting sessions for all scopes...
2025-06-10 14:25:31.123 [info] Got 1 sessions for ...
2025-06-10 14:25:31.124 [info] Getting sessions for all scopes...
2025-06-10 14:25:31.124 [info] Got 1 sessions for ...
2025-06-10 14:25:31.582 [info] Getting sessions for all scopes...
2025-06-10 14:25:31.582 [info] Got 1 sessions for ...
2025-06-10 14:25:32.106 [info] Getting sessions for all scopes...
2025-06-10 14:25:32.106 [info] Got 1 sessions for ...
2025-06-10 14:25:32.229 [info] Getting sessions for all scopes...
2025-06-10 14:25:32.229 [info] Got 1 sessions for ...
2025-06-10 14:25:32.527 [info] Getting sessions for read:user,repo,user:email,workflow...
2025-06-10 14:25:32.529 [info] Got 1 sessions for read:user,repo,user:email,workflow...
2025-06-10 14:25:33.554 [info] Getting sessions for read:user,repo,user:email,workflow...
2025-06-10 14:25:33.554 [info] Got 1 sessions for read:user,repo,user:email,workflow...
2025-06-10 14:57:00.223 [info] Getting sessions for read:user,repo,user:email,workflow...
2025-06-10 14:57:00.223 [info] Got 1 sessions for read:user,repo,user:email,workflow...
2025-06-10 14:57:01.015 [info] Getting sessions for read:user,repo,user:email,workflow...
2025-06-10 14:57:01.015 [info] Got 1 sessions for read:user,repo,user:email,workflow...
