2025-06-04 14:51:29.314 [info] Reading sessions from keychain...
2025-06-04 14:51:29.315 [info] Getting sessions for all scopes...
2025-06-04 14:51:29.315 [info] Getting sessions for all scopes...
2025-06-04 14:51:29.315 [info] Getting sessions for all scopes...
2025-06-04 14:51:29.315 [info] Getting sessions for all scopes...
2025-06-04 14:51:29.315 [info] Getting sessions for all scopes...
2025-06-04 14:51:29.315 [info] Getting sessions for all scopes...
2025-06-04 14:51:29.315 [info] Getting sessions for all scopes...
2025-06-04 14:51:29.315 [info] Getting sessions for all scopes...
2025-06-04 14:51:29.315 [info] Got stored sessions!
2025-06-04 14:51:29.315 [info] Got 1 verified sessions.
2025-06-04 14:51:29.315 [info] Got 1 sessions for ...
2025-06-04 14:51:29.315 [info] Got 1 sessions for ...
2025-06-04 14:51:29.315 [info] Got 1 sessions for ...
2025-06-04 14:51:29.315 [info] Got 1 sessions for ...
2025-06-04 14:51:29.315 [info] Got 1 sessions for ...
2025-06-04 14:51:29.315 [info] Got 1 sessions for ...
2025-06-04 14:51:29.315 [info] Got 1 sessions for ...
2025-06-04 14:51:29.315 [info] Got 1 sessions for ...
2025-06-04 14:51:29.315 [info] Getting sessions for all scopes...
2025-06-04 14:51:29.315 [info] Got 1 sessions for ...
2025-06-04 14:51:29.315 [info] Getting sessions for all scopes...
2025-06-04 14:51:29.315 [info] Got 1 sessions for ...
2025-06-04 14:51:29.315 [info] Getting sessions for all scopes...
2025-06-04 14:51:29.315 [info] Got 1 sessions for ...
2025-06-04 14:51:29.315 [info] Getting sessions for all scopes...
2025-06-04 14:51:29.315 [info] Got 1 sessions for ...
2025-06-04 14:51:29.315 [info] Getting sessions for all scopes...
2025-06-04 14:51:29.315 [info] Got 1 sessions for ...
2025-06-04 14:51:29.315 [info] Getting sessions for all scopes...
2025-06-04 14:51:29.315 [info] Got 1 sessions for ...
2025-06-04 14:51:29.315 [info] Getting sessions for all scopes...
2025-06-04 14:51:29.315 [info] Got 1 sessions for ...
2025-06-04 14:51:29.916 [info] Getting sessions for read:user,repo,user:email,workflow...
2025-06-04 14:51:29.916 [info] Got 1 sessions for read:user,repo,user:email,workflow...
2025-06-04 14:51:30.236 [info] Getting sessions for all scopes...
2025-06-04 14:51:30.236 [info] Got 1 sessions for ...
2025-06-04 14:51:30.959 [info] Getting sessions for read:user,repo,user:email,workflow...
2025-06-04 14:51:30.960 [info] Got 1 sessions for read:user,repo,user:email,workflow...
2025-06-04 15:51:22.463 [info] Getting sessions for read:user,repo,user:email,workflow...
2025-06-04 15:51:22.463 [info] Got 1 sessions for read:user,repo,user:email,workflow...
2025-06-04 16:15:39.333 [info] Getting sessions for read:user,repo,user:email,workflow...
2025-06-04 16:15:39.333 [info] Got 1 sessions for read:user,repo,user:email,workflow...
