2025-06-23 16:08:34.002 [info] Reading sessions from keychain...
2025-06-23 16:08:34.008 [info] Getting sessions for all scopes...
2025-06-23 16:08:34.009 [info] Getting sessions for all scopes...
2025-06-23 16:08:34.010 [info] Getting sessions for all scopes...
2025-06-23 16:08:34.010 [info] Getting sessions for all scopes...
2025-06-23 16:08:34.010 [info] Getting sessions for all scopes...
2025-06-23 16:08:34.011 [info] Getting sessions for all scopes...
2025-06-23 16:08:34.011 [info] Getting sessions for all scopes...
2025-06-23 16:08:34.195 [info] Got stored sessions!
2025-06-23 16:08:34.195 [info] Got 1 verified sessions.
2025-06-23 16:08:34.195 [info] Got 1 sessions for ...
2025-06-23 16:08:34.195 [info] Got 1 sessions for ...
2025-06-23 16:08:34.195 [info] Got 1 sessions for ...
2025-06-23 16:08:34.195 [info] Got 1 sessions for ...
2025-06-23 16:08:34.195 [info] Got 1 sessions for ...
2025-06-23 16:08:34.195 [info] Got 1 sessions for ...
2025-06-23 16:08:34.195 [info] Got 1 sessions for ...
2025-06-23 16:08:34.244 [info] Getting sessions for all scopes...
2025-06-23 16:08:34.244 [info] Got 1 sessions for ...
2025-06-23 16:08:34.244 [info] Getting sessions for all scopes...
2025-06-23 16:08:34.244 [info] Got 1 sessions for ...
2025-06-23 16:08:34.244 [info] Getting sessions for all scopes...
2025-06-23 16:08:34.244 [info] Got 1 sessions for ...
2025-06-23 16:08:34.245 [info] Getting sessions for all scopes...
2025-06-23 16:08:34.245 [info] Got 1 sessions for ...
2025-06-23 16:08:34.245 [info] Getting sessions for all scopes...
2025-06-23 16:08:34.245 [info] Got 1 sessions for ...
2025-06-23 16:08:34.245 [info] Getting sessions for all scopes...
2025-06-23 16:08:34.245 [info] Got 1 sessions for ...
2025-06-23 16:08:34.246 [info] Getting sessions for all scopes...
2025-06-23 16:08:34.246 [info] Got 1 sessions for ...
2025-06-23 16:08:34.786 [info] Getting sessions for all scopes...
2025-06-23 16:08:34.786 [info] Got 1 sessions for ...
2025-06-23 16:08:34.857 [info] Getting sessions for read:user,repo,user:email,workflow...
2025-06-23 16:08:34.857 [info] Got 1 sessions for read:user,repo,user:email,workflow...
2025-06-23 16:08:35.597 [info] Getting sessions for all scopes...
2025-06-23 16:08:35.597 [info] Got 1 sessions for ...
