Jun 06, 2025 3:26:07 PM org.apache.aries.spifly.BaseActivator log
INFO: Registered provider ch.qos.logback.classic.spi.LogbackServiceProvider of service org.slf4j.spi.SLF4JServiceProvider in bundle ch.qos.logback.classic
Jun 06, 2025 3:26:26 PM com.microsoft.java.debug.plugin.internal.JavaDebuggerServerPlugin start
INFO: Starting com.microsoft.java.debug.plugin
Jun 06, 2025 3:42:44 PM com.microsoft.java.debug.core.UsageDataSession recordInfo
INFO: launch debug info
Jun 06, 2025 3:42:45 PM com.microsoft.java.debug.core.UsageDataSession submitUsageData
INFO: session usage data summary
Jun 06, 2025 5:06:38 PM org.eclipse.lsp4j.jsonrpc.RemoteEndpoint notify
WARNING: Failed to send notification message.
org.eclipse.lsp4j.jsonrpc.JsonRpcException: java.io.IOException: Broken pipe
	at org.eclipse.lsp4j.jsonrpc.json.StreamMessageConsumer.consume(StreamMessageConsumer.java:72)
	at org.eclipse.jdt.ls.core.internal.ParentProcessWatcher.lambda$1(ParentProcessWatcher.java:144)
	at org.eclipse.lsp4j.jsonrpc.RemoteEndpoint.notify(RemoteEndpoint.java:135)
	at org.eclipse.lsp4j.jsonrpc.services.EndpointProxy.invoke(EndpointProxy.java:88)
	at jdk.proxy5/jdk.proxy5.$Proxy18.notifyProgress(Unknown Source)
	at org.eclipse.jdt.ls.core.internal.handlers.ProgressReporterManager$ProgressReporter.sendStatus(ProgressReporterManager.java:269)
	at org.eclipse.jdt.ls.core.internal.handlers.ProgressReporterManager$ProgressReporter.sendProgress(ProgressReporterManager.java:239)
	at org.eclipse.jdt.ls.core.internal.handlers.ProgressReporterManager$ProgressReporter.beginTask(ProgressReporterManager.java:200)
	at org.eclipse.core.runtime.SubMonitor.convert(SubMonitor.java:556)
	at org.eclipse.core.runtime.SubMonitor.convert(SubMonitor.java:512)
	at org.eclipse.core.internal.events.AutoBuildJob.run(AutoBuildJob.java:290)
	at org.eclipse.core.internal.jobs.Worker.run(Worker.java:63)
Caused by: java.io.IOException: Broken pipe
	at java.base/sun.nio.ch.SocketDispatcher.write0(Native Method)
	at java.base/sun.nio.ch.SocketDispatcher.write(Unknown Source)
	at java.base/sun.nio.ch.IOUtil.writeFromNativeBuffer(Unknown Source)
	at java.base/sun.nio.ch.IOUtil.write(Unknown Source)
	at java.base/sun.nio.ch.IOUtil.write(Unknown Source)
	at java.base/sun.nio.ch.SocketChannelImpl.write(Unknown Source)
	at org.eclipse.jdt.ls.core.internal.ConnectionStreamFactory$NamedPipeOutputStream.write(ConnectionStreamFactory.java:238)
	at org.eclipse.lsp4j.jsonrpc.json.StreamMessageConsumer.consume(StreamMessageConsumer.java:67)
	... 11 more

Jun 06, 2025 5:06:38 PM org.eclipse.lsp4j.jsonrpc.RemoteEndpoint notify
WARNING: Failed to send notification message.
org.eclipse.lsp4j.jsonrpc.JsonRpcException: java.io.IOException: Broken pipe
	at org.eclipse.lsp4j.jsonrpc.json.StreamMessageConsumer.consume(StreamMessageConsumer.java:72)
	at org.eclipse.jdt.ls.core.internal.ParentProcessWatcher.lambda$1(ParentProcessWatcher.java:144)
	at org.eclipse.lsp4j.jsonrpc.RemoteEndpoint.notify(RemoteEndpoint.java:135)
	at org.eclipse.lsp4j.jsonrpc.services.EndpointProxy.invoke(EndpointProxy.java:88)
	at jdk.proxy5/jdk.proxy5.$Proxy18.notifyProgress(Unknown Source)
	at org.eclipse.jdt.ls.core.internal.handlers.ProgressReporterManager$ProgressReporter.sendStatus(ProgressReporterManager.java:290)
	at org.eclipse.jdt.ls.core.internal.handlers.ProgressReporterManager$ProgressReporter.sendProgress(ProgressReporterManager.java:239)
	at org.eclipse.jdt.ls.core.internal.handlers.ProgressReporterManager$ProgressReporter.beginTask(ProgressReporterManager.java:200)
	at org.eclipse.core.runtime.SubMonitor.convert(SubMonitor.java:556)
	at org.eclipse.core.runtime.SubMonitor.convert(SubMonitor.java:512)
	at org.eclipse.core.internal.events.AutoBuildJob.run(AutoBuildJob.java:290)
	at org.eclipse.core.internal.jobs.Worker.run(Worker.java:63)
Caused by: java.io.IOException: Broken pipe
	at java.base/sun.nio.ch.SocketDispatcher.write0(Native Method)
	at java.base/sun.nio.ch.SocketDispatcher.write(Unknown Source)
	at java.base/sun.nio.ch.IOUtil.writeFromNativeBuffer(Unknown Source)
	at java.base/sun.nio.ch.IOUtil.write(Unknown Source)
	at java.base/sun.nio.ch.IOUtil.write(Unknown Source)
	at java.base/sun.nio.ch.SocketChannelImpl.write(Unknown Source)
	at org.eclipse.jdt.ls.core.internal.ConnectionStreamFactory$NamedPipeOutputStream.write(ConnectionStreamFactory.java:238)
	at org.eclipse.lsp4j.jsonrpc.json.StreamMessageConsumer.consume(StreamMessageConsumer.java:67)
	... 11 more

Jun 06, 2025 5:06:38 PM org.eclipse.lsp4j.jsonrpc.RemoteEndpoint notify
WARNING: Failed to send notification message.
org.eclipse.lsp4j.jsonrpc.JsonRpcException: java.io.IOException: Broken pipe
	at org.eclipse.lsp4j.jsonrpc.json.StreamMessageConsumer.consume(StreamMessageConsumer.java:72)
	at org.eclipse.jdt.ls.core.internal.ParentProcessWatcher.lambda$1(ParentProcessWatcher.java:144)
	at org.eclipse.lsp4j.jsonrpc.RemoteEndpoint.notify(RemoteEndpoint.java:135)
	at org.eclipse.lsp4j.jsonrpc.services.EndpointProxy.invoke(EndpointProxy.java:88)
	at jdk.proxy5/jdk.proxy5.$Proxy18.notifyProgress(Unknown Source)
	at org.eclipse.jdt.ls.core.internal.handlers.ProgressReporterManager$ProgressReporter.sendStatus(ProgressReporterManager.java:290)
	at org.eclipse.jdt.ls.core.internal.handlers.ProgressReporterManager$ProgressReporter.sendProgress(ProgressReporterManager.java:239)
	at org.eclipse.jdt.ls.core.internal.handlers.ProgressReporterManager$ProgressReporter.done(ProgressReporterManager.java:222)
	at org.eclipse.core.internal.jobs.Worker.run(Worker.java:74)
Caused by: java.io.IOException: Broken pipe
	at java.base/sun.nio.ch.SocketDispatcher.write0(Native Method)
	at java.base/sun.nio.ch.SocketDispatcher.write(Unknown Source)
	at java.base/sun.nio.ch.IOUtil.writeFromNativeBuffer(Unknown Source)
	at java.base/sun.nio.ch.IOUtil.write(Unknown Source)
	at java.base/sun.nio.ch.IOUtil.write(Unknown Source)
	at java.base/sun.nio.ch.SocketChannelImpl.write(Unknown Source)
	at org.eclipse.jdt.ls.core.internal.ConnectionStreamFactory$NamedPipeOutputStream.write(ConnectionStreamFactory.java:238)
	at org.eclipse.lsp4j.jsonrpc.json.StreamMessageConsumer.consume(StreamMessageConsumer.java:67)
	... 8 more

