2025-06-06 15:26:05.731 [info] Reading sessions from keychain...
2025-06-06 15:26:05.732 [info] Getting sessions for all scopes...
2025-06-06 15:26:05.732 [info] Getting sessions for all scopes...
2025-06-06 15:26:05.732 [info] Getting sessions for all scopes...
2025-06-06 15:26:05.732 [info] Getting sessions for all scopes...
2025-06-06 15:26:05.732 [info] Getting sessions for all scopes...
2025-06-06 15:26:05.732 [info] Getting sessions for all scopes...
2025-06-06 15:26:05.732 [info] Getting sessions for all scopes...
2025-06-06 15:26:05.732 [info] Getting sessions for all scopes...
2025-06-06 15:26:05.732 [info] Got stored sessions!
2025-06-06 15:26:05.732 [info] Got 1 verified sessions.
2025-06-06 15:26:05.732 [info] Got 1 sessions for ...
2025-06-06 15:26:05.732 [info] Got 1 sessions for ...
2025-06-06 15:26:05.732 [info] Got 1 sessions for ...
2025-06-06 15:26:05.732 [info] Got 1 sessions for ...
2025-06-06 15:26:05.732 [info] Got 1 sessions for ...
2025-06-06 15:26:05.732 [info] Got 1 sessions for ...
2025-06-06 15:26:05.732 [info] Got 1 sessions for ...
2025-06-06 15:26:05.732 [info] Got 1 sessions for ...
2025-06-06 15:26:05.732 [info] Getting sessions for all scopes...
2025-06-06 15:26:05.732 [info] Got 1 sessions for ...
2025-06-06 15:26:05.732 [info] Getting sessions for all scopes...
2025-06-06 15:26:05.732 [info] Got 1 sessions for ...
2025-06-06 15:26:05.732 [info] Getting sessions for all scopes...
2025-06-06 15:26:05.732 [info] Got 1 sessions for ...
2025-06-06 15:26:05.732 [info] Getting sessions for all scopes...
2025-06-06 15:26:05.732 [info] Got 1 sessions for ...
2025-06-06 15:26:05.732 [info] Getting sessions for all scopes...
2025-06-06 15:26:05.732 [info] Got 1 sessions for ...
2025-06-06 15:26:05.732 [info] Getting sessions for all scopes...
2025-06-06 15:26:05.732 [info] Got 1 sessions for ...
2025-06-06 15:26:05.732 [info] Getting sessions for all scopes...
2025-06-06 15:26:05.732 [info] Got 1 sessions for ...
2025-06-06 15:26:06.161 [info] Getting sessions for read:user,repo,user:email,workflow...
2025-06-06 15:26:06.161 [info] Got 1 sessions for read:user,repo,user:email,workflow...
2025-06-06 15:26:06.474 [info] Getting sessions for all scopes...
2025-06-06 15:26:06.474 [info] Got 1 sessions for ...
2025-06-06 15:26:07.061 [info] Getting sessions for read:user,repo,user:email,workflow...
2025-06-06 15:26:07.061 [info] Got 1 sessions for read:user,repo,user:email,workflow...
2025-06-06 15:44:40.136 [info] Getting sessions for read:user,repo,user:email,workflow...
2025-06-06 15:44:40.136 [info] Got 1 sessions for read:user,repo,user:email,workflow...
2025-06-06 15:44:41.155 [info] Getting sessions for read:user,repo,user:email,workflow...
2025-06-06 15:44:41.155 [info] Got 1 sessions for read:user,repo,user:email,workflow...
2025-06-06 15:45:18.505 [info] Getting sessions for read:user,repo,user:email,workflow...
2025-06-06 15:45:18.505 [info] Got 1 sessions for read:user,repo,user:email,workflow...
2025-06-06 16:04:10.451 [info] Getting sessions for read:user,repo,user:email,workflow...
2025-06-06 16:04:10.451 [info] Got 1 sessions for read:user,repo,user:email,workflow...
2025-06-06 16:14:29.865 [info] Getting sessions for read:user,repo,user:email,workflow...
2025-06-06 16:14:29.865 [info] Got 1 sessions for read:user,repo,user:email,workflow...
2025-06-06 16:21:13.651 [info] Getting sessions for read:user,repo,user:email,workflow...
2025-06-06 16:21:13.651 [info] Got 1 sessions for read:user,repo,user:email,workflow...
2025-06-06 16:35:51.330 [info] Getting sessions for read:user,repo,user:email,workflow...
2025-06-06 16:35:51.331 [info] Got 1 sessions for read:user,repo,user:email,workflow...
