2025-06-09 22:22:33.368 [info] Extension host with pid 17672 started
2025-06-09 22:22:33.368 [info] Skipping acquiring lock for /home/sammy/.config/Code/User/workspaceStorage/dd918b45ff2846cfdfc8919a1dd5fea0.
2025-06-09 22:22:33.604 [info] ExtensionService#_doActivateExtension vscode.github-authentication, startup: false, activationEvent: 'onAuthenticationRequest:github'
2025-06-09 22:22:33.628 [info] ExtensionService#_doActivateExtension vscode.emmet, startup: false, activationEvent: 'onLanguage'
2025-06-09 22:22:33.646 [info] ExtensionService#_doActivateExtension ms-vscode.cpptools, startup: false, activationEvent: 'onLanguage:cpp'
2025-06-09 22:22:34.207 [info] ExtensionService#_doActivateExtension vscode.git-base, startup: true, activationEvent: '*', root cause: vscode.git
2025-06-09 22:22:34.222 [info] ExtensionService#_doActivateExtension vscode.git, startup: true, activationEvent: '*'
2025-06-09 22:22:34.284 [info] ExtensionService#_doActivateExtension vscode.github, startup: true, activationEvent: '*'
2025-06-09 22:22:34.553 [info] ExtensionService#_doActivateExtension vscode.configuration-editing, startup: false, activationEvent: 'onLanguage:jsonc'
2025-06-09 22:22:34.560 [info] ExtensionService#_doActivateExtension vscode.json-language-features, startup: false, activationEvent: 'onLanguage:jsonc'
2025-06-09 22:22:34.616 [info] ExtensionService#_doActivateExtension vscode.typescript-language-features, startup: false, activationEvent: 'onLanguage:jsonc'
2025-06-09 22:22:34.732 [info] ExtensionService#_doActivateExtension Oracle.oracle-java, startup: true, activationEvent: 'workspaceContains:**/*.java'
2025-06-09 22:22:34.948 [info] Eager extensions activated
2025-06-09 22:22:35.004 [info] ExtensionService#_doActivateExtension vscode.debug-auto-launch, startup: false, activationEvent: 'onStartupFinished'
2025-06-09 22:22:35.006 [info] ExtensionService#_doActivateExtension vscode.merge-conflict, startup: false, activationEvent: 'onStartupFinished'
2025-06-09 22:22:37.658 [info] Extension host terminating: renderer closed the MessagePort
2025-06-09 22:22:37.846 [error] Error: Channel has been closed
	at s (file:///usr/share/code/resources/app/out/vs/workbench/api/node/extensionHostProcess.js:125:2431)
	at Object.appendLine (file:///usr/share/code/resources/app/out/vs/workbench/api/node/extensionHostProcess.js:125:2570)
	at R.logOutputMessage (/usr/share/code/resources/app/extensions/json-language-features/client/dist/node/jsonClientMain.js:2:290791)
	at R.info (/usr/share/code/resources/app/extensions/json-language-features/client/dist/node/jsonClientMain.js:2:290524)
	at ChildProcess.<anonymous> (/usr/share/code/resources/app/extensions/json-language-features/client/dist/node/jsonClientMain.js:2:514797)
	at ChildProcess.emit (node:events:524:28)
	at ChildProcess._handle.onexit (node:internal/child_process:293:12)
2025-06-09 22:22:38.128 [error] Oracle Java SE Language Server not enabled
2025-06-09 22:22:39.129 [error] Error: Cannot kill process
	at /home/sammy/.vscode/extensions/oracle.oracle-java-24.0.0/out/lsp/nbProcessManager.js:53:28
	at new Promise (<anonymous>)
	at NbProcessManager.killProcess (/home/sammy/.vscode/extensions/oracle.oracle-java-24.0.0/out/lsp/nbProcessManager.js:46:20)
	at processOnCloseHandler (/home/sammy/.vscode/extensions/oracle.oracle-java-24.0.0/out/lsp/nbcode.js:103:26)
	at ChildProcess.<anonymous> (/home/sammy/.vscode/extensions/oracle.oracle-java-24.0.0/out/lsp/nbcode.js:58:24)
	at ChildProcess.emit (node:events:524:28)
	at maybeClose (node:internal/child_process:1104:16)
	at Socket.<anonymous> (node:internal/child_process:456:11)
	at Socket.emit (node:events:524:28)
	at Pipe.<anonymous> (node:net:343:12)
2025-06-09 22:22:42.705 [info] Extension host with pid 17672 exiting with code 0
