2025-06-26 20:53:42.880 [warning] Via 'product.json#extensionEnabledApiProposals' extension 'ms-vsliveshare.vsliveshare' wants API proposal 'notebookCellExecutionState' but that proposal DOES NOT EXIST. Likely, the proposal has been finalized (check 'vscode.d.ts') or was abandoned.
2025-06-26 20:53:42.891 [warning] Via 'product.json#extensionEnabledApiProposals' extension 'ms-python.gather' wants API proposal 'notebookCellExecutionState' but that proposal DOES NOT EXIST. Likely, the proposal has been finalized (check 'vscode.d.ts') or was abandoned.
2025-06-26 20:53:42.892 [warning] Via 'product.json#extensionEnabledApiProposals' extension 'ms-python.vscode-pylance' wants API proposal 'mcpConfigurationProvider' but that proposal DOES NOT EXIST. Likely, the proposal has been finalized (check 'vscode.d.ts') or was abandoned.
2025-06-26 20:53:43.310 [info] Started local extension host with pid 4389.
2025-06-26 20:53:43.964 [info] ComputeTargetPlatform: linux-x64
2025-06-26 20:53:44.015 [info] [Oracle.oracle-java]: Command `workbench.action.debug.run` already registered by Java (Oracle.oracle-java)
2025-06-26 20:53:44.015 [info] [Oracle.oracle-java]: Command `workbench.action.debug.start` already registered by Java (Oracle.oracle-java)
2025-06-26 20:53:44.015 [info] [Oracle.oracle-java]: Command `jdk.select.editor.projects` already registered by Java (Oracle.oracle-java)
2025-06-26 20:53:44.762 [error] [Extension Host] (node:4389) [DEP0040] DeprecationWarning: The `punycode` module is deprecated. Please use a userland alternative instead.
(Use `exe --trace-deprecation ...` to show where the warning was created)
2025-06-26 20:53:45.413 [info] Settings Sync: Account status changed from uninitialized to unavailable
2025-06-26 20:53:46.279 [info] [perf] Render performance baseline is 27ms
2025-06-26 20:53:46.620 [info] Auto updating outdated extensions. ms-vscode.cpptools, redhat.java
2025-06-26 20:54:11.424 [error] InstantiationService has been disposed: Error: InstantiationService has been disposed
    at ESt.m (vscode-file://vscode-app/usr/share/code/resources/app/out/vs/workbench/workbench.desktop.main.js:1915:372)
    at ESt.createInstance (vscode-file://vscode-app/usr/share/code/resources/app/out/vs/workbench/workbench.desktop.main.js:1915:929)
    at Oft.m (vscode-file://vscode-app/usr/share/code/resources/app/out/vs/workbench/workbench.desktop.main.js:2664:13578)
    at Oft.j (vscode-file://vscode-app/usr/share/code/resources/app/out/vs/workbench/workbench.desktop.main.js:2664:13378)
    at async Oft.provideLinks (vscode-file://vscode-app/usr/share/code/resources/app/out/vs/workbench/workbench.desktop.main.js:2664:12813)
2025-06-26 20:54:11.641 [warning] Via 'product.json#extensionEnabledApiProposals' extension 'ms-vsliveshare.vsliveshare' wants API proposal 'notebookCellExecutionState' but that proposal DOES NOT EXIST. Likely, the proposal has been finalized (check 'vscode.d.ts') or was abandoned.
2025-06-26 20:54:11.641 [warning] Via 'product.json#extensionEnabledApiProposals' extension 'ms-python.gather' wants API proposal 'notebookCellExecutionState' but that proposal DOES NOT EXIST. Likely, the proposal has been finalized (check 'vscode.d.ts') or was abandoned.
2025-06-26 20:54:11.641 [warning] Via 'product.json#extensionEnabledApiProposals' extension 'ms-python.vscode-pylance' wants API proposal 'mcpConfigurationProvider' but that proposal DOES NOT EXIST. Likely, the proposal has been finalized (check 'vscode.d.ts') or was abandoned.
2025-06-26 20:54:11.795 [info] Started local extension host with pid 5057.
2025-06-26 20:54:11.851 [info] ChatSessionStore: Migrating 0 chat sessions from storage service to file system
2025-06-26 20:54:12.061 [info] ComputeTargetPlatform: linux-x64
2025-06-26 20:54:12.096 [info] [Oracle.oracle-java]: Command `workbench.action.debug.run` already registered by Java (Oracle.oracle-java)
2025-06-26 20:54:12.096 [info] [Oracle.oracle-java]: Command `workbench.action.debug.start` already registered by Java (Oracle.oracle-java)
2025-06-26 20:54:12.096 [info] [Oracle.oracle-java]: Command `jdk.select.editor.projects` already registered by Java (Oracle.oracle-java)
2025-06-26 20:54:12.574 [info] Settings Sync: Account status changed from uninitialized to unavailable
2025-06-26 20:54:14.409 [info] [perf] Render performance baseline is 21ms
2025-06-26 20:54:17.833 [error] [Extension Host] (node:5057) [DEP0040] DeprecationWarning: The `punycode` module is deprecated. Please use a userland alternative instead.
(Use `exe --trace-deprecation ...` to show where the warning was created)
2025-06-26 21:09:37.108 [error] An unknown error occurred. Please consult the log for more details.
2025-06-26 21:09:41.085 [error] An unknown error occurred. Please consult the log for more details.
2025-06-26 21:18:28.468 [warning] Semantic token with invalid length detected at lineNumber 10, column 16
2025-06-26 21:39:57.797 [error] An unknown error occurred. Please consult the log for more details.
2025-06-26 21:40:01.684 [error] An unknown error occurred. Please consult the log for more details.
2025-06-26 21:52:39.347 [error] An unknown error occurred. Please consult the log for more details.
2025-06-26 21:58:52.545 [error] Cannot read properties of undefined (reading 'range'): TypeError: Cannot read properties of undefined (reading 'range')
	at asSymbolInformation (/home/sammy/.vscode/extensions/oracle.oracle-java-24.0.0/node_modules/vscode-languageclient/lib/common/protocolConverter.js:591:33)
	at convertBatch (/home/sammy/.vscode/extensions/oracle.oracle-java-24.0.0/node_modules/vscode-languageclient/lib/common/utils/async.js:193:25)
	at Object.map (/home/sammy/.vscode/extensions/oracle.oracle-java-24.0.0/node_modules/vscode-languageclient/lib/common/utils/async.js:202:17)
	at Object.asSymbolInformations (/home/sammy/.vscode/extensions/oracle.oracle-java-24.0.0/node_modules/vscode-languageclient/lib/common/protocolConverter.js:558:22)
	at _provideDocumentSymbols (/home/sammy/.vscode/extensions/oracle.oracle-java-24.0.0/node_modules/vscode-languageclient/lib/common/documentSymbol.js:86:76)
	at async i2.provideDocumentSymbols (file:///usr/share/code/resources/app/out/vs/workbench/api/node/extensionHostProcess.js:147:125948)
2025-06-26 22:07:04.655 [error] Cannot read properties of undefined (reading 'range'): TypeError: Cannot read properties of undefined (reading 'range')
	at asSymbolInformation (/home/sammy/.vscode/extensions/oracle.oracle-java-24.0.0/node_modules/vscode-languageclient/lib/common/protocolConverter.js:591:33)
	at convertBatch (/home/sammy/.vscode/extensions/oracle.oracle-java-24.0.0/node_modules/vscode-languageclient/lib/common/utils/async.js:193:25)
	at Object.map (/home/sammy/.vscode/extensions/oracle.oracle-java-24.0.0/node_modules/vscode-languageclient/lib/common/utils/async.js:202:17)
	at Object.asSymbolInformations (/home/sammy/.vscode/extensions/oracle.oracle-java-24.0.0/node_modules/vscode-languageclient/lib/common/protocolConverter.js:558:22)
	at _provideDocumentSymbols (/home/sammy/.vscode/extensions/oracle.oracle-java-24.0.0/node_modules/vscode-languageclient/lib/common/documentSymbol.js:86:76)
	at runNextTicks (node:internal/process/task_queues:65:5)
	at process.processImmediate (node:internal/timers:453:9)
	at async i2.provideDocumentSymbols (file:///usr/share/code/resources/app/out/vs/workbench/api/node/extensionHostProcess.js:147:125948)
2025-06-26 22:07:04.656 [error] Cannot read properties of undefined (reading 'range'): TypeError: Cannot read properties of undefined (reading 'range')
	at asSymbolInformation (/home/sammy/.vscode/extensions/oracle.oracle-java-24.0.0/node_modules/vscode-languageclient/lib/common/protocolConverter.js:591:33)
	at convertBatch (/home/sammy/.vscode/extensions/oracle.oracle-java-24.0.0/node_modules/vscode-languageclient/lib/common/utils/async.js:193:25)
	at Object.map (/home/sammy/.vscode/extensions/oracle.oracle-java-24.0.0/node_modules/vscode-languageclient/lib/common/utils/async.js:202:17)
	at Object.asSymbolInformations (/home/sammy/.vscode/extensions/oracle.oracle-java-24.0.0/node_modules/vscode-languageclient/lib/common/protocolConverter.js:558:22)
	at _provideDocumentSymbols (/home/sammy/.vscode/extensions/oracle.oracle-java-24.0.0/node_modules/vscode-languageclient/lib/common/documentSymbol.js:86:76)
	at async i2.provideDocumentSymbols (file:///usr/share/code/resources/app/out/vs/workbench/api/node/extensionHostProcess.js:147:125948)
2025-06-26 22:07:07.797 [error] Cannot read properties of undefined (reading 'range'): TypeError: Cannot read properties of undefined (reading 'range')
	at asSymbolInformation (/home/sammy/.vscode/extensions/oracle.oracle-java-24.0.0/node_modules/vscode-languageclient/lib/common/protocolConverter.js:591:33)
	at convertBatch (/home/sammy/.vscode/extensions/oracle.oracle-java-24.0.0/node_modules/vscode-languageclient/lib/common/utils/async.js:193:25)
	at Object.map (/home/sammy/.vscode/extensions/oracle.oracle-java-24.0.0/node_modules/vscode-languageclient/lib/common/utils/async.js:202:17)
	at Object.asSymbolInformations (/home/sammy/.vscode/extensions/oracle.oracle-java-24.0.0/node_modules/vscode-languageclient/lib/common/protocolConverter.js:558:22)
	at _provideDocumentSymbols (/home/sammy/.vscode/extensions/oracle.oracle-java-24.0.0/node_modules/vscode-languageclient/lib/common/documentSymbol.js:86:76)
	at runNextTicks (node:internal/process/task_queues:65:5)
	at process.processImmediate (node:internal/timers:453:9)
	at async i2.provideDocumentSymbols (file:///usr/share/code/resources/app/out/vs/workbench/api/node/extensionHostProcess.js:147:125948)
2025-06-26 22:07:07.806 [error] Cannot read properties of undefined (reading 'range'): TypeError: Cannot read properties of undefined (reading 'range')
	at asSymbolInformation (/home/sammy/.vscode/extensions/oracle.oracle-java-24.0.0/node_modules/vscode-languageclient/lib/common/protocolConverter.js:591:33)
	at convertBatch (/home/sammy/.vscode/extensions/oracle.oracle-java-24.0.0/node_modules/vscode-languageclient/lib/common/utils/async.js:193:25)
	at Object.map (/home/sammy/.vscode/extensions/oracle.oracle-java-24.0.0/node_modules/vscode-languageclient/lib/common/utils/async.js:202:17)
	at Object.asSymbolInformations (/home/sammy/.vscode/extensions/oracle.oracle-java-24.0.0/node_modules/vscode-languageclient/lib/common/protocolConverter.js:558:22)
	at _provideDocumentSymbols (/home/sammy/.vscode/extensions/oracle.oracle-java-24.0.0/node_modules/vscode-languageclient/lib/common/documentSymbol.js:86:76)
	at async i2.provideDocumentSymbols (file:///usr/share/code/resources/app/out/vs/workbench/api/node/extensionHostProcess.js:147:125948)
2025-06-26 22:07:13.501 [error] Cannot read properties of undefined (reading 'range'): TypeError: Cannot read properties of undefined (reading 'range')
	at asSymbolInformation (/home/sammy/.vscode/extensions/oracle.oracle-java-24.0.0/node_modules/vscode-languageclient/lib/common/protocolConverter.js:591:33)
	at convertBatch (/home/sammy/.vscode/extensions/oracle.oracle-java-24.0.0/node_modules/vscode-languageclient/lib/common/utils/async.js:193:25)
	at Object.map (/home/sammy/.vscode/extensions/oracle.oracle-java-24.0.0/node_modules/vscode-languageclient/lib/common/utils/async.js:202:17)
	at Object.asSymbolInformations (/home/sammy/.vscode/extensions/oracle.oracle-java-24.0.0/node_modules/vscode-languageclient/lib/common/protocolConverter.js:558:22)
	at _provideDocumentSymbols (/home/sammy/.vscode/extensions/oracle.oracle-java-24.0.0/node_modules/vscode-languageclient/lib/common/documentSymbol.js:86:76)
	at runNextTicks (node:internal/process/task_queues:65:5)
	at process.processImmediate (node:internal/timers:453:9)
	at async i2.provideDocumentSymbols (file:///usr/share/code/resources/app/out/vs/workbench/api/node/extensionHostProcess.js:147:125948)
2025-06-26 22:07:13.539 [error] Cannot read properties of undefined (reading 'range'): TypeError: Cannot read properties of undefined (reading 'range')
	at asSymbolInformation (/home/sammy/.vscode/extensions/oracle.oracle-java-24.0.0/node_modules/vscode-languageclient/lib/common/protocolConverter.js:591:33)
	at convertBatch (/home/sammy/.vscode/extensions/oracle.oracle-java-24.0.0/node_modules/vscode-languageclient/lib/common/utils/async.js:193:25)
	at Object.map (/home/sammy/.vscode/extensions/oracle.oracle-java-24.0.0/node_modules/vscode-languageclient/lib/common/utils/async.js:202:17)
	at Object.asSymbolInformations (/home/sammy/.vscode/extensions/oracle.oracle-java-24.0.0/node_modules/vscode-languageclient/lib/common/protocolConverter.js:558:22)
	at _provideDocumentSymbols (/home/sammy/.vscode/extensions/oracle.oracle-java-24.0.0/node_modules/vscode-languageclient/lib/common/documentSymbol.js:86:76)
	at async i2.provideDocumentSymbols (file:///usr/share/code/resources/app/out/vs/workbench/api/node/extensionHostProcess.js:147:125948)
2025-06-26 22:07:16.971 [error] Cannot read properties of undefined (reading 'range'): TypeError: Cannot read properties of undefined (reading 'range')
	at asSymbolInformation (/home/sammy/.vscode/extensions/oracle.oracle-java-24.0.0/node_modules/vscode-languageclient/lib/common/protocolConverter.js:591:33)
	at convertBatch (/home/sammy/.vscode/extensions/oracle.oracle-java-24.0.0/node_modules/vscode-languageclient/lib/common/utils/async.js:193:25)
	at Object.map (/home/sammy/.vscode/extensions/oracle.oracle-java-24.0.0/node_modules/vscode-languageclient/lib/common/utils/async.js:202:17)
	at Object.asSymbolInformations (/home/sammy/.vscode/extensions/oracle.oracle-java-24.0.0/node_modules/vscode-languageclient/lib/common/protocolConverter.js:558:22)
	at _provideDocumentSymbols (/home/sammy/.vscode/extensions/oracle.oracle-java-24.0.0/node_modules/vscode-languageclient/lib/common/documentSymbol.js:86:76)
	at async i2.provideDocumentSymbols (file:///usr/share/code/resources/app/out/vs/workbench/api/node/extensionHostProcess.js:147:125948)
2025-06-26 22:13:53.848 [error] Cannot read properties of undefined (reading 'range'): TypeError: Cannot read properties of undefined (reading 'range')
	at asSymbolInformation (/home/sammy/.vscode/extensions/oracle.oracle-java-24.0.0/node_modules/vscode-languageclient/lib/common/protocolConverter.js:591:33)
	at convertBatch (/home/sammy/.vscode/extensions/oracle.oracle-java-24.0.0/node_modules/vscode-languageclient/lib/common/utils/async.js:193:25)
	at Object.map (/home/sammy/.vscode/extensions/oracle.oracle-java-24.0.0/node_modules/vscode-languageclient/lib/common/utils/async.js:202:17)
	at Object.asSymbolInformations (/home/sammy/.vscode/extensions/oracle.oracle-java-24.0.0/node_modules/vscode-languageclient/lib/common/protocolConverter.js:558:22)
	at _provideDocumentSymbols (/home/sammy/.vscode/extensions/oracle.oracle-java-24.0.0/node_modules/vscode-languageclient/lib/common/documentSymbol.js:86:76)
	at runNextTicks (node:internal/process/task_queues:65:5)
	at process.processImmediate (node:internal/timers:453:9)
	at async i2.provideDocumentSymbols (file:///usr/share/code/resources/app/out/vs/workbench/api/node/extensionHostProcess.js:147:125948)
2025-06-26 22:13:53.849 [error] Cannot read properties of undefined (reading 'range'): TypeError: Cannot read properties of undefined (reading 'range')
	at asSymbolInformation (/home/sammy/.vscode/extensions/oracle.oracle-java-24.0.0/node_modules/vscode-languageclient/lib/common/protocolConverter.js:591:33)
	at convertBatch (/home/sammy/.vscode/extensions/oracle.oracle-java-24.0.0/node_modules/vscode-languageclient/lib/common/utils/async.js:193:25)
	at Object.map (/home/sammy/.vscode/extensions/oracle.oracle-java-24.0.0/node_modules/vscode-languageclient/lib/common/utils/async.js:202:17)
	at Object.asSymbolInformations (/home/sammy/.vscode/extensions/oracle.oracle-java-24.0.0/node_modules/vscode-languageclient/lib/common/protocolConverter.js:558:22)
	at _provideDocumentSymbols (/home/sammy/.vscode/extensions/oracle.oracle-java-24.0.0/node_modules/vscode-languageclient/lib/common/documentSymbol.js:86:76)
	at async i2.provideDocumentSymbols (file:///usr/share/code/resources/app/out/vs/workbench/api/node/extensionHostProcess.js:147:125948)
2025-06-26 22:13:54.956 [error] Cannot read properties of undefined (reading 'range'): TypeError: Cannot read properties of undefined (reading 'range')
	at asSymbolInformation (/home/sammy/.vscode/extensions/oracle.oracle-java-24.0.0/node_modules/vscode-languageclient/lib/common/protocolConverter.js:591:33)
	at convertBatch (/home/sammy/.vscode/extensions/oracle.oracle-java-24.0.0/node_modules/vscode-languageclient/lib/common/utils/async.js:193:25)
	at Object.map (/home/sammy/.vscode/extensions/oracle.oracle-java-24.0.0/node_modules/vscode-languageclient/lib/common/utils/async.js:202:17)
	at Object.asSymbolInformations (/home/sammy/.vscode/extensions/oracle.oracle-java-24.0.0/node_modules/vscode-languageclient/lib/common/protocolConverter.js:558:22)
	at _provideDocumentSymbols (/home/sammy/.vscode/extensions/oracle.oracle-java-24.0.0/node_modules/vscode-languageclient/lib/common/documentSymbol.js:86:76)
	at runNextTicks (node:internal/process/task_queues:65:5)
	at process.processImmediate (node:internal/timers:453:9)
	at async i2.provideDocumentSymbols (file:///usr/share/code/resources/app/out/vs/workbench/api/node/extensionHostProcess.js:147:125948)
2025-06-26 22:13:54.956 [error] Cannot read properties of undefined (reading 'range'): TypeError: Cannot read properties of undefined (reading 'range')
	at asSymbolInformation (/home/sammy/.vscode/extensions/oracle.oracle-java-24.0.0/node_modules/vscode-languageclient/lib/common/protocolConverter.js:591:33)
	at convertBatch (/home/sammy/.vscode/extensions/oracle.oracle-java-24.0.0/node_modules/vscode-languageclient/lib/common/utils/async.js:193:25)
	at Object.map (/home/sammy/.vscode/extensions/oracle.oracle-java-24.0.0/node_modules/vscode-languageclient/lib/common/utils/async.js:202:17)
	at Object.asSymbolInformations (/home/sammy/.vscode/extensions/oracle.oracle-java-24.0.0/node_modules/vscode-languageclient/lib/common/protocolConverter.js:558:22)
	at _provideDocumentSymbols (/home/sammy/.vscode/extensions/oracle.oracle-java-24.0.0/node_modules/vscode-languageclient/lib/common/documentSymbol.js:86:76)
	at async i2.provideDocumentSymbols (file:///usr/share/code/resources/app/out/vs/workbench/api/node/extensionHostProcess.js:147:125948)
2025-06-26 22:13:55.858 [error] An unknown error occurred. Please consult the log for more details.: Error: 
	at handleResponse (/home/sammy/.vscode/extensions/oracle.oracle-java-24.0.0/node_modules/vscode-jsonrpc/lib/common/connection.js:565:48)
	at handleMessage (/home/sammy/.vscode/extensions/oracle.oracle-java-24.0.0/node_modules/vscode-jsonrpc/lib/common/connection.js:345:13)
	at processMessageQueue (/home/sammy/.vscode/extensions/oracle.oracle-java-24.0.0/node_modules/vscode-jsonrpc/lib/common/connection.js:362:17)
	at Immediate.<anonymous> (/home/sammy/.vscode/extensions/oracle.oracle-java-24.0.0/node_modules/vscode-jsonrpc/lib/common/connection.js:334:13)
	at process.processImmediate (node:internal/timers:485:21)
2025-06-26 22:13:56.386 [error] Cannot read properties of undefined (reading 'range'): TypeError: Cannot read properties of undefined (reading 'range')
	at asSymbolInformation (/home/sammy/.vscode/extensions/oracle.oracle-java-24.0.0/node_modules/vscode-languageclient/lib/common/protocolConverter.js:591:33)
	at convertBatch (/home/sammy/.vscode/extensions/oracle.oracle-java-24.0.0/node_modules/vscode-languageclient/lib/common/utils/async.js:193:25)
	at Object.map (/home/sammy/.vscode/extensions/oracle.oracle-java-24.0.0/node_modules/vscode-languageclient/lib/common/utils/async.js:202:17)
	at Object.asSymbolInformations (/home/sammy/.vscode/extensions/oracle.oracle-java-24.0.0/node_modules/vscode-languageclient/lib/common/protocolConverter.js:558:22)
	at _provideDocumentSymbols (/home/sammy/.vscode/extensions/oracle.oracle-java-24.0.0/node_modules/vscode-languageclient/lib/common/documentSymbol.js:86:76)
	at runNextTicks (node:internal/process/task_queues:65:5)
	at process.processImmediate (node:internal/timers:453:9)
	at async i2.provideDocumentSymbols (file:///usr/share/code/resources/app/out/vs/workbench/api/node/extensionHostProcess.js:147:125948)
2025-06-26 22:13:56.386 [error] Cannot read properties of undefined (reading 'range'): TypeError: Cannot read properties of undefined (reading 'range')
	at asSymbolInformation (/home/sammy/.vscode/extensions/oracle.oracle-java-24.0.0/node_modules/vscode-languageclient/lib/common/protocolConverter.js:591:33)
	at convertBatch (/home/sammy/.vscode/extensions/oracle.oracle-java-24.0.0/node_modules/vscode-languageclient/lib/common/utils/async.js:193:25)
	at Object.map (/home/sammy/.vscode/extensions/oracle.oracle-java-24.0.0/node_modules/vscode-languageclient/lib/common/utils/async.js:202:17)
	at Object.asSymbolInformations (/home/sammy/.vscode/extensions/oracle.oracle-java-24.0.0/node_modules/vscode-languageclient/lib/common/protocolConverter.js:558:22)
	at _provideDocumentSymbols (/home/sammy/.vscode/extensions/oracle.oracle-java-24.0.0/node_modules/vscode-languageclient/lib/common/documentSymbol.js:86:76)
	at async i2.provideDocumentSymbols (file:///usr/share/code/resources/app/out/vs/workbench/api/node/extensionHostProcess.js:147:125948)
2025-06-26 22:13:57.877 [error] Cannot read properties of undefined (reading 'range'): TypeError: Cannot read properties of undefined (reading 'range')
	at asSymbolInformation (/home/sammy/.vscode/extensions/oracle.oracle-java-24.0.0/node_modules/vscode-languageclient/lib/common/protocolConverter.js:591:33)
	at convertBatch (/home/sammy/.vscode/extensions/oracle.oracle-java-24.0.0/node_modules/vscode-languageclient/lib/common/utils/async.js:193:25)
	at Object.map (/home/sammy/.vscode/extensions/oracle.oracle-java-24.0.0/node_modules/vscode-languageclient/lib/common/utils/async.js:202:17)
	at Object.asSymbolInformations (/home/sammy/.vscode/extensions/oracle.oracle-java-24.0.0/node_modules/vscode-languageclient/lib/common/protocolConverter.js:558:22)
	at _provideDocumentSymbols (/home/sammy/.vscode/extensions/oracle.oracle-java-24.0.0/node_modules/vscode-languageclient/lib/common/documentSymbol.js:86:76)
	at runNextTicks (node:internal/process/task_queues:65:5)
	at process.processImmediate (node:internal/timers:453:9)
	at async i2.provideDocumentSymbols (file:///usr/share/code/resources/app/out/vs/workbench/api/node/extensionHostProcess.js:147:125948)
2025-06-26 22:13:57.880 [error] Cannot read properties of undefined (reading 'range'): TypeError: Cannot read properties of undefined (reading 'range')
	at asSymbolInformation (/home/sammy/.vscode/extensions/oracle.oracle-java-24.0.0/node_modules/vscode-languageclient/lib/common/protocolConverter.js:591:33)
	at convertBatch (/home/sammy/.vscode/extensions/oracle.oracle-java-24.0.0/node_modules/vscode-languageclient/lib/common/utils/async.js:193:25)
	at Object.map (/home/sammy/.vscode/extensions/oracle.oracle-java-24.0.0/node_modules/vscode-languageclient/lib/common/utils/async.js:202:17)
	at Object.asSymbolInformations (/home/sammy/.vscode/extensions/oracle.oracle-java-24.0.0/node_modules/vscode-languageclient/lib/common/protocolConverter.js:558:22)
	at _provideDocumentSymbols (/home/sammy/.vscode/extensions/oracle.oracle-java-24.0.0/node_modules/vscode-languageclient/lib/common/documentSymbol.js:86:76)
	at async i2.provideDocumentSymbols (file:///usr/share/code/resources/app/out/vs/workbench/api/node/extensionHostProcess.js:147:125948)
2025-06-26 22:13:59.615 [error] Internal error.: Error: Internal error.
	at handleResponse (/home/sammy/.vscode/extensions/oracle.oracle-java-24.0.0/node_modules/vscode-jsonrpc/lib/common/connection.js:565:48)
	at handleMessage (/home/sammy/.vscode/extensions/oracle.oracle-java-24.0.0/node_modules/vscode-jsonrpc/lib/common/connection.js:345:13)
	at processMessageQueue (/home/sammy/.vscode/extensions/oracle.oracle-java-24.0.0/node_modules/vscode-jsonrpc/lib/common/connection.js:362:17)
	at Immediate.<anonymous> (/home/sammy/.vscode/extensions/oracle.oracle-java-24.0.0/node_modules/vscode-jsonrpc/lib/common/connection.js:334:13)
	at process.processImmediate (node:internal/timers:485:21)
2025-06-26 22:13:59.797 [error] Cannot read properties of undefined (reading 'range'): TypeError: Cannot read properties of undefined (reading 'range')
	at asSymbolInformation (/home/sammy/.vscode/extensions/oracle.oracle-java-24.0.0/node_modules/vscode-languageclient/lib/common/protocolConverter.js:591:33)
	at convertBatch (/home/sammy/.vscode/extensions/oracle.oracle-java-24.0.0/node_modules/vscode-languageclient/lib/common/utils/async.js:193:25)
	at Object.map (/home/sammy/.vscode/extensions/oracle.oracle-java-24.0.0/node_modules/vscode-languageclient/lib/common/utils/async.js:202:17)
	at Object.asSymbolInformations (/home/sammy/.vscode/extensions/oracle.oracle-java-24.0.0/node_modules/vscode-languageclient/lib/common/protocolConverter.js:558:22)
	at _provideDocumentSymbols (/home/sammy/.vscode/extensions/oracle.oracle-java-24.0.0/node_modules/vscode-languageclient/lib/common/documentSymbol.js:86:76)
	at runNextTicks (node:internal/process/task_queues:65:5)
	at process.processImmediate (node:internal/timers:453:9)
	at async i2.provideDocumentSymbols (file:///usr/share/code/resources/app/out/vs/workbench/api/node/extensionHostProcess.js:147:125948)
2025-06-26 22:13:59.798 [error] Cannot read properties of undefined (reading 'range'): TypeError: Cannot read properties of undefined (reading 'range')
	at asSymbolInformation (/home/sammy/.vscode/extensions/oracle.oracle-java-24.0.0/node_modules/vscode-languageclient/lib/common/protocolConverter.js:591:33)
	at convertBatch (/home/sammy/.vscode/extensions/oracle.oracle-java-24.0.0/node_modules/vscode-languageclient/lib/common/utils/async.js:193:25)
	at Object.map (/home/sammy/.vscode/extensions/oracle.oracle-java-24.0.0/node_modules/vscode-languageclient/lib/common/utils/async.js:202:17)
	at Object.asSymbolInformations (/home/sammy/.vscode/extensions/oracle.oracle-java-24.0.0/node_modules/vscode-languageclient/lib/common/protocolConverter.js:558:22)
	at _provideDocumentSymbols (/home/sammy/.vscode/extensions/oracle.oracle-java-24.0.0/node_modules/vscode-languageclient/lib/common/documentSymbol.js:86:76)
	at async i2.provideDocumentSymbols (file:///usr/share/code/resources/app/out/vs/workbench/api/node/extensionHostProcess.js:147:125948)
2025-06-26 22:14:02.089 [error] Cannot read properties of undefined (reading 'range'): TypeError: Cannot read properties of undefined (reading 'range')
	at asSymbolInformation (/home/sammy/.vscode/extensions/oracle.oracle-java-24.0.0/node_modules/vscode-languageclient/lib/common/protocolConverter.js:591:33)
	at convertBatch (/home/sammy/.vscode/extensions/oracle.oracle-java-24.0.0/node_modules/vscode-languageclient/lib/common/utils/async.js:193:25)
	at Object.map (/home/sammy/.vscode/extensions/oracle.oracle-java-24.0.0/node_modules/vscode-languageclient/lib/common/utils/async.js:202:17)
	at Object.asSymbolInformations (/home/sammy/.vscode/extensions/oracle.oracle-java-24.0.0/node_modules/vscode-languageclient/lib/common/protocolConverter.js:558:22)
	at _provideDocumentSymbols (/home/sammy/.vscode/extensions/oracle.oracle-java-24.0.0/node_modules/vscode-languageclient/lib/common/documentSymbol.js:86:76)
	at runNextTicks (node:internal/process/task_queues:65:5)
	at process.processImmediate (node:internal/timers:453:9)
	at async i2.provideDocumentSymbols (file:///usr/share/code/resources/app/out/vs/workbench/api/node/extensionHostProcess.js:147:125948)
2025-06-26 22:14:02.089 [error] Cannot read properties of undefined (reading 'range'): TypeError: Cannot read properties of undefined (reading 'range')
	at asSymbolInformation (/home/sammy/.vscode/extensions/oracle.oracle-java-24.0.0/node_modules/vscode-languageclient/lib/common/protocolConverter.js:591:33)
	at convertBatch (/home/sammy/.vscode/extensions/oracle.oracle-java-24.0.0/node_modules/vscode-languageclient/lib/common/utils/async.js:193:25)
	at Object.map (/home/sammy/.vscode/extensions/oracle.oracle-java-24.0.0/node_modules/vscode-languageclient/lib/common/utils/async.js:202:17)
	at Object.asSymbolInformations (/home/sammy/.vscode/extensions/oracle.oracle-java-24.0.0/node_modules/vscode-languageclient/lib/common/protocolConverter.js:558:22)
	at _provideDocumentSymbols (/home/sammy/.vscode/extensions/oracle.oracle-java-24.0.0/node_modules/vscode-languageclient/lib/common/documentSymbol.js:86:76)
	at async i2.provideDocumentSymbols (file:///usr/share/code/resources/app/out/vs/workbench/api/node/extensionHostProcess.js:147:125948)
2025-06-26 22:14:03.285 [error] Cannot read properties of undefined (reading 'range'): TypeError: Cannot read properties of undefined (reading 'range')
	at asSymbolInformation (/home/sammy/.vscode/extensions/oracle.oracle-java-24.0.0/node_modules/vscode-languageclient/lib/common/protocolConverter.js:591:33)
	at convertBatch (/home/sammy/.vscode/extensions/oracle.oracle-java-24.0.0/node_modules/vscode-languageclient/lib/common/utils/async.js:193:25)
	at Object.map (/home/sammy/.vscode/extensions/oracle.oracle-java-24.0.0/node_modules/vscode-languageclient/lib/common/utils/async.js:202:17)
	at Object.asSymbolInformations (/home/sammy/.vscode/extensions/oracle.oracle-java-24.0.0/node_modules/vscode-languageclient/lib/common/protocolConverter.js:558:22)
	at _provideDocumentSymbols (/home/sammy/.vscode/extensions/oracle.oracle-java-24.0.0/node_modules/vscode-languageclient/lib/common/documentSymbol.js:86:76)
	at runNextTicks (node:internal/process/task_queues:65:5)
	at process.processImmediate (node:internal/timers:453:9)
	at async i2.provideDocumentSymbols (file:///usr/share/code/resources/app/out/vs/workbench/api/node/extensionHostProcess.js:147:125948)
2025-06-26 22:14:03.286 [error] Cannot read properties of undefined (reading 'range'): TypeError: Cannot read properties of undefined (reading 'range')
	at asSymbolInformation (/home/sammy/.vscode/extensions/oracle.oracle-java-24.0.0/node_modules/vscode-languageclient/lib/common/protocolConverter.js:591:33)
	at convertBatch (/home/sammy/.vscode/extensions/oracle.oracle-java-24.0.0/node_modules/vscode-languageclient/lib/common/utils/async.js:193:25)
	at Object.map (/home/sammy/.vscode/extensions/oracle.oracle-java-24.0.0/node_modules/vscode-languageclient/lib/common/utils/async.js:202:17)
	at Object.asSymbolInformations (/home/sammy/.vscode/extensions/oracle.oracle-java-24.0.0/node_modules/vscode-languageclient/lib/common/protocolConverter.js:558:22)
	at _provideDocumentSymbols (/home/sammy/.vscode/extensions/oracle.oracle-java-24.0.0/node_modules/vscode-languageclient/lib/common/documentSymbol.js:86:76)
	at async i2.provideDocumentSymbols (file:///usr/share/code/resources/app/out/vs/workbench/api/node/extensionHostProcess.js:147:125948)
2025-06-26 22:14:10.530 [error] Cannot read properties of undefined (reading 'range'): TypeError: Cannot read properties of undefined (reading 'range')
	at asSymbolInformation (/home/sammy/.vscode/extensions/oracle.oracle-java-24.0.0/node_modules/vscode-languageclient/lib/common/protocolConverter.js:591:33)
	at convertBatch (/home/sammy/.vscode/extensions/oracle.oracle-java-24.0.0/node_modules/vscode-languageclient/lib/common/utils/async.js:193:25)
	at Object.map (/home/sammy/.vscode/extensions/oracle.oracle-java-24.0.0/node_modules/vscode-languageclient/lib/common/utils/async.js:202:17)
	at Object.asSymbolInformations (/home/sammy/.vscode/extensions/oracle.oracle-java-24.0.0/node_modules/vscode-languageclient/lib/common/protocolConverter.js:558:22)
	at _provideDocumentSymbols (/home/sammy/.vscode/extensions/oracle.oracle-java-24.0.0/node_modules/vscode-languageclient/lib/common/documentSymbol.js:86:76)
	at runNextTicks (node:internal/process/task_queues:65:5)
	at process.processImmediate (node:internal/timers:453:9)
	at async i2.provideDocumentSymbols (file:///usr/share/code/resources/app/out/vs/workbench/api/node/extensionHostProcess.js:147:125948)
2025-06-26 22:14:10.539 [error] Cannot read properties of undefined (reading 'range'): TypeError: Cannot read properties of undefined (reading 'range')
	at asSymbolInformation (/home/sammy/.vscode/extensions/oracle.oracle-java-24.0.0/node_modules/vscode-languageclient/lib/common/protocolConverter.js:591:33)
	at convertBatch (/home/sammy/.vscode/extensions/oracle.oracle-java-24.0.0/node_modules/vscode-languageclient/lib/common/utils/async.js:193:25)
	at Object.map (/home/sammy/.vscode/extensions/oracle.oracle-java-24.0.0/node_modules/vscode-languageclient/lib/common/utils/async.js:202:17)
	at Object.asSymbolInformations (/home/sammy/.vscode/extensions/oracle.oracle-java-24.0.0/node_modules/vscode-languageclient/lib/common/protocolConverter.js:558:22)
	at _provideDocumentSymbols (/home/sammy/.vscode/extensions/oracle.oracle-java-24.0.0/node_modules/vscode-languageclient/lib/common/documentSymbol.js:86:76)
	at async i2.provideDocumentSymbols (file:///usr/share/code/resources/app/out/vs/workbench/api/node/extensionHostProcess.js:147:125948)
2025-06-26 22:14:11.865 [error] Cannot read properties of undefined (reading 'range'): TypeError: Cannot read properties of undefined (reading 'range')
	at asSymbolInformation (/home/sammy/.vscode/extensions/oracle.oracle-java-24.0.0/node_modules/vscode-languageclient/lib/common/protocolConverter.js:591:33)
	at convertBatch (/home/sammy/.vscode/extensions/oracle.oracle-java-24.0.0/node_modules/vscode-languageclient/lib/common/utils/async.js:193:25)
	at Object.map (/home/sammy/.vscode/extensions/oracle.oracle-java-24.0.0/node_modules/vscode-languageclient/lib/common/utils/async.js:202:17)
	at Object.asSymbolInformations (/home/sammy/.vscode/extensions/oracle.oracle-java-24.0.0/node_modules/vscode-languageclient/lib/common/protocolConverter.js:558:22)
	at _provideDocumentSymbols (/home/sammy/.vscode/extensions/oracle.oracle-java-24.0.0/node_modules/vscode-languageclient/lib/common/documentSymbol.js:86:76)
	at async i2.provideDocumentSymbols (file:///usr/share/code/resources/app/out/vs/workbench/api/node/extensionHostProcess.js:147:125948)
2025-06-26 22:15:35.174 [error] Cannot read properties of undefined (reading 'range'): TypeError: Cannot read properties of undefined (reading 'range')
	at asSymbolInformation (/home/sammy/.vscode/extensions/oracle.oracle-java-24.0.0/node_modules/vscode-languageclient/lib/common/protocolConverter.js:591:33)
	at convertBatch (/home/sammy/.vscode/extensions/oracle.oracle-java-24.0.0/node_modules/vscode-languageclient/lib/common/utils/async.js:193:25)
	at Object.map (/home/sammy/.vscode/extensions/oracle.oracle-java-24.0.0/node_modules/vscode-languageclient/lib/common/utils/async.js:202:17)
	at Object.asSymbolInformations (/home/sammy/.vscode/extensions/oracle.oracle-java-24.0.0/node_modules/vscode-languageclient/lib/common/protocolConverter.js:558:22)
	at _provideDocumentSymbols (/home/sammy/.vscode/extensions/oracle.oracle-java-24.0.0/node_modules/vscode-languageclient/lib/common/documentSymbol.js:86:76)
	at runNextTicks (node:internal/process/task_queues:65:5)
	at process.processImmediate (node:internal/timers:453:9)
	at async i2.provideDocumentSymbols (file:///usr/share/code/resources/app/out/vs/workbench/api/node/extensionHostProcess.js:147:125948)
2025-06-26 22:15:35.181 [error] Cannot read properties of undefined (reading 'range'): TypeError: Cannot read properties of undefined (reading 'range')
	at asSymbolInformation (/home/sammy/.vscode/extensions/oracle.oracle-java-24.0.0/node_modules/vscode-languageclient/lib/common/protocolConverter.js:591:33)
	at convertBatch (/home/sammy/.vscode/extensions/oracle.oracle-java-24.0.0/node_modules/vscode-languageclient/lib/common/utils/async.js:193:25)
	at Object.map (/home/sammy/.vscode/extensions/oracle.oracle-java-24.0.0/node_modules/vscode-languageclient/lib/common/utils/async.js:202:17)
	at Object.asSymbolInformations (/home/sammy/.vscode/extensions/oracle.oracle-java-24.0.0/node_modules/vscode-languageclient/lib/common/protocolConverter.js:558:22)
	at _provideDocumentSymbols (/home/sammy/.vscode/extensions/oracle.oracle-java-24.0.0/node_modules/vscode-languageclient/lib/common/documentSymbol.js:86:76)
	at async i2.provideDocumentSymbols (file:///usr/share/code/resources/app/out/vs/workbench/api/node/extensionHostProcess.js:147:125948)
2025-06-26 22:32:37.490 [error] Internal error.: Error: Internal error.
	at /home/sammy/.vscode/extensions/redhat.java-1.43.0-linux-x64/dist/extension.js:2:1070003
	at re (/home/sammy/.vscode/extensions/redhat.java-1.43.0-linux-x64/dist/extension.js:2:1070297)
	at /home/sammy/.vscode/extensions/redhat.java-1.43.0-linux-x64/dist/extension.js:2:1065081
	at Immediate.<anonymous> (/home/sammy/.vscode/extensions/redhat.java-1.43.0-linux-x64/dist/extension.js:2:1065101)
	at process.processImmediate (node:internal/timers:485:21)
2025-06-26 22:50:12.261 [error] Internal error.: Error: Internal error.
	at /home/sammy/.vscode/extensions/redhat.java-1.43.0-linux-x64/dist/extension.js:2:1070003
	at re (/home/sammy/.vscode/extensions/redhat.java-1.43.0-linux-x64/dist/extension.js:2:1070297)
	at /home/sammy/.vscode/extensions/redhat.java-1.43.0-linux-x64/dist/extension.js:2:1065081
	at Immediate.<anonymous> (/home/sammy/.vscode/extensions/redhat.java-1.43.0-linux-x64/dist/extension.js:2:1065101)
	at process.processImmediate (node:internal/timers:485:21)
2025-06-26 23:19:18.090 [error] Internal error.: Error: Internal error.
	at /home/sammy/.vscode/extensions/redhat.java-1.43.0-linux-x64/dist/extension.js:2:1070003
	at re (/home/sammy/.vscode/extensions/redhat.java-1.43.0-linux-x64/dist/extension.js:2:1070297)
	at /home/sammy/.vscode/extensions/redhat.java-1.43.0-linux-x64/dist/extension.js:2:1065081
	at Immediate.<anonymous> (/home/sammy/.vscode/extensions/redhat.java-1.43.0-linux-x64/dist/extension.js:2:1065101)
	at process.processImmediate (node:internal/timers:485:21)
2025-06-27 00:07:47.913 [error] An unknown error occurred. Please consult the log for more details.
2025-06-27 00:07:52.854 [error] An unknown error occurred. Please consult the log for more details.
2025-06-27 00:08:56.685 [error] An unknown error occurred. Please consult the log for more details.
2025-06-27 00:09:00.547 [error] An unknown error occurred. Please consult the log for more details.
2025-06-27 00:13:40.454 [error] An unknown error occurred. Please consult the log for more details.
2025-06-27 00:13:44.422 [error] An unknown error occurred. Please consult the log for more details.
