2025-06-27 00:27:55.344 [info] Reading sessions from keychain...
2025-06-27 00:27:55.344 [info] Getting sessions for all scopes...
2025-06-27 00:27:55.344 [info] Getting sessions for all scopes...
2025-06-27 00:27:55.344 [info] Getting sessions for all scopes...
2025-06-27 00:27:55.344 [info] Getting sessions for all scopes...
2025-06-27 00:27:55.344 [info] Getting sessions for all scopes...
2025-06-27 00:27:55.344 [info] Getting sessions for all scopes...
2025-06-27 00:27:55.344 [info] Getting sessions for all scopes...
2025-06-27 00:27:55.344 [info] Getting sessions for all scopes...
2025-06-27 00:27:55.344 [info] Getting sessions for all scopes...
2025-06-27 00:27:55.344 [info] Got stored sessions!
2025-06-27 00:27:55.344 [info] Got 1 verified sessions.
2025-06-27 00:27:55.344 [info] Got 1 sessions for ...
2025-06-27 00:27:55.344 [info] Got 1 sessions for ...
2025-06-27 00:27:55.344 [info] Got 1 sessions for ...
2025-06-27 00:27:55.344 [info] Got 1 sessions for ...
2025-06-27 00:27:55.344 [info] Got 1 sessions for ...
2025-06-27 00:27:55.344 [info] Got 1 sessions for ...
2025-06-27 00:27:55.344 [info] Got 1 sessions for ...
2025-06-27 00:27:55.344 [info] Got 1 sessions for ...
2025-06-27 00:27:55.344 [info] Got 1 sessions for ...
2025-06-27 00:27:55.344 [info] Getting sessions for all scopes...
2025-06-27 00:27:55.344 [info] Got 1 sessions for ...
2025-06-27 00:27:55.344 [info] Getting sessions for all scopes...
2025-06-27 00:27:55.344 [info] Got 1 sessions for ...
2025-06-27 00:27:55.344 [info] Getting sessions for all scopes...
2025-06-27 00:27:55.344 [info] Got 1 sessions for ...
2025-06-27 00:27:55.344 [info] Getting sessions for all scopes...
2025-06-27 00:27:55.344 [info] Got 1 sessions for ...
2025-06-27 00:27:55.344 [info] Getting sessions for all scopes...
2025-06-27 00:27:55.344 [info] Got 1 sessions for ...
2025-06-27 00:27:55.344 [info] Getting sessions for all scopes...
2025-06-27 00:27:55.344 [info] Got 1 sessions for ...
2025-06-27 00:27:55.344 [info] Getting sessions for all scopes...
2025-06-27 00:27:55.344 [info] Got 1 sessions for ...
