2025-06-13 15:32:16.726 [info] Reading sessions from keychain...
2025-06-13 15:32:16.726 [info] Getting sessions for all scopes...
2025-06-13 15:32:16.726 [info] Getting sessions for all scopes...
2025-06-13 15:32:16.726 [info] Getting sessions for all scopes...
2025-06-13 15:32:16.726 [info] Getting sessions for all scopes...
2025-06-13 15:32:16.726 [info] Getting sessions for all scopes...
2025-06-13 15:32:16.726 [info] Getting sessions for all scopes...
2025-06-13 15:32:16.726 [info] Getting sessions for all scopes...
2025-06-13 15:32:16.762 [info] Got stored sessions!
2025-06-13 15:32:16.762 [info] Got 1 verified sessions.
2025-06-13 15:32:16.762 [info] Got 1 sessions for ...
2025-06-13 15:32:16.762 [info] Got 1 sessions for ...
2025-06-13 15:32:16.762 [info] Got 1 sessions for ...
2025-06-13 15:32:16.762 [info] Got 1 sessions for ...
2025-06-13 15:32:16.762 [info] Got 1 sessions for ...
2025-06-13 15:32:16.762 [info] Got 1 sessions for ...
2025-06-13 15:32:16.762 [info] Got 1 sessions for ...
2025-06-13 15:32:16.764 [info] Getting sessions for all scopes...
2025-06-13 15:32:16.764 [info] Got 1 sessions for ...
2025-06-13 15:32:16.764 [info] Getting sessions for all scopes...
2025-06-13 15:32:16.764 [info] Got 1 sessions for ...
2025-06-13 15:32:16.764 [info] Getting sessions for all scopes...
2025-06-13 15:32:16.764 [info] Got 1 sessions for ...
2025-06-13 15:32:16.764 [info] Getting sessions for all scopes...
2025-06-13 15:32:16.764 [info] Got 1 sessions for ...
2025-06-13 15:32:16.764 [info] Getting sessions for all scopes...
2025-06-13 15:32:16.764 [info] Got 1 sessions for ...
2025-06-13 15:32:16.765 [info] Getting sessions for all scopes...
2025-06-13 15:32:16.765 [info] Got 1 sessions for ...
2025-06-13 15:32:16.848 [info] Getting sessions for all scopes...
2025-06-13 15:32:16.848 [info] Got 1 sessions for ...
2025-06-13 15:32:17.604 [info] Getting sessions for all scopes...
2025-06-13 15:32:17.604 [info] Got 1 sessions for ...
2025-06-13 15:32:18.191 [info] Getting sessions for all scopes...
2025-06-13 15:32:18.191 [info] Got 1 sessions for ...
2025-06-13 15:32:18.194 [info] Getting sessions for read:user,repo,user:email,workflow...
2025-06-13 15:32:18.194 [info] Got 1 sessions for read:user,repo,user:email,workflow...
