2025-06-22 16:27:42.469 [info] [main] Log level: Info
2025-06-22 16:27:42.469 [info] [main] Validating found git in: "git"
2025-06-22 16:27:42.469 [info] [main] Using git "2.43.0" from "git"
2025-06-22 16:27:42.469 [info] [Model][doInitialScan] Initial repository scan started
2025-06-22 16:27:42.469 [info] > git rev-parse --show-toplevel [212ms]
2025-06-22 16:27:42.469 [info] > git rev-parse --git-dir --git-common-dir [85ms]
2025-06-22 16:27:42.469 [info] [Model][openRepository] Opened repository (path): /home/sammy/Desktop/temp/hello-world
2025-06-22 16:27:42.469 [info] [Model][openRepository] Opened repository (real path): /home/sammy/Desktop/temp/hello-world
2025-06-22 16:27:42.488 [info] > git rev-parse --show-toplevel [227ms]
2025-06-22 16:27:42.489 [info] > git config --get commit.template [234ms]
2025-06-22 16:27:42.753 [info] > git for-each-ref --format=%(refname)%00%(upstream:short)%00%(objectname)%00%(upstream:track)%00%(upstream:remotename)%00%(upstream:remoteref) refs/heads/b1 refs/remotes/b1 [17ms]
2025-06-22 16:27:42.819 [info] > git status -z -uall [57ms]
2025-06-22 16:27:42.821 [info] > git rev-parse --show-toplevel [71ms]
2025-06-22 16:27:42.899 [info] > git for-each-ref --sort -committerdate --format %(refname)%00%(objectname)%00%(*objectname) [125ms]
2025-06-22 16:27:42.979 [info] > git for-each-ref --format=%(refname)%00%(upstream:short)%00%(objectname)%00%(upstream:track)%00%(upstream:remotename)%00%(upstream:remoteref) refs/heads/b1 refs/remotes/b1 [34ms]
2025-06-22 16:27:42.992 [info] > git rev-parse --show-toplevel [97ms]
2025-06-22 16:27:43.006 [info] > git config --get commit.template [31ms]
2025-06-22 16:27:43.023 [info] > git check-ignore -v -z --stdin [5ms]
2025-06-22 16:27:43.024 [info] > git rev-parse --show-toplevel [20ms]
2025-06-22 16:27:43.024 [info] > git config --get --local branch.b1.vscode-merge-base [33ms]
2025-06-22 16:27:43.066 [info] > git for-each-ref --format=%(refname)%00%(upstream:short)%00%(objectname)%00%(upstream:track)%00%(upstream:remotename)%00%(upstream:remoteref) refs/heads/origin/main refs/remotes/origin/main [31ms]
2025-06-22 16:27:43.069 [info] > git rev-parse --show-toplevel [9ms]
2025-06-22 16:27:43.070 [info] > git for-each-ref --format=%(refname)%00%(upstream:short)%00%(objectname)%00%(upstream:track)%00%(upstream:remotename)%00%(upstream:remoteref) refs/heads/b1 refs/remotes/b1 [21ms]
2025-06-22 16:27:43.105 [info] > git status -z -uall [24ms]
2025-06-22 16:27:43.112 [info] > git rev-parse --show-toplevel [7ms]
2025-06-22 16:27:43.112 [info] > git for-each-ref --sort -committerdate --format %(refname)%00%(objectname)%00%(*objectname) [17ms]
2025-06-22 16:27:43.138 [info] > git rev-parse --show-toplevel [10ms]
2025-06-22 16:27:43.182 [info] > git rev-parse --show-toplevel [35ms]
2025-06-22 16:27:43.185 [info] [Model][doInitialScan] Initial repository scan completed - repositories (1), closed repositories (0), parent repositories (0), unsafe repositories (0)
2025-06-22 16:27:43.206 [info] > git show --textconv :Stacks-Queues/Stack-LL.cpp [10ms]
2025-06-22 16:27:43.218 [info] > git ls-files --stage -- Stacks-Queues/Stack-LL.cpp [14ms]
2025-06-22 16:27:43.236 [info] > git cat-file -s 18c2ea6215ef7e727bd1b87171889a2febe81ec2 [9ms]
2025-06-22 16:27:43.344 [info] > git blame --root --incremental e02a7bc82119cca1ae8f4fc399ee934fa34f659b -- Stacks-Queues/Stack-LL.cpp [16ms]
2025-06-22 16:30:25.909 [info] > git config --get commit.template [12ms]
2025-06-22 16:30:25.909 [info] > git for-each-ref --format=%(refname)%00%(upstream:short)%00%(objectname)%00%(upstream:track)%00%(upstream:remotename)%00%(upstream:remoteref) refs/heads/b1 refs/remotes/b1 [1ms]
2025-06-22 16:30:25.931 [info] > git status -z -uall [16ms]
2025-06-22 16:30:25.931 [info] > git check-ignore -v -z --stdin [1ms]
2025-06-22 16:30:25.931 [info] > git for-each-ref --sort -committerdate --format %(refname)%00%(objectname)%00%(*objectname) [8ms]
2025-06-22 16:37:41.464 [info] > git config --get commit.template [11ms]
2025-06-22 16:37:41.464 [info] > git for-each-ref --format=%(refname)%00%(upstream:short)%00%(objectname)%00%(upstream:track)%00%(upstream:remotename)%00%(upstream:remoteref) refs/heads/b1 refs/remotes/b1 [2ms]
2025-06-22 16:37:41.487 [info] > git status -z -uall [13ms]
2025-06-22 16:37:41.488 [info] > git for-each-ref --sort -committerdate --format %(refname)%00%(objectname)%00%(*objectname) [3ms]
2025-06-22 16:38:15.945 [info] > git config --get commit.template [12ms]
2025-06-22 16:38:15.946 [info] > git for-each-ref --format=%(refname)%00%(upstream:short)%00%(objectname)%00%(upstream:track)%00%(upstream:remotename)%00%(upstream:remoteref) refs/heads/b1 refs/remotes/b1 [3ms]
2025-06-22 16:38:15.969 [info] > git status -z -uall [12ms]
2025-06-22 16:38:15.970 [info] > git for-each-ref --sort -committerdate --format %(refname)%00%(objectname)%00%(*objectname) [2ms]
2025-06-22 16:38:20.984 [info] > git config --get commit.template [1ms]
2025-06-22 16:38:20.996 [info] > git for-each-ref --format=%(refname)%00%(upstream:short)%00%(objectname)%00%(upstream:track)%00%(upstream:remotename)%00%(upstream:remoteref) refs/heads/b1 refs/remotes/b1 [2ms]
2025-06-22 16:38:21.016 [info] > git status -z -uall [9ms]
2025-06-22 16:38:21.017 [info] > git for-each-ref --sort -committerdate --format %(refname)%00%(objectname)%00%(*objectname) [1ms]
2025-06-22 16:38:21.355 [info] > git show --textconv :Stacks-Queues/reverseStringStack.cpp [7ms]
2025-06-22 16:38:21.356 [info] > git ls-files --stage -- Stacks-Queues/reverseStringStack.cpp [2ms]
2025-06-22 16:38:21.367 [info] > git cat-file -s 38943e4916e8307305a7c2340c880fb74bdea227 [2ms]
2025-06-22 16:38:21.382 [info] > git blame --root --incremental 5f255590b111869ac55848549661f3465d93701c -- Stacks-Queues/reverseStringStack.cpp [1ms]
2025-06-22 16:38:30.822 [info] > git config --get commit.template [12ms]
2025-06-22 16:38:30.822 [info] > git for-each-ref --format=%(refname)%00%(upstream:short)%00%(objectname)%00%(upstream:track)%00%(upstream:remotename)%00%(upstream:remoteref) refs/heads/b1 refs/remotes/b1 [1ms]
2025-06-22 16:38:30.839 [info] > git status -z -uall [7ms]
2025-06-22 16:38:30.840 [info] > git for-each-ref --sort -committerdate --format %(refname)%00%(objectname)%00%(*objectname) [1ms]
2025-06-22 16:39:09.689 [info] > git config --get commit.template [15ms]
2025-06-22 16:39:09.690 [info] > git for-each-ref --format=%(refname)%00%(upstream:short)%00%(objectname)%00%(upstream:track)%00%(upstream:remotename)%00%(upstream:remoteref) refs/heads/b1 refs/remotes/b1 [2ms]
2025-06-22 16:39:09.710 [info] > git status -z -uall [10ms]
2025-06-22 16:39:09.710 [info] > git for-each-ref --sort -committerdate --format %(refname)%00%(objectname)%00%(*objectname) [2ms]
2025-06-22 16:39:11.355 [info] > git log --format=%H%n%aN%n%aE%n%at%n%ct%n%P%n%D%n%B -z --shortstat --diff-merges=first-parent -n50 --skip=0 --topo-order --decorate=full --stdin [101ms]
2025-06-22 16:39:11.867 [info] > git check-ignore -v -z --stdin [1ms]
2025-06-22 16:51:48.691 [info] > git config --get commit.template [9ms]
2025-06-22 16:51:48.691 [info] > git for-each-ref --format=%(refname)%00%(upstream:short)%00%(objectname)%00%(upstream:track)%00%(upstream:remotename)%00%(upstream:remoteref) refs/heads/b1 refs/remotes/b1 [2ms]
2025-06-22 16:51:48.708 [info] > git status -z -uall [10ms]
2025-06-22 16:51:48.709 [info] > git for-each-ref --sort -committerdate --format %(refname)%00%(objectname)%00%(*objectname) [3ms]
2025-06-22 16:52:02.244 [info] > git config --get commit.template [7ms]
2025-06-22 16:52:02.245 [info] > git for-each-ref --format=%(refname)%00%(upstream:short)%00%(objectname)%00%(upstream:track)%00%(upstream:remotename)%00%(upstream:remoteref) refs/heads/b1 refs/remotes/b1 [1ms]
2025-06-22 16:52:02.258 [info] > git status -z -uall [7ms]
2025-06-22 16:52:02.258 [info] > git for-each-ref --sort -committerdate --format %(refname)%00%(objectname)%00%(*objectname) [1ms]
2025-06-22 16:52:11.076 [info] > git config --get commit.template [12ms]
2025-06-22 16:52:11.076 [info] > git for-each-ref --format=%(refname)%00%(upstream:short)%00%(objectname)%00%(upstream:track)%00%(upstream:remotename)%00%(upstream:remoteref) refs/heads/b1 refs/remotes/b1 [1ms]
2025-06-22 16:52:11.092 [info] > git status -z -uall [9ms]
2025-06-22 16:52:11.092 [info] > git for-each-ref --sort -committerdate --format %(refname)%00%(objectname)%00%(*objectname) [1ms]
2025-06-22 16:52:18.355 [info] > git config --get commit.template [12ms]
2025-06-22 16:52:18.356 [info] > git for-each-ref --format=%(refname)%00%(upstream:short)%00%(objectname)%00%(upstream:track)%00%(upstream:remotename)%00%(upstream:remoteref) refs/heads/b1 refs/remotes/b1 [1ms]
2025-06-22 16:52:18.371 [info] > git status -z -uall [8ms]
2025-06-22 16:52:18.372 [info] > git for-each-ref --sort -committerdate --format %(refname)%00%(objectname)%00%(*objectname) [2ms]
2025-06-22 16:52:45.898 [info] > git config --get commit.template [11ms]
2025-06-22 16:52:45.899 [info] > git for-each-ref --format=%(refname)%00%(upstream:short)%00%(objectname)%00%(upstream:track)%00%(upstream:remotename)%00%(upstream:remoteref) refs/heads/b1 refs/remotes/b1 [2ms]
2025-06-22 16:52:45.920 [info] > git status -z -uall [11ms]
2025-06-22 16:52:45.920 [info] > git for-each-ref --sort -committerdate --format %(refname)%00%(objectname)%00%(*objectname) [2ms]
2025-06-22 16:53:10.607 [info] > git config --get commit.template [11ms]
2025-06-22 16:53:10.608 [info] > git for-each-ref --format=%(refname)%00%(upstream:short)%00%(objectname)%00%(upstream:track)%00%(upstream:remotename)%00%(upstream:remoteref) refs/heads/b1 refs/remotes/b1 [2ms]
2025-06-22 16:53:10.625 [info] > git status -z -uall [8ms]
2025-06-22 16:53:10.626 [info] > git for-each-ref --sort -committerdate --format %(refname)%00%(objectname)%00%(*objectname) [2ms]
2025-06-22 16:53:15.648 [info] > git config --get commit.template [10ms]
2025-06-22 16:53:15.648 [info] > git for-each-ref --format=%(refname)%00%(upstream:short)%00%(objectname)%00%(upstream:track)%00%(upstream:remotename)%00%(upstream:remoteref) refs/heads/b1 refs/remotes/b1 [1ms]
2025-06-22 16:53:15.662 [info] > git status -z -uall [8ms]
2025-06-22 16:53:15.663 [info] > git for-each-ref --sort -committerdate --format %(refname)%00%(objectname)%00%(*objectname) [2ms]
2025-06-22 16:53:15.993 [info] > git show --textconv :Stacks-Queues/validParentheses.cpp [10ms]
2025-06-22 16:53:15.994 [info] > git ls-files --stage -- Stacks-Queues/validParentheses.cpp [2ms]
2025-06-22 16:53:16.001 [info] > git cat-file -s 27c009fa5cd0101ea4600452d1cf106e65a6b2f2 [1ms]
2025-06-22 16:53:16.016 [info] > git blame --root --incremental 5cda9440fdbdb0bde2ab4c4266e7955f146f9f13 -- Stacks-Queues/validParentheses.cpp [1ms]
2025-06-22 16:57:30.802 [info] > git config --get commit.template [10ms]
2025-06-22 16:57:30.802 [info] > git for-each-ref --format=%(refname)%00%(upstream:short)%00%(objectname)%00%(upstream:track)%00%(upstream:remotename)%00%(upstream:remoteref) refs/heads/b1 refs/remotes/b1 [1ms]
2025-06-22 16:57:30.817 [info] > git status -z -uall [9ms]
2025-06-22 16:57:30.818 [info] > git for-each-ref --sort -committerdate --format %(refname)%00%(objectname)%00%(*objectname) [1ms]
2025-06-22 16:57:35.837 [info] > git config --get commit.template [2ms]
2025-06-22 16:57:35.850 [info] > git for-each-ref --format=%(refname)%00%(upstream:short)%00%(objectname)%00%(upstream:track)%00%(upstream:remotename)%00%(upstream:remoteref) refs/heads/b1 refs/remotes/b1 [2ms]
2025-06-22 16:57:35.869 [info] > git status -z -uall [10ms]
2025-06-22 16:57:35.870 [info] > git for-each-ref --sort -committerdate --format %(refname)%00%(objectname)%00%(*objectname) [2ms]
2025-06-22 21:54:13.735 [info] > git config --get commit.template [2ms]
2025-06-22 21:54:13.747 [info] > git for-each-ref --format=%(refname)%00%(upstream:short)%00%(objectname)%00%(upstream:track)%00%(upstream:remotename)%00%(upstream:remoteref) refs/heads/b1 refs/remotes/b1 [2ms]
2025-06-22 21:54:13.764 [info] > git status -z -uall [9ms]
2025-06-22 21:54:13.765 [info] > git for-each-ref --sort -committerdate --format %(refname)%00%(objectname)%00%(*objectname) [2ms]
2025-06-22 21:54:18.845 [info] > git config --get commit.template [12ms]
2025-06-22 21:54:18.846 [info] > git for-each-ref --format=%(refname)%00%(upstream:short)%00%(objectname)%00%(upstream:track)%00%(upstream:remotename)%00%(upstream:remoteref) refs/heads/b1 refs/remotes/b1 [10ms]
2025-06-22 21:54:18.869 [info] > git status -z -uall [11ms]
2025-06-22 21:54:18.870 [info] > git for-each-ref --sort -committerdate --format %(refname)%00%(objectname)%00%(*objectname) [3ms]
2025-06-22 21:54:18.886 [info] > git blame --root --incremental f280e958cf1fbe5a8994d9f6f9441f95b7418b80 -- Stacks-Queues/validParentheses.cpp [1ms]
2025-06-22 21:54:18.924 [info] > git ls-files --stage -- Stacks-Queues/validParentheses.cpp [1ms]
2025-06-22 21:54:18.937 [info] > git cat-file -s 71a57f8cfe6ea948a80fbd48b2be1c55717d8e27 [2ms]
2025-06-22 21:54:18.949 [info] > git show --textconv :Stacks-Queues/validParentheses.cpp [2ms]
2025-06-22 21:54:49.293 [info] > git config --get commit.template [16ms]
2025-06-22 21:54:49.294 [info] > git for-each-ref --format=%(refname)%00%(upstream:short)%00%(objectname)%00%(upstream:track)%00%(upstream:remotename)%00%(upstream:remoteref) refs/heads/b1 refs/remotes/b1 [2ms]
2025-06-22 21:54:49.314 [info] > git status -z -uall [8ms]
2025-06-22 21:54:49.315 [info] > git for-each-ref --sort -committerdate --format %(refname)%00%(objectname)%00%(*objectname) [2ms]
2025-06-22 21:54:51.203 [info] > git log --format=%H%n%aN%n%aE%n%at%n%ct%n%P%n%D%n%B -z --shortstat --diff-merges=first-parent -n50 --skip=0 --topo-order --decorate=full --stdin [41ms]
2025-06-22 21:54:51.701 [info] > git check-ignore -v -z --stdin [2ms]
2025-06-22 21:54:57.386 [info] > git log --format=%H%n%aN%n%aE%n%at%n%ct%n%P%n%D%n%B -z --shortstat --diff-merges=first-parent -n50 --skip=0 --topo-order --decorate=full --stdin [9ms]
2025-06-22 22:01:49.971 [info] > git config --get commit.template [9ms]
2025-06-22 22:01:49.971 [info] > git for-each-ref --format=%(refname)%00%(upstream:short)%00%(objectname)%00%(upstream:track)%00%(upstream:remotename)%00%(upstream:remoteref) refs/heads/b1 refs/remotes/b1 [1ms]
2025-06-22 22:01:49.986 [info] > git status -z -uall [9ms]
2025-06-22 22:01:49.987 [info] > git for-each-ref --sort -committerdate --format %(refname)%00%(objectname)%00%(*objectname) [1ms]
2025-06-22 22:02:03.593 [info] > git config --get commit.template [13ms]
2025-06-22 22:02:03.593 [info] > git for-each-ref --format=%(refname)%00%(upstream:short)%00%(objectname)%00%(upstream:track)%00%(upstream:remotename)%00%(upstream:remoteref) refs/heads/b1 refs/remotes/b1 [1ms]
2025-06-22 22:02:03.610 [info] > git status -z -uall [6ms]
2025-06-22 22:02:03.610 [info] > git for-each-ref --sort -committerdate --format %(refname)%00%(objectname)%00%(*objectname) [1ms]
2025-06-22 22:02:33.049 [info] > git config --get commit.template [13ms]
2025-06-22 22:02:33.050 [info] > git for-each-ref --format=%(refname)%00%(upstream:short)%00%(objectname)%00%(upstream:track)%00%(upstream:remotename)%00%(upstream:remoteref) refs/heads/b1 refs/remotes/b1 [1ms]
2025-06-22 22:02:33.073 [info] > git status -z -uall [13ms]
2025-06-22 22:02:33.074 [info] > git for-each-ref --sort -committerdate --format %(refname)%00%(objectname)%00%(*objectname) [2ms]
2025-06-22 22:02:38.106 [info] > git config --get commit.template [9ms]
2025-06-22 22:02:38.107 [info] > git for-each-ref --format=%(refname)%00%(upstream:short)%00%(objectname)%00%(upstream:track)%00%(upstream:remotename)%00%(upstream:remoteref) refs/heads/b1 refs/remotes/b1 [2ms]
2025-06-22 22:02:38.126 [info] > git status -z -uall [9ms]
2025-06-22 22:02:38.128 [info] > git for-each-ref --sort -committerdate --format %(refname)%00%(objectname)%00%(*objectname) [2ms]
2025-06-22 22:02:38.468 [info] > git show --textconv :Stacks-Queues/rcReverseStack.cpp [9ms]
2025-06-22 22:02:38.470 [info] > git ls-files --stage -- Stacks-Queues/rcReverseStack.cpp [3ms]
2025-06-22 22:02:38.481 [info] > git cat-file -s 00e6c573a03b439843d52989ca5c80e1e77f2f54 [2ms]
2025-06-22 22:02:38.498 [info] > git blame --root --incremental d5e3145678581cbff39a3100477cbffb8017af30 -- Stacks-Queues/rcReverseStack.cpp [1ms]
2025-06-22 22:35:43.361 [info] > git config --get commit.template [10ms]
2025-06-22 22:35:43.362 [info] > git for-each-ref --format=%(refname)%00%(upstream:short)%00%(objectname)%00%(upstream:track)%00%(upstream:remotename)%00%(upstream:remoteref) refs/heads/b1 refs/remotes/b1 [1ms]
2025-06-22 22:35:43.380 [info] > git status -z -uall [7ms]
2025-06-22 22:35:43.380 [info] > git for-each-ref --sort -committerdate --format %(refname)%00%(objectname)%00%(*objectname) [1ms]
2025-06-22 22:35:56.574 [info] > git for-each-ref --format=%(refname)%00%(upstream:short)%00%(objectname)%00%(upstream:track)%00%(upstream:remotename)%00%(upstream:remoteref) refs/heads/b1 refs/remotes/b1 [2ms]
2025-06-22 22:35:56.575 [info] > git config --get commit.template [17ms]
2025-06-22 22:35:56.595 [info] > git status -z -uall [9ms]
2025-06-22 22:35:56.596 [info] > git for-each-ref --sort -committerdate --format %(refname)%00%(objectname)%00%(*objectname) [2ms]
2025-06-22 22:36:08.341 [info] > git config --get commit.template [13ms]
2025-06-22 22:36:08.342 [info] > git for-each-ref --format=%(refname)%00%(upstream:short)%00%(objectname)%00%(upstream:track)%00%(upstream:remotename)%00%(upstream:remoteref) refs/heads/b1 refs/remotes/b1 [2ms]
2025-06-22 22:36:08.359 [info] > git status -z -uall [8ms]
2025-06-22 22:36:08.360 [info] > git for-each-ref --sort -committerdate --format %(refname)%00%(objectname)%00%(*objectname) [1ms]
2025-06-22 22:36:11.960 [info] > git ls-files --stage -- Stacks-Queues/rcReverseStack.cpp [2ms]
2025-06-22 22:36:11.975 [info] > git cat-file -s 00e6c573a03b439843d52989ca5c80e1e77f2f54 [2ms]
2025-06-22 22:36:11.989 [info] > git show --textconv :Stacks-Queues/rcReverseStack.cpp [1ms]
2025-06-22 22:36:13.376 [info] > git config --get commit.template [2ms]
2025-06-22 22:36:13.386 [info] > git for-each-ref --format=%(refname)%00%(upstream:short)%00%(objectname)%00%(upstream:track)%00%(upstream:remotename)%00%(upstream:remoteref) refs/heads/b1 refs/remotes/b1 [1ms]
2025-06-22 22:36:13.399 [info] > git status -z -uall [7ms]
2025-06-22 22:36:13.400 [info] > git for-each-ref --sort -committerdate --format %(refname)%00%(objectname)%00%(*objectname) [1ms]
2025-06-22 22:36:24.147 [info] > git config --get commit.template [16ms]
2025-06-22 22:36:24.148 [info] > git for-each-ref --format=%(refname)%00%(upstream:short)%00%(objectname)%00%(upstream:track)%00%(upstream:remotename)%00%(upstream:remoteref) refs/heads/b1 refs/remotes/b1 [2ms]
2025-06-22 22:36:24.169 [info] > git status -z -uall [10ms]
2025-06-22 22:36:24.170 [info] > git for-each-ref --sort -committerdate --format %(refname)%00%(objectname)%00%(*objectname) [1ms]
2025-06-22 22:40:38.662 [info] > git for-each-ref --format=%(refname)%00%(upstream:short)%00%(objectname)%00%(upstream:track)%00%(upstream:remotename)%00%(upstream:remoteref) refs/heads/b1 refs/remotes/b1 [2ms]
2025-06-22 22:40:38.662 [info] > git config --get commit.template [16ms]
2025-06-22 22:40:38.679 [info] > git status -z -uall [7ms]
2025-06-22 22:40:38.680 [info] > git for-each-ref --sort -committerdate --format %(refname)%00%(objectname)%00%(*objectname) [1ms]
2025-06-22 22:41:04.303 [info] > git config --get commit.template [15ms]
2025-06-22 22:41:04.304 [info] > git for-each-ref --format=%(refname)%00%(upstream:short)%00%(objectname)%00%(upstream:track)%00%(upstream:remotename)%00%(upstream:remoteref) refs/heads/b1 refs/remotes/b1 [2ms]
2025-06-22 22:41:04.323 [info] > git status -z -uall [10ms]
2025-06-22 22:41:04.323 [info] > git for-each-ref --sort -committerdate --format %(refname)%00%(objectname)%00%(*objectname) [1ms]
2025-06-22 22:41:07.737 [info] > git log --format=%H%n%aN%n%aE%n%at%n%ct%n%P%n%D%n%B -z --shortstat --diff-merges=first-parent -n50 --skip=0 --topo-order --decorate=full --stdin [9ms]
2025-06-22 22:41:11.692 [info] > git log --format=%H%n%aN%n%aE%n%at%n%ct%n%P%n%D%n%B -z --shortstat --diff-merges=first-parent -n50 --skip=0 --topo-order --decorate=full --stdin [9ms]
2025-06-22 22:41:27.731 [info] > git config --get commit.template [9ms]
2025-06-22 22:41:27.731 [info] > git for-each-ref --format=%(refname)%00%(upstream:short)%00%(objectname)%00%(upstream:track)%00%(upstream:remotename)%00%(upstream:remoteref) refs/heads/b1 refs/remotes/b1 [1ms]
2025-06-22 22:41:27.747 [info] > git status -z -uall [8ms]
2025-06-22 22:41:27.748 [info] > git for-each-ref --sort -committerdate --format %(refname)%00%(objectname)%00%(*objectname) [3ms]
2025-06-22 22:41:28.796 [info] > git config --get commit.template [2ms]
2025-06-22 22:41:28.805 [info] > git for-each-ref --format=%(refname)%00%(upstream:short)%00%(objectname)%00%(upstream:track)%00%(upstream:remotename)%00%(upstream:remoteref) refs/heads/b1 refs/remotes/b1 [1ms]
2025-06-22 22:41:28.820 [info] > git status -z -uall [8ms]
2025-06-22 22:41:28.820 [info] > git for-each-ref --sort -committerdate --format %(refname)%00%(objectname)%00%(*objectname) [1ms]
2025-06-22 22:41:28.893 [info] > git ls-files --stage -- Stacks-Queues/rcReverseStack.cpp [1ms]
2025-06-22 22:41:28.901 [info] > git cat-file -s 00e6c573a03b439843d52989ca5c80e1e77f2f54 [1ms]
2025-06-22 22:41:28.909 [info] > git show --textconv :Stacks-Queues/rcReverseStack.cpp [1ms]
2025-06-22 22:41:38.795 [info] > git config --get commit.template [1ms]
2025-06-22 22:41:38.805 [info] > git for-each-ref --format=%(refname)%00%(upstream:short)%00%(objectname)%00%(upstream:track)%00%(upstream:remotename)%00%(upstream:remoteref) refs/heads/b1 refs/remotes/b1 [2ms]
2025-06-22 22:41:38.822 [info] > git status -z -uall [8ms]
2025-06-22 22:41:38.823 [info] > git for-each-ref --sort -committerdate --format %(refname)%00%(objectname)%00%(*objectname) [2ms]
2025-06-22 22:41:38.893 [info] > git ls-files --stage -- Stacks-Queues/rcReverseStack.cpp [2ms]
2025-06-22 22:41:38.903 [info] > git cat-file -s 00e6c573a03b439843d52989ca5c80e1e77f2f54 [1ms]
2025-06-22 22:41:38.915 [info] > git show --textconv :Stacks-Queues/rcReverseStack.cpp [1ms]
2025-06-22 22:41:43.848 [info] > git config --get commit.template [13ms]
2025-06-22 22:41:43.849 [info] > git for-each-ref --format=%(refname)%00%(upstream:short)%00%(objectname)%00%(upstream:track)%00%(upstream:remotename)%00%(upstream:remoteref) refs/heads/b1 refs/remotes/b1 [1ms]
2025-06-22 22:41:43.864 [info] > git status -z -uall [7ms]
2025-06-22 22:41:43.865 [info] > git for-each-ref --sort -committerdate --format %(refname)%00%(objectname)%00%(*objectname) [2ms]
2025-06-22 23:06:51.521 [info] > git config --get commit.template [10ms]
2025-06-22 23:06:51.521 [info] > git for-each-ref --format=%(refname)%00%(upstream:short)%00%(objectname)%00%(upstream:track)%00%(upstream:remotename)%00%(upstream:remoteref) refs/heads/main refs/remotes/main [0ms]
2025-06-22 23:06:51.538 [info] > git status -z -uall [8ms]
2025-06-22 23:06:51.539 [info] > git for-each-ref --sort -committerdate --format %(refname)%00%(objectname)%00%(*objectname) [1ms]
2025-06-22 23:06:51.558 [info] > git blame --root --incremental 69b9dcc6dfe90b98e8bb035d9f0b8256f1c64bba -- Stacks-Queues/rcReverseStack.cpp [9ms]
2025-06-22 23:06:51.558 [info] fatal: no such path Stacks-Queues/rcReverseStack.cpp in 69b9dcc6dfe90b98e8bb035d9f0b8256f1c64bba
2025-06-22 23:06:51.559 [info] > git for-each-ref --format=%(refname)%00%(upstream:short)%00%(objectname)%00%(upstream:track)%00%(upstream:remotename)%00%(upstream:remoteref) refs/heads/main refs/remotes/main [2ms]
2025-06-22 23:06:51.571 [info] > git config --get --local branch.main.vscode-merge-base [2ms]
2025-06-22 23:06:51.579 [info] > git for-each-ref --format=%(refname)%00%(upstream:short)%00%(objectname)%00%(upstream:track)%00%(upstream:remotename)%00%(upstream:remoteref) refs/heads/origin/main refs/remotes/origin/main [0ms]
2025-06-22 23:06:51.587 [info] > git merge-base refs/heads/main refs/remotes/origin/main [1ms]
2025-06-22 23:06:51.595 [info] > git diff --name-status -z --diff-filter=ADMR 69b9dcc6dfe90b98e8bb035d9f0b8256f1c64bba...refs/remotes/origin/main [2ms]
2025-06-22 23:06:52.590 [info] > git config --get commit.template [10ms]
2025-06-22 23:06:52.591 [info] > git for-each-ref --format=%(refname)%00%(upstream:short)%00%(objectname)%00%(upstream:track)%00%(upstream:remotename)%00%(upstream:remoteref) refs/heads/main refs/remotes/main [1ms]
2025-06-22 23:06:52.607 [info] > git status -z -uall [7ms]
2025-06-22 23:06:52.608 [info] > git for-each-ref --sort -committerdate --format %(refname)%00%(objectname)%00%(*objectname) [1ms]
2025-06-22 23:06:52.689 [info] > git ls-files --stage -- Stacks-Queues/rcReverseStack.cpp [2ms]
2025-06-22 23:06:52.704 [info] > git hash-object -t tree /dev/null [1ms]
2025-06-22 23:06:52.706 [warning] [GitFileSystemProvider][stat] File not found - git:/home/sammy/Desktop/temp/hello-world/Stacks-Queues/rcReverseStack.cpp.git?%7B%22path%22%3A%22%2Fhome%2Fsammy%2FDesktop%2Ftemp%2Fhello-world%2FStacks-Queues%2FrcReverseStack.cpp%22%2C%22ref%22%3A%22%22%7D
2025-06-22 23:07:02.713 [info] > git for-each-ref --format=%(refname)%00%(upstream:short)%00%(objectname)%00%(upstream:track)%00%(upstream:remotename)%00%(upstream:remoteref) refs/heads/main refs/remotes/main [4ms]
2025-06-22 23:07:02.733 [info] > git status -z -uall [10ms]
2025-06-22 23:07:02.734 [info] > git for-each-ref --sort -committerdate --format %(refname)%00%(objectname)%00%(*objectname) [1ms]
2025-06-22 23:07:02.759 [info] > git blame --root --incremental 09d2e4985be79c3e96efafeb219e72c70ae54d75 -- Stacks-Queues/rcReverseStack.cpp [17ms]
2025-06-22 23:07:02.761 [info] > git config --get commit.template [2ms]
2025-06-22 23:07:02.761 [info] > git merge-base refs/heads/main refs/remotes/origin/main [10ms]
2025-06-22 23:07:02.777 [info] > git for-each-ref --format=%(refname)%00%(upstream:short)%00%(objectname)%00%(upstream:track)%00%(upstream:remotename)%00%(upstream:remoteref) refs/heads/main refs/remotes/main [2ms]
2025-06-22 23:07:02.777 [info] > git diff --name-status -z --diff-filter=ADMR 69b9dcc6dfe90b98e8bb035d9f0b8256f1c64bba...refs/remotes/origin/main [8ms]
2025-06-22 23:07:02.793 [info] > git status -z -uall [7ms]
2025-06-22 23:07:02.794 [info] > git for-each-ref --sort -committerdate --format %(refname)%00%(objectname)%00%(*objectname) [1ms]
2025-06-22 23:07:03.893 [info] > git ls-files --stage -- Stacks-Queues/rcReverseStack.cpp [1ms]
2025-06-22 23:07:03.904 [info] > git cat-file -s 00e6c573a03b439843d52989ca5c80e1e77f2f54 [2ms]
2025-06-22 23:07:03.918 [info] > git show --textconv :Stacks-Queues/rcReverseStack.cpp [2ms]
2025-06-22 23:07:13.270 [info] > git config --get commit.template [13ms]
2025-06-22 23:07:13.270 [info] > git for-each-ref --format=%(refname)%00%(upstream:short)%00%(objectname)%00%(upstream:track)%00%(upstream:remotename)%00%(upstream:remoteref) refs/heads/main refs/remotes/main [1ms]
2025-06-22 23:07:13.285 [info] > git status -z -uall [8ms]
2025-06-22 23:07:13.286 [info] > git for-each-ref --sort -committerdate --format %(refname)%00%(objectname)%00%(*objectname) [1ms]
2025-06-22 23:07:13.299 [info] > git merge-base refs/heads/main refs/remotes/origin/main [1ms]
2025-06-22 23:07:13.306 [info] > git diff --name-status -z --diff-filter=ADMR 09d2e4985be79c3e96efafeb219e72c70ae54d75...refs/remotes/origin/main [1ms]
2025-06-22 23:07:13.364 [info] > git ls-files --stage -- Stacks-Queues/rcReverseStack.cpp [0ms]
2025-06-22 23:07:13.374 [info] > git cat-file -s 00e6c573a03b439843d52989ca5c80e1e77f2f54 [2ms]
2025-06-22 23:07:13.386 [info] > git show --textconv :Stacks-Queues/rcReverseStack.cpp [2ms]
2025-06-22 23:07:20.089 [info] > git config --get commit.template [7ms]
2025-06-22 23:07:20.089 [info] > git for-each-ref --format=%(refname)%00%(upstream:short)%00%(objectname)%00%(upstream:track)%00%(upstream:remotename)%00%(upstream:remoteref) refs/heads/b1 refs/remotes/b1 [1ms]
2025-06-22 23:07:20.104 [info] > git status -z -uall [7ms]
2025-06-22 23:07:20.105 [info] > git for-each-ref --sort -committerdate --format %(refname)%00%(objectname)%00%(*objectname) [1ms]
2025-06-22 23:07:20.116 [info] > git for-each-ref --format=%(refname)%00%(upstream:short)%00%(objectname)%00%(upstream:track)%00%(upstream:remotename)%00%(upstream:remoteref) refs/heads/b1 refs/remotes/b1 [1ms]
2025-06-22 23:07:20.123 [info] > git config --get --local branch.b1.vscode-merge-base [1ms]
2025-06-22 23:07:20.131 [info] > git for-each-ref --format=%(refname)%00%(upstream:short)%00%(objectname)%00%(upstream:track)%00%(upstream:remotename)%00%(upstream:remoteref) refs/heads/origin/main refs/remotes/origin/main [1ms]
2025-06-22 23:07:21.164 [info] > git config --get commit.template [9ms]
2025-06-22 23:07:21.164 [info] > git for-each-ref --format=%(refname)%00%(upstream:short)%00%(objectname)%00%(upstream:track)%00%(upstream:remotename)%00%(upstream:remoteref) refs/heads/b1 refs/remotes/b1 [1ms]
2025-06-22 23:07:21.183 [info] > git status -z -uall [10ms]
2025-06-22 23:07:21.184 [info] > git for-each-ref --sort -committerdate --format %(refname)%00%(objectname)%00%(*objectname) [1ms]
2025-06-22 23:07:21.260 [info] > git ls-files --stage -- Stacks-Queues/rcReverseStack.cpp [2ms]
2025-06-22 23:07:21.274 [info] > git cat-file -s 00e6c573a03b439843d52989ca5c80e1e77f2f54 [2ms]
2025-06-22 23:07:21.289 [info] > git show --textconv :Stacks-Queues/rcReverseStack.cpp [2ms]
2025-06-22 23:07:44.575 [info] > git show --textconv :Stacks-Queues/validParentheses.cpp [8ms]
2025-06-22 23:07:44.576 [info] > git ls-files --stage -- Stacks-Queues/validParentheses.cpp [2ms]
2025-06-22 23:07:44.585 [info] > git cat-file -s 71a57f8cfe6ea948a80fbd48b2be1c55717d8e27 [1ms]
2025-06-22 23:07:45.618 [info] > git show --textconv :Stacks-Queues/reverseStringStack.cpp [9ms]
2025-06-22 23:07:45.619 [info] > git ls-files --stage -- Stacks-Queues/reverseStringStack.cpp [1ms]
2025-06-22 23:07:45.629 [info] > git cat-file -s 38943e4916e8307305a7c2340c880fb74bdea227 [1ms]
2025-06-22 23:07:46.472 [info] > git show --textconv :Stacks-Queues/Stack-LL.cpp [8ms]
2025-06-22 23:07:46.472 [info] > git ls-files --stage -- Stacks-Queues/Stack-LL.cpp [1ms]
2025-06-22 23:07:46.482 [info] > git cat-file -s 18c2ea6215ef7e727bd1b87171889a2febe81ec2 [1ms]
2025-06-22 23:07:47.367 [info] > git show --textconv :Stacks-Queues/Queue-LL.cpp [10ms]
2025-06-22 23:07:47.368 [info] > git ls-files --stage -- Stacks-Queues/Queue-LL.cpp [1ms]
2025-06-22 23:07:47.376 [info] > git cat-file -s 9c5e8487214cad059721f4615dd00c6e858c6dd2 [2ms]
2025-06-22 23:07:48.759 [info] > git show --textconv :Stacks-Queues/Stack-Array.cpp [9ms]
2025-06-22 23:07:48.760 [info] > git ls-files --stage -- Stacks-Queues/Stack-Array.cpp [2ms]
2025-06-22 23:07:48.767 [info] > git cat-file -s 817dacf2105d2c3c94ab7801c32850a18963f847 [0ms]
2025-06-22 23:07:51.248 [info] > git show --textconv :LinkedLists/circularLLL.cpp [12ms]
2025-06-22 23:07:51.248 [info] > git ls-files --stage -- LinkedLists/circularLLL.cpp [1ms]
2025-06-22 23:07:51.256 [info] > git cat-file -s 7272f5d7996d1b44a6a5f5cd7558705a45c5e90e [1ms]
