2025-06-04 20:13:57.579 [info] Reading sessions from keychain...
2025-06-04 20:13:57.579 [info] Getting sessions for all scopes...
2025-06-04 20:13:57.579 [info] Getting sessions for all scopes...
2025-06-04 20:13:57.579 [info] Getting sessions for all scopes...
2025-06-04 20:13:57.579 [info] Getting sessions for all scopes...
2025-06-04 20:13:57.579 [info] Getting sessions for all scopes...
2025-06-04 20:13:57.579 [info] Getting sessions for all scopes...
2025-06-04 20:13:57.579 [info] Getting sessions for all scopes...
2025-06-04 20:13:57.579 [info] Getting sessions for all scopes...
2025-06-04 20:13:57.579 [info] Got stored sessions!
2025-06-04 20:13:57.579 [info] Got 1 verified sessions.
2025-06-04 20:13:57.579 [info] Got 1 sessions for ...
2025-06-04 20:13:57.579 [info] Got 1 sessions for ...
2025-06-04 20:13:57.579 [info] Got 1 sessions for ...
2025-06-04 20:13:57.579 [info] Got 1 sessions for ...
2025-06-04 20:13:57.579 [info] Got 1 sessions for ...
2025-06-04 20:13:57.579 [info] Got 1 sessions for ...
2025-06-04 20:13:57.579 [info] Got 1 sessions for ...
2025-06-04 20:13:57.579 [info] Got 1 sessions for ...
2025-06-04 20:13:57.579 [info] Getting sessions for all scopes...
2025-06-04 20:13:57.579 [info] Got 1 sessions for ...
2025-06-04 20:13:57.579 [info] Getting sessions for all scopes...
2025-06-04 20:13:57.579 [info] Got 1 sessions for ...
2025-06-04 20:13:57.579 [info] Getting sessions for all scopes...
2025-06-04 20:13:57.579 [info] Got 1 sessions for ...
2025-06-04 20:13:57.579 [info] Getting sessions for all scopes...
2025-06-04 20:13:57.579 [info] Got 1 sessions for ...
2025-06-04 20:13:57.579 [info] Getting sessions for all scopes...
2025-06-04 20:13:57.579 [info] Got 1 sessions for ...
2025-06-04 20:13:57.579 [info] Getting sessions for all scopes...
2025-06-04 20:13:57.579 [info] Got 1 sessions for ...
2025-06-04 20:13:58.073 [info] Getting sessions for all scopes...
2025-06-04 20:13:58.073 [info] Got 1 sessions for ...
2025-06-04 20:13:58.889 [info] Getting sessions for all scopes...
2025-06-04 20:13:58.889 [info] Got 1 sessions for ...
2025-06-04 20:13:59.214 [info] Getting sessions for read:user,repo,user:email,workflow...
2025-06-04 20:13:59.216 [info] Got 1 sessions for read:user,repo,user:email,workflow...
2025-06-04 20:13:59.799 [info] Getting sessions for read:user,repo,user:email,workflow...
2025-06-04 20:13:59.799 [info] Got 1 sessions for read:user,repo,user:email,workflow...
2025-06-04 20:14:11.083 [info] Reading sessions from keychain...
2025-06-04 20:14:11.083 [info] Getting sessions for all scopes...
2025-06-04 20:14:11.083 [info] Getting sessions for all scopes...
2025-06-04 20:14:11.083 [info] Getting sessions for all scopes...
2025-06-04 20:14:11.083 [info] Getting sessions for all scopes...
2025-06-04 20:14:11.083 [info] Getting sessions for all scopes...
2025-06-04 20:14:11.083 [info] Getting sessions for all scopes...
2025-06-04 20:14:11.083 [info] Getting sessions for all scopes...
2025-06-04 20:14:11.083 [info] Getting sessions for all scopes...
2025-06-04 20:14:11.083 [info] Got stored sessions!
2025-06-04 20:14:11.083 [info] Got 1 verified sessions.
2025-06-04 20:14:11.083 [info] Got 1 sessions for ...
2025-06-04 20:14:11.083 [info] Got 1 sessions for ...
2025-06-04 20:14:11.083 [info] Got 1 sessions for ...
2025-06-04 20:14:11.083 [info] Got 1 sessions for ...
2025-06-04 20:14:11.083 [info] Got 1 sessions for ...
2025-06-04 20:14:11.083 [info] Got 1 sessions for ...
2025-06-04 20:14:11.083 [info] Got 1 sessions for ...
2025-06-04 20:14:11.083 [info] Got 1 sessions for ...
2025-06-04 20:14:11.083 [info] Getting sessions for all scopes...
2025-06-04 20:14:11.083 [info] Got 1 sessions for ...
2025-06-04 20:14:11.083 [info] Getting sessions for all scopes...
2025-06-04 20:14:11.083 [info] Got 1 sessions for ...
2025-06-04 20:14:11.083 [info] Getting sessions for all scopes...
2025-06-04 20:14:11.083 [info] Got 1 sessions for ...
2025-06-04 20:14:11.083 [info] Getting sessions for all scopes...
2025-06-04 20:14:11.083 [info] Got 1 sessions for ...
2025-06-04 20:14:11.083 [info] Getting sessions for all scopes...
2025-06-04 20:14:11.083 [info] Got 1 sessions for ...
2025-06-04 20:14:11.083 [info] Getting sessions for all scopes...
2025-06-04 20:14:11.083 [info] Got 1 sessions for ...
2025-06-04 20:14:11.083 [info] Getting sessions for all scopes...
2025-06-04 20:14:11.083 [info] Got 1 sessions for ...
2025-06-04 20:14:11.290 [info] Getting sessions for all scopes...
2025-06-04 20:14:11.290 [info] Got 1 sessions for ...
2025-06-04 20:14:11.784 [info] Getting sessions for read:user,repo,user:email,workflow...
2025-06-04 20:14:11.784 [info] Got 1 sessions for read:user,repo,user:email,workflow...
2025-06-04 20:14:13.277 [info] Getting sessions for read:user,repo,user:email,workflow...
2025-06-04 20:14:13.277 [info] Got 1 sessions for read:user,repo,user:email,workflow...
2025-06-04 20:20:47.250 [info] Reading sessions from keychain...
2025-06-04 20:20:47.250 [info] Getting sessions for all scopes...
2025-06-04 20:20:47.250 [info] Getting sessions for all scopes...
2025-06-04 20:20:47.250 [info] Getting sessions for all scopes...
2025-06-04 20:20:47.250 [info] Got stored sessions!
2025-06-04 20:20:47.250 [info] Got 1 verified sessions.
2025-06-04 20:20:47.250 [info] Got 1 sessions for ...
2025-06-04 20:20:47.250 [info] Got 1 sessions for ...
2025-06-04 20:20:47.250 [info] Got 1 sessions for ...
2025-06-04 20:20:47.255 [info] Getting sessions for all scopes...
2025-06-04 20:20:47.255 [info] Got 1 sessions for ...
2025-06-04 20:20:47.255 [info] Getting sessions for all scopes...
2025-06-04 20:20:47.255 [info] Got 1 sessions for ...
2025-06-04 20:20:47.255 [info] Getting sessions for all scopes...
2025-06-04 20:20:47.255 [info] Got 1 sessions for ...
2025-06-04 20:20:47.255 [info] Getting sessions for all scopes...
2025-06-04 20:20:47.255 [info] Got 1 sessions for ...
2025-06-04 20:20:47.256 [info] Getting sessions for all scopes...
2025-06-04 20:20:47.256 [info] Got 1 sessions for ...
2025-06-04 20:20:47.258 [info] Getting sessions for all scopes...
2025-06-04 20:20:47.258 [info] Got 1 sessions for ...
2025-06-04 20:20:47.262 [info] Getting sessions for all scopes...
2025-06-04 20:20:47.262 [info] Got 1 sessions for ...
2025-06-04 20:20:47.263 [info] Getting sessions for all scopes...
2025-06-04 20:20:47.263 [info] Got 1 sessions for ...
2025-06-04 20:20:47.263 [info] Getting sessions for all scopes...
2025-06-04 20:20:47.263 [info] Got 1 sessions for ...
2025-06-04 20:20:47.263 [info] Getting sessions for all scopes...
2025-06-04 20:20:47.263 [info] Got 1 sessions for ...
2025-06-04 20:20:47.264 [info] Getting sessions for all scopes...
2025-06-04 20:20:47.264 [info] Got 1 sessions for ...
2025-06-04 20:20:47.632 [info] Getting sessions for all scopes...
2025-06-04 20:20:47.633 [info] Got 1 sessions for ...
2025-06-04 20:20:49.298 [info] Getting sessions for all scopes...
2025-06-04 20:20:49.298 [info] Got 1 sessions for ...
2025-06-04 20:20:59.550 [info] Getting sessions for read:user,repo,user:email,workflow...
2025-06-04 20:20:59.550 [info] Got 1 sessions for read:user,repo,user:email,workflow...
2025-06-04 20:21:00.630 [info] Getting sessions for read:user,repo,user:email,workflow...
2025-06-04 20:21:00.630 [info] Got 1 sessions for read:user,repo,user:email,workflow...
2025-06-04 20:55:15.940 [info] Getting sessions for read:user,repo,user:email,workflow...
2025-06-04 20:55:15.940 [info] Got 1 sessions for read:user,repo,user:email,workflow...
2025-06-04 20:56:30.170 [info] Reading sessions from keychain...
2025-06-04 20:56:30.170 [info] Getting sessions for all scopes...
2025-06-04 20:56:30.170 [info] Getting sessions for all scopes...
2025-06-04 20:56:30.193 [info] Getting sessions for all scopes...
2025-06-04 20:56:30.193 [info] Getting sessions for all scopes...
2025-06-04 20:56:30.193 [info] Getting sessions for all scopes...
2025-06-04 20:56:30.194 [info] Getting sessions for all scopes...
2025-06-04 20:56:30.194 [info] Getting sessions for all scopes...
2025-06-04 20:56:30.213 [info] Got stored sessions!
2025-06-04 20:56:30.213 [info] Got 1 verified sessions.
2025-06-04 20:56:30.213 [info] Got 1 sessions for ...
2025-06-04 20:56:30.213 [info] Got 1 sessions for ...
2025-06-04 20:56:30.213 [info] Got 1 sessions for ...
2025-06-04 20:56:30.213 [info] Got 1 sessions for ...
2025-06-04 20:56:30.213 [info] Got 1 sessions for ...
2025-06-04 20:56:30.213 [info] Got 1 sessions for ...
2025-06-04 20:56:30.213 [info] Got 1 sessions for ...
2025-06-04 20:56:30.328 [info] Getting sessions for all scopes...
2025-06-04 20:56:30.328 [info] Got 1 sessions for ...
2025-06-04 20:56:30.328 [info] Getting sessions for all scopes...
2025-06-04 20:56:30.328 [info] Got 1 sessions for ...
2025-06-04 20:56:30.328 [info] Getting sessions for all scopes...
2025-06-04 20:56:30.328 [info] Got 1 sessions for ...
2025-06-04 20:56:30.328 [info] Getting sessions for all scopes...
2025-06-04 20:56:30.328 [info] Got 1 sessions for ...
2025-06-04 20:56:30.329 [info] Getting sessions for all scopes...
2025-06-04 20:56:30.329 [info] Got 1 sessions for ...
2025-06-04 20:56:30.329 [info] Getting sessions for all scopes...
2025-06-04 20:56:30.329 [info] Got 1 sessions for ...
2025-06-04 20:56:30.475 [info] Getting sessions for all scopes...
2025-06-04 20:56:30.475 [info] Got 1 sessions for ...
2025-06-04 20:56:30.959 [info] Getting sessions for all scopes...
2025-06-04 20:56:30.959 [info] Got 1 sessions for ...
2025-06-04 20:56:30.997 [info] Getting sessions for read:user,repo,user:email,workflow...
2025-06-04 20:56:30.997 [info] Got 1 sessions for read:user,repo,user:email,workflow...
2025-06-04 20:56:31.582 [info] Getting sessions for read:user,repo,user:email,workflow...
2025-06-04 20:56:31.582 [info] Got 1 sessions for read:user,repo,user:email,workflow...
2025-06-04 20:56:31.965 [info] Getting sessions for all scopes...
2025-06-04 20:56:31.965 [info] Got 1 sessions for ...
2025-06-04 21:04:04.880 [info] Reading sessions from keychain...
2025-06-04 21:04:04.880 [info] Getting sessions for all scopes...
2025-06-04 21:04:04.880 [info] Getting sessions for all scopes...
2025-06-04 21:04:04.880 [info] Getting sessions for all scopes...
2025-06-04 21:04:04.880 [info] Got stored sessions!
2025-06-04 21:04:04.880 [info] Got 1 verified sessions.
2025-06-04 21:04:04.880 [info] Got 1 sessions for ...
2025-06-04 21:04:04.880 [info] Got 1 sessions for ...
2025-06-04 21:04:04.880 [info] Got 1 sessions for ...
2025-06-04 21:04:04.880 [info] Getting sessions for all scopes...
2025-06-04 21:04:04.880 [info] Got 1 sessions for ...
2025-06-04 21:04:04.880 [info] Getting sessions for all scopes...
2025-06-04 21:04:04.880 [info] Got 1 sessions for ...
2025-06-04 21:04:04.880 [info] Getting sessions for all scopes...
2025-06-04 21:04:04.880 [info] Got 1 sessions for ...
2025-06-04 21:04:04.880 [info] Getting sessions for all scopes...
2025-06-04 21:04:04.880 [info] Got 1 sessions for ...
2025-06-04 21:04:04.880 [info] Getting sessions for all scopes...
2025-06-04 21:04:04.880 [info] Got 1 sessions for ...
2025-06-04 21:04:04.880 [info] Getting sessions for all scopes...
2025-06-04 21:04:04.880 [info] Got 1 sessions for ...
2025-06-04 21:04:04.880 [info] Getting sessions for all scopes...
2025-06-04 21:04:04.880 [info] Got 1 sessions for ...
2025-06-04 21:04:04.880 [info] Getting sessions for all scopes...
2025-06-04 21:04:04.880 [info] Got 1 sessions for ...
2025-06-04 21:04:04.880 [info] Getting sessions for all scopes...
2025-06-04 21:04:04.880 [info] Got 1 sessions for ...
2025-06-04 21:04:04.880 [info] Getting sessions for all scopes...
2025-06-04 21:04:04.880 [info] Got 1 sessions for ...
2025-06-04 21:04:04.880 [info] Getting sessions for all scopes...
2025-06-04 21:04:04.880 [info] Got 1 sessions for ...
2025-06-04 21:04:04.880 [info] Getting sessions for all scopes...
2025-06-04 21:04:04.880 [info] Got 1 sessions for ...
2025-06-04 21:04:05.860 [info] Getting sessions for read:user,repo,user:email,workflow...
2025-06-04 21:04:05.861 [info] Got 1 sessions for read:user,repo,user:email,workflow...
2025-06-04 21:04:05.861 [info] Getting sessions for all scopes...
2025-06-04 21:04:05.861 [info] Got 1 sessions for ...
2025-06-04 21:04:06.696 [info] Getting sessions for read:user,repo,user:email,workflow...
2025-06-04 21:04:06.696 [info] Got 1 sessions for read:user,repo,user:email,workflow...
2025-06-04 21:09:39.934 [info] Getting sessions for read:user,repo,user:email,workflow...
2025-06-04 21:09:39.934 [info] Got 1 sessions for read:user,repo,user:email,workflow...
