2025-06-15 15:09:02.767 [info] Reading sessions from keychain...
2025-06-15 15:09:02.767 [info] Getting sessions for all scopes...
2025-06-15 15:09:02.767 [info] Getting sessions for all scopes...
2025-06-15 15:09:02.767 [info] Getting sessions for all scopes...
2025-06-15 15:09:02.767 [info] Getting sessions for all scopes...
2025-06-15 15:09:02.767 [info] Getting sessions for all scopes...
2025-06-15 15:09:02.767 [info] Getting sessions for all scopes...
2025-06-15 15:09:02.767 [info] Getting sessions for all scopes...
2025-06-15 15:09:02.872 [info] Got stored sessions!
2025-06-15 15:09:02.872 [info] Got 1 verified sessions.
2025-06-15 15:09:02.872 [info] Got 1 sessions for ...
2025-06-15 15:09:02.872 [info] Got 1 sessions for ...
2025-06-15 15:09:02.872 [info] Got 1 sessions for ...
2025-06-15 15:09:02.872 [info] Got 1 sessions for ...
2025-06-15 15:09:02.872 [info] Got 1 sessions for ...
2025-06-15 15:09:02.872 [info] Got 1 sessions for ...
2025-06-15 15:09:02.872 [info] Got 1 sessions for ...
2025-06-15 15:09:02.989 [info] Getting sessions for all scopes...
2025-06-15 15:09:02.989 [info] Got 1 sessions for ...
2025-06-15 15:09:02.989 [info] Getting sessions for all scopes...
2025-06-15 15:09:02.989 [info] Got 1 sessions for ...
2025-06-15 15:09:02.989 [info] Getting sessions for all scopes...
2025-06-15 15:09:02.989 [info] Got 1 sessions for ...
2025-06-15 15:09:02.990 [info] Getting sessions for all scopes...
2025-06-15 15:09:02.990 [info] Got 1 sessions for ...
2025-06-15 15:09:02.990 [info] Getting sessions for all scopes...
2025-06-15 15:09:02.990 [info] Got 1 sessions for ...
2025-06-15 15:09:02.990 [info] Getting sessions for all scopes...
2025-06-15 15:09:02.990 [info] Got 1 sessions for ...
2025-06-15 15:09:03.025 [info] Getting sessions for all scopes...
2025-06-15 15:09:03.025 [info] Got 1 sessions for ...
2025-06-15 15:09:03.681 [info] Getting sessions for all scopes...
2025-06-15 15:09:03.681 [info] Got 1 sessions for ...
2025-06-15 15:09:03.907 [info] Getting sessions for all scopes...
2025-06-15 15:09:03.907 [info] Got 1 sessions for ...
2025-06-15 15:09:04.173 [info] Getting sessions for read:user,repo,user:email,workflow...
2025-06-15 15:09:04.174 [info] Got 1 sessions for read:user,repo,user:email,workflow...
2025-06-15 18:13:08.511 [info] Getting sessions for read:user,repo,user:email,workflow...
2025-06-15 18:13:08.511 [info] Got 1 sessions for read:user,repo,user:email,workflow...
