2025-06-06 17:06:45.643 [info] [main] Log level: Info
2025-06-06 17:06:45.643 [info] [main] Validating found git in: "git"
2025-06-06 17:06:45.643 [info] [main] Using git "2.43.0" from "git"
2025-06-06 17:06:45.643 [info] [Model][doInitialScan] Initial repository scan started
2025-06-06 17:06:45.643 [info] > git rev-parse --show-toplevel [101ms]
2025-06-06 17:06:45.643 [info] > git rev-parse --git-dir --git-common-dir [27ms]
2025-06-06 17:06:45.643 [info] [Model][openRepository] Opened repository (path): /home/sammy/Desktop/temp/hello-world
2025-06-06 17:06:45.643 [info] [Model][openRepository] Opened repository (real path): /home/sammy/Desktop/temp/hello-world
2025-06-06 17:06:45.648 [info] > git rev-parse --show-toplevel [41ms]
2025-06-06 17:06:45.649 [info] > git config --get commit.template [46ms]
2025-06-06 17:06:45.729 [info] > git rev-parse --show-toplevel [36ms]
2025-06-06 17:06:45.732 [info] [Model][doInitialScan] Initial repository scan completed - repositories (1), closed repositories (0), parent repositories (0), unsafe repositories (0)
2025-06-06 17:06:45.738 [info] > git for-each-ref --format=%(refname)%00%(upstream:short)%00%(objectname)%00%(upstream:track)%00%(upstream:remotename)%00%(upstream:remoteref) refs/heads/b1 refs/remotes/b1 [13ms]
2025-06-06 17:06:45.777 [info] > git status -z -uall [24ms]
2025-06-06 17:06:45.778 [info] > git for-each-ref --sort -committerdate --format %(refname)%00%(objectname)%00%(*objectname) [11ms]
2025-06-06 17:06:45.833 [info] > git for-each-ref --format=%(refname)%00%(upstream:short)%00%(objectname)%00%(upstream:track)%00%(upstream:remotename)%00%(upstream:remoteref) refs/heads/b1 refs/remotes/b1 [27ms]
2025-06-06 17:06:45.849 [info] > git config --get --local branch.b1.vscode-merge-base [3ms]
2025-06-06 17:06:45.858 [info] > git config --get commit.template [26ms]
2025-06-06 17:06:45.898 [info] > git for-each-ref --format=%(refname)%00%(upstream:short)%00%(objectname)%00%(upstream:track)%00%(upstream:remotename)%00%(upstream:remoteref) refs/heads/origin/main refs/remotes/origin/main [40ms]
2025-06-06 17:06:45.910 [info] > git for-each-ref --format=%(refname)%00%(upstream:short)%00%(objectname)%00%(upstream:track)%00%(upstream:remotename)%00%(upstream:remoteref) refs/heads/b1 refs/remotes/b1 [4ms]
2025-06-06 17:06:45.925 [info] > git status -z -uall [7ms]
2025-06-06 17:06:45.927 [info] > git for-each-ref --sort -committerdate --format %(refname)%00%(objectname)%00%(*objectname) [5ms]
2025-06-06 17:06:45.990 [info] > git show --textconv :RcSumtoN.cpp [7ms]
2025-06-06 17:06:46.010 [info] > git ls-files --stage -- RcSumtoN.cpp [21ms]
2025-06-06 17:06:46.023 [info] > git cat-file -s 68f96efa336d8dcfce0ba8a6cb1c9791edfc19aa [3ms]
2025-06-06 17:06:46.414 [info] > git check-ignore -v -z --stdin [8ms]
2025-06-06 17:06:46.431 [info] > git blame --root --incremental ae0b54ebef88db7b411bb80ca7532292bc5005dd -- RcSumtoN.cpp [3ms]
2025-06-06 17:10:36.513 [info] > git show --textconv :RcPrintName.cpp [8ms]
2025-06-06 17:10:36.514 [info] > git ls-files --stage -- RcPrintName.cpp [2ms]
2025-06-06 17:10:36.522 [info] > git cat-file -s ac018d113b880d38e1d6125e69999150e9956452 [1ms]
2025-06-06 17:10:36.537 [info] > git blame --root --incremental ae0b54ebef88db7b411bb80ca7532292bc5005dd -- RcPrintName.cpp [2ms]
2025-06-06 17:10:38.523 [info] > git show --textconv :Rc1toN.cpp [11ms]
2025-06-06 17:10:38.524 [info] > git ls-files --stage -- Rc1toN.cpp [1ms]
2025-06-06 17:10:38.533 [info] > git cat-file -s 3414806323e90517bb53d4b435775fcf7a852781 [2ms]
2025-06-06 17:10:38.546 [info] > git blame --root --incremental ae0b54ebef88db7b411bb80ca7532292bc5005dd -- Rc1toN.cpp [2ms]
2025-06-06 17:10:40.275 [info] > git show --textconv :RcSumtoN.cpp [12ms]
2025-06-06 17:10:40.276 [info] > git ls-files --stage -- RcSumtoN.cpp [2ms]
2025-06-06 17:10:40.283 [info] > git cat-file -s 68f96efa336d8dcfce0ba8a6cb1c9791edfc19aa [1ms]
2025-06-06 17:10:52.159 [info] > git config --get commit.template [11ms]
2025-06-06 17:10:52.159 [info] > git for-each-ref --format=%(refname)%00%(upstream:short)%00%(objectname)%00%(upstream:track)%00%(upstream:remotename)%00%(upstream:remoteref) refs/heads/b1 refs/remotes/b1 [1ms]
2025-06-06 17:10:52.175 [info] > git status -z -uall [7ms]
2025-06-06 17:10:52.175 [info] > git for-each-ref --sort -committerdate --format %(refname)%00%(objectname)%00%(*objectname) [1ms]
2025-06-06 17:11:41.472 [info] > git config --get commit.template [7ms]
2025-06-06 17:11:41.472 [info] > git for-each-ref --format=%(refname)%00%(upstream:short)%00%(objectname)%00%(upstream:track)%00%(upstream:remotename)%00%(upstream:remoteref) refs/heads/b1 refs/remotes/b1 [1ms]
2025-06-06 17:11:41.488 [info] > git status -z -uall [8ms]
2025-06-06 17:11:41.489 [info] > git for-each-ref --sort -committerdate --format %(refname)%00%(objectname)%00%(*objectname) [2ms]
2025-06-06 17:11:54.310 [info] > git config --get commit.template [11ms]
2025-06-06 17:11:54.310 [info] > git for-each-ref --format=%(refname)%00%(upstream:short)%00%(objectname)%00%(upstream:track)%00%(upstream:remotename)%00%(upstream:remoteref) refs/heads/b1 refs/remotes/b1 [1ms]
2025-06-06 17:11:54.325 [info] > git status -z -uall [9ms]
2025-06-06 17:11:54.326 [info] > git for-each-ref --sort -committerdate --format %(refname)%00%(objectname)%00%(*objectname) [2ms]
2025-06-06 17:12:05.160 [info] > git log --format=%H%n%aN%n%aE%n%at%n%ct%n%P%n%D%n%B -z --shortstat --diff-merges=first-parent -n50 --skip=0 --topo-order --decorate=full --stdin [4ms]
2025-06-06 17:12:05.753 [info] > git check-ignore -v -z --stdin [2ms]
2025-06-06 17:13:50.237 [info] > git config --get commit.template [13ms]
2025-06-06 17:13:50.238 [info] > git for-each-ref --format=%(refname)%00%(upstream:short)%00%(objectname)%00%(upstream:track)%00%(upstream:remotename)%00%(upstream:remoteref) refs/heads/b1 refs/remotes/b1 [2ms]
2025-06-06 17:13:50.263 [info] > git status -z -uall [13ms]
2025-06-06 17:13:50.264 [info] > git for-each-ref --sort -committerdate --format %(refname)%00%(objectname)%00%(*objectname) [2ms]
2025-06-06 17:13:58.787 [info] > git config --get commit.template [11ms]
2025-06-06 17:13:58.788 [info] > git for-each-ref --format=%(refname)%00%(upstream:short)%00%(objectname)%00%(upstream:track)%00%(upstream:remotename)%00%(upstream:remoteref) refs/heads/b1 refs/remotes/b1 [2ms]
2025-06-06 17:13:58.808 [info] > git status -z -uall [10ms]
2025-06-06 17:13:58.809 [info] > git for-each-ref --sort -committerdate --format %(refname)%00%(objectname)%00%(*objectname) [2ms]
2025-06-06 17:14:32.705 [info] > git config --get commit.template [13ms]
2025-06-06 17:14:32.706 [info] > git for-each-ref --format=%(refname)%00%(upstream:short)%00%(objectname)%00%(upstream:track)%00%(upstream:remotename)%00%(upstream:remoteref) refs/heads/b1 refs/remotes/b1 [3ms]
2025-06-06 17:14:32.723 [info] > git status -z -uall [9ms]
2025-06-06 17:14:32.724 [info] > git for-each-ref --sort -committerdate --format %(refname)%00%(objectname)%00%(*objectname) [2ms]
2025-06-06 17:14:37.991 [info] > git config --get commit.template [2ms]
2025-06-06 17:14:38.003 [info] > git for-each-ref --format=%(refname)%00%(upstream:short)%00%(objectname)%00%(upstream:track)%00%(upstream:remotename)%00%(upstream:remoteref) refs/heads/b1 refs/remotes/b1 [2ms]
2025-06-06 17:14:38.019 [info] > git status -z -uall [8ms]
2025-06-06 17:14:38.020 [info] > git for-each-ref --sort -committerdate --format %(refname)%00%(objectname)%00%(*objectname) [2ms]
2025-06-06 17:14:38.031 [info] > git blame --root --incremental d32881dd2d91f1e91bce01e980285cb71a1f3da6 -- RcSumtoN.cpp [2ms]
2025-06-06 17:14:38.094 [info] > git ls-files --stage -- RcSumtoN.cpp [2ms]
2025-06-06 17:14:38.107 [info] > git cat-file -s d8bd8bb348c315d8c0bc7e82da7b366a76c2b29d [3ms]
2025-06-06 17:14:38.121 [info] > git show --textconv :RcSumtoN.cpp [3ms]
2025-06-06 17:16:45.882 [info] > git for-each-ref --format=%(refname)%00%(upstream:short)%00%(objectname)%00%(upstream:track)%00%(upstream:remotename)%00%(upstream:remoteref) refs/heads/b1 refs/remotes/b1 [2ms]
2025-06-06 17:16:45.882 [info] > git config --get commit.template [13ms]
2025-06-06 17:16:45.896 [info] > git status -z -uall [7ms]
2025-06-06 17:16:45.897 [info] > git for-each-ref --sort -committerdate --format %(refname)%00%(objectname)%00%(*objectname) [1ms]
2025-06-06 17:16:50.927 [info] > git config --get commit.template [13ms]
2025-06-06 17:16:50.928 [info] > git for-each-ref --format=%(refname)%00%(upstream:short)%00%(objectname)%00%(upstream:track)%00%(upstream:remotename)%00%(upstream:remoteref) refs/heads/b1 refs/remotes/b1 [2ms]
2025-06-06 17:16:50.946 [info] > git status -z -uall [9ms]
2025-06-06 17:16:50.946 [info] > git for-each-ref --sort -committerdate --format %(refname)%00%(objectname)%00%(*objectname) [1ms]
2025-06-06 17:17:01.315 [info] > git config --get commit.template [12ms]
2025-06-06 17:17:01.316 [info] > git for-each-ref --format=%(refname)%00%(upstream:short)%00%(objectname)%00%(upstream:track)%00%(upstream:remotename)%00%(upstream:remoteref) refs/heads/b1 refs/remotes/b1 [1ms]
2025-06-06 17:17:01.333 [info] > git status -z -uall [8ms]
2025-06-06 17:17:01.334 [info] > git for-each-ref --sort -committerdate --format %(refname)%00%(objectname)%00%(*objectname) [2ms]
2025-06-06 17:17:02.964 [info] > git ls-files --stage -- RcSumtoN.cpp [2ms]
2025-06-06 17:17:02.976 [info] > git cat-file -s 0a708677cf4f7d0dc82b0165cf074aca133123be [2ms]
2025-06-06 17:17:02.987 [info] > git show --textconv :RcSumtoN.cpp [2ms]
2025-06-06 17:17:06.358 [info] > git config --get commit.template [12ms]
2025-06-06 17:17:06.359 [info] > git for-each-ref --format=%(refname)%00%(upstream:short)%00%(objectname)%00%(upstream:track)%00%(upstream:remotename)%00%(upstream:remoteref) refs/heads/b1 refs/remotes/b1 [2ms]
2025-06-06 17:17:06.374 [info] > git status -z -uall [7ms]
2025-06-06 17:17:06.375 [info] > git for-each-ref --sort -committerdate --format %(refname)%00%(objectname)%00%(*objectname) [2ms]
2025-06-06 17:17:06.385 [info] > git blame --root --incremental faac69dcb37f7dc01e24e311d8e35472ec79be2d -- RcSumtoN.cpp [2ms]
2025-06-06 17:17:24.610 [info] > git show --textconv :RcFactorial.cpp [7ms]
2025-06-06 17:17:24.616 [info] > git ls-files --stage -- RcFactorial.cpp [6ms]
2025-06-06 17:17:24.624 [info] > git hash-object -t tree /dev/null [8ms]
2025-06-06 17:17:24.624 [warning] [GitFileSystemProvider][readFile] File not found - git:/home/sammy/Desktop/temp/hello-world/RcFactorial.cpp.git?%7B%22path%22%3A%22%2Fhome%2Fsammy%2FDesktop%2Ftemp%2Fhello-world%2FRcFactorial.cpp%22%2C%22ref%22%3A%22%22%7D
2025-06-06 17:17:24.625 [info] > git hash-object -t tree /dev/null [2ms]
2025-06-06 17:17:24.626 [warning] [GitFileSystemProvider][stat] File not found - git:/home/sammy/Desktop/temp/hello-world/RcFactorial.cpp.git?%7B%22path%22%3A%22%2Fhome%2Fsammy%2FDesktop%2Ftemp%2Fhello-world%2FRcFactorial.cpp%22%2C%22ref%22%3A%22%22%7D
2025-06-06 17:17:24.882 [info] > git check-ignore -v -z --stdin [2ms]
2025-06-06 17:17:25.460 [info] > git config --get commit.template [13ms]
2025-06-06 17:17:25.460 [info] > git for-each-ref --format=%(refname)%00%(upstream:short)%00%(objectname)%00%(upstream:track)%00%(upstream:remotename)%00%(upstream:remoteref) refs/heads/b1 refs/remotes/b1 [1ms]
2025-06-06 17:17:25.478 [info] > git status -z -uall [8ms]
2025-06-06 17:17:25.478 [info] > git for-each-ref --sort -committerdate --format %(refname)%00%(objectname)%00%(*objectname) [1ms]
2025-06-06 17:26:56.878 [info] > git show --textconv :Rc1toN.cpp [9ms]
2025-06-06 17:26:56.879 [info] > git ls-files --stage -- Rc1toN.cpp [2ms]
2025-06-06 17:26:56.886 [info] > git cat-file -s 3414806323e90517bb53d4b435775fcf7a852781 [1ms]
2025-06-06 17:26:56.901 [info] > git blame --root --incremental faac69dcb37f7dc01e24e311d8e35472ec79be2d -- Rc1toN.cpp [1ms]
2025-06-06 17:27:09.725 [info] > git show --textconv :RcSumtoN.cpp [10ms]
2025-06-06 17:27:09.725 [info] > git ls-files --stage -- RcSumtoN.cpp [1ms]
2025-06-06 17:27:09.732 [info] > git cat-file -s 0a708677cf4f7d0dc82b0165cf074aca133123be [1ms]
2025-06-06 17:27:19.780 [info] > git show --textconv :RcSumtoN.cpp [11ms]
2025-06-06 17:27:19.781 [info] > git ls-files --stage -- RcSumtoN.cpp [1ms]
2025-06-06 17:27:19.787 [info] > git cat-file -s 0a708677cf4f7d0dc82b0165cf074aca133123be [1ms]
2025-06-06 17:27:21.544 [info] > git show --textconv :Rc1toN.cpp [11ms]
2025-06-06 17:27:21.545 [info] > git ls-files --stage -- Rc1toN.cpp [2ms]
2025-06-06 17:27:21.552 [info] > git cat-file -s 3414806323e90517bb53d4b435775fcf7a852781 [1ms]
2025-06-06 17:27:54.650 [info] > git config --get commit.template [11ms]
2025-06-06 17:27:54.651 [info] > git for-each-ref --format=%(refname)%00%(upstream:short)%00%(objectname)%00%(upstream:track)%00%(upstream:remotename)%00%(upstream:remoteref) refs/heads/b1 refs/remotes/b1 [2ms]
2025-06-06 17:27:54.667 [info] > git status -z -uall [8ms]
2025-06-06 17:27:54.668 [info] > git for-each-ref --sort -committerdate --format %(refname)%00%(objectname)%00%(*objectname) [2ms]
2025-06-06 17:38:39.926 [info] > git config --get commit.template [14ms]
2025-06-06 17:38:39.927 [info] > git for-each-ref --format=%(refname)%00%(upstream:short)%00%(objectname)%00%(upstream:track)%00%(upstream:remotename)%00%(upstream:remoteref) refs/heads/b1 refs/remotes/b1 [2ms]
2025-06-06 17:38:39.944 [info] > git status -z -uall [10ms]
2025-06-06 17:38:39.945 [info] > git for-each-ref --sort -committerdate --format %(refname)%00%(objectname)%00%(*objectname) [1ms]
2025-06-06 17:38:46.907 [info] > git config --get commit.template [7ms]
2025-06-06 17:38:46.907 [info] > git for-each-ref --format=%(refname)%00%(upstream:short)%00%(objectname)%00%(upstream:track)%00%(upstream:remotename)%00%(upstream:remoteref) refs/heads/b1 refs/remotes/b1 [1ms]
2025-06-06 17:38:46.921 [info] > git status -z -uall [7ms]
2025-06-06 17:38:46.921 [info] > git for-each-ref --sort -committerdate --format %(refname)%00%(objectname)%00%(*objectname) [1ms]
2025-06-06 17:39:07.278 [info] > git config --get commit.template [14ms]
2025-06-06 17:39:07.279 [info] > git for-each-ref --format=%(refname)%00%(upstream:short)%00%(objectname)%00%(upstream:track)%00%(upstream:remotename)%00%(upstream:remoteref) refs/heads/b1 refs/remotes/b1 [2ms]
2025-06-06 17:39:07.301 [info] > git status -z -uall [10ms]
2025-06-06 17:39:07.302 [info] > git for-each-ref --sort -committerdate --format %(refname)%00%(objectname)%00%(*objectname) [2ms]
2025-06-06 17:39:19.499 [info] > git config --get commit.template [10ms]
2025-06-06 17:39:19.501 [info] > git for-each-ref --format=%(refname)%00%(upstream:short)%00%(objectname)%00%(upstream:track)%00%(upstream:remotename)%00%(upstream:remoteref) refs/heads/b1 refs/remotes/b1 [1ms]
2025-06-06 17:39:19.516 [info] > git status -z -uall [6ms]
2025-06-06 17:39:19.517 [info] > git for-each-ref --sort -committerdate --format %(refname)%00%(objectname)%00%(*objectname) [1ms]
2025-06-06 17:39:31.275 [info] > git config --get commit.template [15ms]
2025-06-06 17:39:31.276 [info] > git for-each-ref --format=%(refname)%00%(upstream:short)%00%(objectname)%00%(upstream:track)%00%(upstream:remotename)%00%(upstream:remoteref) refs/heads/b1 refs/remotes/b1 [2ms]
2025-06-06 17:39:31.297 [info] > git status -z -uall [11ms]
2025-06-06 17:39:31.298 [info] > git for-each-ref --sort -committerdate --format %(refname)%00%(objectname)%00%(*objectname) [2ms]
2025-06-06 17:39:36.322 [info] > git config --get commit.template [12ms]
2025-06-06 17:39:36.323 [info] > git for-each-ref --format=%(refname)%00%(upstream:short)%00%(objectname)%00%(upstream:track)%00%(upstream:remotename)%00%(upstream:remoteref) refs/heads/b1 refs/remotes/b1 [1ms]
2025-06-06 17:39:36.337 [info] > git status -z -uall [8ms]
2025-06-06 17:39:36.337 [info] > git for-each-ref --sort -committerdate --format %(refname)%00%(objectname)%00%(*objectname) [1ms]
2025-06-06 17:39:36.668 [info] > git show --textconv :RcFactorial.cpp [13ms]
2025-06-06 17:39:36.669 [info] > git ls-files --stage -- RcFactorial.cpp [2ms]
2025-06-06 17:39:36.680 [info] > git cat-file -s 65a4027f87b6e2f0203140fa1976a8111a19d5ed [2ms]
2025-06-06 17:39:36.703 [info] > git blame --root --incremental fbd63f215a2cc00d6635b302e2568fc39154ec48 -- RcFactorial.cpp [3ms]
2025-06-06 17:53:53.538 [info] > git show --textconv :Rc1toN.cpp [8ms]
2025-06-06 17:53:53.539 [info] > git ls-files --stage -- Rc1toN.cpp [2ms]
2025-06-06 17:53:53.545 [info] > git cat-file -s 3414806323e90517bb53d4b435775fcf7a852781 [0ms]
2025-06-06 17:53:53.559 [info] > git blame --root --incremental fbd63f215a2cc00d6635b302e2568fc39154ec48 -- Rc1toN.cpp [1ms]
2025-06-06 17:53:54.245 [info] > git show --textconv :RcFactorial.cpp [9ms]
2025-06-06 17:53:54.246 [info] > git ls-files --stage -- RcFactorial.cpp [2ms]
2025-06-06 17:53:54.255 [info] > git cat-file -s 65a4027f87b6e2f0203140fa1976a8111a19d5ed [1ms]
2025-06-06 17:53:55.039 [info] > git show --textconv :RcPrintN.cpp [10ms]
2025-06-06 17:53:55.040 [info] > git ls-files --stage -- RcPrintN.cpp [2ms]
2025-06-06 17:53:55.047 [info] > git cat-file -s 94b49a19d0b04908188564a1a7b5fee010fdc5ae [1ms]
2025-06-06 17:53:55.063 [info] > git blame --root --incremental fbd63f215a2cc00d6635b302e2568fc39154ec48 -- RcPrintN.cpp [2ms]
2025-06-06 17:53:55.778 [info] > git show --textconv :RcPrintName.cpp [7ms]
2025-06-06 17:53:55.779 [info] > git ls-files --stage -- RcPrintName.cpp [2ms]
2025-06-06 17:53:55.788 [info] > git cat-file -s ac018d113b880d38e1d6125e69999150e9956452 [1ms]
2025-06-06 17:53:55.798 [info] > git blame --root --incremental fbd63f215a2cc00d6635b302e2568fc39154ec48 -- RcPrintName.cpp [2ms]
2025-06-06 17:53:56.355 [info] > git show --textconv :RcSumtoN.cpp [10ms]
2025-06-06 17:53:56.355 [info] > git ls-files --stage -- RcSumtoN.cpp [1ms]
2025-06-06 17:53:56.364 [info] > git cat-file -s 0a708677cf4f7d0dc82b0165cf074aca133123be [3ms]
2025-06-06 17:53:56.376 [info] > git blame --root --incremental fbd63f215a2cc00d6635b302e2568fc39154ec48 -- RcSumtoN.cpp [1ms]
2025-06-06 18:11:06.539 [info] > git for-each-ref --format=%(refname)%00%(upstream:short)%00%(objectname)%00%(upstream:track)%00%(upstream:remotename)%00%(upstream:remoteref) refs/heads/b1 refs/remotes/b1 [12ms]
2025-06-06 18:11:06.539 [info] > git config --get commit.template [25ms]
2025-06-06 18:11:06.555 [info] > git check-ignore -v -z --stdin [17ms]
2025-06-06 18:11:06.556 [info] > git status -z -uall [8ms]
2025-06-06 18:11:06.556 [info] > git for-each-ref --sort -committerdate --format %(refname)%00%(objectname)%00%(*objectname) [2ms]
2025-06-06 18:11:38.718 [info] > git config --get commit.template [12ms]
2025-06-06 18:11:38.729 [info] > git check-ignore -v -z --stdin [12ms]
2025-06-06 18:11:38.730 [info] > git for-each-ref --format=%(refname)%00%(upstream:short)%00%(objectname)%00%(upstream:track)%00%(upstream:remotename)%00%(upstream:remoteref) refs/heads/b1 refs/remotes/b1 [2ms]
2025-06-06 18:11:38.745 [info] > git status -z -uall [7ms]
2025-06-06 18:11:38.746 [info] > git for-each-ref --sort -committerdate --format %(refname)%00%(objectname)%00%(*objectname) [1ms]
2025-06-06 18:11:39.077 [info] > git show --textconv :RcIfPal [12ms]
2025-06-06 18:11:39.078 [warning] [GitFileSystemProvider][readFile] File not found - git:/home/sammy/Desktop/temp/hello-world/RcIfPal.git?%7B%22path%22%3A%22%2Fhome%2Fsammy%2FDesktop%2Ftemp%2Fhello-world%2FRcIfPal%22%2C%22ref%22%3A%22%22%7D
2025-06-06 18:11:39.080 [info] > git ls-files --stage -- RcIfPal [4ms]
2025-06-06 18:11:39.081 [warning] [GitFileSystemProvider][stat] File not found - git:/home/sammy/Desktop/temp/hello-world/RcIfPal.git?%7B%22path%22%3A%22%2Fhome%2Fsammy%2FDesktop%2Ftemp%2Fhello-world%2FRcIfPal%22%2C%22ref%22%3A%22%22%7D
2025-06-06 18:11:43.431 [info] > git show --textconv :RcIfPal [12ms]
2025-06-06 18:11:43.432 [warning] [GitFileSystemProvider][readFile] File not found - git:/home/sammy/Desktop/temp/hello-world/RcIfPal.git?%7B%22path%22%3A%22%2Fhome%2Fsammy%2FDesktop%2Ftemp%2Fhello-world%2FRcIfPal%22%2C%22ref%22%3A%22%22%7D
2025-06-06 18:11:43.432 [info] > git ls-files --stage -- RcIfPal [3ms]
2025-06-06 18:11:43.432 [warning] [GitFileSystemProvider][stat] File not found - git:/home/sammy/Desktop/temp/hello-world/RcIfPal.git?%7B%22path%22%3A%22%2Fhome%2Fsammy%2FDesktop%2Ftemp%2Fhello-world%2FRcIfPal%22%2C%22ref%22%3A%22%22%7D
2025-06-06 18:16:35.909 [info] > git config --get commit.template [14ms]
2025-06-06 18:16:35.910 [info] > git for-each-ref --format=%(refname)%00%(upstream:short)%00%(objectname)%00%(upstream:track)%00%(upstream:remotename)%00%(upstream:remoteref) refs/heads/b1 refs/remotes/b1 [2ms]
2025-06-06 18:16:35.927 [info] > git status -z -uall [8ms]
2025-06-06 18:16:35.927 [info] > git for-each-ref --sort -committerdate --format %(refname)%00%(objectname)%00%(*objectname) [1ms]
2025-06-06 18:16:46.484 [info] > git config --get commit.template [10ms]
2025-06-06 18:16:46.485 [info] > git for-each-ref --format=%(refname)%00%(upstream:short)%00%(objectname)%00%(upstream:track)%00%(upstream:remotename)%00%(upstream:remoteref) refs/heads/b1 refs/remotes/b1 [2ms]
2025-06-06 18:16:46.500 [info] > git status -z -uall [6ms]
2025-06-06 18:16:46.500 [info] > git for-each-ref --sort -committerdate --format %(refname)%00%(objectname)%00%(*objectname) [1ms]
2025-06-06 18:16:51.517 [info] > git config --get commit.template [6ms]
2025-06-06 18:16:51.517 [info] > git for-each-ref --format=%(refname)%00%(upstream:short)%00%(objectname)%00%(upstream:track)%00%(upstream:remotename)%00%(upstream:remoteref) refs/heads/b1 refs/remotes/b1 [0ms]
2025-06-06 18:16:51.532 [info] > git status -z -uall [7ms]
2025-06-06 18:16:51.532 [info] > git for-each-ref --sort -committerdate --format %(refname)%00%(objectname)%00%(*objectname) [1ms]
2025-06-06 18:18:14.364 [info] > git config --get commit.template [11ms]
2025-06-06 18:18:14.364 [info] > git for-each-ref --format=%(refname)%00%(upstream:short)%00%(objectname)%00%(upstream:track)%00%(upstream:remotename)%00%(upstream:remoteref) refs/heads/b1 refs/remotes/b1 [1ms]
2025-06-06 18:18:14.382 [info] > git status -z -uall [8ms]
2025-06-06 18:18:14.383 [info] > git for-each-ref --sort -committerdate --format %(refname)%00%(objectname)%00%(*objectname) [2ms]
2025-06-06 18:18:29.252 [info] > git config --get commit.template [1ms]
2025-06-06 18:18:29.263 [info] > git for-each-ref --format=%(refname)%00%(upstream:short)%00%(objectname)%00%(upstream:track)%00%(upstream:remotename)%00%(upstream:remoteref) refs/heads/b1 refs/remotes/b1 [1ms]
2025-06-06 18:18:29.280 [info] > git status -z -uall [10ms]
2025-06-06 18:18:29.281 [info] > git for-each-ref --sort -committerdate --format %(refname)%00%(objectname)%00%(*objectname) [1ms]
2025-06-06 18:18:34.299 [info] > git config --get commit.template [10ms]
2025-06-06 18:18:34.299 [info] > git for-each-ref --format=%(refname)%00%(upstream:short)%00%(objectname)%00%(upstream:track)%00%(upstream:remotename)%00%(upstream:remoteref) refs/heads/b1 refs/remotes/b1 [1ms]
2025-06-06 18:18:34.315 [info] > git status -z -uall [10ms]
2025-06-06 18:18:34.316 [info] > git for-each-ref --sort -committerdate --format %(refname)%00%(objectname)%00%(*objectname) [1ms]
2025-06-06 18:18:39.340 [info] > git config --get commit.template [12ms]
2025-06-06 18:18:39.341 [info] > git for-each-ref --format=%(refname)%00%(upstream:short)%00%(objectname)%00%(upstream:track)%00%(upstream:remotename)%00%(upstream:remoteref) refs/heads/b1 refs/remotes/b1 [1ms]
2025-06-06 18:18:39.357 [info] > git status -z -uall [9ms]
2025-06-06 18:18:39.358 [info] > git for-each-ref --sort -committerdate --format %(refname)%00%(objectname)%00%(*objectname) [2ms]
2025-06-06 18:18:49.136 [info] > git config --get commit.template [13ms]
2025-06-06 18:18:49.137 [info] > git for-each-ref --format=%(refname)%00%(upstream:short)%00%(objectname)%00%(upstream:track)%00%(upstream:remotename)%00%(upstream:remoteref) refs/heads/b1 refs/remotes/b1 [2ms]
2025-06-06 18:18:49.155 [info] > git status -z -uall [8ms]
2025-06-06 18:18:49.155 [info] > git for-each-ref --sort -committerdate --format %(refname)%00%(objectname)%00%(*objectname) [1ms]
2025-06-06 18:21:10.876 [info] > git config --get commit.template [13ms]
2025-06-06 18:21:10.877 [info] > git for-each-ref --format=%(refname)%00%(upstream:short)%00%(objectname)%00%(upstream:track)%00%(upstream:remotename)%00%(upstream:remoteref) refs/heads/b1 refs/remotes/b1 [2ms]
2025-06-06 18:21:10.894 [info] > git status -z -uall [10ms]
2025-06-06 18:21:10.895 [info] > git for-each-ref --sort -committerdate --format %(refname)%00%(objectname)%00%(*objectname) [3ms]
2025-06-06 18:21:55.009 [info] > git config --get commit.template [11ms]
2025-06-06 18:21:55.010 [info] > git for-each-ref --format=%(refname)%00%(upstream:short)%00%(objectname)%00%(upstream:track)%00%(upstream:remotename)%00%(upstream:remoteref) refs/heads/b1 refs/remotes/b1 [2ms]
2025-06-06 18:21:55.027 [info] > git status -z -uall [8ms]
2025-06-06 18:21:55.028 [info] > git for-each-ref --sort -committerdate --format %(refname)%00%(objectname)%00%(*objectname) [1ms]
2025-06-06 18:22:17.261 [info] > git config --get commit.template [8ms]
2025-06-06 18:22:17.262 [info] > git for-each-ref --format=%(refname)%00%(upstream:short)%00%(objectname)%00%(upstream:track)%00%(upstream:remotename)%00%(upstream:remoteref) refs/heads/b1 refs/remotes/b1 [2ms]
2025-06-06 18:22:17.279 [info] > git status -z -uall [8ms]
2025-06-06 18:22:17.279 [info] > git for-each-ref --sort -committerdate --format %(refname)%00%(objectname)%00%(*objectname) [1ms]
2025-06-06 18:22:25.936 [info] > git config --get commit.template [10ms]
2025-06-06 18:22:25.936 [info] > git for-each-ref --format=%(refname)%00%(upstream:short)%00%(objectname)%00%(upstream:track)%00%(upstream:remotename)%00%(upstream:remoteref) refs/heads/b1 refs/remotes/b1 [1ms]
2025-06-06 18:22:25.953 [info] > git status -z -uall [9ms]
2025-06-06 18:22:25.954 [info] > git for-each-ref --sort -committerdate --format %(refname)%00%(objectname)%00%(*objectname) [2ms]
2025-06-06 18:23:17.031 [info] > git config --get commit.template [14ms]
2025-06-06 18:23:17.032 [info] > git for-each-ref --format=%(refname)%00%(upstream:short)%00%(objectname)%00%(upstream:track)%00%(upstream:remotename)%00%(upstream:remoteref) refs/heads/b1 refs/remotes/b1 [3ms]
2025-06-06 18:23:17.048 [info] > git status -z -uall [9ms]
2025-06-06 18:23:17.049 [info] > git for-each-ref --sort -committerdate --format %(refname)%00%(objectname)%00%(*objectname) [2ms]
2025-06-06 18:23:32.515 [info] > git config --get commit.template [13ms]
2025-06-06 18:23:32.515 [info] > git for-each-ref --format=%(refname)%00%(upstream:short)%00%(objectname)%00%(upstream:track)%00%(upstream:remotename)%00%(upstream:remoteref) refs/heads/b1 refs/remotes/b1 [1ms]
2025-06-06 18:23:32.533 [info] > git status -z -uall [9ms]
2025-06-06 18:23:32.534 [info] > git for-each-ref --sort -committerdate --format %(refname)%00%(objectname)%00%(*objectname) [1ms]
2025-06-06 18:23:41.210 [info] > git check-ignore -v -z --stdin [2ms]
2025-06-06 18:23:41.300 [info] > git config --get commit.template [13ms]
2025-06-06 18:23:41.301 [info] > git for-each-ref --format=%(refname)%00%(upstream:short)%00%(objectname)%00%(upstream:track)%00%(upstream:remotename)%00%(upstream:remoteref) refs/heads/b1 refs/remotes/b1 [2ms]
2025-06-06 18:23:41.319 [info] > git status -z -uall [9ms]
2025-06-06 18:23:41.320 [info] > git for-each-ref --sort -committerdate --format %(refname)%00%(objectname)%00%(*objectname) [1ms]
2025-06-06 18:24:15.229 [info] > git config --get commit.template [12ms]
2025-06-06 18:24:15.230 [info] > git for-each-ref --format=%(refname)%00%(upstream:short)%00%(objectname)%00%(upstream:track)%00%(upstream:remotename)%00%(upstream:remoteref) refs/heads/b1 refs/remotes/b1 [2ms]
2025-06-06 18:24:15.247 [info] > git status -z -uall [8ms]
2025-06-06 18:24:15.249 [info] > git for-each-ref --sort -committerdate --format %(refname)%00%(objectname)%00%(*objectname) [1ms]
2025-06-06 18:24:26.285 [info] > git config --get commit.template [14ms]
2025-06-06 18:24:26.286 [info] > git for-each-ref --format=%(refname)%00%(upstream:short)%00%(objectname)%00%(upstream:track)%00%(upstream:remotename)%00%(upstream:remoteref) refs/heads/b1 refs/remotes/b1 [2ms]
2025-06-06 18:24:26.306 [info] > git status -z -uall [8ms]
2025-06-06 18:24:26.306 [info] > git for-each-ref --sort -committerdate --format %(refname)%00%(objectname)%00%(*objectname) [1ms]
2025-06-06 18:24:39.971 [info] > git config --get commit.template [12ms]
2025-06-06 18:24:39.971 [info] > git for-each-ref --format=%(refname)%00%(upstream:short)%00%(objectname)%00%(upstream:track)%00%(upstream:remotename)%00%(upstream:remoteref) refs/heads/b1 refs/remotes/b1 [1ms]
2025-06-06 18:24:39.987 [info] > git status -z -uall [7ms]
2025-06-06 18:24:39.988 [info] > git for-each-ref --sort -committerdate --format %(refname)%00%(objectname)%00%(*objectname) [1ms]
2025-06-06 18:24:45.011 [info] > git config --get commit.template [10ms]
2025-06-06 18:24:45.011 [info] > git for-each-ref --format=%(refname)%00%(upstream:short)%00%(objectname)%00%(upstream:track)%00%(upstream:remotename)%00%(upstream:remoteref) refs/heads/b1 refs/remotes/b1 [1ms]
2025-06-06 18:24:45.032 [info] > git status -z -uall [10ms]
2025-06-06 18:24:45.033 [info] > git for-each-ref --sort -committerdate --format %(refname)%00%(objectname)%00%(*objectname) [2ms]
2025-06-06 18:24:45.364 [info] > git show --textconv :RcIfPal.cpp [12ms]
2025-06-06 18:24:45.366 [info] > git ls-files --stage -- RcIfPal.cpp [2ms]
2025-06-06 18:24:45.378 [info] > git cat-file -s 5fd12dc1139d12709b5663f18ce85faa9d2f3447 [2ms]
2025-06-06 18:24:45.404 [info] > git blame --root --incremental 0da68050d299bd3a033e0957320a839b78566dab -- RcIfPal.cpp [3ms]
2025-06-06 18:44:13.603 [info] > git for-each-ref --format=%(refname)%00%(upstream:short)%00%(objectname)%00%(upstream:track)%00%(upstream:remotename)%00%(upstream:remoteref) refs/heads/b1 refs/remotes/b1 [12ms]
2025-06-06 18:44:13.603 [info] > git config --get commit.template [24ms]
2025-06-06 18:44:13.619 [info] > git check-ignore -v -z --stdin [17ms]
2025-06-06 18:44:13.620 [info] > git status -z -uall [8ms]
2025-06-06 18:44:13.620 [info] > git for-each-ref --sort -committerdate --format %(refname)%00%(objectname)%00%(*objectname) [1ms]
2025-06-06 18:44:20.784 [info] > git config --get commit.template [13ms]
2025-06-06 18:44:20.786 [info] > git for-each-ref --format=%(refname)%00%(upstream:short)%00%(objectname)%00%(upstream:track)%00%(upstream:remotename)%00%(upstream:remoteref) refs/heads/b1 refs/remotes/b1 [2ms]
2025-06-06 18:44:20.804 [info] > git status -z -uall [8ms]
2025-06-06 18:44:20.805 [info] > git for-each-ref --sort -committerdate --format %(refname)%00%(objectname)%00%(*objectname) [2ms]
2025-06-06 18:44:26.630 [info] > git config --get commit.template [2ms]
2025-06-06 18:44:26.643 [info] > git for-each-ref --format=%(refname)%00%(upstream:short)%00%(objectname)%00%(upstream:track)%00%(upstream:remotename)%00%(upstream:remoteref) refs/heads/b1 refs/remotes/b1 [2ms]
2025-06-06 18:44:26.662 [info] > git status -z -uall [9ms]
2025-06-06 18:44:26.663 [info] > git for-each-ref --sort -committerdate --format %(refname)%00%(objectname)%00%(*objectname) [1ms]
2025-06-06 18:44:26.674 [info] > git blame --root --incremental ccef90e4180624a6808b1ce41d24650232ffa2b0 -- RcIfPal.cpp [1ms]
2025-06-06 18:44:26.674 [info] fatal: no such path RcIfPal.cpp in ccef90e4180624a6808b1ce41d24650232ffa2b0
2025-06-06 18:44:26.731 [info] > git ls-files --stage -- RcIfPal.cpp [2ms]
2025-06-06 18:44:26.732 [warning] [GitFileSystemProvider][stat] File not found - git:/home/sammy/Desktop/temp/hello-world/RcIfPal.cpp.git?%7B%22path%22%3A%22%2Fhome%2Fsammy%2FDesktop%2Ftemp%2Fhello-world%2FRcIfPal.cpp%22%2C%22ref%22%3A%22%22%7D
2025-06-06 18:45:02.075 [info] > git check-ignore -v -z --stdin [2ms]
2025-06-06 18:45:33.210 [info] > git config --get commit.template [6ms]
2025-06-06 18:45:33.211 [info] > git for-each-ref --format=%(refname)%00%(upstream:short)%00%(objectname)%00%(upstream:track)%00%(upstream:remotename)%00%(upstream:remoteref) refs/heads/b1 refs/remotes/b1 [1ms]
2025-06-06 18:45:33.230 [info] > git status -z -uall [13ms]
2025-06-06 18:45:33.231 [info] > git for-each-ref --sort -committerdate --format %(refname)%00%(objectname)%00%(*objectname) [7ms]
2025-06-06 18:45:33.232 [info] > git check-ignore -v -z --stdin [2ms]
2025-06-06 18:45:39.408 [info] > git show --textconv :RcSumtoN.cpp [11ms]
2025-06-06 18:45:39.408 [warning] [GitFileSystemProvider][readFile] File not found - git:/home/sammy/Desktop/temp/hello-world/RcSumtoN.cpp.git?%7B%22path%22%3A%22%2Fhome%2Fsammy%2FDesktop%2Ftemp%2Fhello-world%2FRcSumtoN.cpp%22%2C%22ref%22%3A%22%22%7D
2025-06-06 18:45:39.409 [info] > git ls-files --stage -- RcSumtoN.cpp [1ms]
2025-06-06 18:45:39.409 [warning] [GitFileSystemProvider][stat] File not found - git:/home/sammy/Desktop/temp/hello-world/RcSumtoN.cpp.git?%7B%22path%22%3A%22%2Fhome%2Fsammy%2FDesktop%2Ftemp%2Fhello-world%2FRcSumtoN.cpp%22%2C%22ref%22%3A%22%22%7D
2025-06-06 18:45:41.040 [info] > git show --textconv :RcPrintName.cpp [11ms]
2025-06-06 18:45:41.041 [warning] [GitFileSystemProvider][readFile] File not found - git:/home/sammy/Desktop/temp/hello-world/RcPrintName.cpp.git?%7B%22path%22%3A%22%2Fhome%2Fsammy%2FDesktop%2Ftemp%2Fhello-world%2FRcPrintName.cpp%22%2C%22ref%22%3A%22%22%7D
2025-06-06 18:45:41.041 [info] > git ls-files --stage -- RcPrintName.cpp [2ms]
2025-06-06 18:45:41.041 [warning] [GitFileSystemProvider][stat] File not found - git:/home/sammy/Desktop/temp/hello-world/RcPrintName.cpp.git?%7B%22path%22%3A%22%2Fhome%2Fsammy%2FDesktop%2Ftemp%2Fhello-world%2FRcPrintName.cpp%22%2C%22ref%22%3A%22%22%7D
2025-06-06 18:45:43.196 [info] > git show --textconv :RcPrintN.cpp [11ms]
2025-06-06 18:45:43.196 [warning] [GitFileSystemProvider][readFile] File not found - git:/home/sammy/Desktop/temp/hello-world/RcPrintN.cpp.git?%7B%22path%22%3A%22%2Fhome%2Fsammy%2FDesktop%2Ftemp%2Fhello-world%2FRcPrintN.cpp%22%2C%22ref%22%3A%22%22%7D
2025-06-06 18:45:43.197 [info] > git ls-files --stage -- RcPrintN.cpp [2ms]
2025-06-06 18:45:43.197 [warning] [GitFileSystemProvider][stat] File not found - git:/home/sammy/Desktop/temp/hello-world/RcPrintN.cpp.git?%7B%22path%22%3A%22%2Fhome%2Fsammy%2FDesktop%2Ftemp%2Fhello-world%2FRcPrintN.cpp%22%2C%22ref%22%3A%22%22%7D
2025-06-06 18:47:34.392 [info] > git config --get commit.template [13ms]
2025-06-06 18:47:34.394 [info] > git for-each-ref --format=%(refname)%00%(upstream:short)%00%(objectname)%00%(upstream:track)%00%(upstream:remotename)%00%(upstream:remoteref) refs/heads/b1 refs/remotes/b1 [2ms]
2025-06-06 18:47:34.413 [info] > git status -z -uall [10ms]
2025-06-06 18:47:34.414 [info] > git for-each-ref --sort -committerdate --format %(refname)%00%(objectname)%00%(*objectname) [2ms]
2025-06-06 18:47:43.496 [info] > git config --get commit.template [9ms]
2025-06-06 18:47:43.497 [info] > git for-each-ref --format=%(refname)%00%(upstream:short)%00%(objectname)%00%(upstream:track)%00%(upstream:remotename)%00%(upstream:remoteref) refs/heads/b1 refs/remotes/b1 [1ms]
2025-06-06 18:47:43.511 [info] > git status -z -uall [9ms]
2025-06-06 18:47:43.512 [info] > git for-each-ref --sort -committerdate --format %(refname)%00%(objectname)%00%(*objectname) [2ms]
2025-06-06 18:47:57.957 [info] > git config --get commit.template [12ms]
2025-06-06 18:47:57.958 [info] > git for-each-ref --format=%(refname)%00%(upstream:short)%00%(objectname)%00%(upstream:track)%00%(upstream:remotename)%00%(upstream:remoteref) refs/heads/b1 refs/remotes/b1 [2ms]
2025-06-06 18:47:57.981 [info] > git status -z -uall [11ms]
2025-06-06 18:47:57.982 [info] > git for-each-ref --sort -committerdate --format %(refname)%00%(objectname)%00%(*objectname) [2ms]
2025-06-06 18:48:01.815 [info] > git log --format=%H%n%aN%n%aE%n%at%n%ct%n%P%n%D%n%B -z --shortstat --diff-merges=first-parent -n50 --skip=0 --topo-order --decorate=full --stdin [4ms]
2025-06-06 18:48:02.348 [info] > git check-ignore -v -z --stdin [2ms]
2025-06-06 18:48:32.656 [info] > git config --get commit.template [2ms]
2025-06-06 18:48:32.669 [info] > git for-each-ref --format=%(refname)%00%(upstream:short)%00%(objectname)%00%(upstream:track)%00%(upstream:remotename)%00%(upstream:remoteref) refs/heads/b1 refs/remotes/b1 [2ms]
2025-06-06 18:48:32.686 [info] > git status -z -uall [7ms]
2025-06-06 18:48:32.687 [info] > git for-each-ref --sort -committerdate --format %(refname)%00%(objectname)%00%(*objectname) [1ms]
2025-06-06 18:48:40.081 [info] > git show --textconv :Recursion-Basic/RcSumtoN.cpp [10ms]
2025-06-06 18:48:40.082 [info] > git ls-files --stage -- Recursion-Basic/RcSumtoN.cpp [2ms]
2025-06-06 18:48:40.092 [info] > git cat-file -s 0a708677cf4f7d0dc82b0165cf074aca133123be [1ms]
2025-06-06 18:49:07.287 [info] > git config --get commit.template [14ms]
2025-06-06 18:49:07.287 [info] > git for-each-ref --format=%(refname)%00%(upstream:short)%00%(objectname)%00%(upstream:track)%00%(upstream:remotename)%00%(upstream:remoteref) refs/heads/b1 refs/remotes/b1 [2ms]
2025-06-06 18:49:07.304 [info] > git status -z -uall [9ms]
2025-06-06 18:49:07.305 [info] > git for-each-ref --sort -committerdate --format %(refname)%00%(objectname)%00%(*objectname) [2ms]
2025-06-06 18:50:42.390 [info] > git config --get commit.template [13ms]
2025-06-06 18:50:42.391 [info] > git for-each-ref --format=%(refname)%00%(upstream:short)%00%(objectname)%00%(upstream:track)%00%(upstream:remotename)%00%(upstream:remoteref) refs/heads/b1 refs/remotes/b1 [2ms]
2025-06-06 18:50:42.417 [info] > git status -z -uall [17ms]
2025-06-06 18:50:42.417 [info] > git for-each-ref --sort -committerdate --format %(refname)%00%(objectname)%00%(*objectname) [10ms]
2025-06-06 18:50:47.442 [info] > git config --get commit.template [12ms]
2025-06-06 18:50:47.442 [info] > git for-each-ref --format=%(refname)%00%(upstream:short)%00%(objectname)%00%(upstream:track)%00%(upstream:remotename)%00%(upstream:remoteref) refs/heads/b1 refs/remotes/b1 [1ms]
2025-06-06 18:50:47.457 [info] > git status -z -uall [9ms]
2025-06-06 18:50:47.458 [info] > git for-each-ref --sort -committerdate --format %(refname)%00%(objectname)%00%(*objectname) [1ms]
2025-06-06 18:51:35.979 [info] > git config --get commit.template [14ms]
2025-06-06 18:51:35.979 [info] > git for-each-ref --format=%(refname)%00%(upstream:short)%00%(objectname)%00%(upstream:track)%00%(upstream:remotename)%00%(upstream:remoteref) refs/heads/b1 refs/remotes/b1 [1ms]
2025-06-06 18:51:35.999 [info] > git status -z -uall [12ms]
2025-06-06 18:51:35.999 [info] > git for-each-ref --sort -committerdate --format %(refname)%00%(objectname)%00%(*objectname) [1ms]
2025-06-06 18:51:39.443 [info] > git log --format=%H%n%aN%n%aE%n%at%n%ct%n%P%n%D%n%B -z --shortstat --diff-merges=first-parent -n50 --skip=0 --topo-order --decorate=full --stdin [9ms]
2025-06-06 18:53:06.545 [info] > git config --get commit.template [13ms]
2025-06-06 18:53:06.546 [info] > git for-each-ref --format=%(refname)%00%(upstream:short)%00%(objectname)%00%(upstream:track)%00%(upstream:remotename)%00%(upstream:remoteref) refs/heads/b1 refs/remotes/b1 [2ms]
2025-06-06 18:53:06.563 [info] > git status -z -uall [7ms]
2025-06-06 18:53:06.564 [info] > git for-each-ref --sort -committerdate --format %(refname)%00%(objectname)%00%(*objectname) [2ms]
2025-06-06 18:53:06.896 [info] > git show --textconv :Recursion-Basic/RcFib.cpp [13ms]
2025-06-06 18:53:06.897 [warning] [GitFileSystemProvider][readFile] File not found - git:/home/sammy/Desktop/temp/hello-world/Recursion-Basic/RcFib.cpp.git?%7B%22path%22%3A%22%2Fhome%2Fsammy%2FDesktop%2Ftemp%2Fhello-world%2FRecursion-Basic%2FRcFib.cpp%22%2C%22ref%22%3A%22%22%7D
2025-06-06 18:53:06.898 [info] > git ls-files --stage -- Recursion-Basic/RcFib.cpp [3ms]
2025-06-06 18:53:06.898 [warning] [GitFileSystemProvider][stat] File not found - git:/home/sammy/Desktop/temp/hello-world/Recursion-Basic/RcFib.cpp.git?%7B%22path%22%3A%22%2Fhome%2Fsammy%2FDesktop%2Ftemp%2Fhello-world%2FRecursion-Basic%2FRcFib.cpp%22%2C%22ref%22%3A%22%22%7D
2025-06-06 18:53:06.908 [info] > git blame --root --incremental ccef90e4180624a6808b1ce41d24650232ffa2b0 -- Recursion-Basic/RcFib.cpp [1ms]
2025-06-06 18:53:06.908 [info] fatal: no such path Recursion-Basic/RcFib.cpp in ccef90e4180624a6808b1ce41d24650232ffa2b0
2025-06-06 18:53:33.684 [info] > git config --get commit.template [8ms]
2025-06-06 18:53:33.684 [info] > git for-each-ref --format=%(refname)%00%(upstream:short)%00%(objectname)%00%(upstream:track)%00%(upstream:remotename)%00%(upstream:remoteref) refs/heads/b1 refs/remotes/b1 [1ms]
2025-06-06 18:53:33.699 [info] > git status -z -uall [7ms]
2025-06-06 18:53:33.700 [info] > git for-each-ref --sort -committerdate --format %(refname)%00%(objectname)%00%(*objectname) [2ms]
2025-06-06 18:53:34.753 [info] > git config --get commit.template [13ms]
2025-06-06 18:53:34.754 [info] > git for-each-ref --format=%(refname)%00%(upstream:short)%00%(objectname)%00%(upstream:track)%00%(upstream:remotename)%00%(upstream:remoteref) refs/heads/b1 refs/remotes/b1 [1ms]
2025-06-06 18:53:34.773 [info] > git status -z -uall [9ms]
2025-06-06 18:53:34.773 [info] > git for-each-ref --sort -committerdate --format %(refname)%00%(objectname)%00%(*objectname) [1ms]
2025-06-06 18:53:43.202 [info] > git config --get commit.template [8ms]
2025-06-06 18:53:43.203 [info] > git for-each-ref --format=%(refname)%00%(upstream:short)%00%(objectname)%00%(upstream:track)%00%(upstream:remotename)%00%(upstream:remoteref) refs/heads/b1 refs/remotes/b1 [1ms]
2025-06-06 18:53:43.216 [info] > git status -z -uall [8ms]
2025-06-06 18:53:43.217 [info] > git for-each-ref --sort -committerdate --format %(refname)%00%(objectname)%00%(*objectname) [2ms]
2025-06-06 18:53:52.882 [info] > git check-ignore -v -z --stdin [2ms]
2025-06-06 18:53:54.852 [info] > git check-ignore -v -z --stdin [1ms]
2025-06-06 18:53:57.155 [info] > git show --textconv :Recursion-Basic/RcPrintN.cpp [16ms]
2025-06-06 18:53:57.155 [info] > git ls-files --stage -- Recursion-Basic/RcPrintN.cpp [0ms]
2025-06-06 18:53:57.169 [info] > git cat-file -s 94b49a19d0b04908188564a1a7b5fee010fdc5ae [2ms]
2025-06-06 18:53:57.898 [info] > git blame --root --incremental ccef90e4180624a6808b1ce41d24650232ffa2b0 -- Recursion-Basic/RcPrintN.cpp [2ms]
2025-06-06 18:54:01.751 [info] > git for-each-ref --format=%(refname)%00%(upstream:short)%00%(objectname)%00%(upstream:track)%00%(upstream:remotename)%00%(upstream:remoteref) refs/heads/b1 refs/remotes/b1 [3ms]
2025-06-06 18:54:01.751 [info] > git config --get commit.template [14ms]
2025-06-06 18:54:01.767 [info] > git status -z -uall [10ms]
2025-06-06 18:54:01.767 [info] > git for-each-ref --sort -committerdate --format %(refname)%00%(objectname)%00%(*objectname) [1ms]
2025-06-06 18:54:16.154 [info] > git config --get commit.template [9ms]
2025-06-06 18:54:16.154 [info] > git for-each-ref --format=%(refname)%00%(upstream:short)%00%(objectname)%00%(upstream:track)%00%(upstream:remotename)%00%(upstream:remoteref) refs/heads/b1 refs/remotes/b1 [1ms]
2025-06-06 18:54:16.169 [info] > git status -z -uall [8ms]
2025-06-06 18:54:16.170 [info] > git for-each-ref --sort -committerdate --format %(refname)%00%(objectname)%00%(*objectname) [1ms]
2025-06-06 18:54:17.206 [info] > git config --get commit.template [1ms]
2025-06-06 18:54:17.215 [info] > git for-each-ref --format=%(refname)%00%(upstream:short)%00%(objectname)%00%(upstream:track)%00%(upstream:remotename)%00%(upstream:remoteref) refs/heads/b1 refs/remotes/b1 [1ms]
2025-06-06 18:54:17.229 [info] > git status -z -uall [8ms]
2025-06-06 18:54:17.230 [info] > git for-each-ref --sort -committerdate --format %(refname)%00%(objectname)%00%(*objectname) [2ms]
2025-06-06 18:54:17.315 [info] > git ls-files --stage -- Recursion-Basic/RcPrintN.cpp [2ms]
2025-06-06 18:54:17.326 [info] > git cat-file -s 94b49a19d0b04908188564a1a7b5fee010fdc5ae [1ms]
2025-06-06 18:54:17.338 [info] > git show --textconv :Recursion-Basic/RcPrintN.cpp [1ms]
2025-06-06 18:54:37.669 [info] > git show --textconv :JavaRandom.java [29ms]
2025-06-06 18:54:37.669 [info] > git ls-files --stage -- JavaRandom.java [8ms]
2025-06-06 18:54:37.700 [info] > git cat-file -s c614790054b08ddef6a9e1c8ea1bfd659657ebe2 [17ms]
2025-06-06 18:54:37.748 [info] > git blame --root --incremental ccef90e4180624a6808b1ce41d24650232ffa2b0 -- JavaRandom.java [8ms]
2025-06-06 18:54:47.870 [info] > git config --get commit.template [2ms]
2025-06-06 18:54:47.882 [info] > git for-each-ref --format=%(refname)%00%(upstream:short)%00%(objectname)%00%(upstream:track)%00%(upstream:remotename)%00%(upstream:remoteref) refs/heads/b1 refs/remotes/b1 [3ms]
2025-06-06 18:54:47.898 [info] > git status -z -uall [8ms]
2025-06-06 18:54:47.900 [info] > git for-each-ref --sort -committerdate --format %(refname)%00%(objectname)%00%(*objectname) [3ms]
2025-06-06 18:54:52.927 [info] > git config --get commit.template [11ms]
2025-06-06 18:54:52.928 [info] > git for-each-ref --format=%(refname)%00%(upstream:short)%00%(objectname)%00%(upstream:track)%00%(upstream:remotename)%00%(upstream:remoteref) refs/heads/b1 refs/remotes/b1 [2ms]
2025-06-06 18:54:52.948 [info] > git status -z -uall [8ms]
2025-06-06 18:54:52.949 [info] > git for-each-ref --sort -committerdate --format %(refname)%00%(objectname)%00%(*objectname) [2ms]
2025-06-06 18:54:54.030 [info] > git config --get commit.template [7ms]
2025-06-06 18:54:54.031 [info] > git for-each-ref --format=%(refname)%00%(upstream:short)%00%(objectname)%00%(upstream:track)%00%(upstream:remotename)%00%(upstream:remoteref) refs/heads/main refs/remotes/main [1ms]
2025-06-06 18:54:54.048 [info] > git status -z -uall [10ms]
2025-06-06 18:54:54.048 [info] > git for-each-ref --sort -committerdate --format %(refname)%00%(objectname)%00%(*objectname) [1ms]
2025-06-06 18:54:54.059 [info] > git for-each-ref --format=%(refname)%00%(upstream:short)%00%(objectname)%00%(upstream:track)%00%(upstream:remotename)%00%(upstream:remoteref) refs/heads/main refs/remotes/main [2ms]
2025-06-06 18:54:54.068 [info] > git config --get --local branch.main.vscode-merge-base [1ms]
2025-06-06 18:54:54.075 [info] > git for-each-ref --format=%(refname)%00%(upstream:short)%00%(objectname)%00%(upstream:track)%00%(upstream:remotename)%00%(upstream:remoteref) refs/heads/origin/main refs/remotes/origin/main [0ms]
2025-06-06 18:54:54.086 [info] > git merge-base refs/heads/main refs/remotes/origin/main [2ms]
2025-06-06 18:54:54.094 [info] > git diff --name-status -z --diff-filter=ADMR c33fa6d03afd6f7969a2d41768ec7bfc9a96bd59...refs/remotes/origin/main [1ms]
2025-06-06 18:54:57.975 [info] > git config --get commit.template [13ms]
2025-06-06 18:54:57.975 [info] > git for-each-ref --format=%(refname)%00%(upstream:short)%00%(objectname)%00%(upstream:track)%00%(upstream:remotename)%00%(upstream:remoteref) refs/heads/main refs/remotes/main [1ms]
2025-06-06 18:54:57.993 [info] > git status -z -uall [9ms]
2025-06-06 18:54:57.994 [info] > git for-each-ref --sort -committerdate --format %(refname)%00%(objectname)%00%(*objectname) [1ms]
2025-06-06 18:55:03.019 [info] > git config --get commit.template [13ms]
2025-06-06 18:55:03.020 [info] > git for-each-ref --format=%(refname)%00%(upstream:short)%00%(objectname)%00%(upstream:track)%00%(upstream:remotename)%00%(upstream:remoteref) refs/heads/main refs/remotes/main [2ms]
2025-06-06 18:55:03.035 [info] > git status -z -uall [9ms]
2025-06-06 18:55:03.036 [info] > git for-each-ref --sort -committerdate --format %(refname)%00%(objectname)%00%(*objectname) [2ms]
2025-06-06 18:55:08.000 [info] > git config --get commit.template [10ms]
2025-06-06 18:55:08.001 [info] > git for-each-ref --format=%(refname)%00%(upstream:short)%00%(objectname)%00%(upstream:track)%00%(upstream:remotename)%00%(upstream:remoteref) refs/heads/main refs/remotes/main [2ms]
2025-06-06 18:55:08.017 [info] > git status -z -uall [7ms]
2025-06-06 18:55:08.018 [info] > git for-each-ref --sort -committerdate --format %(refname)%00%(objectname)%00%(*objectname) [1ms]
2025-06-06 18:55:08.029 [info] > git merge-base refs/heads/main refs/remotes/origin/main [2ms]
2025-06-06 18:55:08.036 [info] > git diff --name-status -z --diff-filter=ADMR c33fa6d03afd6f7969a2d41768ec7bfc9a96bd59...refs/remotes/origin/main [1ms]
2025-06-06 18:55:08.053 [info] > git config --get commit.template [7ms]
2025-06-06 18:55:08.053 [info] > git for-each-ref --format=%(refname)%00%(upstream:short)%00%(objectname)%00%(upstream:track)%00%(upstream:remotename)%00%(upstream:remoteref) refs/heads/main refs/remotes/main [1ms]
2025-06-06 18:55:08.068 [info] > git status -z -uall [6ms]
2025-06-06 18:55:08.069 [info] > git for-each-ref --sort -committerdate --format %(refname)%00%(objectname)%00%(*objectname) [1ms]
2025-06-06 18:55:13.095 [info] > git config --get commit.template [13ms]
2025-06-06 18:55:13.096 [info] > git for-each-ref --format=%(refname)%00%(upstream:short)%00%(objectname)%00%(upstream:track)%00%(upstream:remotename)%00%(upstream:remoteref) refs/heads/main refs/remotes/main [2ms]
2025-06-06 18:55:13.114 [info] > git status -z -uall [9ms]
2025-06-06 18:55:13.115 [info] > git for-each-ref --sort -committerdate --format %(refname)%00%(objectname)%00%(*objectname) [2ms]
2025-06-06 18:55:35.594 [info] > git config --get commit.template [12ms]
2025-06-06 18:55:35.595 [info] > git for-each-ref --format=%(refname)%00%(upstream:short)%00%(objectname)%00%(upstream:track)%00%(upstream:remotename)%00%(upstream:remoteref) refs/heads/main refs/remotes/main [2ms]
2025-06-06 18:55:35.616 [info] > git status -z -uall [11ms]
2025-06-06 18:55:35.617 [info] > git for-each-ref --sort -committerdate --format %(refname)%00%(objectname)%00%(*objectname) [1ms]
2025-06-06 18:55:35.627 [info] > git merge-base refs/heads/main refs/remotes/origin/main [1ms]
2025-06-06 18:55:35.635 [info] > git diff --name-status -z --diff-filter=ADMR b30bf77b9f6a449d6a59f8989ce890a753bf6b90...refs/remotes/origin/main [2ms]
2025-06-06 18:56:00.198 [info] > git config --get commit.template [7ms]
2025-06-06 18:56:00.198 [info] > git for-each-ref --format=%(refname)%00%(upstream:short)%00%(objectname)%00%(upstream:track)%00%(upstream:remotename)%00%(upstream:remoteref) refs/heads/b1 refs/remotes/b1 [1ms]
2025-06-06 18:56:00.214 [info] > git status -z -uall [9ms]
2025-06-06 18:56:00.214 [info] > git for-each-ref --sort -committerdate --format %(refname)%00%(objectname)%00%(*objectname) [1ms]
2025-06-06 18:56:00.230 [info] > git for-each-ref --format=%(refname)%00%(upstream:short)%00%(objectname)%00%(upstream:track)%00%(upstream:remotename)%00%(upstream:remoteref) refs/heads/b1 refs/remotes/b1 [3ms]
2025-06-06 18:56:00.251 [info] > git config --get --local branch.b1.vscode-merge-base [1ms]
2025-06-06 18:56:00.267 [info] > git for-each-ref --format=%(refname)%00%(upstream:short)%00%(objectname)%00%(upstream:track)%00%(upstream:remotename)%00%(upstream:remoteref) refs/heads/origin/main refs/remotes/origin/main [6ms]
2025-06-06 18:56:01.286 [info] > git config --get commit.template [11ms]
2025-06-06 18:56:01.287 [info] > git for-each-ref --format=%(refname)%00%(upstream:short)%00%(objectname)%00%(upstream:track)%00%(upstream:remotename)%00%(upstream:remoteref) refs/heads/b1 refs/remotes/b1 [2ms]
2025-06-06 18:56:01.308 [info] > git status -z -uall [11ms]
2025-06-06 18:56:01.309 [info] > git for-each-ref --sort -committerdate --format %(refname)%00%(objectname)%00%(*objectname) [2ms]
2025-06-06 18:56:42.717 [info] > git show --textconv :Recursion-Basic/Rc1toN.cpp [8ms]
2025-06-06 18:56:42.718 [info] > git ls-files --stage -- Recursion-Basic/Rc1toN.cpp [1ms]
2025-06-06 18:56:42.728 [info] > git cat-file -s 3414806323e90517bb53d4b435775fcf7a852781 [1ms]
2025-06-06 18:56:44.776 [info] > git show --textconv :Recursion-Basic/RcFactorial.cpp [11ms]
2025-06-06 18:56:44.776 [info] > git ls-files --stage -- Recursion-Basic/RcFactorial.cpp [1ms]
2025-06-06 18:56:44.788 [info] > git cat-file -s 65a4027f87b6e2f0203140fa1976a8111a19d5ed [2ms]
2025-06-06 18:56:48.237 [info] > git show --textconv :Recursion-Basic/RcIfPal.cpp [9ms]
2025-06-06 18:56:48.238 [info] > git ls-files --stage -- Recursion-Basic/RcIfPal.cpp [2ms]
2025-06-06 18:56:48.245 [info] > git cat-file -s 5fd12dc1139d12709b5663f18ce85faa9d2f3447 [1ms]
2025-06-06 18:56:52.153 [info] > git show --textconv :Recursion-Basic/RcPrintN.cpp [10ms]
2025-06-06 18:56:52.153 [info] > git ls-files --stage -- Recursion-Basic/RcPrintN.cpp [1ms]
2025-06-06 18:56:52.161 [info] > git cat-file -s 94b49a19d0b04908188564a1a7b5fee010fdc5ae [1ms]
2025-06-06 18:56:57.552 [info] > git ls-files --stage -- Recursion-Basic/RcPrintName.cpp [1ms]
2025-06-06 18:56:57.562 [info] > git show --textconv :Recursion-Basic/RcPrintName.cpp [20ms]
2025-06-06 18:56:57.562 [info] > git cat-file -s ac018d113b880d38e1d6125e69999150e9956452 [2ms]
2025-06-06 18:57:01.971 [info] > git show --textconv :Recursion-Basic/RcSumtoN.cpp [10ms]
2025-06-06 18:57:01.971 [info] > git ls-files --stage -- Recursion-Basic/RcSumtoN.cpp [1ms]
2025-06-06 18:57:01.978 [info] > git cat-file -s 0a708677cf4f7d0dc82b0165cf074aca133123be [1ms]
2025-06-06 20:12:38.733 [info] > git show --textconv :Recursion-Basic/RcPrintName.cpp [9ms]
2025-06-06 20:12:38.742 [info] > git ls-files --stage -- Recursion-Basic/RcPrintName.cpp [10ms]
2025-06-06 20:12:38.754 [info] > git cat-file -s ac018d113b880d38e1d6125e69999150e9956452 [1ms]
2025-06-06 20:12:48.859 [info] > git show --textconv :Recursion-Basic/RcFactorial.cpp [9ms]
2025-06-06 20:12:48.859 [info] > git ls-files --stage -- Recursion-Basic/RcFactorial.cpp [1ms]
2025-06-06 20:12:48.870 [info] > git cat-file -s 65a4027f87b6e2f0203140fa1976a8111a19d5ed [1ms]
2025-06-06 20:13:06.464 [info] > git show --textconv :Recursion-Basic/Rc1toN.cpp [10ms]
2025-06-06 20:13:06.465 [info] > git ls-files --stage -- Recursion-Basic/Rc1toN.cpp [1ms]
2025-06-06 20:13:06.473 [info] > git cat-file -s 3414806323e90517bb53d4b435775fcf7a852781 [1ms]
2025-06-06 20:13:07.484 [info] > git show --textconv :Recursion-Basic/RcPrintN.cpp [11ms]
2025-06-06 20:13:07.485 [info] > git ls-files --stage -- Recursion-Basic/RcPrintN.cpp [1ms]
2025-06-06 20:13:07.493 [info] > git cat-file -s 94b49a19d0b04908188564a1a7b5fee010fdc5ae [2ms]
2025-06-06 20:54:16.392 [info] > git config --get commit.template [13ms]
2025-06-06 20:54:16.393 [info] > git check-ignore -v -z --stdin [2ms]
2025-06-06 20:54:16.403 [info] > git for-each-ref --format=%(refname)%00%(upstream:short)%00%(objectname)%00%(upstream:track)%00%(upstream:remotename)%00%(upstream:remoteref) refs/heads/b1 refs/remotes/b1 [0ms]
2025-06-06 20:54:16.419 [info] > git status -z -uall [8ms]
2025-06-06 20:54:16.420 [info] > git for-each-ref --sort -committerdate --format %(refname)%00%(objectname)%00%(*objectname) [0ms]
2025-06-06 21:00:05.869 [info] > git config --get commit.template [12ms]
2025-06-06 21:00:05.870 [info] > git for-each-ref --format=%(refname)%00%(upstream:short)%00%(objectname)%00%(upstream:track)%00%(upstream:remotename)%00%(upstream:remoteref) refs/heads/b1 refs/remotes/b1 [2ms]
2025-06-06 21:00:05.888 [info] > git status -z -uall [10ms]
2025-06-06 21:00:05.889 [info] > git for-each-ref --sort -committerdate --format %(refname)%00%(objectname)%00%(*objectname) [1ms]
2025-06-06 21:00:10.907 [info] > git config --get commit.template [9ms]
2025-06-06 21:00:10.907 [info] > git for-each-ref --format=%(refname)%00%(upstream:short)%00%(objectname)%00%(upstream:track)%00%(upstream:remotename)%00%(upstream:remoteref) refs/heads/b1 refs/remotes/b1 [0ms]
2025-06-06 21:00:10.924 [info] > git status -z -uall [10ms]
2025-06-06 21:00:10.925 [info] > git for-each-ref --sort -committerdate --format %(refname)%00%(objectname)%00%(*objectname) [2ms]
2025-06-06 21:00:25.184 [info] > git config --get commit.template [13ms]
2025-06-06 21:00:25.184 [info] > git for-each-ref --format=%(refname)%00%(upstream:short)%00%(objectname)%00%(upstream:track)%00%(upstream:remotename)%00%(upstream:remoteref) refs/heads/b1 refs/remotes/b1 [2ms]
2025-06-06 21:00:25.202 [info] > git status -z -uall [10ms]
2025-06-06 21:00:25.202 [info] > git for-each-ref --sort -committerdate --format %(refname)%00%(objectname)%00%(*objectname) [1ms]
2025-06-06 21:07:14.294 [info] > git config --get commit.template [12ms]
2025-06-06 21:07:14.294 [info] > git for-each-ref --format=%(refname)%00%(upstream:short)%00%(objectname)%00%(upstream:track)%00%(upstream:remotename)%00%(upstream:remoteref) refs/heads/b1 refs/remotes/b1 [1ms]
2025-06-06 21:07:14.312 [info] > git status -z -uall [8ms]
2025-06-06 21:07:14.312 [info] > git for-each-ref --sort -committerdate --format %(refname)%00%(objectname)%00%(*objectname) [1ms]
2025-06-06 21:07:27.638 [info] > git config --get commit.template [15ms]
2025-06-06 21:07:27.639 [info] > git for-each-ref --format=%(refname)%00%(upstream:short)%00%(objectname)%00%(upstream:track)%00%(upstream:remotename)%00%(upstream:remoteref) refs/heads/b1 refs/remotes/b1 [2ms]
2025-06-06 21:07:27.657 [info] > git status -z -uall [9ms]
2025-06-06 21:07:27.658 [info] > git for-each-ref --sort -committerdate --format %(refname)%00%(objectname)%00%(*objectname) [1ms]
2025-06-06 21:07:43.608 [info] > git config --get commit.template [3ms]
2025-06-06 21:07:43.623 [info] > git for-each-ref --format=%(refname)%00%(upstream:short)%00%(objectname)%00%(upstream:track)%00%(upstream:remotename)%00%(upstream:remoteref) refs/heads/b1 refs/remotes/b1 [2ms]
2025-06-06 21:07:43.644 [info] > git status -z -uall [8ms]
2025-06-06 21:07:43.644 [info] > git for-each-ref --sort -committerdate --format %(refname)%00%(objectname)%00%(*objectname) [1ms]
2025-06-06 21:07:48.670 [info] > git config --get commit.template [13ms]
2025-06-06 21:07:48.670 [info] > git for-each-ref --format=%(refname)%00%(upstream:short)%00%(objectname)%00%(upstream:track)%00%(upstream:remotename)%00%(upstream:remoteref) refs/heads/b1 refs/remotes/b1 [0ms]
2025-06-06 21:07:48.690 [info] > git status -z -uall [10ms]
2025-06-06 21:07:48.691 [info] > git for-each-ref --sort -committerdate --format %(refname)%00%(objectname)%00%(*objectname) [2ms]
2025-06-06 21:10:08.697 [info] > git config --get commit.template [1ms]
2025-06-06 21:10:08.707 [info] > git for-each-ref --format=%(refname)%00%(upstream:short)%00%(objectname)%00%(upstream:track)%00%(upstream:remotename)%00%(upstream:remoteref) refs/heads/b1 refs/remotes/b1 [1ms]
2025-06-06 21:10:08.725 [info] > git status -z -uall [9ms]
2025-06-06 21:10:08.725 [info] > git for-each-ref --sort -committerdate --format %(refname)%00%(objectname)%00%(*objectname) [1ms]
2025-06-06 21:10:13.750 [info] > git config --get commit.template [11ms]
2025-06-06 21:10:13.751 [info] > git for-each-ref --format=%(refname)%00%(upstream:short)%00%(objectname)%00%(upstream:track)%00%(upstream:remotename)%00%(upstream:remoteref) refs/heads/b1 refs/remotes/b1 [1ms]
2025-06-06 21:10:13.765 [info] > git status -z -uall [8ms]
2025-06-06 21:10:13.766 [info] > git for-each-ref --sort -committerdate --format %(refname)%00%(objectname)%00%(*objectname) [1ms]
2025-06-06 21:10:53.777 [info] > git config --get commit.template [3ms]
2025-06-06 21:10:53.789 [info] > git for-each-ref --format=%(refname)%00%(upstream:short)%00%(objectname)%00%(upstream:track)%00%(upstream:remotename)%00%(upstream:remoteref) refs/heads/b1 refs/remotes/b1 [2ms]
2025-06-06 21:10:53.807 [info] > git status -z -uall [7ms]
2025-06-06 21:10:53.808 [info] > git for-each-ref --sort -committerdate --format %(refname)%00%(objectname)%00%(*objectname) [2ms]
2025-06-06 21:10:58.839 [info] > git config --get commit.template [15ms]
2025-06-06 21:10:58.840 [info] > git for-each-ref --format=%(refname)%00%(upstream:short)%00%(objectname)%00%(upstream:track)%00%(upstream:remotename)%00%(upstream:remoteref) refs/heads/b1 refs/remotes/b1 [2ms]
2025-06-06 21:10:58.862 [info] > git status -z -uall [10ms]
2025-06-06 21:10:58.863 [info] > git for-each-ref --sort -committerdate --format %(refname)%00%(objectname)%00%(*objectname) [1ms]
2025-06-06 21:11:09.322 [info] > git config --get commit.template [13ms]
2025-06-06 21:11:09.324 [info] > git for-each-ref --format=%(refname)%00%(upstream:short)%00%(objectname)%00%(upstream:track)%00%(upstream:remotename)%00%(upstream:remoteref) refs/heads/b1 refs/remotes/b1 [3ms]
2025-06-06 21:11:09.344 [info] > git status -z -uall [11ms]
2025-06-06 21:11:09.345 [info] > git for-each-ref --sort -committerdate --format %(refname)%00%(objectname)%00%(*objectname) [2ms]
2025-06-06 21:11:14.364 [info] > git config --get commit.template [11ms]
2025-06-06 21:11:14.364 [info] > git for-each-ref --format=%(refname)%00%(upstream:short)%00%(objectname)%00%(upstream:track)%00%(upstream:remotename)%00%(upstream:remoteref) refs/heads/b1 refs/remotes/b1 [1ms]
2025-06-06 21:11:14.381 [info] > git status -z -uall [10ms]
2025-06-06 21:11:14.382 [info] > git for-each-ref --sort -committerdate --format %(refname)%00%(objectname)%00%(*objectname) [1ms]
2025-06-06 21:11:19.406 [info] > git config --get commit.template [10ms]
2025-06-06 21:11:19.406 [info] > git for-each-ref --format=%(refname)%00%(upstream:short)%00%(objectname)%00%(upstream:track)%00%(upstream:remotename)%00%(upstream:remoteref) refs/heads/b1 refs/remotes/b1 [0ms]
2025-06-06 21:11:19.422 [info] > git status -z -uall [9ms]
2025-06-06 21:11:19.423 [info] > git for-each-ref --sort -committerdate --format %(refname)%00%(objectname)%00%(*objectname) [1ms]
2025-06-06 21:11:35.462 [info] > git config --get commit.template [12ms]
2025-06-06 21:11:35.462 [info] > git for-each-ref --format=%(refname)%00%(upstream:short)%00%(objectname)%00%(upstream:track)%00%(upstream:remotename)%00%(upstream:remoteref) refs/heads/b1 refs/remotes/b1 [1ms]
2025-06-06 21:11:35.479 [info] > git status -z -uall [10ms]
2025-06-06 21:11:35.480 [info] > git for-each-ref --sort -committerdate --format %(refname)%00%(objectname)%00%(*objectname) [1ms]
2025-06-06 21:11:40.510 [info] > git config --get commit.template [14ms]
2025-06-06 21:11:40.511 [info] > git for-each-ref --format=%(refname)%00%(upstream:short)%00%(objectname)%00%(upstream:track)%00%(upstream:remotename)%00%(upstream:remoteref) refs/heads/b1 refs/remotes/b1 [2ms]
2025-06-06 21:11:40.534 [info] > git status -z -uall [11ms]
2025-06-06 21:11:40.535 [info] > git for-each-ref --sort -committerdate --format %(refname)%00%(objectname)%00%(*objectname) [2ms]
2025-06-06 21:32:43.842 [info] > git config --get commit.template [14ms]
2025-06-06 21:32:43.843 [info] > git for-each-ref --format=%(refname)%00%(upstream:short)%00%(objectname)%00%(upstream:track)%00%(upstream:remotename)%00%(upstream:remoteref) refs/heads/b1 refs/remotes/b1 [2ms]
2025-06-06 21:32:43.860 [info] > git status -z -uall [10ms]
2025-06-06 21:32:43.861 [info] > git for-each-ref --sort -committerdate --format %(refname)%00%(objectname)%00%(*objectname) [2ms]
2025-06-06 21:32:48.890 [info] > git config --get commit.template [14ms]
2025-06-06 21:32:48.891 [info] > git for-each-ref --format=%(refname)%00%(upstream:short)%00%(objectname)%00%(upstream:track)%00%(upstream:remotename)%00%(upstream:remoteref) refs/heads/b1 refs/remotes/b1 [2ms]
2025-06-06 21:32:48.913 [info] > git status -z -uall [11ms]
2025-06-06 21:32:48.914 [info] > git for-each-ref --sort -committerdate --format %(refname)%00%(objectname)%00%(*objectname) [2ms]
2025-06-06 21:33:20.724 [info] > git config --get commit.template [12ms]
2025-06-06 21:33:20.724 [info] > git for-each-ref --format=%(refname)%00%(upstream:short)%00%(objectname)%00%(upstream:track)%00%(upstream:remotename)%00%(upstream:remoteref) refs/heads/b1 refs/remotes/b1 [1ms]
2025-06-06 21:33:20.743 [info] > git status -z -uall [8ms]
2025-06-06 21:33:20.744 [info] > git for-each-ref --sort -committerdate --format %(refname)%00%(objectname)%00%(*objectname) [2ms]
2025-06-06 21:33:30.909 [info] > git config --get commit.template [12ms]
2025-06-06 21:33:30.910 [info] > git for-each-ref --format=%(refname)%00%(upstream:short)%00%(objectname)%00%(upstream:track)%00%(upstream:remotename)%00%(upstream:remoteref) refs/heads/b1 refs/remotes/b1 [2ms]
2025-06-06 21:33:30.928 [info] > git status -z -uall [9ms]
2025-06-06 21:33:30.929 [info] > git for-each-ref --sort -committerdate --format %(refname)%00%(objectname)%00%(*objectname) [1ms]
2025-06-06 21:33:35.949 [info] > git config --get commit.template [1ms]
2025-06-06 21:33:35.963 [info] > git for-each-ref --format=%(refname)%00%(upstream:short)%00%(objectname)%00%(upstream:track)%00%(upstream:remotename)%00%(upstream:remoteref) refs/heads/b1 refs/remotes/b1 [2ms]
2025-06-06 21:33:35.987 [info] > git status -z -uall [16ms]
2025-06-06 21:33:35.987 [info] > git for-each-ref --sort -committerdate --format %(refname)%00%(objectname)%00%(*objectname) [1ms]
2025-06-06 21:34:01.831 [info] > git log --format=%H%n%aN%n%aE%n%at%n%ct%n%P%n%D%n%B -z --shortstat --diff-merges=first-parent -n50 --skip=0 --topo-order --decorate=full --stdin [23ms]
2025-06-06 21:34:02.338 [info] > git check-ignore -v -z --stdin [2ms]
2025-06-06 21:34:16.150 [info] > git config --get commit.template [14ms]
2025-06-06 21:34:16.151 [info] > git for-each-ref --format=%(refname)%00%(upstream:short)%00%(objectname)%00%(upstream:track)%00%(upstream:remotename)%00%(upstream:remoteref) refs/heads/b1 refs/remotes/b1 [2ms]
2025-06-06 21:34:16.170 [info] > git status -z -uall [9ms]
2025-06-06 21:34:16.171 [info] > git for-each-ref --sort -committerdate --format %(refname)%00%(objectname)%00%(*objectname) [2ms]
2025-06-06 21:34:21.199 [info] > git for-each-ref --format=%(refname)%00%(upstream:short)%00%(objectname)%00%(upstream:track)%00%(upstream:remotename)%00%(upstream:remoteref) refs/heads/b1 refs/remotes/b1 [2ms]
2025-06-06 21:34:21.199 [info] > git config --get commit.template [13ms]
2025-06-06 21:34:21.217 [info] > git status -z -uall [8ms]
2025-06-06 21:34:21.218 [info] > git for-each-ref --sort -committerdate --format %(refname)%00%(objectname)%00%(*objectname) [1ms]
2025-06-06 21:34:21.550 [info] > git show --textconv :hash-freq.cpp [14ms]
2025-06-06 21:34:21.551 [info] > git ls-files --stage -- hash-freq.cpp [2ms]
2025-06-06 21:34:21.563 [info] > git cat-file -s 7b4a572d994136a2aa902cba1e96468abaa92fdd [2ms]
2025-06-06 21:34:21.585 [info] > git blame --root --incremental 23dbbc5d4401b2188bdea1aa661929d6351615d8 -- hash-freq.cpp [3ms]
2025-06-06 21:34:26.969 [info] > git config --get commit.template [1ms]
2025-06-06 21:34:26.980 [info] > git for-each-ref --format=%(refname)%00%(upstream:short)%00%(objectname)%00%(upstream:track)%00%(upstream:remotename)%00%(upstream:remoteref) refs/heads/main refs/remotes/main [0ms]
2025-06-06 21:34:26.997 [info] > git status -z -uall [9ms]
2025-06-06 21:34:26.998 [info] > git for-each-ref --sort -committerdate --format %(refname)%00%(objectname)%00%(*objectname) [2ms]
2025-06-06 21:34:27.018 [info] > git blame --root --incremental b30bf77b9f6a449d6a59f8989ce890a753bf6b90 -- hash-freq.cpp [7ms]
2025-06-06 21:34:27.018 [info] fatal: no such path hash-freq.cpp in b30bf77b9f6a449d6a59f8989ce890a753bf6b90
2025-06-06 21:34:27.018 [info] > git for-each-ref --format=%(refname)%00%(upstream:short)%00%(objectname)%00%(upstream:track)%00%(upstream:remotename)%00%(upstream:remoteref) refs/heads/main refs/remotes/main [2ms]
2025-06-06 21:34:27.029 [info] > git config --get --local branch.main.vscode-merge-base [1ms]
2025-06-06 21:34:27.037 [info] > git for-each-ref --format=%(refname)%00%(upstream:short)%00%(objectname)%00%(upstream:track)%00%(upstream:remotename)%00%(upstream:remoteref) refs/heads/origin/main refs/remotes/origin/main [0ms]
2025-06-06 21:34:27.047 [info] > git merge-base refs/heads/main refs/remotes/origin/main [1ms]
2025-06-06 21:34:27.055 [info] > git diff --name-status -z --diff-filter=ADMR b30bf77b9f6a449d6a59f8989ce890a753bf6b90...refs/remotes/origin/main [1ms]
2025-06-06 21:34:28.058 [info] > git config --get commit.template [13ms]
2025-06-06 21:34:28.059 [info] > git for-each-ref --format=%(refname)%00%(upstream:short)%00%(objectname)%00%(upstream:track)%00%(upstream:remotename)%00%(upstream:remoteref) refs/heads/main refs/remotes/main [1ms]
2025-06-06 21:34:28.079 [info] > git status -z -uall [10ms]
2025-06-06 21:34:28.079 [info] > git for-each-ref --sort -committerdate --format %(refname)%00%(objectname)%00%(*objectname) [1ms]
2025-06-06 21:34:28.149 [info] > git ls-files --stage -- hash-freq.cpp [2ms]
2025-06-06 21:34:28.150 [warning] [GitFileSystemProvider][stat] File not found - git:/home/sammy/Desktop/temp/hello-world/hash-freq.cpp.git?%7B%22path%22%3A%22%2Fhome%2Fsammy%2FDesktop%2Ftemp%2Fhello-world%2Fhash-freq.cpp%22%2C%22ref%22%3A%22%22%7D
2025-06-06 21:34:32.684 [info] > git ls-files --stage -- hash-freq.cpp [1ms]
2025-06-06 21:34:32.685 [warning] [GitFileSystemProvider][stat] File not found - git:/home/sammy/Desktop/temp/hello-world/hash-freq.cpp.git?%7B%22path%22%3A%22%2Fhome%2Fsammy%2FDesktop%2Ftemp%2Fhello-world%2Fhash-freq.cpp%22%2C%22ref%22%3A%22%22%7D
2025-06-06 21:34:33.106 [info] > git config --get commit.template [10ms]
2025-06-06 21:34:33.107 [info] > git for-each-ref --format=%(refname)%00%(upstream:short)%00%(objectname)%00%(upstream:track)%00%(upstream:remotename)%00%(upstream:remoteref) refs/heads/main refs/remotes/main [1ms]
2025-06-06 21:34:33.126 [info] > git status -z -uall [11ms]
2025-06-06 21:34:33.127 [info] > git for-each-ref --sort -committerdate --format %(refname)%00%(objectname)%00%(*objectname) [2ms]
2025-06-06 21:34:42.304 [info] > git for-each-ref --format=%(refname)%00%(upstream:short)%00%(objectname)%00%(upstream:track)%00%(upstream:remotename)%00%(upstream:remoteref) refs/heads/main refs/remotes/main [2ms]
2025-06-06 21:34:42.326 [info] > git status -z -uall [11ms]
2025-06-06 21:34:42.327 [info] > git for-each-ref --sort -committerdate --format %(refname)%00%(objectname)%00%(*objectname) [2ms]
2025-06-06 21:34:42.407 [info] > git ls-files --stage -- hash-freq.cpp [2ms]
2025-06-06 21:34:42.421 [info] > git cat-file -s 7b4a572d994136a2aa902cba1e96468abaa92fdd [2ms]
2025-06-06 21:34:42.434 [info] > git show --textconv :hash-freq.cpp [2ms]
2025-06-06 21:34:42.666 [info] > git show --textconv HEAD:hash-freq.cpp [14ms]
2025-06-06 21:34:42.667 [warning] [GitFileSystemProvider][readFile] File not found - git:/home/sammy/Desktop/temp/hello-world/hash-freq.cpp.git?%7B%22path%22%3A%22%2Fhome%2Fsammy%2FDesktop%2Ftemp%2Fhello-world%2Fhash-freq.cpp%22%2C%22ref%22%3A%22HEAD%22%7D
2025-06-06 21:34:42.668 [info] > git ls-tree -l HEAD -- hash-freq.cpp [2ms]
2025-06-06 21:34:42.668 [warning] [GitFileSystemProvider][stat] File not found - git:/home/sammy/Desktop/temp/hello-world/hash-freq.cpp.git?%7B%22path%22%3A%22%2Fhome%2Fsammy%2FDesktop%2Ftemp%2Fhello-world%2Fhash-freq.cpp%22%2C%22ref%22%3A%22HEAD%22%7D
2025-06-06 21:34:46.027 [info] > git config --get commit.template [12ms]
2025-06-06 21:34:46.028 [info] > git for-each-ref --format=%(refname)%00%(upstream:short)%00%(objectname)%00%(upstream:track)%00%(upstream:remotename)%00%(upstream:remoteref) refs/heads/main refs/remotes/main [1ms]
2025-06-06 21:34:46.046 [info] > git status -z -uall [8ms]
2025-06-06 21:34:46.047 [info] > git for-each-ref --sort -committerdate --format %(refname)%00%(objectname)%00%(*objectname) [2ms]
2025-06-06 21:34:46.068 [info] > git merge-base refs/heads/main refs/remotes/origin/main [2ms]
2025-06-06 21:34:46.077 [info] > git blame --root --incremental 2a8d55a4de4762e4a05b2425d79c1cc6c8d49b20 -- hash-freq.cpp [18ms]
2025-06-06 21:34:46.080 [info] > git diff --name-status -z --diff-filter=ADMR b30bf77b9f6a449d6a59f8989ce890a753bf6b90...refs/remotes/origin/main [3ms]
2025-06-06 21:34:47.187 [info] > git ls-files --stage -- hash-freq.cpp [0ms]
2025-06-06 21:34:47.194 [info] > git cat-file -s 7b4a572d994136a2aa902cba1e96468abaa92fdd [1ms]
2025-06-06 21:34:47.202 [info] > git show --textconv :hash-freq.cpp [1ms]
2025-06-06 21:34:47.359 [info] > git config --get commit.template [14ms]
2025-06-06 21:34:47.361 [info] > git for-each-ref --format=%(refname)%00%(upstream:short)%00%(objectname)%00%(upstream:track)%00%(upstream:remotename)%00%(upstream:remoteref) refs/heads/main refs/remotes/main [3ms]
2025-06-06 21:34:47.383 [info] > git status -z -uall [10ms]
2025-06-06 21:34:47.385 [info] > git for-each-ref --sort -committerdate --format %(refname)%00%(objectname)%00%(*objectname) [2ms]
2025-06-06 21:34:59.719 [info] > git config --get commit.template [1ms]
2025-06-06 21:34:59.730 [info] > git for-each-ref --format=%(refname)%00%(upstream:short)%00%(objectname)%00%(upstream:track)%00%(upstream:remotename)%00%(upstream:remoteref) refs/heads/main refs/remotes/main [2ms]
2025-06-06 21:34:59.751 [info] > git status -z -uall [9ms]
2025-06-06 21:34:59.751 [info] > git for-each-ref --sort -committerdate --format %(refname)%00%(objectname)%00%(*objectname) [1ms]
2025-06-06 21:34:59.761 [info] > git merge-base refs/heads/main refs/remotes/origin/main [2ms]
2025-06-06 21:34:59.770 [info] > git diff --name-status -z --diff-filter=ADMR 2a8d55a4de4762e4a05b2425d79c1cc6c8d49b20...refs/remotes/origin/main [1ms]
2025-06-06 21:34:59.823 [info] > git ls-files --stage -- hash-freq.cpp [2ms]
2025-06-06 21:34:59.837 [info] > git cat-file -s 7b4a572d994136a2aa902cba1e96468abaa92fdd [3ms]
2025-06-06 21:34:59.852 [info] > git show --textconv :hash-freq.cpp [2ms]
2025-06-06 21:35:14.844 [info] > git config --get commit.template [9ms]
2025-06-06 21:35:14.844 [info] > git for-each-ref --format=%(refname)%00%(upstream:short)%00%(objectname)%00%(upstream:track)%00%(upstream:remotename)%00%(upstream:remoteref) refs/heads/b1 refs/remotes/b1 [1ms]
2025-06-06 21:35:14.860 [info] > git status -z -uall [7ms]
2025-06-06 21:35:14.861 [info] > git for-each-ref --sort -committerdate --format %(refname)%00%(objectname)%00%(*objectname) [1ms]
2025-06-06 21:35:14.874 [info] > git for-each-ref --format=%(refname)%00%(upstream:short)%00%(objectname)%00%(upstream:track)%00%(upstream:remotename)%00%(upstream:remoteref) refs/heads/b1 refs/remotes/b1 [2ms]
2025-06-06 21:35:14.882 [info] > git config --get --local branch.b1.vscode-merge-base [1ms]
2025-06-06 21:35:14.891 [info] > git for-each-ref --format=%(refname)%00%(upstream:short)%00%(objectname)%00%(upstream:track)%00%(upstream:remotename)%00%(upstream:remoteref) refs/heads/origin/main refs/remotes/origin/main [2ms]
2025-06-06 21:35:15.914 [info] > git config --get commit.template [13ms]
2025-06-06 21:35:15.915 [info] > git for-each-ref --format=%(refname)%00%(upstream:short)%00%(objectname)%00%(upstream:track)%00%(upstream:remotename)%00%(upstream:remoteref) refs/heads/b1 refs/remotes/b1 [1ms]
2025-06-06 21:35:15.936 [info] > git status -z -uall [9ms]
2025-06-06 21:35:15.936 [info] > git for-each-ref --sort -committerdate --format %(refname)%00%(objectname)%00%(*objectname) [1ms]
2025-06-06 21:35:16.007 [info] > git ls-files --stage -- hash-freq.cpp [2ms]
2025-06-06 21:35:16.021 [info] > git cat-file -s 7b4a572d994136a2aa902cba1e96468abaa92fdd [2ms]
2025-06-06 21:35:16.037 [info] > git show --textconv :hash-freq.cpp [2ms]
