2025-06-05 20:16:26.485 [info] Reading sessions from keychain...
2025-06-05 20:16:26.485 [info] Getting sessions for all scopes...
2025-06-05 20:16:26.485 [info] Getting sessions for all scopes...
2025-06-05 20:16:26.485 [info] Getting sessions for all scopes...
2025-06-05 20:16:26.485 [info] Getting sessions for all scopes...
2025-06-05 20:16:26.485 [info] Getting sessions for all scopes...
2025-06-05 20:16:26.485 [info] Getting sessions for all scopes...
2025-06-05 20:16:26.485 [info] Getting sessions for all scopes...
2025-06-05 20:16:26.485 [info] Getting sessions for all scopes...
2025-06-05 20:16:26.485 [info] Got stored sessions!
2025-06-05 20:16:26.485 [info] Got 1 verified sessions.
2025-06-05 20:16:26.485 [info] Got 1 sessions for ...
2025-06-05 20:16:26.485 [info] Got 1 sessions for ...
2025-06-05 20:16:26.485 [info] Got 1 sessions for ...
2025-06-05 20:16:26.485 [info] Got 1 sessions for ...
2025-06-05 20:16:26.485 [info] Got 1 sessions for ...
2025-06-05 20:16:26.485 [info] Got 1 sessions for ...
2025-06-05 20:16:26.485 [info] Got 1 sessions for ...
2025-06-05 20:16:26.485 [info] Got 1 sessions for ...
2025-06-05 20:16:26.485 [info] Getting sessions for all scopes...
2025-06-05 20:16:26.485 [info] Got 1 sessions for ...
2025-06-05 20:16:26.485 [info] Getting sessions for all scopes...
2025-06-05 20:16:26.485 [info] Got 1 sessions for ...
2025-06-05 20:16:26.485 [info] Getting sessions for all scopes...
2025-06-05 20:16:26.485 [info] Got 1 sessions for ...
2025-06-05 20:16:26.485 [info] Getting sessions for all scopes...
2025-06-05 20:16:26.485 [info] Got 1 sessions for ...
2025-06-05 20:16:26.485 [info] Getting sessions for all scopes...
2025-06-05 20:16:26.485 [info] Got 1 sessions for ...
2025-06-05 20:16:26.485 [info] Getting sessions for all scopes...
2025-06-05 20:16:26.485 [info] Got 1 sessions for ...
2025-06-05 20:16:26.871 [info] Getting sessions for all scopes...
2025-06-05 20:16:26.872 [info] Got 1 sessions for ...
2025-06-05 20:16:27.554 [info] Getting sessions for all scopes...
2025-06-05 20:16:27.555 [info] Got 1 sessions for ...
2025-06-05 20:16:27.908 [info] Getting sessions for read:user,repo,user:email,workflow...
2025-06-05 20:16:27.908 [info] Got 1 sessions for read:user,repo,user:email,workflow...
2025-06-05 20:16:28.634 [info] Getting sessions for read:user,repo,user:email,workflow...
2025-06-05 20:16:28.634 [info] Got 1 sessions for read:user,repo,user:email,workflow...
2025-06-05 20:16:39.481 [info] Reading sessions from keychain...
2025-06-05 20:16:39.481 [info] Getting sessions for all scopes...
2025-06-05 20:16:39.481 [info] Getting sessions for all scopes...
2025-06-05 20:16:39.506 [info] Getting sessions for all scopes...
2025-06-05 20:16:39.507 [info] Getting sessions for all scopes...
2025-06-05 20:16:39.507 [info] Getting sessions for all scopes...
2025-06-05 20:16:39.507 [info] Getting sessions for all scopes...
2025-06-05 20:16:39.507 [info] Getting sessions for all scopes...
2025-06-05 20:16:39.540 [info] Got stored sessions!
2025-06-05 20:16:39.540 [info] Got 1 verified sessions.
2025-06-05 20:16:39.540 [info] Got 1 sessions for ...
2025-06-05 20:16:39.540 [info] Got 1 sessions for ...
2025-06-05 20:16:39.540 [info] Got 1 sessions for ...
2025-06-05 20:16:39.540 [info] Got 1 sessions for ...
2025-06-05 20:16:39.540 [info] Got 1 sessions for ...
2025-06-05 20:16:39.540 [info] Got 1 sessions for ...
2025-06-05 20:16:39.540 [info] Got 1 sessions for ...
2025-06-05 20:16:39.812 [info] Getting sessions for all scopes...
2025-06-05 20:16:39.812 [info] Got 1 sessions for ...
2025-06-05 20:16:39.812 [info] Getting sessions for all scopes...
2025-06-05 20:16:39.812 [info] Got 1 sessions for ...
2025-06-05 20:16:39.813 [info] Getting sessions for all scopes...
2025-06-05 20:16:39.813 [info] Got 1 sessions for ...
2025-06-05 20:16:39.813 [info] Getting sessions for all scopes...
2025-06-05 20:16:39.813 [info] Got 1 sessions for ...
2025-06-05 20:16:39.814 [info] Getting sessions for all scopes...
2025-06-05 20:16:39.814 [info] Got 1 sessions for ...
2025-06-05 20:16:39.814 [info] Getting sessions for all scopes...
2025-06-05 20:16:39.814 [info] Got 1 sessions for ...
2025-06-05 20:16:39.815 [info] Getting sessions for all scopes...
2025-06-05 20:16:39.815 [info] Got 1 sessions for ...
2025-06-05 20:16:40.641 [info] Getting sessions for all scopes...
2025-06-05 20:16:40.641 [info] Got 1 sessions for ...
2025-06-05 20:16:41.135 [info] Getting sessions for all scopes...
2025-06-05 20:16:41.135 [info] Got 1 sessions for ...
2025-06-05 20:16:41.196 [info] Getting sessions for read:user,repo,user:email,workflow...
2025-06-05 20:16:41.196 [info] Got 1 sessions for read:user,repo,user:email,workflow...
2025-06-05 20:16:41.939 [info] Getting sessions for read:user,repo,user:email,workflow...
2025-06-05 20:16:41.940 [info] Got 1 sessions for read:user,repo,user:email,workflow...
2025-06-05 20:29:38.536 [info] Getting sessions for read:user,repo,user:email,workflow...
2025-06-05 20:29:38.536 [info] Got 1 sessions for read:user,repo,user:email,workflow...
