2025-06-05 20:16:27.213 [info] [main] Log level: Info
2025-06-05 20:16:27.213 [info] [main] Validating found git in: "git"
2025-06-05 20:16:27.213 [info] [main] Using git "2.43.0" from "git"
2025-06-05 20:16:27.213 [info] [Model][doInitialScan] Initial repository scan started
2025-06-05 20:16:27.213 [info] > git rev-parse --show-toplevel [11ms]
2025-06-05 20:16:27.213 [info] > git rev-parse --git-dir --git-common-dir [49ms]
2025-06-05 20:16:27.213 [info] [Model][openRepository] Opened repository (path): /home/sammy/Desktop/temp/pong-game
2025-06-05 20:16:27.213 [info] [Model][openRepository] Opened repository (real path): /home/sammy/Desktop/temp/pong-game
2025-06-05 20:16:27.251 [info] > git rev-parse --show-toplevel [15ms]
2025-06-05 20:16:27.254 [info] [Model][doInitialScan] Initial repository scan completed - repositories (1), closed repositories (0), parent repositories (0), unsafe repositories (0)
2025-06-05 20:16:27.255 [info] > git config --get commit.template [26ms]
2025-06-05 20:16:27.409 [info] > git for-each-ref --format=%(refname)%00%(upstream:short)%00%(objectname)%00%(upstream:track)%00%(upstream:remotename)%00%(upstream:remoteref) refs/heads/b1 refs/remotes/b1 [73ms]
2025-06-05 20:16:27.530 [info] > git status -z -uall [109ms]
2025-06-05 20:16:27.530 [info] > git for-each-ref --sort -committerdate --format %(refname)%00%(objectname)%00%(*objectname) [97ms]
2025-06-05 20:16:27.661 [info] > git for-each-ref --format=%(refname)%00%(upstream:short)%00%(objectname)%00%(upstream:track)%00%(upstream:remotename)%00%(upstream:remoteref) refs/heads/b1 refs/remotes/b1 [116ms]
2025-06-05 20:16:27.826 [info] > git config --get --local branch.b1.vscode-merge-base [154ms]
2025-06-05 20:16:27.844 [info] > git config --get commit.template [180ms]
2025-06-05 20:16:27.973 [info] > git check-ignore -v -z --stdin [114ms]
2025-06-05 20:16:27.974 [info] > git show --textconv :GamePanel.java [80ms]
2025-06-05 20:16:27.979 [info] > git for-each-ref --format=%(refname)%00%(upstream:short)%00%(objectname)%00%(upstream:track)%00%(upstream:remotename)%00%(upstream:remoteref) refs/heads/origin/main refs/remotes/origin/main [139ms]
2025-06-05 20:16:28.017 [info] > git ls-files --stage -- GamePanel.java [110ms]
2025-06-05 20:16:28.095 [info] > git cat-file -s 90431da004992f561ac97c8bf171b477d3083b1f [65ms]
2025-06-05 20:16:28.103 [info] > git for-each-ref --format=%(refname)%00%(upstream:short)%00%(objectname)%00%(upstream:track)%00%(upstream:remotename)%00%(upstream:remoteref) refs/heads/b1 refs/remotes/b1 [88ms]
2025-06-05 20:16:28.168 [info] > git status -z -uall [51ms]
2025-06-05 20:16:28.168 [info] > git for-each-ref --sort -committerdate --format %(refname)%00%(objectname)%00%(*objectname) [31ms]
2025-06-05 20:16:28.266 [info] > git blame --root --incremental 0b59be6b7ba795aa1492a848fd14bc19527f2ba1 -- GamePanel.java [47ms]
2025-06-05 20:16:40.734 [info] [main] Log level: Info
2025-06-05 20:16:40.734 [info] [main] Validating found git in: "git"
2025-06-05 20:16:40.734 [info] [main] Using git "2.43.0" from "git"
2025-06-05 20:16:40.734 [info] [Model][doInitialScan] Initial repository scan started
2025-06-05 20:16:40.734 [info] > git rev-parse --show-toplevel [304ms]
2025-06-05 20:16:40.740 [info] > git rev-parse --git-dir --git-common-dir [65ms]
2025-06-05 20:16:40.764 [info] [Model][openRepository] Opened repository (path): /home/sammy/Desktop/temp/hello-world
2025-06-05 20:16:40.764 [info] [Model][openRepository] Opened repository (real path): /home/sammy/Desktop/temp/hello-world
2025-06-05 20:16:40.861 [info] > git rev-parse --show-toplevel [63ms]
2025-06-05 20:16:40.862 [info] > git config --get commit.template [75ms]
2025-06-05 20:16:41.032 [info] > git rev-parse --show-toplevel [110ms]
2025-06-05 20:16:41.037 [info] [Model][doInitialScan] Initial repository scan completed - repositories (1), closed repositories (0), parent repositories (0), unsafe repositories (0)
2025-06-05 20:16:41.040 [info] > git for-each-ref --format=%(refname)%00%(upstream:short)%00%(objectname)%00%(upstream:track)%00%(upstream:remotename)%00%(upstream:remoteref) refs/heads/b1 refs/remotes/b1 [16ms]
2025-06-05 20:16:41.063 [info] > git status -z -uall [11ms]
2025-06-05 20:16:41.065 [info] > git for-each-ref --sort -committerdate --format %(refname)%00%(objectname)%00%(*objectname) [4ms]
2025-06-05 20:16:41.126 [info] > git for-each-ref --format=%(refname)%00%(upstream:short)%00%(objectname)%00%(upstream:track)%00%(upstream:remotename)%00%(upstream:remoteref) refs/heads/b1 refs/remotes/b1 [17ms]
2025-06-05 20:16:41.137 [info] > git config --get --local branch.b1.vscode-merge-base [4ms]
2025-06-05 20:16:41.144 [info] > git config --get commit.template [18ms]
2025-06-05 20:16:41.145 [info] > git for-each-ref --format=%(refname)%00%(upstream:short)%00%(objectname)%00%(upstream:track)%00%(upstream:remotename)%00%(upstream:remoteref) refs/heads/origin/main refs/remotes/origin/main [2ms]
2025-06-05 20:16:41.161 [info] > git for-each-ref --format=%(refname)%00%(upstream:short)%00%(objectname)%00%(upstream:track)%00%(upstream:remotename)%00%(upstream:remoteref) refs/heads/b1 refs/remotes/b1 [4ms]
2025-06-05 20:16:41.188 [info] > git status -z -uall [14ms]
2025-06-05 20:16:41.188 [info] > git for-each-ref --sort -committerdate --format %(refname)%00%(objectname)%00%(*objectname) [4ms]
2025-06-05 20:16:41.386 [info] > git check-ignore -v -z --stdin [3ms]
2025-06-05 20:16:45.540 [info] > git check-ignore -v -z --stdin [3ms]
2025-06-05 20:18:16.216 [info] > git check-ignore -v -z --stdin [159ms]
2025-06-05 20:18:16.216 [info] > git show --textconv :JavaRandom.java [105ms]
2025-06-05 20:18:16.231 [info] > git hash-object -t tree /dev/null [3ms]
2025-06-05 20:18:16.232 [warning] [GitFileSystemProvider][readFile] File not found - git:/home/sammy/Desktop/temp/hello-world/JavaRandom.java.git?%7B%22path%22%3A%22%2Fhome%2Fsammy%2FDesktop%2Ftemp%2Fhello-world%2FJavaRandom.java%22%2C%22ref%22%3A%22%22%7D
2025-06-05 20:18:16.234 [info] > git ls-files --stage -- JavaRandom.java [112ms]
2025-06-05 20:18:16.234 [warning] [GitFileSystemProvider][stat] File not found - git:/home/sammy/Desktop/temp/hello-world/JavaRandom.java.git?%7B%22path%22%3A%22%2Fhome%2Fsammy%2FDesktop%2Ftemp%2Fhello-world%2FJavaRandom.java%22%2C%22ref%22%3A%22%22%7D
2025-06-05 20:18:16.757 [info] > git config --get commit.template [162ms]
2025-06-05 20:18:17.042 [info] > git for-each-ref --format=%(refname)%00%(upstream:short)%00%(objectname)%00%(upstream:track)%00%(upstream:remotename)%00%(upstream:remoteref) refs/heads/b1 refs/remotes/b1 [76ms]
2025-06-05 20:18:17.112 [info] > git status -z -uall [54ms]
2025-06-05 20:18:17.113 [info] > git for-each-ref --sort -committerdate --format %(refname)%00%(objectname)%00%(*objectname) [42ms]
2025-06-05 20:18:30.358 [info] > git config --get commit.template [11ms]
2025-06-05 20:18:30.358 [info] > git for-each-ref --format=%(refname)%00%(upstream:short)%00%(objectname)%00%(upstream:track)%00%(upstream:remotename)%00%(upstream:remoteref) refs/heads/b1 refs/remotes/b1 [1ms]
2025-06-05 20:18:30.371 [info] > git status -z -uall [8ms]
2025-06-05 20:18:30.372 [info] > git for-each-ref --sort -committerdate --format %(refname)%00%(objectname)%00%(*objectname) [2ms]
2025-06-05 20:21:18.673 [info] > git config --get commit.template [3ms]
2025-06-05 20:21:18.684 [info] > git for-each-ref --format=%(refname)%00%(upstream:short)%00%(objectname)%00%(upstream:track)%00%(upstream:remotename)%00%(upstream:remoteref) refs/heads/b1 refs/remotes/b1 [1ms]
2025-06-05 20:21:18.698 [info] > git status -z -uall [7ms]
2025-06-05 20:21:18.698 [info] > git for-each-ref --sort -committerdate --format %(refname)%00%(objectname)%00%(*objectname) [1ms]
2025-06-05 20:26:02.975 [info] > git config --get commit.template [11ms]
2025-06-05 20:26:02.976 [info] > git for-each-ref --format=%(refname)%00%(upstream:short)%00%(objectname)%00%(upstream:track)%00%(upstream:remotename)%00%(upstream:remoteref) refs/heads/b1 refs/remotes/b1 [2ms]
2025-06-05 20:26:02.992 [info] > git status -z -uall [7ms]
2025-06-05 20:26:02.992 [info] > git for-each-ref --sort -committerdate --format %(refname)%00%(objectname)%00%(*objectname) [1ms]
2025-06-05 20:26:12.362 [info] > git check-ignore -v -z --stdin [2ms]
2025-06-05 20:26:12.363 [info] > git for-each-ref --format=%(refname)%00%(upstream:short)%00%(objectname)%00%(upstream:track)%00%(upstream:remotename)%00%(upstream:remoteref) refs/heads/b1 refs/remotes/b1 [9ms]
2025-06-05 20:26:12.363 [info] > git config --get commit.template [20ms]
2025-06-05 20:26:12.377 [info] > git status -z -uall [7ms]
2025-06-05 20:26:12.378 [info] > git for-each-ref --sort -committerdate --format %(refname)%00%(objectname)%00%(*objectname) [2ms]
2025-06-05 20:27:51.192 [info] > git config --get commit.template [9ms]
2025-06-05 20:27:51.192 [info] > git for-each-ref --format=%(refname)%00%(upstream:short)%00%(objectname)%00%(upstream:track)%00%(upstream:remotename)%00%(upstream:remoteref) refs/heads/b1 refs/remotes/b1 [1ms]
2025-06-05 20:27:51.207 [info] > git status -z -uall [7ms]
2025-06-05 20:27:51.208 [info] > git for-each-ref --sort -committerdate --format %(refname)%00%(objectname)%00%(*objectname) [2ms]
2025-06-05 20:28:22.464 [info] > git config --get commit.template [1ms]
2025-06-05 20:28:22.473 [info] > git for-each-ref --format=%(refname)%00%(upstream:short)%00%(objectname)%00%(upstream:track)%00%(upstream:remotename)%00%(upstream:remoteref) refs/heads/b1 refs/remotes/b1 [1ms]
2025-06-05 20:28:22.491 [info] > git status -z -uall [9ms]
2025-06-05 20:28:22.491 [info] > git for-each-ref --sort -committerdate --format %(refname)%00%(objectname)%00%(*objectname) [1ms]
2025-06-05 20:28:22.819 [info] > git show --textconv :JavaRandom.java [12ms]
2025-06-05 20:28:22.820 [info] > git ls-files --stage -- JavaRandom.java [2ms]
2025-06-05 20:28:22.829 [info] > git cat-file -s c614790054b08ddef6a9e1c8ea1bfd659657ebe2 [1ms]
2025-06-05 20:28:22.858 [info] > git blame --root --incremental 11cb26faf6f170d090ab9f7c349be2d8c9b2c429 -- JavaRandom.java [2ms]
2025-06-05 20:28:23.526 [info] > git config --get commit.template [12ms]
2025-06-05 20:28:23.528 [info] > git for-each-ref --format=%(refname)%00%(upstream:short)%00%(objectname)%00%(upstream:track)%00%(upstream:remotename)%00%(upstream:remoteref) refs/heads/b1 refs/remotes/b1 [3ms]
2025-06-05 20:28:23.547 [info] > git status -z -uall [9ms]
2025-06-05 20:28:23.548 [info] > git for-each-ref --sort -committerdate --format %(refname)%00%(objectname)%00%(*objectname) [2ms]
2025-06-05 20:28:23.619 [info] > git ls-files --stage -- JavaRandom.java [2ms]
2025-06-05 20:28:23.632 [info] > git cat-file -s c614790054b08ddef6a9e1c8ea1bfd659657ebe2 [2ms]
2025-06-05 20:28:23.644 [info] > git show --textconv :JavaRandom.java [2ms]
2025-06-05 20:28:31.036 [info] > git config --get commit.template [8ms]
2025-06-05 20:28:31.037 [info] > git for-each-ref --format=%(refname)%00%(upstream:short)%00%(objectname)%00%(upstream:track)%00%(upstream:remotename)%00%(upstream:remoteref) refs/heads/main refs/remotes/main [1ms]
2025-06-05 20:28:31.051 [info] > git status -z -uall [8ms]
2025-06-05 20:28:31.051 [info] > git for-each-ref --sort -committerdate --format %(refname)%00%(objectname)%00%(*objectname) [1ms]
2025-06-05 20:28:31.067 [info] > git blame --root --incremental 4aa7ceab5f473f71a42ed256402782868bc4376a -- JavaRandom.java [8ms]
2025-06-05 20:28:31.067 [info] fatal: no such path JavaRandom.java in 4aa7ceab5f473f71a42ed256402782868bc4376a
2025-06-05 20:28:31.069 [info] > git for-each-ref --format=%(refname)%00%(upstream:short)%00%(objectname)%00%(upstream:track)%00%(upstream:remotename)%00%(upstream:remoteref) refs/heads/main refs/remotes/main [3ms]
2025-06-05 20:28:31.075 [info] > git config --get --local branch.main.vscode-merge-base [1ms]
2025-06-05 20:28:31.084 [info] > git for-each-ref --format=%(refname)%00%(upstream:short)%00%(objectname)%00%(upstream:track)%00%(upstream:remotename)%00%(upstream:remoteref) refs/heads/origin/main refs/remotes/origin/main [1ms]
2025-06-05 20:28:31.092 [info] > git merge-base refs/heads/main refs/remotes/origin/main [2ms]
2025-06-05 20:28:31.100 [info] > git diff --name-status -z --diff-filter=ADMR 4aa7ceab5f473f71a42ed256402782868bc4376a...refs/remotes/origin/main [1ms]
2025-06-05 20:28:32.106 [info] > git config --get commit.template [8ms]
2025-06-05 20:28:32.107 [info] > git for-each-ref --format=%(refname)%00%(upstream:short)%00%(objectname)%00%(upstream:track)%00%(upstream:remotename)%00%(upstream:remoteref) refs/heads/main refs/remotes/main [1ms]
2025-06-05 20:28:32.123 [info] > git status -z -uall [7ms]
2025-06-05 20:28:32.123 [info] > git for-each-ref --sort -committerdate --format %(refname)%00%(objectname)%00%(*objectname) [1ms]
2025-06-05 20:28:32.201 [info] > git ls-files --stage -- JavaRandom.java [2ms]
2025-06-05 20:28:32.202 [warning] [GitFileSystemProvider][stat] File not found - git:/home/sammy/Desktop/temp/hello-world/JavaRandom.java.git?%7B%22path%22%3A%22%2Fhome%2Fsammy%2FDesktop%2Ftemp%2Fhello-world%2FJavaRandom.java%22%2C%22ref%22%3A%22%22%7D
2025-06-05 20:28:35.712 [info] > git ls-files --stage -- JavaRandom.java [2ms]
2025-06-05 20:28:35.713 [warning] [GitFileSystemProvider][stat] File not found - git:/home/sammy/Desktop/temp/hello-world/JavaRandom.java.git?%7B%22path%22%3A%22%2Fhome%2Fsammy%2FDesktop%2Ftemp%2Fhello-world%2FJavaRandom.java%22%2C%22ref%22%3A%22%22%7D
2025-06-05 20:28:37.147 [info] > git config --get commit.template [8ms]
2025-06-05 20:28:37.147 [info] > git for-each-ref --format=%(refname)%00%(upstream:short)%00%(objectname)%00%(upstream:track)%00%(upstream:remotename)%00%(upstream:remoteref) refs/heads/main refs/remotes/main [1ms]
2025-06-05 20:28:37.167 [info] > git status -z -uall [11ms]
2025-06-05 20:28:37.168 [info] > git for-each-ref --sort -committerdate --format %(refname)%00%(objectname)%00%(*objectname) [3ms]
2025-06-05 20:28:55.161 [info] > git config --get commit.template [9ms]
2025-06-05 20:28:55.162 [info] > git for-each-ref --format=%(refname)%00%(upstream:short)%00%(objectname)%00%(upstream:track)%00%(upstream:remotename)%00%(upstream:remoteref) refs/heads/main refs/remotes/main [1ms]
2025-06-05 20:28:55.173 [info] > git status -z -uall [6ms]
2025-06-05 20:28:55.174 [info] > git for-each-ref --sort -committerdate --format %(refname)%00%(objectname)%00%(*objectname) [1ms]
2025-06-05 20:29:01.871 [info] > git for-each-ref --format=%(refname)%00%(upstream:short)%00%(objectname)%00%(upstream:track)%00%(upstream:remotename)%00%(upstream:remoteref) refs/heads/main refs/remotes/main [2ms]
2025-06-05 20:29:01.890 [info] > git status -z -uall [8ms]
2025-06-05 20:29:01.891 [info] > git for-each-ref --sort -committerdate --format %(refname)%00%(objectname)%00%(*objectname) [2ms]
2025-06-05 20:29:01.973 [info] > git ls-files --stage -- JavaRandom.java [1ms]
2025-06-05 20:29:01.982 [info] > git cat-file -s c614790054b08ddef6a9e1c8ea1bfd659657ebe2 [2ms]
2025-06-05 20:29:01.995 [info] > git show --textconv :JavaRandom.java [2ms]
2025-06-05 20:29:02.223 [info] > git show --textconv HEAD:JavaRandom.java [12ms]
2025-06-05 20:29:02.224 [warning] [GitFileSystemProvider][readFile] File not found - git:/home/sammy/Desktop/temp/hello-world/JavaRandom.java.git?%7B%22path%22%3A%22%2Fhome%2Fsammy%2FDesktop%2Ftemp%2Fhello-world%2FJavaRandom.java%22%2C%22ref%22%3A%22HEAD%22%7D
2025-06-05 20:29:02.225 [info] > git ls-tree -l HEAD -- JavaRandom.java [2ms]
2025-06-05 20:29:02.225 [warning] [GitFileSystemProvider][stat] File not found - git:/home/sammy/Desktop/temp/hello-world/JavaRandom.java.git?%7B%22path%22%3A%22%2Fhome%2Fsammy%2FDesktop%2Ftemp%2Fhello-world%2FJavaRandom.java%22%2C%22ref%22%3A%22HEAD%22%7D
2025-06-05 20:29:06.906 [info] > git for-each-ref --format=%(refname)%00%(upstream:short)%00%(objectname)%00%(upstream:track)%00%(upstream:remotename)%00%(upstream:remoteref) refs/heads/main refs/remotes/main [2ms]
2025-06-05 20:29:06.923 [info] > git status -z -uall [6ms]
2025-06-05 20:29:06.924 [info] > git for-each-ref --sort -committerdate --format %(refname)%00%(objectname)%00%(*objectname) [1ms]
2025-06-05 20:29:06.967 [info] > git ls-files --stage -- JavaRandom.java [1ms]
2025-06-05 20:29:06.978 [info] > git cat-file -s c614790054b08ddef6a9e1c8ea1bfd659657ebe2 [2ms]
2025-06-05 20:29:06.990 [info] > git show --textconv :JavaRandom.java [1ms]
2025-06-05 20:29:07.883 [info] > git config --get commit.template [8ms]
2025-06-05 20:29:07.883 [info] > git for-each-ref --format=%(refname)%00%(upstream:short)%00%(objectname)%00%(upstream:track)%00%(upstream:remotename)%00%(upstream:remoteref) refs/heads/main refs/remotes/main [1ms]
2025-06-05 20:29:07.897 [info] > git status -z -uall [7ms]
2025-06-05 20:29:07.898 [info] > git for-each-ref --sort -committerdate --format %(refname)%00%(objectname)%00%(*objectname) [2ms]
2025-06-05 20:29:07.923 [info] > git merge-base refs/heads/main refs/remotes/origin/main [3ms]
2025-06-05 20:29:07.935 [info] > git blame --root --incremental c33fa6d03afd6f7969a2d41768ec7bfc9a96bd59 -- JavaRandom.java [27ms]
2025-06-05 20:29:07.941 [info] > git diff --name-status -z --diff-filter=ADMR 4aa7ceab5f473f71a42ed256402782868bc4376a...refs/remotes/origin/main [6ms]
2025-06-05 20:29:09.054 [info] > git ls-files --stage -- JavaRandom.java [2ms]
2025-06-05 20:29:09.067 [info] > git cat-file -s c614790054b08ddef6a9e1c8ea1bfd659657ebe2 [3ms]
2025-06-05 20:29:09.080 [info] > git show --textconv :JavaRandom.java [2ms]
2025-06-05 20:29:11.945 [info] > git config --get commit.template [10ms]
2025-06-05 20:29:11.945 [info] > git for-each-ref --format=%(refname)%00%(upstream:short)%00%(objectname)%00%(upstream:track)%00%(upstream:remotename)%00%(upstream:remoteref) refs/heads/main refs/remotes/main [1ms]
2025-06-05 20:29:11.960 [info] > git status -z -uall [9ms]
2025-06-05 20:29:11.961 [info] > git for-each-ref --sort -committerdate --format %(refname)%00%(objectname)%00%(*objectname) [2ms]
2025-06-05 20:29:23.930 [info] > git show --textconv :JavaCalc.java [14ms]
2025-06-05 20:29:23.931 [info] > git ls-files --stage -- JavaCalc.java [2ms]
2025-06-05 20:29:23.942 [info] > git cat-file -s 2c438503483ec75d6aa9e6bfab87f003d0c846e6 [1ms]
2025-06-05 20:29:23.968 [info] > git blame --root --incremental c33fa6d03afd6f7969a2d41768ec7bfc9a96bd59 -- JavaCalc.java [4ms]
2025-06-05 20:29:26.755 [info] > git show --textconv :JavaRandom.java [10ms]
2025-06-05 20:29:26.756 [info] > git ls-files --stage -- JavaRandom.java [1ms]
2025-06-05 20:29:26.762 [info] > git cat-file -s c614790054b08ddef6a9e1c8ea1bfd659657ebe2 [1ms]
2025-06-05 20:29:39.780 [info] > git config --get commit.template [8ms]
2025-06-05 20:29:39.781 [info] > git for-each-ref --format=%(refname)%00%(upstream:short)%00%(objectname)%00%(upstream:track)%00%(upstream:remotename)%00%(upstream:remoteref) refs/heads/main refs/remotes/main [2ms]
2025-06-05 20:29:39.794 [info] > git status -z -uall [6ms]
2025-06-05 20:29:39.794 [info] > git for-each-ref --sort -committerdate --format %(refname)%00%(objectname)%00%(*objectname) [1ms]
2025-06-05 20:29:39.806 [info] > git merge-base refs/heads/main refs/remotes/origin/main [2ms]
2025-06-05 20:29:39.813 [info] > git diff --name-status -z --diff-filter=ADMR c33fa6d03afd6f7969a2d41768ec7bfc9a96bd59...refs/remotes/origin/main [1ms]
2025-06-05 20:29:40.845 [info] > git config --get commit.template [12ms]
2025-06-05 20:29:40.846 [info] > git for-each-ref --format=%(refname)%00%(upstream:short)%00%(objectname)%00%(upstream:track)%00%(upstream:remotename)%00%(upstream:remoteref) refs/heads/main refs/remotes/main [2ms]
2025-06-05 20:29:40.864 [info] > git status -z -uall [7ms]
2025-06-05 20:29:40.865 [info] > git for-each-ref --sort -committerdate --format %(refname)%00%(objectname)%00%(*objectname) [2ms]
2025-06-05 20:29:40.938 [info] > git ls-files --stage -- JavaRandom.java [2ms]
2025-06-05 20:29:40.949 [info] > git cat-file -s c614790054b08ddef6a9e1c8ea1bfd659657ebe2 [2ms]
2025-06-05 20:29:40.959 [info] > git show --textconv :JavaRandom.java [1ms]
2025-06-05 20:29:57.447 [info] > git config --get commit.template [1ms]
2025-06-05 20:29:57.457 [info] > git for-each-ref --format=%(refname)%00%(upstream:short)%00%(objectname)%00%(upstream:track)%00%(upstream:remotename)%00%(upstream:remoteref) refs/heads/b1 refs/remotes/b1 [1ms]
2025-06-05 20:29:57.471 [info] > git status -z -uall [8ms]
2025-06-05 20:29:57.471 [info] > git for-each-ref --sort -committerdate --format %(refname)%00%(objectname)%00%(*objectname) [1ms]
2025-06-05 20:29:57.482 [info] > git for-each-ref --format=%(refname)%00%(upstream:short)%00%(objectname)%00%(upstream:track)%00%(upstream:remotename)%00%(upstream:remoteref) refs/heads/b1 refs/remotes/b1 [2ms]
2025-06-05 20:29:57.490 [info] > git config --get --local branch.b1.vscode-merge-base [1ms]
2025-06-05 20:29:57.496 [info] > git for-each-ref --format=%(refname)%00%(upstream:short)%00%(objectname)%00%(upstream:track)%00%(upstream:remotename)%00%(upstream:remoteref) refs/heads/origin/main refs/remotes/origin/main [1ms]
2025-06-05 20:29:58.526 [info] > git config --get commit.template [12ms]
2025-06-05 20:29:58.527 [info] > git for-each-ref --format=%(refname)%00%(upstream:short)%00%(objectname)%00%(upstream:track)%00%(upstream:remotename)%00%(upstream:remoteref) refs/heads/b1 refs/remotes/b1 [2ms]
2025-06-05 20:29:58.545 [info] > git status -z -uall [8ms]
2025-06-05 20:29:58.546 [info] > git for-each-ref --sort -committerdate --format %(refname)%00%(objectname)%00%(*objectname) [2ms]
2025-06-05 20:29:58.618 [info] > git ls-files --stage -- JavaRandom.java [2ms]
2025-06-05 20:29:58.630 [info] > git cat-file -s c614790054b08ddef6a9e1c8ea1bfd659657ebe2 [3ms]
2025-06-05 20:29:58.642 [info] > git show --textconv :JavaRandom.java [1ms]
2025-06-05 20:30:03.128 [info] > git show --textconv :JavaCalc.java [8ms]
2025-06-05 20:30:03.129 [info] > git ls-files --stage -- JavaCalc.java [1ms]
2025-06-05 20:30:03.137 [info] > git cat-file -s 2c438503483ec75d6aa9e6bfab87f003d0c846e6 [1ms]
2025-06-05 20:30:03.149 [info] > git blame --root --incremental 11cb26faf6f170d090ab9f7c349be2d8c9b2c429 -- JavaCalc.java [2ms]
2025-06-05 20:30:13.680 [info] > git show --textconv :JavaRandom.java [12ms]
2025-06-05 20:30:13.682 [info] > git ls-files --stage -- JavaRandom.java [2ms]
2025-06-05 20:30:13.690 [info] > git cat-file -s c614790054b08ddef6a9e1c8ea1bfd659657ebe2 [2ms]
