2025-06-11 01:02:34.564 [info] Reading sessions from keychain...
2025-06-11 01:02:34.564 [info] Getting sessions for all scopes...
2025-06-11 01:02:34.564 [info] Getting sessions for all scopes...
2025-06-11 01:02:34.564 [info] Getting sessions for all scopes...
2025-06-11 01:02:34.564 [info] Getting sessions for all scopes...
2025-06-11 01:02:34.564 [info] Getting sessions for all scopes...
2025-06-11 01:02:34.564 [info] Getting sessions for all scopes...
2025-06-11 01:02:34.564 [info] Getting sessions for all scopes...
2025-06-11 01:02:34.694 [info] Got stored sessions!
2025-06-11 01:02:34.694 [info] Got 1 verified sessions.
2025-06-11 01:02:34.694 [info] Got 1 sessions for ...
2025-06-11 01:02:34.694 [info] Got 1 sessions for ...
2025-06-11 01:02:34.694 [info] Got 1 sessions for ...
2025-06-11 01:02:34.694 [info] Got 1 sessions for ...
2025-06-11 01:02:34.694 [info] Got 1 sessions for ...
2025-06-11 01:02:34.694 [info] Got 1 sessions for ...
2025-06-11 01:02:34.694 [info] Got 1 sessions for ...
2025-06-11 01:02:34.718 [info] Getting sessions for all scopes...
2025-06-11 01:02:34.718 [info] Got 1 sessions for ...
2025-06-11 01:02:34.719 [info] Getting sessions for all scopes...
2025-06-11 01:02:34.719 [info] Got 1 sessions for ...
2025-06-11 01:02:34.719 [info] Getting sessions for all scopes...
2025-06-11 01:02:34.719 [info] Got 1 sessions for ...
2025-06-11 01:02:34.719 [info] Getting sessions for all scopes...
2025-06-11 01:02:34.719 [info] Got 1 sessions for ...
2025-06-11 01:02:34.719 [info] Getting sessions for all scopes...
2025-06-11 01:02:34.719 [info] Got 1 sessions for ...
2025-06-11 01:02:34.719 [info] Getting sessions for all scopes...
2025-06-11 01:02:34.719 [info] Got 1 sessions for ...
2025-06-11 01:02:34.893 [info] Getting sessions for all scopes...
2025-06-11 01:02:34.893 [info] Got 1 sessions for ...
2025-06-11 01:02:35.448 [info] Getting sessions for all scopes...
2025-06-11 01:02:35.448 [info] Got 1 sessions for ...
2025-06-11 01:02:35.801 [info] Getting sessions for all scopes...
2025-06-11 01:02:35.801 [info] Got 1 sessions for ...
2025-06-11 01:02:35.923 [info] Getting sessions for read:user,repo,user:email,workflow...
2025-06-11 01:02:35.923 [info] Got 1 sessions for read:user,repo,user:email,workflow...
2025-06-11 01:02:36.557 [info] Getting sessions for read:user,repo,user:email,workflow...
2025-06-11 01:02:36.557 [info] Got 1 sessions for read:user,repo,user:email,workflow...
