2025-06-12 22:02:26.714 [info] Reading sessions from keychain...
2025-06-12 22:02:26.714 [info] Getting sessions for all scopes...
2025-06-12 22:02:26.714 [info] Getting sessions for all scopes...
2025-06-12 22:02:26.714 [info] Getting sessions for all scopes...
2025-06-12 22:02:26.714 [info] Getting sessions for all scopes...
2025-06-12 22:02:26.714 [info] Getting sessions for all scopes...
2025-06-12 22:02:26.714 [info] Getting sessions for all scopes...
2025-06-12 22:02:26.714 [info] Getting sessions for all scopes...
2025-06-12 22:02:26.869 [info] Got stored sessions!
2025-06-12 22:02:26.869 [info] Got 1 verified sessions.
2025-06-12 22:02:26.869 [info] Got 1 sessions for ...
2025-06-12 22:02:26.869 [info] Got 1 sessions for ...
2025-06-12 22:02:26.869 [info] Got 1 sessions for ...
2025-06-12 22:02:26.869 [info] Got 1 sessions for ...
2025-06-12 22:02:26.869 [info] Got 1 sessions for ...
2025-06-12 22:02:26.869 [info] Got 1 sessions for ...
2025-06-12 22:02:26.869 [info] Got 1 sessions for ...
2025-06-12 22:02:26.939 [info] Getting sessions for all scopes...
2025-06-12 22:02:26.939 [info] Got 1 sessions for ...
2025-06-12 22:02:26.940 [info] Getting sessions for all scopes...
2025-06-12 22:02:26.940 [info] Got 1 sessions for ...
2025-06-12 22:02:26.940 [info] Getting sessions for all scopes...
2025-06-12 22:02:26.940 [info] Got 1 sessions for ...
2025-06-12 22:02:26.940 [info] Getting sessions for all scopes...
2025-06-12 22:02:26.940 [info] Got 1 sessions for ...
2025-06-12 22:02:26.940 [info] Getting sessions for all scopes...
2025-06-12 22:02:26.940 [info] Got 1 sessions for ...
2025-06-12 22:02:26.940 [info] Getting sessions for all scopes...
2025-06-12 22:02:26.940 [info] Got 1 sessions for ...
2025-06-12 22:02:27.113 [info] Getting sessions for all scopes...
2025-06-12 22:02:27.113 [info] Got 1 sessions for ...
2025-06-12 22:02:27.484 [info] Getting sessions for all scopes...
2025-06-12 22:02:27.484 [info] Got 1 sessions for ...
2025-06-12 22:02:28.084 [info] Getting sessions for read:user,repo,user:email,workflow...
2025-06-12 22:02:28.085 [info] Got 1 sessions for read:user,repo,user:email,workflow...
2025-06-12 22:02:28.124 [info] Getting sessions for all scopes...
2025-06-12 22:02:28.124 [info] Got 1 sessions for ...
2025-06-12 22:02:28.918 [info] Getting sessions for read:user,repo,user:email,workflow...
2025-06-12 22:02:28.918 [info] Got 1 sessions for read:user,repo,user:email,workflow...
