2025-06-21 15:58:13.360 [info] Reading sessions from keychain...
2025-06-21 15:58:13.360 [info] Getting sessions for all scopes...
2025-06-21 15:58:13.360 [info] Getting sessions for all scopes...
2025-06-21 15:58:13.360 [info] Getting sessions for all scopes...
2025-06-21 15:58:13.360 [info] Getting sessions for all scopes...
2025-06-21 15:58:13.360 [info] Getting sessions for all scopes...
2025-06-21 15:58:13.360 [info] Getting sessions for all scopes...
2025-06-21 15:58:13.360 [info] Getting sessions for all scopes...
2025-06-21 15:58:13.427 [info] Got stored sessions!
2025-06-21 15:58:13.427 [info] Got 1 verified sessions.
2025-06-21 15:58:13.427 [info] Got 1 sessions for ...
2025-06-21 15:58:13.427 [info] Got 1 sessions for ...
2025-06-21 15:58:13.427 [info] Got 1 sessions for ...
2025-06-21 15:58:13.427 [info] Got 1 sessions for ...
2025-06-21 15:58:13.427 [info] Got 1 sessions for ...
2025-06-21 15:58:13.427 [info] Got 1 sessions for ...
2025-06-21 15:58:13.427 [info] Got 1 sessions for ...
2025-06-21 15:58:13.490 [info] Getting sessions for all scopes...
2025-06-21 15:58:13.490 [info] Got 1 sessions for ...
2025-06-21 15:58:13.508 [info] Getting sessions for all scopes...
2025-06-21 15:58:13.508 [info] Got 1 sessions for ...
2025-06-21 15:58:13.509 [info] Getting sessions for all scopes...
2025-06-21 15:58:13.509 [info] Got 1 sessions for ...
2025-06-21 15:58:13.510 [info] Getting sessions for all scopes...
2025-06-21 15:58:13.510 [info] Got 1 sessions for ...
2025-06-21 15:58:13.510 [info] Getting sessions for all scopes...
2025-06-21 15:58:13.510 [info] Got 1 sessions for ...
2025-06-21 15:58:13.510 [info] Getting sessions for all scopes...
2025-06-21 15:58:13.510 [info] Got 1 sessions for ...
2025-06-21 15:58:13.518 [info] Getting sessions for all scopes...
2025-06-21 15:58:13.518 [info] Got 1 sessions for ...
2025-06-21 15:58:14.107 [info] Getting sessions for all scopes...
2025-06-21 15:58:14.107 [info] Got 1 sessions for ...
2025-06-21 15:58:14.681 [info] Getting sessions for read:user,repo,user:email,workflow...
2025-06-21 15:58:14.682 [info] Got 1 sessions for read:user,repo,user:email,workflow...
2025-06-21 15:58:14.792 [info] Getting sessions for all scopes...
2025-06-21 15:58:14.792 [info] Got 1 sessions for ...
