2025-06-12 13:21:38.844 [info] Reading sessions from keychain...
2025-06-12 13:21:38.844 [info] Getting sessions for all scopes...
2025-06-12 13:21:38.844 [info] Getting sessions for all scopes...
2025-06-12 13:21:38.844 [info] Getting sessions for all scopes...
2025-06-12 13:21:38.844 [info] Getting sessions for all scopes...
2025-06-12 13:21:38.844 [info] Getting sessions for all scopes...
2025-06-12 13:21:38.844 [info] Getting sessions for all scopes...
2025-06-12 13:21:38.844 [info] Getting sessions for all scopes...
2025-06-12 13:21:39.102 [info] Got stored sessions!
2025-06-12 13:21:39.102 [info] Got 1 verified sessions.
2025-06-12 13:21:39.102 [info] Got 1 sessions for ...
2025-06-12 13:21:39.102 [info] Got 1 sessions for ...
2025-06-12 13:21:39.102 [info] Got 1 sessions for ...
2025-06-12 13:21:39.102 [info] Got 1 sessions for ...
2025-06-12 13:21:39.102 [info] Got 1 sessions for ...
2025-06-12 13:21:39.102 [info] Got 1 sessions for ...
2025-06-12 13:21:39.102 [info] Got 1 sessions for ...
2025-06-12 13:21:39.216 [info] Getting sessions for all scopes...
2025-06-12 13:21:39.216 [info] Got 1 sessions for ...
2025-06-12 13:21:39.217 [info] Getting sessions for all scopes...
2025-06-12 13:21:39.217 [info] Got 1 sessions for ...
2025-06-12 13:21:39.217 [info] Getting sessions for all scopes...
2025-06-12 13:21:39.217 [info] Got 1 sessions for ...
2025-06-12 13:21:39.218 [info] Getting sessions for all scopes...
2025-06-12 13:21:39.218 [info] Got 1 sessions for ...
2025-06-12 13:21:39.218 [info] Getting sessions for all scopes...
2025-06-12 13:21:39.218 [info] Got 1 sessions for ...
2025-06-12 13:21:39.218 [info] Getting sessions for all scopes...
2025-06-12 13:21:39.218 [info] Got 1 sessions for ...
2025-06-12 13:21:39.507 [info] Getting sessions for all scopes...
2025-06-12 13:21:39.507 [info] Got 1 sessions for ...
2025-06-12 13:21:40.191 [info] Getting sessions for all scopes...
2025-06-12 13:21:40.191 [info] Got 1 sessions for ...
2025-06-12 13:21:40.399 [info] Getting sessions for all scopes...
2025-06-12 13:21:40.399 [info] Got 1 sessions for ...
2025-06-12 13:21:40.661 [info] Getting sessions for read:user,repo,user:email,workflow...
2025-06-12 13:21:40.661 [info] Got 1 sessions for read:user,repo,user:email,workflow...
2025-06-12 13:21:41.672 [info] Getting sessions for read:user,repo,user:email,workflow...
2025-06-12 13:21:41.673 [info] Got 1 sessions for read:user,repo,user:email,workflow...
2025-06-12 14:18:44.138 [info] Getting sessions for read:user,repo,user:email,workflow...
2025-06-12 14:18:44.138 [info] Got 1 sessions for read:user,repo,user:email,workflow...
