2025-06-14 15:14:52.046 [info] Reading sessions from keychain...
2025-06-14 15:14:52.046 [info] Getting sessions for all scopes...
2025-06-14 15:14:52.046 [info] Getting sessions for all scopes...
2025-06-14 15:14:52.046 [info] Getting sessions for all scopes...
2025-06-14 15:14:52.046 [info] Getting sessions for all scopes...
2025-06-14 15:14:52.046 [info] Getting sessions for all scopes...
2025-06-14 15:14:52.046 [info] Getting sessions for all scopes...
2025-06-14 15:14:52.046 [info] Getting sessions for all scopes...
2025-06-14 15:14:52.087 [info] Got stored sessions!
2025-06-14 15:14:52.087 [info] Got 1 verified sessions.
2025-06-14 15:14:52.087 [info] Got 1 sessions for ...
2025-06-14 15:14:52.087 [info] Got 1 sessions for ...
2025-06-14 15:14:52.087 [info] Got 1 sessions for ...
2025-06-14 15:14:52.087 [info] Got 1 sessions for ...
2025-06-14 15:14:52.087 [info] Got 1 sessions for ...
2025-06-14 15:14:52.087 [info] Got 1 sessions for ...
2025-06-14 15:14:52.087 [info] Got 1 sessions for ...
2025-06-14 15:14:52.096 [info] Getting sessions for all scopes...
2025-06-14 15:14:52.096 [info] Got 1 sessions for ...
2025-06-14 15:14:52.097 [info] Getting sessions for all scopes...
2025-06-14 15:14:52.097 [info] Got 1 sessions for ...
2025-06-14 15:14:52.097 [info] Getting sessions for all scopes...
2025-06-14 15:14:52.097 [info] Got 1 sessions for ...
2025-06-14 15:14:52.097 [info] Getting sessions for all scopes...
2025-06-14 15:14:52.097 [info] Got 1 sessions for ...
2025-06-14 15:14:52.097 [info] Getting sessions for all scopes...
2025-06-14 15:14:52.098 [info] Got 1 sessions for ...
2025-06-14 15:14:52.098 [info] Getting sessions for all scopes...
2025-06-14 15:14:52.098 [info] Got 1 sessions for ...
2025-06-14 15:14:52.510 [info] Getting sessions for all scopes...
2025-06-14 15:14:52.510 [info] Got 1 sessions for ...
2025-06-14 15:14:53.249 [info] Getting sessions for all scopes...
2025-06-14 15:14:53.249 [info] Got 1 sessions for ...
2025-06-14 15:14:53.748 [info] Getting sessions for all scopes...
2025-06-14 15:14:53.748 [info] Got 1 sessions for ...
2025-06-14 15:14:53.956 [info] Getting sessions for read:user,repo,user:email,workflow...
2025-06-14 15:14:53.956 [info] Got 1 sessions for read:user,repo,user:email,workflow...
2025-06-14 15:26:45.528 [info] Getting sessions for read:user,repo,user:email,workflow...
2025-06-14 15:26:45.528 [info] Got 1 sessions for read:user,repo,user:email,workflow...
