2025-06-04 16:20:02.126 [info] [main] Log level: Info
2025-06-04 16:20:02.126 [info] [main] Validating found git in: "git"
2025-06-04 16:20:02.126 [info] [main] Using git "2.43.0" from "git"
2025-06-04 16:20:02.126 [info] [Model][doInitialScan] Initial repository scan started
2025-06-04 16:20:02.126 [info] > git rev-parse --show-toplevel [59ms]
2025-06-04 16:20:02.126 [info] > git rev-parse --git-dir --git-common-dir [17ms]
2025-06-04 16:20:02.126 [info] [Model][openRepository] Opened repository (path): /home/sammy/Desktop/temp/pong-game
2025-06-04 16:20:02.126 [info] [Model][openRepository] Opened repository (real path): /home/sammy/Desktop/temp/pong-game
2025-06-04 16:20:02.128 [info] > git rev-parse --show-toplevel [6ms]
2025-06-04 16:20:02.131 [info] [Model][doInitialScan] Initial repository scan completed - repositories (1), closed repositories (0), parent repositories (0), unsafe repositories (0)
2025-06-04 16:20:02.132 [info] > git config --get commit.template [20ms]
2025-06-04 16:20:02.226 [info] > git for-each-ref --format=%(refname)%00%(upstream:short)%00%(objectname)%00%(upstream:track)%00%(upstream:remotename)%00%(upstream:remoteref) refs/heads/b1 refs/remotes/b1 [4ms]
2025-06-04 16:20:02.247 [info] > git status -z -uall [10ms]
2025-06-04 16:20:02.249 [info] > git for-each-ref --sort -committerdate --format %(refname)%00%(objectname)%00%(*objectname) [3ms]
2025-06-04 16:20:02.285 [info] > git for-each-ref --format=%(refname)%00%(upstream:short)%00%(objectname)%00%(upstream:track)%00%(upstream:remotename)%00%(upstream:remoteref) refs/heads/b1 refs/remotes/b1 [11ms]
2025-06-04 16:20:02.295 [info] > git config --get --local branch.b1.vscode-merge-base [4ms]
2025-06-04 16:20:02.304 [info] > git config --get commit.template [20ms]
2025-06-04 16:20:02.305 [info] > git for-each-ref --format=%(refname)%00%(upstream:short)%00%(objectname)%00%(upstream:track)%00%(upstream:remotename)%00%(upstream:remoteref) refs/heads/origin/main refs/remotes/origin/main [2ms]
2025-06-04 16:20:02.349 [info] > git for-each-ref --format=%(refname)%00%(upstream:short)%00%(objectname)%00%(upstream:track)%00%(upstream:remotename)%00%(upstream:remoteref) refs/heads/b1 refs/remotes/b1 [33ms]
2025-06-04 16:20:02.365 [info] > git status -z -uall [10ms]
2025-06-04 16:20:02.394 [info] > git for-each-ref --sort -committerdate --format %(refname)%00%(objectname)%00%(*objectname) [31ms]
2025-06-04 16:20:02.716 [info] > git check-ignore -v -z --stdin [1ms]
2025-06-04 16:20:14.493 [info] [main] Log level: Info
2025-06-04 16:20:14.493 [info] [main] Validating found git in: "git"
2025-06-04 16:20:14.493 [info] [main] Using git "2.43.0" from "git"
2025-06-04 16:20:14.493 [info] [Model][doInitialScan] Initial repository scan started
2025-06-04 16:20:14.493 [info] > git rev-parse --show-toplevel [44ms]
2025-06-04 16:20:14.603 [info] > git rev-parse --git-dir --git-common-dir [75ms]
2025-06-04 16:20:14.625 [info] [Model][openRepository] Opened repository (path): /home/sammy/Desktop/temp/hello-world
2025-06-04 16:20:14.625 [info] [Model][openRepository] Opened repository (real path): /home/sammy/Desktop/temp/hello-world
2025-06-04 16:20:14.724 [info] > git rev-parse --show-toplevel [24ms]
2025-06-04 16:20:14.726 [info] [Model][doInitialScan] Initial repository scan completed - repositories (1), closed repositories (0), parent repositories (0), unsafe repositories (0)
2025-06-04 16:20:14.727 [info] > git config --get commit.template [43ms]
2025-06-04 16:20:14.770 [info] > git for-each-ref --format=%(refname)%00%(upstream:short)%00%(objectname)%00%(upstream:track)%00%(upstream:remotename)%00%(upstream:remoteref) refs/heads/b1 refs/remotes/b1 [19ms]
2025-06-04 16:20:14.828 [info] > git status -z -uall [45ms]
2025-06-04 16:20:14.859 [info] > git for-each-ref --sort -committerdate --format %(refname)%00%(objectname)%00%(*objectname) [60ms]
2025-06-04 16:20:14.925 [info] > git for-each-ref --format=%(refname)%00%(upstream:short)%00%(objectname)%00%(upstream:track)%00%(upstream:remotename)%00%(upstream:remoteref) refs/heads/b1 refs/remotes/b1 [45ms]
2025-06-04 16:20:14.965 [info] > git config --get --local branch.b1.vscode-merge-base [29ms]
2025-06-04 16:20:15.035 [info] > git for-each-ref --format=%(refname)%00%(upstream:short)%00%(objectname)%00%(upstream:track)%00%(upstream:remotename)%00%(upstream:remoteref) refs/heads/origin/main refs/remotes/origin/main [61ms]
2025-06-04 16:20:15.037 [info] > git config --get commit.template [90ms]
2025-06-04 16:20:15.476 [info] > git check-ignore -v -z --stdin [103ms]
2025-06-04 16:20:15.477 [info] > git for-each-ref --format=%(refname)%00%(upstream:short)%00%(objectname)%00%(upstream:track)%00%(upstream:remotename)%00%(upstream:remoteref) refs/heads/b1 refs/remotes/b1 [200ms]
2025-06-04 16:20:15.535 [info] > git status -z -uall [50ms]
2025-06-04 16:20:15.535 [info] > git show --textconv :JavaCalc.java [16ms]
2025-06-04 16:20:15.536 [info] > git for-each-ref --sort -committerdate --format %(refname)%00%(objectname)%00%(*objectname) [41ms]
2025-06-04 16:20:15.551 [info] > git ls-files --stage -- JavaCalc.java [21ms]
2025-06-04 16:20:15.606 [info] > git cat-file -s 2c438503483ec75d6aa9e6bfab87f003d0c846e6 [42ms]
2025-06-04 16:20:15.798 [info] > git blame --root --incremental cd6f0d2b3d408e21f6ca20aeff2e5dddcb1f2b3e -- JavaCalc.java [12ms]
2025-06-04 16:20:35.810 [info] > git config --get commit.template [1ms]
2025-06-04 16:20:35.823 [info] > git for-each-ref --format=%(refname)%00%(upstream:short)%00%(objectname)%00%(upstream:track)%00%(upstream:remotename)%00%(upstream:remoteref) refs/heads/b1 refs/remotes/b1 [3ms]
2025-06-04 16:20:35.840 [info] > git status -z -uall [9ms]
2025-06-04 16:20:35.841 [info] > git for-each-ref --sort -committerdate --format %(refname)%00%(objectname)%00%(*objectname) [2ms]
