2025-06-04 20:13:56.197 [info] Revived process, old id f0977eb9793bdba8cbd14f99ae931749-2 -> new id 1
2025-06-04 20:13:56.246 [info] Expanding terminal instance, old id f0977eb9793bdba8cbd14f99ae931749-2 -> new id 1
2025-06-04 20:13:56.738 [warning] Persistent process "1": Process had no disconnect runners but was an orphan
2025-06-04 20:13:56.738 [info] Persistent process reconnection "1"
2025-06-04 20:13:56.794 [info] Persistent process "1": Replaying 7235 chars and 1 size events
2025-06-04 20:14:06.466 [info] Revived process, old id dd918b45ff2846cfdfc8919a1dd5fea0-1 -> new id 2
2025-06-04 20:14:06.762 [info] Expanding terminal instance, old id dd918b45ff2846cfdfc8919a1dd5fea0-1 -> new id 2
2025-06-04 20:14:07.621 [warning] Persistent process "2": Process had no disconnect runners but was an orphan
2025-06-04 20:14:07.622 [info] Persistent process reconnection "2"
2025-06-04 20:14:07.668 [info] Persistent process "2": Replaying 1948 chars and 1 size events
2025-06-04 20:56:29.305 [info] Revived process, old id dd918b45ff2846cfdfc8919a1dd5fea0-2 -> new id 4
2025-06-04 20:56:29.372 [info] Expanding terminal instance, old id dd918b45ff2846cfdfc8919a1dd5fea0-2 -> new id 4
2025-06-04 20:56:29.832 [warning] Persistent process "4": Process had no disconnect runners but was an orphan
2025-06-04 20:56:29.832 [info] Persistent process reconnection "4"
2025-06-04 20:56:29.853 [info] Persistent process "4": Replaying 2488 chars and 1 size events
2025-06-04 21:04:02.936 [info] Revived process, old id f0977eb9793bdba8cbd14f99ae931749-1 -> new id 5
2025-06-04 21:04:03.034 [info] Expanding terminal instance, old id f0977eb9793bdba8cbd14f99ae931749-1 -> new id 5
2025-06-04 21:04:03.472 [warning] Persistent process "5": Process had no disconnect runners but was an orphan
2025-06-04 21:04:03.472 [info] Persistent process reconnection "5"
2025-06-04 21:04:03.503 [info] Persistent process "5": Replaying 7101 chars and 1 size events
