Jun 04, 2025 5:15:06 PM org.apache.aries.spifly.BaseActivator log
INFO: Registered provider ch.qos.logback.classic.spi.LogbackServiceProvider of service org.slf4j.spi.SLF4JServiceProvider in bundle ch.qos.logback.classic
Jun 04, 2025 5:15:23 PM org.eclipse.lsp4j.jsonrpc.RemoteEndpoint handleCancellation
WARNING: Unmatched cancel notification for request id 24
Jun 04, 2025 5:15:34 PM org.eclipse.lsp4j.jsonrpc.RemoteEndpoint handleCancellation
WARNING: Unmatched cancel notification for request id 137
Jun 04, 2025 5:15:40 PM com.microsoft.java.debug.plugin.internal.JavaDebuggerServerPlugin start
INFO: Starting com.microsoft.java.debug.plugin
Jun 04, 2025 5:15:57 PM org.eclipse.lsp4j.jsonrpc.RemoteEndpoint handleCancellation
WARNING: Unmatched cancel notification for request id 316
Jun 04, 2025 5:18:00 PM org.eclipse.lsp4j.jsonrpc.RemoteEndpoint handleCancellation
WARNING: Unmatched cancel notification for request id 824
Jun 04, 2025 5:22:01 PM org.eclipse.lsp4j.jsonrpc.RemoteEndpoint handleCancellation
WARNING: Unmatched cancel notification for request id 2053
Jun 04, 2025 5:43:29 PM org.eclipse.lsp4j.jsonrpc.RemoteEndpoint handleCancellation
WARNING: Unmatched cancel notification for request id 4998
Jun 04, 2025 5:43:35 PM org.eclipse.lsp4j.jsonrpc.RemoteEndpoint handleCancellation
WARNING: Unmatched cancel notification for request id 5069
Jun 04, 2025 6:55:48 PM org.eclipse.lsp4j.jsonrpc.RemoteEndpoint notify
WARNING: Failed to send notification message.
org.eclipse.lsp4j.jsonrpc.JsonRpcException: java.io.IOException: Broken pipe
	at org.eclipse.lsp4j.jsonrpc.json.StreamMessageConsumer.consume(StreamMessageConsumer.java:72)
	at org.eclipse.jdt.ls.core.internal.ParentProcessWatcher.lambda$1(ParentProcessWatcher.java:144)
	at org.eclipse.lsp4j.jsonrpc.RemoteEndpoint.notify(RemoteEndpoint.java:135)
	at org.eclipse.lsp4j.jsonrpc.services.EndpointProxy.invoke(EndpointProxy.java:88)
	at jdk.proxy5/jdk.proxy5.$Proxy23.notifyProgress(Unknown Source)
	at org.eclipse.jdt.ls.core.internal.handlers.ProgressReporterManager$ProgressReporter.sendStatus(ProgressReporterManager.java:269)
	at org.eclipse.jdt.ls.core.internal.handlers.ProgressReporterManager$ProgressReporter.sendProgress(ProgressReporterManager.java:239)
	at org.eclipse.jdt.ls.core.internal.handlers.ProgressReporterManager$ProgressReporter.beginTask(ProgressReporterManager.java:200)
	at org.eclipse.core.runtime.SubMonitor.convert(SubMonitor.java:556)
	at org.eclipse.core.runtime.SubMonitor.convert(SubMonitor.java:512)
	at org.eclipse.core.internal.events.AutoBuildJob.run(AutoBuildJob.java:290)
	at org.eclipse.core.internal.jobs.Worker.run(Worker.java:63)
Caused by: java.io.IOException: Broken pipe
	at java.base/sun.nio.ch.SocketDispatcher.write0(Native Method)
	at java.base/sun.nio.ch.SocketDispatcher.write(Unknown Source)
	at java.base/sun.nio.ch.IOUtil.writeFromNativeBuffer(Unknown Source)
	at java.base/sun.nio.ch.IOUtil.write(Unknown Source)
	at java.base/sun.nio.ch.IOUtil.write(Unknown Source)
	at java.base/sun.nio.ch.SocketChannelImpl.write(Unknown Source)
	at org.eclipse.jdt.ls.core.internal.ConnectionStreamFactory$NamedPipeOutputStream.write(ConnectionStreamFactory.java:238)
	at org.eclipse.lsp4j.jsonrpc.json.StreamMessageConsumer.consume(StreamMessageConsumer.java:67)
	... 11 more

Jun 04, 2025 6:55:48 PM org.eclipse.lsp4j.jsonrpc.RemoteEndpoint notify
WARNING: Failed to send notification message.
org.eclipse.lsp4j.jsonrpc.JsonRpcException: java.io.IOException: Broken pipe
	at org.eclipse.lsp4j.jsonrpc.json.StreamMessageConsumer.consume(StreamMessageConsumer.java:72)
	at org.eclipse.jdt.ls.core.internal.ParentProcessWatcher.lambda$1(ParentProcessWatcher.java:144)
	at org.eclipse.lsp4j.jsonrpc.RemoteEndpoint.notify(RemoteEndpoint.java:135)
	at org.eclipse.lsp4j.jsonrpc.services.EndpointProxy.invoke(EndpointProxy.java:88)
	at jdk.proxy5/jdk.proxy5.$Proxy23.notifyProgress(Unknown Source)
	at org.eclipse.jdt.ls.core.internal.handlers.ProgressReporterManager$ProgressReporter.sendStatus(ProgressReporterManager.java:290)
	at org.eclipse.jdt.ls.core.internal.handlers.ProgressReporterManager$ProgressReporter.sendProgress(ProgressReporterManager.java:239)
	at org.eclipse.jdt.ls.core.internal.handlers.ProgressReporterManager$ProgressReporter.beginTask(ProgressReporterManager.java:200)
	at org.eclipse.core.runtime.SubMonitor.convert(SubMonitor.java:556)
	at org.eclipse.core.runtime.SubMonitor.convert(SubMonitor.java:512)
	at org.eclipse.core.internal.events.AutoBuildJob.run(AutoBuildJob.java:290)
	at org.eclipse.core.internal.jobs.Worker.run(Worker.java:63)
Caused by: java.io.IOException: Broken pipe
	at java.base/sun.nio.ch.SocketDispatcher.write0(Native Method)
	at java.base/sun.nio.ch.SocketDispatcher.write(Unknown Source)
	at java.base/sun.nio.ch.IOUtil.writeFromNativeBuffer(Unknown Source)
	at java.base/sun.nio.ch.IOUtil.write(Unknown Source)
	at java.base/sun.nio.ch.IOUtil.write(Unknown Source)
	at java.base/sun.nio.ch.SocketChannelImpl.write(Unknown Source)
	at org.eclipse.jdt.ls.core.internal.ConnectionStreamFactory$NamedPipeOutputStream.write(ConnectionStreamFactory.java:238)
	at org.eclipse.lsp4j.jsonrpc.json.StreamMessageConsumer.consume(StreamMessageConsumer.java:67)
	... 11 more

Jun 04, 2025 6:55:48 PM org.eclipse.lsp4j.jsonrpc.RemoteEndpoint notify
WARNING: Failed to send notification message.
org.eclipse.lsp4j.jsonrpc.JsonRpcException: java.io.IOException: Broken pipe
	at org.eclipse.lsp4j.jsonrpc.json.StreamMessageConsumer.consume(StreamMessageConsumer.java:72)
	at org.eclipse.jdt.ls.core.internal.ParentProcessWatcher.lambda$1(ParentProcessWatcher.java:144)
	at org.eclipse.lsp4j.jsonrpc.RemoteEndpoint.notify(RemoteEndpoint.java:135)
	at org.eclipse.lsp4j.jsonrpc.services.EndpointProxy.invoke(EndpointProxy.java:88)
	at jdk.proxy5/jdk.proxy5.$Proxy23.notifyProgress(Unknown Source)
	at org.eclipse.jdt.ls.core.internal.handlers.ProgressReporterManager$ProgressReporter.sendStatus(ProgressReporterManager.java:290)
	at org.eclipse.jdt.ls.core.internal.handlers.ProgressReporterManager$ProgressReporter.sendProgress(ProgressReporterManager.java:239)
	at org.eclipse.jdt.ls.core.internal.handlers.ProgressReporterManager$ProgressReporter.done(ProgressReporterManager.java:222)
	at org.eclipse.core.internal.jobs.Worker.run(Worker.java:74)
Caused by: java.io.IOException: Broken pipe
	at java.base/sun.nio.ch.SocketDispatcher.write0(Native Method)
	at java.base/sun.nio.ch.SocketDispatcher.write(Unknown Source)
	at java.base/sun.nio.ch.IOUtil.writeFromNativeBuffer(Unknown Source)
	at java.base/sun.nio.ch.IOUtil.write(Unknown Source)
	at java.base/sun.nio.ch.IOUtil.write(Unknown Source)
	at java.base/sun.nio.ch.SocketChannelImpl.write(Unknown Source)
	at org.eclipse.jdt.ls.core.internal.ConnectionStreamFactory$NamedPipeOutputStream.write(ConnectionStreamFactory.java:238)
	at org.eclipse.lsp4j.jsonrpc.json.StreamMessageConsumer.consume(StreamMessageConsumer.java:67)
	... 8 more

