2025-06-22 16:27:41.247 [info] Reading sessions from keychain...
2025-06-22 16:27:41.247 [info] Getting sessions for all scopes...
2025-06-22 16:27:41.247 [info] Getting sessions for all scopes...
2025-06-22 16:27:41.247 [info] Getting sessions for all scopes...
2025-06-22 16:27:41.247 [info] Getting sessions for all scopes...
2025-06-22 16:27:41.247 [info] Getting sessions for all scopes...
2025-06-22 16:27:41.247 [info] Getting sessions for all scopes...
2025-06-22 16:27:41.247 [info] Getting sessions for all scopes...
2025-06-22 16:27:41.361 [info] Got stored sessions!
2025-06-22 16:27:41.361 [info] Got 1 verified sessions.
2025-06-22 16:27:41.361 [info] Got 1 sessions for ...
2025-06-22 16:27:41.361 [info] Got 1 sessions for ...
2025-06-22 16:27:41.361 [info] Got 1 sessions for ...
2025-06-22 16:27:41.361 [info] Got 1 sessions for ...
2025-06-22 16:27:41.361 [info] Got 1 sessions for ...
2025-06-22 16:27:41.361 [info] Got 1 sessions for ...
2025-06-22 16:27:41.361 [info] Got 1 sessions for ...
2025-06-22 16:27:41.474 [info] Getting sessions for all scopes...
2025-06-22 16:27:41.474 [info] Got 1 sessions for ...
2025-06-22 16:27:41.474 [info] Getting sessions for all scopes...
2025-06-22 16:27:41.474 [info] Got 1 sessions for ...
2025-06-22 16:27:41.474 [info] Getting sessions for all scopes...
2025-06-22 16:27:41.474 [info] Got 1 sessions for ...
2025-06-22 16:27:41.475 [info] Getting sessions for all scopes...
2025-06-22 16:27:41.475 [info] Got 1 sessions for ...
2025-06-22 16:27:41.475 [info] Getting sessions for all scopes...
2025-06-22 16:27:41.475 [info] Got 1 sessions for ...
2025-06-22 16:27:41.475 [info] Getting sessions for all scopes...
2025-06-22 16:27:41.475 [info] Got 1 sessions for ...
2025-06-22 16:27:41.847 [info] Getting sessions for all scopes...
2025-06-22 16:27:41.847 [info] Got 1 sessions for ...
2025-06-22 16:27:42.632 [info] Getting sessions for all scopes...
2025-06-22 16:27:42.632 [info] Got 1 sessions for ...
2025-06-22 16:27:43.036 [info] Getting sessions for all scopes...
2025-06-22 16:27:43.036 [info] Got 1 sessions for ...
2025-06-22 16:27:43.038 [info] Getting sessions for read:user,repo,user:email,workflow...
2025-06-22 16:27:43.038 [info] Got 1 sessions for read:user,repo,user:email,workflow...
2025-06-22 23:07:10.868 [info] Getting sessions for read:user,repo,user:email,workflow...
2025-06-22 23:07:10.869 [info] Got 1 sessions for read:user,repo,user:email,workflow...
