2025-06-09 14:18:16.564 [info] Reading sessions from keychain...
2025-06-09 14:18:16.564 [info] Getting sessions for all scopes...
2025-06-09 14:18:16.564 [info] Getting sessions for all scopes...
2025-06-09 14:18:16.564 [info] Getting sessions for all scopes...
2025-06-09 14:18:16.564 [info] Getting sessions for all scopes...
2025-06-09 14:18:16.564 [info] Getting sessions for all scopes...
2025-06-09 14:18:16.564 [info] Getting sessions for all scopes...
2025-06-09 14:18:16.564 [info] Getting sessions for all scopes...
2025-06-09 14:18:16.721 [info] Got stored sessions!
2025-06-09 14:18:16.721 [info] Got 1 verified sessions.
2025-06-09 14:18:16.721 [info] Got 1 sessions for ...
2025-06-09 14:18:16.721 [info] Got 1 sessions for ...
2025-06-09 14:18:16.721 [info] Got 1 sessions for ...
2025-06-09 14:18:16.721 [info] Got 1 sessions for ...
2025-06-09 14:18:16.721 [info] Got 1 sessions for ...
2025-06-09 14:18:16.721 [info] Got 1 sessions for ...
2025-06-09 14:18:16.721 [info] Got 1 sessions for ...
2025-06-09 14:18:16.813 [info] Getting sessions for all scopes...
2025-06-09 14:18:16.813 [info] Got 1 sessions for ...
2025-06-09 14:18:16.813 [info] Getting sessions for all scopes...
2025-06-09 14:18:16.813 [info] Got 1 sessions for ...
2025-06-09 14:18:16.813 [info] Getting sessions for all scopes...
2025-06-09 14:18:16.813 [info] Got 1 sessions for ...
2025-06-09 14:18:16.813 [info] Getting sessions for all scopes...
2025-06-09 14:18:16.813 [info] Got 1 sessions for ...
2025-06-09 14:18:16.814 [info] Getting sessions for all scopes...
2025-06-09 14:18:16.814 [info] Got 1 sessions for ...
2025-06-09 14:18:16.814 [info] Getting sessions for all scopes...
2025-06-09 14:18:16.814 [info] Got 1 sessions for ...
2025-06-09 14:18:16.947 [info] Getting sessions for all scopes...
2025-06-09 14:18:16.947 [info] Got 1 sessions for ...
2025-06-09 14:18:17.183 [info] Getting sessions for all scopes...
2025-06-09 14:18:17.183 [info] Got 1 sessions for ...
2025-06-09 14:18:17.793 [info] Getting sessions for read:user,repo,user:email,workflow...
2025-06-09 14:18:17.793 [info] Got 1 sessions for read:user,repo,user:email,workflow...
2025-06-09 14:18:18.003 [info] Getting sessions for all scopes...
2025-06-09 14:18:18.003 [info] Got 1 sessions for ...
2025-06-09 14:18:18.779 [info] Getting sessions for read:user,repo,user:email,workflow...
2025-06-09 14:18:18.779 [info] Got 1 sessions for read:user,repo,user:email,workflow...
2025-06-09 19:59:57.606 [info] Getting sessions for read:user,repo,user:email,workflow...
2025-06-09 19:59:57.606 [info] Got 1 sessions for read:user,repo,user:email,workflow...
2025-06-09 19:59:58.523 [info] Getting sessions for read:user,repo,user:email,workflow...
2025-06-09 19:59:58.524 [info] Got 1 sessions for read:user,repo,user:email,workflow...
